2020.05.25 10:23:24 [INFO] provingground.learning.PostBuffer.$anon.post:244:22 - Post; tag: TypeTag[provingground.learning.LocalProver], id: (1,-1349507052), content:
LocalProver(TermState([eqM : 0.2857142857142857, mul : 0.2857142857142857, e_l : 0.047619047619047616, e_r : 0.047619047619047616, mul : 0.047619047619047616, eqM : 0.047619047619047616, axiom_{eqM(a)(a)} : 0.047619047619047616, axiom_{(eqM(a)(b) \to eqM(b)(a))} : 0.047619047619047616, axiom_{(eqM(a)(b) \to (eqM(b)(c) \to eqM(a)(c)))} : 0.047619047619047616, axiom_{eqM(mul(e_l)(a))(a)} : 0.047619047619047616, axiom_{eqM(mul(a)(e_r))(a)} : 0.047619047619047616],[(M) â†’ ((M) â†’ (ð’° _0)) : 0.2857142857142857, (M) â†’ ((M) â†’ (M)) : 0.2857142857142857, M : 0.047619047619047616, M : 0.047619047619047616, (M) â†’ ((M) â†’ (M)) : 0.047619047619047616, (M) â†’ ((M) â†’ (ð’° _0)) : 0.047619047619047616, (`a : M ) ~> (((eqM) (`a)) (`a)) : 0.047619047619047616, (`a : M ) ~> ((`b : M ) ~> ((((eqM) (`a)) (`b)) â†’ (((eqM) (`b)) (`a)))) : 0.047619047619047616, (`a : M ) ~> ((`b : M ) ~> ((`c : M ) ~> ((((eqM) (`a)) (`b)) â†’ ((((eqM) (`b)) (`c)) â†’ (((eqM) (`a)) (`c)))))) : 0.047619047619047616, (`a : M ) ~> (((eqM) (((mul) (e_l)) (`a))) (`a)) : 0.047619047619047616, (`a : M ) ~> (((eqM) (((mul) (`a)) (e_r))) (`a)) : 0.047619047619047616],Vector(),[],[((eqM) (e_l)) (e_r) : 1.0],Empty),TermGenParams(0.1,0.1,0.0,0.0,0.0,0.0,0.0,0.0,0.0,0.0,0.0,0.0,0.0,0.3,0.7,0.5,0.0,0.0,0.0,<function1>),1.0E-4,None,12 minutes,1.01,1.0,10000,10,1.0,1.0,None,false,false,0.5,1.0)
2020.05.25 10:23:24 [INFO] provingground.learning.HoTTBot.scribeLog:691:16 - Post; tag: TypeTag[provingground.learning.LocalProver], id: (1,-1349507052)
2020.05.25 10:23:28 [INFO] provingground.learning.PostBuffer.$anon.post:244:22 - Post; tag: TypeTag[provingground.learning.HoTTMessages.Lemmas], id: (2,1419581202), content:
Lemmas(Vector((((eqM) (e_r)) (e_r),None,0.0027509184472828325), (((eqM) (e_l)) (e_l),None,0.0027509184472828325), (((eqM) (e_l)) (((mul) (e_l)) (e_r)),None,0.0012526844961492322), (((eqM) (e_l)) (((mul) (e_l)) (e_l)),None,0.0012526844961492322), (((eqM) (e_r)) (((mul) (e_l)) (e_r)),None,0.0012526844961492322), (((eqM) (e_r)) (((mul) (e_r)) (e_r)),None,0.0012526844961492322)))
2020.05.25 10:23:28 [INFO] provingground.learning.HoTTBot.scribeLog:691:16 - Post; tag: TypeTag[provingground.learning.HoTTMessages.Lemmas], id: (2,1419581202)
2020.05.25 10:23:28 [INFO] provingground.learning.PostBuffer.$anon.post:244:22 - Post; tag: TypeTag[provingground.learning.HoTTMessages.Weight], id: (3,-397054148), content:
Weight(0.26167884451748746)
2020.05.25 10:23:28 [INFO] provingground.learning.PostBuffer.$anon.post:244:22 - Post; tag: TypeTag[provingground.learning.HoTTMessages.Weight], id: (8,-1403795547), content:
Weight(0.1191605777412563)
2020.05.25 10:23:28 [INFO] provingground.learning.PostBuffer.$anon.post:244:22 - Post; tag: TypeTag[provingground.learning.HoTTMessages.UseLemma], id: (9,-897240716), content:
UseLemma(((eqM) (e_r)) (e_r),None)
2020.05.25 10:23:28 [INFO] provingground.learning.PostBuffer.$anon.post:244:22 - Post; tag: TypeTag[provingground.learning.HoTTMessages.Weight], id: (7,-1403795547), content:
Weight(0.1191605777412563)
2020.05.25 10:23:28 [INFO] provingground.learning.PostBuffer.$anon.post:244:22 - Post; tag: TypeTag[provingground.learning.HoTTMessages.Weight], id: (6,-1403795547), content:
Weight(0.1191605777412563)
2020.05.25 10:23:28 [INFO] provingground.learning.PostBuffer.$anon.post:244:22 - Post; tag: TypeTag[provingground.learning.HoTTMessages.Weight], id: (4,-397054148), content:
Weight(0.26167884451748746)
2020.05.25 10:23:28 [INFO] provingground.learning.PostBuffer.$anon.post:244:22 - Post; tag: TypeTag[provingground.learning.HoTTMessages.Weight], id: (5,-1403795547), content:
Weight(0.1191605777412563)
2020.05.25 10:23:28 [INFO] provingground.learning.PostBuffer.$anon.post:244:22 - Post; tag: TypeTag[provingground.learning.HoTTMessages.UseLemma], id: (13,-1470620296), content:
UseLemma(((eqM) (e_l)) (e_l),None)
2020.05.25 10:23:28 [INFO] provingground.learning.PostBuffer.$anon.post:244:22 - Post; tag: TypeTag[provingground.learning.HoTTMessages.UseLemma], id: (14,774457819), content:
UseLemma(((eqM) (e_l)) (((mul) (e_l)) (e_r)),None)
2020.05.25 10:23:28 [INFO] provingground.learning.PostBuffer.$anon.post:244:22 - Post; tag: TypeTag[provingground.learning.HoTTMessages.UseLemma], id: (12,1349890185), content:
UseLemma(((eqM) (e_l)) (((mul) (e_l)) (e_l)),None)
2020.05.25 10:23:28 [INFO] provingground.learning.PostBuffer.$anon.post:244:22 - Post; tag: TypeTag[provingground.learning.HoTTMessages.UseLemma], id: (11,-1419946672), content:
UseLemma(((eqM) (e_r)) (((mul) (e_l)) (e_r)),None)
2020.05.25 10:23:28 [INFO] provingground.learning.PostBuffer.$anon.post:244:22 - Post; tag: TypeTag[provingground.learning.HoTTMessages.UseLemma], id: (10,1179944372), content:
UseLemma(((eqM) (e_r)) (((mul) (e_r)) (e_r)),None)
2020.05.25 10:23:28 [INFO] provingground.learning.HoTTBot.scribeLog:691:16 - Post; tag: TypeTag[provingground.learning.HoTTMessages.UseLemma], id: (9,-897240716)
2020.05.25 10:23:28 [INFO] provingground.learning.HoTTBot.scribeLog:691:16 - Post; tag: TypeTag[provingground.learning.HoTTMessages.UseLemma], id: (13,-1470620296)
2020.05.25 10:23:28 [INFO] provingground.learning.HoTTBot.scribeLog:691:16 - Post; tag: TypeTag[provingground.learning.HoTTMessages.UseLemma], id: (14,774457819)
2020.05.25 10:23:28 [INFO] provingground.learning.HoTTBot.scribeLog:691:16 - Post; tag: TypeTag[provingground.learning.HoTTMessages.UseLemma], id: (12,1349890185)
2020.05.25 10:23:28 [INFO] provingground.learning.HoTTBot.scribeLog:691:16 - Post; tag: TypeTag[provingground.learning.HoTTMessages.UseLemma], id: (11,-1419946672)
2020.05.25 10:23:28 [INFO] provingground.learning.HoTTBot.scribeLog:691:16 - Post; tag: TypeTag[provingground.learning.HoTTMessages.UseLemma], id: (10,1179944372)
2020.05.25 10:23:29 [INFO] provingground.learning.ErasablePostBuffer.$anon.post:85:22 - Post; tag: TypeTag[provingground.learning.LocalTangentProver], id: (15,-2097001952)
2020.05.25 10:23:28 [INFO] provingground.learning.ErasablePostBuffer.$anon.post:85:22 - Post; tag: TypeTag[provingground.learning.LocalTangentProver], id: (16,1481277112)
2020.05.25 10:23:28 [INFO] provingground.learning.HoTTBot.scribeLog:691:16 - Post; tag: TypeTag[provingground.learning.LocalTangentProver], id: (15,-2097001952)
2020.05.25 10:23:29 [INFO] provingground.learning.HoTTBot.scribeLog:691:16 - Post; tag: TypeTag[provingground.learning.LocalTangentProver], id: (16,1481277112)
2020.05.25 10:23:28 [INFO] provingground.learning.ErasablePostBuffer.$anon.post:85:22 - Post; tag: TypeTag[provingground.learning.LocalTangentProver], id: (17,1299211175)
2020.05.25 10:23:29 [INFO] provingground.learning.HoTTBot.scribeLog:691:16 - Post; tag: TypeTag[provingground.learning.LocalTangentProver], id: (17,1299211175)
2020.05.25 10:23:28 [INFO] provingground.learning.ErasablePostBuffer.$anon.post:85:22 - Post; tag: TypeTag[provingground.learning.LocalTangentProver], id: (18,1615518517)
2020.05.25 10:23:28 [INFO] provingground.learning.HoTTBot.scribeLog:691:16 - Post; tag: TypeTag[provingground.learning.LocalTangentProver], id: (18,1615518517)
2020.05.25 10:23:30 [INFO] provingground.learning.ErasablePostBuffer.$anon.post:85:22 - Post; tag: TypeTag[provingground.learning.LocalTangentProver], id: (19,1838221781)
2020.05.25 10:23:30 [INFO] provingground.learning.HoTTBot.scribeLog:691:16 - Post; tag: TypeTag[provingground.learning.LocalTangentProver], id: (19,1838221781)
2020.05.25 10:23:30 [INFO] provingground.learning.ErasablePostBuffer.$anon.post:85:22 - Post; tag: TypeTag[provingground.learning.LocalTangentProver], id: (20,61122141)
2020.05.25 10:23:30 [INFO] provingground.learning.HoTTBot.scribeLog:691:16 - Post; tag: TypeTag[provingground.learning.LocalTangentProver], id: (20,61122141)
2020.05.25 10:23:30 [INFO] provingground.learning.ErasablePostBuffer.$anon.post:85:22 - Post; tag: TypeTag[provingground.learning.TermData.TermResult], id: (21,-293827785)
2020.05.25 10:23:30 [INFO] provingground.learning.HoTTBot.scribeLog:691:16 - Post; tag: TypeTag[provingground.learning.TermData.TermResult], id: (21,-293827785)
2020.05.25 10:23:30 [INFO] provingground.learning.ErasablePostBuffer.$anon.post:85:22 - Post; tag: TypeTag[provingground.learning.HoTTMessages.FinalState], id: (22,-1739022371)
2020.05.25 10:23:30 [INFO] provingground.learning.HoTTBot.scribeLog:691:16 - Post; tag: TypeTag[provingground.learning.HoTTMessages.FinalState], id: (22,-1739022371)
2020.05.25 10:23:30 [INFO] provingground.learning.ErasablePostBuffer.$anon.post:85:22 - Post; tag: TypeTag[provingground.learning.TermData.TermResult], id: (23,388473380)
2020.05.25 10:23:30 [INFO] provingground.learning.HoTTBot.scribeLog:691:16 - Post; tag: TypeTag[provingground.learning.TermData.TermResult], id: (23,388473380)
2020.05.25 10:23:30 [INFO] provingground.learning.ErasablePostBuffer.$anon.post:85:22 - Post; tag: TypeTag[provingground.learning.HoTTMessages.FinalState], id: (24,1105488446)
2020.05.25 10:23:30 [INFO] provingground.learning.ErasablePostBuffer.$anon.post:85:22 - Post; tag: TypeTag[provingground.learning.TermData.TermResult], id: (25,1560009545)
2020.05.25 10:23:30 [INFO] provingground.learning.HoTTBot.scribeLog:691:16 - Post; tag: TypeTag[provingground.learning.HoTTMessages.FinalState], id: (24,1105488446)
2020.05.25 10:23:30 [INFO] provingground.learning.HoTTBot.$anonfun:76:22 - Success: Vector((((eqM) (e_l)) (e_r),1.0,[(((((axiom_{(eqM(a)(b) \to (eqM(b)(c) \to eqM(a)(c)))}) (e_l)) (((mul) (e_l)) (e_r))) (e_r)) (lemma:((eqM) (e_l)) (((mul) (e_l)) (e_r)))) ((axiom_{eqM(mul(e_l)(a))(a)}) (e_r)) : 0.001024170092306373]))
2020.05.25 10:23:30 [INFO] provingground.learning.HoTTBot.scribeLog:691:16 - Post; tag: TypeTag[provingground.learning.TermData.TermResult], id: (25,1560009545)
2020.05.25 10:23:30 [INFO] provingground.learning.ErasablePostBuffer.$anon.post:85:22 - Post; tag: TypeTag[provingground.learning.HoTTMessages.FinalState], id: (26,-1452315895)
2020.05.25 10:23:30 [INFO] provingground.learning.HoTTBot.scribeLog:691:16 - Post; tag: TypeTag[provingground.learning.HoTTMessages.FinalState], id: (26,-1452315895)
2020.05.25 10:23:30 [INFO] provingground.learning.ErasablePostBuffer.$anon.post:85:22 - Post; tag: TypeTag[provingground.learning.TermData.TermResult], id: (27,-1331912611)
2020.05.25 10:23:30 [INFO] provingground.learning.HoTTBot.scribeLog:691:16 - Post; tag: TypeTag[provingground.learning.TermData.TermResult], id: (27,-1331912611)
2020.05.25 10:23:30 [INFO] provingground.learning.ErasablePostBuffer.$anon.post:85:22 - Post; tag: TypeTag[provingground.learning.HoTTMessages.FinalState], id: (28,-625764359)
2020.05.25 10:23:30 [INFO] provingground.learning.HoTTBot.scribeLog:691:16 - Post; tag: TypeTag[provingground.learning.HoTTMessages.FinalState], id: (28,-625764359)
2020.05.25 10:23:32 [INFO] provingground.learning.ErasablePostBuffer.$anon.post:85:22 - Post; tag: TypeTag[provingground.learning.TermData.TermResult], id: (29,-174381781)
2020.05.25 10:23:32 [INFO] provingground.learning.HoTTBot.scribeLog:691:16 - Post; tag: TypeTag[provingground.learning.TermData.TermResult], id: (29,-174381781)
2020.05.25 10:23:32 [INFO] provingground.learning.ErasablePostBuffer.$anon.post:85:22 - Post; tag: TypeTag[provingground.learning.HoTTMessages.FinalState], id: (30,586935838)
2020.05.25 10:23:32 [INFO] provingground.learning.HoTTBot.scribeLog:691:16 - Post; tag: TypeTag[provingground.learning.HoTTMessages.FinalState], id: (30,586935838)
2020.05.25 10:23:32 [INFO] provingground.learning.ErasablePostBuffer.$anon.post:85:22 - Post; tag: TypeTag[provingground.learning.TermData.TermResult], id: (31,-997289120)
2020.05.25 10:23:32 [INFO] provingground.learning.HoTTBot.scribeLog:691:16 - Post; tag: TypeTag[provingground.learning.TermData.TermResult], id: (31,-997289120)
2020.05.25 10:23:32 [INFO] provingground.learning.ErasablePostBuffer.$anon.post:85:22 - Post; tag: TypeTag[provingground.learning.HoTTMessages.FinalState], id: (32,931037492)
2020.05.25 10:23:32 [INFO] provingground.learning.HoTTBot.scribeLog:691:16 - Post; tag: TypeTag[provingground.learning.HoTTMessages.FinalState], id: (32,931037492)
2020.05.26 08:24:39 [INFO] provingground.learning.PostBuffer.$anon.post:244:22 - Post; tag: TypeTag[provingground.learning.LocalProver], id: (1,-1349507052), content:
LocalProver(TermState([eqM : 0.2857142857142857, mul : 0.2857142857142857, e_l : 0.047619047619047616, e_r : 0.047619047619047616, mul : 0.047619047619047616, eqM : 0.047619047619047616, axiom_{eqM(a)(a)} : 0.047619047619047616, axiom_{(eqM(a)(b) \to eqM(b)(a))} : 0.047619047619047616, axiom_{(eqM(a)(b) \to (eqM(b)(c) \to eqM(a)(c)))} : 0.047619047619047616, axiom_{eqM(mul(e_l)(a))(a)} : 0.047619047619047616, axiom_{eqM(mul(a)(e_r))(a)} : 0.047619047619047616],[(M) â†’ ((M) â†’ (ð’° _0)) : 0.2857142857142857, (M) â†’ ((M) â†’ (M)) : 0.2857142857142857, M : 0.047619047619047616, M : 0.047619047619047616, (M) â†’ ((M) â†’ (M)) : 0.047619047619047616, (M) â†’ ((M) â†’ (ð’° _0)) : 0.047619047619047616, (`a : M ) ~> (((eqM) (`a)) (`a)) : 0.047619047619047616, (`a : M ) ~> ((`b : M ) ~> ((((eqM) (`a)) (`b)) â†’ (((eqM) (`b)) (`a)))) : 0.047619047619047616, (`a : M ) ~> ((`b : M ) ~> ((`c : M ) ~> ((((eqM) (`a)) (`b)) â†’ ((((eqM) (`b)) (`c)) â†’ (((eqM) (`a)) (`c)))))) : 0.047619047619047616, (`a : M ) ~> (((eqM) (((mul) (e_l)) (`a))) (`a)) : 0.047619047619047616, (`a : M ) ~> (((eqM) (((mul) (`a)) (e_r))) (`a)) : 0.047619047619047616],Vector(),[],[((eqM) (e_l)) (e_r) : 1.0],Empty),TermGenParams(0.1,0.1,0.0,0.0,0.0,0.0,0.0,0.0,0.0,0.0,0.0,0.0,0.0,0.3,0.7,0.5,0.0,0.0,0.0,<function1>),1.0E-4,None,12 minutes,1.01,1.0,10000,10,1.0,1.0,None,false,false,0.5,1.0)
2020.05.26 08:24:39 [INFO] provingground.learning.HoTTBot.scribeLog:691:16 - Post; tag: TypeTag[provingground.learning.LocalProver], id: (1,-1349507052)
2020.05.26 08:24:43 [INFO] provingground.learning.PostBuffer.$anon.post:244:22 - Post; tag: TypeTag[provingground.learning.HoTTMessages.Lemmas], id: (2,1419581202), content:
Lemmas(Vector((((eqM) (e_r)) (e_r),None,0.0027509184472828325), (((eqM) (e_l)) (e_l),None,0.0027509184472828325), (((eqM) (e_l)) (((mul) (e_l)) (e_r)),None,0.0012526844961492322), (((eqM) (e_l)) (((mul) (e_l)) (e_l)),None,0.0012526844961492322), (((eqM) (e_r)) (((mul) (e_l)) (e_r)),None,0.0012526844961492322), (((eqM) (e_r)) (((mul) (e_r)) (e_r)),None,0.0012526844961492322)))
2020.05.26 08:24:43 [INFO] provingground.learning.HoTTBot.scribeLog:691:16 - Post; tag: TypeTag[provingground.learning.HoTTMessages.Lemmas], id: (2,1419581202)
2020.05.26 08:24:43 [INFO] provingground.learning.PostBuffer.$anon.post:244:22 - Post; tag: TypeTag[provingground.learning.HoTTMessages.Weight], id: (3,-397054148), content:
Weight(0.26167884451748746)
2020.05.26 08:24:43 [INFO] provingground.learning.PostBuffer.$anon.post:244:22 - Post; tag: TypeTag[provingground.learning.HoTTMessages.Weight], id: (6,-1403795547), content:
Weight(0.1191605777412563)
2020.05.26 08:24:43 [INFO] provingground.learning.PostBuffer.$anon.post:244:22 - Post; tag: TypeTag[provingground.learning.HoTTMessages.UseLemma], id: (9,-897240716), content:
UseLemma(((eqM) (e_r)) (e_r),None)
2020.05.26 08:24:43 [INFO] provingground.learning.PostBuffer.$anon.post:244:22 - Post; tag: TypeTag[provingground.learning.HoTTMessages.Weight], id: (5,-1403795547), content:
Weight(0.1191605777412563)
2020.05.26 08:24:43 [INFO] provingground.learning.PostBuffer.$anon.post:244:22 - Post; tag: TypeTag[provingground.learning.HoTTMessages.Weight], id: (5,-397054148), content:
Weight(0.26167884451748746)
2020.05.26 08:24:43 [INFO] provingground.learning.PostBuffer.$anon.post:244:22 - Post; tag: TypeTag[provingground.learning.HoTTMessages.UseLemma], id: (11,774457819), content:
UseLemma(((eqM) (e_l)) (((mul) (e_l)) (e_r)),None)
2020.05.26 08:24:43 [INFO] provingground.learning.PostBuffer.$anon.post:244:22 - Post; tag: TypeTag[provingground.learning.HoTTMessages.UseLemma], id: (10,1349890185), content:
UseLemma(((eqM) (e_l)) (((mul) (e_l)) (e_l)),None)
2020.05.26 08:24:43 [INFO] provingground.learning.PostBuffer.$anon.post:244:22 - Post; tag: TypeTag[provingground.learning.HoTTMessages.Weight], id: (8,-1403795547), content:
Weight(0.1191605777412563)
2020.05.26 08:24:43 [INFO] provingground.learning.PostBuffer.$anon.post:244:22 - Post; tag: TypeTag[provingground.learning.HoTTMessages.Weight], id: (7,-1403795547), content:
Weight(0.1191605777412563)
2020.05.26 08:24:43 [INFO] provingground.learning.PostBuffer.$anon.post:244:22 - Post; tag: TypeTag[provingground.learning.HoTTMessages.UseLemma], id: (12,-1470620296), content:
UseLemma(((eqM) (e_l)) (e_l),None)
2020.05.26 08:24:43 [INFO] provingground.learning.PostBuffer.$anon.post:244:22 - Post; tag: TypeTag[provingground.learning.HoTTMessages.UseLemma], id: (14,-1419946672), content:
UseLemma(((eqM) (e_r)) (((mul) (e_l)) (e_r)),None)
2020.05.26 08:24:43 [INFO] provingground.learning.PostBuffer.$anon.post:244:22 - Post; tag: TypeTag[provingground.learning.HoTTMessages.UseLemma], id: (13,1179944372), content:
UseLemma(((eqM) (e_r)) (((mul) (e_r)) (e_r)),None)
2020.05.26 08:24:43 [INFO] provingground.learning.HoTTBot.scribeLog:691:16 - Post; tag: TypeTag[provingground.learning.HoTTMessages.UseLemma], id: (9,-897240716)
2020.05.26 08:24:43 [INFO] provingground.learning.HoTTBot.scribeLog:691:16 - Post; tag: TypeTag[provingground.learning.HoTTMessages.UseLemma], id: (12,-1470620296)
2020.05.26 08:24:43 [INFO] provingground.learning.HoTTBot.scribeLog:691:16 - Post; tag: TypeTag[provingground.learning.HoTTMessages.UseLemma], id: (11,774457819)
2020.05.26 08:24:43 [INFO] provingground.learning.HoTTBot.scribeLog:691:16 - Post; tag: TypeTag[provingground.learning.HoTTMessages.UseLemma], id: (10,1349890185)
2020.05.26 08:24:43 [INFO] provingground.learning.HoTTBot.scribeLog:691:16 - Post; tag: TypeTag[provingground.learning.HoTTMessages.UseLemma], id: (14,-1419946672)
2020.05.26 08:24:43 [INFO] provingground.learning.HoTTBot.scribeLog:691:16 - Post; tag: TypeTag[provingground.learning.HoTTMessages.UseLemma], id: (13,1179944372)
2020.05.26 08:24:43 [INFO] provingground.learning.ErasablePostBuffer.$anon.post:85:22 - Post; tag: TypeTag[provingground.learning.LocalTangentProver], id: (15,1481277112)
2020.05.26 08:24:43 [INFO] provingground.learning.HoTTBot.scribeLog:691:16 - Post; tag: TypeTag[provingground.learning.LocalTangentProver], id: (15,1481277112)
2020.05.26 08:24:43 [INFO] provingground.learning.ErasablePostBuffer.$anon.post:85:22 - Post; tag: TypeTag[provingground.learning.LocalTangentProver], id: (16,-2097001952)
2020.05.26 08:24:43 [INFO] provingground.learning.HoTTBot.scribeLog:691:16 - Post; tag: TypeTag[provingground.learning.LocalTangentProver], id: (16,-2097001952)
2020.05.26 08:24:44 [INFO] provingground.learning.ErasablePostBuffer.$anon.post:85:22 - Post; tag: TypeTag[provingground.learning.LocalTangentProver], id: (16,1299211175)
2020.05.26 08:24:44 [INFO] provingground.learning.ErasablePostBuffer.$anon.post:85:22 - Post; tag: TypeTag[provingground.learning.LocalTangentProver], id: (17,1615518517)
2020.05.26 08:24:44 [INFO] provingground.learning.HoTTBot.scribeLog:691:16 - Post; tag: TypeTag[provingground.learning.LocalTangentProver], id: (16,1299211175)
2020.05.26 08:24:43 [INFO] provingground.learning.HoTTBot.scribeLog:691:16 - Post; tag: TypeTag[provingground.learning.LocalTangentProver], id: (17,1615518517)
2020.05.26 08:24:45 [INFO] provingground.learning.ErasablePostBuffer.$anon.post:85:22 - Post; tag: TypeTag[provingground.learning.LocalTangentProver], id: (18,1838221781)
2020.05.26 08:24:45 [INFO] provingground.learning.HoTTBot.scribeLog:691:16 - Post; tag: TypeTag[provingground.learning.LocalTangentProver], id: (18,1838221781)
2020.05.26 08:24:45 [INFO] provingground.learning.ErasablePostBuffer.$anon.post:85:22 - Post; tag: TypeTag[provingground.learning.LocalTangentProver], id: (19,61122141)
2020.05.26 08:24:45 [INFO] provingground.learning.HoTTBot.scribeLog:691:16 - Post; tag: TypeTag[provingground.learning.LocalTangentProver], id: (19,61122141)
2020.05.26 08:24:45 [INFO] provingground.learning.ErasablePostBuffer.$anon.post:85:22 - Post; tag: TypeTag[provingground.learning.TermData.TermResult], id: (20,-1789500150)
2020.05.26 08:24:45 [INFO] provingground.learning.HoTTBot.scribeLog:691:16 - Post; tag: TypeTag[provingground.learning.TermData.TermResult], id: (20,-1789500150)
2020.05.26 08:24:45 [INFO] provingground.learning.ErasablePostBuffer.$anon.post:85:22 - Post; tag: TypeTag[provingground.learning.HoTTMessages.FinalState], id: (21,-1459248196)
2020.05.26 08:24:45 [INFO] provingground.learning.HoTTBot.scribeLog:691:16 - Post; tag: TypeTag[provingground.learning.HoTTMessages.FinalState], id: (21,-1459248196)
2020.05.26 08:24:45 [INFO] provingground.learning.HoTTBot.$anonfun:76:22 - Success: Vector((((eqM) (e_l)) (e_r),1.0,[(((((axiom_{(eqM(a)(b) \to (eqM(b)(c) \to eqM(a)(c)))}) (e_l)) (((mul) (e_l)) (e_r))) (e_r)) (lemma:((eqM) (e_l)) (((mul) (e_l)) (e_r)))) ((axiom_{eqM(mul(e_l)(a))(a)}) (e_r)) : 0.001024170092306373]))
2020.05.26 08:24:45 [INFO] provingground.learning.ErasablePostBuffer.$anon.post:85:22 - Post; tag: TypeTag[provingground.learning.TermData.TermResult], id: (22,360317054)
2020.05.26 08:24:45 [INFO] provingground.learning.HoTTBot.scribeLog:691:16 - Post; tag: TypeTag[provingground.learning.TermData.TermResult], id: (22,360317054)
2020.05.26 08:24:45 [INFO] provingground.learning.ErasablePostBuffer.$anon.post:85:22 - Post; tag: TypeTag[provingground.learning.HoTTMessages.FinalState], id: (23,-9582624)
2020.05.26 08:24:45 [INFO] provingground.learning.HoTTBot.scribeLog:691:16 - Post; tag: TypeTag[provingground.learning.HoTTMessages.FinalState], id: (23,-9582624)
2020.05.26 08:24:45 [INFO] provingground.learning.ErasablePostBuffer.$anon.post:85:22 - Post; tag: TypeTag[provingground.learning.TermData.TermResult], id: (24,-1688431023)
2020.05.26 08:24:45 [INFO] provingground.learning.HoTTBot.scribeLog:691:16 - Post; tag: TypeTag[provingground.learning.TermData.TermResult], id: (24,-1688431023)
2020.05.26 08:24:45 [INFO] provingground.learning.ErasablePostBuffer.$anon.post:85:22 - Post; tag: TypeTag[provingground.learning.HoTTMessages.FinalState], id: (25,2041816313)
2020.05.26 08:24:45 [INFO] provingground.learning.HoTTBot.scribeLog:691:16 - Post; tag: TypeTag[provingground.learning.HoTTMessages.FinalState], id: (25,2041816313)
2020.05.26 08:24:45 [INFO] provingground.learning.ErasablePostBuffer.$anon.post:85:22 - Post; tag: TypeTag[provingground.learning.TermData.TermResult], id: (26,1823192312)
2020.05.26 08:24:45 [INFO] provingground.learning.HoTTBot.scribeLog:691:16 - Post; tag: TypeTag[provingground.learning.TermData.TermResult], id: (26,1823192312)
2020.05.26 08:24:45 [INFO] provingground.learning.ErasablePostBuffer.$anon.post:85:22 - Post; tag: TypeTag[provingground.learning.HoTTMessages.FinalState], id: (27,-1626899762)
2020.05.26 08:24:45 [INFO] provingground.learning.HoTTBot.scribeLog:691:16 - Post; tag: TypeTag[provingground.learning.HoTTMessages.FinalState], id: (27,-1626899762)
2020.05.26 08:24:47 [INFO] provingground.learning.ErasablePostBuffer.$anon.post:85:22 - Post; tag: TypeTag[provingground.learning.TermData.TermResult], id: (28,947173437)
2020.05.26 08:24:47 [INFO] provingground.learning.HoTTBot.scribeLog:691:16 - Post; tag: TypeTag[provingground.learning.TermData.TermResult], id: (28,947173437)
2020.05.26 08:24:47 [INFO] provingground.learning.ErasablePostBuffer.$anon.post:85:22 - Post; tag: TypeTag[provingground.learning.HoTTMessages.FinalState], id: (29,-627280194)
2020.05.26 08:24:47 [INFO] provingground.learning.HoTTBot.scribeLog:691:16 - Post; tag: TypeTag[provingground.learning.HoTTMessages.FinalState], id: (29,-627280194)
2020.05.26 08:24:47 [INFO] provingground.learning.ErasablePostBuffer.$anon.post:85:22 - Post; tag: TypeTag[provingground.learning.TermData.TermResult], id: (30,-403654913)
2020.05.26 08:24:47 [INFO] provingground.learning.HoTTBot.scribeLog:691:16 - Post; tag: TypeTag[provingground.learning.TermData.TermResult], id: (30,-403654913)
2020.05.26 08:24:47 [INFO] provingground.learning.ErasablePostBuffer.$anon.post:85:22 - Post; tag: TypeTag[provingground.learning.HoTTMessages.FinalState], id: (31,-765670040)
2020.05.26 08:24:47 [INFO] provingground.learning.HoTTBot.scribeLog:691:16 - Post; tag: TypeTag[provingground.learning.HoTTMessages.FinalState], id: (31,-765670040)
2020.05.26 08:28:23 [INFO] provingground.learning.PostBuffer.$anon.post:244:22 - Post; tag: TypeTag[provingground.learning.LocalProver], id: (1,-1349507052), content:
LocalProver(TermState([eqM : 0.2857142857142857, mul : 0.2857142857142857, e_l : 0.047619047619047616, e_r : 0.047619047619047616, mul : 0.047619047619047616, eqM : 0.047619047619047616, axiom_{eqM(a)(a)} : 0.047619047619047616, axiom_{(eqM(a)(b) \to eqM(b)(a))} : 0.047619047619047616, axiom_{(eqM(a)(b) \to (eqM(b)(c) \to eqM(a)(c)))} : 0.047619047619047616, axiom_{eqM(mul(e_l)(a))(a)} : 0.047619047619047616, axiom_{eqM(mul(a)(e_r))(a)} : 0.047619047619047616],[(M) â†’ ((M) â†’ (ð’° _0)) : 0.2857142857142857, (M) â†’ ((M) â†’ (M)) : 0.2857142857142857, M : 0.047619047619047616, M : 0.047619047619047616, (M) â†’ ((M) â†’ (M)) : 0.047619047619047616, (M) â†’ ((M) â†’ (ð’° _0)) : 0.047619047619047616, (`a : M ) ~> (((eqM) (`a)) (`a)) : 0.047619047619047616, (`a : M ) ~> ((`b : M ) ~> ((((eqM) (`a)) (`b)) â†’ (((eqM) (`b)) (`a)))) : 0.047619047619047616, (`a : M ) ~> ((`b : M ) ~> ((`c : M ) ~> ((((eqM) (`a)) (`b)) â†’ ((((eqM) (`b)) (`c)) â†’ (((eqM) (`a)) (`c)))))) : 0.047619047619047616, (`a : M ) ~> (((eqM) (((mul) (e_l)) (`a))) (`a)) : 0.047619047619047616, (`a : M ) ~> (((eqM) (((mul) (`a)) (e_r))) (`a)) : 0.047619047619047616],Vector(),[],[((eqM) (e_l)) (e_r) : 1.0],Empty),TermGenParams(0.1,0.1,0.0,0.0,0.0,0.0,0.0,0.0,0.0,0.0,0.0,0.0,0.0,0.3,0.7,0.5,0.0,0.0,0.0,<function1>),1.0E-4,None,12 minutes,1.01,1.0,10000,10,1.0,1.0,None,false,false,0.5,1.0)
2020.05.26 08:28:23 [INFO] provingground.learning.HoTTBot.scribeLog:711:16 - Post; tag: TypeTag[provingground.learning.LocalProver], id: (1,-1349507052)
2020.05.26 08:28:27 [INFO] provingground.learning.PostBuffer.$anon.post:244:22 - Post; tag: TypeTag[provingground.learning.HoTTMessages.Lemmas], id: (2,1419581202), content:
Lemmas(Vector((((eqM) (e_r)) (e_r),None,0.0027509184472828325), (((eqM) (e_l)) (e_l),None,0.0027509184472828325), (((eqM) (e_l)) (((mul) (e_l)) (e_r)),None,0.0012526844961492322), (((eqM) (e_l)) (((mul) (e_l)) (e_l)),None,0.0012526844961492322), (((eqM) (e_r)) (((mul) (e_l)) (e_r)),None,0.0012526844961492322), (((eqM) (e_r)) (((mul) (e_r)) (e_r)),None,0.0012526844961492322)))
2020.05.26 08:28:27 [INFO] provingground.learning.HoTTBot.scribeLog:711:16 - Post; tag: TypeTag[provingground.learning.HoTTMessages.Lemmas], id: (2,1419581202)
2020.05.26 08:28:28 [INFO] provingground.learning.PostBuffer.$anon.post:244:22 - Post; tag: TypeTag[provingground.learning.HoTTMessages.Weight], id: (3,-397054148), content:
Weight(0.26167884451748746)
2020.05.26 08:28:28 [INFO] provingground.learning.PostBuffer.$anon.post:244:22 - Post; tag: TypeTag[provingground.learning.HoTTMessages.Weight], id: (8,-1403795547), content:
Weight(0.1191605777412563)
2020.05.26 08:28:27 [INFO] provingground.learning.PostBuffer.$anon.post:244:22 - Post; tag: TypeTag[provingground.learning.HoTTMessages.Weight], id: (7,-1403795547), content:
Weight(0.1191605777412563)
2020.05.26 08:28:28 [INFO] provingground.learning.PostBuffer.$anon.post:244:22 - Post; tag: TypeTag[provingground.learning.HoTTMessages.Weight], id: (6,-1403795547), content:
Weight(0.1191605777412563)
2020.05.26 08:28:28 [INFO] provingground.learning.PostBuffer.$anon.post:244:22 - Post; tag: TypeTag[provingground.learning.HoTTMessages.Weight], id: (5,-1403795547), content:
Weight(0.1191605777412563)
2020.05.26 08:28:28 [INFO] provingground.learning.PostBuffer.$anon.post:244:22 - Post; tag: TypeTag[provingground.learning.HoTTMessages.Weight], id: (5,-397054148), content:
Weight(0.26167884451748746)
2020.05.26 08:28:28 [INFO] provingground.learning.PostBuffer.$anon.post:244:22 - Post; tag: TypeTag[provingground.learning.HoTTMessages.UseLemma], id: (13,774457819), content:
UseLemma(((eqM) (e_l)) (((mul) (e_l)) (e_r)),None)
2020.05.26 08:28:27 [INFO] provingground.learning.PostBuffer.$anon.post:244:22 - Post; tag: TypeTag[provingground.learning.HoTTMessages.UseLemma], id: (12,1349890185), content:
UseLemma(((eqM) (e_l)) (((mul) (e_l)) (e_l)),None)
2020.05.26 08:28:28 [INFO] provingground.learning.PostBuffer.$anon.post:244:22 - Post; tag: TypeTag[provingground.learning.HoTTMessages.UseLemma], id: (11,-1419946672), content:
UseLemma(((eqM) (e_r)) (((mul) (e_l)) (e_r)),None)
2020.05.26 08:28:28 [INFO] provingground.learning.PostBuffer.$anon.post:244:22 - Post; tag: TypeTag[provingground.learning.HoTTMessages.UseLemma], id: (10,1179944372), content:
UseLemma(((eqM) (e_r)) (((mul) (e_r)) (e_r)),None)
2020.05.26 08:28:28 [INFO] provingground.learning.PostBuffer.$anon.post:244:22 - Post; tag: TypeTag[provingground.learning.HoTTMessages.UseLemma], id: (9,-897240716), content:
UseLemma(((eqM) (e_r)) (e_r),None)
2020.05.26 08:28:28 [INFO] provingground.learning.PostBuffer.$anon.post:244:22 - Post; tag: TypeTag[provingground.learning.HoTTMessages.UseLemma], id: (14,-1470620296), content:
UseLemma(((eqM) (e_l)) (e_l),None)
2020.05.26 08:28:28 [INFO] provingground.learning.HoTTBot.scribeLog:711:16 - Post; tag: TypeTag[provingground.learning.HoTTMessages.UseLemma], id: (9,-897240716)
2020.05.26 08:28:27 [INFO] provingground.learning.HoTTBot.scribeLog:711:16 - Post; tag: TypeTag[provingground.learning.HoTTMessages.UseLemma], id: (14,-1470620296)
2020.05.26 08:28:28 [INFO] provingground.learning.HoTTBot.scribeLog:711:16 - Post; tag: TypeTag[provingground.learning.HoTTMessages.UseLemma], id: (13,774457819)
2020.05.26 08:28:28 [INFO] provingground.learning.HoTTBot.scribeLog:711:16 - Post; tag: TypeTag[provingground.learning.HoTTMessages.UseLemma], id: (12,1349890185)
2020.05.26 08:28:28 [INFO] provingground.learning.HoTTBot.scribeLog:711:16 - Post; tag: TypeTag[provingground.learning.HoTTMessages.UseLemma], id: (11,-1419946672)
2020.05.26 08:28:28 [INFO] provingground.learning.HoTTBot.scribeLog:711:16 - Post; tag: TypeTag[provingground.learning.HoTTMessages.UseLemma], id: (10,1179944372)
2020.05.26 08:28:28 [INFO] provingground.learning.ErasablePostBuffer.$anon.post:85:22 - Post; tag: TypeTag[provingground.learning.LocalTangentProver], id: (15,1481277112)
2020.05.26 08:28:28 [INFO] provingground.learning.ErasablePostBuffer.$anon.post:85:22 - Post; tag: TypeTag[provingground.learning.LocalTangentProver], id: (15,-2097001952)
2020.05.26 08:28:28 [INFO] provingground.learning.ErasablePostBuffer.$anon.post:85:22 - Post; tag: TypeTag[provingground.learning.LocalTangentProver], id: (15,1299211175)
2020.05.26 08:28:28 [INFO] provingground.learning.HoTTBot.scribeLog:711:16 - Post; tag: TypeTag[provingground.learning.LocalTangentProver], id: (15,-2097001952)
2020.05.26 08:28:28 [INFO] provingground.learning.HoTTBot.scribeLog:711:16 - Post; tag: TypeTag[provingground.learning.LocalTangentProver], id: (15,1299211175)
2020.05.26 08:28:28 [INFO] provingground.learning.HoTTBot.scribeLog:711:16 - Post; tag: TypeTag[provingground.learning.LocalTangentProver], id: (15,1481277112)
2020.05.26 08:28:28 [INFO] provingground.learning.ErasablePostBuffer.$anon.post:85:22 - Post; tag: TypeTag[provingground.learning.LocalTangentProver], id: (16,1615518517)
2020.05.26 08:28:28 [INFO] provingground.learning.HoTTBot.scribeLog:711:16 - Post; tag: TypeTag[provingground.learning.LocalTangentProver], id: (16,1615518517)
2020.05.26 08:28:29 [INFO] provingground.learning.ErasablePostBuffer.$anon.post:85:22 - Post; tag: TypeTag[provingground.learning.LocalTangentProver], id: (17,61122141)
2020.05.26 08:28:29 [INFO] provingground.learning.HoTTBot.scribeLog:711:16 - Post; tag: TypeTag[provingground.learning.LocalTangentProver], id: (17,61122141)
2020.05.26 08:28:29 [INFO] provingground.learning.ErasablePostBuffer.$anon.post:85:22 - Post; tag: TypeTag[provingground.learning.LocalTangentProver], id: (18,1838221781)
2020.05.26 08:28:29 [INFO] provingground.learning.HoTTBot.scribeLog:711:16 - Post; tag: TypeTag[provingground.learning.LocalTangentProver], id: (18,1838221781)
2020.05.26 08:28:29 [INFO] provingground.learning.ErasablePostBuffer.$anon.post:85:22 - Post; tag: TypeTag[provingground.learning.TermData.TermResult], id: (19,-827480564)
2020.05.26 08:28:29 [INFO] provingground.learning.ErasablePostBuffer.$anon.post:85:22 - Post; tag: TypeTag[provingground.learning.TermData.TermResult], id: (21,-1788578701)
2020.05.26 08:28:29 [INFO] provingground.learning.ErasablePostBuffer.$anon.post:85:22 - Post; tag: TypeTag[provingground.learning.TermData.TermResult], id: (20,-1838652955)
2020.05.26 08:28:29 [INFO] provingground.learning.HoTTBot.scribeLog:711:16 - Post; tag: TypeTag[provingground.learning.TermData.TermResult], id: (21,-1788578701)
2020.05.26 08:28:29 [INFO] provingground.learning.HoTTBot.scribeLog:711:16 - Post; tag: TypeTag[provingground.learning.TermData.TermResult], id: (19,-827480564)
2020.05.26 08:28:29 [INFO] provingground.learning.ErasablePostBuffer.$anon.post:85:22 - Post; tag: TypeTag[provingground.learning.HoTTMessages.FinalState], id: (22,1841179591)
2020.05.26 08:28:29 [INFO] provingground.learning.HoTTBot.scribeLog:711:16 - Post; tag: TypeTag[provingground.learning.TermData.TermResult], id: (20,-1838652955)
2020.05.26 08:28:29 [INFO] provingground.learning.HoTTBot.scribeLog:711:16 - Post; tag: TypeTag[provingground.learning.HoTTMessages.FinalState], id: (22,1841179591)
2020.05.26 08:28:29 [INFO] provingground.learning.ErasablePostBuffer.$anon.post:85:22 - Post; tag: TypeTag[provingground.learning.HoTTMessages.FinalState], id: (22,-788694733)
2020.05.26 08:28:29 [INFO] provingground.learning.ErasablePostBuffer.$anon.post:85:22 - Post; tag: TypeTag[provingground.learning.HoTTMessages.FinalState], id: (24,1878645822)
2020.05.26 08:28:29 [INFO] provingground.learning.HoTTBot.scribeLog:711:16 - Post; tag: TypeTag[provingground.learning.HoTTMessages.FinalState], id: (22,-788694733)
2020.05.26 08:28:29 [INFO] provingground.learning.HoTTBot.scribeLog:711:16 - Post; tag: TypeTag[provingground.learning.HoTTMessages.FinalState], id: (24,1878645822)
2020.05.26 08:28:29 [INFO] provingground.learning.ErasablePostBuffer.$anon.post:85:22 - Post; tag: TypeTag[provingground.learning.TermData.TermResult], id: (23,1126593108)
2020.05.26 08:28:29 [INFO] provingground.learning.HoTTBot.scribeLog:711:16 - Post; tag: TypeTag[provingground.learning.TermData.TermResult], id: (23,1126593108)
2020.05.26 08:28:29 [INFO] provingground.learning.ErasablePostBuffer.$anon.post:85:22 - Post; tag: TypeTag[provingground.learning.HoTTMessages.FinalState], id: (25,426706149)
2020.05.26 08:28:29 [INFO] provingground.learning.HoTTBot.scribeLog:711:16 - Post; tag: TypeTag[provingground.learning.HoTTMessages.FinalState], id: (25,426706149)
2020.05.26 08:28:29 [INFO] provingground.learning.HoTTBot.$anonfun:74:20 - Success: Vector((((eqM) (e_l)) (e_r),1.0,[(((((axiom_{(eqM(a)(b) \to (eqM(b)(c) \to eqM(a)(c)))}) (e_l)) (((mul) (e_l)) (e_r))) (e_r)) (lemma:((eqM) (e_l)) (((mul) (e_l)) (e_r)))) ((axiom_{eqM(mul(e_l)(a))(a)}) (e_r)) : 0.001024170092306373]))
2020.05.26 08:28:32 [INFO] provingground.learning.ErasablePostBuffer.$anon.post:85:22 - Post; tag: TypeTag[provingground.learning.TermData.TermResult], id: (26,1208190555)
2020.05.26 08:28:32 [INFO] provingground.learning.HoTTBot.scribeLog:711:16 - Post; tag: TypeTag[provingground.learning.TermData.TermResult], id: (26,1208190555)
2020.05.26 08:28:32 [INFO] provingground.learning.ErasablePostBuffer.$anon.post:85:22 - Post; tag: TypeTag[provingground.learning.HoTTMessages.FinalState], id: (27,-61623503)
2020.05.26 08:28:32 [INFO] provingground.learning.HoTTBot.scribeLog:711:16 - Post; tag: TypeTag[provingground.learning.HoTTMessages.FinalState], id: (27,-61623503)
2020.05.26 08:28:32 [INFO] provingground.learning.ErasablePostBuffer.$anon.post:85:22 - Post; tag: TypeTag[provingground.learning.TermData.TermResult], id: (28,1414849027)
2020.05.26 08:28:32 [INFO] provingground.learning.HoTTBot.scribeLog:711:16 - Post; tag: TypeTag[provingground.learning.TermData.TermResult], id: (28,1414849027)
2020.05.26 08:28:32 [INFO] provingground.learning.ErasablePostBuffer.$anon.post:85:22 - Post; tag: TypeTag[provingground.learning.HoTTMessages.FinalState], id: (29,-1794806665)
2020.05.26 08:28:32 [INFO] provingground.learning.HoTTBot.scribeLog:711:16 - Post; tag: TypeTag[provingground.learning.HoTTMessages.FinalState], id: (29,-1794806665)
2020.05.26 08:36:54 [INFO] provingground.learning.PostBuffer.$anon.post:244:22 - Post; tag: TypeTag[provingground.learning.LocalProver], id: (1,-1349507052), content:
LocalProver(TermState([eqM : 0.2857142857142857, mul : 0.2857142857142857, e_l : 0.047619047619047616, e_r : 0.047619047619047616, mul : 0.047619047619047616, eqM : 0.047619047619047616, axiom_{eqM(a)(a)} : 0.047619047619047616, axiom_{(eqM(a)(b) \to eqM(b)(a))} : 0.047619047619047616, axiom_{(eqM(a)(b) \to (eqM(b)(c) \to eqM(a)(c)))} : 0.047619047619047616, axiom_{eqM(mul(e_l)(a))(a)} : 0.047619047619047616, axiom_{eqM(mul(a)(e_r))(a)} : 0.047619047619047616],[(M) â†’ ((M) â†’ (ð’° _0)) : 0.2857142857142857, (M) â†’ ((M) â†’ (M)) : 0.2857142857142857, M : 0.047619047619047616, M : 0.047619047619047616, (M) â†’ ((M) â†’ (M)) : 0.047619047619047616, (M) â†’ ((M) â†’ (ð’° _0)) : 0.047619047619047616, (`a : M ) ~> (((eqM) (`a)) (`a)) : 0.047619047619047616, (`a : M ) ~> ((`b : M ) ~> ((((eqM) (`a)) (`b)) â†’ (((eqM) (`b)) (`a)))) : 0.047619047619047616, (`a : M ) ~> ((`b : M ) ~> ((`c : M ) ~> ((((eqM) (`a)) (`b)) â†’ ((((eqM) (`b)) (`c)) â†’ (((eqM) (`a)) (`c)))))) : 0.047619047619047616, (`a : M ) ~> (((eqM) (((mul) (e_l)) (`a))) (`a)) : 0.047619047619047616, (`a : M ) ~> (((eqM) (((mul) (`a)) (e_r))) (`a)) : 0.047619047619047616],Vector(),[],[((eqM) (e_l)) (e_r) : 1.0],Empty),TermGenParams(0.1,0.1,0.0,0.0,0.0,0.0,0.0,0.0,0.0,0.0,0.0,0.0,0.0,0.3,0.7,0.5,0.0,0.0,0.0,<function1>),1.0E-4,None,12 minutes,1.01,1.0,10000,10,1.0,1.0,None,false,false,0.5,1.0)
2020.05.26 08:36:54 [INFO] provingground.learning.HoTTBot.scribeLog:711:16 - Post; tag: TypeTag[provingground.learning.LocalProver], id: (1,-1349507052)
2020.05.26 08:36:58 [INFO] provingground.learning.PostBuffer.$anon.post:244:22 - Post; tag: TypeTag[provingground.learning.HoTTMessages.Lemmas], id: (2,1419581202), content:
Lemmas(Vector((((eqM) (e_r)) (e_r),None,0.0027509184472828325), (((eqM) (e_l)) (e_l),None,0.0027509184472828325), (((eqM) (e_l)) (((mul) (e_l)) (e_r)),None,0.0012526844961492322), (((eqM) (e_l)) (((mul) (e_l)) (e_l)),None,0.0012526844961492322), (((eqM) (e_r)) (((mul) (e_l)) (e_r)),None,0.0012526844961492322), (((eqM) (e_r)) (((mul) (e_r)) (e_r)),None,0.0012526844961492322)))
2020.05.26 08:36:58 [INFO] provingground.learning.HoTTBot.scribeLog:711:16 - Post; tag: TypeTag[provingground.learning.HoTTMessages.Lemmas], id: (2,1419581202)
2020.05.26 08:36:58 [INFO] provingground.learning.PostBuffer.$anon.post:244:22 - Post; tag: TypeTag[provingground.learning.HoTTMessages.Weight], id: (3,-397054148), content:
Weight(0.26167884451748746)
2020.05.26 08:36:58 [INFO] provingground.learning.PostBuffer.$anon.post:244:22 - Post; tag: TypeTag[provingground.learning.HoTTMessages.Weight], id: (7,-1403795547), content:
Weight(0.1191605777412563)
2020.05.26 08:36:58 [INFO] provingground.learning.PostBuffer.$anon.post:244:22 - Post; tag: TypeTag[provingground.learning.HoTTMessages.UseLemma], id: (9,-897240716), content:
UseLemma(((eqM) (e_r)) (e_r),None)
2020.05.26 08:36:58 [INFO] provingground.learning.PostBuffer.$anon.post:244:22 - Post; tag: TypeTag[provingground.learning.HoTTMessages.UseLemma], id: (10,-1419946672), content:
UseLemma(((eqM) (e_r)) (((mul) (e_l)) (e_r)),None)
2020.05.26 08:36:58 [INFO] provingground.learning.PostBuffer.$anon.post:244:22 - Post; tag: TypeTag[provingground.learning.HoTTMessages.Weight], id: (8,-1403795547), content:
Weight(0.1191605777412563)
2020.05.26 08:36:58 [INFO] provingground.learning.PostBuffer.$anon.post:244:22 - Post; tag: TypeTag[provingground.learning.HoTTMessages.Weight], id: (6,-1403795547), content:
Weight(0.1191605777412563)
2020.05.26 08:36:58 [INFO] provingground.learning.PostBuffer.$anon.post:244:22 - Post; tag: TypeTag[provingground.learning.HoTTMessages.Weight], id: (5,-1403795547), content:
Weight(0.1191605777412563)
2020.05.26 08:36:58 [INFO] provingground.learning.PostBuffer.$anon.post:244:22 - Post; tag: TypeTag[provingground.learning.HoTTMessages.Weight], id: (4,-397054148), content:
Weight(0.26167884451748746)
2020.05.26 08:36:58 [INFO] provingground.learning.PostBuffer.$anon.post:244:22 - Post; tag: TypeTag[provingground.learning.HoTTMessages.UseLemma], id: (13,774457819), content:
UseLemma(((eqM) (e_l)) (((mul) (e_l)) (e_r)),None)
2020.05.26 08:36:58 [INFO] provingground.learning.PostBuffer.$anon.post:244:22 - Post; tag: TypeTag[provingground.learning.HoTTMessages.UseLemma], id: (14,-1470620296), content:
UseLemma(((eqM) (e_l)) (e_l),None)
2020.05.26 08:36:58 [INFO] provingground.learning.PostBuffer.$anon.post:244:22 - Post; tag: TypeTag[provingground.learning.HoTTMessages.UseLemma], id: (12,1349890185), content:
UseLemma(((eqM) (e_l)) (((mul) (e_l)) (e_l)),None)
2020.05.26 08:36:58 [INFO] provingground.learning.PostBuffer.$anon.post:244:22 - Post; tag: TypeTag[provingground.learning.HoTTMessages.UseLemma], id: (11,1179944372), content:
UseLemma(((eqM) (e_r)) (((mul) (e_r)) (e_r)),None)
2020.05.26 08:36:58 [INFO] provingground.learning.HoTTBot.scribeLog:711:16 - Post; tag: TypeTag[provingground.learning.HoTTMessages.UseLemma], id: (9,-897240716)
2020.05.26 08:36:58 [INFO] provingground.learning.HoTTBot.scribeLog:711:16 - Post; tag: TypeTag[provingground.learning.HoTTMessages.UseLemma], id: (14,-1470620296)
2020.05.26 08:36:58 [INFO] provingground.learning.HoTTBot.scribeLog:711:16 - Post; tag: TypeTag[provingground.learning.HoTTMessages.UseLemma], id: (13,774457819)
2020.05.26 08:36:58 [INFO] provingground.learning.HoTTBot.scribeLog:711:16 - Post; tag: TypeTag[provingground.learning.HoTTMessages.UseLemma], id: (12,1349890185)
2020.05.26 08:36:58 [INFO] provingground.learning.HoTTBot.scribeLog:711:16 - Post; tag: TypeTag[provingground.learning.HoTTMessages.UseLemma], id: (10,-1419946672)
2020.05.26 08:36:58 [INFO] provingground.learning.HoTTBot.scribeLog:711:16 - Post; tag: TypeTag[provingground.learning.HoTTMessages.UseLemma], id: (11,1179944372)
2020.05.26 08:36:58 [INFO] provingground.learning.ErasablePostBuffer.$anon.post:85:22 - Post; tag: TypeTag[provingground.learning.LocalTangentProver], id: (15,1299211175)
2020.05.26 08:36:58 [INFO] provingground.learning.ErasablePostBuffer.$anon.post:85:22 - Post; tag: TypeTag[provingground.learning.LocalTangentProver], id: (16,1481277112)
2020.05.26 08:36:58 [INFO] provingground.learning.HoTTBot.scribeLog:711:16 - Post; tag: TypeTag[provingground.learning.LocalTangentProver], id: (15,1299211175)
2020.05.26 08:36:58 [INFO] provingground.learning.HoTTBot.scribeLog:711:16 - Post; tag: TypeTag[provingground.learning.LocalTangentProver], id: (16,1481277112)
2020.05.26 08:36:58 [INFO] provingground.learning.ErasablePostBuffer.$anon.post:85:22 - Post; tag: TypeTag[provingground.learning.LocalTangentProver], id: (17,1615518517)
2020.05.26 08:36:59 [INFO] provingground.learning.ErasablePostBuffer.$anon.post:85:22 - Post; tag: TypeTag[provingground.learning.LocalTangentProver], id: (18,-2097001952)
2020.05.26 08:36:58 [INFO] provingground.learning.HoTTBot.scribeLog:711:16 - Post; tag: TypeTag[provingground.learning.LocalTangentProver], id: (17,1615518517)
2020.05.26 08:36:58 [INFO] provingground.learning.HoTTBot.scribeLog:711:16 - Post; tag: TypeTag[provingground.learning.LocalTangentProver], id: (18,-2097001952)
2020.05.26 08:37:00 [INFO] provingground.learning.ErasablePostBuffer.$anon.post:85:22 - Post; tag: TypeTag[provingground.learning.LocalTangentProver], id: (19,61122141)
2020.05.26 08:37:00 [INFO] provingground.learning.HoTTBot.scribeLog:711:16 - Post; tag: TypeTag[provingground.learning.LocalTangentProver], id: (19,61122141)
2020.05.26 08:37:00 [INFO] provingground.learning.ErasablePostBuffer.$anon.post:85:22 - Post; tag: TypeTag[provingground.learning.LocalTangentProver], id: (20,1838221781)
2020.05.26 08:37:00 [INFO] provingground.learning.HoTTBot.scribeLog:711:16 - Post; tag: TypeTag[provingground.learning.LocalTangentProver], id: (20,1838221781)
2020.05.26 08:37:00 [INFO] provingground.learning.ErasablePostBuffer.$anon.post:85:22 - Post; tag: TypeTag[provingground.learning.TermData.TermResult], id: (22,-796980792)
2020.05.26 08:37:00 [INFO] provingground.learning.ErasablePostBuffer.$anon.post:85:22 - Post; tag: TypeTag[provingground.learning.TermData.TermResult], id: (21,1945308753)
2020.05.26 08:37:00 [INFO] provingground.learning.HoTTBot.scribeLog:711:16 - Post; tag: TypeTag[provingground.learning.TermData.TermResult], id: (22,-796980792)
2020.05.26 08:37:00 [INFO] provingground.learning.HoTTBot.scribeLog:711:16 - Post; tag: TypeTag[provingground.learning.TermData.TermResult], id: (21,1945308753)
2020.05.26 08:37:00 [INFO] provingground.learning.ErasablePostBuffer.$anon.post:85:22 - Post; tag: TypeTag[provingground.learning.HoTTMessages.FinalState], id: (23,1407462753)
2020.05.26 08:37:00 [INFO] provingground.learning.ErasablePostBuffer.$anon.post:85:22 - Post; tag: TypeTag[provingground.learning.HoTTMessages.FinalState], id: (23,-1950703598)
2020.05.26 08:37:00 [INFO] provingground.learning.HoTTBot.scribeLog:711:16 - Post; tag: TypeTag[provingground.learning.HoTTMessages.FinalState], id: (23,1407462753)
2020.05.26 08:37:00 [INFO] provingground.learning.HoTTBot.scribeLog:711:16 - Post; tag: TypeTag[provingground.learning.HoTTMessages.FinalState], id: (23,-1950703598)
2020.05.26 08:37:00 [INFO] provingground.learning.HoTTBot.$anonfun:74:20 - Success: Vector((((eqM) (e_l)) (e_r),1.0,[(((((axiom_{(eqM(a)(b) \to (eqM(b)(c) \to eqM(a)(c)))}) (e_l)) (((mul) (e_l)) (e_r))) (e_r)) (lemma:((eqM) (e_l)) (((mul) (e_l)) (e_r)))) ((axiom_{eqM(mul(e_l)(a))(a)}) (e_r)) : 0.001024170092306373]))
2020.05.26 08:37:00 [INFO] provingground.learning.ErasablePostBuffer.$anon.post:85:22 - Post; tag: TypeTag[provingground.learning.TermData.TermResult], id: (24,482568589)
2020.05.26 08:37:00 [INFO] provingground.learning.HoTTBot.scribeLog:711:16 - Post; tag: TypeTag[provingground.learning.TermData.TermResult], id: (24,482568589)
2020.05.26 08:37:00 [INFO] provingground.learning.ErasablePostBuffer.$anon.post:85:22 - Post; tag: TypeTag[provingground.learning.HoTTMessages.FinalState], id: (25,1095231204)
2020.05.26 08:37:00 [INFO] provingground.learning.HoTTBot.scribeLog:711:16 - Post; tag: TypeTag[provingground.learning.HoTTMessages.FinalState], id: (25,1095231204)
2020.05.26 08:37:00 [INFO] provingground.learning.ErasablePostBuffer.$anon.post:85:22 - Post; tag: TypeTag[provingground.learning.TermData.TermResult], id: (26,1933060493)
2020.05.26 08:37:00 [INFO] provingground.learning.HoTTBot.scribeLog:711:16 - Post; tag: TypeTag[provingground.learning.TermData.TermResult], id: (26,1933060493)
2020.05.26 08:37:00 [INFO] provingground.learning.ErasablePostBuffer.$anon.post:85:22 - Post; tag: TypeTag[provingground.learning.HoTTMessages.FinalState], id: (27,-857118176)
2020.05.26 08:37:00 [INFO] provingground.learning.HoTTBot.scribeLog:711:16 - Post; tag: TypeTag[provingground.learning.HoTTMessages.FinalState], id: (27,-857118176)
2020.05.26 08:37:02 [INFO] provingground.learning.ErasablePostBuffer.$anon.post:85:22 - Post; tag: TypeTag[provingground.learning.TermData.TermResult], id: (28,972261220)
2020.05.26 08:37:02 [INFO] provingground.learning.HoTTBot.scribeLog:711:16 - Post; tag: TypeTag[provingground.learning.TermData.TermResult], id: (28,972261220)
2020.05.26 08:37:02 [INFO] provingground.learning.ErasablePostBuffer.$anon.post:85:22 - Post; tag: TypeTag[provingground.learning.HoTTMessages.FinalState], id: (29,-245850618)
2020.05.26 08:37:02 [INFO] provingground.learning.HoTTBot.scribeLog:711:16 - Post; tag: TypeTag[provingground.learning.HoTTMessages.FinalState], id: (29,-245850618)
2020.05.26 08:37:02 [INFO] provingground.learning.ErasablePostBuffer.$anon.post:85:22 - Post; tag: TypeTag[provingground.learning.TermData.TermResult], id: (30,-973122693)
2020.05.26 08:37:02 [INFO] provingground.learning.HoTTBot.scribeLog:711:16 - Post; tag: TypeTag[provingground.learning.TermData.TermResult], id: (30,-973122693)
2020.05.26 08:37:02 [INFO] provingground.learning.ErasablePostBuffer.$anon.post:85:22 - Post; tag: TypeTag[provingground.learning.HoTTMessages.FinalState], id: (31,-1830473400)
2020.05.26 08:37:02 [INFO] provingground.learning.HoTTBot.scribeLog:711:16 - Post; tag: TypeTag[provingground.learning.HoTTMessages.FinalState], id: (31,-1830473400)
