2020.05.25 10:59:43 [INFO] provingground.learning.PostBuffer.$anon.post:244:22 - Post; tag: TypeTag[provingground.learning.LocalProver], id: (1,-1349507052), content:
LocalProver(TermState([eqM : 0.2857142857142857, mul : 0.2857142857142857, e_l : 0.047619047619047616, e_r : 0.047619047619047616, mul : 0.047619047619047616, eqM : 0.047619047619047616, axiom_{eqM(a)(a)} : 0.047619047619047616, axiom_{(eqM(a)(b) \to eqM(b)(a))} : 0.047619047619047616, axiom_{(eqM(a)(b) \to (eqM(b)(c) \to eqM(a)(c)))} : 0.047619047619047616, axiom_{eqM(mul(e_l)(a))(a)} : 0.047619047619047616, axiom_{eqM(mul(a)(e_r))(a)} : 0.047619047619047616],[(M) → ((M) → (𝒰 _0)) : 0.2857142857142857, (M) → ((M) → (M)) : 0.2857142857142857, M : 0.047619047619047616, M : 0.047619047619047616, (M) → ((M) → (M)) : 0.047619047619047616, (M) → ((M) → (𝒰 _0)) : 0.047619047619047616, (`a : M ) ~> (((eqM) (`a)) (`a)) : 0.047619047619047616, (`a : M ) ~> ((`b : M ) ~> ((((eqM) (`a)) (`b)) → (((eqM) (`b)) (`a)))) : 0.047619047619047616, (`a : M ) ~> ((`b : M ) ~> ((`c : M ) ~> ((((eqM) (`a)) (`b)) → ((((eqM) (`b)) (`c)) → (((eqM) (`a)) (`c)))))) : 0.047619047619047616, (`a : M ) ~> (((eqM) (((mul) (e_l)) (`a))) (`a)) : 0.047619047619047616, (`a : M ) ~> (((eqM) (((mul) (`a)) (e_r))) (`a)) : 0.047619047619047616],Vector(),[],[((eqM) (e_l)) (e_r) : 1.0],Empty),TermGenParams(0.1,0.1,0.0,0.0,0.0,0.0,0.0,0.0,0.0,0.0,0.0,0.0,0.0,0.3,0.7,0.5,0.0,0.0,0.0,<function1>),1.0E-4,None,12 minutes,1.01,1.0,10000,10,1.0,1.0,None,false,false,0.5,1.0)
2020.05.25 10:59:43 [INFO] provingground.learning.HoTTBot.scribeLog:691:16 - Post; tag: TypeTag[provingground.learning.LocalProver], id: (1,-1349507052)
2020.05.25 10:59:46 [INFO] provingground.learning.PostBuffer.$anon.post:244:22 - Post; tag: TypeTag[provingground.learning.HoTTMessages.Lemmas], id: (2,1419581202), content:
Lemmas(Vector((((eqM) (e_r)) (e_r),None,0.0027509184472828325), (((eqM) (e_l)) (e_l),None,0.0027509184472828325), (((eqM) (e_l)) (((mul) (e_l)) (e_r)),None,0.0012526844961492322), (((eqM) (e_l)) (((mul) (e_l)) (e_l)),None,0.0012526844961492322), (((eqM) (e_r)) (((mul) (e_l)) (e_r)),None,0.0012526844961492322), (((eqM) (e_r)) (((mul) (e_r)) (e_r)),None,0.0012526844961492322)))
2020.05.25 10:59:46 [INFO] provingground.learning.HoTTBot.scribeLog:691:16 - Post; tag: TypeTag[provingground.learning.HoTTMessages.Lemmas], id: (2,1419581202)
2020.05.25 10:59:46 [INFO] provingground.learning.PostBuffer.$anon.post:244:22 - Post; tag: TypeTag[provingground.learning.HoTTMessages.Weight], id: (3,-397054148), content:
Weight(0.26167884451748746)
2020.05.25 10:59:46 [INFO] provingground.learning.PostBuffer.$anon.post:244:22 - Post; tag: TypeTag[provingground.learning.HoTTMessages.Weight], id: (6,-1403795547), content:
Weight(0.1191605777412563)
2020.05.25 10:59:46 [INFO] provingground.learning.PostBuffer.$anon.post:244:22 - Post; tag: TypeTag[provingground.learning.HoTTMessages.UseLemma], id: (9,-897240716), content:
UseLemma(((eqM) (e_r)) (e_r),None)
2020.05.25 10:59:46 [INFO] provingground.learning.PostBuffer.$anon.post:244:22 - Post; tag: TypeTag[provingground.learning.HoTTMessages.Weight], id: (5,-1403795547), content:
Weight(0.1191605777412563)
2020.05.25 10:59:46 [INFO] provingground.learning.PostBuffer.$anon.post:244:22 - Post; tag: TypeTag[provingground.learning.HoTTMessages.Weight], id: (4,-397054148), content:
Weight(0.26167884451748746)
2020.05.25 10:59:46 [INFO] provingground.learning.PostBuffer.$anon.post:244:22 - Post; tag: TypeTag[provingground.learning.HoTTMessages.UseLemma], id: (10,1349890185), content:
UseLemma(((eqM) (e_l)) (((mul) (e_l)) (e_l)),None)
2020.05.25 10:59:46 [INFO] provingground.learning.PostBuffer.$anon.post:244:22 - Post; tag: TypeTag[provingground.learning.HoTTMessages.UseLemma], id: (12,-1470620296), content:
UseLemma(((eqM) (e_l)) (e_l),None)
2020.05.25 10:59:46 [INFO] provingground.learning.PostBuffer.$anon.post:244:22 - Post; tag: TypeTag[provingground.learning.HoTTMessages.Weight], id: (8,-1403795547), content:
Weight(0.1191605777412563)
2020.05.25 10:59:46 [INFO] provingground.learning.PostBuffer.$anon.post:244:22 - Post; tag: TypeTag[provingground.learning.HoTTMessages.Weight], id: (7,-1403795547), content:
Weight(0.1191605777412563)
2020.05.25 10:59:46 [INFO] provingground.learning.PostBuffer.$anon.post:244:22 - Post; tag: TypeTag[provingground.learning.HoTTMessages.UseLemma], id: (13,1179944372), content:
UseLemma(((eqM) (e_r)) (((mul) (e_r)) (e_r)),None)
2020.05.25 10:59:46 [INFO] provingground.learning.PostBuffer.$anon.post:244:22 - Post; tag: TypeTag[provingground.learning.HoTTMessages.UseLemma], id: (11,774457819), content:
UseLemma(((eqM) (e_l)) (((mul) (e_l)) (e_r)),None)
2020.05.25 10:59:46 [INFO] provingground.learning.PostBuffer.$anon.post:244:22 - Post; tag: TypeTag[provingground.learning.HoTTMessages.UseLemma], id: (14,-1419946672), content:
UseLemma(((eqM) (e_r)) (((mul) (e_l)) (e_r)),None)
2020.05.25 10:59:46 [INFO] provingground.learning.HoTTBot.scribeLog:691:16 - Post; tag: TypeTag[provingground.learning.HoTTMessages.UseLemma], id: (9,-897240716)
2020.05.25 10:59:46 [INFO] provingground.learning.HoTTBot.scribeLog:691:16 - Post; tag: TypeTag[provingground.learning.HoTTMessages.UseLemma], id: (12,-1470620296)
2020.05.25 10:59:46 [INFO] provingground.learning.HoTTBot.scribeLog:691:16 - Post; tag: TypeTag[provingground.learning.HoTTMessages.UseLemma], id: (11,774457819)
2020.05.25 10:59:46 [INFO] provingground.learning.HoTTBot.scribeLog:691:16 - Post; tag: TypeTag[provingground.learning.HoTTMessages.UseLemma], id: (10,1349890185)
2020.05.25 10:59:46 [INFO] provingground.learning.HoTTBot.scribeLog:691:16 - Post; tag: TypeTag[provingground.learning.HoTTMessages.UseLemma], id: (14,-1419946672)
2020.05.25 10:59:46 [INFO] provingground.learning.HoTTBot.scribeLog:691:16 - Post; tag: TypeTag[provingground.learning.HoTTMessages.UseLemma], id: (13,1179944372)
2020.05.25 10:59:47 [INFO] provingground.learning.ErasablePostBuffer.$anon.post:85:22 - Post; tag: TypeTag[provingground.learning.LocalTangentProver], id: (15,1481277112)
2020.05.25 10:59:46 [INFO] provingground.learning.ErasablePostBuffer.$anon.post:85:22 - Post; tag: TypeTag[provingground.learning.LocalTangentProver], id: (16,1615518517)
2020.05.25 10:59:46 [INFO] provingground.learning.HoTTBot.scribeLog:691:16 - Post; tag: TypeTag[provingground.learning.LocalTangentProver], id: (15,1481277112)
2020.05.25 10:59:47 [INFO] provingground.learning.HoTTBot.scribeLog:691:16 - Post; tag: TypeTag[provingground.learning.LocalTangentProver], id: (16,1615518517)
2020.05.25 10:59:46 [INFO] provingground.learning.ErasablePostBuffer.$anon.post:85:22 - Post; tag: TypeTag[provingground.learning.LocalTangentProver], id: (17,1299211175)
2020.05.25 10:59:46 [INFO] provingground.learning.HoTTBot.scribeLog:691:16 - Post; tag: TypeTag[provingground.learning.LocalTangentProver], id: (17,1299211175)
2020.05.25 10:59:46 [INFO] provingground.learning.ErasablePostBuffer.$anon.post:85:22 - Post; tag: TypeTag[provingground.learning.LocalTangentProver], id: (18,-2097001952)
2020.05.25 10:59:46 [INFO] provingground.learning.HoTTBot.scribeLog:691:16 - Post; tag: TypeTag[provingground.learning.LocalTangentProver], id: (18,-2097001952)
2020.05.25 10:59:48 [INFO] provingground.learning.ErasablePostBuffer.$anon.post:85:22 - Post; tag: TypeTag[provingground.learning.LocalTangentProver], id: (19,61122141)
2020.05.25 10:59:48 [INFO] provingground.learning.HoTTBot.scribeLog:691:16 - Post; tag: TypeTag[provingground.learning.LocalTangentProver], id: (19,61122141)
2020.05.25 10:59:48 [INFO] provingground.learning.ErasablePostBuffer.$anon.post:85:22 - Post; tag: TypeTag[provingground.learning.LocalTangentProver], id: (20,1838221781)
2020.05.25 10:59:48 [INFO] provingground.learning.HoTTBot.scribeLog:691:16 - Post; tag: TypeTag[provingground.learning.LocalTangentProver], id: (20,1838221781)
2020.05.25 10:59:48 [INFO] provingground.learning.ErasablePostBuffer.$anon.post:85:22 - Post; tag: TypeTag[provingground.learning.TermData.TermResult], id: (21,1952428157)
2020.05.25 10:59:48 [INFO] provingground.learning.ErasablePostBuffer.$anon.post:85:22 - Post; tag: TypeTag[provingground.learning.TermData.TermResult], id: (23,-1627197687)
2020.05.25 10:59:48 [INFO] provingground.learning.ErasablePostBuffer.$anon.post:85:22 - Post; tag: TypeTag[provingground.learning.TermData.TermResult], id: (22,-83909360)
2020.05.25 10:59:48 [INFO] provingground.learning.HoTTBot.scribeLog:691:16 - Post; tag: TypeTag[provingground.learning.TermData.TermResult], id: (23,-1627197687)
2020.05.25 10:59:48 [INFO] provingground.learning.HoTTBot.scribeLog:691:16 - Post; tag: TypeTag[provingground.learning.TermData.TermResult], id: (22,-83909360)
2020.05.25 10:59:48 [INFO] provingground.learning.ErasablePostBuffer.$anon.post:85:22 - Post; tag: TypeTag[provingground.learning.HoTTMessages.FinalState], id: (24,304621366)
2020.05.25 10:59:48 [INFO] provingground.learning.HoTTBot.scribeLog:691:16 - Post; tag: TypeTag[provingground.learning.TermData.TermResult], id: (21,1952428157)
2020.05.25 10:59:48 [INFO] provingground.learning.ErasablePostBuffer.$anon.post:85:22 - Post; tag: TypeTag[provingground.learning.TermData.TermResult], id: (23,-1632082462)
2020.05.25 10:59:48 [INFO] provingground.learning.HoTTBot.scribeLog:691:16 - Post; tag: TypeTag[provingground.learning.HoTTMessages.FinalState], id: (24,304621366)
2020.05.25 10:59:48 [INFO] provingground.learning.ErasablePostBuffer.$anon.post:85:22 - Post; tag: TypeTag[provingground.learning.HoTTMessages.FinalState], id: (24,361422135)
2020.05.25 10:59:48 [INFO] provingground.learning.ErasablePostBuffer.$anon.post:85:22 - Post; tag: TypeTag[provingground.learning.HoTTMessages.FinalState], id: (25,1672473852)
2020.05.25 10:59:48 [INFO] provingground.learning.ErasablePostBuffer.$anon.post:85:22 - Post; tag: TypeTag[provingground.learning.HoTTMessages.FinalState], id: (26,-550910814)
2020.05.25 10:59:48 [INFO] provingground.learning.HoTTBot.scribeLog:691:16 - Post; tag: TypeTag[provingground.learning.TermData.TermResult], id: (23,-1632082462)
2020.05.25 10:59:48 [INFO] provingground.learning.HoTTBot.scribeLog:691:16 - Post; tag: TypeTag[provingground.learning.HoTTMessages.FinalState], id: (25,1672473852)
2020.05.25 10:59:48 [INFO] provingground.learning.HoTTBot.scribeLog:691:16 - Post; tag: TypeTag[provingground.learning.HoTTMessages.FinalState], id: (26,-550910814)
2020.05.25 10:59:48 [INFO] provingground.learning.HoTTBot.scribeLog:691:16 - Post; tag: TypeTag[provingground.learning.HoTTMessages.FinalState], id: (24,361422135)
2020.05.25 10:59:48 [INFO] provingground.learning.HoTTBot.$anonfun:76:22 - Success: Vector((((eqM) (e_l)) (e_r),1.0,[(((((axiom_{(eqM(a)(b) \to (eqM(b)(c) \to eqM(a)(c)))}) (e_l)) (((mul) (e_l)) (e_r))) (e_r)) (lemma:((eqM) (e_l)) (((mul) (e_l)) (e_r)))) ((axiom_{eqM(mul(e_l)(a))(a)}) (e_r)) : 0.001024170092306373]))
2020.05.25 10:59:50 [INFO] provingground.learning.ErasablePostBuffer.$anon.post:85:22 - Post; tag: TypeTag[provingground.learning.TermData.TermResult], id: (27,1958369918)
2020.05.25 10:59:50 [INFO] provingground.learning.HoTTBot.scribeLog:691:16 - Post; tag: TypeTag[provingground.learning.TermData.TermResult], id: (27,1958369918)
2020.05.25 10:59:50 [INFO] provingground.learning.ErasablePostBuffer.$anon.post:85:22 - Post; tag: TypeTag[provingground.learning.HoTTMessages.FinalState], id: (28,-216289423)
2020.05.25 10:59:50 [INFO] provingground.learning.HoTTBot.scribeLog:691:16 - Post; tag: TypeTag[provingground.learning.HoTTMessages.FinalState], id: (28,-216289423)
2020.05.25 10:59:50 [INFO] provingground.learning.ErasablePostBuffer.$anon.post:85:22 - Post; tag: TypeTag[provingground.learning.TermData.TermResult], id: (29,-364085593)
2020.05.25 10:59:50 [INFO] provingground.learning.HoTTBot.scribeLog:691:16 - Post; tag: TypeTag[provingground.learning.TermData.TermResult], id: (29,-364085593)
2020.05.25 10:59:50 [INFO] provingground.learning.ErasablePostBuffer.$anon.post:85:22 - Post; tag: TypeTag[provingground.learning.HoTTMessages.FinalState], id: (30,185743445)
2020.05.25 10:59:50 [INFO] provingground.learning.HoTTBot.scribeLog:691:16 - Post; tag: TypeTag[provingground.learning.HoTTMessages.FinalState], id: (30,185743445)
2020.05.25 11:33:08 [INFO] provingground.learning.PostBuffer.$anon.post:244:22 - Post; tag: TypeTag[provingground.learning.LocalProver], id: (1,-566414952), content:
LocalProver(TermState([𝒰 _0 : 1.0],[𝒰 _0 : 1.0],Vector(),[],[],Empty),TermGenParams(0.1,0.1,0.0,0.0,0.0,0.0,0.0,0.0,0.0,0.0,0.0,0.0,0.0,0.3,0.7,0.5,0.0,0.0,0.0,<function1>),1.0E-4,None,12 minutes,1.01,1.0,10000,10,1.0,1.0,None,false,false,0.5,1.0)
