2020.12.22 09:08:53:002 [INFO ] provingground.interface.CzSlRun:22:14 - This is a Bot based run for the Czech-Slovak olympiand problem identified by Achal, who proved this with manual choice.
This problem involves showing the left and right identity coincide given a bunch of axioms. We can only use forward reasoning
since there are no models.

There is a little domain knowledge in the tuning, with tautologies specified (to not be used as lemmas) 
and "base states" given based on what is used together. But this is largely a robust choice of parameters.
Much of the work has been in ensuring that all the hot code is parallelized.

2020.12.22 09:08:53:327 [INFO ] provingground.interface.CzSlRun:31:14 - Number of threads: 8
2020.12.22 09:08:53:329 [INFO ] provingground.interface.CzSlRun.<local CzSlRun>:33:50 - JAVA_OPTS: -Xms2G -Xmx40G -Xss6M
2020.12.22 09:08:53:330 [INFO ] provingground.interface.CzSlRun.<local CzSlRun>:35:50 - JAVA_HOME: /usr/lib/jvm/java-8-oracle
2020.12.22 09:08:54:668 [INFO ] provingground.learning.PostBuffer.$anon.post:266:22 - Post; tag: TypeTag[provingground.learning.HoTTMessages.TautologyInitState], id: (1,920274034), content:
TautologyInitState(TermState([trans : 0.14285714285714285, refl : 0.14285714285714285, n : 0.14285714285714285, sym : 0.14285714285714285, mul : 0.14285714285714285, m : 0.14285714285714285, ((mul) (m)) (n) : 0.14285714285714285],[M : 1.0],Vector(),[],[],{})), hash: 920274034
2020.12.22 09:08:54:689 [INFO ] provingground.learning.PostBuffer.$anon.post:266:22 - Post; tag: TypeTag[provingground.learning.HoTTMessages.SpecialInitState], id: (2,1524053949), content:
SpecialInitState(TermState([trans : 0.9, sym : 0.1],[M : 1.0],Vector(),[],[],{}),0.001,0.5,0.05,Some(TermGenParams(0.0,0.4,0.0,0.0,0.0,0.0,0.0,0.0,0.0,0.0,0.0,0.0,0.0,0.3,0.7,0.5,0.0,0.0,0.0,<function1>)),Some(2)), hash: 1524053949
2020.12.22 09:08:54:691 [INFO ] provingground.learning.PostBuffer.$anon.post:266:22 - Post; tag: TypeTag[provingground.learning.HoTTMessages.SpecialInitState], id: (3,-376740879), content:
SpecialInitState(TermState([right-multiply : 0.2, m : 0.2, n : 0.2, left-multiply : 0.2, ((mul) (m)) (n) : 0.2],[M : 1.0],Vector(),[],[],{}),0.001,0.5,0.5,Some(TermGenParams(0.3,0.3,0.0,0.0,0.0,0.0,0.0,0.0,0.0,0.0,0.0,0.0,0.0,0.3,0.7,0.5,0.0,0.0,0.0,<function1>)),Some(2)), hash: -376740879
2020.12.22 09:08:54:692 [INFO ] provingground.learning.PostBuffer.$anon.post:266:22 - Post; tag: TypeTag[provingground.learning.LocalProver], id: (4,2129486793), content:
LocalProver(TermState([m : 0.08333333333333333, refl : 0.08333333333333333, mul : 0.08333333333333333, sym : 0.08333333333333333, left-multiply : 0.08333333333333333, right-multiply : 0.08333333333333333, ass2 : 0.08333333333333333, trans : 0.08333333333333333, n : 0.08333333333333333, ((mul) (m)) (n) : 0.08333333333333333, ass1 : 0.08333333333333333, eqM : 0.08333333333333333],[M : 1.0],Vector(),[],[((eqM) (((mul) (m)) (n))) (((mul) (n)) (m)) : 1.0],{}),TermGenParams(0.1,0.1,0.0,0.0,0.0,0.0,0.0,0.0,0.0,0.0,0.0,0.0,0.0,0.3,0.7,0.5,0.0,0.0,0.0,<function1>),1.0E-5,None,12 minutes,1.01,1.0,10000,10,1.0,1.0,None,false,false,0.5,1.0,Some(1800000)), hash: 2129486793
2020.12.22 09:08:54:698 [INFO ] provingground.learning.TypedPostResponse.MicroBot.post:241:18 - triggered response '98d39e3d' of type TypeTag[provingground.learning.ExpressionEval] to post of type TypeTag[provingground.learning.LocalProver] with input hash 2129486793
2020.12.22 09:09:16:550 [INFO ] provingground.learning.ErasablePostBuffer.$anon.post:115:22 - Post; tag: TypeTag[provingground.learning.ExpressionEval], id: (5,996822737), hash : 996822737
2020.12.22 09:09:16:552 [INFO ] provingground.learning.TypedPostResponse.MicroBot.$anonfun.applyOrElse:255:26 - completed response '98d39e3d' of type TypeTag[provingground.learning.ExpressionEval] to posts of type TypeTag[provingground.learning.LocalProver] with input hash 2129486793
2020.12.22 09:09:16:554 [INFO ] provingground.learning.TypedPostResponse.Callback.post:200:18 - triggered callback '54d4a1c' for type TypeTag[provingground.learning.ExpressionEval] with input hash 996822737
2020.12.22 09:09:19:218 [INFO ] provingground.learning.TypedPostResponse.Callback.$anonfun.applyOrElse:204:33 - completed callback '54d4a1c' for type TypeTag[provingground.learning.ExpressionEval] with input hash 996822737
2020.12.22 09:09:19:218 [INFO ] provingground.learning.TypedPostResponse.MicroBot.post:241:18 - triggered response '3f5fd116' of type TypeTag[provingground.learning.HoTTMessages.FinalState] to post of type TypeTag[provingground.learning.ExpressionEval] with input hash 996822737
2020.12.22 09:09:19:220 [INFO ] provingground.learning.HoTTBot.expEvToFinalState:570:26 - computing final state
2020.12.22 09:09:20:876 [INFO ] provingground.learning.ErasablePostBuffer.$anon.post:115:22 - Post; tag: TypeTag[provingground.learning.HoTTMessages.FinalState], id: (6,-1906328100), hash : -1906328100
2020.12.22 09:09:20:876 [INFO ] provingground.learning.TypedPostResponse.MicroBot.$anonfun.applyOrElse:255:26 - completed response '3f5fd116' of type TypeTag[provingground.learning.HoTTMessages.FinalState] to posts of type TypeTag[provingground.learning.ExpressionEval] with input hash 996822737
2020.12.22 09:09:20:878 [INFO ] provingground.learning.TypedPostResponse.Callback.post:200:18 - triggered callback 'update terms' for type TypeTag[provingground.learning.HoTTMessages.FinalState] with input hash -1906328100
2020.12.22 09:09:22:212 [INFO ] provingground.learning.HoTTBot.$anonfun:370:26 - Obtained 48323 formal equations
2020.12.22 09:09:22:729 [INFO ] provingground.learning.TypedPostResponse.Callback.$anonfun.applyOrElse:204:33 - completed callback 'update terms' for type TypeTag[provingground.learning.HoTTMessages.FinalState] with input hash -1906328100
2020.12.22 09:09:22:730 [INFO ] provingground.learning.TypedPostResponse.Callback.post:200:18 - triggered callback 'report proofs' for type TypeTag[provingground.learning.HoTTMessages.FinalState] with input hash -1906328100
2020.12.22 09:09:24:299 [INFO ] provingground.learning.HoTTBot.$anonfun:425:26 - Results: 5
Lemma: ((eqM) (((mul) (((mul) (m)) (n))) (n))) (m); best proof: ((ass1) (m)) (n) with weight 1.4831824612802338E-4; statement weight 1.1373967362492776E-5
Lemma: ((eqM) (((mul) (((mul) (m)) (n))) (((mul) (((mul) (m)) (n))) (n)))) (n); best proof: ((ass2) (((mul) (m)) (n))) (n) with weight 1.4889112272674194E-4; statement weight 4.0826628240142754E-8
Lemma: ((eqM) (n)) (((mul) (((mul) (m)) (n))) (((mul) (((mul) (m)) (n))) (n))); best proof: (((sym) (((mul) (((mul) (m)) (n))) (((mul) (((mul) (m)) (n))) (n)))) (n)) (((ass2) (((mul) (m)) (n))) (n)) with weight 1.3234282345401277E-6; statement weight 4.298279641933567E-8
Lemma: ((eqM) (((mul) (((mul) (m)) (n))) (((mul) (((mul) (m)) (n))) (n)))) (((mul) (((mul) (m)) (n))) (m)); best proof: ((((left-multiply) (((mul) (m)) (n))) (((mul) (((mul) (m)) (n))) (n))) (m)) (((ass1) (m)) (n)) with weight 7.344002732596203E-8; statement weight 0.0
Vanising Lemma: ((eqM) (((mul) (((mul) (m)) (n))) (((mul) (((mul) (m)) (n))) (n)))) (((mul) (((mul) (m)) (n))) (m))
Traced back equations:
(P₁(((eqM) (((mul) (((mul) (m)) (n))) (((mul) (((mul) (m)) (n))) (n)))) (((mul) (((mul) (m)) (n))) (m)) ∈ Typs)) = (Coeff(Init(Typs))) * (P₀(((eqM) (((mul) (((mul) (m)) (n))) (((mul) (((mul) (m)) (n))) (n)))) (((mul) (((mul) (m)) (n))) (m)) ∈ Typs))
(P₁(((eqM) (((mul) (((mul) (m)) (n))) (((mul) (((mul) (m)) (n))) (n)))) (((mul) (((mul) (m)) (n))) (m)) ∈ Typs)) = ((Coeff(FiberProductMap(domOf,TermsWithTypFn,Appln,Funcs,Terms))) * (P₁(Wrap((eqM) (((mul) (((mul) (m)) (n))) (((mul) (((mul) (m)) (n))) (n)))) ∈ TypFamilies))) * (P₁(((mul) (((mul) (m)) (n))) (m) ∈ AtCoord(TermsWithTyp,M :: HNil)))
(P₁(((eqM) (((mul) (((mul) (m)) (n))) (((mul) (((mul) (m)) (n))) (n)))) (((mul) (((mul) (m)) (n))) (m)) ∈ Typs)) = ((Coeff(BaseThenCondition(FiberProductMap(domOf,TermsWithTypFn,Appln,TypFamilies,Terms),Typs,Restrict(TypOpt)))) * (P₁(Wrap((eqM) (((mul) (((mul) (m)) (n))) (((mul) (((mul) (m)) (n))) (n)))) ∈ Funcs))) * (P₁(((mul) (((mul) (m)) (n))) (m) ∈ AtCoord(TermsWithTyp,M :: HNil)))
(P₁(Wrap((eqM) (((mul) (((mul) (m)) (n))) (((mul) (((mul) (m)) (n))) (n)))) ∈ TypFamilies)) = (P₁((eqM) (((mul) (((mul) (m)) (n))) (((mul) (((mul) (m)) (n))) (n))) ∈ Terms)) / (P₁({Terms ∈ Restrict(TypFamilyOpt)}))
(P₁((eqM) (((mul) (((mul) (m)) (n))) (((mul) (((mul) (m)) (n))) (n))) ∈ Terms)) = ((Coeff(FiberProductMap(domOf,TermsWithTypFn,Appln,Funcs,Terms))) * (P₁(Wrap(eqM) ∈ Funcs))) * (P₁(((mul) (((mul) (m)) (n))) (((mul) (((mul) (m)) (n))) (n)) ∈ AtCoord(TermsWithTyp,M :: HNil)))
(P₁((eqM) (((mul) (((mul) (m)) (n))) (((mul) (((mul) (m)) (n))) (n))) ∈ Terms)) = (Coeff(Init(Terms))) * (P₀((eqM) (((mul) (((mul) (m)) (n))) (((mul) (((mul) (m)) (n))) (n))) ∈ Terms))
(P₁((eqM) (((mul) (((mul) (m)) (n))) (((mul) (((mul) (m)) (n))) (n))) ∈ Terms)) = ((Coeff(FiberProductMap(typeOf(_),FuncsWithDomainFn,FlipAppln,Terms,Terms))) * (P₁(((mul) (((mul) (m)) (n))) (((mul) (((mul) (m)) (n))) (n)) ∈ Terms))) * (P₁(Wrap(eqM) ∈ AtCoord(FuncsWithDomain,M :: HNil)))
(P₁((eqM) (((mul) (((mul) (m)) (n))) (((mul) (((mul) (m)) (n))) (n))) ∈ Terms)) = ((Coeff(FiberProductMap(domOf,TermsWithTypFn,Appln,Funcs,Terms))) * (P₁(Wrap(eqM) ∈ TypFamilies))) * (P₁(((mul) (((mul) (m)) (n))) (((mul) (((mul) (m)) (n))) (n)) ∈ AtCoord(TermsWithTyp,M :: HNil)))
(P₁(Wrap(eqM) ∈ Funcs)) = (Coeff(Init(Funcs))) * (P₀(Wrap(eqM) ∈ Funcs))
(P₁(Wrap(eqM) ∈ Funcs)) = (P₁(eqM ∈ Terms)) / (P₁({Terms ∈ Restrict(FuncOpt)}))
(P₁(((mul) (((mul) (m)) (n))) (((mul) (((mul) (m)) (n))) (n)) ∈ AtCoord(TermsWithTyp,M :: HNil))) = (P₁(((mul) (((mul) (m)) (n))) (((mul) (((mul) (m)) (n))) (n)) ∈ Terms)) / (P₁({Terms ∈ Filter(WithTyp(typ))}))
(P₁(((mul) (((mul) (m)) (n))) (((mul) (((mul) (m)) (n))) (n)) ∈ Terms)) = ((Coeff(FiberProductMap(typeOf(_),FuncsWithDomainFn,FlipAppln,Terms,Terms))) * (P₁(((mul) (((mul) (m)) (n))) (n) ∈ Terms))) * (P₁(Wrap((mul) (((mul) (m)) (n))) ∈ AtCoord(FuncsWithDomain,M :: HNil)))
(P₁(((mul) (((mul) (m)) (n))) (((mul) (((mul) (m)) (n))) (n)) ∈ Terms)) = (Coeff(Init(Terms))) * (P₀(((mul) (((mul) (m)) (n))) (((mul) (((mul) (m)) (n))) (n)) ∈ Terms))
(P₁(((mul) (((mul) (m)) (n))) (((mul) (((mul) (m)) (n))) (n)) ∈ Terms)) = ((Coeff(FiberProductMap(domOf,TermsWithTypFn,Appln,Funcs,Terms))) * (P₁(Wrap((mul) (((mul) (m)) (n))) ∈ Funcs))) * (P₁(((mul) (((mul) (m)) (n))) (n) ∈ AtCoord(TermsWithTyp,M :: HNil)))
(P₁(((mul) (((mul) (m)) (n))) (((mul) (((mul) (m)) (n))) (n)) ∈ Terms)) = ((Coeff(ZipMapOpt(UnifApplnOpt,Funcs,Terms,Terms))) * (P₁(Wrap((mul) (((mul) (m)) (n))) ∈ Funcs))) * (P₁(((mul) (((mul) (m)) (n))) (n) ∈ Terms))
(P₁(Wrap(eqM) ∈ AtCoord(FuncsWithDomain,M :: HNil))) = (P₁(eqM ∈ Terms)) / (P₁({Terms ∈ Restrict(FuncWithDom(M))}))
(P₁(Wrap(eqM) ∈ TypFamilies)) = (P₁(eqM ∈ Terms)) / (P₁({Terms ∈ Restrict(TypFamilyOpt)}))
(P₁(Wrap(eqM) ∈ TypFamilies)) = (Coeff(Init(TypFamilies))) * (P₀(Wrap(eqM) ∈ TypFamilies))
(P₁(((mul) (((mul) (m)) (n))) (m) ∈ AtCoord(TermsWithTyp,M :: HNil))) = (P₁(((mul) (((mul) (m)) (n))) (m) ∈ Terms)) / (P₁({Terms ∈ Filter(WithTyp(typ))}))
(P₁(((mul) (((mul) (m)) (n))) (m) ∈ Terms)) = ((Coeff(FiberProductMap(domOf,TermsWithTypFn,Appln,Funcs,Terms))) * (P₁(Wrap((mul) (((mul) (m)) (n))) ∈ Funcs))) * (P₁(m ∈ AtCoord(TermsWithTyp,M :: HNil)))
(P₁(((mul) (((mul) (m)) (n))) (m) ∈ Terms)) = ((Coeff(ZipMapOpt(UnifApplnOpt,Funcs,Terms,Terms))) * (P₁(Wrap((mul) (((mul) (m)) (n))) ∈ Funcs))) * (P₁(m ∈ Terms))
(P₁(((mul) (((mul) (m)) (n))) (m) ∈ Terms)) = ((Coeff(FiberProductMap(typeOf(_),FuncsWithDomainFn,FlipAppln,Terms,Terms))) * (P₁(m ∈ Terms))) * (P₁(Wrap((mul) (((mul) (m)) (n))) ∈ AtCoord(FuncsWithDomain,M :: HNil)))
(P₁(((mul) (((mul) (m)) (n))) (m) ∈ Terms)) = (Coeff(Init(Terms))) * (P₀(((mul) (((mul) (m)) (n))) (m) ∈ Terms))
(P₁(Wrap((mul) (((mul) (m)) (n))) ∈ Funcs)) = (P₁((mul) (((mul) (m)) (n)) ∈ Terms)) / (P₁({Terms ∈ Restrict(FuncOpt)}))
(P₁(m ∈ AtCoord(TermsWithTyp,M :: HNil))) = (P₁(m ∈ Terms)) / (P₁({Terms ∈ Filter(WithTyp(typ))}))
(P₁(m ∈ AtCoord(TermsWithTyp,M :: HNil))) = (Coeff(Init(AtCoord(TermsWithTyp,M :: HNil)))) * (P₀(m ∈ AtCoord(TermsWithTyp,M :: HNil)))
(P₁(m ∈ Terms)) = (Coeff(Init(Terms))) * (P₀(m ∈ Terms))
(P₁(Wrap((mul) (((mul) (m)) (n))) ∈ AtCoord(FuncsWithDomain,M :: HNil))) = (P₁((mul) (((mul) (m)) (n)) ∈ Terms)) / (P₁({Terms ∈ Restrict(FuncWithDom(M))}))
(P₁(Wrap((eqM) (((mul) (((mul) (m)) (n))) (((mul) (((mul) (m)) (n))) (n)))) ∈ Funcs)) = (P₁((eqM) (((mul) (((mul) (m)) (n))) (((mul) (((mul) (m)) (n))) (n))) ∈ Terms)) / (P₁({Terms ∈ Restrict(FuncOpt)}))
Weights of terms and types:
P₁(((eqM) (((mul) (((mul) (m)) (n))) (((mul) (((mul) (m)) (n))) (n)))) (((mul) (((mul) (m)) (n))) (m)) ∈ Typs) -> 0.0
P₁((eqM) (((mul) (((mul) (m)) (n))) (((mul) (((mul) (m)) (n))) (n))) ∈ Terms) -> 3.7255417721726977E-7
P₁(eqM ∈ Terms) -> 0.06733941332567936
P₁(((mul) (((mul) (m)) (n))) (((mul) (((mul) (m)) (n))) (n)) ∈ Terms) -> 1.3843903630826172E-6
P₁(((mul) (((mul) (m)) (n))) (n) ∈ Terms) -> 3.570399166623292E-4
P₁(((mul) (((mul) (m)) (n))) (m) ∈ Terms) -> 3.570399166623292E-4
P₁((mul) (((mul) (m)) (n)) ∈ Terms) -> 0.006434315022388088
P₁(m ∈ Terms) -> 0.06733941332567936

Lemma: ((eqM) (((mul) (((mul) (((mul) (m)) (n))) (m))) (m))) (((mul) (m)) (n)); best proof: ((ass1) (((mul) (m)) (n))) (m) with weight 1.4889112272674194E-4; statement weight 3.16421438563823E-8
2020.12.22 09:09:24:301 [INFO ] provingground.learning.TypedPostResponse.Callback.$anonfun.applyOrElse:204:33 - completed callback 'report proofs' for type TypeTag[provingground.learning.HoTTMessages.FinalState] with input hash -1906328100
2020.12.22 09:09:24:303 [INFO ] provingground.learning.TypedPostResponse.MicroBot.post:241:18 - triggered response 'final state to filtered lemmas' of type TypeTag[provingground.learning.HoTTMessages.Lemmas] to post of type TypeTag[provingground.learning.HoTTMessages.FinalState] with input hash -1906328100
2020.12.22 09:09:26:688 [INFO ] provingground.learning.HoTTBot.$anonfun:269:30 - avoiding 242 types as tautologies and generators.
2020.12.22 09:09:26:921 [INFO ] provingground.learning.ErasablePostBuffer.$anon.post:115:22 - Post; tag: TypeTag[provingground.learning.HoTTMessages.Lemmas], id: (7,-1687817633), hash : -1687817633
2020.12.22 09:09:26:923 [INFO ] provingground.learning.TypedPostResponse.MicroBot.$anonfun.applyOrElse:255:26 - completed response 'final state to filtered lemmas' of type TypeTag[provingground.learning.HoTTMessages.Lemmas] to posts of type TypeTag[provingground.learning.HoTTMessages.FinalState] with input hash -1906328100
2020.12.22 09:09:26:924 [INFO ] provingground.learning.TypedPostResponse.MicroBot.post:241:18 - triggered response 'a7bdabb9' of type TypeTag[(provingground.learning.HoTTMessages.UsedLemmas :: provingground.learning.HoTTMessages.TangentLemmas :: shapeless.HNil) :: provingground.learning.HoTTMessages.BaseMixinLemmas :: shapeless.HNil] to post of type TypeTag[provingground.learning.HoTTMessages.Lemmas] with input hash -1687817633
2020.12.22 09:09:26:946 [INFO ] provingground.learning.HoTTBot.$anonfun:1277:24 - excluded lemmas:

2020.12.22 09:09:26:961 [INFO ] provingground.learning.ErasablePostBuffer.$anon.post:115:22 - Post; tag: TypeTag[provingground.learning.HoTTMessages.UsedLemmas], id: (8,1049729291), hash : 1049729291
2020.12.22 09:09:26:962 [INFO ] provingground.learning.ErasablePostBuffer.$anon.post:115:22 - Post; tag: TypeTag[provingground.learning.HoTTMessages.TangentLemmas], id: (9,1434842059), hash : 1434842059
2020.12.22 09:09:26:963 [INFO ] provingground.learning.ErasablePostBuffer.$anon.post:115:22 - Post; tag: TypeTag[provingground.learning.HoTTMessages.BaseMixinLemmas], id: (10,717081262), hash : 717081262
2020.12.22 09:09:26:964 [INFO ] provingground.learning.TypedPostResponse.MicroBot.$anonfun.applyOrElse:255:26 - completed response 'a7bdabb9' of type TypeTag[(provingground.learning.HoTTMessages.UsedLemmas :: provingground.learning.HoTTMessages.TangentLemmas :: shapeless.HNil) :: provingground.learning.HoTTMessages.BaseMixinLemmas :: shapeless.HNil] to posts of type TypeTag[provingground.learning.HoTTMessages.Lemmas] with input hash -1687817633
2020.12.22 09:09:26:966 [INFO ] provingground.learning.TypedPostResponse.DualMiniBotTask.post:491:20 - triggered (multiple) responses 'base state from special initial state' of type TypeTag[provingground.learning.HoTTMessages.TangentBaseState] to posts of type TypeTag[provingground.learning.HoTTMessages.BaseMixinLemmas] with input hash 717081262
2020.12.22 09:09:26:974 [INFO ] provingground.learning.TypedPostResponse.DualMiniBotTask.taskNest:497:32 - launching 1 branches
2020.12.22 09:09:26:977 [INFO ] provingground.learning.HoTTBot.$anonfun:1500:22 - previous special init states are 2
2020.12.22 09:09:26:981 [INFO ] provingground.learning.HoTTBot.baseStateTask:1343:16 - Computing base state
2020.12.22 09:09:26:986 [INFO ] provingground.learning.HoTTBot.baseStateTask:1343:16 - Computing base state
2020.12.22 09:09:26:987 [INFO ] provingground.learning.TypedPostResponse.DualMiniBotTask.$anonfun:502:36 - launching 2 responses  of type TypeTag[provingground.learning.HoTTMessages.TangentBaseState]  to posts of type TypeTag[provingground.learning.HoTTMessages.BaseMixinLemmas] in branch
2020.12.22 09:09:27:486 [INFO ] provingground.learning.HoTTBot.baseStateTask:1350:24 - Created vector of equations
2020.12.22 09:09:27:495 [INFO ] provingground.learning.HoTTBot.baseStateTask:1350:24 - Created vector of equations
2020.12.22 09:09:30:008 [INFO ] provingground.learning.ErasablePostBuffer.$anon.post:115:22 - Post; tag: TypeTag[provingground.learning.HoTTMessages.TangentBaseState], id: (11,-1319366178), hash : -1319366178
2020.12.22 09:09:30:010 [INFO ] provingground.learning.TypedPostResponse.DualMiniBotTask.$anonfun:507:44 - remaining 1 responses of type TypeTag[provingground.learning.HoTTMessages.TangentBaseState] to posts of type TypeTag[provingground.learning.HoTTMessages.BaseMixinLemmas]
2020.12.22 09:09:30:013 [INFO ] provingground.learning.ErasablePostBuffer.$anon.post:115:22 - Post; tag: TypeTag[provingground.learning.HoTTMessages.TangentBaseState], id: (12,-1204364301), hash : -1204364301
2020.12.22 09:09:30:014 [INFO ] provingground.learning.TypedPostResponse.DualMiniBotTask.$anonfun:507:44 - remaining 0 responses of type TypeTag[provingground.learning.HoTTMessages.TangentBaseState] to posts of type TypeTag[provingground.learning.HoTTMessages.BaseMixinLemmas]
2020.12.22 09:09:30:015 [INFO ] provingground.learning.TypedPostResponse.DualMiniBotTask.taskNest:520:22 - completed (multiple) responses 'base state from special initial state' of type TypeTag[provingground.learning.HoTTMessages.TangentBaseState] to posts of type TypeTag[provingground.learning.HoTTMessages.BaseMixinLemmas] with input hash 717081262
2020.12.22 09:09:30:017 [INFO ] provingground.learning.PostBuffer.$anon.post:266:22 - Post; tag: TypeTag[provingground.learning.HoTTMessages.TangentBaseCompleted.type], id: (13,-1666923435), content:
TangentBaseCompleted, hash: -1666923435
2020.12.22 09:09:30:021 [INFO ] provingground.learning.TypedPostResponse.MicroBot.post:241:18 - triggered response 'b944b8f6' of type TypeTag[provingground.learning.HoTTMessages.GeneratedEquationNodes] to post of type TypeTag[provingground.learning.HoTTMessages.TangentBaseCompleted.type] with input hash -1666923435
2020.12.22 09:09:35:810 [INFO ] provingground.learning.ErasablePostBuffer.$anon.post:115:22 - Post; tag: TypeTag[provingground.learning.HoTTMessages.GeneratedEquationNodes], id: (14,-945766138), hash : -945766138
2020.12.22 09:09:35:814 [INFO ] provingground.learning.TypedPostResponse.MicroBot.$anonfun.applyOrElse:255:26 - completed response 'b944b8f6' of type TypeTag[provingground.learning.HoTTMessages.GeneratedEquationNodes] to posts of type TypeTag[provingground.learning.HoTTMessages.TangentBaseCompleted.type] with input hash -1666923435
2020.12.22 09:09:35:815 [INFO ] provingground.learning.TypedPostResponse.MicroBot.post:241:18 - triggered response '50fd6d8e' of type TypeTag[provingground.learning.ExpressionEval] to post of type TypeTag[provingground.learning.HoTTMessages.GeneratedEquationNodes] with input hash -945766138
2020.12.22 09:09:35:818 [INFO ] provingground.learning.TypedPostResponse.Callback.post:200:18 - triggered callback 'update equations' for type TypeTag[provingground.learning.HoTTMessages.GeneratedEquationNodes] with input hash -945766138
2020.12.22 09:09:35:870 [INFO ] provingground.learning.TypedPostResponse.Callback.$anonfun.applyOrElse:204:33 - completed callback 'update equations' for type TypeTag[provingground.learning.HoTTMessages.GeneratedEquationNodes] with input hash -945766138
2020.12.22 09:09:37:686 [INFO ] provingground.learning.ErasablePostBuffer.$anon.post:115:22 - Post; tag: TypeTag[provingground.learning.ExpressionEval], id: (15,2073976156), hash : 2073976156
2020.12.22 09:09:37:687 [INFO ] provingground.learning.TypedPostResponse.MicroBot.$anonfun.applyOrElse:255:26 - completed response '50fd6d8e' of type TypeTag[provingground.learning.ExpressionEval] to posts of type TypeTag[provingground.learning.HoTTMessages.GeneratedEquationNodes] with input hash -945766138
2020.12.22 09:09:37:689 [INFO ] provingground.learning.TypedPostResponse.MicroBot.post:241:18 - triggered response '3f5fd116' of type TypeTag[provingground.learning.HoTTMessages.FinalState] to post of type TypeTag[provingground.learning.ExpressionEval] with input hash 2073976156
2020.12.22 09:09:37:690 [INFO ] provingground.learning.HoTTBot.expEvToFinalState:570:26 - computing final state
2020.12.22 09:09:39:934 [INFO ] provingground.learning.ErasablePostBuffer.$anon.post:115:22 - Post; tag: TypeTag[provingground.learning.HoTTMessages.FinalState], id: (16,-1652750751), hash : -1652750751
2020.12.22 09:09:39:934 [INFO ] provingground.learning.TypedPostResponse.MicroBot.$anonfun.applyOrElse:255:26 - completed response '3f5fd116' of type TypeTag[provingground.learning.HoTTMessages.FinalState] to posts of type TypeTag[provingground.learning.ExpressionEval] with input hash 2073976156
2020.12.22 09:09:39:935 [INFO ] provingground.learning.TypedPostResponse.MicroBot.post:241:18 - triggered response 'final state to filtered lemmas' of type TypeTag[provingground.learning.HoTTMessages.Lemmas] to post of type TypeTag[provingground.learning.HoTTMessages.FinalState] with input hash -1652750751
2020.12.22 09:09:39:936 [INFO ] provingground.learning.TypedPostResponse.Callback.post:200:18 - triggered callback 'update terms' for type TypeTag[provingground.learning.HoTTMessages.FinalState] with input hash -1652750751
2020.12.22 09:09:39:936 [INFO ] provingground.learning.TypedPostResponse.Callback.post:200:18 - triggered callback 'report proofs (simple)' for type TypeTag[provingground.learning.HoTTMessages.FinalState] with input hash -1652750751
2020.12.22 09:09:39:937 [INFO ] provingground.learning.TypedPostResponse.Callback.post:200:18 - triggered callback 'report proofs (simple)' for type TypeTag[provingground.learning.HoTTMessages.FinalState] with input hash -1652750751
2020.12.22 09:09:40:691 [INFO ] provingground.learning.HoTTBot.$anonfun:468:26 - Steps (in final state): 4
Lemma: (`a : M ) ~> ((`b : M ) ~> ((`c : M ) ~> ((((eqM) (`a)) (`b)) → ((((eqM) (`b)) (`c)) → (((eqM) (`a)) (`c)))))); best proof: trans with weight 0.06628909384522254; statement weight 5.785109342165559E-11
Lemma: (`$afm : M ) ~> ((((eqM) (((mul) (((mul) (m)) (n))) (((mul) (((mul) (m)) (n))) (n)))) (`$afm)) → (((eqM) (n)) (`$afm))); best proof: (`$bokulu :  M) ↦ (((((trans) (n)) (((mul) (((mul) (m)) (n))) (((mul) (((mul) (m)) (n))) (n)))) (`$bokulu)) ((((sym) (((mul) (((mul) (m)) (n))) (((mul) (((mul) (m)) (n))) (n)))) (n)) (((ass2) (((mul) (m)) (n))) (n)))) with weight 2.8310342134158015E-8; statement weight 3.9400825172543206E-11
Lemma: (`b : M ) ~> ((`c : M ) ~> ((((eqM) (`b)) (`c)) → (((eqM) (((mul) (((mul) (m)) (n))) (`b))) (((mul) (((mul) (m)) (n))) (`c))))); best proof: (left-multiply) (((mul) (m)) (n)) with weight 0.005144886802233574; statement weight 1.864208795710881E-11
Lemma: (`b : M ) ~> ((`c : M ) ~> ((((eqM) (`b)) (`c)) → (((eqM) (((mul) (`b)) (m))) (((mul) (`c)) (m))))); best proof: (right-multiply) (m) with weight 0.005133385623119875; statement weight 1.1668576200958844E-12
2020.12.22 09:09:40:692 [INFO ] provingground.learning.TypedPostResponse.Callback.$anonfun.applyOrElse:204:33 - completed callback 'report proofs (simple)' for type TypeTag[provingground.learning.HoTTMessages.FinalState] with input hash -1652750751
2020.12.22 09:09:40:777 [INFO ] provingground.learning.HoTTBot.$anonfun:468:26 - Results: 5
Lemma: ((eqM) (((mul) (((mul) (m)) (n))) (n))) (m); best proof: ((ass1) (m)) (n) with weight 9.93684436374869E-5; statement weight 5.673171676280253E-6
Lemma: ((eqM) (((mul) (((mul) (m)) (n))) (((mul) (((mul) (m)) (n))) (n)))) (n); best proof: ((ass2) (((mul) (m)) (n))) (n) with weight 9.959107531575243E-5; statement weight 1.1968379035073423E-8
Lemma: ((eqM) (n)) (((mul) (((mul) (m)) (n))) (((mul) (((mul) (m)) (n))) (n))); best proof: (((sym) (((mul) (((mul) (m)) (n))) (((mul) (((mul) (m)) (n))) (n)))) (n)) (((ass2) (((mul) (m)) (n))) (n)) with weight 1.679124004789238E-6; statement weight 1.2481645867174959E-8
Lemma: ((eqM) (((mul) (((mul) (m)) (n))) (((mul) (((mul) (m)) (n))) (n)))) (((mul) (((mul) (m)) (n))) (m)); best proof: ((((left-multiply) (((mul) (m)) (n))) (((mul) (((mul) (m)) (n))) (n))) (m)) (((ass1) (m)) (n)) with weight 6.57613867744758E-8; statement weight 2.4229512608746872E-11
Lemma: ((eqM) (((mul) (((mul) (((mul) (m)) (n))) (m))) (m))) (((mul) (m)) (n)); best proof: ((ass1) (((mul) (m)) (n))) (m) with weight 9.959107531575243E-5; statement weight 9.360590692364114E-9
2020.12.22 09:09:40:778 [INFO ] provingground.learning.TypedPostResponse.Callback.$anonfun.applyOrElse:204:33 - completed callback 'report proofs (simple)' for type TypeTag[provingground.learning.HoTTMessages.FinalState] with input hash -1652750751
2020.12.22 09:09:43:186 [INFO ] provingground.learning.HoTTBot.$anonfun:370:26 - Obtained 102607 formal equations
2020.12.22 09:09:43:705 [INFO ] provingground.learning.TypedPostResponse.Callback.$anonfun.applyOrElse:204:33 - completed callback 'update terms' for type TypeTag[provingground.learning.HoTTMessages.FinalState] with input hash -1652750751
2020.12.22 09:09:47:098 [INFO ] provingground.learning.HoTTBot.$anonfun:269:30 - avoiding 242 types as tautologies and generators.
2020.12.22 09:09:47:633 [INFO ] provingground.learning.ErasablePostBuffer.$anon.post:115:22 - Post; tag: TypeTag[provingground.learning.HoTTMessages.Lemmas], id: (17,528301490), hash : 528301490
2020.12.22 09:09:47:635 [INFO ] provingground.learning.TypedPostResponse.MicroBot.$anonfun.applyOrElse:255:26 - completed response 'final state to filtered lemmas' of type TypeTag[provingground.learning.HoTTMessages.Lemmas] to posts of type TypeTag[provingground.learning.HoTTMessages.FinalState] with input hash -1652750751
2020.12.22 09:09:47:636 [INFO ] provingground.learning.TypedPostResponse.MicroBot.post:241:18 - triggered response 'a7bdabb9' of type TypeTag[(provingground.learning.HoTTMessages.UsedLemmas :: provingground.learning.HoTTMessages.TangentLemmas :: shapeless.HNil) :: provingground.learning.HoTTMessages.BaseMixinLemmas :: shapeless.HNil] to post of type TypeTag[provingground.learning.HoTTMessages.Lemmas] with input hash 528301490
2020.12.22 09:09:47:642 [INFO ] provingground.learning.HoTTBot.$anonfun:1277:24 - excluded lemmas:
((eqM) (m)) (((mul) (((mul) (m)) (n))) (n))
((eqM) (n)) (((mul) (m)) (((mul) (m)) (n)))
2020.12.22 09:09:47:720 [INFO ] provingground.learning.ErasablePostBuffer.$anon.post:115:22 - Post; tag: TypeTag[provingground.learning.HoTTMessages.UsedLemmas], id: (18,-1298683013), hash : -1298683013
2020.12.22 09:09:47:722 [INFO ] provingground.learning.ErasablePostBuffer.$anon.post:115:22 - Post; tag: TypeTag[provingground.learning.HoTTMessages.TangentLemmas], id: (19,1417609796), hash : 1417609796
2020.12.22 09:09:47:724 [INFO ] provingground.learning.ErasablePostBuffer.$anon.post:115:22 - Post; tag: TypeTag[provingground.learning.HoTTMessages.BaseMixinLemmas], id: (20,166824921), hash : 166824921
2020.12.22 09:09:47:725 [INFO ] provingground.learning.TypedPostResponse.MicroBot.$anonfun.applyOrElse:255:26 - completed response 'a7bdabb9' of type TypeTag[(provingground.learning.HoTTMessages.UsedLemmas :: provingground.learning.HoTTMessages.TangentLemmas :: shapeless.HNil) :: provingground.learning.HoTTMessages.BaseMixinLemmas :: shapeless.HNil] to posts of type TypeTag[provingground.learning.HoTTMessages.Lemmas] with input hash 528301490
2020.12.22 09:09:47:726 [INFO ] provingground.learning.TypedPostResponse.DualMiniBotTask.post:491:20 - triggered (multiple) responses 'base state from special initial state' of type TypeTag[provingground.learning.HoTTMessages.TangentBaseState] to posts of type TypeTag[provingground.learning.HoTTMessages.BaseMixinLemmas] with input hash 166824921
2020.12.22 09:09:47:734 [INFO ] provingground.learning.TypedPostResponse.DualMiniBotTask.taskNest:497:32 - launching 1 branches
2020.12.22 09:09:47:735 [INFO ] provingground.learning.HoTTBot.$anonfun:1500:22 - previous special init states are 2
2020.12.22 09:09:47:737 [INFO ] provingground.learning.HoTTBot.baseStateTask:1343:16 - Computing base state
2020.12.22 09:09:47:738 [INFO ] provingground.learning.HoTTBot.baseStateTask:1343:16 - Computing base state
2020.12.22 09:09:47:739 [INFO ] provingground.learning.TypedPostResponse.DualMiniBotTask.$anonfun:502:36 - launching 2 responses  of type TypeTag[provingground.learning.HoTTMessages.TangentBaseState]  to posts of type TypeTag[provingground.learning.HoTTMessages.BaseMixinLemmas] in branch
2020.12.22 09:09:54:632 [INFO ] provingground.learning.HoTTBot.baseStateTask:1350:24 - Created vector of equations
2020.12.22 09:09:55:618 [INFO ] provingground.learning.HoTTBot.baseStateTask:1350:24 - Created vector of equations
2020.12.22 09:09:58:205 [INFO ] provingground.learning.ErasablePostBuffer.$anon.post:115:22 - Post; tag: TypeTag[provingground.learning.HoTTMessages.TangentBaseState], id: (21,582016623), hash : 582016623
2020.12.22 09:09:58:206 [INFO ] provingground.learning.TypedPostResponse.DualMiniBotTask.$anonfun:507:44 - remaining 1 responses of type TypeTag[provingground.learning.HoTTMessages.TangentBaseState] to posts of type TypeTag[provingground.learning.HoTTMessages.BaseMixinLemmas]
2020.12.22 09:09:59:114 [INFO ] provingground.learning.ErasablePostBuffer.$anon.post:115:22 - Post; tag: TypeTag[provingground.learning.HoTTMessages.TangentBaseState], id: (22,-1985803648), hash : -1985803648
2020.12.22 09:09:59:115 [INFO ] provingground.learning.TypedPostResponse.DualMiniBotTask.$anonfun:507:44 - remaining 0 responses of type TypeTag[provingground.learning.HoTTMessages.TangentBaseState] to posts of type TypeTag[provingground.learning.HoTTMessages.BaseMixinLemmas]
2020.12.22 09:09:59:116 [INFO ] provingground.learning.TypedPostResponse.DualMiniBotTask.taskNest:520:22 - completed (multiple) responses 'base state from special initial state' of type TypeTag[provingground.learning.HoTTMessages.TangentBaseState] to posts of type TypeTag[provingground.learning.HoTTMessages.BaseMixinLemmas] with input hash 166824921
2020.12.22 09:09:59:118 [INFO ] provingground.learning.PostBuffer.$anon.post:266:22 - Post; tag: TypeTag[provingground.learning.HoTTMessages.TangentBaseCompleted.type], id: (23,-1666923435), content:
TangentBaseCompleted, hash: -1666923435
2020.12.22 09:09:59:118 [INFO ] provingground.learning.TypedPostResponse.MicroBot.post:241:18 - triggered response 'b944b8f6' of type TypeTag[provingground.learning.HoTTMessages.GeneratedEquationNodes] to post of type TypeTag[provingground.learning.HoTTMessages.TangentBaseCompleted.type] with input hash -1666923435
2020.12.22 09:11:00:138 [INFO ] provingground.learning.SimpleEquations.timedUnAppEquations:277:30 - reached cutoff limit Some(1.0E-11)
2020.12.22 09:11:03:253 [INFO ] provingground.learning.SimpleEquations.timedUnAppEquations:277:30 - reached cutoff limit Some(1.0E-11)
2020.12.22 09:11:03:651 [INFO ] provingground.learning.ErasablePostBuffer.$anon.post:115:22 - Post; tag: TypeTag[provingground.learning.HoTTMessages.GeneratedEquationNodes], id: (24,651998823), hash : 651998823
2020.12.22 09:11:03:656 [INFO ] provingground.learning.TypedPostResponse.MicroBot.$anonfun.applyOrElse:255:26 - completed response 'b944b8f6' of type TypeTag[provingground.learning.HoTTMessages.GeneratedEquationNodes] to posts of type TypeTag[provingground.learning.HoTTMessages.TangentBaseCompleted.type] with input hash -1666923435
2020.12.22 09:11:03:657 [INFO ] provingground.learning.TypedPostResponse.MicroBot.post:241:18 - triggered response '50fd6d8e' of type TypeTag[provingground.learning.ExpressionEval] to post of type TypeTag[provingground.learning.HoTTMessages.GeneratedEquationNodes] with input hash 651998823
2020.12.22 09:11:03:662 [INFO ] provingground.learning.TypedPostResponse.Callback.post:200:18 - triggered callback 'update equations' for type TypeTag[provingground.learning.HoTTMessages.GeneratedEquationNodes] with input hash 651998823
2020.12.22 09:11:04:140 [INFO ] provingground.learning.TypedPostResponse.Callback.$anonfun.applyOrElse:204:33 - completed callback 'update equations' for type TypeTag[provingground.learning.HoTTMessages.GeneratedEquationNodes] with input hash 651998823
2020.12.22 09:11:10:147 [INFO ] provingground.learning.ErasablePostBuffer.$anon.post:115:22 - Post; tag: TypeTag[provingground.learning.ExpressionEval], id: (25,1718557640), hash : 1718557640
2020.12.22 09:11:10:148 [INFO ] provingground.learning.TypedPostResponse.MicroBot.$anonfun.applyOrElse:255:26 - completed response '50fd6d8e' of type TypeTag[provingground.learning.ExpressionEval] to posts of type TypeTag[provingground.learning.HoTTMessages.GeneratedEquationNodes] with input hash 651998823
2020.12.22 09:11:10:152 [INFO ] provingground.learning.TypedPostResponse.MicroBot.post:241:18 - triggered response '3f5fd116' of type TypeTag[provingground.learning.HoTTMessages.FinalState] to post of type TypeTag[provingground.learning.ExpressionEval] with input hash 1718557640
2020.12.22 09:11:10:152 [INFO ] provingground.learning.HoTTBot.expEvToFinalState:570:26 - computing final state
2020.12.22 09:11:14:527 [INFO ] provingground.learning.ErasablePostBuffer.$anon.post:115:22 - Post; tag: TypeTag[provingground.learning.HoTTMessages.FinalState], id: (26,1521234800), hash : 1521234800
2020.12.22 09:11:14:529 [INFO ] provingground.learning.TypedPostResponse.MicroBot.$anonfun.applyOrElse:255:26 - completed response '3f5fd116' of type TypeTag[provingground.learning.HoTTMessages.FinalState] to posts of type TypeTag[provingground.learning.ExpressionEval] with input hash 1718557640
2020.12.22 09:11:14:529 [INFO ] provingground.learning.TypedPostResponse.MicroBot.post:241:18 - triggered response 'final state to filtered lemmas' of type TypeTag[provingground.learning.HoTTMessages.Lemmas] to post of type TypeTag[provingground.learning.HoTTMessages.FinalState] with input hash 1521234800
2020.12.22 09:11:14:531 [INFO ] provingground.learning.TypedPostResponse.Callback.post:200:18 - triggered callback 'update terms' for type TypeTag[provingground.learning.HoTTMessages.FinalState] with input hash 1521234800
2020.12.22 09:11:14:533 [INFO ] provingground.learning.TypedPostResponse.Callback.post:200:18 - triggered callback 'report proofs (simple)' for type TypeTag[provingground.learning.HoTTMessages.FinalState] with input hash 1521234800
2020.12.22 09:11:14:535 [INFO ] provingground.learning.TypedPostResponse.Callback.post:200:18 - triggered callback 'report proofs (simple)' for type TypeTag[provingground.learning.HoTTMessages.FinalState] with input hash 1521234800
2020.12.22 09:11:18:620 [INFO ] provingground.learning.HoTTBot.$anonfun:468:26 - Steps (in final state): 4
Lemma: (`a : M ) ~> ((`b : M ) ~> ((`c : M ) ~> ((((eqM) (`a)) (`b)) → ((((eqM) (`b)) (`c)) → (((eqM) (`a)) (`c)))))); best proof: trans with weight 0.06628905537346294; statement weight 5.782488018010052E-11
Lemma: (`$afm : M ) ~> ((((eqM) (((mul) (((mul) (m)) (n))) (((mul) (((mul) (m)) (n))) (n)))) (`$afm)) → (((eqM) (n)) (`$afm))); best proof: (`$bokulu :  M) ↦ (((((trans) (n)) (((mul) (((mul) (m)) (n))) (((mul) (((mul) (m)) (n))) (n)))) (`$bokulu)) ((((sym) (((mul) (((mul) (m)) (n))) (((mul) (((mul) (m)) (n))) (n)))) (n)) (((ass2) (((mul) (m)) (n))) (n)))) with weight 2.83103256696424E-8; statement weight 3.94000925399924E-11
Lemma: (`b : M ) ~> ((`c : M ) ~> ((((eqM) (`b)) (`c)) → (((eqM) (((mul) (((mul) (m)) (n))) (`b))) (((mul) (((mul) (m)) (n))) (`c))))); best proof: (left-multiply) (((mul) (m)) (n)) with weight 0.0051448838125843855; statement weight 1.86373205235828E-11
Lemma: (`b : M ) ~> ((`c : M ) ~> ((((eqM) (`b)) (`c)) → (((eqM) (((mul) (`b)) (m))) (((mul) (`c)) (m))))); best proof: (right-multiply) (m) with weight 0.005133382640106556; statement weight 1.167160537779999E-12
2020.12.22 09:11:18:620 [INFO ] provingground.learning.TypedPostResponse.Callback.$anonfun.applyOrElse:204:33 - completed callback 'report proofs (simple)' for type TypeTag[provingground.learning.HoTTMessages.FinalState] with input hash 1521234800
2020.12.22 09:11:19:278 [INFO ] provingground.learning.HoTTBot.$anonfun:468:26 - Results: 6
Lemma: ((eqM) (((mul) (((mul) (m)) (n))) (n))) (m); best proof: ((ass1) (m)) (n) with weight 9.936838586314001E-5; statement weight 5.673171617221632E-6
Lemma: ((eqM) (((mul) (((mul) (m)) (n))) (((mul) (((mul) (m)) (n))) (n)))) (n); best proof: ((ass2) (((mul) (m)) (n))) (n) with weight 9.959101741150583E-5; statement weight 1.1968376867904968E-8
Lemma: ((eqM) (n)) (((mul) (((mul) (m)) (n))) (((mul) (((mul) (m)) (n))) (n))); best proof: (((sym) (((mul) (((mul) (m)) (n))) (((mul) (((mul) (m)) (n))) (n)))) (n)) (((ass2) (((mul) (m)) (n))) (n)) with weight 1.6791230259456796E-6; statement weight 1.2481645851973586E-8
Lemma: ((eqM) (((mul) (((mul) (m)) (n))) (((mul) (((mul) (m)) (n))) (n)))) (((mul) (((mul) (m)) (n))) (m)); best proof: ((((left-multiply) (((mul) (m)) (n))) (((mul) (((mul) (m)) (n))) (n))) (m)) (((ass1) (m)) (n)) with weight 6.576423991865796E-8; statement weight 2.4229508350720018E-11
Lemma: ((eqM) (((mul) (((mul) (((mul) (m)) (n))) (m))) (m))) (((mul) (m)) (n)); best proof: ((ass1) (((mul) (m)) (n))) (m) with weight 9.959101741150583E-5; statement weight 9.360575104615782E-9
Lemma: ((eqM) (n)) (((mul) (((mul) (m)) (n))) (m)); best proof: (((((trans) (n)) (((mul) (((mul) (m)) (n))) (((mul) (((mul) (m)) (n))) (n)))) (((mul) (((mul) (m)) (n))) (m))) ((((sym) (((mul) (((mul) (m)) (n))) (((mul) (((mul) (m)) (n))) (n)))) (n)) (((ass2) (((mul) (m)) (n))) (n)))) (((((left-multiply) (((mul) (m)) (n))) (((mul) (((mul) (m)) (n))) (n))) (m)) (((ass1) (m)) (n))) with weight 2.3947626506758884E-16; statement weight 2.9661466605373777E-5
2020.12.22 09:11:19:278 [INFO ] provingground.learning.TypedPostResponse.Callback.$anonfun.applyOrElse:204:33 - completed callback 'report proofs (simple)' for type TypeTag[provingground.learning.HoTTMessages.FinalState] with input hash 1521234800
2020.12.22 09:11:29:264 [INFO ] provingground.learning.HoTTBot.$anonfun:370:26 - Obtained 494464 formal equations
2020.12.22 09:11:31:302 [INFO ] provingground.learning.TypedPostResponse.Callback.$anonfun.applyOrElse:204:33 - completed callback 'update terms' for type TypeTag[provingground.learning.HoTTMessages.FinalState] with input hash 1521234800
2020.12.22 09:11:41:582 [INFO ] provingground.learning.HoTTBot.$anonfun:269:30 - avoiding 242 types as tautologies and generators.
2020.12.22 09:11:44:969 [INFO ] provingground.learning.ErasablePostBuffer.$anon.post:115:22 - Post; tag: TypeTag[provingground.learning.HoTTMessages.Lemmas], id: (27,-1307921282), hash : -1307921282
2020.12.22 09:11:44:972 [INFO ] provingground.learning.TypedPostResponse.MicroBot.$anonfun.applyOrElse:255:26 - completed response 'final state to filtered lemmas' of type TypeTag[provingground.learning.HoTTMessages.Lemmas] to posts of type TypeTag[provingground.learning.HoTTMessages.FinalState] with input hash 1521234800
2020.12.22 09:11:44:975 [INFO ] provingground.learning.TypedPostResponse.MicroBot.post:241:18 - triggered response 'a7bdabb9' of type TypeTag[(provingground.learning.HoTTMessages.UsedLemmas :: provingground.learning.HoTTMessages.TangentLemmas :: shapeless.HNil) :: provingground.learning.HoTTMessages.BaseMixinLemmas :: shapeless.HNil] to post of type TypeTag[provingground.learning.HoTTMessages.Lemmas] with input hash -1307921282
2020.12.22 09:11:45:006 [INFO ] provingground.learning.HoTTBot.$anonfun:1277:24 - excluded lemmas:

2020.12.22 09:11:45:348 [INFO ] provingground.learning.ErasablePostBuffer.$anon.post:115:22 - Post; tag: TypeTag[provingground.learning.HoTTMessages.UsedLemmas], id: (28,706970357), hash : 706970357
2020.12.22 09:11:45:352 [INFO ] provingground.learning.ErasablePostBuffer.$anon.post:115:22 - Post; tag: TypeTag[provingground.learning.HoTTMessages.TangentLemmas], id: (29,251043142), hash : 251043142
2020.12.22 09:11:45:355 [INFO ] provingground.learning.ErasablePostBuffer.$anon.post:115:22 - Post; tag: TypeTag[provingground.learning.HoTTMessages.BaseMixinLemmas], id: (30,-1065276714), hash : -1065276714
2020.12.22 09:11:45:356 [INFO ] provingground.learning.TypedPostResponse.MicroBot.$anonfun.applyOrElse:255:26 - completed response 'a7bdabb9' of type TypeTag[(provingground.learning.HoTTMessages.UsedLemmas :: provingground.learning.HoTTMessages.TangentLemmas :: shapeless.HNil) :: provingground.learning.HoTTMessages.BaseMixinLemmas :: shapeless.HNil] to posts of type TypeTag[provingground.learning.HoTTMessages.Lemmas] with input hash -1307921282
2020.12.22 09:11:45:359 [INFO ] provingground.learning.TypedPostResponse.DualMiniBotTask.post:491:20 - triggered (multiple) responses 'base state from special initial state' of type TypeTag[provingground.learning.HoTTMessages.TangentBaseState] to posts of type TypeTag[provingground.learning.HoTTMessages.BaseMixinLemmas] with input hash -1065276714
2020.12.22 09:11:45:368 [INFO ] provingground.learning.TypedPostResponse.DualMiniBotTask.taskNest:497:32 - launching 1 branches
2020.12.22 09:11:45:368 [INFO ] provingground.learning.HoTTBot.$anonfun:1500:22 - previous special init states are 2
2020.12.22 09:11:45:372 [INFO ] provingground.learning.HoTTBot.baseStateTask:1343:16 - Computing base state
2020.12.22 09:11:45:376 [INFO ] provingground.learning.HoTTBot.baseStateTask:1343:16 - Computing base state
2020.12.22 09:11:45:376 [INFO ] provingground.learning.TypedPostResponse.DualMiniBotTask.$anonfun:502:36 - launching 2 responses  of type TypeTag[provingground.learning.HoTTMessages.TangentBaseState]  to posts of type TypeTag[provingground.learning.HoTTMessages.BaseMixinLemmas] in branch
2020.12.22 09:12:41:278 [INFO ] provingground.learning.HoTTBot.baseStateTask:1350:24 - Created vector of equations
2020.12.22 09:12:52:889 [INFO ] provingground.learning.HoTTBot.baseStateTask:1350:24 - Created vector of equations
2020.12.22 09:12:56:521 [INFO ] provingground.learning.ErasablePostBuffer.$anon.post:115:22 - Post; tag: TypeTag[provingground.learning.HoTTMessages.TangentBaseState], id: (31,1765376906), hash : 1765376906
2020.12.22 09:12:56:525 [INFO ] provingground.learning.TypedPostResponse.DualMiniBotTask.$anonfun:507:44 - remaining 1 responses of type TypeTag[provingground.learning.HoTTMessages.TangentBaseState] to posts of type TypeTag[provingground.learning.HoTTMessages.BaseMixinLemmas]
2020.12.22 09:13:04:429 [INFO ] provingground.learning.ErasablePostBuffer.$anon.post:115:22 - Post; tag: TypeTag[provingground.learning.HoTTMessages.TangentBaseState], id: (32,-1968518534), hash : -1968518534
2020.12.22 09:13:04:430 [INFO ] provingground.learning.TypedPostResponse.DualMiniBotTask.$anonfun:507:44 - remaining 0 responses of type TypeTag[provingground.learning.HoTTMessages.TangentBaseState] to posts of type TypeTag[provingground.learning.HoTTMessages.BaseMixinLemmas]
2020.12.22 09:13:04:431 [INFO ] provingground.learning.TypedPostResponse.DualMiniBotTask.taskNest:520:22 - completed (multiple) responses 'base state from special initial state' of type TypeTag[provingground.learning.HoTTMessages.TangentBaseState] to posts of type TypeTag[provingground.learning.HoTTMessages.BaseMixinLemmas] with input hash -1065276714
2020.12.22 09:13:04:432 [INFO ] provingground.learning.PostBuffer.$anon.post:266:22 - Post; tag: TypeTag[provingground.learning.HoTTMessages.TangentBaseCompleted.type], id: (33,-1666923435), content:
TangentBaseCompleted, hash: -1666923435
2020.12.22 09:13:04:432 [INFO ] provingground.learning.TypedPostResponse.MicroBot.post:241:18 - triggered response 'b944b8f6' of type TypeTag[provingground.learning.HoTTMessages.GeneratedEquationNodes] to post of type TypeTag[provingground.learning.HoTTMessages.TangentBaseCompleted.type] with input hash -1666923435
2020.12.22 09:14:08:727 [INFO ] provingground.learning.SimpleEquations.timedUnAppEquations:277:30 - reached cutoff limit Some(1.0E-11)
2020.12.22 09:14:16:310 [INFO ] provingground.learning.SimpleEquations.timedUnAppEquations:277:30 - reached cutoff limit Some(1.0E-11)
2020.12.22 09:14:16:671 [INFO ] provingground.learning.ErasablePostBuffer.$anon.post:115:22 - Post; tag: TypeTag[provingground.learning.HoTTMessages.GeneratedEquationNodes], id: (34,24850783), hash : 24850783
2020.12.22 09:14:16:673 [INFO ] provingground.learning.TypedPostResponse.MicroBot.$anonfun.applyOrElse:255:26 - completed response 'b944b8f6' of type TypeTag[provingground.learning.HoTTMessages.GeneratedEquationNodes] to posts of type TypeTag[provingground.learning.HoTTMessages.TangentBaseCompleted.type] with input hash -1666923435
2020.12.22 09:14:16:674 [INFO ] provingground.learning.TypedPostResponse.MicroBot.post:241:18 - triggered response '50fd6d8e' of type TypeTag[provingground.learning.ExpressionEval] to post of type TypeTag[provingground.learning.HoTTMessages.GeneratedEquationNodes] with input hash 24850783
2020.12.22 09:14:16:676 [INFO ] provingground.learning.TypedPostResponse.Callback.post:200:18 - triggered callback 'update equations' for type TypeTag[provingground.learning.HoTTMessages.GeneratedEquationNodes] with input hash 24850783
2020.12.22 09:14:17:813 [INFO ] provingground.learning.TypedPostResponse.Callback.$anonfun.applyOrElse:204:33 - completed callback 'update equations' for type TypeTag[provingground.learning.HoTTMessages.GeneratedEquationNodes] with input hash 24850783
2020.12.22 09:14:28:908 [INFO ] provingground.learning.ErasablePostBuffer.$anon.post:115:22 - Post; tag: TypeTag[provingground.learning.ExpressionEval], id: (35,296348255), hash : 296348255
2020.12.22 09:14:28:909 [INFO ] provingground.learning.TypedPostResponse.MicroBot.$anonfun.applyOrElse:255:26 - completed response '50fd6d8e' of type TypeTag[provingground.learning.ExpressionEval] to posts of type TypeTag[provingground.learning.HoTTMessages.GeneratedEquationNodes] with input hash 24850783
2020.12.22 09:14:28:911 [INFO ] provingground.learning.TypedPostResponse.MicroBot.post:241:18 - triggered response '3f5fd116' of type TypeTag[provingground.learning.HoTTMessages.FinalState] to post of type TypeTag[provingground.learning.ExpressionEval] with input hash 296348255
2020.12.22 09:14:28:911 [INFO ] provingground.learning.HoTTBot.expEvToFinalState:570:26 - computing final state
2020.12.22 09:14:34:941 [INFO ] provingground.learning.ErasablePostBuffer.$anon.post:115:22 - Post; tag: TypeTag[provingground.learning.HoTTMessages.FinalState], id: (36,1935112809), hash : 1935112809
2020.12.22 09:14:34:944 [INFO ] provingground.learning.TypedPostResponse.MicroBot.$anonfun.applyOrElse:255:26 - completed response '3f5fd116' of type TypeTag[provingground.learning.HoTTMessages.FinalState] to posts of type TypeTag[provingground.learning.ExpressionEval] with input hash 296348255
2020.12.22 09:14:34:944 [INFO ] provingground.learning.TypedPostResponse.MicroBot.post:241:18 - triggered response 'final state to filtered lemmas' of type TypeTag[provingground.learning.HoTTMessages.Lemmas] to post of type TypeTag[provingground.learning.HoTTMessages.FinalState] with input hash 1935112809
2020.12.22 09:14:34:947 [INFO ] provingground.learning.TypedPostResponse.Callback.post:200:18 - triggered callback 'update terms' for type TypeTag[provingground.learning.HoTTMessages.FinalState] with input hash 1935112809
2020.12.22 09:14:34:950 [INFO ] provingground.learning.TypedPostResponse.Callback.post:200:18 - triggered callback 'report proofs (simple)' for type TypeTag[provingground.learning.HoTTMessages.FinalState] with input hash 1935112809
2020.12.22 09:14:34:952 [INFO ] provingground.learning.TypedPostResponse.Callback.post:200:18 - triggered callback 'report proofs (simple)' for type TypeTag[provingground.learning.HoTTMessages.FinalState] with input hash 1935112809
2020.12.22 09:14:40:520 [INFO ] provingground.learning.HoTTBot.$anonfun:468:26 - Steps (in final state): 4
Lemma: (`a : M ) ~> ((`b : M ) ~> ((`c : M ) ~> ((((eqM) (`a)) (`b)) → ((((eqM) (`b)) (`c)) → (((eqM) (`a)) (`c)))))); best proof: trans with weight 0.06628905516793702; statement weight 5.7805277035223754E-11
Lemma: (`$afm : M ) ~> ((((eqM) (((mul) (((mul) (m)) (n))) (((mul) (((mul) (m)) (n))) (n)))) (`$afm)) → (((eqM) (n)) (`$afm))); best proof: (`$bokulu :  M) ↦ (((((trans) (n)) (((mul) (((mul) (m)) (n))) (((mul) (((mul) (m)) (n))) (n)))) (`$bokulu)) ((((sym) (((mul) (((mul) (m)) (n))) (((mul) (((mul) (m)) (n))) (n)))) (n)) (((ass2) (((mul) (m)) (n))) (n)))) with weight 2.8310325529431304E-8; statement weight 3.939960818871502E-11
Lemma: (`b : M ) ~> ((`c : M ) ~> ((((eqM) (`b)) (`c)) → (((eqM) (((mul) (((mul) (m)) (n))) (`b))) (((mul) (((mul) (m)) (n))) (`c))))); best proof: (left-multiply) (((mul) (m)) (n)) with weight 0.0051448837948719645; statement weight 1.8633905932951506E-11
Lemma: (`b : M ) ~> ((`c : M ) ~> ((((eqM) (`b)) (`c)) → (((eqM) (((mul) (`b)) (m))) (((mul) (`c)) (m))))); best proof: (right-multiply) (m) with weight 0.005133382622411399; statement weight 1.1673873165664928E-12
2020.12.22 09:14:40:521 [INFO ] provingground.learning.TypedPostResponse.Callback.$anonfun.applyOrElse:204:33 - completed callback 'report proofs (simple)' for type TypeTag[provingground.learning.HoTTMessages.FinalState] with input hash 1935112809
2020.12.22 09:14:42:103 [INFO ] provingground.learning.HoTTBot.$anonfun:468:26 - Results: 7
Lemma: ((eqM) (((mul) (((mul) (m)) (n))) (n))) (m); best proof: ((ass1) (m)) (n) with weight 9.936838550902176E-5; statement weight 5.67317121010021E-6
Lemma: ((eqM) (((mul) (((mul) (m)) (n))) (((mul) (((mul) (m)) (n))) (n)))) (n); best proof: ((ass2) (((mul) (m)) (n))) (n) with weight 9.95910170571818E-5; statement weight 1.1968374689737088E-8
Lemma: ((eqM) (n)) (((mul) (((mul) (m)) (n))) (((mul) (((mul) (m)) (n))) (n))); best proof: (((sym) (((mul) (((mul) (m)) (n))) (((mul) (((mul) (m)) (n))) (n)))) (n)) (((ass2) (((mul) (m)) (n))) (n)) with weight 1.6791230177575514E-6; statement weight 1.2481645013330049E-8
Lemma: ((eqM) (((mul) (((mul) (m)) (n))) (((mul) (((mul) (m)) (n))) (n)))) (((mul) (((mul) (m)) (n))) (m)); best proof: ((((left-multiply) (((mul) (m)) (n))) (((mul) (((mul) (m)) (n))) (n))) (m)) (((ass1) (m)) (n)) with weight 6.576568534237031E-8; statement weight 2.4229504009631527E-11
Lemma: ((eqM) (((mul) (((mul) (((mul) (m)) (n))) (m))) (m))) (((mul) (m)) (n)); best proof: ((ass1) (((mul) (m)) (n))) (m) with weight 9.95910170571818E-5; statement weight 9.360564287071192E-9
Lemma: ((eqM) (n)) (((mul) (((mul) (m)) (n))) (m)); best proof: (((((trans) (n)) (((mul) (((mul) (m)) (n))) (((mul) (((mul) (m)) (n))) (n)))) (((mul) (((mul) (m)) (n))) (m))) ((((sym) (((mul) (((mul) (m)) (n))) (((mul) (((mul) (m)) (n))) (n)))) (n)) (((ass2) (((mul) (m)) (n))) (n)))) (((((left-multiply) (((mul) (m)) (n))) (((mul) (((mul) (m)) (n))) (n))) (m)) (((ass1) (m)) (n))) with weight 2.39481528758129E-16; statement weight 2.966146464907412E-5
Lemma: ((eqM) (((mul) (n)) (m))) (((mul) (((mul) (((mul) (m)) (n))) (m))) (m)); best proof: ((((right-multiply) (m)) (n)) (((mul) (((mul) (m)) (n))) (m))) ((((((trans) (n)) (((mul) (((mul) (m)) (n))) (((mul) (((mul) (m)) (n))) (n)))) (((mul) (((mul) (m)) (n))) (m))) ((((sym) (((mul) (((mul) (m)) (n))) (((mul) (((mul) (m)) (n))) (n)))) (n)) (((ass2) (((mul) (m)) (n))) (n)))) (((((left-multiply) (((mul) (m)) (n))) (((mul) (((mul) (m)) (n))) (n))) (m)) (((ass1) (m)) (n)))) with weight 1.6432281588603538E-19; statement weight 0.0
2020.12.22 09:14:42:104 [INFO ] provingground.learning.TypedPostResponse.Callback.$anonfun.applyOrElse:204:33 - completed callback 'report proofs (simple)' for type TypeTag[provingground.learning.HoTTMessages.FinalState] with input hash 1935112809
2020.12.22 09:15:02:336 [INFO ] provingground.learning.HoTTBot.$anonfun:370:26 - Obtained 689752 formal equations
2020.12.22 09:15:06:444 [INFO ] provingground.learning.TypedPostResponse.Callback.$anonfun.applyOrElse:204:33 - completed callback 'update terms' for type TypeTag[provingground.learning.HoTTMessages.FinalState] with input hash 1935112809
2020.12.22 09:15:23:345 [INFO ] provingground.learning.HoTTBot.$anonfun:269:30 - avoiding 242 types as tautologies and generators.
2020.12.22 09:15:35:389 [INFO ] provingground.learning.ErasablePostBuffer.$anon.post:115:22 - Post; tag: TypeTag[provingground.learning.HoTTMessages.Lemmas], id: (37,-553854570), hash : -553854570
2020.12.22 09:15:35:395 [INFO ] provingground.learning.TypedPostResponse.MicroBot.$anonfun.applyOrElse:255:26 - completed response 'final state to filtered lemmas' of type TypeTag[provingground.learning.HoTTMessages.Lemmas] to posts of type TypeTag[provingground.learning.HoTTMessages.FinalState] with input hash 1935112809
2020.12.22 09:15:35:401 [INFO ] provingground.learning.TypedPostResponse.MicroBot.post:241:18 - triggered response 'a7bdabb9' of type TypeTag[(provingground.learning.HoTTMessages.UsedLemmas :: provingground.learning.HoTTMessages.TangentLemmas :: shapeless.HNil) :: provingground.learning.HoTTMessages.BaseMixinLemmas :: shapeless.HNil] to post of type TypeTag[provingground.learning.HoTTMessages.Lemmas] with input hash -553854570
2020.12.22 09:15:35:742 [INFO ] provingground.learning.HoTTBot.$anonfun:1277:24 - excluded lemmas:

2020.12.22 09:15:36:716 [INFO ] provingground.learning.ErasablePostBuffer.$anon.post:115:22 - Post; tag: TypeTag[provingground.learning.HoTTMessages.UsedLemmas], id: (38,-552320534), hash : -552320534
2020.12.22 09:15:36:719 [INFO ] provingground.learning.ErasablePostBuffer.$anon.post:115:22 - Post; tag: TypeTag[provingground.learning.HoTTMessages.TangentLemmas], id: (39,1777893749), hash : 1777893749
2020.12.22 09:15:36:721 [INFO ] provingground.learning.ErasablePostBuffer.$anon.post:115:22 - Post; tag: TypeTag[provingground.learning.HoTTMessages.BaseMixinLemmas], id: (40,1234511237), hash : 1234511237
2020.12.22 09:15:36:722 [INFO ] provingground.learning.TypedPostResponse.MicroBot.$anonfun.applyOrElse:255:26 - completed response 'a7bdabb9' of type TypeTag[(provingground.learning.HoTTMessages.UsedLemmas :: provingground.learning.HoTTMessages.TangentLemmas :: shapeless.HNil) :: provingground.learning.HoTTMessages.BaseMixinLemmas :: shapeless.HNil] to posts of type TypeTag[provingground.learning.HoTTMessages.Lemmas] with input hash -553854570
2020.12.22 09:15:36:724 [INFO ] provingground.learning.TypedPostResponse.DualMiniBotTask.post:491:20 - triggered (multiple) responses 'base state from special initial state' of type TypeTag[provingground.learning.HoTTMessages.TangentBaseState] to posts of type TypeTag[provingground.learning.HoTTMessages.BaseMixinLemmas] with input hash 1234511237
2020.12.22 09:15:36:741 [INFO ] provingground.learning.TypedPostResponse.DualMiniBotTask.taskNest:497:32 - launching 1 branches
2020.12.22 09:15:36:741 [INFO ] provingground.learning.HoTTBot.$anonfun:1500:22 - previous special init states are 2
2020.12.22 09:15:36:742 [INFO ] provingground.learning.HoTTBot.baseStateTask:1343:16 - Computing base state
2020.12.22 09:15:36:742 [INFO ] provingground.learning.HoTTBot.baseStateTask:1343:16 - Computing base state
2020.12.22 09:15:36:743 [INFO ] provingground.learning.TypedPostResponse.DualMiniBotTask.$anonfun:502:36 - launching 2 responses  of type TypeTag[provingground.learning.HoTTMessages.TangentBaseState]  to posts of type TypeTag[provingground.learning.HoTTMessages.BaseMixinLemmas] in branch
2020.12.22 09:17:08:256 [INFO ] provingground.learning.HoTTBot.baseStateTask:1350:24 - Created vector of equations
2020.12.22 09:17:19:898 [INFO ] provingground.learning.HoTTBot.baseStateTask:1350:24 - Created vector of equations
2020.12.22 09:17:34:546 [INFO ] provingground.learning.ErasablePostBuffer.$anon.post:115:22 - Post; tag: TypeTag[provingground.learning.HoTTMessages.TangentBaseState], id: (41,583965237), hash : 583965237
2020.12.22 09:17:34:549 [INFO ] provingground.learning.TypedPostResponse.DualMiniBotTask.$anonfun:507:44 - remaining 1 responses of type TypeTag[provingground.learning.HoTTMessages.TangentBaseState] to posts of type TypeTag[provingground.learning.HoTTMessages.BaseMixinLemmas]
2020.12.22 09:17:42:212 [INFO ] provingground.learning.ErasablePostBuffer.$anon.post:115:22 - Post; tag: TypeTag[provingground.learning.HoTTMessages.TangentBaseState], id: (42,538419741), hash : 538419741
2020.12.22 09:17:42:214 [INFO ] provingground.learning.TypedPostResponse.DualMiniBotTask.$anonfun:507:44 - remaining 0 responses of type TypeTag[provingground.learning.HoTTMessages.TangentBaseState] to posts of type TypeTag[provingground.learning.HoTTMessages.BaseMixinLemmas]
2020.12.22 09:17:42:215 [INFO ] provingground.learning.TypedPostResponse.DualMiniBotTask.taskNest:520:22 - completed (multiple) responses 'base state from special initial state' of type TypeTag[provingground.learning.HoTTMessages.TangentBaseState] to posts of type TypeTag[provingground.learning.HoTTMessages.BaseMixinLemmas] with input hash 1234511237
2020.12.22 09:17:42:217 [INFO ] provingground.learning.PostBuffer.$anon.post:266:22 - Post; tag: TypeTag[provingground.learning.HoTTMessages.TangentBaseCompleted.type], id: (43,-1666923435), content:
TangentBaseCompleted, hash: -1666923435
2020.12.22 09:17:42:218 [INFO ] provingground.learning.TypedPostResponse.MicroBot.post:241:18 - triggered response 'b944b8f6' of type TypeTag[provingground.learning.HoTTMessages.GeneratedEquationNodes] to post of type TypeTag[provingground.learning.HoTTMessages.TangentBaseCompleted.type] with input hash -1666923435
2020.12.22 09:20:10:754 [INFO ] provingground.learning.SimpleEquations.timedUnAppEquations:277:30 - reached cutoff limit Some(1.0E-11)
2020.12.22 09:20:33:890 [INFO ] provingground.learning.SimpleEquations.timedUnAppEquations:277:30 - reached cutoff limit Some(1.0E-11)
2020.12.22 09:20:36:208 [INFO ] provingground.learning.ErasablePostBuffer.$anon.post:115:22 - Post; tag: TypeTag[provingground.learning.HoTTMessages.GeneratedEquationNodes], id: (44,-881790747), hash : -881790747
2020.12.22 09:20:36:214 [INFO ] provingground.learning.TypedPostResponse.MicroBot.$anonfun.applyOrElse:255:26 - completed response 'b944b8f6' of type TypeTag[provingground.learning.HoTTMessages.GeneratedEquationNodes] to posts of type TypeTag[provingground.learning.HoTTMessages.TangentBaseCompleted.type] with input hash -1666923435
2020.12.22 09:20:36:214 [INFO ] provingground.learning.TypedPostResponse.MicroBot.post:241:18 - triggered response '50fd6d8e' of type TypeTag[provingground.learning.ExpressionEval] to post of type TypeTag[provingground.learning.HoTTMessages.GeneratedEquationNodes] with input hash -881790747
2020.12.22 09:20:36:220 [INFO ] provingground.learning.TypedPostResponse.Callback.post:200:18 - triggered callback 'update equations' for type TypeTag[provingground.learning.HoTTMessages.GeneratedEquationNodes] with input hash -881790747
2020.12.22 09:20:40:219 [INFO ] provingground.learning.TypedPostResponse.Callback.$anonfun.applyOrElse:204:33 - completed callback 'update equations' for type TypeTag[provingground.learning.HoTTMessages.GeneratedEquationNodes] with input hash -881790747
2020.12.22 09:21:13:557 [INFO ] provingground.learning.ErasablePostBuffer.$anon.post:115:22 - Post; tag: TypeTag[provingground.learning.ExpressionEval], id: (45,749615062), hash : 749615062
2020.12.22 09:21:13:558 [INFO ] provingground.learning.TypedPostResponse.MicroBot.$anonfun.applyOrElse:255:26 - completed response '50fd6d8e' of type TypeTag[provingground.learning.ExpressionEval] to posts of type TypeTag[provingground.learning.HoTTMessages.GeneratedEquationNodes] with input hash -881790747
2020.12.22 09:21:13:569 [INFO ] provingground.learning.TypedPostResponse.MicroBot.post:241:18 - triggered response '3f5fd116' of type TypeTag[provingground.learning.HoTTMessages.FinalState] to post of type TypeTag[provingground.learning.ExpressionEval] with input hash 749615062
2020.12.22 09:21:13:569 [INFO ] provingground.learning.HoTTBot.expEvToFinalState:570:26 - computing final state
2020.12.22 09:21:33:084 [INFO ] provingground.learning.ErasablePostBuffer.$anon.post:115:22 - Post; tag: TypeTag[provingground.learning.HoTTMessages.FinalState], id: (46,-1233318627), hash : -1233318627
2020.12.22 09:21:33:091 [INFO ] provingground.learning.TypedPostResponse.MicroBot.$anonfun.applyOrElse:255:26 - completed response '3f5fd116' of type TypeTag[provingground.learning.HoTTMessages.FinalState] to posts of type TypeTag[provingground.learning.ExpressionEval] with input hash 749615062
2020.12.22 09:21:33:092 [INFO ] provingground.learning.TypedPostResponse.MicroBot.post:241:18 - triggered response 'final state to filtered lemmas' of type TypeTag[provingground.learning.HoTTMessages.Lemmas] to post of type TypeTag[provingground.learning.HoTTMessages.FinalState] with input hash -1233318627
2020.12.22 09:21:33:099 [INFO ] provingground.learning.TypedPostResponse.Callback.post:200:18 - triggered callback 'update terms' for type TypeTag[provingground.learning.HoTTMessages.FinalState] with input hash -1233318627
2020.12.22 09:21:33:106 [INFO ] provingground.learning.TypedPostResponse.Callback.post:200:18 - triggered callback 'report proofs (simple)' for type TypeTag[provingground.learning.HoTTMessages.FinalState] with input hash -1233318627
2020.12.22 09:21:33:113 [INFO ] provingground.learning.TypedPostResponse.Callback.post:200:18 - triggered callback 'report proofs (simple)' for type TypeTag[provingground.learning.HoTTMessages.FinalState] with input hash -1233318627
2020.12.22 09:21:43:086 [INFO ] provingground.learning.HoTTBot.$anonfun:468:26 - Steps (in final state): 4
Lemma: (`a : M ) ~> ((`b : M ) ~> ((`c : M ) ~> ((((eqM) (`a)) (`b)) → ((((eqM) (`b)) (`c)) → (((eqM) (`a)) (`c)))))); best proof: trans with weight 0.06628989307915313; statement weight 5.776435678673387E-11
Lemma: (`$afm : M ) ~> ((((eqM) (((mul) (((mul) (m)) (n))) (((mul) (((mul) (m)) (n))) (n)))) (`$afm)) → (((eqM) (n)) (`$afm))); best proof: (`$bokulu :  M) ↦ (((((trans) (n)) (((mul) (((mul) (m)) (n))) (((mul) (((mul) (m)) (n))) (n)))) (`$bokulu)) ((((sym) (((mul) (((mul) (m)) (n))) (((mul) (((mul) (m)) (n))) (n)))) (n)) (((ass2) (((mul) (m)) (n))) (n)))) with weight 2.8301131326348667E-8; statement weight 3.7623157693412016E-11
Lemma: (`b : M ) ~> ((`c : M ) ~> ((((eqM) (`b)) (`c)) → (((eqM) (((mul) (((mul) (m)) (n))) (`b))) (((mul) (((mul) (m)) (n))) (`c))))); best proof: (left-multiply) (((mul) (m)) (n)) with weight 0.005144513496187912; statement weight 1.8621852724297713E-11
Lemma: (`b : M ) ~> ((`c : M ) ~> ((((eqM) (`b)) (`c)) → (((eqM) (((mul) (`b)) (m))) (((mul) (`c)) (m))))); best proof: (right-multiply) (m) with weight 0.005133016032215828; statement weight 1.1678161085511544E-12
2020.12.22 09:21:43:086 [INFO ] provingground.learning.TypedPostResponse.Callback.$anonfun.applyOrElse:204:33 - completed callback 'report proofs (simple)' for type TypeTag[provingground.learning.HoTTMessages.FinalState] with input hash -1233318627
2020.12.22 09:21:46:208 [INFO ] provingground.learning.HoTTBot.$anonfun:468:26 - Results: 7
Lemma: ((eqM) (((mul) (((mul) (m)) (n))) (n))) (m); best proof: ((ass1) (m)) (n) with weight 9.935312954338518E-5; statement weight 5.671382633449839E-6
Lemma: ((eqM) (((mul) (((mul) (m)) (n))) (((mul) (((mul) (m)) (n))) (n)))) (n); best proof: ((ass2) (((mul) (m)) (n))) (n) with weight 9.957567103172867E-5; statement weight 1.1961644097016036E-8
Lemma: ((eqM) (n)) (((mul) (((mul) (m)) (n))) (((mul) (((mul) (m)) (n))) (n))); best proof: (((sym) (((mul) (((mul) (m)) (n))) (((mul) (((mul) (m)) (n))) (n)))) (n)) (((ass2) (((mul) (m)) (n))) (n)) with weight 1.6787209842037879E-6; statement weight 1.2474589160696702E-8
Lemma: ((eqM) (((mul) (((mul) (m)) (n))) (((mul) (((mul) (m)) (n))) (n)))) (((mul) (((mul) (m)) (n))) (m)); best proof: ((((left-multiply) (((mul) (m)) (n))) (((mul) (((mul) (m)) (n))) (n))) (m)) (((ass1) (m)) (n)) with weight 6.574037071620202E-8; statement weight 2.420979427251888E-11
Lemma: ((eqM) (((mul) (((mul) (((mul) (m)) (n))) (m))) (m))) (((mul) (m)) (n)); best proof: ((ass1) (((mul) (m)) (n))) (m) with weight 9.957567103172867E-5; statement weight 9.35528659633012E-9
Lemma: ((eqM) (n)) (((mul) (((mul) (m)) (n))) (m)); best proof: (((((trans) (n)) (((mul) (((mul) (m)) (n))) (((mul) (((mul) (m)) (n))) (n)))) (((mul) (((mul) (m)) (n))) (m))) ((((sym) (((mul) (((mul) (m)) (n))) (((mul) (((mul) (m)) (n))) (n)))) (n)) (((ass2) (((mul) (m)) (n))) (n)))) (((((left-multiply) (((mul) (m)) (n))) (((mul) (((mul) (m)) (n))) (n))) (m)) (((ass1) (m)) (n))) with weight 2.392787087791224E-16; statement weight 2.9651413024341268E-5
Lemma: ((eqM) (((mul) (n)) (m))) (((mul) (((mul) (((mul) (m)) (n))) (m))) (m)); best proof: ((((right-multiply) (m)) (n)) (((mul) (((mul) (m)) (n))) (m))) ((((((trans) (n)) (((mul) (((mul) (m)) (n))) (((mul) (((mul) (m)) (n))) (n)))) (((mul) (((mul) (m)) (n))) (m))) ((((sym) (((mul) (((mul) (m)) (n))) (((mul) (((mul) (m)) (n))) (n)))) (n)) (((ass2) (((mul) (m)) (n))) (n)))) (((((left-multiply) (((mul) (m)) (n))) (((mul) (((mul) (m)) (n))) (n))) (m)) (((ass1) (m)) (n)))) with weight 1.641449862877473E-19; statement weight 2.0068212265746383E-11
2020.12.22 09:21:46:208 [INFO ] provingground.learning.TypedPostResponse.Callback.$anonfun.applyOrElse:204:33 - completed callback 'report proofs (simple)' for type TypeTag[provingground.learning.HoTTMessages.FinalState] with input hash -1233318627
2020.12.22 09:22:48:108 [INFO ] provingground.learning.HoTTBot.$anonfun:370:26 - Obtained 1247179 formal equations
2020.12.22 09:22:59:936 [INFO ] provingground.learning.TypedPostResponse.Callback.$anonfun.applyOrElse:204:33 - completed callback 'update terms' for type TypeTag[provingground.learning.HoTTMessages.FinalState] with input hash -1233318627
2020.12.22 09:23:43:349 [INFO ] provingground.learning.HoTTBot.$anonfun:269:30 - avoiding 242 types as tautologies and generators.
2020.12.22 09:24:33:645 [INFO ] provingground.learning.ErasablePostBuffer.$anon.post:115:22 - Post; tag: TypeTag[provingground.learning.HoTTMessages.Lemmas], id: (47,-1520140852), hash : -1520140852
2020.12.22 09:24:33:655 [INFO ] provingground.learning.TypedPostResponse.MicroBot.$anonfun.applyOrElse:255:26 - completed response 'final state to filtered lemmas' of type TypeTag[provingground.learning.HoTTMessages.Lemmas] to posts of type TypeTag[provingground.learning.HoTTMessages.FinalState] with input hash -1233318627
2020.12.22 09:24:33:664 [INFO ] provingground.learning.TypedPostResponse.MicroBot.post:241:18 - triggered response 'a7bdabb9' of type TypeTag[(provingground.learning.HoTTMessages.UsedLemmas :: provingground.learning.HoTTMessages.TangentLemmas :: shapeless.HNil) :: provingground.learning.HoTTMessages.BaseMixinLemmas :: shapeless.HNil] to post of type TypeTag[provingground.learning.HoTTMessages.Lemmas] with input hash -1520140852
2020.12.22 09:24:34:766 [INFO ] provingground.learning.HoTTBot.$anonfun:1277:24 - excluded lemmas:

2020.12.22 09:24:39:103 [INFO ] provingground.learning.ErasablePostBuffer.$anon.post:115:22 - Post; tag: TypeTag[provingground.learning.HoTTMessages.UsedLemmas], id: (48,81322774), hash : 81322774
2020.12.22 09:24:39:108 [INFO ] provingground.learning.ErasablePostBuffer.$anon.post:115:22 - Post; tag: TypeTag[provingground.learning.HoTTMessages.TangentLemmas], id: (49,-2053652501), hash : -2053652501
2020.12.22 09:24:39:114 [INFO ] provingground.learning.ErasablePostBuffer.$anon.post:115:22 - Post; tag: TypeTag[provingground.learning.HoTTMessages.BaseMixinLemmas], id: (50,1651013390), hash : 1651013390
2020.12.22 09:24:39:117 [INFO ] provingground.learning.TypedPostResponse.MicroBot.$anonfun.applyOrElse:255:26 - completed response 'a7bdabb9' of type TypeTag[(provingground.learning.HoTTMessages.UsedLemmas :: provingground.learning.HoTTMessages.TangentLemmas :: shapeless.HNil) :: provingground.learning.HoTTMessages.BaseMixinLemmas :: shapeless.HNil] to posts of type TypeTag[provingground.learning.HoTTMessages.Lemmas] with input hash -1520140852
2020.12.22 09:24:39:122 [INFO ] provingground.learning.TypedPostResponse.DualMiniBotTask.post:491:20 - triggered (multiple) responses 'base state from special initial state' of type TypeTag[provingground.learning.HoTTMessages.TangentBaseState] to posts of type TypeTag[provingground.learning.HoTTMessages.BaseMixinLemmas] with input hash 1651013390
2020.12.22 09:24:39:140 [INFO ] provingground.learning.TypedPostResponse.DualMiniBotTask.taskNest:497:32 - launching 1 branches
2020.12.22 09:24:39:141 [INFO ] provingground.learning.HoTTBot.$anonfun:1500:22 - previous special init states are 2
2020.12.22 09:24:39:142 [INFO ] provingground.learning.HoTTBot.baseStateTask:1343:16 - Computing base state
2020.12.22 09:24:39:143 [INFO ] provingground.learning.HoTTBot.baseStateTask:1343:16 - Computing base state
2020.12.22 09:24:39:143 [INFO ] provingground.learning.TypedPostResponse.DualMiniBotTask.$anonfun:502:36 - launching 2 responses  of type TypeTag[provingground.learning.HoTTMessages.TangentBaseState]  to posts of type TypeTag[provingground.learning.HoTTMessages.BaseMixinLemmas] in branch
2020.12.22 09:28:48:480 [INFO ] provingground.learning.HoTTBot.baseStateTask:1350:24 - Created vector of equations
2020.12.22 09:29:24:251 [INFO ] provingground.learning.HoTTBot.baseStateTask:1350:24 - Created vector of equations
2020.12.22 09:30:16:063 [INFO ] provingground.learning.ErasablePostBuffer.$anon.post:115:22 - Post; tag: TypeTag[provingground.learning.HoTTMessages.TangentBaseState], id: (51,-1525174571), hash : -1525174571
2020.12.22 09:30:16:069 [INFO ] provingground.learning.TypedPostResponse.DualMiniBotTask.$anonfun:507:44 - remaining 1 responses of type TypeTag[provingground.learning.HoTTMessages.TangentBaseState] to posts of type TypeTag[provingground.learning.HoTTMessages.BaseMixinLemmas]
2020.12.22 09:30:39:136 [INFO ] provingground.learning.ErasablePostBuffer.$anon.post:115:22 - Post; tag: TypeTag[provingground.learning.HoTTMessages.TangentBaseState], id: (52,-484134178), hash : -484134178
2020.12.22 09:30:39:141 [INFO ] provingground.learning.TypedPostResponse.DualMiniBotTask.$anonfun:507:44 - remaining 0 responses of type TypeTag[provingground.learning.HoTTMessages.TangentBaseState] to posts of type TypeTag[provingground.learning.HoTTMessages.BaseMixinLemmas]
2020.12.22 09:30:39:142 [INFO ] provingground.learning.TypedPostResponse.DualMiniBotTask.taskNest:520:22 - completed (multiple) responses 'base state from special initial state' of type TypeTag[provingground.learning.HoTTMessages.TangentBaseState] to posts of type TypeTag[provingground.learning.HoTTMessages.BaseMixinLemmas] with input hash 1651013390
2020.12.22 09:30:39:146 [INFO ] provingground.learning.PostBuffer.$anon.post:266:22 - Post; tag: TypeTag[provingground.learning.HoTTMessages.TangentBaseCompleted.type], id: (53,-1666923435), content:
TangentBaseCompleted, hash: -1666923435
2020.12.22 09:30:39:147 [INFO ] provingground.learning.TypedPostResponse.MicroBot.post:241:18 - triggered response 'b944b8f6' of type TypeTag[provingground.learning.HoTTMessages.GeneratedEquationNodes] to post of type TypeTag[provingground.learning.HoTTMessages.TangentBaseCompleted.type] with input hash -1666923435
2020.12.22 09:34:30:307 [INFO ] provingground.learning.SimpleEquations.timedUnAppEquations:277:30 - reached cutoff limit Some(1.0E-11)
2020.12.22 09:34:39:305 [INFO ] provingground.learning.SimpleEquations.timedUnAppEquations:277:30 - reached cutoff limit Some(1.0E-11)
2020.12.22 09:34:40:233 [INFO ] provingground.learning.ErasablePostBuffer.$anon.post:115:22 - Post; tag: TypeTag[provingground.learning.HoTTMessages.GeneratedEquationNodes], id: (54,-1499651210), hash : -1499651210
2020.12.22 09:34:40:238 [INFO ] provingground.learning.TypedPostResponse.MicroBot.$anonfun.applyOrElse:255:26 - completed response 'b944b8f6' of type TypeTag[provingground.learning.HoTTMessages.GeneratedEquationNodes] to posts of type TypeTag[provingground.learning.HoTTMessages.TangentBaseCompleted.type] with input hash -1666923435
2020.12.22 09:34:40:238 [INFO ] provingground.learning.TypedPostResponse.MicroBot.post:241:18 - triggered response '50fd6d8e' of type TypeTag[provingground.learning.ExpressionEval] to post of type TypeTag[provingground.learning.HoTTMessages.GeneratedEquationNodes] with input hash -1499651210
2020.12.22 09:34:40:242 [INFO ] provingground.learning.TypedPostResponse.Callback.post:200:18 - triggered callback 'update equations' for type TypeTag[provingground.learning.HoTTMessages.GeneratedEquationNodes] with input hash -1499651210
2020.12.22 09:34:42:845 [INFO ] provingground.learning.TypedPostResponse.Callback.$anonfun.applyOrElse:204:33 - completed callback 'update equations' for type TypeTag[provingground.learning.HoTTMessages.GeneratedEquationNodes] with input hash -1499651210
2020.12.22 09:35:26:786 [INFO ] provingground.learning.ErasablePostBuffer.$anon.post:115:22 - Post; tag: TypeTag[provingground.learning.ExpressionEval], id: (55,1592991519), hash : 1592991519
2020.12.22 09:35:26:786 [INFO ] provingground.learning.TypedPostResponse.MicroBot.$anonfun.applyOrElse:255:26 - completed response '50fd6d8e' of type TypeTag[provingground.learning.ExpressionEval] to posts of type TypeTag[provingground.learning.HoTTMessages.GeneratedEquationNodes] with input hash -1499651210
2020.12.22 09:35:26:789 [INFO ] provingground.learning.TypedPostResponse.MicroBot.post:241:18 - triggered response '3f5fd116' of type TypeTag[provingground.learning.HoTTMessages.FinalState] to post of type TypeTag[provingground.learning.ExpressionEval] with input hash 1592991519
2020.12.22 09:35:26:790 [INFO ] provingground.learning.HoTTBot.expEvToFinalState:570:26 - computing final state
2020.12.22 09:35:44:952 [INFO ] provingground.learning.ErasablePostBuffer.$anon.post:115:22 - Post; tag: TypeTag[provingground.learning.HoTTMessages.FinalState], id: (56,586214167), hash : 586214167
2020.12.22 09:35:44:961 [INFO ] provingground.learning.TypedPostResponse.MicroBot.$anonfun.applyOrElse:255:26 - completed response '3f5fd116' of type TypeTag[provingground.learning.HoTTMessages.FinalState] to posts of type TypeTag[provingground.learning.ExpressionEval] with input hash 1592991519
2020.12.22 09:35:44:961 [INFO ] provingground.learning.TypedPostResponse.MicroBot.post:241:18 - triggered response 'final state to filtered lemmas' of type TypeTag[provingground.learning.HoTTMessages.Lemmas] to post of type TypeTag[provingground.learning.HoTTMessages.FinalState] with input hash 586214167
2020.12.22 09:35:44:970 [INFO ] provingground.learning.TypedPostResponse.Callback.post:200:18 - triggered callback 'update terms' for type TypeTag[provingground.learning.HoTTMessages.FinalState] with input hash 586214167
2020.12.22 09:35:44:979 [INFO ] provingground.learning.TypedPostResponse.Callback.post:200:18 - triggered callback 'report proofs (simple)' for type TypeTag[provingground.learning.HoTTMessages.FinalState] with input hash 586214167
2020.12.22 09:35:44:988 [INFO ] provingground.learning.TypedPostResponse.Callback.post:200:18 - triggered callback 'report proofs (simple)' for type TypeTag[provingground.learning.HoTTMessages.FinalState] with input hash 586214167
2020.12.22 09:36:18:662 [INFO ] provingground.learning.HoTTBot.$anonfun:468:26 - Steps (in final state): 5
Lemma: (`a : M ) ~> ((`b : M ) ~> ((`c : M ) ~> ((((eqM) (`a)) (`b)) → ((((eqM) (`b)) (`c)) → (((eqM) (`a)) (`c)))))); best proof: trans with weight 0.06628989305943128; statement weight 5.7764353476361555E-11
Lemma: (`$afm : M ) ~> ((((eqM) (((mul) (((mul) (m)) (n))) (((mul) (((mul) (m)) (n))) (n)))) (`$afm)) → (((eqM) (n)) (`$afm))); best proof: (`$bokulu :  M) ↦ (((((trans) (n)) (((mul) (((mul) (m)) (n))) (((mul) (((mul) (m)) (n))) (n)))) (`$bokulu)) ((((sym) (((mul) (((mul) (m)) (n))) (((mul) (((mul) (m)) (n))) (n)))) (n)) (((ass2) (((mul) (m)) (n))) (n)))) with weight 2.8301131318103784E-8; statement weight 3.762315586698398E-11
Lemma: (`b : M ) ~> ((`c : M ) ~> ((((eqM) (`b)) (`c)) → (((eqM) (((mul) (((mul) (m)) (n))) (`b))) (((mul) (((mul) (m)) (n))) (`c))))); best proof: (left-multiply) (((mul) (m)) (n)) with weight 0.0051445134946548465; statement weight 1.8621851429023055E-11
Lemma: (`b : M ) ~> ((`c : M ) ~> ((((eqM) (`b)) (`c)) → (((eqM) (((mul) (`b)) (m))) (((mul) (`c)) (m))))); best proof: (right-multiply) (m) with weight 0.005133016030686159; statement weight 1.1678160785916628E-12
Lemma: (`$dkp : M ) ~> ((((eqM) (((mul) (((mul) (((mul) (m)) (n))) (m))) (m))) (`$dkp)) → (((eqM) (((mul) (n)) (m))) (`$dkp))); best proof: (`$erjyhzs :  M) ↦ (((((trans) (((mul) (n)) (m))) (((mul) (((mul) (((mul) (m)) (n))) (m))) (m))) (`$erjyhzs)) (((((right-multiply) (m)) (n)) (((mul) (((mul) (m)) (n))) (m))) ((((((trans) (n)) (((mul) (((mul) (m)) (n))) (((mul) (((mul) (m)) (n))) (n)))) (((mul) (((mul) (m)) (n))) (m))) ((((sym) (((mul) (((mul) (m)) (n))) (((mul) (((mul) (m)) (n))) (n)))) (n)) (((ass2) (((mul) (m)) (n))) (n)))) (((((left-multiply) (((mul) (m)) (n))) (((mul) (((mul) (m)) (n))) (n))) (m)) (((ass1) (m)) (n)))))) with weight 2.767278693647795E-21; statement weight 9.812832123918822E-15
2020.12.22 09:36:18:662 [INFO ] provingground.learning.TypedPostResponse.Callback.$anonfun.applyOrElse:204:33 - completed callback 'report proofs (simple)' for type TypeTag[provingground.learning.HoTTMessages.FinalState] with input hash 586214167
2020.12.22 09:36:23:917 [INFO ] provingground.learning.HoTTBot.$anonfun:468:26 - Results: 7
Lemma: ((eqM) (((mul) (((mul) (m)) (n))) (n))) (m); best proof: ((ass1) (m)) (n) with weight 9.935312951374025E-5; statement weight 5.671382361891441E-6
Lemma: ((eqM) (((mul) (((mul) (m)) (n))) (((mul) (((mul) (m)) (n))) (n)))) (n); best proof: ((ass2) (((mul) (m)) (n))) (n) with weight 9.957567100201287E-5; statement weight 1.1961643524560682E-8
Lemma: ((eqM) (n)) (((mul) (((mul) (m)) (n))) (((mul) (((mul) (m)) (n))) (n))); best proof: (((sym) (((mul) (((mul) (m)) (n))) (((mul) (((mul) (m)) (n))) (n)))) (n)) (((ass2) (((mul) (m)) (n))) (n)) with weight 1.6787209837064247E-6; statement weight 1.2474588563447935E-8
Lemma: ((eqM) (((mul) (((mul) (m)) (n))) (((mul) (((mul) (m)) (n))) (n)))) (((mul) (((mul) (m)) (n))) (m)); best proof: ((((left-multiply) (((mul) (m)) (n))) (((mul) (((mul) (m)) (n))) (n))) (m)) (((ass1) (m)) (n)) with weight 6.574037069691791E-8; statement weight 2.4209793113943612E-11
Lemma: ((eqM) (((mul) (((mul) (((mul) (m)) (n))) (m))) (m))) (((mul) (m)) (n)); best proof: ((ass1) (((mul) (m)) (n))) (m) with weight 9.957567100201287E-5; statement weight 9.355286148608898E-9
Lemma: ((eqM) (n)) (((mul) (((mul) (m)) (n))) (m)); best proof: (((((trans) (n)) (((mul) (((mul) (m)) (n))) (((mul) (((mul) (m)) (n))) (n)))) (((mul) (((mul) (m)) (n))) (m))) ((((sym) (((mul) (((mul) (m)) (n))) (((mul) (((mul) (m)) (n))) (n)))) (n)) (((ass2) (((mul) (m)) (n))) (n)))) (((((left-multiply) (((mul) (m)) (n))) (((mul) (((mul) (m)) (n))) (n))) (m)) (((ass1) (m)) (n))) with weight 2.3927870871015927E-16; statement weight 2.9651411605072523E-5
Lemma: ((eqM) (((mul) (n)) (m))) (((mul) (((mul) (((mul) (m)) (n))) (m))) (m)); best proof: ((((right-multiply) (m)) (n)) (((mul) (((mul) (m)) (n))) (m))) ((((((trans) (n)) (((mul) (((mul) (m)) (n))) (((mul) (((mul) (m)) (n))) (n)))) (((mul) (((mul) (m)) (n))) (m))) ((((sym) (((mul) (((mul) (m)) (n))) (((mul) (((mul) (m)) (n))) (n)))) (n)) (((ass2) (((mul) (m)) (n))) (n)))) (((((left-multiply) (((mul) (m)) (n))) (((mul) (((mul) (m)) (n))) (n))) (m)) (((ass1) (m)) (n)))) with weight 1.6414498623678447E-19; statement weight 2.0068211305385198E-11
2020.12.22 09:36:23:918 [INFO ] provingground.learning.TypedPostResponse.Callback.$anonfun.applyOrElse:204:33 - completed callback 'report proofs (simple)' for type TypeTag[provingground.learning.HoTTMessages.FinalState] with input hash 586214167
2020.12.22 09:37:50:317 [INFO ] provingground.learning.HoTTBot.$anonfun:370:26 - Obtained 1573799 formal equations
2020.12.22 09:38:07:325 [INFO ] provingground.learning.TypedPostResponse.Callback.$anonfun.applyOrElse:204:33 - completed callback 'update terms' for type TypeTag[provingground.learning.HoTTMessages.FinalState] with input hash 586214167
2020.12.22 09:39:07:355 [INFO ] provingground.learning.HoTTBot.$anonfun:269:30 - avoiding 242 types as tautologies and generators.
2020.12.22 09:40:20:208 [INFO ] provingground.learning.ErasablePostBuffer.$anon.post:115:22 - Post; tag: TypeTag[provingground.learning.HoTTMessages.Lemmas], id: (57,-1460986105), hash : -1460986105
2020.12.22 09:40:20:217 [INFO ] provingground.learning.TypedPostResponse.MicroBot.$anonfun.applyOrElse:255:26 - completed response 'final state to filtered lemmas' of type TypeTag[provingground.learning.HoTTMessages.Lemmas] to posts of type TypeTag[provingground.learning.HoTTMessages.FinalState] with input hash 586214167
2020.12.22 09:40:20:230 [INFO ] provingground.learning.TypedPostResponse.MicroBot.post:241:18 - triggered response 'a7bdabb9' of type TypeTag[(provingground.learning.HoTTMessages.UsedLemmas :: provingground.learning.HoTTMessages.TangentLemmas :: shapeless.HNil) :: provingground.learning.HoTTMessages.BaseMixinLemmas :: shapeless.HNil] to post of type TypeTag[provingground.learning.HoTTMessages.Lemmas] with input hash -1460986105
2020.12.22 09:40:24:596 [INFO ] provingground.learning.HoTTBot.$anonfun:1277:24 - excluded lemmas:

2020.12.22 09:40:30:233 [INFO ] provingground.learning.ErasablePostBuffer.$anon.post:115:22 - Post; tag: TypeTag[provingground.learning.HoTTMessages.UsedLemmas], id: (58,-265719142), hash : -265719142
2020.12.22 09:40:30:238 [INFO ] provingground.learning.ErasablePostBuffer.$anon.post:115:22 - Post; tag: TypeTag[provingground.learning.HoTTMessages.TangentLemmas], id: (59,-1793891353), hash : -1793891353
2020.12.22 09:40:30:246 [INFO ] provingground.learning.ErasablePostBuffer.$anon.post:115:22 - Post; tag: TypeTag[provingground.learning.HoTTMessages.BaseMixinLemmas], id: (60,1250019852), hash : 1250019852
2020.12.22 09:40:30:251 [INFO ] provingground.learning.TypedPostResponse.MicroBot.$anonfun.applyOrElse:255:26 - completed response 'a7bdabb9' of type TypeTag[(provingground.learning.HoTTMessages.UsedLemmas :: provingground.learning.HoTTMessages.TangentLemmas :: shapeless.HNil) :: provingground.learning.HoTTMessages.BaseMixinLemmas :: shapeless.HNil] to posts of type TypeTag[provingground.learning.HoTTMessages.Lemmas] with input hash -1460986105
2020.12.22 09:40:30:256 [INFO ] provingground.learning.TypedPostResponse.DualMiniBotTask.post:491:20 - triggered (multiple) responses 'base state from special initial state' of type TypeTag[provingground.learning.HoTTMessages.TangentBaseState] to posts of type TypeTag[provingground.learning.HoTTMessages.BaseMixinLemmas] with input hash 1250019852
2020.12.22 09:40:30:288 [INFO ] provingground.learning.TypedPostResponse.DualMiniBotTask.taskNest:497:32 - launching 1 branches
2020.12.22 09:40:30:288 [INFO ] provingground.learning.HoTTBot.$anonfun:1500:22 - previous special init states are 2
2020.12.22 09:40:30:290 [INFO ] provingground.learning.HoTTBot.baseStateTask:1343:16 - Computing base state
2020.12.22 09:40:30:291 [INFO ] provingground.learning.HoTTBot.baseStateTask:1343:16 - Computing base state
2020.12.22 09:40:30:291 [INFO ] provingground.learning.TypedPostResponse.DualMiniBotTask.$anonfun:502:36 - launching 2 responses  of type TypeTag[provingground.learning.HoTTMessages.TangentBaseState]  to posts of type TypeTag[provingground.learning.HoTTMessages.BaseMixinLemmas] in branch
2020.12.22 09:47:00:238 [INFO ] provingground.learning.HoTTBot.baseStateTask:1350:24 - Created vector of equations
2020.12.22 09:47:06:197 [INFO ] provingground.learning.HoTTBot.baseStateTask:1350:24 - Created vector of equations
2020.12.22 09:49:02:475 [INFO ] provingground.learning.ErasablePostBuffer.$anon.post:115:22 - Post; tag: TypeTag[provingground.learning.HoTTMessages.TangentBaseState], id: (61,-1297577529), hash : -1297577529
2020.12.22 09:49:02:937 [INFO ] provingground.learning.TypedPostResponse.DualMiniBotTask.$anonfun:507:44 - remaining 1 responses of type TypeTag[provingground.learning.HoTTMessages.TangentBaseState] to posts of type TypeTag[provingground.learning.HoTTMessages.BaseMixinLemmas]
2020.12.22 09:49:03:270 [INFO ] provingground.learning.ErasablePostBuffer.$anon.post:115:22 - Post; tag: TypeTag[provingground.learning.HoTTMessages.TangentBaseState], id: (62,-757013881), hash : -757013881
2020.12.22 09:49:03:278 [INFO ] provingground.learning.TypedPostResponse.DualMiniBotTask.$anonfun:507:44 - remaining 0 responses of type TypeTag[provingground.learning.HoTTMessages.TangentBaseState] to posts of type TypeTag[provingground.learning.HoTTMessages.BaseMixinLemmas]
2020.12.22 09:49:03:278 [INFO ] provingground.learning.TypedPostResponse.DualMiniBotTask.taskNest:520:22 - completed (multiple) responses 'base state from special initial state' of type TypeTag[provingground.learning.HoTTMessages.TangentBaseState] to posts of type TypeTag[provingground.learning.HoTTMessages.BaseMixinLemmas] with input hash 1250019852
2020.12.22 09:49:03:283 [INFO ] provingground.learning.PostBuffer.$anon.post:266:22 - Post; tag: TypeTag[provingground.learning.HoTTMessages.TangentBaseCompleted.type], id: (63,-1666923435), content:
TangentBaseCompleted, hash: -1666923435
2020.12.22 09:49:03:284 [INFO ] provingground.learning.TypedPostResponse.MicroBot.post:241:18 - triggered response 'b944b8f6' of type TypeTag[provingground.learning.HoTTMessages.GeneratedEquationNodes] to post of type TypeTag[provingground.learning.HoTTMessages.TangentBaseCompleted.type] with input hash -1666923435
2020.12.22 09:54:51:900 [INFO ] provingground.learning.SimpleEquations.timedUnAppEquations:277:30 - reached cutoff limit Some(1.0E-11)
2020.12.22 09:55:41:008 [INFO ] provingground.learning.SimpleEquations.timedUnAppEquations:277:30 - reached cutoff limit Some(1.0E-11)
2020.12.22 09:55:46:784 [INFO ] provingground.learning.ErasablePostBuffer.$anon.post:115:22 - Post; tag: TypeTag[provingground.learning.HoTTMessages.GeneratedEquationNodes], id: (64,1626080206), hash : 1626080206
2020.12.22 09:55:46:790 [INFO ] provingground.learning.TypedPostResponse.MicroBot.$anonfun.applyOrElse:255:26 - completed response 'b944b8f6' of type TypeTag[provingground.learning.HoTTMessages.GeneratedEquationNodes] to posts of type TypeTag[provingground.learning.HoTTMessages.TangentBaseCompleted.type] with input hash -1666923435
2020.12.22 09:55:46:790 [INFO ] provingground.learning.TypedPostResponse.MicroBot.post:241:18 - triggered response '50fd6d8e' of type TypeTag[provingground.learning.ExpressionEval] to post of type TypeTag[provingground.learning.HoTTMessages.GeneratedEquationNodes] with input hash 1626080206
2020.12.22 09:55:46:796 [INFO ] provingground.learning.TypedPostResponse.Callback.post:200:18 - triggered callback 'update equations' for type TypeTag[provingground.learning.HoTTMessages.GeneratedEquationNodes] with input hash 1626080206
2020.12.22 09:55:59:670 [INFO ] provingground.learning.TypedPostResponse.Callback.$anonfun.applyOrElse:204:33 - completed callback 'update equations' for type TypeTag[provingground.learning.HoTTMessages.GeneratedEquationNodes] with input hash 1626080206
2020.12.22 09:57:51:583 [INFO ] provingground.learning.ErasablePostBuffer.$anon.post:115:22 - Post; tag: TypeTag[provingground.learning.ExpressionEval], id: (65,1446832478), hash : 1446832478
2020.12.22 09:57:51:584 [INFO ] provingground.learning.TypedPostResponse.MicroBot.$anonfun.applyOrElse:255:26 - completed response '50fd6d8e' of type TypeTag[provingground.learning.ExpressionEval] to posts of type TypeTag[provingground.learning.HoTTMessages.GeneratedEquationNodes] with input hash 1626080206
2020.12.22 09:57:51:592 [INFO ] provingground.learning.TypedPostResponse.MicroBot.post:241:18 - triggered response '3f5fd116' of type TypeTag[provingground.learning.HoTTMessages.FinalState] to post of type TypeTag[provingground.learning.ExpressionEval] with input hash 1446832478
2020.12.22 09:57:51:593 [INFO ] provingground.learning.HoTTBot.expEvToFinalState:570:26 - computing final state
2020.12.22 09:58:26:963 [INFO ] provingground.learning.ErasablePostBuffer.$anon.post:115:22 - Post; tag: TypeTag[provingground.learning.HoTTMessages.FinalState], id: (66,-372273801), hash : -372273801
2020.12.22 09:58:26:976 [INFO ] provingground.learning.TypedPostResponse.MicroBot.$anonfun.applyOrElse:255:26 - completed response '3f5fd116' of type TypeTag[provingground.learning.HoTTMessages.FinalState] to posts of type TypeTag[provingground.learning.ExpressionEval] with input hash 1446832478
2020.12.22 09:58:26:976 [INFO ] provingground.learning.TypedPostResponse.MicroBot.post:241:18 - triggered response 'final state to filtered lemmas' of type TypeTag[provingground.learning.HoTTMessages.Lemmas] to post of type TypeTag[provingground.learning.HoTTMessages.FinalState] with input hash -372273801
2020.12.22 09:58:26:988 [INFO ] provingground.learning.TypedPostResponse.Callback.post:200:18 - triggered callback 'update terms' for type TypeTag[provingground.learning.HoTTMessages.FinalState] with input hash -372273801
2020.12.22 09:58:27:000 [INFO ] provingground.learning.TypedPostResponse.Callback.post:200:18 - triggered callback 'report proofs (simple)' for type TypeTag[provingground.learning.HoTTMessages.FinalState] with input hash -372273801
2020.12.22 09:58:27:013 [INFO ] provingground.learning.TypedPostResponse.Callback.post:200:18 - triggered callback 'report proofs (simple)' for type TypeTag[provingground.learning.HoTTMessages.FinalState] with input hash -372273801
2020.12.22 09:59:18:832 [INFO ] provingground.learning.HoTTBot.$anonfun:468:26 - Steps (in final state): 5
Lemma: (`a : M ) ~> ((`b : M ) ~> ((`c : M ) ~> ((((eqM) (`a)) (`b)) → ((((eqM) (`b)) (`c)) → (((eqM) (`a)) (`c)))))); best proof: trans with weight 0.06628989305445654; statement weight 5.7764350703063144E-11
Lemma: (`$afm : M ) ~> ((((eqM) (((mul) (((mul) (m)) (n))) (((mul) (((mul) (m)) (n))) (n)))) (`$afm)) → (((eqM) (n)) (`$afm))); best proof: (`$bokulu :  M) ↦ (((((trans) (n)) (((mul) (((mul) (m)) (n))) (((mul) (((mul) (m)) (n))) (n)))) (`$bokulu)) ((((sym) (((mul) (((mul) (m)) (n))) (((mul) (((mul) (m)) (n))) (n)))) (n)) (((ass2) (((mul) (m)) (n))) (n)))) with weight 2.8301131316074906E-8; statement weight 3.762315423927027E-11
Lemma: (`b : M ) ~> ((`c : M ) ~> ((((eqM) (`b)) (`c)) → (((eqM) (((mul) (((mul) (m)) (n))) (`b))) (((mul) (((mul) (m)) (n))) (`c))))); best proof: (left-multiply) (((mul) (m)) (n)) with weight 0.005144513494265643; statement weight 1.862185036069024E-11
Lemma: (`b : M ) ~> ((`c : M ) ~> ((((eqM) (`b)) (`c)) → (((eqM) (((mul) (`b)) (m))) (((mul) (`c)) (m))))); best proof: (right-multiply) (m) with weight 0.005133016030297785; statement weight 1.1678160468175077E-12
Lemma: (`$dkp : M ) ~> ((((eqM) (((mul) (((mul) (((mul) (m)) (n))) (m))) (m))) (`$dkp)) → (((eqM) (((mul) (n)) (m))) (`$dkp))); best proof: (`$erjyhzs :  M) ↦ (((((trans) (((mul) (n)) (m))) (((mul) (((mul) (((mul) (m)) (n))) (m))) (m))) (`$erjyhzs)) (((((right-multiply) (m)) (n)) (((mul) (((mul) (m)) (n))) (m))) ((((((trans) (n)) (((mul) (((mul) (m)) (n))) (((mul) (((mul) (m)) (n))) (n)))) (((mul) (((mul) (m)) (n))) (m))) ((((sym) (((mul) (((mul) (m)) (n))) (((mul) (((mul) (m)) (n))) (n)))) (n)) (((ass2) (((mul) (m)) (n))) (n)))) (((((left-multiply) (((mul) (m)) (n))) (((mul) (((mul) (m)) (n))) (n))) (m)) (((ass1) (m)) (n)))))) with weight 2.7672786934212114E-21; statement weight 9.812831702697323E-15
2020.12.22 09:59:18:832 [INFO ] provingground.learning.TypedPostResponse.Callback.$anonfun.applyOrElse:204:33 - completed callback 'report proofs (simple)' for type TypeTag[provingground.learning.HoTTMessages.FinalState] with input hash -372273801
2020.12.22 09:59:26:383 [INFO ] provingground.learning.HoTTBot.$anonfun:468:26 - Results: 9
Lemma: ((eqM) (((mul) (m)) (n))) (((mul) (n)) (m)); best proof: (((((trans) (((mul) (m)) (n))) (((mul) (n)) (((mul) (n)) (((mul) (m)) (n))))) (((mul) (n)) (m))) ((((sym) (((mul) (n)) (((mul) (n)) (((mul) (m)) (n))))) (((mul) (m)) (n))) (((ass2) (n)) (((mul) (m)) (n))))) (((((left-multiply) (n)) (((mul) (n)) (((mul) (m)) (n)))) (m)) ((((((trans) (((mul) (n)) (((mul) (m)) (n)))) (((mul) (((mul) (m)) (((mul) (m)) (n)))) (((mul) (m)) (n)))) (m)) (((((right-multiply) (((mul) (m)) (n))) (n)) (((mul) (m)) (((mul) (m)) (n)))) ((((sym) (((mul) (m)) (((mul) (m)) (n)))) (n)) (((ass2) (m)) (n))))) (((ass1) (m)) (((mul) (m)) (n))))) with weight 5.9742094147353715E-28; statement weight 2.9646119443990225E-5
Lemma: ((eqM) (((mul) (((mul) (m)) (n))) (n))) (m); best proof: ((ass1) (m)) (n) with weight 9.935312950618156E-5; statement weight 5.671382118349932E-6
Lemma: ((eqM) (((mul) (((mul) (m)) (n))) (((mul) (((mul) (m)) (n))) (n)))) (n); best proof: ((ass2) (((mul) (m)) (n))) (n) with weight 9.957567099443423E-5; statement weight 1.1961643010946981E-8
Lemma: ((eqM) (n)) (((mul) (((mul) (m)) (n))) (((mul) (((mul) (m)) (n))) (n))); best proof: (((sym) (((mul) (((mul) (m)) (n))) (((mul) (((mul) (m)) (n))) (n)))) (n)) (((ass2) (((mul) (m)) (n))) (n)) with weight 1.6787209835801218E-6; statement weight 1.2474588027841348E-8
Lemma: ((eqM) (((mul) (((mul) (m)) (n))) (((mul) (((mul) (m)) (n))) (n)))) (((mul) (((mul) (m)) (n))) (m)); best proof: ((((left-multiply) (((mul) (m)) (n))) (((mul) (((mul) (m)) (n))) (n))) (m)) (((ass1) (m)) (n)) with weight 6.57403706920861E-8; statement weight 2.4209792074496874E-11
Lemma: ((eqM) (((mul) (((mul) (((mul) (m)) (n))) (m))) (m))) (((mul) (m)) (n)); best proof: ((ass1) (((mul) (m)) (n))) (m) with weight 9.957567099443423E-5; statement weight 9.35528574736398E-9
Lemma: ((eqM) (n)) (((mul) (((mul) (m)) (n))) (m)); best proof: (((((trans) (n)) (((mul) (((mul) (m)) (n))) (((mul) (((mul) (m)) (n))) (n)))) (((mul) (((mul) (m)) (n))) (m))) ((((sym) (((mul) (((mul) (m)) (n))) (((mul) (((mul) (m)) (n))) (n)))) (n)) (((ass2) (((mul) (m)) (n))) (n)))) (((((left-multiply) (((mul) (m)) (n))) (((mul) (((mul) (m)) (n))) (n))) (m)) (((ass1) (m)) (n))) wi