2020.06.25 06:22:12 [INFO] provingground.learning.PostBuffer.$anon.post:244:22 - Post; tag: TypeTag[provingground.learning.HoTTMessages.TautologyInitState], id: (1,-384837536), content:
TautologyInitState(TermState([m : 0.14285714285714285, sym : 0.14285714285714285, ((mul) (m)) (n) : 0.14285714285714285, refl : 0.14285714285714285, mul : 0.14285714285714285, n : 0.14285714285714285, trans : 0.14285714285714285],[M : 1.0],Vector(),[],[],Empty))
2020.06.25 06:22:12 [INFO] provingground.learning.PostBuffer.$anon.post:244:22 - Post; tag: TypeTag[provingground.learning.HoTTMessages.SpecialInitState], id: (2,1588327529), content:
SpecialInitState(TermState([trans : 0.9, sym : 0.1],[M : 1.0],Vector(),[],[],Empty),0.001,0.5,0.05,Some(TermGenParams(0.0,0.4,0.0,0.0,0.0,0.0,0.0,0.0,0.0,0.0,0.0,0.0,0.0,0.3,0.7,0.5,0.0,0.0,0.0,<function1>)),Some(2))
2020.06.25 06:22:12 [INFO] provingground.learning.PostBuffer.$anon.post:244:22 - Post; tag: TypeTag[provingground.learning.HoTTMessages.SpecialInitState], id: (3,246182078), content:
SpecialInitState(TermState([left-multiply : 0.2, right-multiply : 0.2, ((mul) (m)) (n) : 0.2, m : 0.2, n : 0.2],[M : 1.0],Vector(),[],[],Empty),0.001,0.5,0.5,Some(TermGenParams(0.4,0.0,0.0,0.0,0.0,0.0,0.0,0.0,0.0,0.0,0.0,0.0,0.0,0.3,0.7,0.5,0.0,0.0,0.0,<function1>)),Some(2))
2020.06.25 06:22:12 [INFO] provingground.learning.PostBuffer.$anon.post:244:22 - Post; tag: TypeTag[provingground.learning.LocalProver], id: (4,582823858), content:
LocalProver(TermState([m : 0.08333333333333333, left-multiply : 0.08333333333333333, eqM : 0.08333333333333333, mul : 0.08333333333333333, n : 0.08333333333333333, trans : 0.08333333333333333, sym : 0.08333333333333333, ass1 : 0.08333333333333333, right-multiply : 0.08333333333333333, ass2 : 0.08333333333333333, refl : 0.08333333333333333, ((mul) (m)) (n) : 0.08333333333333333],[M : 1.0],Vector(),[],[((eqM) (((mul) (m)) (n))) (((mul) (n)) (m)) : 1.0],Empty),TermGenParams(0.1,0.1,0.0,0.0,0.0,0.0,0.0,0.0,0.0,0.0,0.0,0.0,0.0,0.3,0.7,0.5,0.0,0.0,0.0,<function1>),1.0E-4,None,12 minutes,1.01,1.0,10000,10,1.0,1.0,None,false,false,0.5,1.0,Some(500000))
2020.06.25 06:22:12 [INFO] provingground.learning.TypedPostResponse.MicroBot.post:227:18 - triggered response of type TypeTag[provingground.learning.ExpressionEval] to posts of type TypeTag[provingground.learning.LocalProver]
2020.06.25 06:22:27 [INFO] provingground.learning.PostBuffer.$anon.post:244:22 - Post; tag: TypeTag[provingground.learning.ExpressionEval], id: (5,741125421), content:
provingground.learning.ExpressionEval$$anon$2@2c2cad2d
2020.06.25 06:22:27 [INFO] provingground.learning.TypedPostResponse.Callback.post:188:18 - triggered callback for type TypeTag[provingground.learning.ExpressionEval]
2020.06.25 06:22:28 [INFO] provingground.learning.TypedPostResponse.MicroBot.post:227:18 - triggered response of type TypeTag[provingground.learning.HoTTMessages.FinalState] to posts of type TypeTag[provingground.learning.ExpressionEval]
2020.06.25 06:22:29 [INFO] provingground.learning.ErasablePostBuffer.$anon.post:85:22 - Post; tag: TypeTag[provingground.learning.HoTTMessages.FinalState], id: (6,-1664112044)
2020.06.25 06:22:29 [INFO] provingground.learning.TypedPostResponse.Callback.post:188:18 - triggered callback for type TypeTag[provingground.learning.HoTTMessages.FinalState]
2020.06.25 06:22:29 [INFO] provingground.learning.TypedPostResponse.Callback.post:188:18 - triggered callback for type TypeTag[provingground.learning.HoTTMessages.FinalState]
2020.06.25 06:22:29 [INFO] provingground.learning.TypedPostResponse.MicroBot.post:227:18 - triggered response of type TypeTag[provingground.learning.HoTTMessages.Lemmas] to posts of type TypeTag[provingground.learning.HoTTMessages.FinalState]
2020.06.25 06:22:31 [INFO] provingground.learning.HoTTBot.$anonfun:376:26 - Results: 3
()
()
()
2020.06.25 06:22:32 [INFO] provingground.learning.ErasablePostBuffer.$anon.post:85:22 - Post; tag: TypeTag[provingground.learning.HoTTMessages.Lemmas], id: (7,1645406931)
2020.06.25 06:22:32 [INFO] provingground.learning.TypedPostResponse.MicroBot.post:227:18 - triggered response of type TypeTag[(provingground.learning.HoTTMessages.UsedLemmas :: provingground.learning.HoTTMessages.TangentLemmas :: shapeless.HNil) :: provingground.learning.HoTTMessages.BaseMixinLemmas :: shapeless.HNil] to posts of type TypeTag[provingground.learning.HoTTMessages.Lemmas]
2020.06.25 06:22:32 [INFO] provingground.learning.HoTTBot.$anonfun:898:24 - excluded lemmas:

2020.06.25 06:22:32 [INFO] provingground.learning.ErasablePostBuffer.$anon.post:85:22 - Post; tag: TypeTag[provingground.learning.HoTTMessages.UsedLemmas], id: (8,-1445828818)
2020.06.25 06:22:32 [INFO] provingground.learning.ErasablePostBuffer.$anon.post:85:22 - Post; tag: TypeTag[provingground.learning.HoTTMessages.TangentLemmas], id: (9,-962844701)
2020.06.25 06:22:32 [INFO] provingground.learning.ErasablePostBuffer.$anon.post:85:22 - Post; tag: TypeTag[provingground.learning.HoTTMessages.BaseMixinLemmas], id: (10,1833728595)
2020.06.25 06:22:32 [INFO] provingground.learning.TypedPostResponse.MicroBot.post:227:18 - triggered response of type TypeTag[provingground.learning.HoTTMessages.TangentBaseState] to posts of type TypeTag[provingground.learning.HoTTMessages.BaseMixinLemmas]
2020.06.25 06:22:35 [INFO] provingground.learning.ErasablePostBuffer.$anon.post:85:22 - Post; tag: TypeTag[provingground.learning.HoTTMessages.TangentBaseState], id: (11,368099790)
2020.06.25 06:22:35 [INFO] provingground.learning.TypedPostResponse.DualMiniBot.post:384:20 - triggered (multiple) responses of type TypeTag[provingground.learning.HoTTMessages.TangentBaseState] to posts of type TypeTag[provingground.learning.HoTTMessages.BaseMixinLemmas]
2020.06.25 06:22:35 [INFO] provingground.learning.TypedPostResponse.DualMiniBot.taskNest:389:32 - launching 1 branches
2020.06.25 06:22:35 [INFO] provingground.learning.HoTTBot.$anonfun:1005:22 - previous special init states are 2
2020.06.25 06:22:35 [INFO] provingground.learning.TypedPostResponse.DualMiniBot.$anonfun:394:36 - launching 2 responses  of type TypeTag[provingground.learning.HoTTMessages.TangentBaseState] in branch
2020.06.25 06:22:38 [INFO] provingground.learning.ErasablePostBuffer.$anon.post:85:22 - Post; tag: TypeTag[provingground.learning.HoTTMessages.TangentBaseState], id: (12,412426767)
2020.06.25 06:22:38 [INFO] provingground.learning.TypedPostResponse.DualMiniBot.$anonfun.applyOrElse:399:44 - remaining 1 responses of type TypeTag[provingground.learning.HoTTMessages.TangentBaseState]
2020.06.25 06:22:38 [INFO] provingground.learning.ErasablePostBuffer.$anon.post:85:22 - Post; tag: TypeTag[provingground.learning.HoTTMessages.TangentBaseState], id: (13,-2086306360)
2020.06.25 06:22:38 [INFO] provingground.learning.TypedPostResponse.DualMiniBot.$anonfun.applyOrElse:399:44 - remaining 0 responses of type TypeTag[provingground.learning.HoTTMessages.TangentBaseState]
2020.06.25 06:22:38 [INFO] provingground.learning.PostBuffer.$anon.post:244:22 - Post; tag: TypeTag[provingground.learning.HoTTMessages.TangentBaseCompleted.type], id: (14,-1666923435), content:
TangentBaseCompleted
2020.06.25 06:22:38 [INFO] provingground.learning.TypedPostResponse.MicroBot.post:227:18 - triggered response of type TypeTag[provingground.learning.HoTTMessages.GeneratedEquationNodes] to posts of type TypeTag[provingground.learning.HoTTMessages.TangentBaseCompleted.type]
2020.06.25 06:22:38 [INFO] provingground.learning.TypedPostResponse.Callback.post:188:18 - triggered callback for type TypeTag[provingground.learning.HoTTMessages.TangentBaseCompleted.type]
2020.06.25 06:22:42 [INFO] provingground.learning.HoTTBot.$anonfun:1201:26 - generating equations with 3 base states and 18 lemmas (before pruning)
2020.06.25 06:22:42 [INFO] provingground.learning.HoTTBot.$anonfun:1209:26 - Tangent lemmas (used with bases below): 3
(((eqM) (((mul) (((mul) (m)) (n))) (n))) (m),0.040700000848968604)
(((eqM) (((mul) (((mul) (m)) (n))) (((mul) (((mul) (m)) (n))) (n)))) (n),0.001214698356305945)
(((eqM) (((mul) (((mul) (((mul) (m)) (n))) (m))) (m))) (((mul) (m)) (n)),0.001114032298292804)
2020.06.25 06:22:42 [INFO] provingground.learning.HoTTBot.$anonfun:1223:28 - Terms in base (used with tangents above): 3
Type: (`a : M ) ~> ((`b : M ) ~> ((`c : M ) ~> ((((eqM) (`a)) (`b)) → ((((eqM) (`b)) (`c)) → (((eqM) (`a)) (`c)))))); best term: trans with weight 0.053326178457998585
Type: (`b : M ) ~> ((`c : M ) ~> ((((eqM) (`b)) (`c)) → (((eqM) (((mul) (((mul) (m)) (n))) (`b))) (((mul) (((mul) (m)) (n))) (`c))))); best term: (left-multiply) (((mul) (m)) (n)) with weight 0.002437424090839206
Type: (`b : M ) ~> ((`c : M ) ~> ((((eqM) (`b)) (`c)) → (((eqM) (((mul) (`b)) (m))) (((mul) (`c)) (m))))); best term: (right-multiply) (m) with weight 0.002437424090839206
2020.06.25 06:22:42 [INFO] provingground.learning.HoTTBot.$anonfun:1235:28 - Lemmas in base for mixin (used with tangents above): 3
Type: ((eqM) (((mul) (((mul) (m)) (n))) (n))) (m); best term: ((ass1) (m)) (n) with weight 0.050046293108537594
Type: ((eqM) (((mul) (((mul) (m)) (n))) (((mul) (((mul) (m)) (n))) (n)))) (n); best term: ((ass2) (((mul) (m)) (n))) (n) with weight 0.011126917673166644
Type: ((eqM) (((mul) (((mul) (((mul) (m)) (n))) (m))) (m))) (((mul) (m)) (n)); best term: ((ass1) (((mul) (m)) (n))) (m) with weight 0.010695179485308265
2020.06.25 06:22:42 [INFO] provingground.learning.HoTTBot.$anonfun:1242:28 - Inference by unified applications, triples and weights (for this base state)
(0.053326178457998585, 0.0, 0.0) for ((`a : M ) ~> ((`b : M ) ~> ((`c : M ) ~> ((((eqM) (`a)) (`b)) → ((((eqM) (`b)) (`c)) → (((eqM) (`a)) (`c)))))), ((eqM) (n)) (((mul) (((mul) (m)) (n))) (((mul) (((mul) (m)) (n))) (n))), (`$afm : M ) ~> ((((eqM) (((mul) (((mul) (m)) (n))) (((mul) (((mul) (m)) (n))) (n)))) (`$afm)) → (((eqM) (n)) (`$afm))))
(0.0, 0.0, 0.0) for ((`$afm : M ) ~> ((((eqM) (((mul) (((mul) (m)) (n))) (((mul) (((mul) (m)) (n))) (n)))) (`$afm)) → (((eqM) (n)) (`$afm))), ((eqM) (((mul) (((mul) (m)) (n))) (((mul) (((mul) (m)) (n))) (n)))) (((mul) (((mul) (m)) (n))) (m)), ((eqM) (n)) (((mul) (((mul) (m)) (n))) (m)))
(0.002437424090839206, 0.040700000848968604, 9.920316256645221E-5) for ((`b : M ) ~> ((`c : M ) ~> ((((eqM) (`b)) (`c)) → (((eqM) (((mul) (((mul) (m)) (n))) (`b))) (((mul) (((mul) (m)) (n))) (`c))))), ((eqM) (((mul) (((mul) (m)) (n))) (n))) (m), ((eqM) (((mul) (((mul) (m)) (n))) (((mul) (((mul) (m)) (n))) (n)))) (((mul) (((mul) (m)) (n))) (m)))
(0.002437424090839206, 0.0, 0.0) for ((`b : M ) ~> ((`c : M ) ~> ((((eqM) (`b)) (`c)) → (((eqM) (((mul) (`b)) (m))) (((mul) (`c)) (m))))), ((eqM) (n)) (((mul) (((mul) (m)) (n))) (m)), ((eqM) (((mul) (n)) (m))) (((mul) (((mul) (((mul) (m)) (n))) (m))) (m)))

2020.06.25 06:22:43 [INFO] provingground.learning.SimpleEquations.timedUnAppEquations:143:54 - all pairs considered with cutoff 1.0E-6
2020.06.25 06:22:43 [INFO] provingground.learning.SimpleEquations.timedUnAppEquations:143:54 - all pairs considered with cutoff 1.0E-6
2020.06.25 06:22:45 [INFO] provingground.learning.HoTTBot.$anonfun:1261:28 - Tracing back equations and values for steps
Lemma: (`a : M ) ~> ((`b : M ) ~> ((`c : M ) ~> ((((eqM) (`a)) (`b)) → ((((eqM) (`b)) (`c)) → (((eqM) (`a)) (`c))))))
Traced back equations:
(P₁(trans ∈ Terms)) = (Coeff(Init(Terms))) * (P₀(trans ∈ Terms))
Weights of terms and types:
P₁(trans ∈ Terms) -> 0.053326178457998585

Lemma: (`$afm : M ) ~> ((((eqM) (((mul) (((mul) (m)) (n))) (((mul) (((mul) (m)) (n))) (n)))) (`$afm)) → (((eqM) (n)) (`$afm)))
Traced back equations:

Weights of terms and types:


Lemma: (`b : M ) ~> ((`c : M ) ~> ((((eqM) (`b)) (`c)) → (((eqM) (((mul) (((mul) (m)) (n))) (`b))) (((mul) (((mul) (m)) (n))) (`c)))))
Traced back equations:
(P₁((left-multiply) (((mul) (m)) (n)) ∈ Terms)) = ((Coeff(FiberProductMap(typeOf(_),FuncsWithDomain,FlipAppn,Terms,Terms))) * (P₁(((mul) (m)) (n) ∈ Terms))) * (P₁(Wrap(left-multiply) ∈ AtCoord(FuncsWithDomain,M :: HNil)))
(P₁((left-multiply) (((mul) (m)) (n)) ∈ Terms)) = ((Coeff(ZipMapOpt(UnifApplnOpt,Funcs,Terms,Terms))) * (P₁(Wrap(left-multiply) ∈ Funcs))) * (P₁(((mul) (m)) (n) ∈ Terms))
(P₁((left-multiply) (((mul) (m)) (n)) ∈ Terms)) = (Coeff(Init(Terms))) * (P₀((left-multiply) (((mul) (m)) (n)) ∈ Terms))
(P₁((left-multiply) (((mul) (m)) (n)) ∈ Terms)) = ((Coeff(FiberProductMap(domOf,TermsWithTyp,Appln,Funcs,Terms))) * (P₁(Wrap(left-multiply) ∈ Funcs))) * (P₁(((mul) (m)) (n) ∈ AtCoord(TermsWithTyp,M :: HNil)))
(P₁(((mul) (m)) (n) ∈ Terms)) = ((Coeff(FiberProductMap(domOf,TermsWithTyp,Appln,Funcs,Terms))) * (P₁(Wrap((mul) (m)) ∈ Funcs))) * (P₁(n ∈ AtCoord(TermsWithTyp,M :: HNil)))
(P₁(((mul) (m)) (n) ∈ Terms)) = ((Coeff(ZipMapOpt(UnifApplnOpt,Funcs,Terms,Terms))) * (P₁(Wrap((mul) (m)) ∈ Funcs))) * (P₁(n ∈ Terms))
(P₁(((mul) (m)) (n) ∈ Terms)) = ((Coeff(FiberProductMap(typeOf(_),FuncsWithDomain,FlipAppn,Terms,Terms))) * (P₁(n ∈ Terms))) * (P₁(Wrap((mul) (m)) ∈ AtCoord(FuncsWithDomain,M :: HNil)))
(P₁(((mul) (m)) (n) ∈ Terms)) = (Coeff(Init(Terms))) * (P₀(((mul) (m)) (n) ∈ Terms))
(P₁(Wrap((mul) (m)) ∈ Funcs)) = (P₁((mul) (m) ∈ Terms)) / (P₁({Terms ∈ Restrict(FuncOpt)}))
(P₁(Wrap((mul) (m)) ∈ Funcs)) = (Coeff(Init(Funcs))) * (P₀(Wrap((mul) (m)) ∈ Funcs))
(P₁((mul) (m) ∈ Terms)) = ((Coeff(FiberProductMap(domOf,TermsWithTyp,Appln,Funcs,Terms))) * (P₁(Wrap(mul) ∈ Funcs))) * (P₁(m ∈ AtCoord(TermsWithTyp,M :: HNil)))
(P₁((mul) (m) ∈ Terms)) = (Coeff(Init(Terms))) * (P₀((mul) (m) ∈ Terms))
(P₁((mul) (m) ∈ Terms)) = ((Coeff(FiberProductMap(typeOf(_),FuncsWithDomain,FlipAppn,Terms,Terms))) * (P₁(m ∈ Terms))) * (P₁(Wrap(mul) ∈ AtCoord(FuncsWithDomain,M :: HNil)))
(P₁((mul) (m) ∈ Terms)) = ((Coeff(ZipMapOpt(UnifApplnOpt,Funcs,Terms,Terms))) * (P₁(Wrap(mul) ∈ Funcs))) * (P₁(m ∈ Terms))
(P₁(n ∈ AtCoord(TermsWithTyp,M :: HNil))) = (P₁(n ∈ Terms)) / (P₁({Terms ∈ Filter(WithTyp(typ))}))
(P₁(n ∈ AtCoord(TermsWithTyp,M :: HNil))) = (Coeff(Init(AtCoord(TermsWithTyp,M :: HNil)))) * (P₀(n ∈ AtCoord(TermsWithTyp,M :: HNil)))
(P₁(n ∈ Terms)) = (Coeff(Init(Terms))) * (P₀(n ∈ Terms))
(P₁(Wrap((mul) (m)) ∈ AtCoord(FuncsWithDomain,M :: HNil))) = (P₁((mul) (m) ∈ Terms)) / (P₁({Terms ∈ Restrict(FuncWithDom(M))}))
(P₁(Wrap((mul) (m)) ∈ AtCoord(FuncsWithDomain,M :: HNil))) = (Coeff(Init(AtCoord(FuncsWithDomain,M :: HNil)))) * (P₀(Wrap((mul) (m)) ∈ AtCoord(FuncsWithDomain,M :: HNil)))
(P₁(Wrap(left-multiply) ∈ AtCoord(FuncsWithDomain,M :: HNil))) = (Coeff(Init(AtCoord(FuncsWithDomain,M :: HNil)))) * (P₀(Wrap(left-multiply) ∈ AtCoord(FuncsWithDomain,M :: HNil)))
(P₁(Wrap(left-multiply) ∈ AtCoord(FuncsWithDomain,M :: HNil))) = (P₁(left-multiply ∈ Terms)) / (P₁({Terms ∈ Restrict(FuncWithDom(M))}))
(P₁(left-multiply ∈ Terms)) = (Coeff(Init(Terms))) * (P₀(left-multiply ∈ Terms))
(P₁(Wrap(left-multiply) ∈ Funcs)) = (Coeff(Init(Funcs))) * (P₀(Wrap(left-multiply) ∈ Funcs))
(P₁(Wrap(left-multiply) ∈ Funcs)) = (P₁(left-multiply ∈ Terms)) / (P₁({Terms ∈ Restrict(FuncOpt)}))
(P₁(((mul) (m)) (n) ∈ AtCoord(TermsWithTyp,M :: HNil))) = (P₁(((mul) (m)) (n) ∈ Terms)) / (P₁({Terms ∈ Filter(WithTyp(typ))}))
(P₁(((mul) (m)) (n) ∈ AtCoord(TermsWithTyp,M :: HNil))) = (Coeff(Init(AtCoord(TermsWithTyp,M :: HNil)))) * (P₀(((mul) (m)) (n) ∈ AtCoord(TermsWithTyp,M :: HNil)))
Weights of terms and types:
P₁((left-multiply) (((mul) (m)) (n)) ∈ Terms) -> 0.002437424090839206
P₁(((mul) (m)) (n) ∈ Terms) -> 0.053326178457998585
P₁((mul) (m) ∈ Terms) -> 0.001286599861208855
P₁(m ∈ Terms) -> 0.053326178457998585
P₁(n ∈ Terms) -> 0.053326178457998585
P₁(left-multiply ∈ Terms) -> 0.053326178457998585

Lemma: (`b : M ) ~> ((`c : M ) ~> ((((eqM) (`b)) (`c)) → (((eqM) (((mul) (`b)) (m))) (((mul) (`c)) (m)))))
Traced back equations:
(P₁((right-multiply) (m) ∈ Terms)) = ((Coeff(FiberProductMap(typeOf(_),FuncsWithDomain,FlipAppn,Terms,Terms))) * (P₁(m ∈ Terms))) * (P₁(Wrap(right-multiply) ∈ AtCoord(FuncsWithDomain,M :: HNil)))
(P₁((right-multiply) (m) ∈ Terms)) = ((Coeff(FiberProductMap(domOf,TermsWithTyp,Appln,Funcs,Terms))) * (P₁(Wrap(right-multiply) ∈ Funcs))) * (P₁(m ∈ AtCoord(TermsWithTyp,M :: HNil)))
(P₁((right-multiply) (m) ∈ Terms)) = ((Coeff(ZipMapOpt(UnifApplnOpt,Funcs,Terms,Terms))) * (P₁(Wrap(right-multiply) ∈ Funcs))) * (P₁(m ∈ Terms))
(P₁((right-multiply) (m) ∈ Terms)) = (Coeff(Init(Terms))) * (P₀((right-multiply) (m) ∈ Terms))
(P₁(m ∈ Terms)) = (Coeff(Init(Terms))) * (P₀(m ∈ Terms))
(P₁(Wrap(right-multiply) ∈ AtCoord(FuncsWithDomain,M :: HNil))) = (Coeff(Init(AtCoord(FuncsWithDomain,M :: HNil)))) * (P₀(Wrap(right-multiply) ∈ AtCoord(FuncsWithDomain,M :: HNil)))
(P₁(Wrap(right-multiply) ∈ AtCoord(FuncsWithDomain,M :: HNil))) = (P₁(right-multiply ∈ Terms)) / (P₁({Terms ∈ Restrict(FuncWithDom(M))}))
(P₁(right-multiply ∈ Terms)) = (Coeff(Init(Terms))) * (P₀(right-multiply ∈ Terms))
(P₁(Wrap(right-multiply) ∈ Funcs)) = (Coeff(Init(Funcs))) * (P₀(Wrap(right-multiply) ∈ Funcs))
(P₁(Wrap(right-multiply) ∈ Funcs)) = (P₁(right-multiply ∈ Terms)) / (P₁({Terms ∈ Restrict(FuncOpt)}))
(P₁(m ∈ AtCoord(TermsWithTyp,M :: HNil))) = (P₁(m ∈ Terms)) / (P₁({Terms ∈ Filter(WithTyp(typ))}))
(P₁(m ∈ AtCoord(TermsWithTyp,M :: HNil))) = (Coeff(Init(AtCoord(TermsWithTyp,M :: HNil)))) * (P₀(m ∈ AtCoord(TermsWithTyp,M :: HNil)))
Weights of terms and types:
P₁((right-multiply) (m) ∈ Terms) -> 0.002437424090839206
P₁(m ∈ Terms) -> 0.053326178457998585
P₁(right-multiply ∈ Terms) -> 0.053326178457998585


2020.06.25 06:22:45 [INFO] provingground.learning.HoTTBot.$anonfun:1223:28 - Terms in base (used with tangents above): 2
Type: (`b : M ) ~> ((`c : M ) ~> ((((eqM) (`b)) (`c)) → (((eqM) (((mul) (((mul) (m)) (n))) (`b))) (((mul) (((mul) (m)) (n))) (`c))))); best term: (left-multiply) (((mul) (m)) (n)) with weight 0.016270597645731934
Type: (`b : M ) ~> ((`c : M ) ~> ((((eqM) (`b)) (`c)) → (((eqM) (((mul) (`b)) (m))) (((mul) (`c)) (m))))); best term: (right-multiply) (m) with weight 0.016270597645731934
2020.06.25 06:22:45 [INFO] provingground.learning.HoTTBot.$anonfun:1235:28 - Lemmas in base for mixin (used with tangents above): 3
Type: ((eqM) (((mul) (((mul) (m)) (n))) (n))) (m); best term: ((ass1) (m)) (n) with weight 0.08055093331491427
Type: ((eqM) (((mul) (((mul) (m)) (n))) (((mul) (((mul) (m)) (n))) (n)))) (n); best term: ((ass2) (((mul) (m)) (n))) (n) with weight 0.017883196935657784
Type: ((eqM) (((mul) (((mul) (((mul) (m)) (n))) (m))) (m))) (((mul) (m)) (n)); best term: ((ass1) (((mul) (m)) (n))) (m) with weight 0.01723230794846274
2020.06.25 06:22:45 [INFO] provingground.learning.HoTTBot.$anonfun:1242:28 - Inference by unified applications, triples and weights (for this base state)
(0.0, 0.0, 0.0) for ((`a : M ) ~> ((`b : M ) ~> ((`c : M ) ~> ((((eqM) (`a)) (`b)) → ((((eqM) (`b)) (`c)) → (((eqM) (`a)) (`c)))))), ((eqM) (n)) (((mul) (((mul) (m)) (n))) (((mul) (((mul) (m)) (n))) (n))), (`$afm : M ) ~> ((((eqM) (((mul) (((mul) (m)) (n))) (((mul) (((mul) (m)) (n))) (n)))) (`$afm)) → (((eqM) (n)) (`$afm))))
(0.0, 0.0, 0.0) for ((`$afm : M ) ~> ((((eqM) (((mul) (((mul) (m)) (n))) (((mul) (((mul) (m)) (n))) (n)))) (`$afm)) → (((eqM) (n)) (`$afm))), ((eqM) (((mul) (((mul) (m)) (n))) (((mul) (((mul) (m)) (n))) (n)))) (((mul) (((mul) (m)) (n))) (m)), ((eqM) (n)) (((mul) (((mul) (m)) (n))) (m)))
(0.016270597645731934, 0.040700000848968604, 6.622133379945163E-4) for ((`b : M ) ~> ((`c : M ) ~> ((((eqM) (`b)) (`c)) → (((eqM) (((mul) (((mul) (m)) (n))) (`b))) (((mul) (((mul) (m)) (n))) (`c))))), ((eqM) (((mul) (((mul) (m)) (n))) (n))) (m), ((eqM) (((mul) (((mul) (m)) (n))) (((mul) (((mul) (m)) (n))) (n)))) (((mul) (((mul) (m)) (n))) (m)))
(0.016270597645731934, 0.0, 0.0) for ((`b : M ) ~> ((`c : M ) ~> ((((eqM) (`b)) (`c)) → (((eqM) (((mul) (`b)) (m))) (((mul) (`c)) (m))))), ((eqM) (n)) (((mul) (((mul) (m)) (n))) (m)), ((eqM) (((mul) (n)) (m))) (((mul) (((mul) (((mul) (m)) (n))) (m))) (m)))

2020.06.25 06:22:48 [INFO] provingground.learning.HoTTBot.$anonfun:1261:28 - Tracing back equations and values for steps
Lemma: (`a : M ) ~> ((`b : M ) ~> ((`c : M ) ~> ((((eqM) (`a)) (`b)) → ((((eqM) (`b)) (`c)) → (((eqM) (`a)) (`c))))))
Traced back equations:
(P₁(trans ∈ Terms)) = (Coeff(Init(Terms))) * (P₀(trans ∈ Terms))
Weights of terms and types:
P₁(trans ∈ Terms) -> 0.0

Lemma: (`$afm : M ) ~> ((((eqM) (((mul) (((mul) (m)) (n))) (((mul) (((mul) (m)) (n))) (n)))) (`$afm)) → (((eqM) (n)) (`$afm)))
Traced back equations:

Weights of terms and types:


Lemma: (`b : M ) ~> ((`c : M ) ~> ((((eqM) (`b)) (`c)) → (((eqM) (((mul) (((mul) (m)) (n))) (`b))) (((mul) (((mul) (m)) (n))) (`c)))))
Traced back equations:
(P₁((left-multiply) (((mul) (m)) (n)) ∈ Terms)) = ((Coeff(FiberProductMap(typeOf(_),FuncsWithDomain,FlipAppn,Terms,Terms))) * (P₁(((mul) (m)) (n) ∈ Terms))) * (P₁(Wrap(left-multiply) ∈ AtCoord(FuncsWithDomain,M :: HNil)))
(P₁((left-multiply) (((mul) (m)) (n)) ∈ Terms)) = ((Coeff(ZipMapOpt(UnifApplnOpt,Funcs,Terms,Terms))) * (P₁(Wrap(left-multiply) ∈ Funcs))) * (P₁(((mul) (m)) (n) ∈ Terms))
(P₁((left-multiply) (((mul) (m)) (n)) ∈ Terms)) = (Coeff(Init(Terms))) * (P₀((left-multiply) (((mul) (m)) (n)) ∈ Terms))
(P₁((left-multiply) (((mul) (m)) (n)) ∈ Terms)) = ((Coeff(FiberProductMap(domOf,TermsWithTyp,Appln,Funcs,Terms))) * (P₁(Wrap(left-multiply) ∈ Funcs))) * (P₁(((mul) (m)) (n) ∈ AtCoord(TermsWithTyp,M :: HNil)))
(P₁(((mul) (m)) (n) ∈ Terms)) = ((Coeff(FiberProductMap(domOf,TermsWithTyp,Appln,Funcs,Terms))) * (P₁(Wrap((mul) (m)) ∈ Funcs))) * (P₁(n ∈ AtCoord(TermsWithTyp,M :: HNil)))
(P₁(((mul) (m)) (n) ∈ Terms)) = ((Coeff(ZipMapOpt(UnifApplnOpt,Funcs,Terms,Terms))) * (P₁(Wrap((mul) (m)) ∈ Funcs))) * (P₁(n ∈ Terms))
(P₁(((mul) (m)) (n) ∈ Terms)) = ((Coeff(FiberProductMap(typeOf(_),FuncsWithDomain,FlipAppn,Terms,Terms))) * (P₁(n ∈ Terms))) * (P₁(Wrap((mul) (m)) ∈ AtCoord(FuncsWithDomain,M :: HNil)))
(P₁(((mul) (m)) (n) ∈ Terms)) = (Coeff(Init(Terms))) * (P₀(((mul) (m)) (n) ∈ Terms))
(P₁(Wrap((mul) (m)) ∈ Funcs)) = (P₁((mul) (m) ∈ Terms)) / (P₁({Terms ∈ Restrict(FuncOpt)}))
(P₁((mul) (m) ∈ Terms)) = ((Coeff(FiberProductMap(domOf,TermsWithTyp,Appln,Funcs,Terms))) * (P₁(Wrap(mul) ∈ Funcs))) * (P₁(m ∈ AtCoord(TermsWithTyp,M :: HNil)))
(P₁((mul) (m) ∈ Terms)) = (Coeff(Init(Terms))) * (P₀((mul) (m) ∈ Terms))
(P₁((mul) (m) ∈ Terms)) = ((Coeff(FiberProductMap(typeOf(_),FuncsWithDomain,FlipAppn,Terms,Terms))) * (P₁(m ∈ Terms))) * (P₁(Wrap(mul) ∈ AtCoord(FuncsWithDomain,M :: HNil)))
(P₁((mul) (m) ∈ Terms)) = ((Coeff(ZipMapOpt(UnifApplnOpt,Funcs,Terms,Terms))) * (P₁(Wrap(mul) ∈ Funcs))) * (P₁(m ∈ Terms))
(P₁(n ∈ AtCoord(TermsWithTyp,M :: HNil))) = (P₁(n ∈ Terms)) / (P₁({Terms ∈ Filter(WithTyp(typ))}))
(P₁(n ∈ AtCoord(TermsWithTyp,M :: HNil))) = (Coeff(Init(AtCoord(TermsWithTyp,M :: HNil)))) * (P₀(n ∈ AtCoord(TermsWithTyp,M :: HNil)))
(P₁(n ∈ Terms)) = (Coeff(Init(Terms))) * (P₀(n ∈ Terms))
(P₁(Wrap((mul) (m)) ∈ AtCoord(FuncsWithDomain,M :: HNil))) = (P₁((mul) (m) ∈ Terms)) / (P₁({Terms ∈ Restrict(FuncWithDom(M))}))
(P₁(Wrap(left-multiply) ∈ AtCoord(FuncsWithDomain,M :: HNil))) = (Coeff(Init(AtCoord(FuncsWithDomain,M :: HNil)))) * (P₀(Wrap(left-multiply) ∈ AtCoord(FuncsWithDomain,M :: HNil)))
(P₁(Wrap(left-multiply) ∈ AtCoord(FuncsWithDomain,M :: HNil))) = (P₁(left-multiply ∈ Terms)) / (P₁({Terms ∈ Restrict(FuncWithDom(M))}))
(P₁(left-multiply ∈ Terms)) = (Coeff(Init(Terms))) * (P₀(left-multiply ∈ Terms))
(P₁(Wrap(left-multiply) ∈ Funcs)) = (Coeff(Init(Funcs))) * (P₀(Wrap(left-multiply) ∈ Funcs))
(P₁(Wrap(left-multiply) ∈ Funcs)) = (P₁(left-multiply ∈ Terms)) / (P₁({Terms ∈ Restrict(FuncOpt)}))
(P₁(((mul) (m)) (n) ∈ AtCoord(TermsWithTyp,M :: HNil))) = (P₁(((mul) (m)) (n) ∈ Terms)) / (P₁({Terms ∈ Filter(WithTyp(typ))}))
(P₁(((mul) (m)) (n) ∈ AtCoord(TermsWithTyp,M :: HNil))) = (Coeff(Init(AtCoord(TermsWithTyp,M :: HNil)))) * (P₀(((mul) (m)) (n) ∈ AtCoord(TermsWithTyp,M :: HNil)))
Weights of terms and types:
P₁((left-multiply) (((mul) (m)) (n)) ∈ Terms) -> 0.016270597645731934
P₁(((mul) (m)) (n) ∈ Terms) -> 0.08837517523251155
P₁((mul) (m) ∈ Terms) -> 0.0
P₁(m ∈ Terms) -> 0.08837517523251155
P₁(n ∈ Terms) -> 0.08837517523251155
P₁(left-multiply ∈ Terms) -> 0.08837517523251155

Lemma: (`b : M ) ~> ((`c : M ) ~> ((((eqM) (`b)) (`c)) → (((eqM) (((mul) (`b)) (m))) (((mul) (`c)) (m)))))
Traced back equations:
(P₁((right-multiply) (m) ∈ Terms)) = ((Coeff(FiberProductMap(typeOf(_),FuncsWithDomain,FlipAppn,Terms,Terms))) * (P₁(m ∈ Terms))) * (P₁(Wrap(right-multiply) ∈ AtCoord(FuncsWithDomain,M :: HNil)))
(P₁((right-multiply) (m) ∈ Terms)) = ((Coeff(FiberProductMap(domOf,TermsWithTyp,Appln,Funcs,Terms))) * (P₁(Wrap(right-multiply) ∈ Funcs))) * (P₁(m ∈ AtCoord(TermsWithTyp,M :: HNil)))
(P₁((right-multiply) (m) ∈ Terms)) = ((Coeff(ZipMapOpt(UnifApplnOpt,Funcs,Terms,Terms))) * (P₁(Wrap(right-multiply) ∈ Funcs))) * (P₁(m ∈ Terms))
(P₁((right-multiply) (m) ∈ Terms)) = (Coeff(Init(Terms))) * (P₀((right-multiply) (m) ∈ Terms))
(P₁(m ∈ Terms)) = (Coeff(Init(Terms))) * (P₀(m ∈ Terms))
(P₁(Wrap(right-multiply) ∈ AtCoord(FuncsWithDomain,M :: HNil))) = (Coeff(Init(AtCoord(FuncsWithDomain,M :: HNil)))) * (P₀(Wrap(right-multiply) ∈ AtCoord(FuncsWithDomain,M :: HNil)))
(P₁(Wrap(right-multiply) ∈ AtCoord(FuncsWithDomain,M :: HNil))) = (P₁(right-multiply ∈ Terms)) / (P₁({Terms ∈ Restrict(FuncWithDom(M))}))
(P₁(right-multiply ∈ Terms)) = (Coeff(Init(Terms))) * (P₀(right-multiply ∈ Terms))
(P₁(Wrap(right-multiply) ∈ Funcs)) = (Coeff(Init(Funcs))) * (P₀(Wrap(right-multiply) ∈ Funcs))
(P₁(Wrap(right-multiply) ∈ Funcs)) = (P₁(right-multiply ∈ Terms)) / (P₁({Terms ∈ Restrict(FuncOpt)}))
(P₁(m ∈ AtCoord(TermsWithTyp,M :: HNil))) = (P₁(m ∈ Terms)) / (P₁({Terms ∈ Filter(WithTyp(typ))}))
(P₁(m ∈ AtCoord(TermsWithTyp,M :: HNil))) = (Coeff(Init(AtCoord(TermsWithTyp,M :: HNil)))) * (P₀(m ∈ AtCoord(TermsWithTyp,M :: HNil)))
Weights of terms and types:
P₁((right-multiply) (m) ∈ Terms) -> 0.016270597645731934
P₁(m ∈ Terms) -> 0.08837517523251155
P₁(right-multiply ∈ Terms) -> 0.08837517523251155


2020.06.25 06:22:48 [INFO] provingground.learning.HoTTBot.$anonfun:1223:28 - Terms in base (used with tangents above): 1
Type: (`a : M ) ~> ((`b : M ) ~> ((`c : M ) ~> ((((eqM) (`a)) (`b)) → ((((eqM) (`b)) (`c)) → (((eqM) (`a)) (`c)))))); best term: trans with weight 0.45000000000000007
2020.06.25 06:22:48 [INFO] provingground.learning.HoTTBot.$anonfun:1235:28 - Lemmas in base for mixin (used with tangents above): 3
Type: ((eqM) (((mul) (((mul) (m)) (n))) (n))) (m); best term: ((ass1) (m)) (n) with weight 0.09114656135389602
Type: ((eqM) (((mul) (((mul) (m)) (n))) (((mul) (((mul) (m)) (n))) (n)))) (n); best term: ((ass2) (((mul) (m)) (n))) (n) with weight 0.0202355433962171
Type: ((eqM) (((mul) (((mul) (((mul) (m)) (n))) (m))) (m))) (((mul) (m)) (n)); best term: ((ass1) (((mul) (m)) (n))) (m) with weight 0.019499036808838258
2020.06.25 06:22:48 [INFO] provingground.learning.HoTTBot.$anonfun:1242:28 - Inference by unified applications, triples and weights (for this base state)
(0.45000000000000007, 0.0, 0.0) for ((`a : M ) ~> ((`b : M ) ~> ((`c : M ) ~> ((((eqM) (`a)) (`b)) → ((((eqM) (`b)) (`c)) → (((eqM) (`a)) (`c)))))), ((eqM) (n)) (((mul) (((mul) (m)) (n))) (((mul) (((mul) (m)) (n))) (n))), (`$afm : M ) ~> ((((eqM) (((mul) (((mul) (m)) (n))) (((mul) (((mul) (m)) (n))) (n)))) (`$afm)) → (((eqM) (n)) (`$afm))))
(0.0, 0.0, 0.0) for ((`$afm : M ) ~> ((((eqM) (((mul) (((mul) (m)) (n))) (((mul) (((mul) (m)) (n))) (n)))) (`$afm)) → (((eqM) (n)) (`$afm))), ((eqM) (((mul) (((mul) (m)) (n))) (((mul) (((mul) (m)) (n))) (n)))) (((mul) (((mul) (m)) (n))) (m)), ((eqM) (n)) (((mul) (((mul) (m)) (n))) (m)))
(0.0, 0.040700000848968604, 0.0) for ((`b : M ) ~> ((`c : M ) ~> ((((eqM) (`b)) (`c)) → (((eqM) (((mul) (((mul) (m)) (n))) (`b))) (((mul) (((mul) (m)) (n))) (`c))))), ((eqM) (((mul) (((mul) (m)) (n))) (n))) (m), ((eqM) (((mul) (((mul) (m)) (n))) (((mul) (((mul) (m)) (n))) (n)))) (((mul) (((mul) (m)) (n))) (m)))
(0.0, 0.0, 0.0) for ((`b : M ) ~> ((`c : M ) ~> ((((eqM) (`b)) (`c)) → (((eqM) (((mul) (`b)) (m))) (((mul) (`c)) (m))))), ((eqM) (n)) (((mul) (((mul) (m)) (n))) (m)), ((eqM) (((mul) (n)) (m))) (((mul) (((mul) (((mul) (m)) (n))) (m))) (m)))

2020.06.25 06:22:48 [INFO] provingground.learning.HoTTBot.$anonfun:1261:28 - Tracing back equations and values for steps
Lemma: (`a : M ) ~> ((`b : M ) ~> ((`c : M ) ~> ((((eqM) (`a)) (`b)) → ((((eqM) (`b)) (`c)) → (((eqM) (`a)) (`c))))))
Traced back equations:
(P₁(trans ∈ Terms)) = (Coeff(Init(Terms))) * (P₀(trans ∈ Terms))
Weights of terms and types:
P₁(trans ∈ Terms) -> 0.45000000000000007

Lemma: (`$afm : M ) ~> ((((eqM) (((mul) (((mul) (m)) (n))) (((mul) (((mul) (m)) (n))) (n)))) (`$afm)) → (((eqM) (n)) (`$afm)))
Traced back equations:

Weights of terms and types:


Lemma: (`b : M ) ~> ((`c : M ) ~> ((((eqM) (`b)) (`c)) → (((eqM) (((mul) (((mul) (m)) (n))) (`b))) (((mul) (((mul) (m)) (n))) (`c)))))
Traced back equations:
(P₁((left-multiply) (((mul) (m)) (n)) ∈ Terms)) = ((Coeff(FiberProductMap(typeOf(_),FuncsWithDomain,FlipAppn,Terms,Terms))) * (P₁(((mul) (m)) (n) ∈ Terms))) * (P₁(Wrap(left-multiply) ∈ AtCoord(FuncsWithDomain,M :: HNil)))
(P₁((left-multiply) (((mul) (m)) (n)) ∈ Terms)) = ((Coeff(ZipMapOpt(UnifApplnOpt,Funcs,Terms,Terms))) * (P₁(Wrap(left-multiply) ∈ Funcs))) * (P₁(((mul) (m)) (n) ∈ Terms))
(P₁((left-multiply) (((mul) (m)) (n)) ∈ Terms)) = (Coeff(Init(Terms))) * (P₀((left-multiply) (((mul) (m)) (n)) ∈ Terms))
(P₁((left-multiply) (((mul) (m)) (n)) ∈ Terms)) = ((Coeff(FiberProductMap(domOf,TermsWithTyp,Appln,Funcs,Terms))) * (P₁(Wrap(left-multiply) ∈ Funcs))) * (P₁(((mul) (m)) (n) ∈ AtCoord(TermsWithTyp,M :: HNil)))
(P₁(((mul) (m)) (n) ∈ Terms)) = ((Coeff(FiberProductMap(domOf,TermsWithTyp,Appln,Funcs,Terms))) * (P₁(Wrap((mul) (m)) ∈ Funcs))) * (P₁(n ∈ AtCoord(TermsWithTyp,M :: HNil)))
(P₁(((mul) (m)) (n) ∈ Terms)) = ((Coeff(ZipMapOpt(UnifApplnOpt,Funcs,Terms,Terms))) * (P₁(Wrap((mul) (m)) ∈ Funcs))) * (P₁(n ∈ Terms))
(P₁(((mul) (m)) (n) ∈ Terms)) = ((Coeff(FiberProductMap(typeOf(_),FuncsWithDomain,FlipAppn,Terms,Terms))) * (P₁(n ∈ Terms))) * (P₁(Wrap((mul) (m)) ∈ AtCoord(FuncsWithDomain,M :: HNil)))
(P₁(((mul) (m)) (n) ∈ Terms)) = (Coeff(Init(Terms))) * (P₀(((mul) (m)) (n) ∈ Terms))
(P₁(Wrap((mul) (m)) ∈ Funcs)) = (P₁((mul) (m) ∈ Terms)) / (P₁({Terms ∈ Restrict(FuncOpt)}))
(P₁((mul) (m) ∈ Terms)) = ((Coeff(FiberProductMap(domOf,TermsWithTyp,Appln,Funcs,Terms))) * (P₁(Wrap(mul) ∈ Funcs))) * (P₁(m ∈ AtCoord(TermsWithTyp,M :: HNil)))
(P₁((mul) (m) ∈ Terms)) = (Coeff(Init(Terms))) * (P₀((mul) (m) ∈ Terms))
(P₁((mul) (m) ∈ Terms)) = ((Coeff(FiberProductMap(typeOf(_),FuncsWithDomain,FlipAppn,Terms,Terms))) * (P₁(m ∈ Terms))) * (P₁(Wrap(mul) ∈ AtCoord(FuncsWithDomain,M :: HNil)))
(P₁((mul) (m) ∈ Terms)) = ((Coeff(ZipMapOpt(UnifApplnOpt,Funcs,Terms,Terms))) * (P₁(Wrap(mul) ∈ Funcs))) * (P₁(m ∈ Terms))
(P₁(n ∈ AtCoord(TermsWithTyp,M :: HNil))) = (P₁(n ∈ Terms)) / (P₁({Terms ∈ Filter(WithTyp(typ))}))
(P₁(n ∈ AtCoord(TermsWithTyp,M :: HNil))) = (Coeff(Init(AtCoord(TermsWithTyp,M :: HNil)))) * (P₀(n ∈ AtCoord(TermsWithTyp,M :: HNil)))
(P₁(n ∈ Terms)) = (Coeff(Init(Terms))) * (P₀(n ∈ Terms))
(P₁(Wrap((mul) (m)) ∈ AtCoord(FuncsWithDomain,M :: HNil))) = (P₁((mul) (m) ∈ Terms)) / (P₁({Terms ∈ Restrict(FuncWithDom(M))}))
(P₁(Wrap(left-multiply) ∈ AtCoord(FuncsWithDomain,M :: HNil))) = (P₁(left-multiply ∈ Terms)) / (P₁({Terms ∈ Restrict(FuncWithDom(M))}))
(P₁(left-multiply ∈ Terms)) = (Coeff(Init(Terms))) * (P₀(left-multiply ∈ Terms))
(P₁(Wrap(left-multiply) ∈ Funcs)) = (Coeff(Init(Funcs))) * (P₀(Wrap(left-multiply) ∈ Funcs))
(P₁(Wrap(left-multiply) ∈ Funcs)) = (P₁(left-multiply ∈ Terms)) / (P₁({Terms ∈ Restrict(FuncOpt)}))
(P₁(((mul) (m)) (n) ∈ AtCoord(TermsWithTyp,M :: HNil))) = (P₁(((mul) (m)) (n) ∈ Terms)) / (P₁({Terms ∈ Filter(WithTyp(typ))}))
(P₁(((mul) (m)) (n) ∈ AtCoord(TermsWithTyp,M :: HNil))) = (Coeff(Init(AtCoord(TermsWithTyp,M :: HNil)))) * (P₀(((mul) (m)) (n) ∈ AtCoord(TermsWithTyp,M :: HNil)))
Weights of terms and types:
P₁((left-multiply) (((mul) (m)) (n)) ∈ Terms) -> 0.0
P₁(((mul) (m)) (n) ∈ Terms) -> 0.0
P₁((mul) (m) ∈ Terms) -> 0.0
P₁(m ∈ Terms) -> 0.0
P₁(n ∈ Terms) -> 0.0
P₁(left-multiply ∈ Terms) -> 0.0

Lemma: (`b : M ) ~> ((`c : M ) ~> ((((eqM) (`b)) (`c)) → (((eqM) (((mul) (`b)) (m))) (((mul) (`c)) (m)))))
Traced back equations:
(P₁((right-multiply) (m) ∈ Terms)) = ((Coeff(FiberProductMap(typeOf(_),FuncsWithDomain,FlipAppn,Terms,Terms))) * (P₁(m ∈ Terms))) * (P₁(Wrap(right-multiply) ∈ AtCoord(FuncsWithDomain,M :: HNil)))
(P₁((right-multiply) (m) ∈ Terms)) = ((Coeff(FiberProductMap(domOf,TermsWithTyp,Appln,Funcs,Terms))) * (P₁(Wrap(right-multiply) ∈ Funcs))) * (P₁(m ∈ AtCoord(TermsWithTyp,M :: HNil)))
(P₁((right-multiply) (m) ∈ Terms)) = ((Coeff(ZipMapOpt(UnifApplnOpt,Funcs,Terms,Terms))) * (P₁(Wrap(right-multiply) ∈ Funcs))) * (P₁(m ∈ Terms))
(P₁((right-multiply) (m) ∈ Terms)) = (Coeff(Init(Terms))) * (P₀((right-multiply) (m) ∈ Terms))
(P₁(m ∈ Terms)) = (Coeff(Init(Terms))) * (P₀(m ∈ Terms))
(P₁(Wrap(right-multiply) ∈ AtCoord(FuncsWithDomain,M :: HNil))) = (P₁(right-multiply ∈ Terms)) / (P₁({Terms ∈ Restrict(FuncWithDom(M))}))
(P₁(right-multiply ∈ Terms)) = (Coeff(Init(Terms))) * (P₀(right-multiply ∈ Terms))
(P₁(Wrap(right-multiply) ∈ Funcs)) = (Coeff(Init(Funcs))) * (P₀(Wrap(right-multiply) ∈ Funcs))
(P₁(Wrap(right-multiply) ∈ Funcs)) = (P₁(right-multiply ∈ Terms)) / (P₁({Terms ∈ Restrict(FuncOpt)}))
(P₁(m ∈ AtCoord(TermsWithTyp,M :: HNil))) = (P₁(m ∈ Terms)) / (P₁({Terms ∈ Filter(WithTyp(typ))}))
(P₁(m ∈ AtCoord(TermsWithTyp,M :: HNil))) = (Coeff(Init(AtCoord(TermsWithTyp,M :: HNil)))) * (P₀(m ∈ AtCoord(TermsWithTyp,M :: HNil)))
Weights of terms and types:
P₁((right-multiply) (m) ∈ Terms) -> 0.0
P₁(m ∈ Terms) -> 0.0
P₁(right-multiply ∈ Terms) -> 0.0


2020.06.25 06:22:58 [INFO] provingground.learning.SimpleEquations.timedUnAppEquations:143:54 - all pairs considered with cutoff 1.52587890625E-11
2020.06.25 06:23:00 [INFO] provingground.learning.ErasablePostBuffer.$anon.post:85:22 - Post; tag: TypeTag[provingground.learning.HoTTMessages.GeneratedEquationNodes], id: (15,-406838919)
2020.06.25 06:23:00 [INFO] provingground.learning.HoTTBot.scribeLog:1936:16 - Post; tag: TypeTag[provingground.learning.HoTTMessages.GeneratedEquationNodes], id: (15,-406838919)
2020.06.25 06:23:00 [INFO] provingground.learning.TypedPostResponse.MicroBot.post:227:18 - triggered response of type TypeTag[provingground.learning.ExpressionEval] to posts of type TypeTag[provingground.learning.HoTTMessages.GeneratedEquationNodes]
2020.06.25 06:23:00 [INFO] provingground.learning.TypedPostResponse.Callback.post:188:18 - triggered callback for type TypeTag[provingground.learning.HoTTMessages.GeneratedEquationNodes]
2020.06.25 06:23:35 [INFO] provingground.learning.PostBuffer.$anon.post:244:22 - Post; tag: TypeTag[provingground.learning.ExpressionEval], id: (16,1809209328), content:
provingground.learning.ExpressionEval$$anon$2@6bd657f0
2020.06.25 06:23:35 [INFO] provingground.learning.HoTTBot.scribeLog:1936:16 - Post; tag: TypeTag[provingground.learning.ExpressionEval], id: (16,1809209328)
2020.06.25 06:23:35 [INFO] provingground.learning.TypedPostResponse.MicroBot.post:227:18 - triggered response of type TypeTag[provingground.learning.HoTTMessages.FinalState] to posts of type TypeTag[provingground.learning.ExpressionEval]
2020.06.25 06:23:35 [INFO] provingground.learning.TypedPostResponse.Callback.post:188:18 - triggered callback for type TypeTag[provingground.learning.ExpressionEval]
