2020.12.30 10:45:28:684 [INFO ] provingground.interface.CzSlRun:22:14 - This is a Bot based run for the Czech-Slovak olympiand problem identified by Achal, who proved this with manual choice.
This problem involves showing the left and right identity coincide given a bunch of axioms. We can only use forward reasoning
since there are no models.

There is a little domain knowledge in the tuning, with tautologies specified (to not be used as lemmas) 
and "base states" given based on what is used together. But this is largely a robust choice of parameters.
Much of the work has been in ensuring that all the hot code is parallelized.

2020.12.30 10:45:28:989 [INFO ] provingground.interface.CzSlRun:31:14 - Number of threads: 8
2020.12.30 10:45:28:991 [INFO ] provingground.interface.CzSlRun.<local CzSlRun>:33:50 - JAVA_OPTS: -Xms512m -Xmx4g -XX:+UnlockDiagnosticVMOptions -XX:+DebugNonSafepoints
2020.12.30 10:45:28:993 [INFO ] provingground.interface.CzSlRun.<local CzSlRun>:35:50 - JAVA_HOME: /home/gadgil/.cache/coursier/jvm/adopt@1.11.0-8
2020.12.30 10:45:29:957 [INFO ] provingground.learning.PostBuffer.$anon.post:266:22 - Post; tag: TypeTag[provingground.learning.HoTTMessages.TautologyInitState], id: (1,920274034), content:
TautologyInitState(TermState([trans : 0.14285714285714285, refl : 0.14285714285714285, n : 0.14285714285714285, sym : 0.14285714285714285, mul : 0.14285714285714285, m : 0.14285714285714285, ((mul) (m)) (n) : 0.14285714285714285],[M : 1.0],Vector(),[],[],{})), hash: 920274034
2020.12.30 10:45:29:976 [INFO ] provingground.learning.PostBuffer.$anon.post:266:22 - Post; tag: TypeTag[provingground.learning.HoTTMessages.SpecialInitState], id: (2,1524053949), content:
SpecialInitState(TermState([trans : 0.9, sym : 0.1],[M : 1.0],Vector(),[],[],{}),0.001,0.5,0.05,Some(TermGenParams(0.0,0.4,0.0,0.0,0.0,0.0,0.0,0.0,0.0,0.0,0.0,0.0,0.0,0.3,0.7,0.5,0.0,0.0,0.0,<function1>)),Some(2)), hash: 1524053949
2020.12.30 10:45:29:978 [INFO ] provingground.learning.PostBuffer.$anon.post:266:22 - Post; tag: TypeTag[provingground.learning.HoTTMessages.SpecialInitState], id: (3,-376740879), content:
SpecialInitState(TermState([right-multiply : 0.2, m : 0.2, n : 0.2, left-multiply : 0.2, ((mul) (m)) (n) : 0.2],[M : 1.0],Vector(),[],[],{}),0.001,0.5,0.5,Some(TermGenParams(0.3,0.3,0.0,0.0,0.0,0.0,0.0,0.0,0.0,0.0,0.0,0.0,0.0,0.3,0.7,0.5,0.0,0.0,0.0,<function1>)),Some(2)), hash: -376740879
2020.12.30 10:45:29:980 [INFO ] provingground.learning.PostBuffer.$anon.post:266:22 - Post; tag: TypeTag[provingground.learning.LocalProver], id: (4,2129486793), content:
LocalProver(TermState([m : 0.08333333333333333, refl : 0.08333333333333333, mul : 0.08333333333333333, sym : 0.08333333333333333, left-multiply : 0.08333333333333333, right-multiply : 0.08333333333333333, ass2 : 0.08333333333333333, trans : 0.08333333333333333, n : 0.08333333333333333, ((mul) (m)) (n) : 0.08333333333333333, ass1 : 0.08333333333333333, eqM : 0.08333333333333333],[M : 1.0],Vector(),[],[((eqM) (((mul) (m)) (n))) (((mul) (n)) (m)) : 1.0],{}),TermGenParams(0.1,0.1,0.0,0.0,0.0,0.0,0.0,0.0,0.0,0.0,0.0,0.0,0.0,0.3,0.7,0.5,0.0,0.0,0.0,<function1>),1.0E-5,None,12 minutes,1.01,1.0,10000,10,1.0,1.0,None,false,false,0.5,1.0,Some(1800000)), hash: 2129486793
2020.12.30 10:45:29:984 [INFO ] provingground.learning.TypedPostResponse.MicroBot.post:241:18 - triggered response 'c41a83d7' of type TypeTag[provingground.learning.ExpressionEval] to post of type TypeTag[provingground.learning.LocalProver] with input hash 2129486793
2020.12.30 10:45:48:371 [INFO ] provingground.learning.ErasablePostBuffer.$anon.post:115:22 - Post; tag: TypeTag[provingground.learning.ExpressionEval], id: (5,1504688190), hash : 1504688190
2020.12.30 10:45:48:374 [INFO ] provingground.learning.TypedPostResponse.MicroBot.$anonfun.applyOrElse:255:26 - completed response 'c41a83d7' of type TypeTag[provingground.learning.ExpressionEval] to posts of type TypeTag[provingground.learning.LocalProver] with input hash 2129486793
2020.12.30 10:45:48:375 [INFO ] provingground.learning.TypedPostResponse.Callback.post:200:18 - triggered callback '787d43f7' for type TypeTag[provingground.learning.ExpressionEval] with input hash 1504688190
2020.12.30 10:45:50:967 [INFO ] provingground.learning.TypedPostResponse.Callback.$anonfun.applyOrElse:204:33 - completed callback '787d43f7' for type TypeTag[provingground.learning.ExpressionEval] with input hash 1504688190
2020.12.30 10:45:50:968 [INFO ] provingground.learning.TypedPostResponse.MicroBot.post:241:18 - triggered response '8a40a28a' of type TypeTag[provingground.learning.HoTTMessages.FinalState] to post of type TypeTag[provingground.learning.ExpressionEval] with input hash 1504688190
2020.12.30 10:45:50:970 [INFO ] provingground.learning.HoTTBot.expEvToFinalState:567:26 - computing final state
2020.12.30 10:45:52:499 [INFO ] provingground.learning.ErasablePostBuffer.$anon.post:115:22 - Post; tag: TypeTag[provingground.learning.HoTTMessages.FinalState], id: (6,1015955387), hash : 1015955387
2020.12.30 10:45:52:501 [INFO ] provingground.learning.TypedPostResponse.MicroBot.$anonfun.applyOrElse:255:26 - completed response '8a40a28a' of type TypeTag[provingground.learning.HoTTMessages.FinalState] to posts of type TypeTag[provingground.learning.ExpressionEval] with input hash 1504688190
2020.12.30 10:45:52:503 [INFO ] provingground.learning.TypedPostResponse.Callback.post:200:18 - triggered callback 'update terms' for type TypeTag[provingground.learning.HoTTMessages.FinalState] with input hash 1015955387
2020.12.30 10:45:54:115 [INFO ] provingground.learning.HoTTBot.$anonfun:367:26 - Obtained 53918 formal equations
2020.12.30 10:45:54:401 [INFO ] provingground.learning.TypedPostResponse.Callback.$anonfun.applyOrElse:204:33 - completed callback 'update terms' for type TypeTag[provingground.learning.HoTTMessages.FinalState] with input hash 1015955387
2020.12.30 10:45:54:402 [INFO ] provingground.learning.TypedPostResponse.Callback.post:200:18 - triggered callback 'report proofs' for type TypeTag[provingground.learning.HoTTMessages.FinalState] with input hash 1015955387
2020.12.30 10:45:55:022 [INFO ] provingground.learning.HoTTBot.$anonfun:422:26 - Results: 5
Lemma: ((eqM) (((mul) (((mul) (m)) (n))) (n))) (m); best proof: ((ass1) (m)) (n) with weight 1.4831717340390871E-4; statement weight 1.137166179084718E-5
Lemma: ((eqM) (((mul) (((mul) (m)) (n))) (((mul) (((mul) (m)) (n))) (n)))) (n); best proof: ((ass2) (((mul) (m)) (n))) (n) with weight 1.4889003973613167E-4; statement weight 4.085309526415909E-8
Lemma: ((eqM) (n)) (((mul) (((mul) (m)) (n))) (((mul) (((mul) (m)) (n))) (n))); best proof: (((sym) (((mul) (((mul) (m)) (n))) (((mul) (((mul) (m)) (n))) (n)))) (n)) (((ass2) (((mul) (m)) (n))) (n)) with weight 1.3234713773884353E-6; statement weight 4.297002549306142E-8
Lemma: ((eqM) (((mul) (((mul) (m)) (n))) (((mul) (((mul) (m)) (n))) (n)))) (((mul) (((mul) (m)) (n))) (m)); best proof: ((((left-multiply) (((mul) (m)) (n))) (((mul) (((mul) (m)) (n))) (n))) (m)) (((ass1) (m)) (n)) with weight 7.344173277562803E-8; statement weight 1.4159951934031355E-10
Lemma: ((eqM) (((mul) (((mul) (((mul) (m)) (n))) (m))) (m))) (((mul) (m)) (n)); best proof: ((ass1) (((mul) (m)) (n))) (m) with weight 1.4889003973613167E-4; statement weight 3.167234989548854E-8
2020.12.30 10:45:55:025 [INFO ] provingground.learning.TypedPostResponse.Callback.$anonfun.applyOrElse:204:33 - completed callback 'report proofs' for type TypeTag[provingground.learning.HoTTMessages.FinalState] with input hash 1015955387
2020.12.30 10:45:55:027 [INFO ] provingground.learning.TypedPostResponse.MicroBot.post:241:18 - triggered response 'final state to filtered lemmas' of type TypeTag[provingground.learning.HoTTMessages.Lemmas] to post of type TypeTag[provingground.learning.HoTTMessages.FinalState] with input hash 1015955387
2020.12.30 10:45:57:263 [INFO ] provingground.learning.HoTTBot.$anonfun:265:30 - avoiding 242 types as tautologies and generators.
2020.12.30 10:45:57:431 [INFO ] provingground.learning.ErasablePostBuffer.$anon.post:115:22 - Post; tag: TypeTag[provingground.learning.HoTTMessages.Lemmas], id: (7,-542398027), hash : -542398027
2020.12.30 10:45:57:432 [INFO ] provingground.learning.TypedPostResponse.MicroBot.$anonfun.applyOrElse:255:26 - completed response 'final state to filtered lemmas' of type TypeTag[provingground.learning.HoTTMessages.Lemmas] to posts of type TypeTag[provingground.learning.HoTTMessages.FinalState] with input hash 1015955387
2020.12.30 10:45:57:433 [INFO ] provingground.learning.TypedPostResponse.MicroBot.post:241:18 - triggered response '2e96524f' of type TypeTag[(provingground.learning.HoTTMessages.UsedLemmas :: provingground.learning.HoTTMessages.TangentLemmas :: shapeless.HNil) :: provingground.learning.HoTTMessages.BaseMixinLemmas :: shapeless.HNil] to post of type TypeTag[provingground.learning.HoTTMessages.Lemmas] with input hash -542398027
2020.12.30 10:45:57:448 [INFO ] provingground.learning.HoTTBot.$anonfun:1274:24 - excluded lemmas:

2020.12.30 10:45:57:459 [INFO ] provingground.learning.ErasablePostBuffer.$anon.post:115:22 - Post; tag: TypeTag[provingground.learning.HoTTMessages.UsedLemmas], id: (8,993064158), hash : 993064158
2020.12.30 10:45:57:460 [INFO ] provingground.learning.ErasablePostBuffer.$anon.post:115:22 - Post; tag: TypeTag[provingground.learning.HoTTMessages.TangentLemmas], id: (9,623729303), hash : 623729303
2020.12.30 10:45:57:461 [INFO ] provingground.learning.ErasablePostBuffer.$anon.post:115:22 - Post; tag: TypeTag[provingground.learning.HoTTMessages.BaseMixinLemmas], id: (10,-21433369), hash : -21433369
2020.12.30 10:45:57:462 [INFO ] provingground.learning.TypedPostResponse.MicroBot.$anonfun.applyOrElse:255:26 - completed response '2e96524f' of type TypeTag[(provingground.learning.HoTTMessages.UsedLemmas :: provingground.learning.HoTTMessages.TangentLemmas :: shapeless.HNil) :: provingground.learning.HoTTMessages.BaseMixinLemmas :: shapeless.HNil] to posts of type TypeTag[provingground.learning.HoTTMessages.Lemmas] with input hash -542398027
2020.12.30 10:45:57:464 [INFO ] provingground.learning.TypedPostResponse.DualMiniBotTask.post:491:20 - triggered (multiple) responses 'base state from special initial state' of type TypeTag[provingground.learning.HoTTMessages.TangentBaseState] to posts of type TypeTag[provingground.learning.HoTTMessages.BaseMixinLemmas] with input hash -21433369
2020.12.30 10:45:57:471 [INFO ] provingground.learning.TypedPostResponse.DualMiniBotTask.taskNest:497:32 - launching 1 branches
2020.12.30 10:45:57:473 [INFO ] provingground.learning.HoTTBot.$anonfun:1499:22 - previous special init states are 2
2020.12.30 10:45:57:475 [INFO ] provingground.learning.HoTTBot.baseStateTask:1342:16 - Computing base state
2020.12.30 10:45:57:478 [INFO ] provingground.learning.HoTTBot.baseStateTask:1342:16 - Computing base state
2020.12.30 10:45:57:479 [INFO ] provingground.learning.TypedPostResponse.DualMiniBotTask.$anonfun:502:36 - launching 2 responses  of type TypeTag[provingground.learning.HoTTMessages.TangentBaseState]  to posts of type TypeTag[provingground.learning.HoTTMessages.BaseMixinLemmas] in branch
2020.12.30 10:45:57:927 [INFO ] provingground.learning.HoTTBot.baseStateTask:1349:24 - Created vector of equations
2020.12.30 10:45:57:933 [INFO ] provingground.learning.HoTTBot.baseStateTask:1349:24 - Created vector of equations
2020.12.30 10:45:59:974 [INFO ] provingground.learning.ErasablePostBuffer.$anon.post:115:22 - Post; tag: TypeTag[provingground.learning.HoTTMessages.TangentBaseState], id: (11,-149271259), hash : -149271259
2020.12.30 10:45:59:976 [INFO ] provingground.learning.TypedPostResponse.DualMiniBotTask.$anonfun:507:44 - remaining 1 responses of type TypeTag[provingground.learning.HoTTMessages.TangentBaseState] to posts of type TypeTag[provingground.learning.HoTTMessages.BaseMixinLemmas]
2020.12.30 10:46:00:067 [INFO ] provingground.learning.ErasablePostBuffer.$anon.post:115:22 - Post; tag: TypeTag[provingground.learning.HoTTMessages.TangentBaseState], id: (12,1198524068), hash : 1198524068
2020.12.30 10:46:00:068 [INFO ] provingground.learning.TypedPostResponse.DualMiniBotTask.$anonfun:507:44 - remaining 0 responses of type TypeTag[provingground.learning.HoTTMessages.TangentBaseState] to posts of type TypeTag[provingground.learning.HoTTMessages.BaseMixinLemmas]
2020.12.30 10:46:00:068 [INFO ] provingground.learning.TypedPostResponse.DualMiniBotTask.taskNest:520:22 - completed (multiple) responses 'base state from special initial state' of type TypeTag[provingground.learning.HoTTMessages.TangentBaseState] to posts of type TypeTag[provingground.learning.HoTTMessages.BaseMixinLemmas] with input hash -21433369
2020.12.30 10:46:00:070 [INFO ] provingground.learning.PostBuffer.$anon.post:266:22 - Post; tag: TypeTag[provingground.learning.HoTTMessages.TangentBaseCompleted.type], id: (13,-1666923435), content:
TangentBaseCompleted, hash: -1666923435
2020.12.30 10:46:00:075 [INFO ] provingground.learning.TypedPostResponse.DualMiniBot.post:414:20 - triggered (multiple) responses '2786d0d9' of type TypeTag[provingground.learning.HoTTMessages.GeneratedEquationNodes] to posts of type TypeTag[provingground.learning.HoTTMessages.TangentBaseCompleted.type]
2020.12.30 10:46:00:080 [INFO ] provingground.learning.TypedPostResponse.DualMiniBot.taskNest:419:32 - launching 2 branches
2020.12.30 10:46:00:113 [INFO ] provingground.learning.TypedPostResponse.DualMiniBot.$anonfun:424:36 - launching 230 responses  of type TypeTag[provingground.learning.HoTTMessages.GeneratedEquationNodes] in branch
2020.12.30 10:46:00:143 [INFO ] provingground.learning.TypedPostResponse.DualMiniBot.$anonfun:424:36 - launching 230 responses  of type TypeTag[provingground.learning.HoTTMessages.GeneratedEquationNodes] in branch
2020.12.30 10:46:30:720 [INFO ] provingground.learning.ErasablePostBuffer.$anon.post:115:22 - Post; tag: TypeTag[provingground.learning.HoTTMessages.GeneratedEquationNodes], id: (14,175442294), hash : 175442294
2020.12.30 10:46:30:728 [INFO ] provingground.learning.TypedPostResponse.DualMiniBot.$anonfun.applyOrElse:429:44 - remaining 229 responses of type TypeTag[provingground.learning.HoTTMessages.GeneratedEquationNodes] to posts of type TypeTag[provingground.learning.HoTTMessages.TangentBaseCompleted.type]
2020.12.30 10:46:31:652 [INFO ] provingground.learning.ErasablePostBuffer.$anon.post:115:22 - Post; tag: TypeTag[provingground.learning.HoTTMessages.GeneratedEquationNodes], id: (15,1540065238), hash : 1540065238
2020.12.30 10:46:31:680 [INFO ] provingground.learning.TypedPostResponse.DualMiniBot.$anonfun.applyOrElse:429:44 - remaining 228 responses of type TypeTag[provingground.learning.HoTTMessages.GeneratedEquationNodes] to posts of type TypeTag[provingground.learning.HoTTMessages.TangentBaseCompleted.type]
2020.12.30 10:46:53:190 [INFO ] provingground.learning.ErasablePostBuffer.$anon.post:115:22 - Post; tag: TypeTag[provingground.learning.HoTTMessages.GeneratedEquationNodes], id: (16,-1528180917), hash : -1528180917
2020.12.30 10:46:53:198 [INFO ] provingground.learning.TypedPostResponse.DualMiniBot.$anonfun.applyOrElse:429:44 - remaining 227 responses of type TypeTag[provingground.learning.HoTTMessages.GeneratedEquationNodes] to posts of type TypeTag[provingground.learning.HoTTMessages.TangentBaseCompleted.type]
2020.12.30 10:46:58:152 [INFO ] provingground.learning.ErasablePostBuffer.$anon.post:115:22 - Post; tag: TypeTag[provingground.learning.HoTTMessages.GeneratedEquationNodes], id: (17,-86359973), hash : -86359973
2020.12.30 10:46:58:158 [INFO ] provingground.learning.TypedPostResponse.DualMiniBot.$anonfun.applyOrElse:429:44 - remaining 226 responses of type TypeTag[provingground.learning.HoTTMessages.GeneratedEquationNodes] to posts of type TypeTag[provingground.learning.HoTTMessages.TangentBaseCompleted.type]
2020.12.30 10:47:00:124 [INFO ] provingground.learning.ErasablePostBuffer.$anon.post:115:22 - Post; tag: TypeTag[provingground.learning.HoTTMessages.GeneratedEquationNodes], id: (18,1211697971), hash : 1211697971
2020.12.30 10:47:00:141 [INFO ] provingground.learning.TypedPostResponse.DualMiniBot.$anonfun.applyOrElse:429:44 - remaining 225 responses of type TypeTag[provingground.learning.HoTTMessages.GeneratedEquationNodes] to posts of type TypeTag[provingground.learning.HoTTMessages.TangentBaseCompleted.type]
2020.12.30 10:47:02:507 [INFO ] provingground.learning.ErasablePostBuffer.$anon.post:115:22 - Post; tag: TypeTag[provingground.learning.HoTTMessages.GeneratedEquationNodes], id: (19,-1979254675), hash : -1979254675
2020.12.30 10:47:02:526 [INFO ] provingground.learning.TypedPostResponse.DualMiniBot.$anonfun.applyOrElse:429:44 - remaining 224 responses of type TypeTag[provingground.learning.HoTTMessages.GeneratedEquationNodes] to posts of type TypeTag[provingground.learning.HoTTMessages.TangentBaseCompleted.type]
2020.12.30 10:47:08:161 [INFO ] provingground.learning.ErasablePostBuffer.$anon.post:115:22 - Post; tag: TypeTag[provingground.learning.HoTTMessages.GeneratedEquationNodes], id: (20,341002462), hash : 341002462
2020.12.30 10:47:08:164 [INFO ] provingground.learning.TypedPostResponse.DualMiniBot.$anonfun.applyOrElse:429:44 - remaining 223 responses of type TypeTag[provingground.learning.HoTTMessages.GeneratedEquationNodes] to posts of type TypeTag[provingground.learning.HoTTMessages.TangentBaseCompleted.type]
2020.12.30 10:47:10:422 [INFO ] provingground.learning.ErasablePostBuffer.$anon.post:115:22 - Post; tag: TypeTag[provingground.learning.HoTTMessages.GeneratedEquationNodes], id: (21,1070125018), hash : 1070125018
2020.12.30 10:47:10:425 [INFO ] provingground.learning.TypedPostResponse.DualMiniBot.$anonfun.applyOrElse:429:44 - remaining 222 responses of type TypeTag[provingground.learning.HoTTMessages.GeneratedEquationNodes] to posts of type TypeTag[provingground.learning.HoTTMessages.TangentBaseCompleted.type]
2020.12.30 10:47:16:881 [INFO ] provingground.learning.ErasablePostBuffer.$anon.post:115:22 - Post; tag: TypeTag[provingground.learning.HoTTMessages.GeneratedEquationNodes], id: (22,1511550039), hash : 1511550039
2020.12.30 10:47:16:901 [INFO ] provingground.learning.TypedPostResponse.DualMiniBot.$anonfun.applyOrElse:429:44 - remaining 221 responses of type TypeTag[provingground.learning.HoTTMessages.GeneratedEquationNodes] to posts of type TypeTag[provingground.learning.HoTTMessages.TangentBaseCompleted.type]
2020.12.30 10:47:20:161 [INFO ] provingground.learning.ErasablePostBuffer.$anon.post:115:22 - Post; tag: TypeTag[provingground.learning.HoTTMessages.GeneratedEquationNodes], id: (23,-886571621), hash : -886571621
2020.12.30 10:47:20:165 [INFO ] provingground.learning.TypedPostResponse.DualMiniBot.$anonfun.applyOrElse:429:44 - remaining 229 responses of type TypeTag[provingground.learning.HoTTMessages.GeneratedEquationNodes] to posts of type TypeTag[provingground.learning.HoTTMessages.TangentBaseCompleted.type]
2020.12.30 10:47:28:996 [INFO ] provingground.learning.ErasablePostBuffer.$anon.post:115:22 - Post; tag: TypeTag[provingground.learning.HoTTMessages.GeneratedEquationNodes], id: (24,514037951), hash : 514037951
2020.12.30 10:47:28:999 [INFO ] provingground.learning.TypedPostResponse.DualMiniBot.$anonfun.applyOrElse:429:44 - remaining 228 responses of type TypeTag[provingground.learning.HoTTMessages.GeneratedEquationNodes] to posts of type TypeTag[provingground.learning.HoTTMessages.TangentBaseCompleted.type]
2020.12.30 10:47:38:706 [INFO ] provingground.learning.ErasablePostBuffer.$anon.post:115:22 - Post; tag: TypeTag[provingground.learning.HoTTMessages.GeneratedEquationNodes], id: (25,358482991), hash : 358482991
2020.12.30 10:47:38:708 [INFO ] provingground.learning.TypedPostResponse.DualMiniBot.$anonfun.applyOrElse:429:44 - remaining 227 responses of type TypeTag[provingground.learning.HoTTMessages.GeneratedEquationNodes] to posts of type TypeTag[provingground.learning.HoTTMessages.TangentBaseCompleted.type]
2020.12.30 10:47:50:269 [INFO ] provingground.learning.ErasablePostBuffer.$anon.post:115:22 - Post; tag: TypeTag[provingground.learning.HoTTMessages.GeneratedEquationNodes], id: (26,-1755032195), hash : -1755032195
2020.12.30 10:47:50:273 [INFO ] provingground.learning.TypedPostResponse.DualMiniBot.$anonfun.applyOrElse:429:44 - remaining 226 responses of type TypeTag[provingground.learning.HoTTMessages.GeneratedEquationNodes] to posts of type TypeTag[provingground.learning.HoTTMessages.TangentBaseCompleted.type]
2020.12.30 10:47:52:837 [INFO ] provingground.learning.ErasablePostBuffer.$anon.post:115:22 - Post; tag: TypeTag[provingground.learning.HoTTMessages.GeneratedEquationNodes], id: (27,1760067511), hash : 1760067511
2020.12.30 10:47:52:855 [INFO ] provingground.learning.TypedPostResponse.DualMiniBot.$anonfun.applyOrElse:429:44 - remaining 220 responses of type TypeTag[provingground.learning.HoTTMessages.GeneratedEquationNodes] to posts of type TypeTag[provingground.learning.HoTTMessages.TangentBaseCompleted.type]
2020.12.30 10:47:59:743 [INFO ] provingground.learning.ErasablePostBuffer.$anon.post:115:22 - Post; tag: TypeTag[provingground.learning.HoTTMessages.GeneratedEquationNodes], id: (28,-2074126558), hash : -2074126558
2020.12.30 10:47:59:763 [INFO ] provingground.learning.TypedPostResponse.DualMiniBot.$anonfun.applyOrElse:429:44 - remaining 225 responses of type TypeTag[provingground.learning.HoTTMessages.GeneratedEquationNodes] to posts of type TypeTag[provingground.learning.HoTTMessages.TangentBaseCompleted.type]
2020.12.30 10:48:11:021 [INFO ] provingground.learning.ErasablePostBuffer.$anon.post:115:22 - Post; tag: TypeTag[provingground.learning.HoTTMessages.GeneratedEquationNodes], id: (29,606605618), hash : 606605618
2020.12.30 10:48:11:023 [INFO ] provingground.learning.TypedPostResponse.DualMiniBot.$anonfun.applyOrElse:429:44 - remaining 224 responses of type TypeTag[provingground.learning.HoTTMessages.GeneratedEquationNodes] to posts of type TypeTag[provingground.learning.HoTTMessages.TangentBaseCompleted.type]
2020.12.30 10:48:16:747 [INFO ] provingground.learning.ErasablePostBuffer.$anon.post:115:22 - Post; tag: TypeTag[provingground.learning.HoTTMessages.GeneratedEquationNodes], id: (30,1819675392), hash : 1819675392
2020.12.30 10:48:16:753 [INFO ] provingground.learning.TypedPostResponse.DualMiniBot.$anonfun.applyOrElse:429:44 - remaining 219 responses of type TypeTag[provingground.learning.HoTTMessages.GeneratedEquationNodes] to posts of type TypeTag[provingground.learning.HoTTMessages.TangentBaseCompleted.type]
2020.12.30 10:48:26:774 [INFO ] provingground.learning.ErasablePostBuffer.$anon.post:115:22 - Post; tag: TypeTag[provingground.learning.HoTTMessages.GeneratedEquationNodes], id: (31,-426467188), hash : -426467188
2020.12.30 10:48:26:786 [INFO ] provingground.learning.TypedPostResponse.DualMiniBot.$anonfun.applyOrElse:429:44 - remaining 223 responses of type TypeTag[provingground.learning.HoTTMessages.GeneratedEquationNodes] to posts of type TypeTag[provingground.learning.HoTTMessages.TangentBaseCompleted.type]
