2020.12.23 07:57:59:425 [INFO ] provingground.interface.CzSlRun:22:14 - This is a Bot based run for the Czech-Slovak olympiand problem identified by Achal, who proved this with manual choice.
This problem involves showing the left and right identity coincide given a bunch of axioms. We can only use forward reasoning
since there are no models.

There is a little domain knowledge in the tuning, with tautologies specified (to not be used as lemmas) 
and "base states" given based on what is used together. But this is largely a robust choice of parameters.
Much of the work has been in ensuring that all the hot code is parallelized.

2020.12.23 07:57:59:759 [INFO ] provingground.interface.CzSlRun:31:14 - Number of threads: 8
2020.12.23 07:57:59:760 [INFO ] provingground.interface.CzSlRun.<local CzSlRun>:33:50 - JAVA_OPTS: -Xms2G -Xmx40G -Xss6M
2020.12.23 07:57:59:762 [INFO ] provingground.interface.CzSlRun.<local CzSlRun>:35:50 - JAVA_HOME: /usr/lib/jvm/java-8-oracle
2020.12.23 07:58:01:023 [INFO ] provingground.learning.PostBuffer.$anon.post:266:22 - Post; tag: TypeTag[provingground.learning.HoTTMessages.TautologyInitState], id: (1,920274034), content:
TautologyInitState(TermState([trans : 0.14285714285714285, refl : 0.14285714285714285, n : 0.14285714285714285, sym : 0.14285714285714285, mul : 0.14285714285714285, m : 0.14285714285714285, ((mul) (m)) (n) : 0.14285714285714285],[M : 1.0],Vector(),[],[],{})), hash: 920274034
2020.12.23 07:58:01:043 [INFO ] provingground.learning.PostBuffer.$anon.post:266:22 - Post; tag: TypeTag[provingground.learning.HoTTMessages.SpecialInitState], id: (2,1524053949), content:
SpecialInitState(TermState([trans : 0.9, sym : 0.1],[M : 1.0],Vector(),[],[],{}),0.001,0.5,0.05,Some(TermGenParams(0.0,0.4,0.0,0.0,0.0,0.0,0.0,0.0,0.0,0.0,0.0,0.0,0.0,0.3,0.7,0.5,0.0,0.0,0.0,<function1>)),Some(2)), hash: 1524053949
2020.12.23 07:58:01:045 [INFO ] provingground.learning.PostBuffer.$anon.post:266:22 - Post; tag: TypeTag[provingground.learning.HoTTMessages.SpecialInitState], id: (3,-376740879), content:
SpecialInitState(TermState([right-multiply : 0.2, m : 0.2, n : 0.2, left-multiply : 0.2, ((mul) (m)) (n) : 0.2],[M : 1.0],Vector(),[],[],{}),0.001,0.5,0.5,Some(TermGenParams(0.3,0.3,0.0,0.0,0.0,0.0,0.0,0.0,0.0,0.0,0.0,0.0,0.0,0.3,0.7,0.5,0.0,0.0,0.0,<function1>)),Some(2)), hash: -376740879
2020.12.23 07:58:01:046 [INFO ] provingground.learning.PostBuffer.$anon.post:266:22 - Post; tag: TypeTag[provingground.learning.LocalProver], id: (4,90599208), content:
LocalProver(TermState([m : 0.08333333333333333, refl : 0.08333333333333333, mul : 0.08333333333333333, sym : 0.08333333333333333, left-multiply : 0.08333333333333333, right-multiply : 0.08333333333333333, ass2 : 0.08333333333333333, trans : 0.08333333333333333, n : 0.08333333333333333, ((mul) (m)) (n) : 0.08333333333333333, ass1 : 0.08333333333333333, eqM : 0.08333333333333333],[M : 1.0],Vector(),[],[((eqM) (((mul) (m)) (n))) (((mul) (n)) (m)) : 1.0],{}),TermGenParams(0.1,0.1,0.0,0.0,0.0,0.0,0.0,0.0,0.0,0.0,0.0,0.0,0.0,0.3,0.7,0.5,0.0,0.0,0.0,<function1>),3.0E-6,None,12 minutes,1.01,1.0,10000,10,1.0,1.0,None,false,false,0.5,1.0,Some(1800000)), hash: 90599208
2020.12.23 07:58:01:051 [INFO ] provingground.learning.TypedPostResponse.MicroBot.post:241:18 - triggered response '88f35c63' of type TypeTag[provingground.learning.ExpressionEval] to post of type TypeTag[provingground.learning.LocalProver] with input hash 90599208
2020.12.23 08:01:01:451 [INFO ] provingground.learning.ErasablePostBuffer.$anon.post:115:22 - Post; tag: TypeTag[provingground.learning.ExpressionEval], id: (5,1845438110), hash : 1845438110
2020.12.23 08:01:01:453 [INFO ] provingground.learning.TypedPostResponse.MicroBot.$anonfun.applyOrElse:255:26 - completed response '88f35c63' of type TypeTag[provingground.learning.ExpressionEval] to posts of type TypeTag[provingground.learning.LocalProver] with input hash 90599208
2020.12.23 08:01:01:455 [INFO ] provingground.learning.TypedPostResponse.Callback.post:200:18 - triggered callback 'cc4cf541' for type TypeTag[provingground.learning.ExpressionEval] with input hash 1845438110
2020.12.23 08:01:43:614 [INFO ] provingground.learning.TypedPostResponse.Callback.$anonfun.applyOrElse:204:33 - completed callback 'cc4cf541' for type TypeTag[provingground.learning.ExpressionEval] with input hash 1845438110
2020.12.23 08:01:43:615 [INFO ] provingground.learning.TypedPostResponse.MicroBot.post:241:18 - triggered response '11fbda78' of type TypeTag[provingground.learning.HoTTMessages.FinalState] to post of type TypeTag[provingground.learning.ExpressionEval] with input hash 1845438110
2020.12.23 08:01:43:618 [INFO ] provingground.learning.HoTTBot.expEvToFinalState:567:26 - computing final state
2020.12.23 08:02:04:853 [INFO ] provingground.learning.ErasablePostBuffer.$anon.post:115:22 - Post; tag: TypeTag[provingground.learning.HoTTMessages.FinalState], id: (6,-878190156), hash : -878190156
2020.12.23 08:02:04:856 [INFO ] provingground.learning.TypedPostResponse.MicroBot.$anonfun.applyOrElse:255:26 - completed response '11fbda78' of type TypeTag[provingground.learning.HoTTMessages.FinalState] to posts of type TypeTag[provingground.learning.ExpressionEval] with input hash 1845438110
2020.12.23 08:02:04:857 [INFO ] provingground.learning.TypedPostResponse.Callback.post:200:18 - triggered callback 'update terms' for type TypeTag[provingground.learning.HoTTMessages.FinalState] with input hash -878190156
2020.12.23 08:02:34:408 [INFO ] provingground.learning.HoTTBot.$anonfun:367:26 - Obtained 555183 formal equations
2020.12.23 08:02:40:550 [INFO ] provingground.learning.TypedPostResponse.Callback.$anonfun.applyOrElse:204:33 - completed callback 'update terms' for type TypeTag[provingground.learning.HoTTMessages.FinalState] with input hash -878190156
2020.12.23 08:02:40:554 [INFO ] provingground.learning.TypedPostResponse.Callback.post:200:18 - triggered callback 'report proofs' for type TypeTag[provingground.learning.HoTTMessages.FinalState] with input hash -878190156
2020.12.23 08:02:55:390 [INFO ] provingground.learning.HoTTBot.$anonfun:422:26 - Results: 5
Lemma: ((eqM) (((mul) (((mul) (m)) (n))) (n))) (m); best proof: ((ass1) (m)) (n) with weight 1.4766482742563453E-4; statement weight 5.561023634426973E-5
Lemma: ((eqM) (((mul) (((mul) (m)) (n))) (((mul) (((mul) (m)) (n))) (n)))) (n); best proof: ((ass2) (((mul) (m)) (n))) (n) with weight 1.4823116868516314E-4; statement weight 4.3269510695930137E-8
Lemma: ((eqM) (n)) (((mul) (((mul) (m)) (n))) (((mul) (((mul) (m)) (n))) (n))); best proof: (((sym) (((mul) (((mul) (m)) (n))) (((mul) (((mul) (m)) (n))) (n)))) (n)) (((ass2) (((mul) (m)) (n))) (n)) with weight 1.31761100796013E-6; statement weight 2.2841967546011223E-7
Lemma: ((eqM) (((mul) (((mul) (m)) (n))) (((mul) (((mul) (m)) (n))) (n)))) (((mul) (((mul) (m)) (n))) (m)); best proof: ((((left-multiply) (((mul) (m)) (n))) (((mul) (((mul) (m)) (n))) (n))) (m)) (((ass1) (m)) (n)) with weight 7.280781081137339E-8; statement weight 1.4892126385104813E-10
Lemma: ((eqM) (((mul) (((mul) (((mul) (m)) (n))) (m))) (m))) (((mul) (m)) (n)); best proof: ((ass1) (((mul) (m)) (n))) (m) with weight 1.4823116868516314E-4; statement weight 4.0076031235976624E-8
2020.12.23 08:02:55:392 [INFO ] provingground.learning.TypedPostResponse.Callback.$anonfun.applyOrElse:204:33 - completed callback 'report proofs' for type TypeTag[provingground.learning.HoTTMessages.FinalState] with input hash -878190156
2020.12.23 08:02:55:397 [INFO ] provingground.learning.TypedPostResponse.MicroBot.post:241:18 - triggered response 'final state to filtered lemmas' of type TypeTag[provingground.learning.HoTTMessages.Lemmas] to post of type TypeTag[provingground.learning.HoTTMessages.FinalState] with input hash -878190156
2020.12.23 08:03:28:239 [INFO ] provingground.learning.HoTTBot.$anonfun:265:30 - avoiding 2234 types as tautologies and generators.
2020.12.23 08:03:37:650 [INFO ] provingground.learning.ErasablePostBuffer.$anon.post:115:22 - Post; tag: TypeTag[provingground.learning.HoTTMessages.Lemmas], id: (7,2053794703), hash : 2053794703
2020.12.23 08:03:37:655 [INFO ] provingground.learning.TypedPostResponse.MicroBot.$anonfun.applyOrElse:255:26 - completed response 'final state to filtered lemmas' of type TypeTag[provingground.learning.HoTTMessages.Lemmas] to posts of type TypeTag[provingground.learning.HoTTMessages.FinalState] with input hash -878190156
2020.12.23 08:03:37:658 [INFO ] provingground.learning.TypedPostResponse.MicroBot.post:241:18 - triggered response 'a4e13a56' of type TypeTag[(provingground.learning.HoTTMessages.UsedLemmas :: provingground.learning.HoTTMessages.TangentLemmas :: shapeless.HNil) :: provingground.learning.HoTTMessages.BaseMixinLemmas :: shapeless.HNil] to post of type TypeTag[provingground.learning.HoTTMessages.Lemmas] with input hash 2053794703
2020.12.23 08:03:37:680 [INFO ] provingground.learning.HoTTBot.$anonfun:1274:24 - excluded lemmas:

2020.12.23 08:03:37:731 [INFO ] provingground.learning.ErasablePostBuffer.$anon.post:115:22 - Post; tag: TypeTag[provingground.learning.HoTTMessages.UsedLemmas], id: (8,-552442787), hash : -552442787
2020.12.23 08:03:37:734 [INFO ] provingground.learning.ErasablePostBuffer.$anon.post:115:22 - Post; tag: TypeTag[provingground.learning.HoTTMessages.TangentLemmas], id: (9,231399782), hash : 231399782
2020.12.23 08:03:37:738 [INFO ] provingground.learning.ErasablePostBuffer.$anon.post:115:22 - Post; tag: TypeTag[provingground.learning.HoTTMessages.BaseMixinLemmas], id: (10,318479401), hash : 318479401
2020.12.23 08:03:37:740 [INFO ] provingground.learning.TypedPostResponse.MicroBot.$anonfun.applyOrElse:255:26 - completed response 'a4e13a56' of type TypeTag[(provingground.learning.HoTTMessages.UsedLemmas :: provingground.learning.HoTTMessages.TangentLemmas :: shapeless.HNil) :: provingground.learning.HoTTMessages.BaseMixinLemmas :: shapeless.HNil] to posts of type TypeTag[provingground.learning.HoTTMessages.Lemmas] with input hash 2053794703
2020.12.23 08:03:37:745 [INFO ] provingground.learning.TypedPostResponse.DualMiniBotTask.post:491:20 - triggered (multiple) responses 'base state from special initial state' of type TypeTag[provingground.learning.HoTTMessages.TangentBaseState] to posts of type TypeTag[provingground.learning.HoTTMessages.BaseMixinLemmas] with input hash 318479401
2020.12.23 08:03:37:755 [INFO ] provingground.learning.TypedPostResponse.DualMiniBotTask.taskNest:497:32 - launching 1 branches
2020.12.23 08:03:37:757 [INFO ] provingground.learning.HoTTBot.$anonfun:1497:22 - previous special init states are 2
2020.12.23 08:03:37:761 [INFO ] provingground.learning.HoTTBot.baseStateTask:1340:16 - Computing base state
2020.12.23 08:03:37:770 [INFO ] provingground.learning.HoTTBot.baseStateTask:1340:16 - Computing base state
2020.12.23 08:03:37:770 [INFO ] provingground.learning.TypedPostResponse.DualMiniBotTask.$anonfun:502:36 - launching 2 responses  of type TypeTag[provingground.learning.HoTTMessages.TangentBaseState]  to posts of type TypeTag[provingground.learning.HoTTMessages.BaseMixinLemmas] in branch
2020.12.23 08:03:45:984 [INFO ] provingground.learning.HoTTBot.baseStateTask:1347:24 - Created vector of equations
2020.12.23 08:03:47:355 [INFO ] provingground.learning.HoTTBot.baseStateTask:1347:24 - Created vector of equations
2020.12.23 08:04:19:444 [INFO ] provingground.learning.ErasablePostBuffer.$anon.post:115:22 - Post; tag: TypeTag[provingground.learning.HoTTMessages.TangentBaseState], id: (11,1352036566), hash : 1352036566
2020.12.23 08:04:19:450 [INFO ] provingground.learning.TypedPostResponse.DualMiniBotTask.$anonfun:507:44 - remaining 1 responses of type TypeTag[provingground.learning.HoTTMessages.TangentBaseState] to posts of type TypeTag[provingground.learning.HoTTMessages.BaseMixinLemmas]
2020.12.23 08:04:23:799 [INFO ] provingground.learning.ErasablePostBuffer.$anon.post:115:22 - Post; tag: TypeTag[provingground.learning.HoTTMessages.TangentBaseState], id: (12,-977465573), hash : -977465573
2020.12.23 08:04:23:801 [INFO ] provingground.learning.TypedPostResponse.DualMiniBotTask.$anonfun:507:44 - remaining 0 responses of type TypeTag[provingground.learning.HoTTMessages.TangentBaseState] to posts of type TypeTag[provingground.learning.HoTTMessages.BaseMixinLemmas]
2020.12.23 08:04:23:802 [INFO ] provingground.learning.TypedPostResponse.DualMiniBotTask.taskNest:520:22 - completed (multiple) responses 'base state from special initial state' of type TypeTag[provingground.learning.HoTTMessages.TangentBaseState] to posts of type TypeTag[provingground.learning.HoTTMessages.BaseMixinLemmas] with input hash 318479401
2020.12.23 08:04:23:805 [INFO ] provingground.learning.PostBuffer.$anon.post:266:22 - Post; tag: TypeTag[provingground.learning.HoTTMessages.TangentBaseCompleted.type], id: (13,-1666923435), content:
TangentBaseCompleted, hash: -1666923435
2020.12.23 08:04:23:809 [INFO ] provingground.learning.TypedPostResponse.MicroBot.post:241:18 - triggered response '14b72af7' of type TypeTag[provingground.learning.HoTTMessages.GeneratedEquationNodes] to post of type TypeTag[provingground.learning.HoTTMessages.TangentBaseCompleted.type] with input hash -1666923435
2020.12.23 08:06:51:544 [INFO ] provingground.learning.SimpleEquations.timedUnAppEquations:277:30 - reached cutoff limit Some(1.0E-11)
2020.12.23 08:07:03:258 [INFO ] provingground.learning.SimpleEquations.timedUnAppEquations:277:30 - reached cutoff limit Some(1.0E-11)
2020.12.23 08:07:04:205 [INFO ] provingground.learning.ErasablePostBuffer.$anon.post:115:22 - Post; tag: TypeTag[provingground.learning.HoTTMessages.GeneratedEquationNodes], id: (14,1185276075), hash : 1185276075
2020.12.23 08:07:04:219 [INFO ] provingground.learning.TypedPostResponse.MicroBot.$anonfun.applyOrElse:255:26 - completed response '14b72af7' of type TypeTag[provingground.learning.HoTTMessages.GeneratedEquationNodes] to posts of type TypeTag[provingground.learning.HoTTMessages.TangentBaseCompleted.type] with input hash -1666923435
2020.12.23 08:07:04:220 [INFO ] provingground.learning.TypedPostResponse.MicroBot.post:241:18 - triggered response '7822132c' of type TypeTag[provingground.learning.ExpressionEval] to post of type TypeTag[provingground.learning.HoTTMessages.GeneratedEquationNodes] with input hash 1185276075
2020.12.23 08:07:04:245 [INFO ] provingground.learning.TypedPostResponse.Callback.post:200:18 - triggered callback 'update equations' for type TypeTag[provingground.learning.HoTTMessages.GeneratedEquationNodes] with input hash 1185276075
2020.12.23 08:07:05:321 [INFO ] provingground.learning.TypedPostResponse.Callback.$anonfun.applyOrElse:204:33 - completed callback 'update equations' for type TypeTag[provingground.learning.HoTTMessages.GeneratedEquationNodes] with input hash 1185276075
2020.12.23 08:07:38:854 [INFO ] provingground.learning.ErasablePostBuffer.$anon.post:115:22 - Post; tag: TypeTag[provingground.learning.ExpressionEval], id: (15,684824508), hash : 684824508
2020.12.23 08:07:38:854 [INFO ] provingground.learning.TypedPostResponse.MicroBot.$anonfun.applyOrElse:255:26 - completed response '7822132c' of type TypeTag[provingground.learning.ExpressionEval] to posts of type TypeTag[provingground.learning.HoTTMessages.GeneratedEquationNodes] with input hash 1185276075
2020.12.23 08:07:38:867 [INFO ] provingground.learning.TypedPostResponse.MicroBot.post:241:18 - triggered response '11fbda78' of type TypeTag[provingground.learning.HoTTMessages.FinalState] to post of type TypeTag[provingground.learning.ExpressionEval] with input hash 684824508
2020.12.23 08:07:38:868 [INFO ] provingground.learning.HoTTBot.expEvToFinalState:567:26 - computing final state
2020.12.23 08:08:33:098 [INFO ] provingground.learning.ErasablePostBuffer.$anon.post:115:22 - Post; tag: TypeTag[provingground.learning.HoTTMessages.FinalState], id: (16,-412411432), hash : -412411432
2020.12.23 08:08:33:110 [INFO ] provingground.learning.TypedPostResponse.MicroBot.$anonfun.applyOrElse:255:26 - completed response '11fbda78' of type TypeTag[provingground.learning.HoTTMessages.FinalState] to posts of type TypeTag[provingground.learning.ExpressionEval] with input hash 684824508
2020.12.23 08:08:33:110 [INFO ] provingground.learning.TypedPostResponse.MicroBot.post:241:18 - triggered response 'final state to filtered lemmas' of type TypeTag[provingground.learning.HoTTMessages.Lemmas] to post of type TypeTag[provingground.learning.HoTTMessages.FinalState] with input hash -412411432
2020.12.23 08:08:33:121 [INFO ] provingground.learning.TypedPostResponse.Callback.post:200:18 - triggered callback 'update terms' for type TypeTag[provingground.learning.HoTTMessages.FinalState] with input hash -412411432
2020.12.23 08:08:33:132 [INFO ] provingground.learning.TypedPostResponse.Callback.post:200:18 - triggered callback 'report proofs (simple)' for type TypeTag[provingground.learning.HoTTMessages.FinalState] with input hash -412411432
2020.12.23 08:08:33:143 [INFO ] provingground.learning.TypedPostResponse.Callback.post:200:18 - triggered callback 'report proofs (simple)' for type TypeTag[provingground.learning.HoTTMessages.FinalState] with input hash -412411432
2020.12.23 08:08:47:779 [INFO ] provingground.learning.HoTTBot.$anonfun:465:26 - Steps (in final state): 4
Lemma: (`a : M ) ~> ((`b : M ) ~> ((`c : M ) ~> ((((eqM) (`a)) (`b)) → ((((eqM) (`b)) (`c)) → (((eqM) (`a)) (`c)))))); best proof: trans with weight 0.06629257141134731; statement weight 5.775398718250135E-11
Lemma: (`$afm : M ) ~> ((((eqM) (((mul) (((mul) (m)) (n))) (((mul) (((mul) (m)) (n))) (n)))) (`$afm)) → (((eqM) (n)) (`$afm))); best proof: (`$agmzicf :  M) ↦ (((((trans) (n)) (((mul) (((mul) (m)) (n))) (((mul) (((mul) (m)) (n))) (n)))) (`$agmzicf)) ((((sym) (((mul) (((mul) (m)) (n))) (((mul) (((mul) (m)) (n))) (n)))) (n)) (((ass2) (((mul) (m)) (n))) (n)))) with weight 2.819910577530329E-8; statement weight 1.66023470060835E-11
Lemma: (`b : M ) ~> ((`c : M ) ~> ((((eqM) (`b)) (`c)) → (((eqM) (((mul) (((mul) (m)) (n))) (`b))) (((mul) (((mul) (m)) (n))) (`c))))); best proof: (left-multiply) (((mul) (m)) (n)) with weight 0.0051399526326742955; statement weight 1.8591962032040698E-11
Lemma: (`b : M ) ~> ((`c : M ) ~> ((((eqM) (`b)) (`c)) → (((eqM) (((mul) (`b)) (m))) (((mul) (`c)) (m))))); best proof: (right-multiply) (m) with weight 0.005128496697469129; statement weight 1.1670432289442382E-12
2020.12.23 08:08:47:780 [INFO ] provingground.learning.TypedPostResponse.Callback.$anonfun.applyOrElse:204:33 - completed callback 'report proofs (simple)' for type TypeTag[provingground.learning.HoTTMessages.FinalState] with input hash -412411432
2020.12.23 08:08:49:018 [INFO ] provingground.learning.HoTTBot.$anonfun:465:26 - Results: 5
Lemma: ((eqM) (((mul) (((mul) (m)) (n))) (n))) (m); best proof: ((ass1) (m)) (n) with weight 9.917620685846539E-5; statement weight 2.765770506090076E-5
Lemma: ((eqM) (((mul) (((mul) (m)) (n))) (((mul) (((mul) (m)) (n))) (n)))) (n); best proof: ((ass2) (((mul) (m)) (n))) (n) with weight 9.939774472164364E-5; statement weight 1.263052071647161E-8
Lemma: ((eqM) (n)) (((mul) (((mul) (m)) (n))) (((mul) (((mul) (m)) (n))) (n))); best proof: (((sym) (((mul) (((mul) (m)) (n))) (((mul) (((mul) (m)) (n))) (n)))) (n)) (((ass2) (((mul) (m)) (n))) (n)) with weight 1.6741945875670176E-6; statement weight 6.594150429018611E-8
Lemma: ((eqM) (((mul) (((mul) (m)) (n))) (((mul) (((mul) (m)) (n))) (n)))) (((mul) (((mul) (m)) (n))) (m)); best proof: ((((left-multiply) (((mul) (m)) (n))) (((mul) (((mul) (m)) (n))) (n))) (m)) (((ass1) (m)) (n)) with weight 6.544432582474882E-8; statement weight 2.549345197872571E-11
Lemma: ((eqM) (((mul) (((mul) (((mul) (m)) (n))) (m))) (m))) (((mul) (m)) (n)); best proof: ((ass1) (((mul) (m)) (n))) (m) with weight 9.939774472164364E-5; statement weight 1.1864211394732635E-8
2020.12.23 08:08:49:019 [INFO ] provingground.learning.TypedPostResponse.Callback.$anonfun.applyOrElse:204:33 - completed callback 'report proofs (simple)' for type TypeTag[provingground.learning.HoTTMessages.FinalState] with input hash -412411432
2020.12.23 08:09:38:860 [INFO ] provingground.learning.HoTTBot.$anonfun:367:26 - Obtained 2064369 formal equations
2020.12.23 08:09:49:855 [INFO ] provingground.learning.TypedPostResponse.Callback.$anonfun.applyOrElse:204:33 - completed callback 'update terms' for type TypeTag[provingground.learning.HoTTMessages.FinalState] with input hash -412411432
2020.12.23 08:10:59:050 [INFO ] provingground.learning.HoTTBot.$anonfun:265:30 - avoiding 2234 types as tautologies and generators.
2020.12.23 08:11:18:234 [INFO ] provingground.learning.ErasablePostBuffer.$anon.post:115:22 - Post; tag: TypeTag[provingground.learning.HoTTMessages.Lemmas], id: (17,-1225527884), hash : -1225527884
2020.12.23 08:11:18:243 [INFO ] provingground.learning.TypedPostResponse.MicroBot.$anonfun.applyOrElse:255:26 - completed response 'final state to filtered lemmas' of type TypeTag[provingground.learning.HoTTMessages.Lemmas] to posts of type TypeTag[provingground.learning.HoTTMessages.FinalState] with input hash -412411432
2020.12.23 08:11:18:255 [INFO ] provingground.learning.TypedPostResponse.MicroBot.post:241:18 - triggered response 'a4e13a56' of type TypeTag[(provingground.learning.HoTTMessages.UsedLemmas :: provingground.learning.HoTTMessages.TangentLemmas :: shapeless.HNil) :: provingground.learning.HoTTMessages.BaseMixinLemmas :: shapeless.HNil] to post of type TypeTag[provingground.learning.HoTTMessages.Lemmas] with input hash -1225527884
2020.12.23 08:11:18:283 [INFO ] provingground.learning.HoTTBot.$anonfun:1274:24 - excluded lemmas:

2020.12.23 08:11:18:824 [INFO ] provingground.learning.ErasablePostBuffer.$anon.post:115:22 - Post; tag: TypeTag[provingground.learning.HoTTMessages.UsedLemmas], id: (18,-1196057985), hash : -1196057985
2020.12.23 08:11:18:833 [INFO ] provingground.learning.ErasablePostBuffer.$anon.post:115:22 - Post; tag: TypeTag[provingground.learning.HoTTMessages.TangentLemmas], id: (19,-2083616286), hash : -2083616286
2020.12.23 08:11:18:845 [INFO ] provingground.learning.ErasablePostBuffer.$anon.post:115:22 - Post; tag: TypeTag[provingground.learning.HoTTMessages.BaseMixinLemmas], id: (20,-1480696094), hash : -1480696094
2020.12.23 08:11:18:851 [INFO ] provingground.learning.TypedPostResponse.MicroBot.$anonfun.applyOrElse:255:26 - completed response 'a4e13a56' of type TypeTag[(provingground.learning.HoTTMessages.UsedLemmas :: provingground.learning.HoTTMessages.TangentLemmas :: shapeless.HNil) :: provingground.learning.HoTTMessages.BaseMixinLemmas :: shapeless.HNil] to posts of type TypeTag[provingground.learning.HoTTMessages.Lemmas] with input hash -1225527884
2020.12.23 08:11:18:859 [INFO ] provingground.learning.TypedPostResponse.DualMiniBotTask.post:491:20 - triggered (multiple) responses 'base state from special initial state' of type TypeTag[provingground.learning.HoTTMessages.TangentBaseState] to posts of type TypeTag[provingground.learning.HoTTMessages.BaseMixinLemmas] with input hash -1480696094
2020.12.23 08:11:18:870 [INFO ] provingground.learning.TypedPostResponse.DualMiniBotTask.taskNest:497:32 - launching 1 branches
2020.12.23 08:11:18:870 [INFO ] provingground.learning.HoTTBot.$anonfun:1497:22 - previous special init states are 2
2020.12.23 08:11:18:876 [INFO ] provingground.learning.HoTTBot.baseStateTask:1340:16 - Computing base state
2020.12.23 08:11:18:880 [INFO ] provingground.learning.HoTTBot.baseStateTask:1340:16 - Computing base state
2020.12.23 08:11:18:880 [INFO ] provingground.learning.TypedPostResponse.DualMiniBotTask.$anonfun:502:36 - launching 2 responses  of type TypeTag[provingground.learning.HoTTMessages.TangentBaseState]  to posts of type TypeTag[provingground.learning.HoTTMessages.BaseMixinLemmas] in branch
2020.12.23 08:14:53:744 [INFO ] provingground.learning.HoTTBot.baseStateTask:1347:24 - Created vector of equations
2020.12.23 08:15:03:536 [INFO ] provingground.learning.HoTTBot.baseStateTask:1347:24 - Created vector of equations
2020.12.23 08:16:11:392 [INFO ] provingground.learning.ErasablePostBuffer.$anon.post:115:22 - Post; tag: TypeTag[provingground.learning.HoTTMessages.TangentBaseState], id: (21,-890528214), hash : -890528214
2020.12.23 08:16:11:447 [INFO ] provingground.learning.TypedPostResponse.DualMiniBotTask.$anonfun:507:44 - remaining 1 responses of type TypeTag[provingground.learning.HoTTMessages.TangentBaseState] to posts of type TypeTag[provingground.learning.HoTTMessages.BaseMixinLemmas]
2020.12.23 08:16:21:587 [INFO ] provingground.learning.ErasablePostBuffer.$anon.post:115:22 - Post; tag: TypeTag[provingground.learning.HoTTMessages.TangentBaseState], id: (22,562589953), hash : 562589953
2020.12.23 08:16:21:595 [INFO ] provingground.learning.TypedPostResponse.DualMiniBotTask.$anonfun:507:44 - remaining 0 responses of type TypeTag[provingground.learning.HoTTMessages.TangentBaseState] to posts of type TypeTag[provingground.learning.HoTTMessages.BaseMixinLemmas]
2020.12.23 08:16:21:596 [INFO ] provingground.learning.TypedPostResponse.DualMiniBotTask.taskNest:520:22 - completed (multiple) responses 'base state from special initial state' of type TypeTag[provingground.learning.HoTTMessages.TangentBaseState] to posts of type TypeTag[provingground.learning.HoTTMessages.BaseMixinLemmas] with input hash -1480696094
2020.12.23 08:16:21:603 [INFO ] provingground.learning.PostBuffer.$anon.post:266:22 - Post; tag: TypeTag[provingground.learning.HoTTMessages.TangentBaseCompleted.type], id: (23,-1666923435), content:
TangentBaseCompleted, hash: -1666923435
2020.12.23 08:16:21:605 [INFO ] provingground.learning.TypedPostResponse.MicroBot.post:241:18 - triggered response '14b72af7' of type TypeTag[provingground.learning.HoTTMessages.GeneratedEquationNodes] to post of type TypeTag[provingground.learning.HoTTMessages.TangentBaseCompleted.type] with input hash -1666923435
