2020.12.18 01:15:30:946 [INFO ] provingground.interface.CzSlRun:22:14 - This is a Bot based run for the Czech-Slovak olympiand problem identified by Achal, who proved this with manual choice.
This problem involves showing the left and right identity coincide given a bunch of axioms. We can only use forward reasoning
since there are no models.

There is a little domain knowledge in the tuning, with tautologies specified (to not be used as lemmas) 
and "base states" given based on what is used together. But this is largely a robust choice of parameters.
Much of the work has been in ensuring that all the hot code is parallelized.

2020.12.18 01:15:31:740 [INFO ] provingground.interface.CzSlRun:31:14 - Number of threads: 16
2020.12.18 01:15:31:743 [INFO ] provingground.interface.CzSlRun.<local CzSlRun>:33:50 - JAVA_OPTS: -Xms512m -Xmx56g
2020.12.18 01:15:31:746 [INFO ] provingground.interface.CzSlRun.<local CzSlRun>:35:50 - JAVA_HOME: /usr/lib/jvm/java-11-openjdk-amd64
2020.12.18 01:15:33:178 [INFO ] provingground.learning.PostBuffer.$anon.post:266:22 - Post; tag: TypeTag[provingground.learning.HoTTMessages.TautologyInitState], id: (1,920274034), content:
TautologyInitState(TermState([trans : 0.14285714285714285, refl : 0.14285714285714285, n : 0.14285714285714285, sym : 0.14285714285714285, mul : 0.14285714285714285, m : 0.14285714285714285, ((mul) (m)) (n) : 0.14285714285714285],[M : 1.0],Vector(),[],[],{})), hash: 920274034
2020.12.18 01:15:33:220 [INFO ] provingground.learning.PostBuffer.$anon.post:266:22 - Post; tag: TypeTag[provingground.learning.HoTTMessages.SpecialInitState], id: (2,1524053949), content:
SpecialInitState(TermState([trans : 0.9, sym : 0.1],[M : 1.0],Vector(),[],[],{}),0.001,0.5,0.05,Some(TermGenParams(0.0,0.4,0.0,0.0,0.0,0.0,0.0,0.0,0.0,0.0,0.0,0.0,0.0,0.3,0.7,0.5,0.0,0.0,0.0,<function1>)),Some(2)), hash: 1524053949
2020.12.18 01:15:33:224 [INFO ] provingground.learning.PostBuffer.$anon.post:266:22 - Post; tag: TypeTag[provingground.learning.HoTTMessages.SpecialInitState], id: (3,-376740879), content:
SpecialInitState(TermState([right-multiply : 0.2, m : 0.2, n : 0.2, left-multiply : 0.2, ((mul) (m)) (n) : 0.2],[M : 1.0],Vector(),[],[],{}),0.001,0.5,0.5,Some(TermGenParams(0.3,0.3,0.0,0.0,0.0,0.0,0.0,0.0,0.0,0.0,0.0,0.0,0.0,0.3,0.7,0.5,0.0,0.0,0.0,<function1>)),Some(2)), hash: -376740879
2020.12.18 01:15:33:226 [INFO ] provingground.learning.PostBuffer.$anon.post:266:22 - Post; tag: TypeTag[provingground.learning.LocalProver], id: (4,2129486793), content:
LocalProver(TermState([m : 0.08333333333333333, refl : 0.08333333333333333, mul : 0.08333333333333333, sym : 0.08333333333333333, left-multiply : 0.08333333333333333, right-multiply : 0.08333333333333333, ass2 : 0.08333333333333333, trans : 0.08333333333333333, n : 0.08333333333333333, ((mul) (m)) (n) : 0.08333333333333333, ass1 : 0.08333333333333333, eqM : 0.08333333333333333],[M : 1.0],Vector(),[],[((eqM) (((mul) (m)) (n))) (((mul) (n)) (m)) : 1.0],{}),TermGenParams(0.1,0.1,0.0,0.0,0.0,0.0,0.0,0.0,0.0,0.0,0.0,0.0,0.0,0.3,0.7,0.5,0.0,0.0,0.0,<function1>),1.0E-5,None,12 minutes,1.01,1.0,10000,10,1.0,1.0,None,false,false,0.5,1.0,Some(1800000)), hash: 2129486793
2020.12.18 01:15:33:234 [INFO ] provingground.learning.TypedPostResponse.MicroBot.post:237:18 - triggered response 'f4d0b9ef' of type TypeTag[provingground.learning.ExpressionEval] to post of type TypeTag[provingground.learning.LocalProver] with input hash 2129486793
2020.12.18 01:15:59:122 [INFO ] provingground.learning.ErasablePostBuffer.$anon.post:115:22 - Post; tag: TypeTag[provingground.learning.ExpressionEval], id: (5,1177612431), hash : 1177612431
2020.12.18 01:15:59:126 [INFO ] provingground.learning.TypedPostResponse.MicroBot.$anonfun.applyOrElse:251:26 - completed response 'f4d0b9ef' of type TypeTag[provingground.learning.ExpressionEval] to posts of type TypeTag[provingground.learning.LocalProver] with input hash 2129486793
2020.12.18 01:15:59:129 [INFO ] provingground.learning.TypedPostResponse.Callback.post:196:18 - triggered callback '183046bd' for type TypeTag[provingground.learning.ExpressionEval] with input hash 1177612431
2020.12.18 01:16:02:156 [INFO ] provingground.learning.TypedPostResponse.Callback.$anonfun.applyOrElse:200:33 - completed callback '183046bd' for type TypeTag[provingground.learning.ExpressionEval] with input hash 1177612431
2020.12.18 01:16:02:159 [INFO ] provingground.learning.TypedPostResponse.MicroBot.post:237:18 - triggered response 'e432eafe' of type TypeTag[provingground.learning.HoTTMessages.FinalState] to post of type TypeTag[provingground.learning.ExpressionEval] with input hash 1177612431
2020.12.18 01:16:02:163 [INFO ] provingground.learning.HoTTBot.expEvToFinalState:570:26 - computing final state
2020.12.18 01:16:04:230 [INFO ] provingground.learning.ErasablePostBuffer.$anon.post:115:22 - Post; tag: TypeTag[provingground.learning.HoTTMessages.FinalState], id: (6,-94011750), hash : -94011750
2020.12.18 01:16:04:233 [INFO ] provingground.learning.TypedPostResponse.MicroBot.$anonfun.applyOrElse:251:26 - completed response 'e432eafe' of type TypeTag[provingground.learning.HoTTMessages.FinalState] to posts of type TypeTag[provingground.learning.ExpressionEval] with input hash 1177612431
2020.12.18 01:16:04:235 [INFO ] provingground.learning.TypedPostResponse.Callback.post:196:18 - triggered callback 'update terms' for type TypeTag[provingground.learning.HoTTMessages.FinalState] with input hash -94011750
2020.12.18 01:16:05:575 [INFO ] provingground.learning.HoTTBot.$anonfun:370:26 - Obtained 48323 formal equations
2020.12.18 01:16:06:112 [INFO ] provingground.learning.TypedPostResponse.Callback.$anonfun.applyOrElse:200:33 - completed callback 'update terms' for type TypeTag[provingground.learning.HoTTMessages.FinalState] with input hash -94011750
2020.12.18 01:16:06:114 [INFO ] provingground.learning.TypedPostResponse.Callback.post:196:18 - triggered callback 'report proofs' for type TypeTag[provingground.learning.HoTTMessages.FinalState] with input hash -94011750
2020.12.18 01:16:07:958 [INFO ] provingground.learning.HoTTBot.$anonfun:425:26 - Results: 5
Lemma: ((eqM) (((mul) (((mul) (m)) (n))) (n))) (m); best proof: ((ass1) (m)) (n) with weight 1.4831824612802338E-4; statement weight 1.1373967362492776E-5
Lemma: ((eqM) (((mul) (((mul) (m)) (n))) (((mul) (((mul) (m)) (n))) (n)))) (n); best proof: ((ass2) (((mul) (m)) (n))) (n) with weight 1.4889112272674194E-4; statement weight 4.0826628240142754E-8
Lemma: ((eqM) (n)) (((mul) (((mul) (m)) (n))) (((mul) (((mul) (m)) (n))) (n))); best proof: (((sym) (((mul) (((mul) (m)) (n))) (((mul) (((mul) (m)) (n))) (n)))) (n)) (((ass2) (((mul) (m)) (n))) (n)) with weight 1.3234282345401277E-6; statement weight 4.298279641933567E-8
Lemma: ((eqM) (((mul) (((mul) (m)) (n))) (((mul) (((mul) (m)) (n))) (n)))) (((mul) (((mul) (m)) (n))) (m)); best proof: ((((left-multiply) (((mul) (m)) (n))) (((mul) (((mul) (m)) (n))) (n))) (m)) (((ass1) (m)) (n)) with weight 7.344002732596203E-8; statement weight 0.0
Vanising Lemma: ((eqM) (((mul) (((mul) (m)) (n))) (((mul) (((mul) (m)) (n))) (n)))) (((mul) (((mul) (m)) (n))) (m))
Traced back equations:
(P₁(((eqM) (((mul) (((mul) (m)) (n))) (((mul) (((mul) (m)) (n))) (n)))) (((mul) (((mul) (m)) (n))) (m)) ∈ Typs)) = (Coeff(Init(Typs))) * (P₀(((eqM) (((mul) (((mul) (m)) (n))) (((mul) (((mul) (m)) (n))) (n)))) (((mul) (((mul) (m)) (n))) (m)) ∈ Typs))
(P₁(((eqM) (((mul) (((mul) (m)) (n))) (((mul) (((mul) (m)) (n))) (n)))) (((mul) (((mul) (m)) (n))) (m)) ∈ Typs)) = ((Coeff(FiberProductMap(domOf,TermsWithTypFn,Appln,Funcs,Terms))) * (P₁(Wrap((eqM) (((mul) (((mul) (m)) (n))) (((mul) (((mul) (m)) (n))) (n)))) ∈ TypFamilies))) * (P₁(((mul) (((mul) (m)) (n))) (m) ∈ AtCoord(TermsWithTyp,M :: HNil)))
(P₁(((eqM) (((mul) (((mul) (m)) (n))) (((mul) (((mul) (m)) (n))) (n)))) (((mul) (((mul) (m)) (n))) (m)) ∈ Typs)) = ((Coeff(BaseThenCondition(FiberProductMap(domOf,TermsWithTypFn,Appln,TypFamilies,Terms),Typs,Restrict(TypOpt)))) * (P₁(Wrap((eqM) (((mul) (((mul) (m)) (n))) (((mul) (((mul) (m)) (n))) (n)))) ∈ Funcs))) * (P₁(((mul) (((mul) (m)) (n))) (m) ∈ AtCoord(TermsWithTyp,M :: HNil)))
(P₁(Wrap((eqM) (((mul) (((mul) (m)) (n))) (((mul) (((mul) (m)) (n))) (n)))) ∈ TypFamilies)) = (P₁((eqM) (((mul) (((mul) (m)) (n))) (((mul) (((mul) (m)) (n))) (n))) ∈ Terms)) / (P₁({Terms ∈ Restrict(TypFamilyOpt)}))
(P₁((eqM) (((mul) (((mul) (m)) (n))) (((mul) (((mul) (m)) (n))) (n))) ∈ Terms)) = ((Coeff(FiberProductMap(domOf,TermsWithTypFn,Appln,Funcs,Terms))) * (P₁(Wrap(eqM) ∈ Funcs))) * (P₁(((mul) (((mul) (m)) (n))) (((mul) (((mul) (m)) (n))) (n)) ∈ AtCoord(TermsWithTyp,M :: HNil)))
(P₁((eqM) (((mul) (((mul) (m)) (n))) (((mul) (((mul) (m)) (n))) (n))) ∈ Terms)) = (Coeff(Init(Terms))) * (P₀((eqM) (((mul) (((mul) (m)) (n))) (((mul) (((mul) (m)) (n))) (n))) ∈ Terms))
(P₁((eqM) (((mul) (((mul) (m)) (n))) (((mul) (((mul) (m)) (n))) (n))) ∈ Terms)) = ((Coeff(FiberProductMap(typeOf(_),FuncsWithDomainFn,FlipAppln,Terms,Terms))) * (P₁(((mul) (((mul) (m)) (n))) (((mul) (((mul) (m)) (n))) (n)) ∈ Terms))) * (P₁(Wrap(eqM) ∈ AtCoord(FuncsWithDomain,M :: HNil)))
(P₁((eqM) (((mul) (((mul) (m)) (n))) (((mul) (((mul) (m)) (n))) (n))) ∈ Terms)) = ((Coeff(FiberProductMap(domOf,TermsWithTypFn,Appln,Funcs,Terms))) * (P₁(Wrap(eqM) ∈ TypFamilies))) * (P₁(((mul) (((mul) (m)) (n))) (((mul) (((mul) (m)) (n))) (n)) ∈ AtCoord(TermsWithTyp,M :: HNil)))
(P₁(Wrap(eqM) ∈ Funcs)) = (Coeff(Init(Funcs))) * (P₀(Wrap(eqM) ∈ Funcs))
(P₁(Wrap(eqM) ∈ Funcs)) = (P₁(eqM ∈ Terms)) / (P₁({Terms ∈ Restrict(FuncOpt)}))
(P₁(((mul) (((mul) (m)) (n))) (((mul) (((mul) (m)) (n))) (n)) ∈ AtCoord(TermsWithTyp,M :: HNil))) = (P₁(((mul) (((mul) (m)) (n))) (((mul) (((mul) (m)) (n))) (n)) ∈ Terms)) / (P₁({Terms ∈ Filter(WithTyp(typ))}))
(P₁(((mul) (((mul) (m)) (n))) (((mul) (((mul) (m)) (n))) (n)) ∈ Terms)) = ((Coeff(FiberProductMap(typeOf(_),FuncsWithDomainFn,FlipAppln,Terms,Terms))) * (P₁(((mul) (((mul) (m)) (n))) (n) ∈ Terms))) * (P₁(Wrap((mul) (((mul) (m)) (n))) ∈ AtCoord(FuncsWithDomain,M :: HNil)))
(P₁(((mul) (((mul) (m)) (n))) (((mul) (((mul) (m)) (n))) (n)) ∈ Terms)) = (Coeff(Init(Terms))) * (P₀(((mul) (((mul) (m)) (n))) (((mul) (((mul) (m)) (n))) (n)) ∈ Terms))
(P₁(((mul) (((mul) (m)) (n))) (((mul) (((mul) (m)) (n))) (n)) ∈ Terms)) = ((Coeff(FiberProductMap(domOf,TermsWithTypFn,Appln,Funcs,Terms))) * (P₁(Wrap((mul) (((mul) (m)) (n))) ∈ Funcs))) * (P₁(((mul) (((mul) (m)) (n))) (n) ∈ AtCoord(TermsWithTyp,M :: HNil)))
(P₁(((mul) (((mul) (m)) (n))) (((mul) (((mul) (m)) (n))) (n)) ∈ Terms)) = ((Coeff(ZipMapOpt(UnifApplnOpt,Funcs,Terms,Terms))) * (P₁(Wrap((mul) (((mul) (m)) (n))) ∈ Funcs))) * (P₁(((mul) (((mul) (m)) (n))) (n) ∈ Terms))
(P₁(Wrap(eqM) ∈ AtCoord(FuncsWithDomain,M :: HNil))) = (P₁(eqM ∈ Terms)) / (P₁({Terms ∈ Restrict(FuncWithDom(M))}))
(P₁(Wrap(eqM) ∈ TypFamilies)) = (P₁(eqM ∈ Terms)) / (P₁({Terms ∈ Restrict(TypFamilyOpt)}))
(P₁(Wrap(eqM) ∈ TypFamilies)) = (Coeff(Init(TypFamilies))) * (P₀(Wrap(eqM) ∈ TypFamilies))
(P₁(((mul) (((mul) (m)) (n))) (m) ∈ AtCoord(TermsWithTyp,M :: HNil))) = (P₁(((mul) (((mul) (m)) (n))) (m) ∈ Terms)) / (P₁({Terms ∈ Filter(WithTyp(typ))}))
(P₁(((mul) (((mul) (m)) (n))) (m) ∈ Terms)) = ((Coeff(FiberProductMap(domOf,TermsWithTypFn,Appln,Funcs,Terms))) * (P₁(Wrap((mul) (((mul) (m)) (n))) ∈ Funcs))) * (P₁(m ∈ AtCoord(TermsWithTyp,M :: HNil)))
(P₁(((mul) (((mul) (m)) (n))) (m) ∈ Terms)) = ((Coeff(ZipMapOpt(UnifApplnOpt,Funcs,Terms,Terms))) * (P₁(Wrap((mul) (((mul) (m)) (n))) ∈ Funcs))) * (P₁(m ∈ Terms))
(P₁(((mul) (((mul) (m)) (n))) (m) ∈ Terms)) = ((Coeff(FiberProductMap(typeOf(_),FuncsWithDomainFn,FlipAppln,Terms,Terms))) * (P₁(m ∈ Terms))) * (P₁(Wrap((mul) (((mul) (m)) (n))) ∈ AtCoord(FuncsWithDomain,M :: HNil)))
(P₁(((mul) (((mul) (m)) (n))) (m) ∈ Terms)) = (Coeff(Init(Terms))) * (P₀(((mul) (((mul) (m)) (n))) (m) ∈ Terms))
(P₁(Wrap((mul) (((mul) (m)) (n))) ∈ Funcs)) = (P₁((mul) (((mul) (m)) (n)) ∈ Terms)) / (P₁({Terms ∈ Restrict(FuncOpt)}))
(P₁(m ∈ AtCoord(TermsWithTyp,M :: HNil))) = (P₁(m ∈ Terms)) / (P₁({Terms ∈ Filter(WithTyp(typ))}))
(P₁(m ∈ AtCoord(TermsWithTyp,M :: HNil))) = (Coeff(Init(AtCoord(TermsWithTyp,M :: HNil)))) * (P₀(m ∈ AtCoord(TermsWithTyp,M :: HNil)))
(P₁(m ∈ Terms)) = (Coeff(Init(Terms))) * (P₀(m ∈ Terms))
(P₁(Wrap((mul) (((mul) (m)) (n))) ∈ AtCoord(FuncsWithDomain,M :: HNil))) = (P₁((mul) (((mul) (m)) (n)) ∈ Terms)) / (P₁({Terms ∈ Restrict(FuncWithDom(M))}))
(P₁(Wrap((eqM) (((mul) (((mul) (m)) (n))) (((mul) (((mul) (m)) (n))) (n)))) ∈ Funcs)) = (P₁((eqM) (((mul) (((mul) (m)) (n))) (((mul) (((mul) (m)) (n))) (n))) ∈ Terms)) / (P₁({Terms ∈ Restrict(FuncOpt)}))
Weights of terms and types:
P₁(((eqM) (((mul) (((mul) (m)) (n))) (((mul) (((mul) (m)) (n))) (n)))) (((mul) (((mul) (m)) (n))) (m)) ∈ Typs) -> 0.0
P₁((eqM) (((mul) (((mul) (m)) (n))) (((mul) (((mul) (m)) (n))) (n))) ∈ Terms) -> 3.7255417721726977E-7
P₁(eqM ∈ Terms) -> 0.06733941332567936
P₁(((mul) (((mul) (m)) (n))) (((mul) (((mul) (m)) (n))) (n)) ∈ Terms) -> 1.3843903630826172E-6
P₁(((mul) (((mul) (m)) (n))) (n) ∈ Terms) -> 3.570399166623292E-4
P₁(((mul) (((mul) (m)) (n))) (m) ∈ Terms) -> 3.570399166623292E-4
P₁((mul) (((mul) (m)) (n)) ∈ Terms) -> 0.006434315022388088
P₁(m ∈ Terms) -> 0.06733941332567936

Lemma: ((eqM) (((mul) (((mul) (((mul) (m)) (n))) (m))) (m))) (((mul) (m)) (n)); best proof: ((ass1) (((mul) (m)) (n))) (m) with weight 1.4889112272674194E-4; statement weight 3.16421438563823E-8
2020.12.18 01:16:07:963 [INFO ] provingground.learning.TypedPostResponse.Callback.$anonfun.applyOrElse:200:33 - completed callback 'report proofs' for type TypeTag[provingground.learning.HoTTMessages.FinalState] with input hash -94011750
2020.12.18 01:16:07:965 [INFO ] provingground.learning.TypedPostResponse.MicroBot.post:237:18 - triggered response 'final state to filtered lemmas' of type TypeTag[provingground.learning.HoTTMessages.Lemmas] to post of type TypeTag[provingground.learning.HoTTMessages.FinalState] with input hash -94011750
2020.12.18 01:16:10:803 [INFO ] provingground.learning.HoTTBot.$anonfun:269:30 - avoiding 242 types as tautologies and generators.
2020.12.18 01:16:11:039 [INFO ] provingground.learning.ErasablePostBuffer.$anon.post:115:22 - Post; tag: TypeTag[provingground.learning.HoTTMessages.Lemmas], id: (7,1170590137), hash : 1170590137
2020.12.18 01:16:11:041 [INFO ] provingground.learning.TypedPostResponse.MicroBot.$anonfun.applyOrElse:251:26 - completed response 'final state to filtered lemmas' of type TypeTag[provingground.learning.HoTTMessages.Lemmas] to posts of type TypeTag[provingground.learning.HoTTMessages.FinalState] with input hash -94011750
2020.12.18 01:16:11:042 [INFO ] provingground.learning.TypedPostResponse.MicroBot.post:237:18 - triggered response 'd21ed9d9' of type TypeTag[(provingground.learning.HoTTMessages.UsedLemmas :: provingground.learning.HoTTMessages.TangentLemmas :: shapeless.HNil) :: provingground.learning.HoTTMessages.BaseMixinLemmas :: shapeless.HNil] to post of type TypeTag[provingground.learning.HoTTMessages.Lemmas] with input hash 1170590137
2020.12.18 01:16:11:063 [INFO ] provingground.learning.HoTTBot.$anonfun:1277:24 - excluded lemmas:

2020.12.18 01:16:11:084 [INFO ] provingground.learning.ErasablePostBuffer.$anon.post:115:22 - Post; tag: TypeTag[provingground.learning.HoTTMessages.UsedLemmas], id: (8,-1648493265), hash : -1648493265
2020.12.18 01:16:11:085 [INFO ] provingground.learning.ErasablePostBuffer.$anon.post:115:22 - Post; tag: TypeTag[provingground.learning.HoTTMessages.TangentLemmas], id: (9,1722743198), hash : 1722743198
2020.12.18 01:16:11:086 [INFO ] provingground.learning.ErasablePostBuffer.$anon.post:115:22 - Post; tag: TypeTag[provingground.learning.HoTTMessages.BaseMixinLemmas], id: (10,717081262), hash : 717081262
2020.12.18 01:16:11:087 [INFO ] provingground.learning.TypedPostResponse.MicroBot.$anonfun.applyOrElse:251:26 - completed response 'd21ed9d9' of type TypeTag[(provingground.learning.HoTTMessages.UsedLemmas :: provingground.learning.HoTTMessages.TangentLemmas :: shapeless.HNil) :: provingground.learning.HoTTMessages.BaseMixinLemmas :: shapeless.HNil] to posts of type TypeTag[provingground.learning.HoTTMessages.Lemmas] with input hash 1170590137
2020.12.18 01:16:11:091 [INFO ] provingground.learning.TypedPostResponse.DualMiniBotTask.post:487:20 - triggered (multiple) responses 'base state from special initial state' of type TypeTag[provingground.learning.HoTTMessages.TangentBaseState] to posts of type TypeTag[provingground.learning.HoTTMessages.BaseMixinLemmas] with input hash 717081262
2020.12.18 01:16:11:102 [INFO ] provingground.learning.TypedPostResponse.DualMiniBotTask.taskNest:493:32 - launching 1 branches
2020.12.18 01:16:11:105 [INFO ] provingground.learning.HoTTBot.$anonfun:1500:22 - previous special init states are 2
2020.12.18 01:16:11:108 [INFO ] provingground.learning.HoTTBot.baseStateTask:1343:16 - Computing base state
2020.12.18 01:16:11:111 [INFO ] provingground.learning.HoTTBot.baseStateTask:1343:16 - Computing base state
2020.12.18 01:16:11:112 [INFO ] provingground.learning.TypedPostResponse.DualMiniBotTask.$anonfun:498:36 - launching 2 responses  of type TypeTag[provingground.learning.HoTTMessages.TangentBaseState]  to posts of type TypeTag[provingground.learning.HoTTMessages.BaseMixinLemmas] in branch
2020.12.18 01:16:11:604 [INFO ] provingground.learning.HoTTBot.baseStateTask:1350:24 - Created vector of equations
2020.12.18 01:16:11:618 [INFO ] provingground.learning.HoTTBot.baseStateTask:1350:24 - Created vector of equations
2020.12.18 01:16:15:491 [INFO ] provingground.learning.ErasablePostBuffer.$anon.post:115:22 - Post; tag: TypeTag[provingground.learning.HoTTMessages.TangentBaseState], id: (11,150391022), hash : 150391022
2020.12.18 01:16:15:493 [INFO ] provingground.learning.TypedPostResponse.DualMiniBotTask.$anonfun:503:44 - remaining 1 responses of type TypeTag[provingground.learning.HoTTMessages.TangentBaseState] to posts of type TypeTag[provingground.learning.HoTTMessages.BaseMixinLemmas]
2020.12.18 01:16:15:518 [INFO ] provingground.learning.ErasablePostBuffer.$anon.post:115:22 - Post; tag: TypeTag[provingground.learning.HoTTMessages.TangentBaseState], id: (12,-1319366178), hash : -1319366178
2020.12.18 01:16:15:519 [INFO ] provingground.learning.TypedPostResponse.DualMiniBotTask.$anonfun:503:44 - remaining 0 responses of type TypeTag[provingground.learning.HoTTMessages.TangentBaseState] to posts of type TypeTag[provingground.learning.HoTTMessages.BaseMixinLemmas]
2020.12.18 01:16:15:520 [INFO ] provingground.learning.TypedPostResponse.DualMiniBotTask.taskNest:516:22 - completed (multiple) responses 'base state from special initial state' of type TypeTag[provingground.learning.HoTTMessages.TangentBaseState] to posts of type TypeTag[provingground.learning.HoTTMessages.BaseMixinLemmas] with input hash 717081262
2020.12.18 01:16:15:523 [INFO ] provingground.learning.PostBuffer.$anon.post:266:22 - Post; tag: TypeTag[provingground.learning.HoTTMessages.TangentBaseCompleted.type], id: (13,-1666923435), content:
TangentBaseCompleted, hash: -1666923435
2020.12.18 01:16:15:529 [INFO ] provingground.learning.TypedPostResponse.MicroBot.post:237:18 - triggered response 'bd41c88f' of type TypeTag[provingground.learning.HoTTMessages.GeneratedEquationNodes] to post of type TypeTag[provingground.learning.HoTTMessages.TangentBaseCompleted.type] with input hash -1666923435
2020.12.18 01:16:22:392 [INFO ] provingground.learning.ErasablePostBuffer.$anon.post:115:22 - Post; tag: TypeTag[provingground.learning.HoTTMessages.GeneratedEquationNodes], id: (14,-945766138), hash : -945766138
2020.12.18 01:16:22:398 [INFO ] provingground.learning.TypedPostResponse.MicroBot.$anonfun.applyOrElse:251:26 - completed response 'bd41c88f' of type TypeTag[provingground.learning.HoTTMessages.GeneratedEquationNodes] to posts of type TypeTag[provingground.learning.HoTTMessages.TangentBaseCompleted.type] with input hash -1666923435
2020.12.18 01:16:22:400 [INFO ] provingground.learning.TypedPostResponse.MicroBot.post:237:18 - triggered response '4e55291b' of type TypeTag[provingground.learning.ExpressionEval] to post of type TypeTag[provingground.learning.HoTTMessages.GeneratedEquationNodes] with input hash -945766138
2020.12.18 01:16:22:404 [INFO ] provingground.learning.TypedPostResponse.Callback.post:196:18 - triggered callback 'update equations' for type TypeTag[provingground.learning.HoTTMessages.GeneratedEquationNodes] with input hash -945766138
2020.12.18 01:16:22:471 [INFO ] provingground.learning.TypedPostResponse.Callback.$anonfun.applyOrElse:200:33 - completed callback 'update equations' for type TypeTag[provingground.learning.HoTTMessages.GeneratedEquationNodes] with input hash -945766138
2020.12.18 01:16:24:532 [INFO ] provingground.learning.ErasablePostBuffer.$anon.post:115:22 - Post; tag: TypeTag[provingground.learning.ExpressionEval], id: (15,1179193828), hash : 1179193828
2020.12.18 01:16:24:533 [INFO ] provingground.learning.TypedPostResponse.MicroBot.$anonfun.applyOrElse:251:26 - completed response '4e55291b' of type TypeTag[provingground.learning.ExpressionEval] to posts of type TypeTag[provingground.learning.HoTTMessages.GeneratedEquationNodes] with input hash -945766138
2020.12.18 01:16:24:535 [INFO ] provingground.learning.TypedPostResponse.MicroBot.post:237:18 - triggered response 'e432eafe' of type TypeTag[provingground.learning.HoTTMessages.FinalState] to post of type TypeTag[provingground.learning.ExpressionEval] with input hash 1179193828
2020.12.18 01:16:24:536 [INFO ] provingground.learning.HoTTBot.expEvToFinalState:570:26 - computing final state
2020.12.18 01:16:27:455 [INFO ] provingground.learning.ErasablePostBuffer.$anon.post:115:22 - Post; tag: TypeTag[provingground.learning.HoTTMessages.FinalState], id: (16,-1194637508), hash : -1194637508
2020.12.18 01:16:27:457 [INFO ] provingground.learning.TypedPostResponse.MicroBot.$anonfun.applyOrElse:251:26 - completed response 'e432eafe' of type TypeTag[provingground.learning.HoTTMessages.FinalState] to posts of type TypeTag[provingground.learning.ExpressionEval] with input hash 1179193828
2020.12.18 01:16:27:458 [INFO ] provingground.learning.TypedPostResponse.MicroBot.post:237:18 - triggered response 'final state to filtered lemmas' of type TypeTag[provingground.learning.HoTTMessages.Lemmas] to post of type TypeTag[provingground.learning.HoTTMessages.FinalState] with input hash -1194637508
2020.12.18 01:16:27:459 [INFO ] provingground.learning.TypedPostResponse.Callback.post:196:18 - triggered callback 'update terms' for type TypeTag[provingground.learning.HoTTMessages.FinalState] with input hash -1194637508
2020.12.18 01:16:27:460 [INFO ] provingground.learning.TypedPostResponse.Callback.post:196:18 - triggered callback 'report proofs (simple)' for type TypeTag[provingground.learning.HoTTMessages.FinalState] with input hash -1194637508
2020.12.18 01:16:27:461 [INFO ] provingground.learning.TypedPostResponse.Callback.post:196:18 - triggered callback 'report proofs (simple)' for type TypeTag[provingground.learning.HoTTMessages.FinalState] with input hash -1194637508
2020.12.18 01:16:28:355 [INFO ] provingground.learning.HoTTBot.$anonfun:468:26 - Steps (in final state): 4
Lemma: (`a : M ) ~> ((`b : M ) ~> ((`c : M ) ~> ((((eqM) (`a)) (`b)) → ((((eqM) (`b)) (`c)) → (((eqM) (`a)) (`c)))))); best proof: trans with weight 0.06628909384522255; statement weight 5.785109342165559E-11
Lemma: (`$afm : M ) ~> ((((eqM) (((mul) (((mul) (m)) (n))) (((mul) (((mul) (m)) (n))) (n)))) (`$afm)) → (((eqM) (n)) (`$afm))); best proof: (`$blvzdi :  M) ↦ (((((trans) (n)) (((mul) (((mul) (m)) (n))) (((mul) (((mul) (m)) (n))) (n)))) (`$blvzdi)) ((((sym) (((mul) (((mul) (m)) (n))) (((mul) (((mul) (m)) (n))) (n)))) (n)) (((ass2) (((mul) (m)) (n))) (n)))) with weight 2.831034213415802E-8; statement weight 3.9400825172543206E-11
Lemma: (`b : M ) ~> ((`c : M ) ~> ((((eqM) (`b)) (`c)) → (((eqM) (((mul) (((mul) (m)) (n))) (`b))) (((mul) (((mul) (m)) (n))) (`c))))); best proof: (left-multiply) (((mul) (m)) (n)) with weight 0.005144886802233575; statement weight 1.864208795710881E-11
Lemma: (`b : M ) ~> ((`c : M ) ~> ((((eqM) (`b)) (`c)) → (((eqM) (((mul) (`b)) (m))) (((mul) (`c)) (m))))); best proof: (right-multiply) (m) with weight 0.005133385623119875; statement weight 1.1668576200958844E-12
2020.12.18 01:16:28:356 [INFO ] provingground.learning.TypedPostResponse.Callback.$anonfun.applyOrElse:200:33 - completed callback 'report proofs (simple)' for type TypeTag[provingground.learning.HoTTMessages.FinalState] with input hash -1194637508
2020.12.18 01:16:28:436 [INFO ] provingground.learning.HoTTBot.$anonfun:468:26 - Results: 5
Lemma: ((eqM) (((mul) (((mul) (m)) (n))) (n))) (m); best proof: ((ass1) (m)) (n) with weight 9.936844363748692E-5; statement weight 5.673171676280256E-6
Lemma: ((eqM) (((mul) (((mul) (m)) (n))) (((mul) (((mul) (m)) (n))) (n)))) (n); best proof: ((ass2) (((mul) (m)) (n))) (n) with weight 9.959107531575243E-5; statement weight 1.1968379035073423E-8
Lemma: ((eqM) (n)) (((mul) (((mul) (m)) (n))) (((mul) (((mul) (m)) (n))) (n))); best proof: (((sym) (((mul) (((mul) (m)) (n))) (((mul) (((mul) (m)) (n))) (n)))) (n)) (((ass2) (((mul) (m)) (n))) (n)) with weight 1.6791240047892382E-6; statement weight 1.2481645867174962E-8
Lemma: ((eqM) (((mul) (((mul) (m)) (n))) (((mul) (((mul) (m)) (n))) (n)))) (((mul) (((mul) (m)) (n))) (m)); best proof: ((((left-multiply) (((mul) (m)) (n))) (((mul) (((mul) (m)) (n))) (n))) (m)) (((ass1) (m)) (n)) with weight 6.576138677447583E-8; statement weight 2.4229512608746872E-11
Lemma: ((eqM) (((mul) (((mul) (((mul) (m)) (n))) (m))) (m))) (((mul) (m)) (n)); best proof: ((ass1) (((mul) (m)) (n))) (m) with weight 9.959107531575243E-5; statement weight 9.360590692364118E-9
2020.12.18 01:16:28:437 [INFO ] provingground.learning.TypedPostResponse.Callback.$anonfun.applyOrElse:200:33 - completed callback 'report proofs (simple)' for type TypeTag[provingground.learning.HoTTMessages.FinalState] with input hash -1194637508
2020.12.18 01:16:30:795 [INFO ] provingground.learning.HoTTBot.$anonfun:370:26 - Obtained 102607 formal equations
2020.12.18 01:16:31:278 [INFO ] provingground.learning.TypedPostResponse.Callback.$anonfun.applyOrElse:200:33 - completed callback 'update terms' for type TypeTag[provingground.learning.HoTTMessages.FinalState] with input hash -1194637508
2020.12.18 01:16:35:359 [INFO ] provingground.learning.HoTTBot.$anonfun:269:30 - avoiding 242 types as tautologies and generators.
2020.12.18 01:16:35:935 [INFO ] provingground.learning.ErasablePostBuffer.$anon.post:115:22 - Post; tag: TypeTag[provingground.learning.HoTTMessages.Lemmas], id: (17,134187304), hash : 134187304
2020.12.18 01:16:35:938 [INFO ] provingground.learning.TypedPostResponse.MicroBot.$anonfun.applyOrElse:251:26 - completed response 'final state to filtered lemmas' of type TypeTag[provingground.learning.HoTTMessages.Lemmas] to posts of type TypeTag[provingground.learning.HoTTMessages.FinalState] with input hash -1194637508
2020.12.18 01:16:35:940 [INFO ] provingground.learning.TypedPostResponse.MicroBot.post:237:18 - triggered response 'd21ed9d9' of type TypeTag[(provingground.learning.HoTTMessages.UsedLemmas :: provingground.learning.HoTTMessages.TangentLemmas :: shapeless.HNil) :: provingground.learning.HoTTMessages.BaseMixinLemmas :: shapeless.HNil] to post of type TypeTag[provingground.learning.HoTTMessages.Lemmas] with input hash 134187304
2020.12.18 01:16:35:953 [INFO ] provingground.learning.HoTTBot.$anonfun:1277:24 - excluded lemmas:
((eqM) (m)) (((mul) (((mul) (m)) (n))) (n))
((eqM) (n)) (((mul) (m)) (((mul) (m)) (n)))
2020.12.18 01:16:36:014 [INFO ] provingground.learning.ErasablePostBuffer.$anon.post:115:22 - Post; tag: TypeTag[provingground.learning.HoTTMessages.UsedLemmas], id: (18,-1943003972), hash : -1943003972
2020.12.18 01:16:36:016 [INFO ] provingground.learning.ErasablePostBuffer.$anon.post:115:22 - Post; tag: TypeTag[provingground.learning.HoTTMessages.TangentLemmas], id: (19,-1705100178), hash : -1705100178
2020.12.18 01:16:36:018 [INFO ] provingground.learning.ErasablePostBuffer.$anon.post:115:22 - Post; tag: TypeTag[provingground.learning.HoTTMessages.BaseMixinLemmas], id: (20,-498351931), hash : -498351931
2020.12.18 01:16:36:019 [INFO ] provingground.learning.TypedPostResponse.MicroBot.$anonfun.applyOrElse:251:26 - completed response 'd21ed9d9' of type TypeTag[(provingground.learning.HoTTMessages.UsedLemmas :: provingground.learning.HoTTMessages.TangentLemmas :: shapeless.HNil) :: provingground.learning.HoTTMessages.BaseMixinLemmas :: shapeless.HNil] to posts of type TypeTag[provingground.learning.HoTTMessages.Lemmas] with input hash 134187304
2020.12.18 01:16:36:022 [INFO ] provingground.learning.TypedPostResponse.DualMiniBotTask.post:487:20 - triggered (multiple) responses 'base state from special initial state' of type TypeTag[provingground.learning.HoTTMessages.TangentBaseState] to posts of type TypeTag[provingground.learning.HoTTMessages.BaseMixinLemmas] with input hash -498351931
2020.12.18 01:16:36:029 [INFO ] provingground.learning.TypedPostResponse.DualMiniBotTask.taskNest:493:32 - launching 1 branches
2020.12.18 01:16:36:030 [INFO ] provingground.learning.HoTTBot.$anonfun:1500:22 - previous special init states are 2
2020.12.18 01:16:36:033 [INFO ] provingground.learning.HoTTBot.baseStateTask:1343:16 - Computing base state
2020.12.18 01:16:36:036 [INFO ] provingground.learning.HoTTBot.baseStateTask:1343:16 - Computing base state
2020.12.18 01:16:36:036 [INFO ] provingground.learning.TypedPostResponse.DualMiniBotTask.$anonfun:498:36 - launching 2 responses  of type TypeTag[provingground.learning.HoTTMessages.TangentBaseState]  to posts of type TypeTag[provingground.learning.HoTTMessages.BaseMixinLemmas] in branch
2020.12.18 01:16:46:236 [INFO ] provingground.learning.HoTTBot.baseStateTask:1350:24 - Created vector of equations
2020.12.18 01:16:46:757 [INFO ] provingground.learning.HoTTBot.baseStateTask:1350:24 - Created vector of equations
2020.12.18 01:16:52:732 [INFO ] provingground.learning.ErasablePostBuffer.$anon.post:115:22 - Post; tag: TypeTag[provingground.learning.HoTTMessages.TangentBaseState], id: (21,-1139143663), hash : -1139143663
2020.12.18 01:16:52:736 [INFO ] provingground.learning.TypedPostResponse.DualMiniBotTask.$anonfun:503:44 - remaining 1 responses of type TypeTag[provingground.learning.HoTTMessages.TangentBaseState] to posts of type TypeTag[provingground.learning.HoTTMessages.BaseMixinLemmas]
2020.12.18 01:16:53:391 [INFO ] provingground.learning.ErasablePostBuffer.$anon.post:115:22 - Post; tag: TypeTag[provingground.learning.HoTTMessages.TangentBaseState], id: (22,-1380569687), hash : -1380569687
2020.12.18 01:16:53:392 [INFO ] provingground.learning.TypedPostResponse.DualMiniBotTask.$anonfun:503:44 - remaining 0 responses of type TypeTag[provingground.learning.HoTTMessages.TangentBaseState] to posts of type TypeTag[provingground.learning.HoTTMessages.BaseMixinLemmas]
2020.12.18 01:16:53:393 [INFO ] provingground.learning.TypedPostResponse.DualMiniBotTask.taskNest:516:22 - completed (multiple) responses 'base state from special initial state' of type TypeTag[provingground.learning.HoTTMessages.TangentBaseState] to posts of type TypeTag[provingground.learning.HoTTMessages.BaseMixinLemmas] with input hash -498351931
2020.12.18 01:16:53:394 [INFO ] provingground.learning.PostBuffer.$anon.post:266:22 - Post; tag: TypeTag[provingground.learning.HoTTMessages.TangentBaseCompleted.type], id: (23,-1666923435), content:
TangentBaseCompleted, hash: -1666923435
2020.12.18 01:16:53:395 [INFO ] provingground.learning.TypedPostResponse.MicroBot.post:237:18 - triggered response 'bd41c88f' of type TypeTag[provingground.learning.HoTTMessages.GeneratedEquationNodes] to post of type TypeTag[provingground.learning.HoTTMessages.TangentBaseCompleted.type] with input hash -1666923435
2020.12.18 01:18:03:935 [INFO ] provingground.learning.SimpleEquations.timedUnAppEquations:277:30 - reached cutoff limit Some(1.0E-11)
2020.12.18 01:18:13:947 [INFO ] provingground.learning.SimpleEquations.timedUnAppEquations:277:30 - reached cutoff limit Some(1.0E-11)
2020.12.18 01:18:14:477 [INFO ] provingground.learning.ErasablePostBuffer.$anon.post:115:22 - Post; tag: TypeTag[provingground.learning.HoTTMessages.GeneratedEquationNodes], id: (24,651998823), hash : 651998823
2020.12.18 01:18:14:485 [INFO ] provingground.learning.TypedPostResponse.MicroBot.$anonfun.applyOrElse:251:26 - completed response 'bd41c88f' of type TypeTag[provingground.learning.HoTTMessages.GeneratedEquationNodes] to posts of type TypeTag[provingground.learning.HoTTMessages.TangentBaseCompleted.type] with input hash -1666923435
2020.12.18 01:18:14:486 [INFO ] provingground.learning.TypedPostResponse.MicroBot.post:237:18 - triggered response '4e55291b' of type TypeTag[provingground.learning.ExpressionEval] to post of type TypeTag[provingground.learning.HoTTMessages.GeneratedEquationNodes] with input hash 651998823
2020.12.18 01:18:14:495 [INFO ] provingground.learning.TypedPostResponse.Callback.post:196:18 - triggered callback 'update equations' for type TypeTag[provingground.learning.HoTTMessages.GeneratedEquationNodes] with input hash 651998823
2020.12.18 01:18:15:091 [INFO ] provingground.learning.TypedPostResponse.Callback.$anonfun.applyOrElse:200:33 - completed callback 'update equations' for type TypeTag[provingground.learning.HoTTMessages.GeneratedEquationNodes] with input hash 651998823
2020.12.18 01:18:22:651 [INFO ] provingground.learning.ErasablePostBuffer.$anon.post:115:22 - Post; tag: TypeTag[provingground.learning.ExpressionEval], id: (25,945455728), hash : 945455728
2020.12.18 01:18:22:652 [INFO ] provingground.learning.TypedPostResponse.MicroBot.$anonfun.applyOrElse:251:26 - completed response '4e55291b' of type TypeTag[provingground.learning.ExpressionEval] to posts of type TypeTag[provingground.learning.HoTTMessages.GeneratedEquationNodes] with input hash 651998823
2020.12.18 01:18:22:656 [INFO ] provingground.learning.TypedPostResponse.MicroBot.post:237:18 - triggered response 'e432eafe' of type TypeTag[provingground.learning.HoTTMessages.FinalState] to post of type TypeTag[provingground.learning.ExpressionEval] with input hash 945455728
2020.12.18 01:18:22:657 [INFO ] provingground.learning.HoTTBot.expEvToFinalState:570:26 - computing final state
2020.12.18 01:18:28:403 [INFO ] provingground.learning.ErasablePostBuffer.$anon.post:115:22 - Post; tag: TypeTag[provingground.learning.HoTTMessages.FinalState], id: (26,1459222022), hash : 1459222022
2020.12.18 01:18:28:408 [INFO ] provingground.learning.TypedPostResponse.MicroBot.$anonfun.applyOrElse:251:26 - completed response 'e432eafe' of type TypeTag[provingground.learning.HoTTMessages.FinalState] to posts of type TypeTag[provingground.learning.ExpressionEval] with input hash 945455728
2020.12.18 01:18:28:409 [INFO ] provingground.learning.TypedPostResponse.MicroBot.post:237:18 - triggered response 'final state to filtered lemmas' of type TypeTag[provingground.learning.HoTTMessages.Lemmas] to post of type TypeTag[provingground.learning.HoTTMessages.FinalState] with input hash 1459222022
2020.12.18 01:18:28:413 [INFO ] provingground.learning.TypedPostResponse.Callback.post:196:18 - triggered callback 'update terms' for type TypeTag[provingground.learning.HoTTMessages.FinalState] with input hash 1459222022
2020.12.18 01:18:28:417 [INFO ] provingground.learning.TypedPostResponse.Callback.post:196:18 - triggered callback 'report proofs (simple)' for type TypeTag[provingground.learning.HoTTMessages.FinalState] with input hash 1459222022
2020.12.18 01:18:28:421 [INFO ] provingground.learning.TypedPostResponse.Callback.post:196:18 - triggered callback 'report proofs (simple)' for type TypeTag[provingground.learning.HoTTMessages.FinalState] with input hash 1459222022
2020.12.18 01:18:33:026 [INFO ] provingground.learning.HoTTBot.$anonfun:468:26 - Steps (in final state): 4
Lemma: (`a : M ) ~> ((`b : M ) ~> ((`c : M ) ~> ((((eqM) (`a)) (`b)) → ((((eqM) (`b)) (`c)) → (((eqM) (`a)) (`c)))))); best proof: trans with weight 0.06628905537346295; statement weight 5.782488018010052E-11
Lemma: (`$afm : M ) ~> ((((eqM) (((mul) (((mul) (m)) (n))) (((mul) (((mul) (m)) (n))) (n)))) (`$afm)) → (((eqM) (n)) (`$afm))); best proof: (`$blvzdi :  M) ↦ (((((trans) (n)) (((mul) (((mul) (m)) (n))) (((mul) (((mul) (m)) (n))) (n)))) (`$blvzdi)) ((((sym) (((mul) (((mul) (m)) (n))) (((mul) (((mul) (m)) (n))) (n)))) (n)) (((ass2) (((mul) (m)) (n))) (n)))) with weight 2.8310325669642405E-8; statement weight 3.94000925399924E-11
Lemma: (`b : M ) ~> ((`c : M ) ~> ((((eqM) (`b)) (`c)) → (((eqM) (((mul) (((mul) (m)) (n))) (`b))) (((mul) (((mul) (m)) (n))) (`c))))); best proof: (left-multiply) (((mul) (m)) (n)) with weight 0.0051448838125843855; statement weight 1.86373205235828E-11
Lemma: (`b : M ) ~> ((`c : M ) ~> ((((eqM) (`b)) (`c)) → (((eqM) (((mul) (`b)) (m))) (((mul) (`c)) (m))))); best proof: (right-multiply) (m) with weight 0.005133382640106556; statement weight 1.167160537779999E-12
2020.12.18 01:18:33:027 [INFO ] provingground.learning.TypedPostResponse.Callback.$anonfun.applyOrElse:200:33 - completed callback 'report proofs (simple)' for type TypeTag[provingground.learning.HoTTMessages.FinalState] with input hash 1459222022
2020.12.18 01:18:34:100 [INFO ] provingground.learning.HoTTBot.$anonfun:468:26 - Results: 6
Lemma: ((eqM) (((mul) (((mul) (m)) (n))) (n))) (m); best proof: ((ass1) (m)) (n) with weight 9.936838586314004E-5; statement weight 5.673171617221633E-6
Lemma: ((eqM) (((mul) (((mul) (m)) (n))) (((mul) (((mul) (m)) (n))) (n)))) (n); best proof: ((ass2) (((mul) (m)) (n))) (n) with weight 9.959101741150583E-5; statement weight 1.1968376867904968E-8
Lemma: ((eqM) (n)) (((mul) (((mul) (m)) (n))) (((mul) (((mul) (m)) (n))) (n))); best proof: (((sym) (((mul) (((mul) (m)) (n))) (((mul) (((mul) (m)) (n))) (n)))) (n)) (((ass2) (((mul) (m)) (n))) (n)) with weight 1.6791230259456796E-6; statement weight 1.2481645851973593E-8
Lemma: ((eqM) (((mul) (((mul) (m)) (n))) (((mul) (((mul) (m)) (n))) (n)))) (((mul) (((mul) (m)) (n))) (m)); best proof: ((((left-multiply) (((mul) (m)) (n))) (((mul) (((mul) (m)) (n))) (n))) (m)) (((ass1) (m)) (n)) with weight 6.576423991865799E-8; statement weight 2.4229508350720018E-11
Lemma: ((eqM) (((mul) (((mul) (((mul) (m)) (n))) (m))) (m))) (((mul) (m)) (n)); best proof: ((ass1) (((mul) (m)) (n))) (m) with weight 9.959101741150583E-5; statement weight 9.360575104615789E-9
Lemma: ((eqM) (n)) (((mul) (((mul) (m)) (n))) (m)); best proof: (((((trans) (n)) (((mul) (((mul) (m)) (n))) (((mul) (((mul) (m)) (n))) (n)))) (((mul) (((mul) (m)) (n))) (m))) ((((sym) (((mul) (((mul) (m)) (n))) (((mul) (((mul) (m)) (n))) (n)))) (n)) (((ass2) (((mul) (m)) (n))) (n)))) (((((left-multiply) (((mul) (m)) (n))) (((mul) (((mul) (m)) (n))) (n))) (m)) (((ass1) (m)) (n))) with weight 2.3947626506758894E-16; statement weight 2.9661466605373777E-5
2020.12.18 01:18:34:100 [INFO ] provingground.learning.TypedPostResponse.Callback.$anonfun.applyOrElse:200:33 - completed callback 'report proofs (simple)' for type TypeTag[provingground.learning.HoTTMessages.FinalState] with input hash 1459222022
2020.12.18 01:18:46:967 [INFO ] provingground.learning.HoTTBot.$anonfun:370:26 - Obtained 494464 formal equations
2020.12.18 01:18:49:137 [INFO ] provingground.learning.TypedPostResponse.Callback.$anonfun.applyOrElse:200:33 - completed callback 'update terms' for type TypeTag[provingground.learning.HoTTMessages.FinalState] with input hash 1459222022
2020.12.18 01:19:02:804 [INFO ] provingground.learning.HoTTBot.$anonfun:269:30 - avoiding 242 types as tautologies and generators.
2020.12.18 01:19:07:239 [INFO ] provingground.learning.ErasablePostBuffer.$anon.post:115:22 - Post; tag: TypeTag[provingground.learning.HoTTMessages.Lemmas], id: (27,1182518519), hash : 1182518519
2020.12.18 01:19:07:245 [INFO ] provingground.learning.TypedPostResponse.MicroBot.$anonfun.applyOrElse:251:26 - completed response 'final state to filtered lemmas' of type TypeTag[provingground.learning.HoTTMessages.Lemmas] to posts of type TypeTag[provingground.learning.HoTTMessages.FinalState] with input hash 1459222022
2020.12.18 01:19:07:252 [INFO ] provingground.learning.TypedPostResponse.MicroBot.post:237:18 - triggered response 'd21ed9d9' of type TypeTag[(provingground.learning.HoTTMessages.UsedLemmas :: provingground.learning.HoTTMessages.TangentLemmas :: shapeless.HNil) :: provingground.learning.HoTTMessages.BaseMixinLemmas :: shapeless.HNil] to post of type TypeTag[provingground.learning.HoTTMessages.Lemmas] with input hash 1182518519
2020.12.18 01:19:07:276 [INFO ] provingground.learning.HoTTBot.$anonfun:1277:24 - excluded lemmas:

2020.12.18 01:19:07:739 [INFO ] provingground.learning.ErasablePostBuffer.$anon.post:115:22 - Post; tag: TypeTag[provingground.learning.HoTTMessages.UsedLemmas], id: (28,2033378532), hash : 2033378532
2020.12.18 01:19:07:746 [INFO ] provingground.learning.ErasablePostBuffer.$anon.post:115:22 - Post; tag: TypeTag[provingground.learning.HoTTMessages.TangentLemmas], id: (29,648855735), hash : 648855735
2020.12.18 01:19:07:752 [INFO ] provingground.learning.ErasablePostBuffer.$anon.post:115:22 - Post; tag: TypeTag[provingground.learning.HoTTMessages.BaseMixinLemmas], id: (30,-1551890885), hash : -1551890885
2020.12.18 01:19:07:754 [INFO ] provingground.learning.TypedPostResponse.MicroBot.$anonfun.applyOrElse:251:26 - completed response 'd21ed9d9' of type TypeTag[(provingground.learning.HoTTMessages.UsedLemmas :: provingground.learning.HoTTMessages.TangentLemmas :: shapeless.HNil) :: provingground.learning.HoTTMessages.BaseMixinLemmas :: shapeless.HNil] to posts of type TypeTag[provingground.learning.HoTTMessages.Lemmas] with input hash 1182518519
2020.12.18 01:19:07:759 [INFO ] provingground.learning.TypedPostResponse.DualMiniBotTask.post:487:20 - triggered (multiple) responses 'base state from special initial state' of type TypeTag[provingground.learning.HoTTMessages.TangentBaseState] to posts of type TypeTag[provingground.learning.HoTTMessages.BaseMixinLemmas] with input hash -1551890885
2020.12.18 01:19:07:773 [INFO ] provingground.learning.TypedPostResponse.DualMiniBotTask.taskNest:493:32 - launching 1 branches
2020.12.18 01:19:07:773 [INFO ] provingground.learning.HoTTBot.$anonfun:1500:22 - previous special init states are 2
2020.12.18 01:19:07:783 [INFO ] provingground.learning.HoTTBot.baseStateTask:1343:16 - Computing base state
2020.12.18 01:19:07:784 [INFO ] provingground.learning.HoTTBot.baseStateTask:1343:16 - Computing base state
2020.12.18 01:19:07:784 [INFO ] provingground.learning.TypedPostResponse.DualMiniBotTask.$anonfun:498:36 - launching 2 responses  of type TypeTag[provingground.learning.HoTTMessages.TangentBaseState]  to posts of type TypeTag[provingground.learning.HoTTMessages.BaseMixinLemmas] in branch
2020.12.18 01:20:33:758 [INFO ] provingground.learning.HoTTBot.baseStateTask:1350:24 - Created vector of equations
2020.12.18 01:20:40:381 [INFO ] provingground.learning.HoTTBot.baseStateTask:1350:24 - Created vector of equations
2020.12.18 01:21:04:910 [INFO ] provingground.learning.ErasablePostBuffer.$anon.post:115:22 - Post; tag: TypeTag[provingground.learning.HoTTMessages.TangentBaseState], id: (31,1646633419), hash : 1646633419
2020.12.18 01:21:04:918 [INFO ] provingground.learning.TypedPostResponse.DualMiniBotTask.$anonfun:503:44 - remaining 1 responses of type TypeTag[provingground.learning.HoTTMessages.TangentBaseState] to posts of type TypeTag[provingground.learning.HoTTMessages.BaseMixinLemmas]
2020.12.18 01:21:09:029 [INFO ] provingground.learning.ErasablePostBuffer.$anon.post:115:22 - Post; tag: TypeTag[provingground.learning.HoTTMessages.TangentBaseState], id: (32,1984687951), hash : 1984687951
2020.12.18 01:21:09:033 [INFO ] provingground.learning.TypedPostResponse.DualMiniBotTask.$anonfun:503:44 - remaining 0 responses of type TypeTag[provingground.learning.HoTTMessages.TangentBaseState] to posts of type TypeTag[provingground.learning.HoTTMessages.BaseMixinLemmas]
2020.12.18 01:21:09:034 [INFO ] provingground.learning.TypedPostResponse.DualMiniBotTask.taskNest:516:22 - completed (multiple) responses 'base state from special initial state' of type TypeTag[provingground.learning.HoTTMessages.TangentBaseState] to posts of type TypeTag[provingground.learning.HoTTMessages.BaseMixinLemmas] with input hash -1551890885
2020.12.18 01:21:09:038 [INFO ] provingground.learning.PostBuffer.$anon.post:266:22 - Post; tag: TypeTag[provingground.learning.HoTTMessages.TangentBaseCompleted.type], id: (33,-1666923435), content:
TangentBaseCompleted, hash: -1666923435
2020.12.18 01:21:09:039 [INFO ] provingground.learning.TypedPostResponse.MicroBot.post:237:18 - triggered response 'bd41c88f' of type TypeTag[provingground.learning.HoTTMessages.GeneratedEquationNodes] to post of type TypeTag[provingground.learning.HoTTMessages.TangentBaseCompleted.type] with input hash -1666923435
2020.12.18 01:22:32:616 [INFO ] provingground.learning.SimpleEquations.timedUnAppEquations:277:30 - reached cutoff limit Some(1.0E-11)
2020.12.18 01:22:32:934 [INFO ] provingground.learning.SimpleEquations.timedUnAppEquations:277:30 - reached cutoff limit Some(1.0E-11)
2020.12.18 01:22:33:479 [INFO ] provingground.learning.ErasablePostBuffer.$anon.post:115:22 - Post; tag: TypeTag[provingground.learning.HoTTMessages.GeneratedEquationNodes], id: (34,24850783), hash : 24850783
2020.12.18 01:22:33:488 [INFO ] provingground.learning.TypedPostResponse.MicroBot.$anonfun.applyOrElse:251:26 - completed response 'bd41c88f' of type TypeTag[provingground.learning.HoTTMessages.GeneratedEquationNodes] to posts of type TypeTag[provingground.learning.HoTTMessages.TangentBaseCompleted.type] with input hash -1666923435
2020.12.18 01:22:33:488 [INFO ] provingground.learning.TypedPostResponse.MicroBot.post:237:18 - triggered response '4e55291b' of type TypeTag[provingground.learning.ExpressionEval] to post of type TypeTag[provingground.learning.HoTTMessages.GeneratedEquationNodes] with input hash 24850783
2020.12.18 01:22:33:493 [INFO ] provingground.learning.TypedPostResponse.Callback.post:196:18 - triggered callback 'update equations' for type TypeTag[provingground.learning.HoTTMessages.GeneratedEquationNodes] with input hash 24850783
2020.12.18 01:22:34:743 [INFO ] provingground.learning.TypedPostResponse.Callback.$anonfun.applyOrElse:200:33 - completed callback 'update equations' for type TypeTag[provingground.learning.HoTTMessages.GeneratedEquationNodes] with input hash 24850783
2020.12.18 01:22:51:776 [INFO ] provingground.learning.ErasablePostBuffer.$anon.post:115:22 - Post; tag: TypeTag[provingground.learning.ExpressionEval], id: (35,1701260081), hash : 1701260081
2020.12.18 01:22:51:776 [INFO ] provingground.learning.TypedPostResponse.MicroBot.$anonfun.applyOrElse:251:26 - completed response '4e55291b' of type TypeTag[provingground.learning.ExpressionEval] to posts of type TypeTag[provingground.learning.HoTTMessages.GeneratedEquationNodes] with input hash 24850783
2020.12.18 01:22:51:779 [INFO ] provingground.learning.TypedPostResponse.MicroBot.post:237:18 - triggered response 'e432eafe' of type TypeTag[provingground.learning.HoTTMessages.FinalState] to post of type TypeTag[provingground.learning.ExpressionEval] with input hash 1701260081
2020.12.18 01:22:51:780 [INFO ] provingground.learning.HoTTBot.expEvToFinalState:570:26 - computing final state
2020.12.18 01:22:59:522 [INFO ] provingground.learning.ErasablePostBuffer.$anon.post:115:22 - Post; tag: TypeTag[provingground.learning.HoTTMessages.FinalState], id: (36,-1380685842), hash : -1380685842
2020.12.18 01:22:59:529 [INFO ] provingground.learning.TypedPostResponse.MicroBot.$anonfun.applyOrElse:251:26 - completed response 'e432eafe' of type TypeTag[provingground.learning.HoTTMessages.FinalState] to posts of type TypeTag[provingground.learning.ExpressionEval] with input hash 1701260081
2020.12.18 01:22:59:529 [INFO ] provingground.learning.TypedPostResponse.MicroBot.post:237:18 - triggered response 'final state to filtered lemmas' of type TypeTag[provingground.learning.HoTTMessages.Lemmas] to post of type TypeTag[provingground.learning.HoTTMessages.FinalState] with input hash -1380685842
2020.12.18 01:22:59:536 [INFO ] provingground.learning.TypedPostResponse.Callback.post:196:18 - triggered callback 'update terms' for type TypeTag[provingground.learning.HoTTMessages.FinalState] with input hash -1380685842
2020.12.18 01:22:59:541 [INFO ] provingground.learning.TypedPostResponse.Callback.post:196:18 - triggered callback 'report proofs (simple)' for type TypeTag[provingground.learning.HoTTMessages.FinalState] with input hash -1380685842
2020.12.18 01:22:59:546 [INFO ] provingground.learning.TypedPostResponse.Callback.post:196:18 - triggered callback 'report proofs (simple)' for type TypeTag[provingground.learning.HoTTMessages.FinalState] with input hash -1380685842
2020.12.18 01:23:05:777 [INFO ] provingground.learning.HoTTBot.$anonfun:468:26 - Steps (in final state): 4
Lemma: (`a : M ) ~> ((`b : M ) ~> ((`c : M ) ~> ((((eqM) (`a)) (`b)) → ((((eqM) (`b)) (`c)) → (((eqM) (`a)) (`c)))))); best proof: trans with weight 0.06628905516793702; statement weight 5.7805277035223754E-11
Lemma: (`$afm : M ) ~> ((((eqM) (((mul) (((mul) (m)) (n))) (((mul) (((mul) (m)) (n))) (n)))) (`$afm)) → (((eqM) (n)) (`$afm))); best proof: (`$blvzdi :  M) ↦ (((((trans) (n)) (((mul) (((mul) (m)) (n))) (((mul) (((mul) (m)) (n))) (n)))) (`$blvzdi)) ((((sym) (((mul) (((mul) (m)) (n))) (((mul) (((mul) (m)) (n))) (n)))) (n)) (((ass2) (((mul) (m)) (n))) (n)))) with weight 2.8310325529431307E-8; statement weight 3.939960818871502E-11
Lemma: (`b : M ) ~> ((`c : M ) ~> ((((eqM) (`b)) (`c)) → (((eqM) (((mul) (((mul) (m)) (n))) (`b))) (((mul) (((mul) (m)) (n))) (`c))))); best proof: (left-multiply) (((mul) (m)) (n)) with weight 0.005144883794871965; statement weight 1.8633905932951506E-11
Lemma: (`b : M ) ~> ((`c : M ) ~> ((((eqM) (`b)) (`c)) → (((eqM) (((mul) (`b)) (m))) (((mul) (`c)) (m))))); best proof: (right-multiply) (m) with weight 0.005133382622411399; statement weight 1.1673873165664928E-12
2020.12.18 01:23:05:778 [INFO ] provingground.learning.TypedPostResponse.Callback.$anonfun.applyOrElse:200:33 - completed callback 'report proofs (simple)' for type TypeTag[provingground.learning.HoTTMessages.FinalState] with input hash -1380685842
2020.12.18 01:23:07:700 [INFO ] provingground.learning.HoTTBot.$anonfun:468:26 - Results: 7
Lemma: ((eqM) (((mul) (((mul) (m)) (n))) (n))) (m); best proof: ((ass1) (m)) (n) with weight 9.936838550902179E-5; statement weight 5.67317121010021E-6
Lemma: ((eqM) (((mul) (((mul) (m)) (n))) (((mul) (((mul) (m)) (n))) (n)))) (n); best proof: ((ass2) (((mul) (m)) (n))) (n) with weight 9.959101705718177E-5; statement weight 1.1968374689737093E-8
Lemma: ((eqM) (n)) (((mul) (((mul) (m)) (n))) (((mul) (((mul) (m)) (n))) (n))); best proof: (((sym) (((mul) (((mul) (m)) (n))) (((mul) (((mul) (m)) (n))) (n)))) (n)) (((ass2) (((mul) (m)) (n))) (n)) with weight 1.6791230177575512E-6; statement weight 1.2481645013330052E-8
Lemma: ((eqM) (((mul) (((mul) (m)) (n))) (((mul) (((mul) (m)) (n))) (n)))) (((mul) (((mul) (m)) (n))) (m)); best proof: ((((left-multiply) (((mul) (m)) (n))) (((mul) (((mul) (m)) (n))) (n))) (m)) (((ass1) (m)) (n)) with weight 6.576568534237031E-8; statement weight 2.4229504009631527E-11
Lemma: ((eqM) (((mul) (((mul) (((mul) (m)) (n))) (m))) (m))) (((mul) (m)) (n)); best proof: ((ass1) (((mul) (m)) (n))) (m) with weight 9.959101705718177E-5; statement weight 9.360564287071197E-9
Lemma: ((eqM) (n)) (((mul) (((mul) (m)) (n))) (m)); best proof: (((((trans) (n)) (((mul) (((mul) (m)) (n))) (((mul) (((mul) (m)) (n))) (n)))) (((mul) (((mul) (m)) (n))) (m))) ((((sym) (((mul) (((mul) (m)) (n))) (((mul) (((mul) (m)) (n))) (n)))) (n)) (((ass2) (((mul) (m)) (n))) (n)))) (((((left-multiply) (((mul) (m)) (n))) (((mul) (((mul) (m)) (n))) (n))) (m)) (((ass1) (m)) (n))) with weight 2.3948152875812903E-16; statement weight 2.966146464907412E-5
Lemma: ((eqM) (((mul) (n)) (m))) (((mul) (((mul) (((mul) (m)) (n))) (m))) (m)); best proof: ((((right-multiply) (m)) (n)) (((mul) (((mul) (m)) (n))) (m))) ((((((trans) (n)) (((mul) (((mul) (m)) (n))) (((mul) (((mul) (m)) (n))) (n)))) (((mul) (((mul) (m)) (n))) (m))) ((((sym) (((mul) (((mul) (m)) (n))) (((mul) (((mul) (m)) (n))) (n)))) (n)) (((ass2) (((mul) (m)) (n))) (n)))) (((((left-multiply) (((mul) (m)) (n))) (((mul) (((mul) (m)) (n))) (n))) (m)) (((ass1) (m)) (n)))) with weight 1.6432281588603548E-19; statement weight 0.0
2020.12.18 01:23:07:700 [INFO ] provingground.learning.TypedPostResponse.Callback.$anonfun.applyOrElse:200:33 - completed callback 'report proofs (simple)' for type TypeTag[provingground.learning.HoTTMessages.FinalState] with input hash -1380685842
2020.12.18 01:23:30:657 [INFO ] provingground.learning.HoTTBot.$anonfun:370:26 - Obtained 689752 formal equations
2020.12.18 01:23:35:226 [INFO ] provingground.learning.TypedPostResponse.Callback.$anonfun.applyOrElse:200:33 - completed callback 'update terms' for type TypeTag[provingground.learning.HoTTMessages.FinalState] with input hash -1380685842
2020.12.18 01:23:57:282 [INFO ] provingground.learning.HoTTBot.$anonfun:269:30 - avoiding 242 types as tautologies and generators.
2020.12.18 01:24:12:504 [INFO ] provingground.learning.ErasablePostBuffer.$anon.post:115:22 - Post; tag: TypeTag[provingground.learning.HoTTMessages.Lemmas], id: (37,1911240000), hash : 1911240000
2020.12.18 01:24:12:511 [INFO ] provingground.learning.TypedPostResponse.MicroBot.$anonfun.applyOrElse:251:26 - completed response 'final state to filtered lemmas' of type TypeTag[provingground.learning.HoTTMessages.Lemmas] to posts of type TypeTag[provingground.learning.HoTTMessages.FinalState] with input hash -1380685842
2020.12.18 01:24:12:520 [INFO ] provingground.learning.TypedPostResponse.MicroBot.post:237:18 - triggered response 'd21ed9d9' of type TypeTag[(provingground.learning.HoTTMessages.UsedLemmas :: provingground.learning.HoTTMessages.TangentLemmas :: shapeless.HNil) :: provingground.learning.HoTTMessages.BaseMixinLemmas :: shapeless.HNil] to post of type TypeTag[provingground.learning.HoTTMessages.Lemmas] with input hash 1911240000
2020.12.18 01:24:12:871 [INFO ] provingground.learning.HoTTBot.$anonfun:1277:24 - excluded lemmas:

2020.12.18 01:24:14:320 [INFO ] provingground.learning.ErasablePostBuffer.$anon.post:115:22 - Post; tag: TypeTag[provingground.learning.HoTTMessages.UsedLemmas], id: (38,91997513), hash : 91997513
2020.12.18 01:24:14:327 [INFO ] provingground.learning.ErasablePostBuffer.$anon.post:115:22 - Post; tag: TypeTag[provingground.learning.HoTTMessages.TangentLemmas], id: (39,-1534047681), hash : -1534047681
2020.12.18 01:24:14:333 [INFO ] provingground.learning.ErasablePostBuffer.$anon.post:115:22 - Post; tag: TypeTag[provingground.learning.HoTTMessages.BaseMixinLemmas], id: (40,-1590953414), hash : -1590953414
2020.12.18 01:24:14:337 [INFO ] provingground.learning.TypedPostResponse.MicroBot.$anonfun.applyOrElse:251:26 - completed response 'd21ed9d9' of type TypeTag[(provingground.learning.HoTTMessages.UsedLemmas :: provingground.learning.HoTTMessages.TangentLemmas :: shapeless.HNil) :: provingground.learning.HoTTMessages.BaseMixinLemmas :: shapeless.HNil] to posts of type TypeTag[provingground.learning.HoTTMessages.Lemmas] with input hash 1911240000
2020.12.18 01:24:14:344 [INFO ] provingground.learning.TypedPostResponse.DualMiniBotTask.post:487:20 - triggered (multiple) responses 'base state from special initial state' of type TypeTag[provingground.learning.HoTTMessages.TangentBaseState] to posts of type TypeTag[provingground.learning.HoTTMessages.BaseMixinLemmas] with input hash -1590953414
2020.12.18 01:24:14:360 [INFO ] provingground.learning.TypedPostResponse.DualMiniBotTask.taskNest:493:32 - launching 1 branches
2020.12.18 01:24:14:360 [INFO ] provingground.learning.HoTTBot.$anonfun:1500:22 - previous special init states are 2
2020.12.18 01:24:14:362 [INFO ] provingground.learning.HoTTBot.baseStateTask:1343:16 - Computing base state
2020.12.18 01:24:14:363 [INFO ] provingground.learning.HoTTBot.baseStateTask:1343:16 - Computing base state
2020.12.18 01:24:14:364 [INFO ] provingground.learning.TypedPostResponse.DualMiniBotTask.$anonfun:498:36 - launching 2 responses  of type TypeTag[provingground.learning.HoTTMessages.TangentBaseState]  to posts of type TypeTag[provingground.learning.HoTTMessages.BaseMixinLemmas] in branch
2020.12.18 01:26:35:758 [INFO ] provingground.learning.HoTTBot.baseStateTask:1350:24 - Created vector of equations
2020.12.18 01:26:35:884 [INFO ] provingground.learning.HoTTBot.baseStateTask:1350:24 - Created vector of equations
2020.12.18 01:27:25:019 [INFO ] provingground.learning.ErasablePostBuffer.$anon.post:115:22 - Post; tag: TypeTag[provingground.learning.HoTTMessages.TangentBaseState], id: (41,-949449888), hash : -949449888
2020.12.18 01:27:25:028 [INFO ] provingground.learning.TypedPostResponse.DualMiniBotTask.$anonfun:503:44 - remaining 1 responses of type TypeTag[provingground.learning.HoTTMessages.TangentBaseState] to posts of type TypeTag[provingground.learning.HoTTMessages.BaseMixinLemmas]
2020.12.18 01:27:25:336 [INFO ] provingground.learning.ErasablePostBuffer.$anon.post:115:22 - Post; tag: TypeTag[provingground.learning.HoTTMessages.TangentBaseState], id: (42,1392210709), hash : 1392210709
2020.12.18 01:27:25:344 [INFO ] provingground.learning.TypedPostResponse.DualMiniBotTask.$anonfun:503:44 - remaining 0 responses of type TypeTag[provingground.learning.HoTTMessages.TangentBaseState] to posts of type TypeTag[provingground.learning.HoTTMessages.BaseMixinLemmas]
2020.12.18 01:27:25:344 [INFO ] provingground.learning.TypedPostResponse.DualMiniBotTask.taskNest:516:22 - completed (multiple) responses 'base state from special initial state' of type TypeTag[provingground.learning.HoTTMessages.TangentBaseState] to posts of type TypeTag[provingground.learning.HoTTMessages.BaseMixinLemmas] with input hash -1590953414
2020.12.18 01:27:25:348 [INFO ] provingground.learning.PostBuffer.$anon.post:266:22 - Post; tag: TypeTag[provingground.learning.HoTTMessages.TangentBaseCompleted.type], id: (43,-1666923435), content:
TangentBaseCompleted, hash: -1666923435
2020.12.18 01:27:25:349 [INFO ] provingground.learning.TypedPostResponse.MicroBot.post:237:18 - triggered response 'bd41c88f' of type TypeTag[provingground.learning.HoTTMessages.GeneratedEquationNodes] to post of type TypeTag[provingground.learning.HoTTMessages.TangentBaseCompleted.type] with input hash -1666923435
2020.12.18 01:30:29:624 [INFO ] provingground.learning.SimpleEquations.timedUnAppEquations:277:30 - reached cutoff limit Some(1.0E-11)
2020.12.18 01:30:50:347 [INFO ] provingground.learning.SimpleEquations.timedUnAppEquations:277:30 - reached cutoff limit Some(1.0E-11)
2020.12.18 01:30:53:119 [INFO ] provingground.learning.ErasablePostBuffer.$anon.post:115:22 - Post; tag: TypeTag[provingground.learning.HoTTMessages.GeneratedEquationNodes], id: (44,-881790747), hash : -881790747
2020.12.18 01:30:53:129 [INFO ] provingground.learning.TypedPostResponse.MicroBot.$anonfun.applyOrElse:251:26 - completed response 'bd41c88f' of type TypeTag[provingground.learning.HoTTMessages.GeneratedEquationNodes] to posts of type TypeTag[provingground.learning.HoTTMessages.TangentBaseCompleted.type] with input hash -1666923435
2020.12.18 01:30:53:129 [INFO ] provingground.learning.TypedPostResponse.MicroBot.post:237:18 - triggered response '4e55291b' of type TypeTag[provingground.learning.ExpressionEval] to post of type TypeTag[provingground.learning.HoTTMessages.GeneratedEquationNodes] with input hash -881790747
2020.12.18 01:30:53:140 [INFO ] provingground.learning.TypedPostResponse.Callback.post:196:18 - triggered callback 'update equations' for type TypeTag[provingground.learning.HoTTMessages.GeneratedEquationNodes] with input hash -881790747
2020.12.18 01:30:57:513 [INFO ] provingground.learning.TypedPostResponse.Callback.$anonfun.applyOrElse:200:33 - completed callback 'update equations' for type TypeTag[provingground.learning.HoTTMessages.GeneratedEquationNodes] with input hash -881790747
2020.12.18 01:31:37:750 [INFO ] provingground.learning.ErasablePostBuffer.$anon.post:115:22 - Post; tag: TypeTag[provingground.learning.ExpressionEval], id: (45,1531226647), hash : 1531226647
2020.12.18 01:31:37:751 [INFO ] provingground.learning.TypedPostResponse.MicroBot.$anonfun.applyOrElse:251:26 - completed response '4e55291b' of type TypeTag[provingground.learning.ExpressionEval] to posts of type TypeTag[provingground.learning.HoTTMessages.GeneratedEquationNodes] with input hash -881790747
2020.12.18 01:31:37:755 [INFO ] provingground.learning.TypedPostResponse.MicroBot.post:237:18 - triggered response 'e432eafe' of type TypeTag[provingground.learning.HoTTMessages.FinalState] to post of type TypeTag[provingground.learning.ExpressionEval] with input hash 1531226647
2020.12.18 01:31:37:756 [INFO ] provingground.learning.HoTTBot.expEvToFinalState:570:26 - computing final state
2020.12.18 01:31:59:800 [INFO ] provingground.learning.ErasablePostBuffer.$anon.post:115:22 - Post; tag: TypeTag[provingground.learning.HoTTMessages.FinalState], id: (46,-1748536275), hash : -1748536275
2020.12.18 01:31:59:815 [INFO ] provingground.learning.TypedPostResponse.MicroBot.$anonfun.applyOrElse:251:26 - completed response 'e432eafe' of type TypeTag[provingground.learning.HoTTMessages.FinalState] to posts of type TypeTag[provingground.learning.ExpressionEval] with input hash 1531226647
2020.12.18 01:31:59:816 [INFO ] provingground.learning.TypedPostResponse.MicroBot.post:237:18 - triggered response 'final state to filtered lemmas' of type TypeTag[provingground.learning.HoTTMessages.Lemmas] to post of type TypeTag[provingground.learning.HoTTMessages.FinalState] with input hash -1748536275
2020.12.18 01:31:59:831 [INFO ] provingground.learning.TypedPostResponse.Callback.post:196:18 - triggered callback 'update terms' for type TypeTag[provingground.learning.HoTTMessages.FinalState] with input hash -1748536275
2020.12.18 01:31:59:847 [INFO ] provingground.learning.TypedPostResponse.Callback.post:196:18 - triggered callback 'report proofs (simple)' for type TypeTag[provingground.learning.HoTTMessages.FinalState] with input hash -1748536275
2020.12.18 01:31:59:862 [INFO ] provingground.learning.TypedPostResponse.Callback.post:196:18 - triggered callback 'report proofs (simple)' for type TypeTag[provingground.learning.HoTTMessages.FinalState] with input hash -1748536275
2020.12.18 01:32:10:765 [INFO ] provingground.learning.HoTTBot.$anonfun:468:26 - Steps (in final state): 4
Lemma: (`a : M ) ~> ((`b : M ) ~> ((`c : M ) ~> ((((eqM) (`a)) (`b)) → ((((eqM) (`b)) (`c)) → (((eqM) (`a)) (`c)))))); best proof: trans with weight 0.06628989307915314; statement weight 5.776435678673386E-11
Lemma: (`$afm : M ) ~> ((((eqM) (((mul) (((mul) (m)) (n))) (((mul) (((mul) (m)) (n))) (n)))) (`$afm)) → (((eqM) (n)) (`$afm))); best proof: (`$blvzdi :  M) ↦ (((((trans) (n)) (((mul) (((mul) (m)) (n))) (((mul) (((mul) (m)) (n))) (n)))) (`$blvzdi)) ((((sym) (((mul) (((mul) (m)) (n))) (((mul) (((mul) (m)) (n))) (n)))) (n)) (((ass2) (((mul) (m)) (n))) (n)))) with weight 2.830113132634868E-8; statement weight 3.7623157693412016E-11
Lemma: (`b : M ) ~> ((`c : M ) ~> ((((eqM) (`b)) (`c)) → (((eqM) (((mul) (((mul) (m)) (n))) (`b))) (((mul) (((mul) (m)) (n))) (`c))))); best proof: (left-multiply) (((mul) (m)) (n)) with weight 0.005144513496187912; statement weight 1.8621852724297706E-11
Lemma: (`b : M ) ~> ((`c : M ) ~> ((((eqM) (`b)) (`c)) → (((eqM) (((mul) (`b)) (m))) (((mul) (`c)) (m))))); best proof: (right-multiply) (m) with weight 0.00513301603221583; statement weight 1.1678161085511536E-12
2020.12.18 01:32:10:765 [INFO ] provingground.learning.TypedPostResponse.Callback.$anonfun.applyOrElse:200:33 - completed callback 'report proofs (simple)' for type TypeTag[provingground.learning.HoTTMessages.FinalState] with input hash -1748536275
2020.12.18 01:32:15:162 [INFO ] provingground.learning.HoTTBot.$anonfun:468:26 - Results: 7
Lemma: ((eqM) (((mul) (((mul) (m)) (n))) (n))) (m); best proof: ((ass1) (m)) (n) with weight 9.935312954338518E-5; statement weight 5.671382633449843E-6
Lemma: ((eqM) (((mul) (((mul) (m)) (n))) (((mul) (((mul) (m)) (n))) (n)))) (n); best proof: ((ass2) (((mul) (m)) (n))) (n) with weight 9.957567103172867E-5; statement weight 1.1961644097016033E-8
Lemma: ((eqM) (n)) (((mul) (((mul) (m)) (n))) (((mul) (((mul) (m)) (n))) (n))); best proof: (((sym) (((mul) (((mul) (m)) (n))) (((mul) (((mul) (m)) (n))) (n)))) (n)) (((ass2) (((mul) (m)) (n))) (n)) with weight 1.6787209842037879E-6; statement weight 1.24745891606967E-8
Lemma: ((eqM) (((mul) (((mul) (m)) (n))) (((mul) (((mul) (m)) (n))) (n)))) (((mul) (((mul) (m)) (n))) (m)); best proof: ((((left-multiply) (((mul) (m)) (n))) (((mul) (((mul) (m)) (n))) (n))) (m)) (((ass1) (m)) (n)) with weight 6.574037071620205E-8; statement weight 2.4209794272518883E-11
Lemma: ((eqM) (((mul) (((mul) (((mul) (m)) (n))) (m))) (m))) (((mul) (m)) (n)); best proof: ((ass1) (((mul) (m)) (n))) (m) with weight 9.957567103172867E-5; statement weight 9.355286596330116E-9
Lemma: ((eqM) (n)) (((mul) (((mul) (m)) (n))) (m)); best proof: (((((trans) (n)) (((mul) (((mul) (m)) (n))) (((mul) (((mul) (m)) (n))) (n)))) (((mul) (((mul) (m)) (n))) (m))) ((((sym) (((mul) (((mul) (m)) (n))) (((mul) (((mul) (m)) (n))) (n)))) (n)) (((ass2) (((mul) (m)) (n))) (n)))) (((((left-multiply) (((mul) (m)) (n))) (((mul) (((mul) (m)) (n))) (n))) (m)) (((ass1) (m)) (n))) with weight 2.3927870877912253E-16; statement weight 2.965141302434127E-5
Lemma: ((eqM) (((mul) (n)) (m))) (((mul) (((mul) (((mul) (m)) (n))) (m))) (m)); best proof: ((((right-multiply) (m)) (n)) (((mul) (((mul) (m)) (n))) (m))) ((((((trans) (n)) (((mul) (((mul) (m)) (n))) (((mul) (((mul) (m)) (n))) (n)))) (((mul) (((mul) (m)) (n))) (m))) ((((sym) (((mul) (((mul) (m)) (n))) (((mul) (((mul) (m)) (n))) (n)))) (n)) (((ass2) (((mul) (m)) (n))) (n)))) (((((left-multiply) (((mul) (m)) (n))) (((mul) (((mul) (m)) (n))) (n))) (m)) (((ass1) (m)) (n)))) with weight 1.6414498628774732E-19; statement weight 2.006821226574639E-11
2020.12.18 01:32:15:162 [INFO ] provingground.learning.TypedPostResponse.Callback.$anonfun.applyOrElse:200:33 - completed callback 'report proofs (simple)' for type TypeTag[provingground.learning.HoTTMessages.FinalState] with input hash -1748536275
2020.12.18 01:33:24:520 [INFO ] provingground.learning.HoTTBot.$anonfun:370:26 - Obtained 1247179 formal equations
2020.12.18 01:33:37:277 [INFO ] provingground.learning.TypedPostResponse.Callback.$anonfun.applyOrElse:200:33 - completed callback 'update terms' for type TypeTag[provingground.learning.HoTTMessages.FinalState] with input hash -1748536275
2020.12.18 01:34:30:725 [INFO ] provingground.learning.HoTTBot.$anonfun:269:30 - avoiding 242 types as tautologies and generators.
2020.12.18 01:35:33:707 [INFO ] provingground.learning.ErasablePostBuffer.$anon.post:115:22 - Post; tag: TypeTag[provingground.learning.HoTTMessages.Lemmas], id: (47,-758881923), hash : -758881923
2020.12.18 01:35:33:717 [INFO ] provingground.learning.TypedPostResponse.MicroBot.$anonfun.applyOrElse:251:26 - completed response 'final state to filtered lemmas' of type TypeTag[provingground.learning.HoTTMessages.Lemmas] to posts of type TypeTag[provingground.learning.HoTTMessages.FinalState] with input hash -1748536275
2020.12.18 01:35:33:731 [INFO ] provingground.learning.TypedPostResponse.MicroBot.post:237:18 - triggered response 'd21ed9d9' of type TypeTag[(provingground.learning.HoTTMessages.UsedLemmas :: provingground.learning.HoTTMessages.TangentLemmas :: shapeless.HNil) :: provingground.learning.HoTTMessages.BaseMixinLemmas :: shapeless.HNil] to post of type TypeTag[provingground.learning.HoTTMessages.Lemmas] with input hash -758881923
2020.12.18 01:35:35:050 [INFO ] provingground.learning.HoTTBot.$anonfun:1277:24 - excluded lemmas:

2020.12.18 01:35:40:726 [INFO ] provingground.learning.ErasablePostBuffer.$anon.post:115:22 - Post; tag: TypeTag[provingground.learning.HoTTMessages.UsedLemmas], id: (48,-399509102), hash : -399509102
2020.12.18 01:35:40:733 [INFO ] provingground.learning.ErasablePostBuffer.$anon.post:115:22 - Post; tag: TypeTag[provingground.learning.HoTTMessages.TangentLemmas], id: (49,-441592192), hash : -441592192
2020.12.18 01:35:40:744 [INFO ] provingground.learning.ErasablePostBuffer.$anon.post:115:22 - Post; tag: TypeTag[provingground.learning.HoTTMessages.BaseMixinLemmas], id: (50,965901132), hash : 965901132
2020.12.18 01:35:40:750 [INFO ] provingground.learning.TypedPostResponse.MicroBot.$anonfun.applyOrElse:251:26 - completed response 'd21ed9d9' of type TypeTag[(provingground.learning.HoTTMessages.UsedLemmas :: provingground.learning.HoTTMessages.TangentLemmas :: shapeless.HNil) :: provingground.learning.HoTTMessages.BaseMixinLemmas :: shapeless.HNil] to posts of type TypeTag[provingground.learning.HoTTMessages.Lemmas] with input hash -758881923
2020.12.18 01:35:40:759 [INFO ] provingground.learning.TypedPostResponse.DualMiniBotTask.post:487:20 - triggered (multiple) responses 'base state from special initial state' of type TypeTag[provingground.learning.HoTTMessages.TangentBaseState] to posts of type TypeTag[provingground.learning.HoTTMessages.BaseMixinLemmas] with input hash 965901132
2020.12.18 01:35:40:793 [INFO ] provingground.learning.TypedPostResponse.DualMiniBotTask.taskNest:493:32 - launching 1 branches
2020.12.18 01:35:40:793 [INFO ] provingground.learning.HoTTBot.$anonfun:1500:22 - previous special init states are 2
2020.12.18 01:35:40:795 [INFO ] provingground.learning.HoTTBot.baseStateTask:1343:16 - Computing base state
2020.12.18 01:35:40:797 [INFO ] provingground.learning.HoTTBot.baseStateTask:1343:16 - Computing base state
2020.12.18 01:35:40:797 [INFO ] provingground.learning.TypedPostResponse.DualMiniBotTask.$anonfun:498:36 - launching 2 responses  of type TypeTag[provingground.learning.HoTTMessages.TangentBaseState]  to posts of type TypeTag[provingground.learning.HoTTMessages.BaseMixinLemmas] in branch
2020.12.18 01:41:30:043 [INFO ] provingground.learning.HoTTBot.baseStateTask:1350:24 - Created vector of equations
2020.12.18 01:42:12:238 [INFO ] provingground.learning.HoTTBot.baseStateTask:1350:24 - Created vector of equations
