2021.02.26 10:57:03:164 [main      ] [INFO ] provingground.interface.CzSlRun.CzSlRun:27 - This is a Bot based run for the Czech-Slovak olympiand problem identified by Achal, who proved this with manual choice.
This problem involves showing the left and right identity coincide given a bunch of axioms. We can only use forward reasoning
since there are no models.

There is a little domain knowledge in the tuning, with tautologies specified (to not be used as lemmas) 
and "base states" given based on what is used together. But this is largely a robust choice of parameters.
Much of the work has been in ensuring that all the hot code is parallelized.

2021.02.26 10:57:03:211 [main      ] [INFO ] provingground.interface.CzSlRun.CzSlRun:40 - JAVA_OPTS: -Xms2G -Xmx40G -Xss6M -XX:+UnlockDiagnosticVMOptions -XX:+DebugNonSafepoints
2021.02.26 10:57:03:212 [main      ] [INFO ] provingground.interface.CzSlRun.CzSlRun:42 - JAVA_HOME: /usr/lib/jvm/java-8-oracle
2021.02.26 10:57:04:470 [scala-e...] [INFO ] provingground.learning.PostResponse.act:691 - apex posts Vector((3,-555667942))
2021.02.26 10:57:04:472 [scala-e...] [INFO ] provingground.learning.PostResponse.act:697 - acting on post (3,-555667942) with hash -555667942
2021.02.26 10:58:12:863 [scala-e...] [INFO ] provingground.learning.PostResponse.act:691 - apex posts Vector((4,1533970434))
2021.02.26 10:58:12:864 [scala-e...] [INFO ] provingground.learning.PostResponse.act:697 - acting on post (4,1533970434) with hash 1533970434
2021.02.26 10:58:16:188 [scala-e...] [INFO ] provingground.learning.PostResponse.act:691 - apex posts Vector((4,1533970434))
2021.02.26 10:58:16:189 [scala-e...] [INFO ] provingground.learning.PostResponse.act:697 - acting on post (4,1533970434) with hash 1533970434
2021.02.26 10:58:21:379 [scala-e...] [INFO ] provingground.learning.PostResponse.act:691 - apex posts Vector((5,2055745308))
2021.02.26 10:58:21:380 [scala-e...] [INFO ] provingground.learning.PostResponse.act:697 - acting on post (5,2055745308) with hash 2055745308
2021.02.26 10:58:23:956 [scala-e...] [INFO ] provingground.learning.PostResponse.act:691 - apex posts Vector((6,1902274681))
2021.02.26 10:58:23:958 [scala-e...] [INFO ] provingground.learning.PostResponse.act:697 - acting on post (6,1902274681) with hash 1902274681
2021.02.26 10:58:24:001 [scala-e...] [INFO ] provingground.learning.PostResponse.act:691 - apex posts Vector((9,-1327176559))
2021.02.26 10:58:24:001 [scala-e...] [INFO ] provingground.learning.PostResponse.act:697 - acting on post (9,-1327176559) with hash -1327176559
2021.02.26 10:58:43:487 [scala-e...] [INFO ] provingground.learning.HoTTBot.response:466 - Results: 5
Lemma: ((eqM) (((mul) (((mul) (m)) (n))) (n))) (m); best proof: ((ass1) (m)) (n) with weight 4.49914668026228E-5; statement weight 1.5558054921411605E-5
Lemma: ((eqM) (((mul) (((mul) (m)) (n))) (((mul) (((mul) (m)) (n))) (n)))) (n); best proof: ((ass2) (((mul) (m)) (n))) (n) with weight 1.146098465950498E-4; statement weight 1.0248689160923824E-7
Lemma: ((eqM) (n)) (((mul) (((mul) (m)) (n))) (((mul) (((mul) (m)) (n))) (n))); best proof: (((sym) (((mul) (((mul) (m)) (n))) (((mul) (((mul) (m)) (n))) (n)))) (n)) (((ass2) (((mul) (m)) (n))) (n)) with weight 6.864397586591437E-6; statement weight 1.1105216691571512E-7
Lemma: ((eqM) (((mul) (((mul) (m)) (n))) (((mul) (((mul) (m)) (n))) (n)))) (((mul) (((mul) (m)) (n))) (m)); best proof: ((((left-multiply) (((mul) (m)) (n))) (((mul) (((mul) (m)) (n))) (n))) (m)) (((ass1) (m)) (n)) with weight 1.2696057169749566E-7; statement weight 7.315490687096211E-10
Lemma: ((eqM) (((mul) (((mul) (((mul) (m)) (n))) (m))) (m))) (((mul) (m)) (n)); best proof: ((ass1) (((mul) (m)) (n))) (m) with weight 1.146098465950498E-4; statement weight 6.196288150382438E-8
2021.02.26 10:58:46:662 [scala-e...] [INFO ] provingground.learning.HoTTBot.response:466 - Steps (in final state): 4
Lemma: (`a : M ) ~> ((`b : M ) ~> ((`c : M ) ~> ((((eqM) (`a)) (`b)) → ((((eqM) (`b)) (`c)) → (((eqM) (`a)) (`c)))))); best proof: trans with weight 0.058758778910143555; statement weight 7.485634800505823E-5
Lemma: (`$afm : M ) ~> ((((eqM) (((mul) (((mul) (m)) (n))) (((mul) (((mul) (m)) (n))) (n)))) (`$afm)) → (((eqM) (n)) (`$afm))); best proof: (`$ekrnse :  M) ↦ (((((trans) (n)) (((mul) (((mul) (m)) (n))) (((mul) (((mul) (m)) (n))) (n)))) (`$ekrnse)) ((((sym) (((mul) (((mul) (m)) (n))) (((mul) (((mul) (m)) (n))) (n)))) (n)) (((ass2) (((mul) (m)) (n))) (n)))) with weight 4.1113662094686444E-7; statement weight 2.3315738573709303E-8
Lemma: (`b : M ) ~> ((`c : M ) ~> ((((eqM) (`b)) (`c)) → (((eqM) (((mul) (((mul) (m)) (n))) (`b))) (((mul) (((mul) (m)) (n))) (`c))))); best proof: (left-multiply) (((mul) (m)) (n)) with weight 0.008965065663896793; statement weight 3.086288499779202E-9
Lemma: (`b : M ) ~> ((`c : M ) ~> ((((eqM) (`b)) (`c)) → (((eqM) (((mul) (`b)) (m))) (((mul) (`c)) (m))))); best proof: (right-multiply) (m) with weight 0.0035193292582361628; statement weight 8.376881626503368E-12
2021.02.26 11:00:09:698 [scala-e...] [INFO ] provingground.learning.HoTTBot.response:466 - Results: 6
Lemma: ((eqM) (((mul) (((mul) (m)) (n))) (n))) (m); best proof: ((ass1) (m)) (n) with weight 5.0463068224164024E-5; statement weight 1.3831776848662345E-5
Lemma: ((eqM) (((mul) (((mul) (m)) (n))) (((mul) (((mul) (m)) (n))) (n)))) (n); best proof: ((ass2) (((mul) (m)) (n))) (n) with weight 1.2556404118699643E-4; statement weight 9.723714883174609E-8
Lemma: ((eqM) (n)) (((mul) (((mul) (m)) (n))) (((mul) (((mul) (m)) (n))) (n))); best proof: (((sym) (((mul) (((mul) (m)) (n))) (((mul) (((mul) (m)) (n))) (n)))) (n)) (((ass2) (((mul) (m)) (n))) (n)) with weight 8.159240290314025E-6; statement weight 1.0558077066594217E-7
Lemma: ((eqM) (((mul) (((mul) (m)) (n))) (((mul) (((mul) (m)) (n))) (n)))) (((mul) (((mul) (m)) (n))) (m)); best proof: ((((left-multiply) (((mul) (m)) (n))) (((mul) (((mul) (m)) (n))) (n))) (m)) (((ass1) (m)) (n)) with weight 1.560338926964738E-7; statement weight 7.422314370475237E-10
Lemma: ((eqM) (((mul) (((mul) (((mul) (m)) (n))) (m))) (m))) (((mul) (m)) (n)); best proof: ((ass1) (((mul) (m)) (n))) (m) with weight 1.2556404118699643E-4; statement weight 5.786088238476784E-8
Lemma: ((eqM) (n)) (((mul) (((mul) (m)) (n))) (m)); best proof: (((((trans) (n)) (((mul) (((mul) (m)) (n))) (((mul) (((mul) (m)) (n))) (n)))) (((mul) (((mul) (m)) (n))) (m))) ((((sym) (((mul) (((mul) (m)) (n))) (((mul) (((mul) (m)) (n))) (n)))) (n)) (((ass2) (((mul) (m)) (n))) (n)))) (((((left-multiply) (((mul) (m)) (n))) (((mul) (((mul) (m)) (n))) (n))) (m)) (((ass1) (m)) (n))) with weight 2.7478094958554875E-14; statement weight 4.762580809972084E-5
2021.02.26 11:00:15:247 [scala-e...] [INFO ] provingground.learning.HoTTBot.response:466 - Steps (in final state): 4
Lemma: (`a : M ) ~> ((`b : M ) ~> ((`c : M ) ~> ((((eqM) (`a)) (`b)) → ((((eqM) (`b)) (`c)) → (((eqM) (`a)) (`c)))))); best proof: trans with weight 0.0575556814713191; statement weight 1.5198210812638084E-4
Lemma: (`$afm : M ) ~> ((((eqM) (((mul) (((mul) (m)) (n))) (((mul) (((mul) (m)) (n))) (n)))) (`$afm)) → (((eqM) (n)) (`$afm))); best proof: (`$ekrnse :  M) ↦ (((((trans) (n)) (((mul) (((mul) (m)) (n))) (((mul) (((mul) (m)) (n))) (n)))) (`$ekrnse)) ((((sym) (((mul) (((mul) (m)) (n))) (((mul) (((mul) (m)) (n))) (n)))) (n)) (((ass2) (((mul) (m)) (n))) (n)))) with weight 5.301950176708078E-7; statement weight 3.187120219650528E-8
Lemma: (`b : M ) ~> ((`c : M ) ~> ((((eqM) (`b)) (`c)) → (((eqM) (((mul) (((mul) (m)) (n))) (`b))) (((mul) (((mul) (m)) (n))) (`c))))); best proof: (left-multiply) (((mul) (m)) (n)) with weight 0.009306031079713905; statement weight 3.851266313776033E-9
Lemma: (`b : M ) ~> ((`c : M ) ~> ((((eqM) (`b)) (`c)) → (((eqM) (((mul) (`b)) (m))) (((mul) (`c)) (m))))); best proof: (right-multiply) (m) with weight 0.003740007223385089; statement weight 8.098214865340751E-12
2021.02.26 11:03:02:887 [scala-e...] [INFO ] provingground.learning.HoTTBot.response:466 - Results: 7
Lemma: ((eqM) (((mul) (((mul) (m)) (n))) (n))) (m); best proof: ((ass1) (m)) (n) with weight 5.4229966477486514E-5; statement weight 1.2523716394150123E-5
Lemma: ((eqM) (((mul) (((mul) (m)) (n))) (((mul) (((mul) (m)) (n))) (n)))) (n); best proof: ((ass2) (((mul) (m)) (n))) (n) with weight 1.32963998745173E-4; statement weight 9.18131558433245E-8
Lemma: ((eqM) (n)) (((mul) (((mul) (m)) (n))) (((mul) (((mul) (m)) (n))) (n))); best proof: (((sym) (((mul) (((mul) (m)) (n))) (((mul) (((mul) (m)) (n))) (n)))) (n)) (((ass2) (((mul) (m)) (n))) (n)) with weight 9.101604841704273E-6; statement weight 9.983153221537095E-8
Lemma: ((eqM) (((mul) (((mul) (m)) (n))) (((mul) (((mul) (m)) (n))) (n)))) (((mul) (((mul) (m)) (n))) (m)); best proof: ((((left-multiply) (((mul) (m)) (n))) (((mul) (((mul) (m)) (n))) (n))) (m)) (((ass1) (m)) (n)) with weight 1.7776952478394146E-7; statement weight 7.318800698189653E-10
Lemma: ((eqM) (((mul) (((mul) (((mul) (m)) (n))) (m))) (m))) (((mul) (m)) (n)); best proof: ((ass1) (((mul) (m)) (n))) (m) with weight 1.32963998745173E-4; statement weight 5.406792547375712E-8
Lemma: ((eqM) (n)) (((mul) (((mul) (m)) (n))) (m)); best proof: (((((trans) (n)) (((mul) (((mul) (m)) (n))) (((mul) (((mul) (m)) (n))) (n)))) (((mul) (((mul) (m)) (n))) (m))) ((((sym) (((mul) (((mul) (m)) (n))) (((mul) (((mul) (m)) (n))) (n)))) (n)) (((ass2) (((mul) (m)) (n))) (n)))) (((((left-multiply) (((mul) (m)) (n))) (((mul) (((mul) (m)) (n))) (n))) (m)) (((ass1) (m)) (n))) with weight 3.809239660764511E-14; statement weight 4.202553622516124E-5
Lemma: ((eqM) (((mul) (n)) (m))) (((mul) (((mul) (((mul) (m)) (n))) (m))) (m)); best proof: ((((right-multiply) (m)) (n)) (((mul) (((mul) (m)) (n))) (m))) ((((((trans) (n)) (((mul) (((mul) (m)) (n))) (((mul) (((mul) (m)) (n))) (n)))) (((mul) (((mul) (m)) (n))) (m))) ((((sym) (((mul) (((mul) (m)) (n))) (((mul) (((mul) (m)) (n))) (n)))) (n)) (((ass2) (((mul) (m)) (n))) (n)))) (((((left-multiply) (((mul) (m)) (n))) (((mul) (((mul) (m)) (n))) (n))) (m)) (((ass1) (m)) (n)))) with weight 5.190413530729077E-17; statement weight 4.6132707505179665E-10
2021.02.26 11:03:11:312 [scala-e...] [INFO ] provingground.learning.HoTTBot.response:466 - Steps (in final state): 4
Lemma: (`a : M ) ~> ((`b : M ) ~> ((`c : M ) ~> ((((eqM) (`a)) (`b)) → ((((eqM) (`b)) (`c)) → (((eqM) (`a)) (`c)))))); best proof: trans with weight 0.05676908896192907; statement weight 2.3039228035655568E-4
Lemma: (`$afm : M ) ~> ((((eqM) (((mul) (((mul) (m)) (n))) (((mul) (((mul) (m)) (n))) (n)))) (`$afm)) → (((eqM) (n)) (`$afm))); best proof: (`$ekrnse :  M) ↦ (((((trans) (n)) (((mul) (((mul) (m)) (n))) (((mul) (((mul) (m)) (n))) (n)))) (`$ekrnse)) ((((sym) (((mul) (((mul) (m)) (n))) (((mul) (((mul) (m)) (n))) (n)))) (n)) (((ass2) (((mul) (m)) (n))) (n)))) with weight 6.230236918552177E-7; statement weight 3.827798324997869E-8
Lemma: (`b : M ) ~> ((`c : M ) ~> ((((eqM) (`b)) (`c)) → (((eqM) (((mul) (((mul) (m)) (n))) (`b))) (((mul) (((mul) (m)) (n))) (`c))))); best proof: (left-multiply) (((mul) (m)) (n)) with weight 0.009527750425610463; statement weight 4.330019330309794E-9
Lemma: (`b : M ) ~> ((`c : M ) ~> ((((eqM) (`b)) (`c)) → (((eqM) (((mul) (`b)) (m))) (((mul) (`c)) (m))))); best proof: (right-multiply) (m) with weight 0.0038859298186933408; statement weight 7.706036410849843E-12
2021.02.26 11:07:24:488 [scala-e...] [INFO ] provingground.learning.HoTTBot.response:466 - Results: 7
Lemma: ((eqM) (((mul) (((mul) (m)) (n))) (n))) (m); best proof: ((ass1) (m)) (n) with weight 5.5520430476949284E-5; statement weight 1.206473116219337E-5
Lemma: ((eqM) (((mul) (((mul) (m)) (n))) (((mul) (((mul) (m)) (n))) (n)))) (n); best proof: ((ass2) (((mul) (m)) (n))) (n) with weight 1.3547102565618526E-4; statement weight 8.967712076819865E-8
Lemma: ((eqM) (n)) (((mul) (((mul) (m)) (n))) (((mul) (((mul) (m)) (n))) (n))); best proof: (((sym) (((mul) (((mul) (m)) (n))) (((mul) (((mul) (m)) (n))) (n)))) (n)) (((ass2) (((mul) (m)) (n))) (n)) with weight 9.434232103520026E-6; statement weight 9.75553538810886E-8
Lemma: ((eqM) (((mul) (((mul) (m)) (n))) (((mul) (((mul) (m)) (n))) (n)))) (((mul) (((mul) (m)) (n))) (m)); best proof: ((((left-multiply) (((mul) (m)) (n))) (((mul) (((mul) (m)) (n))) (n))) (m)) (((ass1) (m)) (n)) with weight 1.85533180324373E-7; statement weight 7.251294579473346E-10
Lemma: ((eqM) (((mul) (((mul) (((mul) (m)) (n))) (m))) (m))) (((mul) (m)) (n)); best proof: ((ass1) (((mul) (m)) (n))) (m) with weight 1.3547102565618526E-4; statement weight 5.262697228090525E-8
Lemma: ((eqM) (n)) (((mul) (((mul) (m)) (n))) (m)); best proof: (((((trans) (n)) (((mul) (((mul) (m)) (n))) (((mul) (((mul) (m)) (n))) (n)))) (((mul) (((mul) (m)) (n))) (m))) ((((sym) (((mul) (((mul) (m)) (n))) (((mul) (((mul) (m)) (n))) (n)))) (n)) (((ass2) (((mul) (m)) (n))) (n)))) (((((left-multiply) (((mul) (m)) (n))) (((mul) (((mul) (m)) (n))) (n))) (m)) (((ass1) (m)) (n))) with weight 4.240925889391582E-14; statement weight 4.014681204556968E-5
Lemma: ((eqM) (((mul) (n)) (m))) (((mul) (((mul) (((mul) (m)) (n))) (m))) (m)); best proof: ((((right-multiply) (m)) (n)) (((mul) (((mul) (m)) (n))) (m))) ((((((trans) (n)) (((mul) (((mul) (m)) (n))) (((mul) (((mul) (m)) (n))) (n)))) (((mul) (((mul) (m)) (n))) (m))) ((((sym) (((mul) (((mul) (m)) (n))) (((mul) (((mul) (m)) (n))) (n)))) (n)) (((ass2) (((mul) (m)) (n))) (n)))) (((((left-multiply) (((mul) (m)) (n))) (((mul) (((mul) (m)) (n))) (n))) (m)) (((ass1) (m)) (n)))) with weight 5.920122695163012E-17; statement weight 4.556012226022397E-10
2021.02.26 11:07:45:990 [scala-e...] [INFO ] provingground.learning.HoTTBot.response:466 - Steps (in final state): 5
Lemma: (`a : M ) ~> ((`b : M ) ~> ((`c : M ) ~> ((((eqM) (`a)) (`b)) → ((((eqM) (`b)) (`c)) → (((eqM) (`a)) (`c)))))); best proof: trans with weight 0.05650566559000802; statement weight 2.630264021120022E-4
Lemma: (`$afm : M ) ~> ((((eqM) (((mul) (((mul) (m)) (n))) (((mul) (((mul) (m)) (n))) (n)))) (`$afm)) → (((eqM) (n)) (`$afm))); best proof: (`$ekrnse :  M) ↦ (((((trans) (n)) (((mul) (((mul) (m)) (n))) (((mul) (((mul) (m)) (n))) (n)))) (`$ekrnse)) ((((sym) (((mul) (((mul) (m)) (n))) (((mul) (((mul) (m)) (n))) (n)))) (n)) (((ass2) (((mul) (m)) (n))) (n)))) with weight 6.570062026229327E-7; statement weight 4.0541049538469384E-8
Lemma: (`b : M ) ~> ((`c : M ) ~> ((((eqM) (`b)) (`c)) → (((eqM) (((mul) (((mul) (m)) (n))) (`b))) (((mul) (((mul) (m)) (n))) (`c))))); best proof: (left-multiply) (((mul) (m)) (n)) with weight 0.009601643766868765; statement weight 4.482321028460468E-9
Lemma: (`b : M ) ~> ((`c : M ) ~> ((((eqM) (`b)) (`c)) → (((eqM) (((mul) (`b)) (m))) (((mul) (`c)) (m))))); best proof: (right-multiply) (m) with weight 0.00393506011122014; statement weight 7.5461782522927E-12
Lemma: (`$dkp : M ) ~> ((((eqM) (((mul) (((mul) (((mul) (m)) (n))) (m))) (m))) (`$dkp)) → (((eqM) (((mul) (n)) (m))) (`$dkp))); best proof: (`$bidxmsj :  M) ↦ (((((trans) (((mul) (n)) (m))) (((mul) (((mul) (((mul) (m)) (n))) (m))) (m))) (`$bidxmsj)) (((((right-multiply) (m)) (n)) (((mul) (((mul) (m)) (n))) (m))) ((((((trans) (n)) (((mul) (((mul) (m)) (n))) (((mul) (((mul) (m)) (n))) (n)))) (((mul) (((mul) (m)) (n))) (m))) ((((sym) (((mul) (((mul) (m)) (n))) (((mul) (((mul) (m)) (n))) (n)))) (n)) (((ass2) (((mul) (m)) (n))) (n)))) (((((left-multiply) (((mul) (m)) (n))) (((mul) (((mul) (m)) (n))) (n))) (m)) (((ass1) (m)) (n)))))) with weight 4.122742624157184E-18; statement weight 2.117682578815989E-10
2021.02.26 12:02:19:121 [main      ] [INFO ] provingground.interface.CzSlRun.CzSlRun:27 - This is a Bot based run for the Czech-Slovak olympiand problem identified by Achal, who proved this with manual choice.
This problem involves showing the left and right identity coincide given a bunch of axioms. We can only use forward reasoning
since there are no models.

There is a little domain knowledge in the tuning, with tautologies specified (to not be used as lemmas) 
and "base states" given based on what is used together. But this is largely a robust choice of parameters.
Much of the work has been in ensuring that all the hot code is parallelized.

2021.02.26 12:02:19:173 [main      ] [INFO ] provingground.interface.CzSlRun.CzSlRun:40 - JAVA_OPTS: -Xms2G -Xmx40G -Xss6M -XX:+UnlockDiagnosticVMOptions -XX:+DebugNonSafepoints
2021.02.26 12:02:19:175 [main      ] [INFO ] provingground.interface.CzSlRun.CzSlRun:42 - JAVA_HOME: /usr/lib/jvm/java-8-oracle
2021.02.26 12:02:20:437 [scala-e...] [INFO ] provingground.learning.PostResponse.act:691 - apex posts Vector((3,-555667942))
2021.02.26 12:02:20:439 [scala-e...] [INFO ] provingground.learning.PostResponse.act:697 - acting on post (3,-555667942) with hash -555667942
2021.02.26 12:03:28:157 [scala-e...] [INFO ] provingground.learning.PostResponse.act:691 - apex posts Vector((4,161737311))
2021.02.26 12:03:28:158 [scala-e...] [INFO ] provingground.learning.PostResponse.act:697 - acting on post (4,161737311) with hash 161737311
2021.02.26 12:03:31:403 [scala-e...] [INFO ] provingground.learning.PostResponse.act:691 - apex posts Vector((4,161737311))
2021.02.26 12:03:31:403 [scala-e...] [INFO ] provingground.learning.PostResponse.act:697 - acting on post (4,161737311) with hash 161737311
2021.02.26 12:03:36:805 [scala-e...] [INFO ] provingground.learning.PostResponse.act:691 - apex posts Vector((5,-1232962483))
2021.02.26 12:03:36:805 [scala-e...] [INFO ] provingground.learning.PostResponse.act:697 - acting on post (5,-1232962483) with hash -1232962483
2021.02.26 12:03:39:539 [scala-e...] [INFO ] provingground.learning.PostResponse.act:691 - apex posts Vector((6,1791444463))
2021.02.26 12:03:39:540 [scala-e...] [INFO ] provingground.learning.PostResponse.act:697 - acting on post (6,1791444463) with hash 1791444463
2021.02.26 12:03:39:583 [scala-e...] [INFO ] provingground.learning.PostResponse.act:691 - apex posts Vector((9,265733173))
2021.02.26 12:03:39:584 [scala-e...] [INFO ] provingground.learning.PostResponse.act:697 - acting on post (9,265733173) with hash 265733173
2021.02.26 12:03:59:248 [scala-e...] [INFO ] provingground.learning.HoTTBot.response:466 - Results: 5
Lemma: ((eqM) (((mul) (((mul) (m)) (n))) (n))) (m); best proof: ((ass1) (m)) (n) with weight 4.4991466802622784E-5; statement weight 1.5558054921411605E-5
Lemma: ((eqM) (((mul) (((mul) (m)) (n))) (((mul) (((mul) (m)) (n))) (n)))) (n); best proof: ((ass2) (((mul) (m)) (n))) (n) with weight 1.1460984659504976E-4; statement weight 1.0248689160923819E-7
Lemma: ((eqM) (n)) (((mul) (((mul) (m)) (n))) (((mul) (((mul) (m)) (n))) (n))); best proof: (((sym) (((mul) (((mul) (m)) (n))) (((mul) (((mul) (m)) (n))) (n)))) (n)) (((ass2) (((mul) (m)) (n))) (n)) with weight 6.864397586591435E-6; statement weight 1.1105216691571509E-7
Lemma: ((eqM) (((mul) (((mul) (m)) (n))) (((mul) (((mul) (m)) (n))) (n)))) (((mul) (((mul) (m)) (n))) (m)); best proof: ((((left-multiply) (((mul) (m)) (n))) (((mul) (((mul) (m)) (n))) (n))) (m)) (((ass1) (m)) (n)) with weight 1.2696057169749566E-7; statement weight 7.31549068709621E-10
Lemma: ((eqM) (((mul) (((mul) (((mul) (m)) (n))) (m))) (m))) (((mul) (m)) (n)); best proof: ((ass1) (((mul) (m)) (n))) (m) with weight 1.1460984659504976E-4; statement weight 6.196288150382433E-8
2021.02.26 12:04:02:485 [scala-e...] [INFO ] provingground.learning.HoTTBot.response:466 - Steps (in final state): 4
Lemma: (`a : M ) ~> ((`b : M ) ~> ((`c : M ) ~> ((((eqM) (`a)) (`b)) → ((((eqM) (`b)) (`c)) → (((eqM) (`a)) (`c)))))); best proof: trans with weight 0.05875877891014358; statement weight 7.485634800505827E-5
Lemma: (`$afm : M ) ~> ((((eqM) (((mul) (((mul) (m)) (n))) (((mul) (((mul) (m)) (n))) (n)))) (`$afm)) → (((eqM) (n)) (`$afm))); best proof: (`$ekimnx :  M) ↦ (((((trans) (n)) (((mul) (((mul) (m)) (n))) (((mul) (((mul) (m)) (n))) (n)))) (`$ekimnx)) ((((sym) (((mul) (((mul) (m)) (n))) (((mul) (((mul) (m)) (n))) (n)))) (n)) (((ass2) (((mul) (m)) (n))) (n)))) with weight 4.111366209468646E-7; statement weight 2.33157385737093E-8
Lemma: (`b : M ) ~> ((`c : M ) ~> ((((eqM) (`b)) (`c)) → (((eqM) (((mul) (((mul) (m)) (n))) (`b))) (((mul) (((mul) (m)) (n))) (`c))))); best proof: (left-multiply) (((mul) (m)) (n)) with weight 0.008965065663896793; statement weight 3.0862884997792015E-9
Lemma: (`b : M ) ~> ((`c : M ) ~> ((((eqM) (`b)) (`c)) → (((eqM) (((mul) (`b)) (m))) (((mul) (`c)) (m))))); best proof: (right-multiply) (m) with weight 0.0035193292582361623; statement weight 8.376881626503365E-12
2021.02.26 12:05:33:917 [scala-e...] [INFO ] provingground.learning.HoTTBot.response:466 - Results: 6
Lemma: ((eqM) (((mul) (((mul) (m)) (n))) (n))) (m); best proof: ((ass1) (m)) (n) with weight 5.046306822416406E-5; statement weight 1.3831776848662332E-5
Lemma: ((eqM) (((mul) (((mul) (m)) (n))) (((mul) (((mul) (m)) (n))) (n)))) (n); best proof: ((ass2) (((mul) (m)) (n))) (n) with weight 1.2556404118699651E-4; statement weight 9.723714883174607E-8
Lemma: ((eqM) (n)) (((mul) (((mul) (m)) (n))) (((mul) (((mul) (m)) (n))) (n))); best proof: (((sym) (((mul) (((mul) (m)) (n))) (((mul) (((mul) (m)) (n))) (n)))) (n)) (((ass2) (((mul) (m)) (n))) (n)) with weight 8.159240290314035E-6; statement weight 1.0558077066594214E-7
Lemma: ((eqM) (((mul) (((mul) (m)) (n))) (((mul) (((mul) (m)) (n))) (n)))) (((mul) (((mul) (m)) (n))) (m)); best proof: ((((left-multiply) (((mul) (m)) (n))) (((mul) (((mul) (m)) (n))) (n))) (m)) (((ass1) (m)) (n)) with weight 1.5603389269647412E-7; statement weight 7.422314370475248E-10
Lemma: ((eqM) (((mul) (((mul) (((mul) (m)) (n))) (m))) (m))) (((mul) (m)) (n)); best proof: ((ass1) (((mul) (m)) (n))) (m) with weight 1.2556404118699651E-4; statement weight 5.786088238476779E-8
Lemma: ((eqM) (n)) (((mul) (((mul) (m)) (n))) (m)); best proof: (((((trans) (n)) (((mul) (((mul) (m)) (n))) (((mul) (((mul) (m)) (n))) (n)))) (((mul) (((mul) (m)) (n))) (m))) ((((sym) (((mul) (((mul) (m)) (n))) (((mul) (((mul) (m)) (n))) (n)))) (n)) (((ass2) (((mul) (m)) (n))) (n)))) (((((left-multiply) (((mul) (m)) (n))) (((mul) (((mul) (m)) (n))) (n))) (m)) (((ass1) (m)) (n))) with weight 2.7478094958554973E-14; statement weight 4.7625808099720846E-5
2021.02.26 12:05:39:450 [scala-e...] [INFO ] provingground.learning.HoTTBot.response:466 - Steps (in final state): 4
Lemma: (`a : M ) ~> ((`b : M ) ~> ((`c : M ) ~> ((((eqM) (`a)) (`b)) → ((((eqM) (`b)) (`c)) → (((eqM) (`a)) (`c)))))); best proof: trans with weight 0.057555681471319134; statement weight 1.5198210812638146E-4
Lemma: (`$afm : M ) ~> ((((eqM) (((mul) (((mul) (m)) (n))) (((mul) (((mul) (m)) (n))) (n)))) (`$afm)) → (((eqM) (n)) (`$afm))); best proof: (`$ekimnx :  M) ↦ (((((trans) (n)) (((mul) (((mul) (m)) (n))) (((mul) (((mul) (m)) (n))) (n)))) (`$ekimnx)) ((((sym) (((mul) (((mul) (m)) (n))) (((mul) (((mul) (m)) (n))) (n)))) (n)) (((ass2) (((mul) (m)) (n))) (n)))) with weight 5.301950176708092E-7; statement weight 3.187120219650536E-8
Lemma: (`b : M ) ~> ((`c : M ) ~> ((((eqM) (`b)) (`c)) → (((eqM) (((mul) (((mul) (m)) (n))) (`b))) (((mul) (((mul) (m)) (n))) (`c))))); best proof: (left-multiply) (((mul) (m)) (n)) with weight 0.009306031079713898; statement weight 3.851266313776048E-9
Lemma: (`b : M ) ~> ((`c : M ) ~> ((((eqM) (`b)) (`c)) → (((eqM) (((mul) (`b)) (m))) (((mul) (`c)) (m))))); best proof: (right-multiply) (m) with weight 0.0037400072233850857; statement weight 8.098214865340772E-12
2021.02.26 12:09:02:464 [scala-e...] [INFO ] provingground.learning.HoTTBot.response:466 - Results: 7
Lemma: ((eqM) (((mul) (((mul) (m)) (n))) (n))) (m); best proof: ((ass1) (m)) (n) with weight 5.422996647748648E-5; statement weight 1.2523716394150128E-5
Lemma: ((eqM) (((mul) (((mul) (m)) (n))) (((mul) (((mul) (m)) (n))) (n)))) (n); best proof: ((ass2) (((mul) (m)) (n))) (n) with weight 1.3296399874517293E-4; statement weight 9.18131558433245E-8
Lemma: ((eqM) (n)) (((mul) (((mul) (m)) (n))) (((mul) (((mul) (m)) (n))) (n))); best proof: (((sym) (((mul) (((mul) (m)) (n))) (((mul) (((mul) (m)) (n))) (n)))) (n)) (((ass2) (((mul) (m)) (n))) (n)) with weight 9.101604841704268E-6; statement weight 9.98315322153709E-8
Lemma: ((eqM) (((mul) (((mul) (m)) (n))) (((mul) (((mul) (m)) (n))) (n)))) (((mul) (((mul) (m)) (n))) (m)); best proof: ((((left-multiply) (((mul) (m)) (n))) (((mul) (((mul) (m)) (n))) (n))) (m)) (((ass1) (m)) (n)) with weight 1.777695247839413E-7; statement weight 7.318800698189646E-10
Lemma: ((eqM) (((mul) (((mul) (((mul) (m)) (n))) (m))) (m))) (((mul) (m)) (n)); best proof: ((ass1) (((mul) (m)) (n))) (m) with weight 1.3296399874517293E-4; statement weight 5.4067925473757145E-8
Lemma: ((eqM) (n)) (((mul) (((mul) (m)) (n))) (m)); best proof: (((((trans) (n)) (((mul) (((mul) (m)) (n))) (((mul) (((mul) (m)) (n))) (n)))) (((mul) (((mul) (m)) (n))) (m))) ((((sym) (((mul) (((mul) (m)) (n))) (((mul) (((mul) (m)) (n))) (n)))) (n)) (((ass2) (((mul) (m)) (n))) (n)))) (((((left-multiply) (((mul) (m)) (n))) (((mul) (((mul) (m)) (n))) (n))) (m)) (((ass1) (m)) (n))) with weight 3.809239660764504E-14; statement weight 4.202553622516125E-5
Lemma: ((eqM) (((mul) (n)) (m))) (((mul) (((mul) (((mul) (m)) (n))) (m))) (m)); best proof: ((((right-multiply) (m)) (n)) (((mul) (((mul) (m)) (n))) (m))) ((((((trans) (n)) (((mul) (((mul) (m)) (n))) (((mul) (((mul) (m)) (n))) (n)))) (((mul) (((mul) (m)) (n))) (m))) ((((sym) (((mul) (((mul) (m)) (n))) (((mul) (((mul) (m)) (n))) (n)))) (n)) (((ass2) (((mul) (m)) (n))) (n)))) (((((left-multiply) (((mul) (m)) (n))) (((mul) (((mul) (m)) (n))) (n))) (m)) (((ass1) (m)) (n)))) with weight 5.1904135307290644E-17; statement weight 4.6132707505179634E-10
2021.02.26 12:09:11:012 [scala-e...] [INFO ] provingground.learning.HoTTBot.response:466 - Steps (in final state): 4
Lemma: (`a : M ) ~> ((`b : M ) ~> ((`c : M ) ~> ((((eqM) (`a)) (`b)) → ((((eqM) (`b)) (`c)) → (((eqM) (`a)) (`c)))))); best proof: trans with weight 0.05676908896192911; statement weight 2.3039228035655522E-4
Lemma: (`$afm : M ) ~> ((((eqM) (((mul) (((mul) (m)) (n))) (((mul) (((mul) (m)) (n))) (n)))) (`$afm)) → (((eqM) (n)) (`$afm))); best proof: (`$ekimnx :  M) ↦ (((((trans) (n)) (((mul) (((mul) (m)) (n))) (((mul) (((mul) (m)) (n))) (n)))) (`$ekimnx)) ((((sym) (((mul) (((mul) (m)) (n))) (((mul) (((mul) (m)) (n))) (n)))) (n)) (((ass2) (((mul) (m)) (n))) (n)))) with weight 6.230236918552171E-7; statement weight 3.827798324997864E-8
Lemma: (`b : M ) ~> ((`c : M ) ~> ((((eqM) (`b)) (`c)) → (((eqM) (((mul) (((mul) (m)) (n))) (`b))) (((mul) (((mul) (m)) (n))) (`c))))); best proof: (left-multiply) (((mul) (m)) (n)) with weight 0.009527750425610463; statement weight 4.330019330309781E-9
Lemma: (`b : M ) ~> ((`c : M ) ~> ((((eqM) (`b)) (`c)) → (((eqM) (((mul) (`b)) (m))) (((mul) (`c)) (m))))); best proof: (right-multiply) (m) with weight 0.0038859298186933416; statement weight 7.70603641084982E-12
2021.02.26 12:14:47:298 [scala-e...] [INFO ] provingground.learning.HoTTBot.response:466 - Results: 7
Lemma: ((eqM) (((mul) (((mul) (m)) (n))) (n))) (m); best proof: ((ass1) (m)) (n) with weight 5.552043047694922E-5; statement weight 1.2064731162193363E-5
Lemma: ((eqM) (((mul) (((mul) (m)) (n))) (((mul) (((mul) (m)) (n))) (n)))) (n); best proof: ((ass2) (((mul) (m)) (n))) (n) with weight 1.3547102565618504E-4; statement weight 8.967712076819857E-8
Lemma: ((eqM) (n)) (((mul) (((mul) (m)) (n))) (((mul) (((mul) (m)) (n))) (n))); best proof: (((sym) (((mul) (((mul) (m)) (n))) (((mul) (((mul) (m)) (n))) (n)))) (n)) (((ass2) (((mul) (m)) (n))) (n)) with weight 9.434232103520014E-6; statement weight 9.755535388108853E-8
Lemma: ((eqM) (((mul) (((mul) (m)) (n))) (((mul) (((mul) (m)) (n))) (n)))) (((mul) (((mul) (m)) (n))) (m)); best proof: ((((left-multiply) (((mul) (m)) (n))) (((mul) (((mul) (m)) (n))) (n))) (m)) (((ass1) (m)) (n)) with weight 1.855331803243728E-7; statement weight 7.251294579473342E-10
Lemma: ((eqM) (((mul) (((mul) (((mul) (m)) (n))) (m))) (m))) (((mul) (m)) (n)); best proof: ((ass1) (((mul) (m)) (n))) (m) with weight 1.3547102565618504E-4; statement weight 5.262697228090524E-8
Lemma: ((eqM) (n)) (((mul) (((mul) (m)) (n))) (m)); best proof: (((((trans) (n)) (((mul) (((mul) (m)) (n))) (((mul) (((mul) (m)) (n))) (n)))) (((mul) (((mul) (m)) (n))) (m))) ((((sym) (((mul) (((mul) (m)) (n))) (((mul) (((mul) (m)) (n))) (n)))) (n)) (((ass2) (((mul) (m)) (n))) (n)))) (((((left-multiply) (((mul) (m)) (n))) (((mul) (((mul) (m)) (n))) (n))) (m)) (((ass1) (m)) (n))) with weight 4.2409258893915803E-14; statement weight 4.0146812045569674E-5
Lemma: ((eqM) (((mul) (n)) (m))) (((mul) (((mul) (((mul) (m)) (n))) (m))) (m)); best proof: ((((right-multiply) (m)) (n)) (((mul) (((mul) (m)) (n))) (m))) ((((((trans) (n)) (((mul) (((mul) (m)) (n))) (((mul) (((mul) (m)) (n))) (n)))) (((mul) (((mul) (m)) (n))) (m))) ((((sym) (((mul) (((mul) (m)) (n))) (((mul) (((mul) (m)) (n))) (n)))) (n)) (((ass2) (((mul) (m)) (n))) (n)))) (((((left-multiply) (((mul) (m)) (n))) (((mul) (((mul) (m)) (n))) (n))) (m)) (((ass1) (m)) (n)))) with weight 5.920122695163012E-17; statement weight 4.556012226022394E-10
2021.02.26 12:15:09:028 [scala-e...] [INFO ] provingground.learning.HoTTBot.response:466 - Steps (in final state): 5
Lemma: (`a : M ) ~> ((`b : M ) ~> ((`c : M ) ~> ((((eqM) (`a)) (`b)) → ((((eqM) (`b)) (`c)) → (((eqM) (`a)) (`c)))))); best proof: trans with weight 0.056505665590008004; statement weight 2.6302640211200274E-4
Lemma: (`$afm : M ) ~> ((((eqM) (((mul) (((mul) (m)) (n))) (((mul) (((mul) (m)) (n))) (n)))) (`$afm)) → (((eqM) (n)) (`$afm))); best proof: (`$ekimnx :  M) ↦ (((((trans) (n)) (((mul) (((mul) (m)) (n))) (((mul) (((mul) (m)) (n))) (n)))) (`$ekimnx)) ((((sym) (((mul) (((mul) (m)) (n))) (((mul) (((mul) (m)) (n))) (n)))) (n)) (((ass2) (((mul) (m)) (n))) (n)))) with weight 6.570062026229319E-7; statement weight 4.054104953846937E-8
Lemma: (`b : M ) ~> ((`c : M ) ~> ((((eqM) (`b)) (`c)) → (((eqM) (((mul) (((mul) (m)) (n))) (`b))) (((mul) (((mul) (m)) (n))) (`c))))); best proof: (left-multiply) (((mul) (m)) (n)) with weight 0.009601643766868754; statement weight 4.48232102846047E-9
Lemma: (`b : M ) ~> ((`c : M ) ~> ((((eqM) (`b)) (`c)) → (((eqM) (((mul) (`b)) (m))) (((mul) (`c)) (m))))); best proof: (right-multiply) (m) with weight 0.003935060111220136; statement weight 7.546178252292705E-12
Lemma: (`$dkp : M ) ~> ((((eqM) (((mul) (((mul) (((mul) (m)) (n))) (m))) (m))) (`$dkp)) → (((eqM) (((mul) (n)) (m))) (`$dkp))); best proof: (`$ccyzdjz :  M) ↦ (((((trans) (((mul) (n)) (m))) (((mul) (((mul) (((mul) (m)) (n))) (m))) (m))) (`$ccyzdjz)) (((((right-multiply) (m)) (n)) (((mul) (((mul) (m)) (n))) (m))) ((((((trans) (n)) (((mul) (((mul) (m)) (n))) (((mul) (((mul) (m)) (n))) (n)))) (((mul) (((mul) (m)) (n))) (m))) ((((sym) (((mul) (((mul) (m)) (n))) (((mul) (((mul) (m)) (n))) (n)))) (n)) (((ass2) (((mul) (m)) (n))) (n)))) (((((left-multiply) (((mul) (m)) (n))) (((mul) (((mul) (m)) (n))) (n))) (m)) (((ass1) (m)) (n)))))) with weight 4.122742624157184E-18; statement weight 2.117682578815987E-10
