2020.12.29 12:12:20:332 [INFO ] provingground.interface.CzSlRun:22:14 - This is a Bot based run for the Czech-Slovak olympiand problem identified by Achal, who proved this with manual choice.
This problem involves showing the left and right identity coincide given a bunch of axioms. We can only use forward reasoning
since there are no models.

There is a little domain knowledge in the tuning, with tautologies specified (to not be used as lemmas) 
and "base states" given based on what is used together. But this is largely a robust choice of parameters.
Much of the work has been in ensuring that all the hot code is parallelized.

2020.12.29 12:12:20:683 [INFO ] provingground.interface.CzSlRun:31:14 - Number of threads: 8
2020.12.29 12:12:20:684 [INFO ] provingground.interface.CzSlRun.<local CzSlRun>:33:50 - JAVA_OPTS: -Xms2G -Xmx40G -Xss6M
2020.12.29 12:12:20:685 [INFO ] provingground.interface.CzSlRun.<local CzSlRun>:35:50 - JAVA_HOME: /usr/lib/jvm/java-8-oracle
2020.12.29 12:12:22:133 [INFO ] provingground.learning.PostBuffer.$anon.post:266:22 - Post; tag: TypeTag[provingground.learning.HoTTMessages.TautologyInitState], id: (1,920274034), content:
TautologyInitState(TermState([trans : 0.14285714285714285, refl : 0.14285714285714285, n : 0.14285714285714285, sym : 0.14285714285714285, mul : 0.14285714285714285, m : 0.14285714285714285, ((mul) (m)) (n) : 0.14285714285714285],[M : 1.0],Vector(),[],[],{})), hash: 920274034
2020.12.29 12:12:22:158 [INFO ] provingground.learning.PostBuffer.$anon.post:266:22 - Post; tag: TypeTag[provingground.learning.HoTTMessages.SpecialInitState], id: (2,1524053949), content:
SpecialInitState(TermState([trans : 0.9, sym : 0.1],[M : 1.0],Vector(),[],[],{}),0.001,0.5,0.05,Some(TermGenParams(0.0,0.4,0.0,0.0,0.0,0.0,0.0,0.0,0.0,0.0,0.0,0.0,0.0,0.3,0.7,0.5,0.0,0.0,0.0,<function1>)),Some(2)), hash: 1524053949
2020.12.29 12:12:22:160 [INFO ] provingground.learning.PostBuffer.$anon.post:266:22 - Post; tag: TypeTag[provingground.learning.HoTTMessages.SpecialInitState], id: (3,-376740879), content:
SpecialInitState(TermState([right-multiply : 0.2, m : 0.2, n : 0.2, left-multiply : 0.2, ((mul) (m)) (n) : 0.2],[M : 1.0],Vector(),[],[],{}),0.001,0.5,0.5,Some(TermGenParams(0.3,0.3,0.0,0.0,0.0,0.0,0.0,0.0,0.0,0.0,0.0,0.0,0.0,0.3,0.7,0.5,0.0,0.0,0.0,<function1>)),Some(2)), hash: -376740879
2020.12.29 12:12:22:161 [INFO ] provingground.learning.PostBuffer.$anon.post:266:22 - Post; tag: TypeTag[provingground.learning.LocalProver], id: (4,2129486793), content:
LocalProver(TermState([m : 0.08333333333333333, refl : 0.08333333333333333, mul : 0.08333333333333333, sym : 0.08333333333333333, left-multiply : 0.08333333333333333, right-multiply : 0.08333333333333333, ass2 : 0.08333333333333333, trans : 0.08333333333333333, n : 0.08333333333333333, ((mul) (m)) (n) : 0.08333333333333333, ass1 : 0.08333333333333333, eqM : 0.08333333333333333],[M : 1.0],Vector(),[],[((eqM) (((mul) (m)) (n))) (((mul) (n)) (m)) : 1.0],{}),TermGenParams(0.1,0.1,0.0,0.0,0.0,0.0,0.0,0.0,0.0,0.0,0.0,0.0,0.0,0.3,0.7,0.5,0.0,0.0,0.0,<function1>),1.0E-5,None,12 minutes,1.01,1.0,10000,10,1.0,1.0,None,false,false,0.5,1.0,Some(1800000)), hash: 2129486793
2020.12.29 12:12:22:166 [INFO ] provingground.learning.TypedPostResponse.MicroBot.post:241:18 - triggered response 'f6afd0c9' of type TypeTag[provingground.learning.ExpressionEval] to post of type TypeTag[provingground.learning.LocalProver] with input hash 2129486793
2020.12.29 12:12:45:476 [INFO ] provingground.learning.ErasablePostBuffer.$anon.post:115:22 - Post; tag: TypeTag[provingground.learning.ExpressionEval], id: (5,397870368), hash : 397870368
2020.12.29 12:12:45:479 [INFO ] provingground.learning.TypedPostResponse.MicroBot.$anonfun.applyOrElse:255:26 - completed response 'f6afd0c9' of type TypeTag[provingground.learning.ExpressionEval] to posts of type TypeTag[provingground.learning.LocalProver] with input hash 2129486793
2020.12.29 12:12:45:483 [INFO ] provingground.learning.TypedPostResponse.Callback.post:200:18 - triggered callback '3702a93d' for type TypeTag[provingground.learning.ExpressionEval] with input hash 397870368
2020.12.29 12:12:48:594 [INFO ] provingground.learning.TypedPostResponse.Callback.$anonfun.applyOrElse:204:33 - completed callback '3702a93d' for type TypeTag[provingground.learning.ExpressionEval] with input hash 397870368
2020.12.29 12:12:48:594 [INFO ] provingground.learning.TypedPostResponse.MicroBot.post:241:18 - triggered response '143b944f' of type TypeTag[provingground.learning.HoTTMessages.FinalState] to post of type TypeTag[provingground.learning.ExpressionEval] with input hash 397870368
2020.12.29 12:12:48:602 [INFO ] provingground.learning.HoTTBot.expEvToFinalState:567:26 - computing final state
2020.12.29 12:12:50:698 [INFO ] provingground.learning.ErasablePostBuffer.$anon.post:115:22 - Post; tag: TypeTag[provingground.learning.HoTTMessages.FinalState], id: (6,-1637922475), hash : -1637922475
2020.12.29 12:12:50:699 [INFO ] provingground.learning.TypedPostResponse.MicroBot.$anonfun.applyOrElse:255:26 - completed response '143b944f' of type TypeTag[provingground.learning.HoTTMessages.FinalState] to posts of type TypeTag[provingground.learning.ExpressionEval] with input hash 397870368
2020.12.29 12:12:50:700 [INFO ] provingground.learning.TypedPostResponse.Callback.post:200:18 - triggered callback 'update terms' for type TypeTag[provingground.learning.HoTTMessages.FinalState] with input hash -1637922475
2020.12.29 12:12:53:130 [INFO ] provingground.learning.HoTTBot.$anonfun:367:26 - Obtained 53918 formal equations
2020.12.29 12:12:53:628 [INFO ] provingground.learning.TypedPostResponse.Callback.$anonfun.applyOrElse:204:33 - completed callback 'update terms' for type TypeTag[provingground.learning.HoTTMessages.FinalState] with input hash -1637922475
2020.12.29 12:12:53:629 [INFO ] provingground.learning.TypedPostResponse.Callback.post:200:18 - triggered callback 'report proofs' for type TypeTag[provingground.learning.HoTTMessages.FinalState] with input hash -1637922475
2020.12.29 12:12:54:486 [INFO ] provingground.learning.HoTTBot.$anonfun:422:26 - Results: 5
Lemma: ((eqM) (((mul) (((mul) (m)) (n))) (n))) (m); best proof: ((ass1) (m)) (n) with weight 1.4831717340390871E-4; statement weight 1.137166179084718E-5
Lemma: ((eqM) (((mul) (((mul) (m)) (n))) (((mul) (((mul) (m)) (n))) (n)))) (n); best proof: ((ass2) (((mul) (m)) (n))) (n) with weight 1.4889003973613167E-4; statement weight 4.085309526415909E-8
Lemma: ((eqM) (n)) (((mul) (((mul) (m)) (n))) (((mul) (((mul) (m)) (n))) (n))); best proof: (((sym) (((mul) (((mul) (m)) (n))) (((mul) (((mul) (m)) (n))) (n)))) (n)) (((ass2) (((mul) (m)) (n))) (n)) with weight 1.3234713773884353E-6; statement weight 4.297002549306142E-8
Lemma: ((eqM) (((mul) (((mul) (m)) (n))) (((mul) (((mul) (m)) (n))) (n)))) (((mul) (((mul) (m)) (n))) (m)); best proof: ((((left-multiply) (((mul) (m)) (n))) (((mul) (((mul) (m)) (n))) (n))) (m)) (((ass1) (m)) (n)) with weight 7.344173277562803E-8; statement weight 1.4159951934031355E-10
Lemma: ((eqM) (((mul) (((mul) (((mul) (m)) (n))) (m))) (m))) (((mul) (m)) (n)); best proof: ((ass1) (((mul) (m)) (n))) (m) with weight 1.4889003973613167E-4; statement weight 3.167234989548854E-8
2020.12.29 12:12:54:490 [INFO ] provingground.learning.TypedPostResponse.Callback.$anonfun.applyOrElse:204:33 - completed callback 'report proofs' for type TypeTag[provingground.learning.HoTTMessages.FinalState] with input hash -1637922475
2020.12.29 12:12:54:492 [INFO ] provingground.learning.TypedPostResponse.MicroBot.post:241:18 - triggered response 'final state to filtered lemmas' of type TypeTag[provingground.learning.HoTTMessages.Lemmas] to post of type TypeTag[provingground.learning.HoTTMessages.FinalState] with input hash -1637922475
2020.12.29 12:12:56:924 [INFO ] provingground.learning.HoTTBot.$anonfun:265:30 - avoiding 242 types as tautologies and generators.
2020.12.29 12:12:57:107 [INFO ] provingground.learning.ErasablePostBuffer.$anon.post:115:22 - Post; tag: TypeTag[provingground.learning.HoTTMessages.Lemmas], id: (7,-419376823), hash : -419376823
2020.12.29 12:12:57:111 [INFO ] provingground.learning.TypedPostResponse.MicroBot.$anonfun.applyOrElse:255:26 - completed response 'final state to filtered lemmas' of type TypeTag[provingground.learning.HoTTMessages.Lemmas] to posts of type TypeTag[provingground.learning.HoTTMessages.FinalState] with input hash -1637922475
2020.12.29 12:12:57:112 [INFO ] provingground.learning.TypedPostResponse.MicroBot.post:241:18 - triggered response 'd05dfdfa' of type TypeTag[(provingground.learning.HoTTMessages.UsedLemmas :: provingground.learning.HoTTMessages.TangentLemmas :: shapeless.HNil) :: provingground.learning.HoTTMessages.BaseMixinLemmas :: shapeless.HNil] to post of type TypeTag[provingground.learning.HoTTMessages.Lemmas] with input hash -419376823
2020.12.29 12:12:57:147 [INFO ] provingground.learning.HoTTBot.$anonfun:1274:24 - excluded lemmas:

2020.12.29 12:12:57:167 [INFO ] provingground.learning.ErasablePostBuffer.$anon.post:115:22 - Post; tag: TypeTag[provingground.learning.HoTTMessages.UsedLemmas], id: (8,-879447936), hash : -879447936
2020.12.29 12:12:57:169 [INFO ] provingground.learning.ErasablePostBuffer.$anon.post:115:22 - Post; tag: TypeTag[provingground.learning.HoTTMessages.TangentLemmas], id: (9,-1277414351), hash : -1277414351
2020.12.29 12:12:57:170 [INFO ] provingground.learning.ErasablePostBuffer.$anon.post:115:22 - Post; tag: TypeTag[provingground.learning.HoTTMessages.BaseMixinLemmas], id: (10,1164858863), hash : 1164858863
2020.12.29 12:12:57:171 [INFO ] provingground.learning.TypedPostResponse.MicroBot.$anonfun.applyOrElse:255:26 - completed response 'd05dfdfa' of type TypeTag[(provingground.learning.HoTTMessages.UsedLemmas :: provingground.learning.HoTTMessages.TangentLemmas :: shapeless.HNil) :: provingground.learning.HoTTMessages.BaseMixinLemmas :: shapeless.HNil] to posts of type TypeTag[provingground.learning.HoTTMessages.Lemmas] with input hash -419376823
2020.12.29 12:12:57:174 [INFO ] provingground.learning.TypedPostResponse.DualMiniBotTask.post:491:20 - triggered (multiple) responses 'base state from special initial state' of type TypeTag[provingground.learning.HoTTMessages.TangentBaseState] to posts of type TypeTag[provingground.learning.HoTTMessages.BaseMixinLemmas] with input hash 1164858863
2020.12.29 12:12:57:184 [INFO ] provingground.learning.TypedPostResponse.DualMiniBotTask.taskNest:497:32 - launching 1 branches
2020.12.29 12:12:57:187 [INFO ] provingground.learning.HoTTBot.$anonfun:1499:22 - previous special init states are 2
2020.12.29 12:12:57:191 [INFO ] provingground.learning.HoTTBot.baseStateTask:1342:16 - Computing base state
2020.12.29 12:12:57:200 [INFO ] provingground.learning.HoTTBot.baseStateTask:1342:16 - Computing base state
2020.12.29 12:12:57:201 [INFO ] provingground.learning.TypedPostResponse.DualMiniBotTask.$anonfun:502:36 - launching 2 responses  of type TypeTag[provingground.learning.HoTTMessages.TangentBaseState]  to posts of type TypeTag[provingground.learning.HoTTMessages.BaseMixinLemmas] in branch
2020.12.29 12:12:57:839 [INFO ] provingground.learning.HoTTBot.baseStateTask:1349:24 - Created vector of equations
2020.12.29 12:12:57:856 [INFO ] provingground.learning.HoTTBot.baseStateTask:1349:24 - Created vector of equations
2020.12.29 12:13:00:441 [INFO ] provingground.learning.ErasablePostBuffer.$anon.post:115:22 - Post; tag: TypeTag[provingground.learning.HoTTMessages.TangentBaseState], id: (11,-499935799), hash : -499935799
2020.12.29 12:13:00:446 [INFO ] provingground.learning.TypedPostResponse.DualMiniBotTask.$anonfun:507:44 - remaining 1 responses of type TypeTag[provingground.learning.HoTTMessages.TangentBaseState] to posts of type TypeTag[provingground.learning.HoTTMessages.BaseMixinLemmas]
2020.12.29 12:13:00:477 [INFO ] provingground.learning.ErasablePostBuffer.$anon.post:115:22 - Post; tag: TypeTag[provingground.learning.HoTTMessages.TangentBaseState], id: (12,-1082257507), hash : -1082257507
2020.12.29 12:13:00:478 [INFO ] provingground.learning.TypedPostResponse.DualMiniBotTask.$anonfun:507:44 - remaining 0 responses of type TypeTag[provingground.learning.HoTTMessages.TangentBaseState] to posts of type TypeTag[provingground.learning.HoTTMessages.BaseMixinLemmas]
2020.12.29 12:13:00:479 [INFO ] provingground.learning.TypedPostResponse.DualMiniBotTask.taskNest:520:22 - completed (multiple) responses 'base state from special initial state' of type TypeTag[provingground.learning.HoTTMessages.TangentBaseState] to posts of type TypeTag[provingground.learning.HoTTMessages.BaseMixinLemmas] with input hash 1164858863
2020.12.29 12:13:00:481 [INFO ] provingground.learning.PostBuffer.$anon.post:266:22 - Post; tag: TypeTag[provingground.learning.HoTTMessages.TangentBaseCompleted.type], id: (13,-1666923435), content:
TangentBaseCompleted, hash: -1666923435
2020.12.29 12:13:00:486 [INFO ] provingground.learning.TypedPostResponse.MicroBot.post:241:18 - triggered response '8b6dd9cd' of type TypeTag[provingground.learning.HoTTMessages.GeneratedEquationNodes] to post of type TypeTag[provingground.learning.HoTTMessages.TangentBaseCompleted.type] with input hash -1666923435
2020.12.29 12:13:12:037 [INFO ] provingground.learning.ErasablePostBuffer.$anon.post:115:22 - Post; tag: TypeTag[provingground.learning.HoTTMessages.GeneratedEquationNodes], id: (14,-671408847), hash : -671408847
2020.12.29 12:13:12:041 [INFO ] provingground.learning.TypedPostResponse.MicroBot.$anonfun.applyOrElse:255:26 - completed response '8b6dd9cd' of type TypeTag[provingground.learning.HoTTMessages.GeneratedEquationNodes] to posts of type TypeTag[provingground.learning.HoTTMessages.TangentBaseCompleted.type] with input hash -1666923435
2020.12.29 12:13:12:043 [INFO ] provingground.learning.TypedPostResponse.MicroBot.post:241:18 - triggered response '865e974' of type TypeTag[provingground.learning.ExpressionEval] to post of type TypeTag[provingground.learning.HoTTMessages.GeneratedEquationNodes] with input hash -671408847
2020.12.29 12:13:12:049 [INFO ] provingground.learning.TypedPostResponse.Callback.post:200:18 - triggered callback 'update equations' for type TypeTag[provingground.learning.HoTTMessages.GeneratedEquationNodes] with input hash -671408847
2020.12.29 12:13:12:163 [INFO ] provingground.learning.TypedPostResponse.Callback.$anonfun.applyOrElse:204:33 - completed callback 'update equations' for type TypeTag[provingground.learning.HoTTMessages.GeneratedEquationNodes] with input hash -671408847
2020.12.29 12:13:14:311 [INFO ] provingground.learning.ErasablePostBuffer.$anon.post:115:22 - Post; tag: TypeTag[provingground.learning.ExpressionEval], id: (15,422694050), hash : 422694050
2020.12.29 12:13:14:312 [INFO ] provingground.learning.TypedPostResponse.MicroBot.$anonfun.applyOrElse:255:26 - completed response '865e974' of type TypeTag[provingground.learning.ExpressionEval] to posts of type TypeTag[provingground.learning.HoTTMessages.GeneratedEquationNodes] with input hash -671408847
2020.12.29 12:13:14:315 [INFO ] provingground.learning.TypedPostResponse.MicroBot.post:241:18 - triggered response '143b944f' of type TypeTag[provingground.learning.HoTTMessages.FinalState] to post of type TypeTag[provingground.learning.ExpressionEval] with input hash 422694050
2020.12.29 12:13:14:317 [INFO ] provingground.learning.HoTTBot.expEvToFinalState:567:26 - computing final state
2020.12.29 12:13:17:583 [INFO ] provingground.learning.ErasablePostBuffer.$anon.post:115:22 - Post; tag: TypeTag[provingground.learning.HoTTMessages.FinalState], id: (16,-1286426756), hash : -1286426756
2020.12.29 12:13:17:585 [INFO ] provingground.learning.TypedPostResponse.MicroBot.$anonfun.applyOrElse:255:26 - completed response '143b944f' of type TypeTag[provingground.learning.HoTTMessages.FinalState] to posts of type TypeTag[provingground.learning.ExpressionEval] with input hash 422694050
2020.12.29 12:13:17:585 [INFO ] provingground.learning.TypedPostResponse.MicroBot.post:241:18 - triggered response 'final state to filtered lemmas' of type TypeTag[provingground.learning.HoTTMessages.Lemmas] to post of type TypeTag[provingground.learning.HoTTMessages.FinalState] with input hash -1286426756
2020.12.29 12:13:17:586 [INFO ] provingground.learning.TypedPostResponse.Callback.post:200:18 - triggered callback 'update terms' for type TypeTag[provingground.learning.HoTTMessages.FinalState] with input hash -1286426756
2020.12.29 12:13:17:587 [INFO ] provingground.learning.TypedPostResponse.Callback.post:200:18 - triggered callback 'report proofs (simple)' for type TypeTag[provingground.learning.HoTTMessages.FinalState] with input hash -1286426756
2020.12.29 12:13:17:589 [INFO ] provingground.learning.TypedPostResponse.Callback.post:200:18 - triggered callback 'report proofs (simple)' for type TypeTag[provingground.learning.HoTTMessages.FinalState] with input hash -1286426756
2020.12.29 12:13:18:829 [INFO ] provingground.learning.HoTTBot.$anonfun:465:26 - Steps (in final state): 4
Lemma: (`a : M ) ~> ((`b : M ) ~> ((`c : M ) ~> ((((eqM) (`a)) (`b)) → ((((eqM) (`b)) (`c)) → (((eqM) (`a)) (`c)))))); best proof: trans with weight 0.0662890631999296; statement weight 5.2267770458580217E-11
Lemma: (`$afm : M ) ~> ((((eqM) (((mul) (((mul) (m)) (n))) (((mul) (((mul) (m)) (n))) (n)))) (`$afm)) → (((eqM) (n)) (`$afm))); best proof: (`$bvtsqz :  M) ↦ (((((trans) (n)) (((mul) (((mul) (m)) (n))) (((mul) (((mul) (m)) (n))) (n)))) (`$bvtsqz)) ((((sym) (((mul) (((mul) (m)) (n))) (((mul) (((mul) (m)) (n))) (n)))) (n)) (((ass2) (((mul) (m)) (n))) (n)))) with weight 2.8310328844166702E-8; statement weight 3.938286078058376E-11
Lemma: (`b : M ) ~> ((`c : M ) ~> ((((eqM) (`b)) (`c)) → (((eqM) (((mul) (((mul) (m)) (n))) (`b))) (((mul) (((mul) (m)) (n))) (`c))))); best proof: (left-multiply) (((mul) (m)) (n)) with weight 0.005144884412090832; statement weight 1.0690189554081996E-11
Lemma: (`b : M ) ~> ((`c : M ) ~> ((((eqM) (`b)) (`c)) → (((eqM) (((mul) (`b)) (m))) (((mul) (`c)) (m))))); best proof: (right-multiply) (m) with weight 0.005133383238288798; statement weight 5.884887494187948E-13
2020.12.29 12:13:18:830 [INFO ] provingground.learning.TypedPostResponse.Callback.$anonfun.applyOrElse:204:33 - completed callback 'report proofs (simple)' for type TypeTag[provingground.learning.HoTTMessages.FinalState] with input hash -1286426756
2020.12.29 12:13:18:992 [INFO ] provingground.learning.HoTTBot.$anonfun:465:26 - Results: 5
Lemma: ((eqM) (((mul) (((mul) (m)) (n))) (n))) (m); best proof: ((ass1) (m)) (n) with weight 9.936839731427537E-5; statement weight 5.671231522174157E-6
Lemma: ((eqM) (((mul) (((mul) (m)) (n))) (((mul) (((mul) (m)) (n))) (n)))) (n); best proof: ((ass2) (((mul) (m)) (n))) (n) with weight 9.959102888814024E-5; statement weight 1.196428259731915E-8
Lemma: ((eqM) (n)) (((mul) (((mul) (m)) (n))) (((mul) (((mul) (m)) (n))) (n))); best proof: (((sym) (((mul) (((mul) (m)) (n))) (((mul) (((mul) (m)) (n))) (n)))) (n)) (((ass2) (((mul) (m)) (n))) (n)) with weight 1.6791232157945893E-6; statement weight 1.2477377429568098E-8
Lemma: ((eqM) (((mul) (((mul) (m)) (n))) (((mul) (((mul) (m)) (n))) (n)))) (((mul) (((mul) (m)) (n))) (m)); best proof: ((((left-multiply) (((mul) (m)) (n))) (((mul) (((mul) (m)) (n))) (n))) (m)) (((ass1) (m)) (n)) with weight 6.576135560177483E-8; statement weight 2.4221219646044024E-11
Lemma: ((eqM) (((mul) (((mul) (((mul) (m)) (n))) (m))) (m))) (((mul) (m)) (n)); best proof: ((ass1) (((mul) (m)) (n))) (m) with weight 9.959102888814024E-5; statement weight 9.357363826210775E-9
2020.12.29 12:13:18:993 [INFO ] provingground.learning.TypedPostResponse.Callback.$anonfun.applyOrElse:204:33 - completed callback 'report proofs (simple)' for type TypeTag[provingground.learning.HoTTMessages.FinalState] with input hash -1286426756
2020.12.29 12:13:23:538 [INFO ] provingground.learning.HoTTBot.$anonfun:367:26 - Obtained 164416 formal equations
2020.12.29 12:13:24:324 [INFO ] provingground.learning.TypedPostResponse.Callback.$anonfun.applyOrElse:204:33 - completed callback 'update terms' for type TypeTag[provingground.learning.HoTTMessages.FinalState] with input hash -1286426756
2020.12.29 12:13:28:569 [INFO ] provingground.learning.HoTTBot.$anonfun:265:30 - avoiding 242 types as tautologies and generators.
2020.12.29 12:13:29:099 [INFO ] provingground.learning.ErasablePostBuffer.$anon.post:115:22 - Post; tag: TypeTag[provingground.learning.HoTTMessages.Lemmas], id: (17,-1845642100), hash : -1845642100
2020.12.29 12:13:29:101 [INFO ] provingground.learning.TypedPostResponse.MicroBot.$anonfun.applyOrElse:255:26 - completed response 'final state to filtered lemmas' of type TypeTag[provingground.learning.HoTTMessages.Lemmas] to posts of type TypeTag[provingground.learning.HoTTMessages.FinalState] with input hash -1286426756
2020.12.29 12:13:29:103 [INFO ] provingground.learning.TypedPostResponse.MicroBot.post:241:18 - triggered response 'd05dfdfa' of type TypeTag[(provingground.learning.HoTTMessages.UsedLemmas :: provingground.learning.HoTTMessages.TangentLemmas :: shapeless.HNil) :: provingground.learning.HoTTMessages.BaseMixinLemmas :: shapeless.HNil] to post of type TypeTag[provingground.learning.HoTTMessages.Lemmas] with input hash -1845642100
2020.12.29 12:13:29:111 [INFO ] provingground.learning.HoTTBot.$anonfun:1274:24 - excluded lemmas:
((eqM) (m)) (((mul) (((mul) (m)) (n))) (n))
((eqM) (n)) (((mul) (m)) (((mul) (m)) (n)))
2020.12.29 12:13:29:186 [INFO ] provingground.learning.ErasablePostBuffer.$anon.post:115:22 - Post; tag: TypeTag[provingground.learning.HoTTMessages.UsedLemmas], id: (18,-1909249008), hash : -1909249008
2020.12.29 12:13:29:187 [INFO ] provingground.learning.ErasablePostBuffer.$anon.post:115:22 - Post; tag: TypeTag[provingground.learning.HoTTMessages.TangentLemmas], id: (19,-1469368128), hash : -1469368128
2020.12.29 12:13:29:189 [INFO ] provingground.learning.ErasablePostBuffer.$anon.post:115:22 - Post; tag: TypeTag[provingground.learning.HoTTMessages.BaseMixinLemmas], id: (20,1782857095), hash : 1782857095
2020.12.29 12:13:29:190 [INFO ] provingground.learning.TypedPostResponse.MicroBot.$anonfun.applyOrElse:255:26 - completed response 'd05dfdfa' of type TypeTag[(provingground.learning.HoTTMessages.UsedLemmas :: provingground.learning.HoTTMessages.TangentLemmas :: shapeless.HNil) :: provingground.learning.HoTTMessages.BaseMixinLemmas :: shapeless.HNil] to posts of type TypeTag[provingground.learning.HoTTMessages.Lemmas] with input hash -1845642100
2020.12.29 12:13:29:192 [INFO ] provingground.learning.TypedPostResponse.DualMiniBotTask.post:491:20 - triggered (multiple) responses 'base state from special initial state' of type TypeTag[provingground.learning.HoTTMessages.TangentBaseState] to posts of type TypeTag[provingground.learning.HoTTMessages.BaseMixinLemmas] with input hash 1782857095
2020.12.29 12:13:29:196 [INFO ] provingground.learning.TypedPostResponse.DualMiniBotTask.taskNest:497:32 - launching 1 branches
2020.12.29 12:13:29:197 [INFO ] provingground.learning.HoTTBot.$anonfun:1499:22 - previous special init states are 2
2020.12.29 12:13:29:198 [INFO ] provingground.learning.HoTTBot.baseStateTask:1342:16 - Computing base state
2020.12.29 12:13:29:199 [INFO ] provingground.learning.HoTTBot.baseStateTask:1342:16 - Computing base state
2020.12.29 12:13:29:201 [INFO ] provingground.learning.TypedPostResponse.DualMiniBotTask.$anonfun:502:36 - launching 2 responses  of type TypeTag[provingground.learning.HoTTMessages.TangentBaseState]  to posts of type TypeTag[provingground.learning.HoTTMessages.BaseMixinLemmas] in branch
2020.12.29 12:13:42:378 [INFO ] provingground.learning.HoTTBot.baseStateTask:1349:24 - Created vector of equations
2020.12.29 12:13:43:591 [INFO ] provingground.learning.HoTTBot.baseStateTask:1349:24 - Created vector of equations
2020.12.29 12:13:47:325 [INFO ] provingground.learning.ErasablePostBuffer.$anon.post:115:22 - Post; tag: TypeTag[provingground.learning.HoTTMessages.TangentBaseState], id: (21,960973511), hash : 960973511
2020.12.29 12:13:47:331 [INFO ] provingground.learning.TypedPostResponse.DualMiniBotTask.$anonfun:507:44 - remaining 1 responses of type TypeTag[provingground.learning.HoTTMessages.TangentBaseState] to posts of type TypeTag[provingground.learning.HoTTMessages.BaseMixinLemmas]
2020.12.29 12:13:47:919 [INFO ] provingground.learning.ErasablePostBuffer.$anon.post:115:22 - Post; tag: TypeTag[provingground.learning.HoTTMessages.TangentBaseState], id: (22,1961784168), hash : 1961784168
2020.12.29 12:13:47:920 [INFO ] provingground.learning.TypedPostResponse.DualMiniBotTask.$anonfun:507:44 - remaining 0 responses of type TypeTag[provingground.learning.HoTTMessages.TangentBaseState] to posts of type TypeTag[provingground.learning.HoTTMessages.BaseMixinLemmas]
2020.12.29 12:13:47:920 [INFO ] provingground.learning.TypedPostResponse.DualMiniBotTask.taskNest:520:22 - completed (multiple) responses 'base state from special initial state' of type TypeTag[provingground.learning.HoTTMessages.TangentBaseState] to posts of type TypeTag[provingground.learning.HoTTMessages.BaseMixinLemmas] with input hash 1782857095
2020.12.29 12:13:47:921 [INFO ] provingground.learning.PostBuffer.$anon.post:266:22 - Post; tag: TypeTag[provingground.learning.HoTTMessages.TangentBaseCompleted.type], id: (23,-1666923435), content:
TangentBaseCompleted, hash: -1666923435
2020.12.29 12:13:47:922 [INFO ] provingground.learning.TypedPostResponse.MicroBot.post:241:18 - triggered response '8b6dd9cd' of type TypeTag[provingground.learning.HoTTMessages.GeneratedEquationNodes] to post of type TypeTag[provingground.learning.HoTTMessages.TangentBaseCompleted.type] with input hash -1666923435
2020.12.29 12:15:33:950 [INFO ] provingground.learning.SimpleEquations.timedUnAppEquations:277:30 - reached cutoff limit Some(1.0E-11)
2020.12.29 12:15:54:073 [INFO ] provingground.learning.SimpleEquations.timedUnAppEquations:277:30 - reached cutoff limit Some(1.0E-11)
2020.12.29 12:15:54:606 [INFO ] provingground.learning.ErasablePostBuffer.$anon.post:115:22 - Post; tag: TypeTag[provingground.learning.HoTTMessages.GeneratedEquationNodes], id: (24,-1521147492), hash : -1521147492
2020.12.29 12:15:54:613 [INFO ] provingground.learning.TypedPostResponse.MicroBot.$anonfun.applyOrElse:255:26 - completed response '8b6dd9cd' of type TypeTag[provingground.learning.HoTTMessages.GeneratedEquationNodes] to posts of type TypeTag[provingground.learning.HoTTMessages.TangentBaseCompleted.type] with input hash -1666923435
2020.12.29 12:15:54:614 [INFO ] provingground.learning.TypedPostResponse.MicroBot.post:241:18 - triggered response '865e974' of type TypeTag[provingground.learning.ExpressionEval] to post of type TypeTag[provingground.learning.HoTTMessages.GeneratedEquationNodes] with input hash -1521147492
2020.12.29 12:15:54:620 [INFO ] provingground.learning.TypedPostResponse.Callback.post:200:18 - triggered callback 'update equations' for type TypeTag[provingground.learning.HoTTMessages.GeneratedEquationNodes] with input hash -1521147492
2020.12.29 12:15:55:240 [INFO ] provingground.learning.TypedPostResponse.Callback.$anonfun.applyOrElse:204:33 - completed callback 'update equations' for type TypeTag[provingground.learning.HoTTMessages.GeneratedEquationNodes] with input hash -1521147492
2020.12.29 12:16:03:718 [INFO ] provingground.learning.ErasablePostBuffer.$anon.post:115:22 - Post; tag: TypeTag[provingground.learning.ExpressionEval], id: (25,595177414), hash : 595177414
2020.12.29 12:16:03:719 [INFO ] provingground.learning.TypedPostResponse.MicroBot.$anonfun.applyOrElse:255:26 - completed response '865e974' of type TypeTag[provingground.learning.ExpressionEval] to posts of type TypeTag[provingground.learning.HoTTMessages.GeneratedEquationNodes] with input hash -1521147492
2020.12.29 12:16:03:726 [INFO ] provingground.learning.TypedPostResponse.MicroBot.post:241:18 - triggered response '143b944f' of type TypeTag[provingground.learning.HoTTMessages.FinalState] to post of type TypeTag[provingground.learning.ExpressionEval] with input hash 595177414
2020.12.29 12:16:03:726 [INFO ] provingground.learning.HoTTBot.expEvToFinalState:567:26 - computing final state
2020.12.29 12:16:09:517 [INFO ] provingground.learning.ErasablePostBuffer.$anon.post:115:22 - Post; tag: TypeTag[provingground.learning.HoTTMessages.FinalState], id: (26,-908621614), hash : -908621614
2020.12.29 12:16:09:520 [INFO ] provingground.learning.TypedPostResponse.MicroBot.$anonfun.applyOrElse:255:26 - completed response '143b944f' of type TypeTag[provingground.learning.HoTTMessages.FinalState] to posts of type TypeTag[provingground.learning.ExpressionEval] with input hash 595177414
2020.12.29 12:16:09:521 [INFO ] provingground.learning.TypedPostResponse.MicroBot.post:241:18 - triggered response 'final state to filtered lemmas' of type TypeTag[provingground.learning.HoTTMessages.Lemmas] to post of type TypeTag[provingground.learning.HoTTMessages.FinalState] with input hash -908621614
2020.12.29 12:16:09:524 [INFO ] provingground.learning.TypedPostResponse.Callback.post:200:18 - triggered callback 'update terms' for type TypeTag[provingground.learning.HoTTMessages.FinalState] with input hash -908621614
2020.12.29 12:16:09:528 [INFO ] provingground.learning.TypedPostResponse.Callback.post:200:18 - triggered callback 'report proofs (simple)' for type TypeTag[provingground.learning.HoTTMessages.FinalState] with input hash -908621614
2020.12.29 12:16:09:531 [INFO ] provingground.learning.TypedPostResponse.Callback.post:200:18 - triggered callback 'report proofs (simple)' for type TypeTag[provingground.learning.HoTTMessages.FinalState] with input hash -908621614
2020.12.29 12:16:16:444 [INFO ] provingground.learning.HoTTBot.$anonfun:465:26 - Steps (in final state): 4
Lemma: (`a : M ) ~> ((`b : M ) ~> ((`c : M ) ~> ((((eqM) (`a)) (`b)) → ((((eqM) (`b)) (`c)) → (((eqM) (`a)) (`c)))))); best proof: trans with weight 0.0662890546704054; statement weight 5.2254370494866485E-11
Lemma: (`$afm : M ) ~> ((((eqM) (((mul) (((mul) (m)) (n))) (((mul) (((mul) (m)) (n))) (n)))) (`$afm)) → (((eqM) (n)) (`$afm))); best proof: (`$bvtsqz :  M) ↦ (((((trans) (n)) (((mul) (((mul) (m)) (n))) (((mul) (((mul) (m)) (n))) (n)))) (`$bvtsqz)) ((((sym) (((mul) (((mul) (m)) (n))) (((mul) (((mul) (m)) (n))) (n)))) (n)) (((ass2) (((mul) (m)) (n))) (n)))) with weight 2.8310325152752235E-8; statement weight 3.9382546771612164E-11
Lemma: (`b : M ) ~> ((`c : M ) ~> ((((eqM) (`b)) (`c)) → (((eqM) (((mul) (((mul) (m)) (n))) (`b))) (((mul) (((mul) (m)) (n))) (`c))))); best proof: (left-multiply) (((mul) (m)) (n)) with weight 0.005144883749634079; statement weight 1.068880734571945E-11
Lemma: (`b : M ) ~> ((`c : M ) ~> ((((eqM) (`b)) (`c)) → (((eqM) (((mul) (`b)) (m))) (((mul) (`c)) (m))))); best proof: (right-multiply) (m) with weight 0.005133382577307173; statement weight 5.885630571810394E-13
2020.12.29 12:16:16:445 [INFO ] provingground.learning.TypedPostResponse.Callback.$anonfun.applyOrElse:204:33 - completed callback 'report proofs (simple)' for type TypeTag[provingground.learning.HoTTMessages.FinalState] with input hash -908621614
2020.12.29 12:16:17:556 [INFO ] provingground.learning.HoTTBot.$anonfun:465:26 - Results: 6
Lemma: ((eqM) (((mul) (((mul) (m)) (n))) (n))) (m); best proof: ((ass1) (m)) (n) with weight 9.936838452048373E-5; statement weight 5.671231282857109E-6
Lemma: ((eqM) (((mul) (((mul) (m)) (n))) (((mul) (((mul) (m)) (n))) (n)))) (n); best proof: ((ass2) (((mul) (m)) (n))) (n) with weight 9.959101606661691E-5; statement weight 1.1964281271195987E-8
Lemma: ((eqM) (n)) (((mul) (((mul) (m)) (n))) (((mul) (((mul) (m)) (n))) (n))); best proof: (((sym) (((mul) (((mul) (m)) (n))) (((mul) (((mul) (m)) (n))) (n)))) (n)) (((ass2) (((mul) (m)) (n))) (n)) with weight 1.6791229980226803E-6; statement weight 1.2477376922207648E-8
Lemma: ((eqM) (((mul) (((mul) (m)) (n))) (((mul) (((mul) (m)) (n))) (n)))) (((mul) (((mul) (m)) (n))) (m)); best proof: ((((left-multiply) (((mul) (m)) (n))) (((mul) (((mul) (m)) (n))) (n))) (m)) (((ass1) (m)) (n)) with weight 6.576423854987233E-8; statement weight 2.4221216986645314E-11
Lemma: ((eqM) (((mul) (((mul) (((mul) (m)) (n))) (m))) (m))) (((mul) (m)) (n)); best proof: ((ass1) (((mul) (m)) (n))) (m) with weight 9.959101606661691E-5; statement weight 9.357356765274942E-9
Lemma: ((eqM) (n)) (((mul) (((mul) (m)) (n))) (m)); best proof: (((((trans) (n)) (((mul) (((mul) (m)) (n))) (((mul) (((mul) (m)) (n))) (n)))) (((mul) (((mul) (m)) (n))) (m))) ((((sym) (((mul) (((mul) (m)) (n))) (((mul) (((mul) (m)) (n))) (n)))) (n)) (((ass2) (((mul) (m)) (n))) (n)))) (((((left-multiply) (((mul) (m)) (n))) (((mul) (((mul) (m)) (n))) (n))) (m)) (((ass1) (m)) (n))) with weight 2.394762578425177E-16; statement weight 2.9651322009375332E-5
2020.12.29 12:16:17:556 [INFO ] provingground.learning.TypedPostResponse.Callback.$anonfun.applyOrElse:204:33 - completed callback 'report proofs (simple)' for type TypeTag[provingground.learning.HoTTMessages.FinalState] with input hash -908621614
2020.12.29 12:16:41:511 [INFO ] provingground.learning.HoTTBot.$anonfun:367:26 - Obtained 831495 formal equations
2020.12.29 12:16:45:667 [INFO ] provingground.learning.TypedPostResponse.Callback.$anonfun.applyOrElse:204:33 - completed callback 'update terms' for type TypeTag[provingground.learning.HoTTMessages.FinalState] with input hash -908621614
2020.12.29 12:16:59:848 [INFO ] provingground.learning.HoTTBot.$anonfun:265:30 - avoiding 242 types as tautologies and generators.
2020.12.29 12:17:03:776 [INFO ] provingground.learning.ErasablePostBuffer.$anon.post:115:22 - Post; tag: TypeTag[provingground.learning.HoTTMessages.Lemmas], id: (27,-1132442084), hash : -1132442084
2020.12.29 12:17:03:783 [INFO ] provingground.learning.TypedPostResponse.MicroBot.$anonfun.applyOrElse:255:26 - completed response 'final state to filtered lemmas' of type TypeTag[provingground.learning.HoTTMessages.Lemmas] to posts of type TypeTag[provingground.learning.HoTTMessages.FinalState] with input hash -908621614
2020.12.29 12:17:03:789 [INFO ] provingground.learning.TypedPostResponse.MicroBot.post:241:18 - triggered response 'd05dfdfa' of type TypeTag[(provingground.learning.HoTTMessages.UsedLemmas :: provingground.learning.HoTTMessages.TangentLemmas :: shapeless.HNil) :: provingground.learning.HoTTMessages.BaseMixinLemmas :: shapeless.HNil] to post of type TypeTag[provingground.learning.HoTTMessages.Lemmas] with input hash -1132442084
2020.12.29 12:17:03:821 [INFO ] provingground.learning.HoTTBot.$anonfun:1274:24 - excluded lemmas:

2020.12.29 12:17:04:301 [INFO ] provingground.learning.ErasablePostBuffer.$anon.post:115:22 - Post; tag: TypeTag[provingground.learning.HoTTMessages.UsedLemmas], id: (28,-437496410), hash : -437496410
2020.12.29 12:17:04:306 [INFO ] provingground.learning.ErasablePostBuffer.$anon.post:115:22 - Post; tag: TypeTag[provingground.learning.HoTTMessages.TangentLemmas], id: (29,412011737), hash : 412011737
2020.12.29 12:17:04:311 [INFO ] provingground.learning.ErasablePostBuffer.$anon.post:115:22 - Post; tag: TypeTag[provingground.learning.HoTTMessages.BaseMixinLemmas], id: (30,1769499972), hash : 1769499972
2020.12.29 12:17:04:313 [INFO ] provingground.learning.TypedPostResponse.MicroBot.$anonfun.applyOrElse:255:26 - completed response 'd05dfdfa' of type TypeTag[(provingground.learning.HoTTMessages.UsedLemmas :: provingground.learning.HoTTMessages.TangentLemmas :: shapeless.HNil) :: provingground.learning.HoTTMessages.BaseMixinLemmas :: shapeless.HNil] to posts of type TypeTag[provingground.learning.HoTTMessages.Lemmas] with input hash -1132442084
2020.12.29 12:17:04:318 [INFO ] provingground.learning.TypedPostResponse.DualMiniBotTask.post:491:20 - triggered (multiple) responses 'base state from special initial state' of type TypeTag[provingground.learning.HoTTMessages.TangentBaseState] to posts of type TypeTag[provingground.learning.HoTTMessages.BaseMixinLemmas] with input hash 1769499972
2020.12.29 12:17:04:331 [INFO ] provingground.learning.TypedPostResponse.DualMiniBotTask.taskNest:497:32 - launching 1 branches
2020.12.29 12:17:04:332 [INFO ] provingground.learning.HoTTBot.$anonfun:1499:22 - previous special init states are 2
2020.12.29 12:17:04:336 [INFO ] provingground.learning.HoTTBot.baseStateTask:1342:16 - Computing base state
2020.12.29 12:17:04:344 [INFO ] provingground.learning.HoTTBot.baseStateTask:1342:16 - Computing base state
2020.12.29 12:17:04:344 [INFO ] provingground.learning.TypedPostResponse.DualMiniBotTask.$anonfun:502:36 - launching 2 responses  of type TypeTag[provingground.learning.HoTTMessages.TangentBaseState]  to posts of type TypeTag[provingground.learning.HoTTMessages.BaseMixinLemmas] in branch
2020.12.29 12:19:16:333 [INFO ] provingground.learning.HoTTBot.baseStateTask:1349:24 - Created vector of equations
2020.12.29 12:19:21:097 [INFO ] provingground.learning.HoTTBot.baseStateTask:1349:24 - Created vector of equations
2020.12.29 12:19:35:024 [INFO ] provingground.learning.ErasablePostBuffer.$anon.post:115:22 - Post; tag: TypeTag[provingground.learning.HoTTMessages.TangentBaseState], id: (31,861045622), hash : 861045622
2020.12.29 12:19:35:028 [INFO ] provingground.learning.TypedPostResponse.DualMiniBotTask.$anonfun:507:44 - remaining 1 responses of type TypeTag[provingground.learning.HoTTMessages.TangentBaseState] to posts of type TypeTag[provingground.learning.HoTTMessages.BaseMixinLemmas]
2020.12.29 12:19:38:530 [INFO ] provingground.learning.ErasablePostBuffer.$anon.post:115:22 - Post; tag: TypeTag[provingground.learning.HoTTMessages.TangentBaseState], id: (32,-850761992), hash : -850761992
2020.12.29 12:19:38:533 [INFO ] provingground.learning.TypedPostResponse.DualMiniBotTask.$anonfun:507:44 - remaining 0 responses of type TypeTag[provingground.learning.HoTTMessages.TangentBaseState] to posts of type TypeTag[provingground.learning.HoTTMessages.BaseMixinLemmas]
2020.12.29 12:19:38:533 [INFO ] provingground.learning.TypedPostResponse.DualMiniBotTask.taskNest:520:22 - completed (multiple) responses 'base state from special initial state' of type TypeTag[provingground.learning.HoTTMessages.TangentBaseState] to posts of type TypeTag[provingground.learning.HoTTMessages.BaseMixinLemmas] with input hash 1769499972
2020.12.29 12:19:38:536 [INFO ] provingground.learning.PostBuffer.$anon.post:266:22 - Post; tag: TypeTag[provingground.learning.HoTTMessages.TangentBaseCompleted.type], id: (33,-1666923435), content:
TangentBaseCompleted, hash: -1666923435
2020.12.29 12:19:38:537 [INFO ] provingground.learning.TypedPostResponse.MicroBot.post:241:18 - triggered response '8b6dd9cd' of type TypeTag[provingground.learning.HoTTMessages.GeneratedEquationNodes] to post of type TypeTag[provingground.learning.HoTTMessages.TangentBaseCompleted.type] with input hash -1666923435
2020.12.29 12:22:05:751 [INFO ] provingground.learning.SimpleEquations.timedUnAppEquations:277:30 - reached cutoff limit Some(1.0E-11)
2020.12.29 12:22:06:793 [INFO ] provingground.learning.SimpleEquations.timedUnAppEquations:277:30 - reached cutoff limit Some(1.0E-11)
2020.12.29 12:22:07:621 [INFO ] provingground.learning.ErasablePostBuffer.$anon.post:115:22 - Post; tag: TypeTag[provingground.learning.HoTTMessages.GeneratedEquationNodes], id: (34,-49385055), hash : -49385055
2020.12.29 12:22:07:625 [INFO ] provingground.learning.TypedPostResponse.MicroBot.$anonfun.applyOrElse:255:26 - completed response '8b6dd9cd' of type TypeTag[provingground.learning.HoTTMessages.GeneratedEquationNodes] to posts of type TypeTag[provingground.learning.HoTTMessages.TangentBaseCompleted.type] with input hash -1666923435
2020.12.29 12:22:07:625 [INFO ] provingground.learning.TypedPostResponse.MicroBot.post:241:18 - triggered response '865e974' of type TypeTag[provingground.learning.ExpressionEval] to post of type TypeTag[provingground.learning.HoTTMessages.GeneratedEquationNodes] with input hash -49385055
2020.12.29 12:22:07:629 [INFO ] provingground.learning.TypedPostResponse.Callback.post:200:18 - triggered callback 'update equations' for type TypeTag[provingground.learning.HoTTMessages.GeneratedEquationNodes] with input hash -49385055
2020.12.29 12:22:09:744 [INFO ] provingground.learning.TypedPostResponse.Callback.$anonfun.applyOrElse:204:33 - completed callback 'update equations' for type TypeTag[provingground.learning.HoTTMessages.GeneratedEquationNodes] with input hash -49385055
2020.12.29 12:22:30:135 [INFO ] provingground.learning.ErasablePostBuffer.$anon.post:115:22 - Post; tag: TypeTag[provingground.learning.ExpressionEval], id: (35,516407552), hash : 516407552
2020.12.29 12:22:30:135 [INFO ] provingground.learning.TypedPostResponse.MicroBot.$anonfun.applyOrElse:255:26 - completed response '865e974' of type TypeTag[provingground.learning.ExpressionEval] to posts of type TypeTag[provingground.learning.HoTTMessages.GeneratedEquationNodes] with input hash -49385055
2020.12.29 12:22:30:139 [INFO ] provingground.learning.TypedPostResponse.MicroBot.post:241:18 - triggered response '143b944f' of type TypeTag[provingground.learning.HoTTMessages.FinalState] to post of type TypeTag[provingground.learning.ExpressionEval] with input hash 516407552
2020.12.29 12:22:30:140 [INFO ] provingground.learning.HoTTBot.expEvToFinalState:567:26 - computing final state
2020.12.29 12:22:39:885 [INFO ] provingground.learning.ErasablePostBuffer.$anon.post:115:22 - Post; tag: TypeTag[provingground.learning.HoTTMessages.FinalState], id: (36,1500265601), hash : 1500265601
2020.12.29 12:22:39:891 [INFO ] provingground.learning.TypedPostResponse.MicroBot.$anonfun.applyOrElse:255:26 - completed response '143b944f' of type TypeTag[provingground.learning.HoTTMessages.FinalState] to posts of type TypeTag[provingground.learning.ExpressionEval] with input hash 516407552
2020.12.29 12:22:39:891 [INFO ] provingground.learning.TypedPostResponse.MicroBot.post:241:18 - triggered response 'final state to filtered lemmas' of type TypeTag[provingground.learning.HoTTMessages.Lemmas] to post of type TypeTag[provingground.learning.HoTTMessages.FinalState] with input hash 1500265601
2020.12.29 12:22:39:898 [INFO ] provingground.learning.TypedPostResponse.Callback.post:200:18 - triggered callback 'update terms' for type TypeTag[provingground.learning.HoTTMessages.FinalState] with input hash 1500265601
2020.12.29 12:22:39:904 [INFO ] provingground.learning.TypedPostResponse.Callback.post:200:18 - triggered callback 'report proofs (simple)' for type TypeTag[provingground.learning.HoTTMessages.FinalState] with input hash 1500265601
2020.12.29 12:22:39:910 [INFO ] provingground.learning.TypedPostResponse.Callback.post:200:18 - triggered callback 'report proofs (simple)' for type TypeTag[provingground.learning.HoTTMessages.FinalState] with input hash 1500265601
2020.12.29 12:22:50:373 [INFO ] provingground.learning.HoTTBot.$anonfun:465:26 - Steps (in final state): 4
Lemma: (`a : M ) ~> ((`b : M ) ~> ((`c : M ) ~> ((((eqM) (`a)) (`b)) → ((((eqM) (`b)) (`c)) → (((eqM) (`a)) (`c)))))); best proof: trans with weight 0.0662890546619086; statement weight 5.2244320351146815E-11
Lemma: (`$afm : M ) ~> ((((eqM) (((mul) (((mul) (m)) (n))) (((mul) (((mul) (m)) (n))) (n)))) (`$afm)) → (((eqM) (n)) (`$afm))); best proof: (`$bvtsqz :  M) ↦ (((((trans) (n)) (((mul) (((mul) (m)) (n))) (((mul) (((mul) (m)) (n))) (n)))) (`$bvtsqz)) ((((sym) (((mul) (((mul) (m)) (n))) (((mul) (((mul) (m)) (n))) (n)))) (n)) (((ass2) (((mul) (m)) (n))) (n)))) with weight 2.8310325113186992E-8; statement weight 3.9382341153091006E-11
Lemma: (`b : M ) ~> ((`c : M ) ~> ((((eqM) (`b)) (`c)) → (((eqM) (((mul) (((mul) (m)) (n))) (`b))) (((mul) (((mul) (m)) (n))) (`c))))); best proof: (left-multiply) (((mul) (m)) (n)) with weight 0.005144883749248708; statement weight 1.0687843664187513E-11
Lemma: (`b : M ) ~> ((`c : M ) ~> ((((eqM) (`b)) (`c)) → (((eqM) (((mul) (`b)) (m))) (((mul) (`c)) (m))))); best proof: (right-multiply) (m) with weight 0.005133382576926205; statement weight 5.886175060392965E-13
2020.12.29 12:22:50:374 [INFO ] provingground.learning.TypedPostResponse.Callback.$anonfun.applyOrElse:204:33 - completed callback 'report proofs (simple)' for type TypeTag[provingground.learning.HoTTMessages.FinalState] with input hash 1500265601
2020.12.29 12:22:52:918 [INFO ] provingground.learning.HoTTBot.$anonfun:465:26 - Results: 7
Lemma: ((eqM) (((mul) (((mul) (m)) (n))) (n))) (m); best proof: ((ass1) (m)) (n) with weight 9.936838452062956E-5; statement weight 5.671230984061229E-6
Lemma: ((eqM) (((mul) (((mul) (m)) (n))) (((mul) (((mul) (m)) (n))) (n)))) (n); best proof: ((ass2) (((mul) (m)) (n))) (n) with weight 9.959101606765669E-5; statement weight 1.196428015276475E-8
Lemma: ((eqM) (n)) (((mul) (((mul) (m)) (n))) (((mul) (((mul) (m)) (n))) (n))); best proof: (((sym) (((mul) (((mul) (m)) (n))) (((mul) (((mul) (m)) (n))) (n)))) (n)) (((ass2) (((mul) (m)) (n))) (n)) with weight 1.6791229970607306E-6; statement weight 1.2477376262381873E-8
Lemma: ((eqM) (((mul) (((mul) (m)) (n))) (((mul) (((mul) (m)) (n))) (n)))) (((mul) (((mul) (m)) (n))) (m)); best proof: ((((left-multiply) (((mul) (m)) (n))) (((mul) (((mul) (m)) (n))) (n))) (m)) (((ass1) (m)) (n)) with weight 6.576568428139709E-8; statement weight 2.4221214721312452E-11
Lemma: ((eqM) (((mul) (((mul) (((mul) (m)) (n))) (m))) (m))) (((mul) (m)) (n)); best proof: ((ass1) (((mul) (m)) (n))) (m) with weight 9.959101606765669E-5; statement weight 9.357351885917753E-9
Lemma: ((eqM) (n)) (((mul) (((mul) (m)) (n))) (m)); best proof: (((((trans) (n)) (((mul) (((mul) (m)) (n))) (((mul) (((mul) (m)) (n))) (n)))) (((mul) (((mul) (m)) (n))) (m))) ((((sym) (((mul) (((mul) (m)) (n))) (((mul) (((mul) (m)) (n))) (n)))) (n)) (((ass2) (((mul) (m)) (n))) (n)))) (((((left-multiply) (((mul) (m)) (n))) (((mul) (((mul) (m)) (n))) (n))) (m)) (((ass1) (m)) (n))) with weight 2.3948152242697093E-16; statement weight 2.965132039651957E-5
Lemma: ((eqM) (((mul) (n)) (m))) (((mul) (((mul) (((mul) (m)) (n))) (m))) (m)); best proof: ((((right-multiply) (m)) (n)) (((mul) (((mul) (m)) (n))) (m))) ((((((trans) (n)) (((mul) (((mul) (m)) (n))) (((mul) (((mul) (m)) (n))) (n)))) (((mul) (((mul) (m)) (n))) (m))) ((((sym) (((mul) (((mul) (m)) (n))) (((mul) (((mul) (m)) (n))) (n)))) (n)) (((ass2) (((mul) (m)) (n))) (n)))) (((((left-multiply) (((mul) (m)) (n))) (((mul) (((mul) (m)) (n))) (n))) (m)) (((ass1) (m)) (n)))) with weight 1.6432281076131452E-19; statement weight 2.0077741310796534E-11
2020.12.29 12:22:52:919 [INFO ] provingground.learning.TypedPostResponse.Callback.$anonfun.applyOrElse:204:33 - completed callback 'report proofs (simple)' for type TypeTag[provingground.learning.HoTTMessages.FinalState] with input hash 1500265601
2020.12.29 12:23:42:022 [INFO ] provingground.learning.HoTTBot.$anonfun:367:26 - Obtained 1231035 formal equations
2020.12.29 12:23:59:944 [INFO ] provingground.learning.TypedPostResponse.Callback.$anonfun.applyOrElse:204:33 - completed callback 'update terms' for type TypeTag[provingground.learning.HoTTMessages.FinalState] with input hash 1500265601
2020.12.29 12:24:26:575 [INFO ] provingground.learning.HoTTBot.$anonfun:265:30 - avoiding 242 types as tautologies and generators.
2020.12.29 12:24:45:759 [INFO ] provingground.learning.ErasablePostBuffer.$anon.post:115:22 - Post; tag: TypeTag[provingground.learning.HoTTMessages.Lemmas], id: (37,208638298), hash : 208638298
2020.12.29 12:24:45:773 [INFO ] provingground.learning.TypedPostResponse.MicroBot.$anonfun.applyOrElse:255:26 - completed response 'final state to filtered lemmas' of type TypeTag[provingground.learning.HoTTMessages.Lemmas] to posts of type TypeTag[provingground.learning.HoTTMessages.FinalState] with input hash 1500265601
2020.12.29 12:24:45:780 [INFO ] provingground.learning.TypedPostResponse.MicroBot.post:241:18 - triggered response 'd05dfdfa' of type TypeTag[(provingground.learning.HoTTMessages.UsedLemmas :: provingground.learning.HoTTMessages.TangentLemmas :: shapeless.HNil) :: provingground.learning.HoTTMessages.BaseMixinLemmas :: shapeless.HNil] to post of type TypeTag[provingground.learning.HoTTMessages.Lemmas] with input hash 208638298
2020.12.29 12:24:46:179 [INFO ] provingground.learning.HoTTBot.$anonfun:1274:24 - excluded lemmas:

2020.12.29 12:24:48:016 [INFO ] provingground.learning.ErasablePostBuffer.$anon.post:115:22 - Post; tag: TypeTag[provingground.learning.HoTTMessages.UsedLemmas], id: (38,-736411495), hash : -736411495
2020.12.29 12:24:48:020 [INFO ] provingground.learning.ErasablePostBuffer.$anon.post:115:22 - Post; tag: TypeTag[provingground.learning.HoTTMessages.TangentLemmas], id: (39,903168317), hash : 903168317
2020.12.29 12:24:48:024 [INFO ] provingground.learning.ErasablePostBuffer.$anon.post:115:22 - Post; tag: TypeTag[provingground.learning.HoTTMessages.BaseMixinLemmas], id: (40,867502833), hash : 867502833
2020.12.29 12:24:48:027 [INFO ] provingground.learning.TypedPostResponse.MicroBot.$anonfun.applyOrElse:255:26 - completed response 'd05dfdfa' of type TypeTag[(provingground.learning.HoTTMessages.UsedLemmas :: provingground.learning.HoTTMessages.TangentLemmas :: shapeless.HNil) :: provingground.learning.HoTTMessages.BaseMixinLemmas :: shapeless.HNil] to posts of type TypeTag[provingground.learning.HoTTMessages.Lemmas] with input hash 208638298
2020.12.29 12:24:48:031 [INFO ] provingground.learning.TypedPostResponse.DualMiniBotTask.post:491:20 - triggered (multiple) responses 'base state from special initial state' of type TypeTag[provingground.learning.HoTTMessages.TangentBaseState] to posts of type TypeTag[provingground.learning.HoTTMessages.BaseMixinLemmas] with input hash 867502833
2020.12.29 12:24:48:048 [INFO ] provingground.learning.TypedPostResponse.DualMiniBotTask.taskNest:497:32 - launching 1 branches
2020.12.29 12:24:48:048 [INFO ] provingground.learning.HoTTBot.$anonfun:1499:22 - previous special init states are 2
2020.12.29 12:24:48:050 [INFO ] provingground.learning.HoTTBot.baseStateTask:1342:16 - Computing base state
2020.12.29 12:24:48:050 [INFO ] provingground.learning.HoTTBot.baseStateTask:1342:16 - Computing base state
2020.12.29 12:24:48:051 [INFO ] provingground.learning.TypedPostResponse.DualMiniBotTask.$anonfun:502:36 - launching 2 responses  of type TypeTag[provingground.learning.HoTTMessages.TangentBaseState]  to posts of type TypeTag[provingground.learning.HoTTMessages.BaseMixinLemmas] in branch
2020.12.29 12:28:47:144 [INFO ] provingground.learning.HoTTBot.baseStateTask:1349:24 - Created vector of equations
2020.12.29 12:29:22:870 [INFO ] provingground.learning.HoTTBot.baseStateTask:1349:24 - Created vector of equations
2020.12.29 12:29:33:258 [INFO ] provingground.learning.ErasablePostBuffer.$anon.post:115:22 - Post; tag: TypeTag[provingground.learning.HoTTMessages.TangentBaseState], id: (41,182254942), hash : 182254942
2020.12.29 12:29:33:263 [INFO ] provingground.learning.TypedPostResponse.DualMiniBotTask.$anonfun:507:44 - remaining 1 responses of type TypeTag[provingground.learning.HoTTMessages.TangentBaseState] to posts of type TypeTag[provingground.learning.HoTTMessages.BaseMixinLemmas]
2020.12.29 12:29:57:313 [INFO ] provingground.learning.ErasablePostBuffer.$anon.post:115:22 - Post; tag: TypeTag[provingground.learning.HoTTMessages.TangentBaseState], id: (42,-406735331), hash : -406735331
2020.12.29 12:29:57:317 [INFO ] provingground.learning.TypedPostResponse.DualMiniBotTask.$anonfun:507:44 - remaining 0 responses of type TypeTag[provingground.learning.HoTTMessages.TangentBaseState] to posts of type TypeTag[provingground.learning.HoTTMessages.BaseMixinLemmas]
2020.12.29 12:29:57:318 [INFO ] provingground.learning.TypedPostResponse.DualMiniBotTask.taskNest:520:22 - completed (multiple) responses 'base state from special initial state' of type TypeTag[provingground.learning.HoTTMessages.TangentBaseState] to posts of type TypeTag[provingground.learning.HoTTMessages.BaseMixinLemmas] with input hash 867502833
2020.12.29 12:29:57:321 [INFO ] provingground.learning.PostBuffer.$anon.post:266:22 - Post; tag: TypeTag[provingground.learning.HoTTMessages.TangentBaseCompleted.type], id: (43,-1666923435), content:
TangentBaseCompleted, hash: -1666923435
2020.12.29 12:29:57:322 [INFO ] provingground.learning.TypedPostResponse.MicroBot.post:241:18 - triggered response '8b6dd9cd' of type TypeTag[provingground.learning.HoTTMessages.GeneratedEquationNodes] to post of type TypeTag[provingground.learning.HoTTMessages.TangentBaseCompleted.type] with input hash -1666923435
2020.12.29 12:33:57:127 [INFO ] provingground.learning.SimpleEquations.timedUnAppEquations:277:30 - reached cutoff limit Some(1.0E-11)
2020.12.29 12:34:16:427 [INFO ] provingground.learning.SimpleEquations.timedUnAppEquations:277:30 - reached cutoff limit Some(1.0E-11)
2020.12.29 12:34:17:392 [INFO ] provingground.learning.ErasablePostBuffer.$anon.post:115:22 - Post; tag: TypeTag[provingground.learning.HoTTMessages.GeneratedEquationNodes], id: (44,-641746499), hash : -641746499
2020.12.29 12:34:17:396 [INFO ] provingground.learning.TypedPostResponse.MicroBot.$anonfun.applyOrElse:255:26 - completed response '8b6dd9cd' of type TypeTag[provingground.learning.HoTTMessages.GeneratedEquationNodes] to posts of type TypeTag[provingground.learning.HoTTMessages.TangentBaseCompleted.type] with input hash -1666923435
2020.12.29 12:34:17:397 [INFO ] provingground.learning.TypedPostResponse.MicroBot.post:241:18 - triggered response '865e974' of type TypeTag[provingground.learning.ExpressionEval] to post of type TypeTag[provingground.learning.HoTTMessages.GeneratedEquationNodes] with input hash -641746499
2020.12.29 12:34:17:401 [INFO ] provingground.learning.TypedPostResponse.Callback.post:200:18 - triggered callback 'update equations' for type TypeTag[provingground.learning.HoTTMessages.GeneratedEquationNodes] with input hash -641746499
2020.12.29 12:34:20:052 [INFO ] provingground.learning.TypedPostResponse.Callback.$anonfun.applyOrElse:204:33 - completed callback 'update equations' for type TypeTag[provingground.learning.HoTTMessages.GeneratedEquationNodes] with input hash -641746499
2020.12.29 12:34:53:073 [INFO ] provingground.learning.ErasablePostBuffer.$anon.post:115:22 - Post; tag: TypeTag[provingground.learning.ExpressionEval], id: (45,372309692), hash : 372309692
2020.12.29 12:34:53:074 [INFO ] provingground.learning.TypedPostResponse.MicroBot.$anonfun.applyOrElse:255:26 - completed response '865e974' of type TypeTag[provingground.learning.ExpressionEval] to posts of type TypeTag[provingground.learning.HoTTMessages.GeneratedEquationNodes] with input hash -641746499
2020.12.29 12:34:53:081 [INFO ] provingground.learning.TypedPostResponse.MicroBot.post:241:18 - triggered response '143b944f' of type TypeTag[provingground.learning.HoTTMessages.FinalState] to post of type TypeTag[provingground.learning.ExpressionEval] with input hash 372309692
2020.12.29 12:34:53:082 [INFO ] provingground.learning.HoTTBot.expEvToFinalState:567:26 - computing final state
2020.12.29 12:35:14:956 [INFO ] provingground.learning.ErasablePostBuffer.$anon.post:115:22 - Post; tag: TypeTag[provingground.learning.HoTTMessages.FinalState], id: (46,-1468046969), hash : -1468046969
2020.12.29 12:35:14:966 [INFO ] provingground.learning.TypedPostResponse.MicroBot.$anonfun.applyOrElse:255:26 - completed response '143b944f' of type TypeTag[provingground.learning.HoTTMessages.FinalState] to posts of type TypeTag[provingground.learning.ExpressionEval] with input hash 372309692
2020.12.29 12:35:14:967 [INFO ] provingground.learning.TypedPostResponse.MicroBot.post:241:18 - triggered response 'final state to filtered lemmas' of type TypeTag[provingground.learning.HoTTMessages.Lemmas] to post of type TypeTag[provingground.learning.HoTTMessages.FinalState] with input hash -1468046969
2020.12.29 12:35:14:976 [INFO ] provingground.learning.TypedPostResponse.Callback.post:200:18 - triggered callback 'update terms' for type TypeTag[provingground.learning.HoTTMessages.FinalState] with input hash -1468046969
2020.12.29 12:35:14:986 [INFO ] provingground.learning.TypedPostResponse.Callback.post:200:18 - triggered callback 'report proofs (simple)' for type TypeTag[provingground.learning.HoTTMessages.FinalState] with input hash -1468046969
2020.12.29 12:35:14:995 [INFO ] provingground.learning.TypedPostResponse.Callback.post:200:18 - triggered callback 'report proofs (simple)' for type TypeTag[provingground.learning.HoTTMessages.FinalState] with input hash -1468046969
2020.12.29 12:35:49:853 [INFO ] provingground.learning.HoTTBot.$anonfun:465:26 - Steps (in final state): 5
Lemma: (`a : M ) ~> ((`b : M ) ~> ((`c : M ) ~> ((((eqM) (`a)) (`b)) → ((((eqM) (`b)) (`c)) → (((eqM) (`a)) (`c)))))); best proof: trans with weight 0.0662899523505348; statement weight 5.2228665901010613E-11
Lemma: (`$afm : M ) ~> ((((eqM) (((mul) (((mul) (m)) (n))) (((mul) (((mul) (m)) (n))) (n)))) (`$afm)) → (((eqM) (n)) (`$afm))); best proof: (`$bvtsqz :  M) ↦ (((((trans) (n)) (((mul) (((mul) (m)) (n))) (((mul) (((mul) (m)) (n))) (n)))) (`$bvtsqz)) ((((sym) (((mul) (((mul) (m)) (n))) (((mul) (((mul) (m)) (n))) (n)))) (n)) (((ass2) (((mul) (m)) (n))) (n)))) with weight 2.8300478569053647E-8; statement weight 3.7498023790263564E-11
Lemma: (`b : M ) ~> ((`c : M ) ~> ((((eqM) (`b)) (`c)) → (((eqM) (((mul) (((mul) (m)) (n))) (`b))) (((mul) (((mul) (m)) (n))) (`c))))); best proof: (left-multiply) (((mul) (m)) (n)) with weight 0.005144487197022974; statement weight 1.0684462016818035E-11
Lemma: (`b : M ) ~> ((`c : M ) ~> ((((eqM) (`b)) (`c)) → (((eqM) (((mul) (`b)) (m))) (((mul) (`c)) (m))))); best proof: (right-multiply) (m) with weight 0.005132989996297818; statement weight 5.887626116832006E-13
Lemma: (`$dkp : M ) ~> ((((eqM) (((mul) (((mul) (((mul) (m)) (n))) (m))) (m))) (`$dkp)) → (((eqM) (((mul) (n)) (m))) (`$dkp))); best proof: (`$dgtoika :  M) ↦ (((((trans) (((mul) (n)) (m))) (((mul) (((mul) (((mul) (m)) (n))) (m))) (m))) (`$dgtoika)) (((((right-multiply) (m)) (n)) (((mul) (((mul) (m)) (n))) (m))) ((((((trans) (n)) (((mul) (((mul) (m)) (n))) (((mul) (((mul) (m)) (n))) (n)))) (((mul) (((mul) (m)) (n))) (m))) ((((sym) (((mul) (((mul) (m)) (n))) (((mul) (((mul) (m)) (n))) (n)))) (n)) (((ass2) (((mul) (m)) (n))) (n)))) (((((left-multiply) (((mul) (m)) (n))) (((mul) (((mul) (m)) (n))) (n))) (m)) (((ass1) (m)) (n)))))) with weight 2.767031571700194E-21; statement weight 3.0162988068211166E-13
2020.12.29 12:35:49:854 [INFO ] provingground.learning.TypedPostResponse.Callback.$anonfun.applyOrElse:204:33 - completed callback 'report proofs (simple)' for type TypeTag[provingground.learning.HoTTMessages.FinalState] with input hash -1468046969
2020.12.29 12:35:53:415 [INFO ] provingground.learning.HoTTBot.$anonfun:465:26 - Results: 7
Lemma: ((eqM) (((mul) (((mul) (m)) (n))) (n))) (m); best proof: ((ass1) (m)) (n) with weight 9.935204639077178E-5; statement weight 5.669384459209124E-6
Lemma: ((eqM) (((mul) (((mul) (m)) (n))) (((mul) (((mul) (m)) (n))) (n)))) (n); best proof: ((ass2) (((mul) (m)) (n))) (n) with weight 9.957458148642366E-5; statement weight 1.195721999612842E-8
Lemma: ((eqM) (n)) (((mul) (((mul) (m)) (n))) (((mul) (((mul) (m)) (n))) (n))); best proof: (((sym) (((mul) (((mul) (m)) (n))) (((mul) (((mul) (m)) (n))) (n)))) (n)) (((ass2) (((mul) (m)) (n))) (n)) with weight 1.6786924403777788E-6; statement weight 1.2469972610544078E-8
Lemma: ((eqM) (((mul) (((mul) (m)) (n))) (((mul) (((mul) (m)) (n))) (n)))) (((mul) (((mul) (m)) (n))) (m)); best proof: ((((left-multiply) (((mul) (m)) (n))) (((mul) (((mul) (m)) (n))) (n))) (m)) (((ass1) (m)) (n)) with weight 6.573847101509711E-8; statement weight 2.4200408447890078E-11
Lemma: ((eqM) (((mul) (((mul) (((mul) (m)) (n))) (m))) (m))) (((mul) (m)) (n)); best proof: ((ass1) (((mul) (m)) (n))) (m) with weight 9.957458148642366E-5; statement weight 9.351826761895895E-9
Lemma: ((eqM) (n)) (((mul) (((mul) (m)) (n))) (m)); best proof: (((((trans) (n)) (((mul) (((mul) (m)) (n))) (((mul) (((mul) (m)) (n))) (n)))) (((mul) (((mul) (m)) (n))) (m))) ((((sym) (((mul) (((mul) (m)) (n))) (((mul) (((mul) (m)) (n))) (n)))) (n)) (((ass2) (((mul) (m)) (n))) (n)))) (((((left-multiply) (((mul) (m)) (n))) (((mul) (((mul) (m)) (n))) (n))) (m)) (((ass1) (m)) (n))) with weight 2.3926319372539886E-16; statement weight 2.964091634088227E-5
Lemma: ((eqM) (((mul) (n)) (m))) (((mul) (((mul) (((mul) (m)) (n))) (m))) (m)); best proof: ((((right-multiply) (m)) (n)) (((mul) (((mul) (m)) (n))) (m))) ((((((trans) (n)) (((mul) (((mul) (m)) (n))) (((mul) (((mul) (m)) (n))) (n)))) (((mul) (((mul) (m)) (n))) (m))) ((((sym) (((mul) (((mul) (m)) (n))) (((mul) (((mul) (m)) (n))) (n)))) (n)) (((ass2) (((mul) (m)) (n))) (n)))) (((((left-multiply) (((mul) (m)) (n))) (((mul) (((mul) (m)) (n))) (n))) (m)) (((ass1) (m)) (n)))) with weight 1.6413132273995456E-19; statement weight 2.0060427666692003E-11
2020.12.29 12:35:53:415 [INFO ] provingground.learning.TypedPostResponse.Callback.$anonfun.applyOrElse:204:33 - completed callback 'report proofs (simple)' for type TypeTag[provingground.learning.HoTTMessages.FinalState] with input hash -1468046969
2020.12.29 12:37:12:168 [INFO ] provingground.learning.HoTTBot.$anonfun:367:26 - Obtained 1609281 formal equations
2020.12.29 12:37:26:146 [INFO ] provingground.learning.TypedPostResponse.Callback.$anonfun.applyOrElse:204:33 - completed callback 'update terms' for type TypeTag[provingground.learning.HoTTMessages.FinalState] with input hash -1468046969
2020.12.29 12:38:09:182 [INFO ] provingground.learning.HoTTBot.$anonfun:265:30 - avoiding 242 types as tautologies and generators.
2020.12.29 12:38:50:249 [INFO ] provingground.learning.ErasablePostBuffer.$anon.post:115:22 - Post; tag: TypeTag[provingground.learning.HoTTMessages.Lemmas], id: (47,-318875563), hash : -318875563
2020.12.29 12:38:50:261 [INFO ] provingground.learning.TypedPostResponse.MicroBot.$anonfun.applyOrElse:255:26 - completed response 'final state to filtered lemmas' of type TypeTag[provingground.learning.HoTTMessages.Lemmas] to posts of type TypeTag[provingground.learning.HoTTMessages.FinalState] with input hash -1468046969
2020.12.29 12:38:50:273 [INFO ] provingground.learning.TypedPostResponse.MicroBot.post:241:18 - triggered response 'd05dfdfa' of type TypeTag[(provingground.learning.HoTTMessages.UsedLemmas :: provingground.learning.HoTTMessages.TangentLemmas :: shapeless.HNil) :: provingground.learning.HoTTMessages.BaseMixinLemmas :: shapeless.HNil] to post of type TypeTag[provingground.learning.HoTTMessages.Lemmas] with input hash -318875563
2020.12.29 12:38:52:132 [INFO ] provingground.learning.HoTTBot.$anonfun:1274:24 - excluded lemmas:

2020.12.29 12:38:56:254 [INFO ] provingground.learning.ErasablePostBuffer.$anon.post:115:22 - Post; tag: TypeTag[provingground.learning.HoTTMessages.UsedLemmas], id: (48,-1249542311), hash : -1249542311
2020.12.29 12:38:56:261 [INFO ] provingground.learning.ErasablePostBuffer.$anon.post:115:22 - Post; tag: TypeTag[provingground.learning.HoTTMessages.TangentLemmas], id: (49,373370776), hash : 373370776
2020.12.29 12:38:56:270 [INFO ] provingground.learning.ErasablePostBuffer.$anon.post:115:22 - Post; tag: TypeTag[provingground.learning.HoTTMessages.BaseMixinLemmas], id: (50,-1753206755), hash : -1753206755
2020.12.29 12:38:56:274 [INFO ] provingground.learning.TypedPostResponse.MicroBot.$anonfun.applyOrElse:255:26 - completed response 'd05dfdfa' of type TypeTag[(provingground.learning.HoTTMessages.UsedLemmas :: provingground.learning.HoTTMessages.TangentLemmas :: shapeless.HNil) :: provingground.learning.HoTTMessages.BaseMixinLemmas :: shapeless.HNil] to posts of type TypeTag[provingground.learning.HoTTMessages.Lemmas] with input hash -318875563
2020.12.29 12:38:56:281 [INFO ] provingground.learning.TypedPostResponse.DualMiniBotTask.post:491:20 - triggered (multiple) responses 'base state from special initial state' of type TypeTag[provingground.learning.HoTTMessages.TangentBaseState] to posts of type TypeTag[provingground.learning.HoTTMessages.BaseMixinLemmas] with input hash -1753206755
2020.12.29 12:38:56:309 [INFO ] provingground.learning.TypedPostResponse.DualMiniBotTask.taskNest:497:32 - launching 1 branches
2020.12.29 12:38:56:310 [INFO ] provingground.learning.HoTTBot.$anonfun:1499:22 - previous special init states are 2
2020.12.29 12:38:56:312 [INFO ] provingground.learning.HoTTBot.baseStateTask:1342:16 - Computing base state
2020.12.29 12:38:56:315 [INFO ] provingground.learning.HoTTBot.baseStateTask:1342:16 - Computing base state
2020.12.29 12:38:56:316 [INFO ] provingground.learning.TypedPostResponse.DualMiniBotTask.$anonfun:502:36 - launching 2 responses  of type TypeTag[provingground.learning.HoTTMessages.TangentBaseState]  to posts of type TypeTag[provingground.learning.HoTTMessages.BaseMixinLemmas] in branch
2020.12.29 12:45:27:551 [INFO ] provingground.learning.HoTTBot.baseStateTask:1349:24 - Created vector of equations
2020.12.29 12:45:44:460 [INFO ] provingground.learning.HoTTBot.baseStateTask:1349:24 - Created vector of equations
2020.12.29 12:46:40:199 [INFO ] provingground.learning.ErasablePostBuffer.$anon.post:115:22 - Post; tag: TypeTag[provingground.learning.HoTTMessages.TangentBaseState], id: (51,-1615670947), hash : -1615670947
2020.12.29 12:46:40:207 [INFO ] provingground.learning.TypedPostResponse.DualMiniBotTask.$anonfun:507:44 - remaining 1 responses of type TypeTag[provingground.learning.HoTTMessages.TangentBaseState] to posts of type TypeTag[provingground.learning.HoTTMessages.BaseMixinLemmas]
2020.12.29 12:46:51:373 [INFO ] provingground.learning.ErasablePostBuffer.$anon.post:115:22 - Post; tag: TypeTag[provingground.learning.HoTTMessages.TangentBaseState], id: (52,693383604), hash : 693383604
2020.12.29 12:46:51:379 [INFO ] provingground.learning.TypedPostResponse.DualMiniBotTask.$anonfun:507:44 - remaining 0 responses of type TypeTag[provingground.learning.HoTTMessages.TangentBaseState] to posts of type TypeTag[provingground.learning.HoTTMessages.BaseMixinLemmas]
2020.12.29 12:46:51:380 [INFO ] provingground.learning.TypedPostResponse.DualMiniBotTask.taskNest:520:22 - completed (multiple) responses 'base state from special initial state' of type TypeTag[provingground.learning.HoTTMessages.TangentBaseState] to posts of type TypeTag[provingground.learning.HoTTMessages.BaseMixinLemmas] with input hash -1753206755
2020.12.29 12:46:51:385 [INFO ] provingground.learning.PostBuffer.$anon.post:266:22 - Post; tag: TypeTag[provingground.learning.HoTTMessages.TangentBaseCompleted.type], id: (53,-1666923435), content:
TangentBaseCompleted, hash: -1666923435
2020.12.29 12:46:51:385 [INFO ] provingground.learning.TypedPostResponse.MicroBot.post:241:18 - triggered response '8b6dd9cd' of type TypeTag[provingground.learning.HoTTMessages.GeneratedEquationNodes] to post of type TypeTag[provingground.learning.HoTTMessages.TangentBaseCompleted.type] with input hash -1666923435
2020.12.29 12:54:30:221 [INFO ] provingground.learning.SimpleEquations.timedUnAppEquations:277:30 - reached cutoff limit Some(1.0E-11)
2020.12.29 12:54:46:705 [INFO ] provingground.learning.SimpleEquations.timedUnAppEquations:277:30 - reached cutoff limit Some(1.0E-11)
2020.12.29 12:54:48:277 [INFO ] provingground.learning.ErasablePostBuffer.$anon.post:115:22 - Post; tag: TypeTag[provingground.learning.HoTTMessages.GeneratedEquationNodes], id: (54,1456605739), hash : 1456605739
2020.12.29 12:54:48:283 [INFO ] provingground.learning.TypedPostResponse.MicroBot.$anonfun.applyOrElse:255:26 - completed response '8b6dd9cd' of type TypeTag[provingground.learning.HoTTMessages.GeneratedEquationNodes] to posts of type TypeTag[provingground.learning.HoTTMessages.TangentBaseCompleted.type] with input hash -1666923435
2020.12.29 12:54:48:283 [INFO ] provingground.learning.TypedPostResponse.MicroBot.post:241:18 - triggered response '865e974' of type TypeTag[provingground.learning.ExpressionEval] to post of type TypeTag[provingground.learning.HoTTMessages.GeneratedEquationNodes] with input hash 1456605739
2020.12.29 12:54:48:289 [INFO ] provingground.learning.TypedPostResponse.Callback.post:200:18 - triggered callback 'update equations' for type TypeTag[provingground.learning.HoTTMessages.GeneratedEquationNodes] with input hash 1456605739
2020.12.29 12:54:54:487 [INFO ] provingground.learning.TypedPostResponse.Callback.$anonfun.applyOrElse:204:33 - completed callback 'update equations' for type TypeTag[provingground.learning.HoTTMessages.GeneratedEquationNodes] with input hash 1456605739
2020.12.29 12:55:55:626 [INFO ] provingground.learning.ErasablePostBuffer.$anon.post:115:22 - Post; tag: TypeTag[provingground.learning.ExpressionEval], id: (55,1873393356), hash : 1873393356
2020.12.29 12:55:55:627 [INFO ] provingground.learning.TypedPostResponse.MicroBot.$anonfun.applyOrElse:255:26 - completed response '865e974' of type TypeTag[provingground.learning.ExpressionEval] to posts of type TypeTag[provingground.learning.HoTTMessages.GeneratedEquationNodes] with input hash 1456605739
2020.12.29 12:55:55:635 [INFO ] provingground.learning.TypedPostResponse.MicroBot.post:241:18 - triggered response '143b944f' of type TypeTag[provingground.learning.HoTTMessages.FinalState] to post of type TypeTag[provingground.learning.ExpressionEval] with input hash 1873393356
2020.12.29 12:55:55:635 [INFO ] provingground.learning.HoTTBot.expEvToFinalState:567:26 - computing final state
2020.12.29 12:56:20:106 [INFO ] provingground.learning.ErasablePostBuffer.$anon.post:115:22 - Post; tag: TypeTag[provingground.learning.HoTTMessages.FinalState], id: (56,-1549528541), hash : -1549528541
2020.12.29 12:56:20:117 [INFO ] provingground.learning.TypedPostResponse.MicroBot.$anonfun.applyOrElse:255:26 - completed response '143b944f' of type TypeTag[provingground.learning.HoTTMessages.FinalState] to posts of type TypeTag[provingground.learning.ExpressionEval] with input hash 1873393356
2020.12.29 12:56:20:118 [INFO ] provingground.learning.TypedPostResponse.MicroBot.post:241:18 - triggered response 'final state to filtered lemmas' of type TypeTag[provingground.learning.HoTTMessages.Lemmas] to post of type TypeTag[provingground.learning.HoTTMessages.FinalState] with input hash -1549528541
2020.12.29 12:56:20:130 [INFO ] provingground.learning.TypedPostResponse.Callback.post:200:18 - triggered callback 'update terms' for type TypeTag[provingground.learning.HoTTMessages.FinalState] with input hash -1549528541
2020.12.29 12:56:20:142 [INFO ] provingground.learning.TypedPostResponse.Callback.post:200:18 - triggered callback 'report proofs (simple)' for type TypeTag[provingground.learning.HoTTMessages.FinalState] with input hash -1549528541
2020.12.29 12:56:20:154 [INFO ] provingground.learning.TypedPostResponse.Callback.post:200:18 - triggered callback 'report proofs (simple)' for type TypeTag[provingground.learning.HoTTMessages.FinalState] with input hash -1549528541
2020.12.29 12:57:08:332 [INFO ] provingground.learning.HoTTBot.$anonfun:465:26 - Steps (in final state): 5
Lemma: (`a : M ) ~> ((`b : M ) ~> ((`c : M ) ~> ((((eqM) (`a)) (`b)) → ((((eqM) (`b)) (`c)) → (((eqM) (`a)) (`c)))))); best proof: trans with weight 0.06628995232563167; statement weight 5.222866465595962E-11
Lemma: (`$afm : M ) ~> ((((eqM) (((mul) (((mul) (m)) (n))) (((mul) (((mul) (m)) (n))) (n)))) (`$afm)) → (((eqM) (n)) (`$afm))); best proof: (`$bvtsqz :  M) ↦ (((((trans) (n)) (((mul) (((mul) (m)) (n))) (((mul) (((mul) (m)) (n))) (n)))) (`$bvtsqz)) ((((sym) (((mul) (((mul) (m)) (n))) (((mul) (((mul) (m)) (n))) (n)))) (n)) (((ass2) (((mul) (m)) (n))) (n)))) with weight 2.8300478558406158E-8; statement weight 3.749802297177386E-11
Lemma: (`b : M ) ~> ((`c : M ) ~> ((((eqM) (`b)) (`c)) → (((eqM) (((mul) (((mul) (m)) (n))) (`b))) (((mul) (((mul) (m)) (n))) (`c))))); best proof: (left-multiply) (((mul) (m)) (n)) with weight 0.00514448719508876; statement weight 1.0684461736217674E-11
Lemma: (`b : M ) ~> ((`c : M ) ~> ((((eqM) (`b)) (`c)) → (((eqM) (((mul) (`b)) (m))) (((mul) (`c)) (m))))); best proof: (right-multiply) (m) with weight 0.005132989994367907; statement weight 5.887626024149935E-13
Lemma: (`$dkp : M ) ~> ((((eqM) (((mul) (((mul) (((mul) (m)) (n))) (m))) (m))) (`$dkp)) → (((eqM) (((mul) (n)) (m))) (`$dkp))); best proof: (`$dgtoika :  M) ↦ (((((trans) (((mul) (n)) (m))) (((mul) (((mul) (((mul) (m)) (n))) (m))) (m))) (`$dgtoika)) (((((right-multiply) (m)) (n)) (((mul) (((mul) (m)) (n))) (m))) ((((((trans) (n)) (((mul) (((mul) (m)) (n))) (((mul) (((mul) (m)) (n))) (n)))) (((mul) (((mul) (m)) (n))) (m))) ((((sym) (((mul) (((mul) (m)) (n))) (((mul) (((mul) (m)) (n))) (n)))) (n)) (((ass2) (((mul) (m)) (n))) (n)))) (((((left-multiply) (((mul) (m)) (n))) (((mul) (((mul) (m)) (n))) (n))) (m)) (((ass1) (m)) (n)))))) with weight 2.7670315706629516E-21; statement weight 3.016298795170828E-13
2020.12.29 12:57:08:332 [INFO ] provingground.learning.TypedPostResponse.Callback.$anonfun.applyOrElse:204:33 - completed callback 'report proofs (simple)' for type TypeTag[provingground.learning.HoTTMessages.FinalState] with input hash -1549528541
2020.12.29 12:57:15:151 [INFO ] provingground.learning.HoTTBot.$anonfun:465:26 - Results: 9
Lemma: ((eqM) (((mul) (m)) (n))) (((mul) (n)) (m)); best proof: (((((trans) (((mul) (m)) (n))) (((mul) (((mul) (((mul) (m)) (n))) (m))) (m))) (((mul) (n)) (m))) ((((sym) (((mul) (((mul) (((mul) (m)) (n))) (m))) (m))) (((mul) (m)) (n))) (((ass1) (((mul) (m)) (n))) (m)))) (((((right-multiply) (m)) (((mul) (((mul) (m)) (n))) (m))) (n)) ((((((trans) (((mul) (((mul) (m)) (n))) (m))) (((mul) (((mul) (m)) (n))) (((mul) (((mul) (m)) (n))) (n)))) (n)) (((((left-multiply) (((mul) (m)) (n))) (m)) (((mul) (((mul) (m)) (n))) (n))) ((((sym) (((mul) (((mul) (m)) (n))) (n))) (m)) (((ass1) (m)) (n))))) (((ass2) (((mul) (m)) (n))) (n)))) with weight 5.973759938316653E-28; statement weight 2.9635626768964457E-5
Lemma: ((eqM) (((mul) (((mul) (m)) (n))) (n))) (m); best proof: ((ass1) (m)) (n) with weight 9.935204635339865E-5; statement weight 5.669384335717727E-6
Lemma: ((eqM) (((mul) (((mul) (m)) (n))) (((mul) (((mul) (m)) (n))) (n)))) (n); best proof: ((ass2) (((mul) (m)) (n))) (n) with weight 9.957458144896663E-5; statement weight 1.1957219735524371E-8
Lemma: ((eqM) (n)) (((mul) (((mul) (m)) (n))) (((mul) (((mul) (m)) (n))) (n))); best proof: (((sym) (((mul) (((mul) (m)) (n))) (((mul) (((mul) (m)) (n))) (n)))) (n)) (((ass2) (((mul) (m)) (n))) (n)) with weight 1.6786924397454647E-6; statement weight 1.246997233896257E-8
Lemma: ((eqM) (((mul) (((mul) (m)) (n))) (((mul) (((mul) (m)) (n))) (n)))) (((mul) (((mul) (m)) (n))) (m)); best proof: ((((left-multiply) (((mul) (m)) (n))) (((mul) (((mul) (m)) (n))) (n))) (m)) (((ass1) (m)) (n)) with weight 6.57384709903274E-8; statement weight 2.4200407920504134E-11
Lemma: ((eqM) (((mul) (((mul) (((mul) (m)) (n))) (m))) (m))) (((mul) (m)) (n)); best proof: ((ass1) (((mul) (m)) (n))) (m) with weight 9.957458144896663E-5; statement weight 9.351826558453417E-9
Lemma: ((eqM) (n)) (((mul) (((mul) (m)) (n))) (m)); best proof: (((((trans) (n)) (((mul) (((mul) (m)) (n))) (((mul) (((mul) (m)) (n))) (n)))) (((mul) (((mul) (m)) (n))) (m))) ((((sym) (((mul) (((mul) (m)) (n))) (((mul) (((mul) (m)) (n))) (n)))) (n)) (((ass2) (((mul) (m)) (n))) (n)))) (((((left-multiply) (((mul) (m)) (n))) (((mul) (((mul) (m)) (n))) (n))) (m)) (((ass1) (m)) (n))) 