2021.01.12 06:38:04:644 [INFO ] provingground.interface.CzSlRun:22:14 - This is a Bot based run for the Czech-Slovak olympiand problem identified by Achal, who proved this with manual choice.
This problem involves showing the left and right identity coincide given a bunch of axioms. We can only use forward reasoning
since there are no models.

There is a little domain knowledge in the tuning, with tautologies specified (to not be used as lemmas) 
and "base states" given based on what is used together. But this is largely a robust choice of parameters.
Much of the work has been in ensuring that all the hot code is parallelized.

2021.01.12 06:38:04:917 [INFO ] provingground.interface.CzSlRun:31:14 - Number of threads: 8
2021.01.12 06:38:04:919 [INFO ] provingground.interface.CzSlRun.<local CzSlRun>:33:50 - JAVA_OPTS: -Xms512m -Xmx4g -XX:+UnlockDiagnosticVMOptions -XX:+DebugNonSafepoints
2021.01.12 06:38:04:920 [INFO ] provingground.interface.CzSlRun.<local CzSlRun>:35:50 - JAVA_HOME: /home/gadgil/.cache/coursier/jvm/adopt@1.11.0-8
2021.01.12 06:38:05:894 [INFO ] provingground.learning.PostBuffer.$anon.post:266:22 - Post; tag: TypeTag[provingground.learning.HoTTMessages.TautologyInitState], id: (1,920274034), content:
TautologyInitState(TermState([trans : 0.14285714285714285, refl : 0.14285714285714285, n : 0.14285714285714285, sym : 0.14285714285714285, mul : 0.14285714285714285, m : 0.14285714285714285, ((mul) (m)) (n) : 0.14285714285714285],[M : 1.0],Vector(),[],[],{})), hash: 920274034
2021.01.12 06:38:05:917 [INFO ] provingground.learning.PostBuffer.$anon.post:266:22 - Post; tag: TypeTag[provingground.learning.HoTTMessages.SpecialInitState], id: (2,-460986993), content:
SpecialInitState(TermState([trans : 0.9, sym : 0.1],[M : 1.0],Vector(),[],[],{}),0.001,0.5,0.05,Some(TermGenParams(0.0,0.4,0.0,0.0,0.0,0.0,0.0,0.0,0.0,0.0,0.0,0.0,0.0,0.3,0.0,0.5,0.0,0.0,0.0,<function1>)),Some(2)), hash: -460986993
2021.01.12 06:38:05:918 [INFO ] provingground.learning.PostBuffer.$anon.post:266:22 - Post; tag: TypeTag[provingground.learning.HoTTMessages.SpecialInitState], id: (3,1076500542), content:
SpecialInitState(TermState([right-multiply : 0.2, m : 0.2, n : 0.2, left-multiply : 0.2, ((mul) (m)) (n) : 0.2],[M : 1.0],Vector(),[],[],{}),0.001,0.5,0.5,Some(TermGenParams(0.3,0.3,0.0,0.0,0.0,0.0,0.0,0.0,0.0,0.0,0.0,0.0,0.0,0.3,0.0,0.5,0.0,0.0,0.0,<function1>)),Some(2)), hash: 1076500542
2021.01.12 06:38:05:920 [INFO ] provingground.learning.PostBuffer.$anon.post:266:22 - Post; tag: TypeTag[provingground.learning.LocalProver], id: (4,-555667942), content:
LocalProver(TermState([m : 0.08333333333333333, refl : 0.08333333333333333, mul : 0.08333333333333333, sym : 0.08333333333333333, left-multiply : 0.08333333333333333, right-multiply : 0.08333333333333333, ass2 : 0.08333333333333333, trans : 0.08333333333333333, n : 0.08333333333333333, ((mul) (m)) (n) : 0.08333333333333333, ass1 : 0.08333333333333333, eqM : 0.08333333333333333],[M : 1.0],Vector(),[],[((eqM) (((mul) (m)) (n))) (((mul) (n)) (m)) : 1.0],{}),TermGenParams(0.1,0.1,0.0,0.0,0.0,0.0,0.0,0.0,0.0,0.0,0.0,0.0,0.0,0.3,0.0,0.5,0.0,0.0,0.0,<function1>),1.0E-5,None,12 minutes,1.01,1.0,10000,10,1.0,1.0,None,false,false,0.5,1.0,Some(1800000)), hash: -555667942
2021.01.12 06:38:05:924 [INFO ] provingground.learning.TypedPostResponse.MicroBot.post:241:18 - triggered response 'f3cc942a' of type TypeTag[provingground.learning.ExpressionEval] to post of type TypeTag[provingground.learning.LocalProver] with input hash -555667942
2021.01.12 06:38:44:873 [INFO ] provingground.learning.ErasablePostBuffer.$anon.post:115:22 - Post; tag: TypeTag[provingground.learning.ExpressionEval], id: (5,77448171), hash : 77448171
2021.01.12 06:38:44:875 [INFO ] provingground.learning.TypedPostResponse.MicroBot.$anonfun.applyOrElse:255:26 - completed response 'f3cc942a' of type TypeTag[provingground.learning.ExpressionEval] to posts of type TypeTag[provingground.learning.LocalProver] with input hash -555667942
2021.01.12 06:38:44:877 [INFO ] provingground.learning.TypedPostResponse.Callback.post:200:18 - triggered callback '67b6be9f' for type TypeTag[provingground.learning.ExpressionEval] with input hash 77448171
2021.01.12 06:38:47:528 [INFO ] provingground.learning.TypedPostResponse.Callback.$anonfun.applyOrElse:204:33 - completed callback '67b6be9f' for type TypeTag[provingground.learning.ExpressionEval] with input hash 77448171
2021.01.12 06:38:47:528 [INFO ] provingground.learning.TypedPostResponse.MicroBot.post:241:18 - triggered response 'd1b8162a' of type TypeTag[provingground.learning.HoTTMessages.FinalState] to post of type TypeTag[provingground.learning.ExpressionEval] with input hash 77448171
2021.01.12 06:38:47:530 [INFO ] provingground.learning.HoTTBot.expEvToFinalState:568:26 - computing final state
2021.01.12 06:38:48:792 [INFO ] provingground.learning.ErasablePostBuffer.$anon.post:115:22 - Post; tag: TypeTag[provingground.learning.HoTTMessages.FinalState], id: (6,1401992325), hash : 1401992325
2021.01.12 06:38:48:793 [INFO ] provingground.learning.TypedPostResponse.MicroBot.$anonfun.applyOrElse:255:26 - completed response 'd1b8162a' of type TypeTag[provingground.learning.HoTTMessages.FinalState] to posts of type TypeTag[provingground.learning.ExpressionEval] with input hash 77448171
2021.01.12 06:38:48:795 [INFO ] provingground.learning.TypedPostResponse.Callback.post:200:18 - triggered callback 'update terms' for type TypeTag[provingground.learning.HoTTMessages.FinalState] with input hash 1401992325
2021.01.12 06:38:50:070 [INFO ] provingground.learning.HoTTBot.$anonfun:368:26 - Obtained 53918 formal equations
2021.01.12 06:38:50:293 [INFO ] provingground.learning.TypedPostResponse.Callback.$anonfun.applyOrElse:204:33 - completed callback 'update terms' for type TypeTag[provingground.learning.HoTTMessages.FinalState] with input hash 1401992325
2021.01.12 06:38:50:294 [INFO ] provingground.learning.TypedPostResponse.Callback.post:200:18 - triggered callback 'report proofs' for type TypeTag[provingground.learning.HoTTMessages.FinalState] with input hash 1401992325
2021.01.12 06:38:50:882 [INFO ] provingground.learning.HoTTBot.$anonfun:423:26 - Results: 5
Lemma: ((eqM) (((mul) (((mul) (m)) (n))) (n))) (m); best proof: ((ass1) (m)) (n) with weight 9.410526082508905E-6; statement weight 1.0410509014533064E-5
Lemma: ((eqM) (((mul) (((mul) (m)) (n))) (((mul) (((mul) (m)) (n))) (n)))) (n); best proof: ((ass2) (((mul) (m)) (n))) (n) with weight 3.409587270947419E-5; statement weight 4.3614297807797165E-8
Lemma: ((eqM) (n)) (((mul) (((mul) (m)) (n))) (((mul) (((mul) (m)) (n))) (n))); best proof: (((sym) (((mul) (((mul) (m)) (n))) (((mul) (((mul) (m)) (n))) (n)))) (n)) (((ass2) (((mul) (m)) (n))) (n)) with weight 3.030770443278598E-7; statement weight 4.681423832160785E-8
Lemma: ((eqM) (((mul) (((mul) (m)) (n))) (((mul) (((mul) (m)) (n))) (n)))) (((mul) (((mul) (m)) (n))) (m)); best proof: ((((left-multiply) (((mul) (m)) (n))) (((mul) (((mul) (m)) (n))) (n))) (m)) (((ass1) (m)) (n)) with weight 4.434574486976099E-9; statement weight 1.9613285903613254E-10
Lemma: ((eqM) (((mul) (((mul) (((mul) (m)) (n))) (m))) (m))) (((mul) (m)) (n)); best proof: ((ass1) (((mul) (m)) (n))) (m) with weight 3.409587270947419E-5; statement weight 3.1444138932680635E-8
2021.01.12 06:38:50:885 [INFO ] provingground.learning.TypedPostResponse.Callback.$anonfun.applyOrElse:204:33 - completed callback 'report proofs' for type TypeTag[provingground.learning.HoTTMessages.FinalState] with input hash 1401992325
2021.01.12 06:38:50:886 [INFO ] provingground.learning.TypedPostResponse.MicroBot.post:241:18 - triggered response 'final state to filtered lemmas' of type TypeTag[provingground.learning.HoTTMessages.Lemmas] to post of type TypeTag[provingground.learning.HoTTMessages.FinalState] with input hash 1401992325
2021.01.12 06:38:52:588 [INFO ] provingground.learning.HoTTBot.$anonfun:266:30 - avoiding 242 types as tautologies and generators.
2021.01.12 06:38:52:754 [INFO ] provingground.learning.ErasablePostBuffer.$anon.post:115:22 - Post; tag: TypeTag[provingground.learning.HoTTMessages.Lemmas], id: (7,-1451493619), hash : -1451493619
2021.01.12 06:38:52:756 [INFO ] provingground.learning.TypedPostResponse.MicroBot.$anonfun.applyOrElse:255:26 - completed response 'final state to filtered lemmas' of type TypeTag[provingground.learning.HoTTMessages.Lemmas] to posts of type TypeTag[provingground.learning.HoTTMessages.FinalState] with input hash 1401992325
2021.01.12 06:38:52:757 [INFO ] provingground.learning.TypedPostResponse.MicroBot.post:241:18 - triggered response 'ca4bf37c' of type TypeTag[(provingground.learning.HoTTMessages.UsedLemmas :: provingground.learning.HoTTMessages.TangentLemmas :: shapeless.HNil) :: provingground.learning.HoTTMessages.BaseMixinLemmas :: shapeless.HNil] to post of type TypeTag[provingground.learning.HoTTMessages.Lemmas] with input hash -1451493619
2021.01.12 06:38:52:783 [INFO ] provingground.learning.ErasablePostBuffer.$anon.post:115:22 - Post; tag: TypeTag[provingground.learning.HoTTMessages.UsedLemmas], id: (8,-1771812371), hash : -1771812371
2021.01.12 06:38:52:784 [INFO ] provingground.learning.ErasablePostBuffer.$anon.post:115:22 - Post; tag: TypeTag[provingground.learning.HoTTMessages.TangentLemmas], id: (9,1855056852), hash : 1855056852
2021.01.12 06:38:52:785 [INFO ] provingground.learning.ErasablePostBuffer.$anon.post:115:22 - Post; tag: TypeTag[provingground.learning.HoTTMessages.BaseMixinLemmas], id: (10,1451542721), hash : 1451542721
2021.01.12 06:38:52:786 [INFO ] provingground.learning.TypedPostResponse.MicroBot.$anonfun.applyOrElse:255:26 - completed response 'ca4bf37c' of type TypeTag[(provingground.learning.HoTTMessages.UsedLemmas :: provingground.learning.HoTTMessages.TangentLemmas :: shapeless.HNil) :: provingground.learning.HoTTMessages.BaseMixinLemmas :: shapeless.HNil] to posts of type TypeTag[provingground.learning.HoTTMessages.Lemmas] with input hash -1451493619
2021.01.12 06:38:52:788 [INFO ] provingground.learning.TypedPostResponse.DualMiniBotTask.post:491:20 - triggered (multiple) responses 'base state from special initial state' of type TypeTag[provingground.learning.HoTTMessages.TangentBaseState] to posts of type TypeTag[provingground.learning.HoTTMessages.BaseMixinLemmas] with input hash 1451542721
2021.01.12 06:38:52:796 [INFO ] provingground.learning.TypedPostResponse.DualMiniBotTask.taskNest:497:32 - launching 1 branches
2021.01.12 06:38:52:799 [INFO ] provingground.learning.HoTTBot.$anonfun:1505:22 - previous special init states are 2
2021.01.12 06:38:52:802 [INFO ] provingground.learning.HoTTBot.baseStateTask:1347:16 - Computing base state
2021.01.12 06:38:52:805 [INFO ] provingground.learning.HoTTBot.baseStateTask:1347:16 - Computing base state
2021.01.12 06:38:52:806 [INFO ] provingground.learning.TypedPostResponse.DualMiniBotTask.$anonfun:502:36 - launching 2 responses  of type TypeTag[provingground.learning.HoTTMessages.TangentBaseState]  to posts of type TypeTag[provingground.learning.HoTTMessages.BaseMixinLemmas] in branch
2021.01.12 06:38:53:134 [INFO ] provingground.learning.HoTTBot.baseStateTask:1354:24 - Created vector of equations
2021.01.12 06:38:53:137 [INFO ] provingground.learning.HoTTBot.baseStateTask:1354:24 - Created vector of equations
2021.01.12 06:38:54:949 [INFO ] provingground.learning.ErasablePostBuffer.$anon.post:115:22 - Post; tag: TypeTag[provingground.learning.HoTTMessages.TangentBaseState], id: (11,-1931402823), hash : -1931402823
2021.01.12 06:38:54:951 [INFO ] provingground.learning.TypedPostResponse.DualMiniBotTask.$anonfun:507:44 - remaining 1 responses of type TypeTag[provingground.learning.HoTTMessages.TangentBaseState] to posts of type TypeTag[provingground.learning.HoTTMessages.BaseMixinLemmas]
2021.01.12 06:38:55:016 [INFO ] provingground.learning.ErasablePostBuffer.$anon.post:115:22 - Post; tag: TypeTag[provingground.learning.HoTTMessages.TangentBaseState], id: (12,-1944486179), hash : -1944486179
2021.01.12 06:38:55:017 [INFO ] provingground.learning.TypedPostResponse.DualMiniBotTask.$anonfun:507:44 - remaining 0 responses of type TypeTag[provingground.learning.HoTTMessages.TangentBaseState] to posts of type TypeTag[provingground.learning.HoTTMessages.BaseMixinLemmas]
2021.01.12 06:38:55:018 [INFO ] provingground.learning.TypedPostResponse.DualMiniBotTask.taskNest:520:22 - completed (multiple) responses 'base state from special initial state' of type TypeTag[provingground.learning.HoTTMessages.TangentBaseState] to posts of type TypeTag[provingground.learning.HoTTMessages.BaseMixinLemmas] with input hash 1451542721
2021.01.12 06:38:55:020 [INFO ] provingground.learning.PostBuffer.$anon.post:266:22 - Post; tag: TypeTag[provingground.learning.HoTTMessages.TangentBaseCompleted.type], id: (13,-1666923435), content:
TangentBaseCompleted, hash: -1666923435
2021.01.12 06:38:55:024 [INFO ] provingground.learning.TypedPostResponse.MicroBot.post:241:18 - triggered response 'parallel generation equations' of type TypeTag[provingground.learning.HoTTMessages.GeneratedEquationNodes] to post of type TypeTag[provingground.learning.HoTTMessages.TangentBaseCompleted.type] with input hash -1666923435
2021.01.12 06:39:00:796 [INFO ] provingground.learning.ErasablePostBuffer.$anon.post:115:22 - Post; tag: TypeTag[provingground.learning.HoTTMessages.GeneratedEquationNodes], id: (14,-1297726597), hash : -1297726597
2021.01.12 06:39:00:803 [INFO ] provingground.learning.TypedPostResponse.MicroBot.$anonfun.applyOrElse:255:26 - completed response 'parallel generation equations' of type TypeTag[provingground.learning.HoTTMessages.GeneratedEquationNodes] to posts of type TypeTag[provingground.learning.HoTTMessages.TangentBaseCompleted.type] with input hash -1666923435
2021.01.12 06:39:00:804 [INFO ] provingground.learning.TypedPostResponse.MicroBot.post:241:18 - triggered response '7200bcb0' of type TypeTag[provingground.learning.ExpressionEval] to post of type TypeTag[provingground.learning.HoTTMessages.GeneratedEquationNodes] with input hash -1297726597
2021.01.12 06:39:00:810 [INFO ] provingground.learning.TypedPostResponse.Callback.post:200:18 - triggered callback 'update equations' for type TypeTag[provingground.learning.HoTTMessages.GeneratedEquationNodes] with input hash -1297726597
2021.01.12 06:39:02:880 [INFO ] provingground.learning.TypedPostResponse.Callback.$anonfun.applyOrElse:204:33 - completed callback 'update equations' for type TypeTag[provingground.learning.HoTTMessages.GeneratedEquationNodes] with input hash -1297726597
2021.01.12 06:39:05:103 [INFO ] provingground.learning.ErasablePostBuffer.$anon.post:115:22 - Post; tag: TypeTag[provingground.learning.ExpressionEval], id: (15,530504614), hash : 530504614
2021.01.12 06:39:05:104 [INFO ] provingground.learning.TypedPostResponse.MicroBot.$anonfun.applyOrElse:255:26 - completed response '7200bcb0' of type TypeTag[provingground.learning.ExpressionEval] to posts of type TypeTag[provingground.learning.HoTTMessages.GeneratedEquationNodes] with input hash -1297726597
2021.01.12 06:39:05:106 [INFO ] provingground.learning.TypedPostResponse.MicroBot.post:241:18 - triggered response 'd1b8162a' of type TypeTag[provingground.learning.HoTTMessages.FinalState] to post of type TypeTag[provingground.learning.ExpressionEval] with input hash 530504614
2021.01.12 06:39:05:106 [INFO ] provingground.learning.HoTTBot.expEvToFinalState:568:26 - computing final state
2021.01.12 06:39:06:820 [INFO ] provingground.learning.ErasablePostBuffer.$anon.post:115:22 - Post; tag: TypeTag[provingground.learning.HoTTMessages.FinalState], id: (16,-99103281), hash : -99103281
2021.01.12 06:39:06:821 [INFO ] provingground.learning.TypedPostResponse.MicroBot.$anonfun.applyOrElse:255:26 - completed response 'd1b8162a' of type TypeTag[provingground.learning.HoTTMessages.FinalState] to posts of type TypeTag[provingground.learning.ExpressionEval] with input hash 530504614
2021.01.12 06:39:06:822 [INFO ] provingground.learning.TypedPostResponse.MicroBot.post:241:18 - triggered response 'final state to filtered lemmas' of type TypeTag[provingground.learning.HoTTMessages.Lemmas] to post of type TypeTag[provingground.learning.HoTTMessages.FinalState] with input hash -99103281
2021.01.12 06:39:06:823 [INFO ] provingground.learning.TypedPostResponse.Callback.post:200:18 - triggered callback 'update terms' for type TypeTag[provingground.learning.HoTTMessages.FinalState] with input hash -99103281
2021.01.12 06:39:06:824 [INFO ] provingground.learning.TypedPostResponse.Callback.post:200:18 - triggered callback 'report proofs (simple)' for type TypeTag[provingground.learning.HoTTMessages.FinalState] with input hash -99103281
2021.01.12 06:39:06:825 [INFO ] provingground.learning.TypedPostResponse.Callback.post:200:18 - triggered callback 'report proofs (simple)' for type TypeTag[provingground.learning.HoTTMessages.FinalState] with input hash -99103281
2021.01.12 06:39:07:707 [INFO ] provingground.learning.HoTTBot.$anonfun:466:26 - Steps (in final state): 4
Lemma: (`a : M ) ~> ((`b : M ) ~> ((`c : M ) ~> ((((eqM) (`a)) (`b)) → ((((eqM) (`b)) (`c)) → (((eqM) (`a)) (`c)))))); best proof: trans with weight 0.07219950709141326; statement weight 5.5357667861677987E-11
Lemma: (`$afm : M ) ~> ((((eqM) (((mul) (((mul) (m)) (n))) (((mul) (((mul) (m)) (n))) (n)))) (`$afm)) → (((eqM) (n)) (`$afm))); best proof: (`$eeepdf :  M) ↦ (((((trans) (n)) (((mul) (((mul) (m)) (n))) (((mul) (((mul) (m)) (n))) (n)))) (`$eeepdf)) ((((sym) (((mul) (((mul) (m)) (n))) (((mul) (((mul) (m)) (n))) (n)))) (n)) (((ass2) (((mul) (m)) (n))) (n)))) with weight 4.447908680755533E-9; statement weight 1.0033728787095884E-10
Lemma: (`b : M ) ~> ((`c : M ) ~> ((((eqM) (`b)) (`c)) → (((eqM) (((mul) (((mul) (m)) (n))) (`b))) (((mul) (((mul) (m)) (n))) (`c))))); best proof: (left-multiply) (((mul) (m)) (n)) with weight 0.0028547593086735395; statement weight 1.5180991865803898E-11
Lemma: (`b : M ) ~> ((`c : M ) ~> ((((eqM) (`b)) (`c)) → (((eqM) (((mul) (`b)) (m))) (((mul) (`c)) (m))))); best proof: (right-multiply) (m) with weight 0.0012033251181902333; statement weight 7.117847378407778E-13
2021.01.12 06:39:07:708 [INFO ] provingground.learning.TypedPostResponse.Callback.$anonfun.applyOrElse:204:33 - completed callback 'report proofs (simple)' for type TypeTag[provingground.learning.HoTTMessages.FinalState] with input hash -99103281
2021.01.12 06:39:07:729 [INFO ] provingground.learning.HoTTBot.$anonfun:466:26 - Results: 5
Lemma: ((eqM) (((mul) (((mul) (m)) (n))) (n))) (m); best proof: ((ass1) (m)) (n) with weight 8.562057814161065E-6; statement weight 1.0214023388106246E-5
Lemma: ((eqM) (((mul) (((mul) (m)) (n))) (((mul) (((mul) (m)) (n))) (n)))) (n); best proof: ((ass2) (((mul) (m)) (n))) (n) with weight 3.202494056434177E-5; statement weight 4.265559922481523E-8
Lemma: ((eqM) (n)) (((mul) (((mul) (m)) (n))) (((mul) (((mul) (m)) (n))) (n))); best proof: (((sym) (((mul) (((mul) (m)) (n))) (((mul) (((mul) (m)) (n))) (n)))) (n)) (((ass2) (((mul) (m)) (n))) (n)) with weight 5.337490267848834E-7; statement weight 4.568030621095434E-8
Lemma: ((eqM) (((mul) (((mul) (m)) (n))) (((mul) (((mul) (m)) (n))) (n)))) (((mul) (((mul) (m)) (n))) (m)); best proof: ((((left-multiply) (((mul) (m)) (n))) (((mul) (((mul) (m)) (n))) (n))) (m)) (((ass1) (m)) (n)) with weight 9.635374562685094E-9; statement weight 1.907691771320006E-10
Lemma: ((eqM) (((mul) (((mul) (((mul) (m)) (n))) (m))) (m))) (((mul) (m)) (n)); best proof: ((ass1) (((mul) (m)) (n))) (m) with weight 3.202494056434177E-5; statement weight 3.120057145111355E-8
2021.01.12 06:39:07:729 [INFO ] provingground.learning.TypedPostResponse.Callback.$anonfun.applyOrElse:204:33 - completed callback 'report proofs (simple)' for type TypeTag[provingground.learning.HoTTMessages.FinalState] with input hash -99103281
2021.01.12 06:39:10:136 [INFO ] provingground.learning.HoTTBot.$anonfun:368:26 - Obtained 136939 formal equations
2021.01.12 06:39:10:484 [INFO ] provingground.learning.TypedPostResponse.Callback.$anonfun.applyOrElse:204:33 - completed callback 'update terms' for type TypeTag[provingground.learning.HoTTMessages.FinalState] with input hash -99103281
2021.01.12 06:39:13:487 [INFO ] provingground.learning.HoTTBot.$anonfun:266:30 - avoiding 242 types as tautologies and generators.
2021.01.12 06:39:13:862 [INFO ] provingground.learning.ErasablePostBuffer.$anon.post:115:22 - Post; tag: TypeTag[provingground.learning.HoTTMessages.Lemmas], id: (17,-724381245), hash : -724381245
2021.01.12 06:39:13:863 [INFO ] provingground.learning.TypedPostResponse.MicroBot.$anonfun.applyOrElse:255:26 - completed response 'final state to filtered lemmas' of type TypeTag[provingground.learning.HoTTMessages.Lemmas] to posts of type TypeTag[provingground.learning.HoTTMessages.FinalState] with input hash -99103281
2021.01.12 06:39:13:864 [INFO ] provingground.learning.TypedPostResponse.MicroBot.post:241:18 - triggered response 'ca4bf37c' of type TypeTag[(provingground.learning.HoTTMessages.UsedLemmas :: provingground.learning.HoTTMessages.TangentLemmas :: shapeless.HNil) :: provingground.learning.HoTTMessages.BaseMixinLemmas :: shapeless.HNil] to post of type TypeTag[provingground.learning.HoTTMessages.Lemmas] with input hash -724381245
2021.01.12 06:39:13:895 [INFO ] provingground.learning.ErasablePostBuffer.$anon.post:115:22 - Post; tag: TypeTag[provingground.learning.HoTTMessages.UsedLemmas], id: (18,-534513555), hash : -534513555
2021.01.12 06:39:13:896 [INFO ] provingground.learning.ErasablePostBuffer.$anon.post:115:22 - Post; tag: TypeTag[provingground.learning.HoTTMessages.TangentLemmas], id: (19,744537265), hash : 744537265
2021.01.12 06:39:13:897 [INFO ] provingground.learning.ErasablePostBuffer.$anon.post:115:22 - Post; tag: TypeTag[provingground.learning.HoTTMessages.BaseMixinLemmas], id: (20,-862997856), hash : -862997856
2021.01.12 06:39:13:898 [INFO ] provingground.learning.TypedPostResponse.MicroBot.$anonfun.applyOrElse:255:26 - completed response 'ca4bf37c' of type TypeTag[(provingground.learning.HoTTMessages.UsedLemmas :: provingground.learning.HoTTMessages.TangentLemmas :: shapeless.HNil) :: provingground.learning.HoTTMessages.BaseMixinLemmas :: shapeless.HNil] to posts of type TypeTag[provingground.learning.HoTTMessages.Lemmas] with input hash -724381245
2021.01.12 06:39:13:899 [INFO ] provingground.learning.TypedPostResponse.DualMiniBotTask.post:491:20 - triggered (multiple) responses 'base state from special initial state' of type TypeTag[provingground.learning.HoTTMessages.TangentBaseState] to posts of type TypeTag[provingground.learning.HoTTMessages.BaseMixinLemmas] with input hash -862997856
2021.01.12 06:39:13:903 [INFO ] provingground.learning.TypedPostResponse.DualMiniBotTask.taskNest:497:32 - launching 1 branches
2021.01.12 06:39:13:904 [INFO ] provingground.learning.HoTTBot.$anonfun:1505:22 - previous special init states are 2
2021.01.12 06:39:13:904 [INFO ] provingground.learning.HoTTBot.baseStateTask:1347:16 - Computing base state
2021.01.12 06:39:13:905 [INFO ] provingground.learning.HoTTBot.baseStateTask:1347:16 - Computing base state
2021.01.12 06:39:13:905 [INFO ] provingground.learning.TypedPostResponse.DualMiniBotTask.$anonfun:502:36 - launching 2 responses  of type TypeTag[provingground.learning.HoTTMessages.TangentBaseState]  to posts of type TypeTag[provingground.learning.HoTTMessages.BaseMixinLemmas] in branch
2021.01.12 06:39:22:158 [INFO ] provingground.learning.HoTTBot.baseStateTask:1354:24 - Created vector of equations
2021.01.12 06:39:23:217 [INFO ] provingground.learning.HoTTBot.baseStateTask:1354:24 - Created vector of equations
2021.01.12 06:39:25:519 [INFO ] provingground.learning.ErasablePostBuffer.$anon.post:115:22 - Post; tag: TypeTag[provingground.learning.HoTTMessages.TangentBaseState], id: (21,-652027172), hash : -652027172
2021.01.12 06:39:28:159 [INFO ] provingground.learning.TypedPostResponse.DualMiniBotTask.$anonfun:507:44 - remaining 1 responses of type TypeTag[provingground.learning.HoTTMessages.TangentBaseState] to posts of type TypeTag[provingground.learning.HoTTMessages.BaseMixinLemmas]
