2020.06.29 07:40:40 [INFO] provingground.learning.PostBuffer.$anon.post:244:22 - Post; tag: TypeTag[provingground.learning.HoTTMessages.TautologyInitState], id: (1,920274034), content:
TautologyInitState(TermState([trans : 0.14285714285714285, refl : 0.14285714285714285, n : 0.14285714285714285, sym : 0.14285714285714285, mul : 0.14285714285714285, m : 0.14285714285714285, ((mul) (m)) (n) : 0.14285714285714285],[M : 1.0],Vector(),[],[],Empty))
2020.06.29 07:40:40 [INFO] provingground.learning.PostBuffer.$anon.post:244:22 - Post; tag: TypeTag[provingground.learning.HoTTMessages.SpecialInitState], id: (2,1524053949), content:
SpecialInitState(TermState([trans : 0.9, sym : 0.1],[M : 1.0],Vector(),[],[],Empty),0.001,0.5,0.05,Some(TermGenParams(0.0,0.4,0.0,0.0,0.0,0.0,0.0,0.0,0.0,0.0,0.0,0.0,0.0,0.3,0.7,0.5,0.0,0.0,0.0,<function1>)),Some(2))
2020.06.29 07:40:40 [INFO] provingground.learning.PostBuffer.$anon.post:244:22 - Post; tag: TypeTag[provingground.learning.HoTTMessages.SpecialInitState], id: (3,-495927899), content:
SpecialInitState(TermState([right-multiply : 0.2, m : 0.2, n : 0.2, left-multiply : 0.2, ((mul) (m)) (n) : 0.2],[M : 1.0],Vector(),[],[],Empty),0.001,0.5,0.5,Some(TermGenParams(0.4,0.0,0.0,0.0,0.0,0.0,0.0,0.0,0.0,0.0,0.0,0.0,0.0,0.3,0.7,0.5,0.0,0.0,0.0,<function1>)),Some(2))
2020.06.29 07:40:40 [INFO] provingground.learning.PostBuffer.$anon.post:244:22 - Post; tag: TypeTag[provingground.learning.LocalProver], id: (4,-1714505229), content:
LocalProver(TermState([m : 0.08333333333333333, refl : 0.08333333333333333, mul : 0.08333333333333333, sym : 0.08333333333333333, left-multiply : 0.08333333333333333, right-multiply : 0.08333333333333333, ass2 : 0.08333333333333333, trans : 0.08333333333333333, n : 0.08333333333333333, ((mul) (m)) (n) : 0.08333333333333333, ass1 : 0.08333333333333333, eqM : 0.08333333333333333],[M : 1.0],Vector(),[],[((eqM) (((mul) (m)) (n))) (((mul) (n)) (m)) : 1.0],Empty),TermGenParams(0.1,0.1,0.0,0.0,0.0,0.0,0.0,0.0,0.0,0.0,0.0,0.0,0.0,0.3,0.7,0.5,0.0,0.0,0.0,<function1>),1.0E-4,None,12 minutes,1.01,1.0,10000,10,1.0,1.0,None,false,false,0.5,1.0,Some(500000))
2020.06.29 07:40:40 [INFO] provingground.learning.TypedPostResponse.MicroBot.post:227:18 - triggered response of type TypeTag[provingground.learning.ExpressionEval] to posts of type TypeTag[provingground.learning.LocalProver]
2020.06.29 07:40:54 [INFO] provingground.learning.ExpressionEval.initMap:121:22 - Computing initial map with 5805 atoms
2020.06.29 07:40:54 [INFO] provingground.learning.ExpressionEval.initMap:123:22 - Computed initial values
2020.06.29 07:40:54 [INFO] provingground.learning.ExpressionEval.initMap:127:22 - Computed vector for map, size 1068
2020.06.29 07:40:54 [INFO] provingground.learning.ExpressionEval.initMap:128:22 - Zero initial values are 4570
2020.06.29 07:40:54 [INFO] provingground.learning.ExpressionEval.initMap:130:22 - Computed map
2020.06.29 07:40:54 [INFO] provingground.learning.PostBuffer.$anon.post:244:22 - Post; tag: TypeTag[provingground.learning.ExpressionEval], id: (5,1798831665), content:
provingground.learning.ExpressionEval$$anon$2@6b37fe31
2020.06.29 07:40:54 [INFO] provingground.learning.TypedPostResponse.Callback.post:188:18 - triggered callback for type TypeTag[provingground.learning.ExpressionEval]
2020.06.29 07:40:54 [INFO] provingground.learning.TypedPostResponse.MicroBot.post:227:18 - triggered response of type TypeTag[provingground.learning.HoTTMessages.FinalState] to posts of type TypeTag[provingground.learning.ExpressionEval]
2020.06.29 07:40:54 [INFO] provingground.learning.HoTTBot.expEvToFinalState:477:26 - computing final state
2020.06.29 07:40:54 [INFO] provingground.learning.ExprCalc.finalVec:734:22 - Computing final vector, with maximum time Some(500000), exponent: 0.5, decay: 1.0
2020.06.29 07:40:54 [INFO] provingground.learning.ExprCalc.finalVec:737:22 - Number of equations: 4128
