[0m2021.01.19 07:04:19:106 [main      ] [[34mINFO [0m] [32mprovingground.interface.CzSlRun.CzSlRun:22[0m - This is a Bot based run for the Czech-Slovak olympiand problem identified by Achal, who proved this with manual choice.
This problem involves showing the left and right identity coincide given a bunch of axioms. We can only use forward reasoning
since there are no models.

There is a little domain knowledge in the tuning, with tautologies specified (to not be used as lemmas) 
and "base states" given based on what is used together. But this is largely a robust choice of parameters.
Much of the work has been in ensuring that all the hot code is parallelized.
[0m
[0m2021.01.19 07:04:19:143 [main      ] [[34mINFO [0m] [32mprovingground.interface.CzSlRun.CzSlRun:31[0m - Number of threads: 8[0m
[0m2021.01.19 07:04:19:145 [main      ] [[34mINFO [0m] [32mprovingground.interface.CzSlRun.CzSlRun:33[0m - JAVA_OPTS: -Xms512m -Xmx4g -XX:+UnlockDiagnosticVMOptions -XX:+DebugNonSafepoints[0m
[0m2021.01.19 07:04:19:147 [main      ] [[34mINFO [0m] [32mprovingground.interface.CzSlRun.CzSlRun:35[0m - JAVA_HOME: /home/gadgil/.cache/coursier/jvm/adopt@1.11.0-8[0m
[0m2021.01.19 07:04:20:020 [scala-e...] [[34mINFO [0m] [32mprovingground.learning.PostBuffer.post:307[0m - Post; tag: TypeTag[provingground.learning.HoTTMessages.TautologyInitState], id: (1,920274034), content:
TautologyInitState(TermState([trans : 0.14285714285714285, refl : 0.14285714285714285, n : 0.14285714285714285, sym : 0.14285714285714285, mul : 0.14285714285714285, m : 0.14285714285714285, ((mul) (m)) (n) : 0.14285714285714285],[M : 1.0],Vector(),[],[],{})), hash: 920274034[0m
[0m2021.01.19 07:04:20:040 [scala-e...] [[34mINFO [0m] [32mprovingground.learning.PostBuffer.post:307[0m - Post; tag: TypeTag[provingground.learning.HoTTMessages.SpecialInitState], id: (2,-460986993), content:
SpecialInitState(TermState([trans : 0.9, sym : 0.1],[M : 1.0],Vector(),[],[],{}),0.001,0.5,0.05,Some(TermGenParams(0.0,0.4,0.0,0.0,0.0,0.0,0.0,0.0,0.0,0.0,0.0,0.0,0.0,0.3,0.0,0.5,0.0,0.0,0.0,<function1>)),Some(2)), hash: -460986993[0m
[0m2021.01.19 07:04:20:042 [scala-e...] [[34mINFO [0m] [32mprovingground.learning.PostBuffer.post:307[0m - Post; tag: TypeTag[provingground.learning.HoTTMessages.SpecialInitState], id: (3,1076500542), content:
SpecialInitState(TermState([right-multiply : 0.2, m : 0.2, n : 0.2, left-multiply : 0.2, ((mul) (m)) (n) : 0.2],[M : 1.0],Vector(),[],[],{}),0.001,0.5,0.5,Some(TermGenParams(0.3,0.3,0.0,0.0,0.0,0.0,0.0,0.0,0.0,0.0,0.0,0.0,0.0,0.3,0.0,0.5,0.0,0.0,0.0,<function1>)),Some(2)), hash: 1076500542[0m
[0m2021.01.19 07:04:20:044 [scala-e...] [[34mINFO [0m] [32mprovingground.learning.PostBuffer.post:307[0m - Post; tag: TypeTag[provingground.learning.LocalProver], id: (4,-555667942), content:
LocalProver(TermState([m : 0.08333333333333333, refl : 0.08333333333333333, mul : 0.08333333333333333, sym : 0.08333333333333333, left-multiply : 0.08333333333333333, right-multiply : 0.08333333333333333, ass2 : 0.08333333333333333, trans : 0.08333333333333333, n : 0.08333333333333333, ((mul) (m)) (n) : 0.08333333333333333, ass1 : 0.08333333333333333, eqM : 0.08333333333333333],[M : 1.0],Vector(),[],[((eqM) (((mul) (m)) (n))) (((mul) (n)) (m)) : 1.0],{}),TermGenParams(0.1,0.1,0.0,0.0,0.0,0.0,0.0,0.0,0.0,0.0,0.0,0.0,0.0,0.3,0.0,0.5,0.0,0.0,0.0,<function1>),1.0E-5,None,12 minutes,1.01,1.0,10000,10,1.0,1.0,None,false,false,0.5,1.0,Some(1800000)), hash: -555667942[0m
[0m2021.01.19 07:04:20:049 [scala-e...] [[34mINFO [0m] [32mprovingground.learning.PostResponse.post:275[0m - triggered response '8c292123' of type TypeTag[provingground.learning.ExpressionEval] to post of type TypeTag[provingground.learning.LocalProver] with input hash -555667942[0m
[0m2021.01.19 07:04:59:208 [scala-e...] [[34mINFO [0m] [32mprovingground.learning.PostBuffer.post:133[0m - Post; tag: TypeTag[provingground.learning.ExpressionEval], id: (5,1038794759), hash : 1038794759[0m
[0m2021.01.19 07:04:59:211 [scala-e...] [[34mINFO [0m] [32mprovingground.learning.PostResponse.applyOrElse:289[0m - completed response '8c292123' of type TypeTag[provingground.learning.ExpressionEval] to posts of type TypeTag[provingground.learning.LocalProver] with input hash -555667942[0m
[0m2021.01.19 07:04:59:213 [scala-e...] [[34mINFO [0m] [32mprovingground.learning.PostResponse.post:223[0m - triggered callback '9af54392' for type TypeTag[provingground.learning.ExpressionEval] with input hash 1038794759[0m
[0m2021.01.19 07:05:02:018 [scala-e...] [[34mINFO [0m] [32mprovingground.learning.PostResponse.applyOrElse:227[0m - completed callback '9af54392' for type TypeTag[provingground.learning.ExpressionEval] with input hash 1038794759[0m
[0m2021.01.19 07:05:02:019 [scala-e...] [[34mINFO [0m] [32mprovingground.learning.PostResponse.post:275[0m - triggered response '8280b60e' of type TypeTag[provingground.learning.HoTTMessages.FinalState] to post of type TypeTag[provingground.learning.ExpressionEval] with input hash 1038794759[0m
[0m2021.01.19 07:05:02:021 [scala-e...] [[34mINFO [0m] [32mprovingground.learning.HoTTBot.expEvToFinalState:568[0m - computing final state[0m
[0m2021.01.19 07:05:03:773 [scala-e...] [[34mINFO [0m] [32mprovingground.learning.PostBuffer.post:133[0m - Post; tag: TypeTag[provingground.learning.HoTTMessages.FinalState], id: (6,1263344330), hash : 1263344330[0m
[0m2021.01.19 07:05:03:774 [scala-e...] [[34mINFO [0m] [32mprovingground.learning.PostResponse.applyOrElse:289[0m - completed response '8280b60e' of type TypeTag[provingground.learning.HoTTMessages.FinalState] to posts of type TypeTag[provingground.learning.ExpressionEval] with input hash 1038794759[0m
[0m2021.01.19 07:05:03:775 [scala-e...] [[34mINFO [0m] [32mprovingground.learning.PostResponse.post:223[0m - triggered callback 'update terms' for type TypeTag[provingground.learning.HoTTMessages.FinalState] with input hash 1263344330[0m
[0m2021.01.19 07:05:05:130 [scala-e...] [[34mINFO [0m] [32mprovingground.learning.HoTTBot.updateTerms:368[0m - Obtained 56732 formal equations[0m
[0m2021.01.19 07:05:05:345 [scala-e...] [[34mINFO [0m] [32mprovingground.learning.PostResponse.applyOrElse:227[0m - completed callback 'update terms' for type TypeTag[provingground.learning.HoTTMessages.FinalState] with input hash 1263344330[0m
[0m2021.01.19 07:05:05:346 [scala-e...] [[34mINFO [0m] [32mprovingground.learning.PostResponse.post:223[0m - triggered callback 'report proofs' for type TypeTag[provingground.learning.HoTTMessages.FinalState] with input hash 1263344330[0m
[0m2021.01.19 07:05:06:024 [scala-e...] [[34mINFO [0m] [32mprovingground.learning.HoTTBot.response:423[0m - Results: 5
Lemma: ((eqM) (((mul) (((mul) (m)) (n))) (n))) (m); best proof: ((ass1) (m)) (n) with weight 5.424223713075452E-5; statement weight 4.735414942841754E-5
Lemma: ((eqM) (((mul) (((mul) (m)) (n))) (((mul) (((mul) (m)) (n))) (n)))) (n); best proof: ((ass2) (((mul) (m)) (n))) (n) with weight 1.4019958110725395E-4; statement weight 4.3198829869460885E-7
Lemma: ((eqM) (n)) (((mul) (((mul) (m)) (n))) (((mul) (((mul) (m)) (n))) (n))); best proof: (((sym) (((mul) (((mul) (m)) (n))) (((mul) (((mul) (m)) (n))) (n)))) (n)) (((ass2) (((mul) (m)) (n))) (n)) with weight 5.01590627810884E-6; statement weight 4.710516522203464E-7
Lemma: ((eqM) (((mul) (((mul) (m)) (n))) (((mul) (((mul) (m)) (n))) (n)))) (((mul) (((mul) (m)) (n))) (m)); best proof: ((((left-multiply) (((mul) (m)) (n))) (((mul) (((mul) (m)) (n))) (n))) (m)) (((ass1) (m)) (n)) with weight 1.2453761968356921E-7; statement weight 4.299081327568298E-9
Lemma: ((eqM) (((mul) (((mul) (((mul) (m)) (n))) (m))) (m))) (((mul) (m)) (n)); best proof: ((ass1) (((mul) (m)) (n))) (m) with weight 1.4019958110725395E-4; statement weight 2.6219050899234535E-7[0m
[0m2021.01.19 07:05:06:026 [scala-e...] [[34mINFO [0m] [32mprovingground.learning.PostResponse.applyOrElse:227[0m - completed callback 'report proofs' for type TypeTag[provingground.learning.HoTTMessages.FinalState] with input hash 1263344330[0m
[0m2021.01.19 07:05:06:028 [scala-e...] [[34mINFO [0m] [32mprovingground.learning.PostResponse.post:275[0m - triggered response 'final state to filtered lemmas' of type TypeTag[provingground.learning.HoTTMessages.Lemmas] to post of type TypeTag[provingground.learning.HoTTMessages.FinalState] with input hash 1263344330[0m
[0m2021.01.19 07:05:07:841 [scala-e...] [[34mINFO [0m] [32mprovingground.learning.HoTTBot.response:266[0m - avoiding 242 types as tautologies and generators.[0m
[0m2021.01.19 07:05:08:030 [scala-e...] [[34mINFO [0m] [32mprovingground.learning.PostBuffer.post:133[0m - Post; tag: TypeTag[provingground.learning.HoTTMessages.Lemmas], id: (7,1077527434), hash : 1077527434[0m
[0m2021.01.19 07:05:08:031 [scala-e...] [[34mINFO [0m] [32mprovingground.learning.PostResponse.applyOrElse:289[0m - completed response 'final state to filtered lemmas' of type TypeTag[provingground.learning.HoTTMessages.Lemmas] to posts of type TypeTag[provingground.learning.HoTTMessages.FinalState] with input hash 1263344330[0m
[0m2021.01.19 07:05:08:032 [scala-e...] [[34mINFO [0m] [32mprovingground.learning.PostResponse.post:275[0m - triggered response 'd88bba63' of type TypeTag[(provingground.learning.HoTTMessages.UsedLemmas :: provingground.learning.HoTTMessages.TangentLemmas :: shapeless.HNil) :: provingground.learning.HoTTMessages.BaseMixinLemmas :: shapeless.HNil] to post of type TypeTag[provingground.learning.HoTTMessages.Lemmas] with input hash 1077527434[0m
[0m2021.01.19 07:05:08:066 [scala-e...] [[34mINFO [0m] [32mprovingground.learning.PostBuffer.post:133[0m - Post; tag: TypeTag[provingground.learning.HoTTMessages.UsedLemmas], id: (8,1595310637), hash : 1595310637[0m
[0m2021.01.19 07:05:08:067 [scala-e...] [[34mINFO [0m] [32mprovingground.learning.PostBuffer.post:133[0m - Post; tag: TypeTag[provingground.learning.HoTTMessages.TangentLemmas], id: (9,-1803799032), hash : -1803799032[0m
[0m2021.01.19 07:05:08:068 [scala-e...] [[34mINFO [0m] [32mprovingground.learning.PostBuffer.post:133[0m - Post; tag: TypeTag[provingground.learning.HoTTMessages.BaseMixinLemmas], id: (10,633510081), hash : 633510081[0m
[0m2021.01.19 07:05:08:069 [scala-e...] [[34mINFO [0m] [32mprovingground.learning.PostResponse.applyOrElse:289[0m - completed response 'd88bba63' of type TypeTag[(provingground.learning.HoTTMessages.UsedLemmas :: provingground.learning.HoTTMessages.TangentLemmas :: shapeless.HNil) :: provingground.learning.HoTTMessages.BaseMixinLemmas :: shapeless.HNil] to posts of type TypeTag[provingground.learning.HoTTMessages.Lemmas] with input hash 1077527434[0m
[0m2021.01.19 07:05:08:071 [scala-e...] [[34mINFO [0m] [32mprovingground.learning.PostResponse.post:545[0m - triggered (multiple) responses 'base state from special initial state' of type TypeTag[provingground.learning.HoTTMessages.TangentBaseState] to posts of type TypeTag[provingground.learning.HoTTMessages.BaseMixinLemmas] with input hash 633510081[0m
[0m2021.01.19 07:05:08:078 [scala-e...] [[34mINFO [0m] [32mprovingground.learning.PostResponse.taskNest:551[0m - launching 1 branches[0m
[0m2021.01.19 07:05:08:079 [scala-e...] [[34mINFO [0m] [32mprovingground.learning.HoTTBot.response:1548[0m - previous special init states are 2[0m
[0m2021.01.19 07:05:08:082 [scala-e...] [[34mINFO [0m] [32mprovingground.learning.HoTTBot.baseStateTask:1390[0m - Computing base state[0m
[0m2021.01.19 07:05:08:085 [scala-e...] [[34mINFO [0m] [32mprovingground.learning.HoTTBot.baseStateTask:1390[0m - Computing base state[0m
[0m2021.01.19 07:05:08:085 [scala-e...] [[34mINFO [0m] [32mprovingground.learning.PostResponse.taskNest:556[0m - launching 2 responses  of type TypeTag[provingground.learning.HoTTMessages.TangentBaseState]  to posts of type TypeTag[provingground.learning.HoTTMessages.BaseMixinLemmas] in branch[0m
[0m2021.01.19 07:05:08:427 [scala-e...] [[34mINFO [0m] [32mprovingground.learning.HoTTBot.groupSetTask:1397[0m - Created vector of equations[0m
[0m2021.01.19 07:05:08:446 [scala-e...] [[34mINFO [0m] [32mprovingground.learning.HoTTBot.groupSetTask:1397[0m - Created vector of equations[0m
[0m2021.01.19 07:05:10:302 [scala-e...] [[34mINFO [0m] [32mprovingground.learning.PostBuffer.post:133[0m - Post; tag: TypeTag[provingground.learning.HoTTMessages.TangentBaseState], id: (11,694140769), hash : 694140769[0m
[0m2021.01.19 07:05:10:305 [scala-e...] [[34mINFO [0m] [32mprovingground.learning.PostResponse.newPostsData:561[0m - remaining 1 responses of type TypeTag[provingground.learning.HoTTMessages.TangentBaseState] to posts of type TypeTag[provingground.learning.HoTTMessages.BaseMixinLemmas][0m
[0m2021.01.19 07:05:10:369 [scala-e...] [[34mINFO [0m] [32mprovingground.learning.PostBuffer.post:133[0m - Post; tag: TypeTag[provingground.learning.HoTTMessages.TangentBaseState], id: (12,-637769797), hash : -637769797[0m
[0m2021.01.19 07:05:10:370 [scala-e...] [[34mINFO [0m] [32mprovingground.learning.PostResponse.newPostsData:561[0m - remaining 0 responses of type TypeTag[provingground.learning.HoTTMessages.TangentBaseState] to posts of type TypeTag[provingground.learning.HoTTMessages.BaseMixinLemmas][0m
[0m2021.01.19 07:05:10:370 [scala-e...] [[34mINFO [0m] [32mprovingground.learning.PostResponse.taskNest:574[0m - completed (multiple) responses 'base state from special initial state' of type TypeTag[provingground.learning.HoTTMessages.TangentBaseState] to posts of type TypeTag[provingground.learning.HoTTMessages.BaseMixinLemmas] with input hash 633510081[0m
[0m2021.01.19 07:05:10:372 [scala-e...] [[34mINFO [0m] [32mprovingground.learning.PostBuffer.post:307[0m - Post; tag: TypeTag[provingground.learning.HoTTMessages.TangentBaseCompleted.type], id: (13,-1666923435), content:
TangentBaseCompleted, hash: -1666923435[0m
[0m2021.01.19 07:05:10:376 [scala-e...] [[34mINFO [0m] [32mprovingground.learning.PostResponse.post:275[0m - triggered response 'unified equations' of type TypeTag[provingground.learning.HoTTMessages.GeneratedEquationNodes] to post of type TypeTag[provingground.learning.HoTTMessages.TangentBaseCompleted.type] with input hash -1666923435[0m
[0m2021.01.19 07:05:10:378 [scala-e...] [[34mINFO [0m] [32mprovingground.learning.PostResponse.applyOrElse:142[0m - global remaining responses: 9[0m
[0m2021.01.19 07:05:10:379 [scala-e...] [[34mINFO [0m] [32mprovingground.learning.PostResponse.applyOrElse:142[0m - global remaining responses: 8[0m
[0m2021.01.19 07:05:10:379 [scala-e...] [[34mINFO [0m] [32mprovingground.learning.PostResponse.applyOrElse:142[0m - global remaining responses: 7[0m
[0m2021.01.19 07:05:10:379 [scala-e...] [[34mINFO [0m] [32mprovingground.learning.PostResponse.applyOrElse:142[0m - global remaining responses: 6[0m
[0m2021.01.19 07:05:10:380 [scala-e...] [[34mINFO [0m] [32mprovingground.learning.PostResponse.applyOrElse:142[0m - global remaining responses: 5[0m
[0m2021.01.19 07:05:10:958 [scala-e...] [[34mINFO [0m] [32mprovingground.learning.PostResponse.applyOrElse:142[0m - global remaining responses: 4[0m
[0m2021.01.19 07:05:10:959 [scala-e...] [[34mINFO [0m] [32mprovingground.learning.PostResponse.applyOrElse:142[0m - global remaining responses: 3[0m
[0m2021.01.19 07:05:10:960 [scala-e...] [[34mINFO [0m] [32mprovingground.learning.PostResponse.applyOrElse:142[0m - global remaining responses: 2[0m
[0m2021.01.19 07:05:10:960 [scala-e...] [[34mINFO [0m] [32mprovingground.learning.PostResponse.applyOrElse:142[0m - global remaining responses: 1[0m
[0m2021.01.19 07:05:16:170 [scala-e...] [[34mINFO [0m] [32mprovingground.learning.PostBuffer.post:133[0m - Post; tag: TypeTag[provingground.learning.HoTTMessages.GeneratedEquationNodes], id: (14,1847594885), hash : 1847594885[0m
[0m2021.01.19 07:05:16:174 [scala-e...] [[34mINFO [0m] [32mprovingground.learning.PostResponse.applyOrElse:289[0m - completed response 'unified equations' of type TypeTag[provingground.learning.HoTTMessages.GeneratedEquationNodes] to posts of type TypeTag[provingground.learning.HoTTMessages.TangentBaseCompleted.type] with input hash -1666923435[0m
[0m2021.01.19 07:05:16:176 [scala-e...] [[34mINFO [0m] [32mprovingground.learning.PostResponse.post:275[0m - triggered response '618cc0c6' of type TypeTag[provingground.learning.ExpressionEval] to post of type TypeTag[provingground.learning.HoTTMessages.GeneratedEquationNodes] with input hash 1847594885[0m
[0m2021.01.19 07:05:16:180 [scala-e...] [[34mINFO [0m] [32mprovingground.learning.PostResponse.post:223[0m - triggered callback 'update equations' for type TypeTag[provingground.learning.HoTTMessages.GeneratedEquationNodes] with input hash 1847594885[0m
[0m2021.01.19 07:05:16:182 [scala-e...] [[34mINFO [0m] [32mprovingground.learning.PostResponse.applyOrElse:142[0m - global remaining responses: 10[0m
[0m2021.01.19 07:05:16:183 [scala-e...] [[34mINFO [0m] [32mprovingground.learning.PostResponse.applyOrElse:142[0m - global remaining responses: 9[0m
[0m2021.01.19 07:05:16:183 [scala-e...] [[34mINFO [0m] [32mprovingground.learning.PostResponse.applyOrElse:142[0m - global remaining responses: 8[0m
[0m2021.01.19 07:05:16:184 [scala-e...] [[34mINFO [0m] [32mprovingground.learning.PostResponse.applyOrElse:142[0m - global remaining responses: 7[0m
[0m2021.01.19 07:05:16:249 [scala-e...] [[34mINFO [0m] [32mprovingground.learning.PostResponse.applyOrElse:227[0m - completed callback 'update equations' for type TypeTag[provingground.learning.HoTTMessages.GeneratedEquationNodes] with input hash 1847594885[0m
[0m2021.01.19 07:05:16:252 [scala-e...] [[34mINFO [0m] [32mprovingground.learning.PostResponse.applyOrElse:142[0m - global remaining responses: 6[0m
[0m2021.01.19 07:05:17:985 [scala-e...] [[34mINFO [0m] [32mprovingground.learning.PostBuffer.post:133[0m - Post; tag: TypeTag[provingground.learning.ExpressionEval], id: (15,1378249738), hash : 1378249738[0m
[0m2021.01.19 07:05:17:985 [scala-e...] [[34mINFO [0m] [32mprovingground.learning.PostResponse.applyOrElse:289[0m - completed response '618cc0c6' of type TypeTag[provingground.learning.ExpressionEval] to posts of type TypeTag[provingground.learning.HoTTMessages.GeneratedEquationNodes] with input hash 1847594885[0m
[0m2021.01.19 07:05:17:987 [scala-e...] [[34mINFO [0m] [32mprovingground.learning.PostResponse.post:275[0m - triggered response '8280b60e' of type TypeTag[provingground.learning.HoTTMessages.FinalState] to post of type TypeTag[provingground.learning.ExpressionEval] with input hash 1378249738[0m
[0m2021.01.19 07:05:17:988 [scala-e...] [[34mINFO [0m] [32mprovingground.learning.PostResponse.applyOrElse:142[0m - global remaining responses: 15[0m
[0m2021.01.19 07:05:17:988 [scala-e...] [[34mINFO [0m] [32mprovingground.learning.PostResponse.applyOrElse:142[0m - global remaining responses: 14[0m
[0m2021.01.19 07:05:17:988 [scala-e...] [[34mINFO [0m] [32mprovingground.learning.PostResponse.applyOrElse:142[0m - global remaining responses: 13[0m
[0m2021.01.19 07:05:17:988 [scala-e...] [[34mINFO [0m] [32mprovingground.learning.PostResponse.applyOrElse:142[0m - global remaining responses: 12[0m
[0m2021.01.19 07:05:17:989 [scala-e...] [[34mINFO [0m] [32mprovingground.learning.PostResponse.applyOrElse:142[0m - global remaining responses: 11[0m
[0m2021.01.19 07:05:17:989 [scala-e...] [[34mINFO [0m] [32mprovingground.learning.PostResponse.applyOrElse:142[0m - global remaining responses: 10[0m
[0m2021.01.19 07:05:17:989 [scala-e...] [[34mINFO [0m] [32mprovingground.learning.PostResponse.applyOrElse:142[0m - global remaining responses: 9[0m
[0m2021.01.19 07:05:17:989 [scala-e...] [[34mINFO [0m] [32mprovingground.learning.PostResponse.applyOrElse:142[0m - global remaining responses: 8[0m
[0m2021.01.19 07:05:17:990 [scala-e...] [[34mINFO [0m] [32mprovingground.learning.PostResponse.applyOrElse:142[0m - global remaining responses: 7[0m
[0m2021.01.19 07:05:17:990 [scala-e...] [[34mINFO [0m] [32mprovingground.learning.PostResponse.applyOrElse:142[0m - global remaining responses: 6[0m
[0m2021.01.19 07:05:17:990 [scala-e...] [[34mINFO [0m] [32mprovingground.learning.HoTTBot.expEvToFinalState:568[0m - computing final state[0m
[0m2021.01.19 07:05:20:327 [scala-e...] [[34mINFO [0m] [32mprovingground.learning.PostBuffer.post:133[0m - Post; tag: TypeTag[provingground.learning.HoTTMessages.FinalState], id: (16,210859216), hash : 210859216[0m
[0m2021.01.19 07:05:20:328 [scala-e...] [[34mINFO [0m] [32mprovingground.learning.PostResponse.applyOrElse:289[0m - completed response '8280b60e' of type TypeTag[provingground.learning.HoTTMessages.FinalState] to posts of type TypeTag[provingground.learning.ExpressionEval] with input hash 1378249738[0m
[0m2021.01.19 07:05:20:329 [scala-e...] [[34mINFO [0m] [32mprovingground.learning.PostResponse.post:275[0m - triggered response 'final state to filtered lemmas' of type TypeTag[provingground.learning.HoTTMessages.Lemmas] to post of type TypeTag[provingground.learning.HoTTMessages.FinalState] with input hash 210859216[0m
[0m2021.01.19 07:05:20:330 [scala-e...] [[34mINFO [0m] [32mprovingground.learning.PostResponse.post:223[0m - triggered callback 'update terms' for type TypeTag[provingground.learning.HoTTMessages.FinalState] with input hash 210859216[0m
[0m2021.01.19 07:05:20:332 [scala-e...] [[34mINFO [0m] [32mprovingground.learning.PostResponse.post:223[0m - triggered callback 'report proofs (simple)' for type TypeTag[provingground.learning.HoTTMessages.FinalState] with input hash 210859216[0m
[0m2021.01.19 07:05:20:333 [scala-e...] [[34mINFO [0m] [32mprovingground.learning.PostResponse.post:223[0m - triggered callback 'report proofs (simple)' for type TypeTag[provingground.learning.HoTTMessages.FinalState] with input hash 210859216[0m
[0m2021.01.19 07:05:20:334 [scala-e...] [[34mINFO [0m] [32mprovingground.learning.PostResponse.applyOrElse:142[0m - global remaining responses: 15[0m
[0m2021.01.19 07:05:21:341 [scala-e...] [[34mINFO [0m] [32mprovingground.learning.HoTTBot.response:466[0m - Steps (in final state): 4
Lemma: (`a : M ) ~> ((`b : M ) ~> ((`c : M ) ~> ((((eqM) (`a)) (`b)) → ((((eqM) (`b)) (`c)) → (((eqM) (`a)) (`c)))))); best proof: trans with weight 0.05875893364363112; statement weight 7.52999936826124E-5
Lemma: (`$afm : M ) ~> ((((eqM) (((mul) (((mul) (m)) (n))) (((mul) (((mul) (m)) (n))) (n)))) (`$afm)) → (((eqM) (n)) (`$afm))); best proof: (`$efzgts :  M) ↦ (((((trans) (n)) (((mul) (((mul) (m)) (n))) (((mul) (((mul) (m)) (n))) (n)))) (`$efzgts)) ((((sym) (((mul) (((mul) (m)) (n))) (((mul) (((mul) (m)) (n))) (n)))) (n)) (((ass2) (((mul) (m)) (n))) (n)))) with weight 4.111445906272853E-7; statement weight 2.3312262053768058E-8
Lemma: (`b : M ) ~> ((`c : M ) ~> ((((eqM) (`b)) (`c)) → (((eqM) (((mul) (((mul) (m)) (n))) (`b))) (((mul) (((mul) (m)) (n))) (`c))))); best proof: (left-multiply) (((mul) (m)) (n)) with weight 0.008964994325623785; statement weight 3.0903999353707E-9
Lemma: (`b : M ) ~> ((`c : M ) ~> ((((eqM) (`b)) (`c)) → (((eqM) (((mul) (`b)) (m))) (((mul) (`c)) (m))))); best proof: (right-multiply) (m) with weight 0.003519309986841946; statement weight 8.400469150448746E-12[0m
[0m2021.01.19 07:05:21:342 [scala-e...] [[34mINFO [0m] [32mprovingground.learning.PostResponse.applyOrElse:227[0m - completed callback 'report proofs (simple)' for type TypeTag[provingground.learning.HoTTMessages.FinalState] with input hash 210859216[0m
[0m2021.01.19 07:05:21:344 [scala-e...] [[34mINFO [0m] [32mprovingground.learning.PostResponse.applyOrElse:142[0m - global remaining responses: 14[0m
[0m2021.01.19 07:05:21:412 [scala-e...] [[34mINFO [0m] [32mprovingground.learning.HoTTBot.response:466[0m - Results: 5
Lemma: ((eqM) (((mul) (((mul) (m)) (n))) (n))) (m); best proof: ((ass1) (m)) (n) with weight 4.4991345905293744E-5; statement weight 1.5557410911918912E-5
Lemma: ((eqM) (((mul) (((mul) (m)) (n))) (((mul) (((mul) (m)) (n))) (n)))) (n); best proof: ((ass2) (((mul) (m)) (n))) (n) with weight 1.146094256309729E-4; statement weight 1.0248431331866668E-7
Lemma: ((eqM) (n)) (((mul) (((mul) (m)) (n))) (((mul) (((mul) (m)) (n))) (n))); best proof: (((sym) (((mul) (((mul) (m)) (n))) (((mul) (((mul) (m)) (n))) (n)))) (n)) (((ass2) (((mul) (m)) (n))) (n)) with weight 6.864438520324575E-6; statement weight 1.1105045510213085E-7
Lemma: ((eqM) (((mul) (((mul) (m)) (n))) (((mul) (((mul) (m)) (n))) (n)))) (((mul) (((mul) (m)) (n))) (m)); best proof: ((((left-multiply) (((mul) (m)) (n))) (((mul) (((mul) (m)) (n))) (n))) (m)) (((ass1) (m)) (n)) with weight 1.2696177741064923E-7; statement weight 7.31543724344467E-10
Lemma: ((eqM) (((mul) (((mul) (((mul) (m)) (n))) (m))) (m))) (((mul) (m)) (n)); best proof: ((ass1) (((mul) (m)) (n))) (m) with weight 1.146094256309729E-4; statement weight 6.196607053150434E-8[0m
[0m2021.01.19 07:05:21:414 [scala-e...] [[34mINFO [0m] [32mprovingground.learning.PostResponse.applyOrElse:227[0m - completed callback 'report proofs (simple)' for type TypeTag[provingground.learning.HoTTMessages.FinalState] with input hash 210859216[0m
[0m2021.01.19 07:05:21:415 [scala-e...] [[34mINFO [0m] [32mprovingground.learning.PostResponse.applyOrElse:142[0m - global remaining responses: 13[0m
[0m2021.01.19 07:05:24:261 [scala-e...] [[34mINFO [0m] [32mprovingground.learning.HoTTBot.updateTerms:368[0m - Obtained 170290 formal equations[0m
[0m2021.01.19 07:05:24:626 [scala-e...] [[34mINFO [0m] [32mprovingground.learning.PostResponse.applyOrElse:227[0m - completed callback 'update terms' for type TypeTag[provingground.learning.HoTTMessages.FinalState] with input hash 210859216[0m
[0m2021.01.19 07:05:24:628 [scala-e...] [[34mINFO [0m] [32mprovingground.learning.PostResponse.applyOrElse:142[0m - global remaining responses: 12[0m
[0m2021.01.19 07:05:24:629 [scala-e...] [[34mINFO [0m] [32mprovingground.learning.PostResponse.applyOrElse:142[0m - global remaining responses: 11[0m
[0m2021.01.19 07:05:24:629 [scala-e...] [[34mINFO [0m] [32mprovingground.learning.PostResponse.applyOrElse:142[0m - global remaining responses: 10[0m
[0m2021.01.19 07:05:24:629 [scala-e...] [[34mINFO [0m] [32mprovingground.learning.PostResponse.applyOrElse:142[0m - global remaining responses: 9[0m
[0m2021.01.19 07:05:24:630 [scala-e...] [[34mINFO [0m] [32mprovingground.learning.PostResponse.applyOrElse:142[0m - global remaining responses: 8[0m
[0m2021.01.19 07:05:24:630 [scala-e...] [[34mINFO [0m] [32mprovingground.learning.PostResponse.applyOrElse:142[0m - global remaining responses: 7[0m
[0m2021.01.19 07:05:27:698 [scala-e...] [[34mINFO [0m] [32mprovingground.learning.HoTTBot.response:266[0m - avoiding 242 types as tautologies and generators.[0m
[0m2021.01.19 07:05:28:114 [scala-e...] [[34mINFO [0m] [32mprovingground.learning.PostBuffer.post:133[0m - Post; tag: TypeTag[provingground.learning.HoTTMessages.Lemmas], id: (17,-20931012), hash : -20931012[0m
[0m2021.01.19 07:05:28:116 [scala-e...] [[34mINFO [0m] [32mprovingground.learning.PostResponse.applyOrElse:289[0m - completed response 'final state to filtered lemmas' of type TypeTag[provingground.learning.HoTTMessages.Lemmas] to posts of type TypeTag[provingground.learning.HoTTMessages.FinalState] with input hash 210859216[0m
[0m2021.01.19 07:05:28:118 [scala-e...] [[34mINFO [0m] [32mprovingground.learning.PostResponse.post:275[0m - triggered response 'd88bba63' of type TypeTag[(provingground.learning.HoTTMessages.UsedLemmas :: provingground.learning.HoTTMessages.TangentLemmas :: shapeless.HNil) :: provingground.learning.HoTTMessages.BaseMixinLemmas :: shapeless.HNil] to post of type TypeTag[provingground.learning.HoTTMessages.Lemmas] with input hash -20931012[0m
[0m2021.01.19 07:05:28:120 [scala-e...] [[34mINFO [0m] [32mprovingground.learning.PostResponse.applyOrElse:142[0m - global remaining responses: 16[0m
[0m2021.01.19 07:05:28:120 [scala-e...] [[34mINFO [0m] [32mprovingground.learning.PostResponse.applyOrElse:142[0m - global remaining responses: 15[0m
[0m2021.01.19 07:05:28:121 [scala-e...] [[34mINFO [0m] [32mprovingground.learning.PostResponse.applyOrElse:142[0m - global remaining responses: 14[0m
[0m2021.01.19 07:05:28:121 [scala-e...] [[34mINFO [0m] [32mprovingground.learning.PostResponse.applyOrElse:142[0m - global remaining responses: 13[0m
[0m2021.01.19 07:05:28:121 [scala-e...] [[34mINFO [0m] [32mprovingground.learning.PostResponse.applyOrElse:142[0m - global remaining responses: 12[0m
[0m2021.01.19 07:05:28:122 [scala-e...] [[34mINFO [0m] [32mprovingground.learning.PostResponse.applyOrElse:142[0m - global remaining responses: 11[0m
[0m2021.01.19 07:05:28:122 [scala-e...] [[34mINFO [0m] [32mprovingground.learning.PostResponse.applyOrElse:142[0m - global remaining responses: 10[0m
[0m2021.01.19 07:05:28:123 [scala-e...] [[34mINFO [0m] [32mprovingground.learning.PostResponse.applyOrElse:142[0m - global remaining responses: 9[0m
[0m2021.01.19 07:05:28:145 [scala-e...] [[34mINFO [0m] [32mprovingground.learning.PostBuffer.post:133[0m - Post; tag: TypeTag[provingground.learning.HoTTMessages.UsedLemmas], id: (18,481390842), hash : 481390842[0m
[0m2021.01.19 07:05:28:148 [scala-e...] [[34mINFO [0m] [32mprovingground.learning.PostBuffer.post:133[0m - Post; tag: TypeTag[provingground.learning.HoTTMessages.TangentLemmas], id: (19,-683344347), hash : -683344347[0m
[0m2021.01.19 07:05:28:151 [scala-e...] [[34mINFO [0m] [32mprovingground.learning.PostBuffer.post:133[0m - Post; tag: TypeTag[provingground.learning.HoTTMessages.BaseMixinLemmas], id: (20,1042836464), hash : 1042836464[0m
[0m2021.01.19 07:05:28:152 [scala-e...] [[34mINFO [0m] [32mprovingground.learning.PostResponse.applyOrElse:289[0m - completed response 'd88bba63' of type TypeTag[(provingground.learning.HoTTMessages.UsedLemmas :: provingground.learning.HoTTMessages.TangentLemmas :: shapeless.HNil) :: provingground.learning.HoTTMessages.BaseMixinLemmas :: shapeless.HNil] to posts of type TypeTag[provingground.learning.HoTTMessages.Lemmas] with input hash -20931012[0m
[0m2021.01.19 07:05:28:154 [scala-e...] [[34mINFO [0m] [32mprovingground.learning.PostResponse.post:545[0m - triggered (multiple) responses 'base state from special initial state' of type TypeTag[provingground.learning.HoTTMessages.TangentBaseState] to posts of type TypeTag[provingground.learning.HoTTMessages.BaseMixinLemmas] with input hash 1042836464[0m
[0m2021.01.19 07:05:28:156 [scala-e...] [[34mINFO [0m] [32mprovingground.learning.PostResponse.applyOrElse:142[0m - global remaining responses: 18[0m
[0m2021.01.19 07:05:28:156 [scala-e...] [[34mINFO [0m] [32mprovingground.learning.PostResponse.applyOrElse:142[0m - global remaining responses: 17[0m
[0m2021.01.19 07:05:28:156 [scala-e...] [[34mINFO [0m] [32mprovingground.learning.PostResponse.applyOrElse:142[0m - global remaining responses: 16[0m
[0m2021.01.19 07:05:28:157 [scala-e...] [[34mINFO [0m] [32mprovingground.learning.PostResponse.applyOrElse:142[0m - global remaining responses: 15[0m
[0m2021.01.19 07:05:28:157 [scala-e...] [[34mINFO [0m] [32mprovingground.learning.PostResponse.applyOrElse:142[0m - global remaining responses: 14[0m
[0m2021.01.19 07:05:28:158 [scala-e...] [[34mINFO [0m] [32mprovingground.learning.PostResponse.applyOrElse:142[0m - global remaining responses: 13[0m
[0m2021.01.19 07:05:28:158 [scala-e...] [[34mINFO [0m] [32mprovingground.learning.PostResponse.applyOrElse:142[0m - global remaining responses: 12[0m
[0m2021.01.19 07:05:28:160 [scala-e...] [[34mINFO [0m] [32mprovingground.learning.PostResponse.taskNest:551[0m - launching 1 branches[0m
[0m2021.01.19 07:05:28:160 [scala-e...] [[34mINFO [0m] [32mprovingground.learning.PostResponse.applyOrElse:142[0m - global remaining responses: 11[0m
[0m2021.01.19 07:05:28:161 [scala-e...] [[34mINFO [0m] [32mprovingground.learning.HoTTBot.response:1548[0m - previous special init states are 2[0m
[0m2021.01.19 07:05:28:161 [scala-e...] [[34mINFO [0m] [32mprovingground.learning.PostResponse.applyOrElse:142[0m - global remaining responses: 10[0m
[0m2021.01.19 07:05:28:162 [scala-e...] [[34mINFO [0m] [32mprovingground.learning.HoTTBot.baseStateTask:1390[0m - Computing base state[0m
[0m2021.01.19 07:05:28:162 [scala-e...] [[34mINFO [0m] [32mprovingground.learning.PostResponse.applyOrElse:142[0m - global remaining responses: 9[0m
[0m2021.01.19 07:05:28:162 [scala-e...] [[34mINFO [0m] [32mprovingground.learning.PostResponse.applyOrElse:142[0m - global remaining responses: 8[0m
[0m2021.01.19 07:05:28:163 [scala-e...] [[34mINFO [0m] [32mprovingground.learning.HoTTBot.baseStateTask:1390[0m - Computing base state[0m
[0m2021.01.19 07:05:28:163 [scala-e...] [[34mINFO [0m] [32mprovingground.learning.PostResponse.applyOrElse:142[0m - global remaining responses: 7[0m
[0m2021.01.19 07:05:28:163 [scala-e...] [[34mINFO [0m] [32mprovingground.learning.PostResponse.taskNest:556[0m - launching 2 responses  of type TypeTag[provingground.learning.HoTTMessages.TangentBaseState]  to posts of type TypeTag[provingground.learning.HoTTMessages.BaseMixinLemmas] in branch[0m
[0m2021.01.19 07:05:28:164 [scala-e...] [[34mINFO [0m] [32mprovingground.learning.PostResponse.applyOrElse:142[0m - global remaining responses: 6[0m
[0m2021.01.19 07:05:28:164 [scala-e...] [[34mINFO [0m] [32mprovingground.learning.PostResponse.applyOrElse:142[0m - global remaining responses: 5[0m
[0m2021.01.19 07:05:28:165 [scala-e...] [[34mINFO [0m] [32mprovingground.learning.PostResponse.applyOrElse:142[0m - global remaining responses: 4[0m
[0m2021.01.19 07:05:28:166 [scala-e...] [[34mINFO [0m] [32mprovingground.learning.PostResponse.applyOrElse:142[0m - global remaining responses: 3[0m
[0m2021.01.19 07:05:28:166 [scala-e...] [[34mINFO [0m] [32mprovingground.learning.PostResponse.applyOrElse:142[0m - global remaining responses: 2[0m
[0m2021.01.19 07:05:28:167 [scala-e...] [[34mINFO [0m] [32mprovingground.learning.PostResponse.applyOrElse:142[0m - global remaining responses: 1[0m
[0m2021.01.19 07:05:35:612 [scala-e...] [[34mINFO [0m] [32mprovingground.learning.HoTTBot.groupSetTask:1397[0m - Created vector of equations[0m
[0m2021.01.19 07:05:35:629 [scala-e...] [[34mINFO [0m] [32mprovingground.learning.HoTTBot.groupSetTask:1397[0m - Created vector of equations[0m
[0m2021.01.19 07:05:39:182 [scala-e...] [[34mINFO [0m] [32mprovingground.learning.PostBuffer.post:133[0m - Post; tag: TypeTag[provingground.learning.HoTTMessages.TangentBaseState], id: (21,-799381264), hash : -799381264[0m
[0m2021.01.19 07:05:39:184 [scala-e...] [[34mINFO [0m] [32mprovingground.learning.PostResponse.newPostsData:561[0m - remaining 1 responses of type TypeTag[provingground.learning.HoTTMessages.TangentBaseState] to posts of type TypeTag[provingground.learning.HoTTMessages.BaseMixinLemmas][0m
[0m2021.01.19 07:05:39:332 [scala-e...] [[34mINFO [0m] [32mprovingground.learning.PostBuffer.post:133[0m - Post; tag: TypeTag[provingground.learning.HoTTMessages.TangentBaseState], id: (22,-1908025931), hash : -1908025931[0m
[0m2021.01.19 07:05:39:333 [scala-e...] [[34mINFO [0m] [32mprovingground.learning.PostResponse.newPostsData:561[0m - remaining 0 responses of type TypeTag[provingground.learning.HoTTMessages.TangentBaseState] to posts of type TypeTag[provingground.learning.HoTTMessages.BaseMixinLemmas][0m
[0m2021.01.19 07:05:39:334 [scala-e...] [[34mINFO [0m] [32mprovingground.learning.PostResponse.taskNest:574[0m - completed (multiple) responses 'base state from special initial state' of type TypeTag[provingground.learning.HoTTMessages.TangentBaseState] to posts of type TypeTag[provingground.learning.HoTTMessages.BaseMixinLemmas] with input hash 1042836464[0m
[0m2021.01.19 07:05:39:335 [scala-e...] [[34mINFO [0m] [32mprovingground.learning.PostBuffer.post:307[0m - Post; tag: TypeTag[provingground.learning.HoTTMessages.TangentBaseCompleted.type], id: (23,-1666923435), content:
TangentBaseCompleted, hash: -1666923435[0m
[0m2021.01.19 07:05:39:335 [scala-e...] [[34mINFO [0m] [32mprovingground.learning.PostResponse.post:275[0m - triggered response 'unified equations' of type TypeTag[provingground.learning.HoTTMessages.GeneratedEquationNodes] to post of type TypeTag[provingground.learning.HoTTMessages.TangentBaseCompleted.type] with input hash -1666923435[0m
[0m2021.01.19 07:05:39:336 [scala-e...] [[34mINFO [0m] [32mprovingground.learning.PostResponse.applyOrElse:142[0m - global remaining responses: 10[0m
[0m2021.01.19 07:05:39:336 [scala-e...] [[34mINFO [0m] [32mprovingground.learning.PostResponse.applyOrElse:142[0m - global remaining responses: 9[0m
[0m2021.01.19 07:05:39:337 [scala-e...] [[34mINFO [0m] [32mprovingground.learning.PostResponse.applyOrElse:142[0m - global remaining responses: 8[0m
[0m2021.01.19 07:05:39:337 [scala-e...] [[34mINFO [0m] [32mprovingground.learning.PostResponse.applyOrElse:142[0m - global remaining responses: 7[0m
[0m2021.01.19 07:05:39:338 [scala-e...] [[34mINFO [0m] [32mprovingground.learning.PostResponse.applyOrElse:142[0m - global remaining responses: 6[0m
[0m2021.01.19 07:05:39:338 [scala-e...] [[34mINFO [0m] [32mprovingground.learning.PostResponse.applyOrElse:142[0m - global remaining responses: 5[0m
[0m2021.01.19 07:05:40:475 [scala-e...] [[34mINFO [0m] [32mprovingground.learning.PostResponse.applyOrElse:142[0m - global remaining responses: 4[0m
[0m2021.01.19 07:05:40:477 [scala-e...] [[34mINFO [0m] [32mprovingground.learning.PostResponse.applyOrElse:142[0m - global remaining responses: 3[0m
[0m2021.01.19 07:05:40:477 [scala-e...] [[34mINFO [0m] [32mprovingground.learning.PostResponse.applyOrElse:142[0m - global remaining responses: 2[0m
[0m2021.01.19 07:05:40:478 [scala-e...] [[34mINFO [0m] [32mprovingground.learning.PostResponse.applyOrElse:142[0m - global remaining responses: 1[0m
[0m2021.01.19 07:06:27:838 [scala-e...] [[34mINFO [0m] [32mprovingground.learning.SimpleEquations.timedUnAppEquations:277[0m - reached cutoff limit Some(1.0E-10)[0m
[0m2021.01.19 07:06:37:992 [scala-e...] [[34mINFO [0m] [32mprovingground.learning.SimpleEquations.timedUnAppEquations:277[0m - reached cutoff limit Some(1.0E-10)[0m
[0m2021.01.19 07:06:38:511 [scala-e...] [[34mINFO [0m] [32mprovingground.learning.PostBuffer.post:133[0m - Post; tag: TypeTag[provingground.learning.HoTTMessages.GeneratedEquationNodes], id: (24,939871904), hash : 939871904[0m
[0m2021.01.19 07:06:38:517 [scala-e...] [[34mINFO [0m] [32mprovingground.learning.PostResponse.applyOrElse:289[0m - completed response 'unified equations' of type TypeTag[provingground.learning.HoTTMessages.GeneratedEquationNodes] to posts of type TypeTag[provingground.learning.HoTTMessages.TangentBaseCompleted.type] with input hash -1666923435[0m
[0m2021.01.19 07:06:38:518 [scala-e...] [[34mINFO [0m] [32mprovingground.learning.PostResponse.post:275[0m - triggered response '618cc0c6' of type TypeTag[provingground.learning.ExpressionEval] to post of type TypeTag[provingground.learning.HoTTMessages.GeneratedEquationNodes] with input hash 939871904[0m
[0m2021.01.19 07:06:38:523 [scala-e...] [[34mINFO [0m] [32mprovingground.learning.PostResponse.post:223[0m - triggered callback 'update equations' for type TypeTag[provingground.learning.HoTTMessages.GeneratedEquationNodes] with input hash 939871904[0m
[0m2021.01.19 07:06:38:529 [scala-e...] [[34mINFO [0m] [32mprovingground.learning.PostResponse.applyOrElse:142[0m - global remaining responses: 10[0m
[0m2021.01.19 07:06:38:530 [scala-e...] [[34mINFO [0m] [32mprovingground.learning.PostResponse.applyOrElse:142[0m - global remaining responses: 9[0m
[0m2021.01.19 07:06:38:530 [scala-e...] [[34mINFO [0m] [32mprovingground.learning.PostResponse.applyOrElse:142[0m - global remaining responses: 8[0m
[0m2021.01.19 07:06:38:531 [scala-e...] [[34mINFO [0m] [32mprovingground.learning.PostResponse.applyOrElse:142[0m - global remaining responses: 7[0m
[0m2021.01.19 07:06:39:045 [scala-e...] [[34mINFO [0m] [32mprovingground.learning.PostResponse.applyOrElse:227[0m - completed callback 'update equations' for type TypeTag[provingground.learning.HoTTMessages.GeneratedEquationNodes] with input hash 939871904[0m
[0m2021.01.19 07:06:39:050 [scala-e...] [[34mINFO [0m] [32mprovingground.learning.PostResponse.applyOrElse:142[0m - global remaining responses: 6[0m
[0m2021.01.19 07:06:45:509 [scala-e...] [[34mINFO [0m] [32mprovingground.learning.PostBuffer.post:133[0m - Post; tag: TypeTag[provingground.learning.ExpressionEval], id: (25,180644283), hash : 180644283[0m
[0m2021.01.19 07:06:45:509 [scala-e...] [[34mINFO [0m] [32mprovingground.learning.PostResponse.applyOrElse:289[0m - completed response '618cc0c6' of type TypeTag[provingground.learning.ExpressionEval] to posts of type TypeTag[provingground.learning.HoTTMessages.GeneratedEquationNodes] with input hash 939871904[0m
[0m2021.01.19 07:06:45:513 [scala-e...] [[34mINFO [0m] [32mprovingground.learning.PostResponse.post:275[0m - triggered response '8280b60e' of type TypeTag[provingground.learning.HoTTMessages.FinalState] to post of type TypeTag[provingground.learning.ExpressionEval] with input hash 180644283[0m
[0m2021.01.19 07:06:45:513 [scala-e...] [[34mINFO [0m] [32mprovingground.learning.PostResponse.applyOrElse:142[0m - global remaining responses: 15[0m
[0m2021.01.19 07:06:45:514 [scala-e...] [[34mINFO [0m] [32mprovingground.learning.PostResponse.applyOrElse:142[0m - global remaining responses: 14[0m
[0m2021.01.19 07:06:45:514 [scala-e...] [[34mINFO [0m] [32mprovingground.learning.PostResponse.applyOrElse:142[0m - global remaining responses: 13[0m
[0m2021.01.19 07:06:45:515 [scala-e...] [[34mINFO [0m] [32mprovingground.learning.PostResponse.applyOrElse:142[0m - global remaining responses: 12[0m
[0m2021.01.19 07:06:45:515 [scala-e...] [[34mINFO [0m] [32mprovingground.learning.PostResponse.applyOrElse:142[0m - global remaining responses: 11[0m
[0m2021.01.19 07:06:45:516 [scala-e...] [[34mINFO [0m] [32mprovingground.learning.PostResponse.applyOrElse:142[0m - global remaining responses: 10[0m
[0m2021.01.19 07:06:45:516 [scala-e...] [[34mINFO [0m] [32mprovingground.learning.PostResponse.applyOrElse:142[0m - global remaining responses: 9[0m
[0m2021.01.19 07:06:45:517 [scala-e...] [[34mINFO [0m] [32mprovingground.learning.PostResponse.applyOrElse:142[0m - global remaining responses: 8[0m
[0m2021.01.19 07:06:45:518 [scala-e...] [[34mINFO [0m] [32mprovingground.learning.PostResponse.applyOrElse:142[0m - global remaining responses: 7[0m
[0m2021.01.19 07:06:45:518 [scala-e...] [[34mINFO [0m] [32mprovingground.learning.PostResponse.applyOrElse:142[0m - global remaining responses: 6[0m
[0m2021.01.19 07:06:45:519 [scala-e...] [[34mINFO [0m] [32mprovingground.learning.HoTTBot.expEvToFinalState:568[0m - computing final state[0m
[0m2021.01.19 07:06:51:940 [scala-e...] [[34mINFO [0m] [32mprovingground.learning.PostBuffer.post:133[0m - Post; tag: TypeTag[provingground.learning.HoTTMessages.FinalState], id: (26,-702828236), hash : -702828236[0m
[0m2021.01.19 07:06:51:945 [scala-e...] [[34mINFO [0m] [32mprovingground.learning.PostResponse.applyOrElse:289[0m - completed response '8280b60e' of type TypeTag[provingground.learning.HoTTMessages.FinalState] to posts of type TypeTag[provingground.learning.ExpressionEval] with input hash 180644283[0m
[0m2021.01.19 07:06:51:946 [scala-e...] [[34mINFO [0m] [32mprovingground.learning.PostResponse.post:275[0m - triggered response 'final state to filtered lemmas' of type TypeTag[provingground.learning.HoTTMessages.Lemmas] to post of type TypeTag[provingground.learning.HoTTMessages.FinalState] with input hash -702828236[0m
[0m2021.01.19 07:06:51:951 [scala-e...] [[34mINFO [0m] [32mprovingground.learning.PostResponse.post:223[0m - triggered callback 'update terms' for type TypeTag[provingground.learning.HoTTMessages.FinalState] with input hash -702828236[0m
[0m2021.01.19 07:06:51:956 [scala-e...] [[34mINFO [0m] [32mprovingground.learning.PostResponse.post:223[0m - triggered callback 'report proofs (simple)' for type TypeTag[provingground.learning.HoTTMessages.FinalState] with input hash -702828236[0m
[0m2021.01.19 07:06:51:962 [scala-e...] [[34mINFO [0m] [32mprovingground.learning.PostResponse.post:223[0m - triggered callback 'report proofs (simple)' for type TypeTag[provingground.learning.HoTTMessages.FinalState] with input hash -702828236[0m
[0m2021.01.19 07:06:51:968 [scala-e...] [[34mINFO [0m] [32mprovingground.learning.PostResponse.applyOrElse:142[0m - global remaining responses: 15[0m
[0m2021.01.19 07:06:56:665 [scala-e...] [[34mINFO [0m] [32mprovingground.learning.HoTTBot.response:466[0m - Steps (in final state): 4
Lemma: (`a : M ) ~> ((`b : M ) ~> ((`c : M ) ~> ((((eqM) (`a)) (`b)) → ((((eqM) (`b)) (`c)) → (((eqM) (`a)) (`c)))))); best proof: trans with weight 0.05628940420315119; statement weight 2.938086768808448E-4
Lemma: (`$afm : M ) ~> ((((eqM) (((mul) (((mul) (m)) (n))) (((mul) (((mul) (m)) (n))) (n)))) (`$afm)) → (((eqM) (n)) (`$afm))); best proof: (`$efzgts :  M) ↦ (((((trans) (n)) (((mul) (((mul) (m)) (n))) (((mul) (((mul) (m)) (n))) (n)))) (`$efzgts)) ((((sym) (((mul) (((mul) (m)) (n))) (((mul) (((mul) (m)) (n))) (n)))) (n)) (((ass2) (((mul) (m)) (n))) (n)))) with weight 6.861601007809768E-7; statement weight 4.2471887558256584E-8
Lemma: (`b : M ) ~> ((`c : M ) ~> ((((eqM) (`b)) (`c)) → (((eqM) (((mul) (((mul) (m)) (n))) (`b))) (((mul) (((mul) (m)) (n))) (`c))))); best proof: (left-multiply) (((mul) (m)) (n)) with weight 0.009662041774889678; statement weight 4.6095920785797364E-9
Lemma: (`b : M ) ~> ((`c : M ) ~> ((((eqM) (`b)) (`c)) → (((eqM) (((mul) (`b)) (m))) (((mul) (`c)) (m))))); best proof: (right-multiply) (m) with weight 0.003975520296347952; statement weight 7.429482540016356E-12[0m
[0m2021.01.19 07:06:56:666 [scala-e...] [[34mINFO [0m] [32mprovingground.learning.PostResponse.applyOrElse:227[0m - completed callback 'report proofs (simple)' for type TypeTag[provingground.learning.HoTTMessages.FinalState] with input hash -702828236[0m
[0m2021.01.19 07:06:56:670 [scala-e...] [[34mINFO [0m] [32mprovingground.learning.PostResponse.applyOrElse:142[0m - global remaining responses: 14[0m
[0m2021.01.19 07:06:57:215 [scala-e...] [[34mINFO [0m] [32mprovingground.learning.HoTTBot.response:466[0m - Results: 6
Lemma: ((eqM) (((mul) (((mul) (m)) (n))) (n))) (m); best proof: ((ass1) (m)) (n) with weight 5.6591827122065847E-5; statement weight 1.1682374726874164E-5
Lemma: ((eqM) (((mul) (((mul) (m)) (n))) (((mul) (((mul) (m)) (n))) (n)))) (n); best proof: ((ass2) (((mul) (m)) (n))) (n) with weight 1.3754188845493617E-4; statement weight 8.780567621251653E-8
Lemma: ((eqM) (n)) (((mul) (((mul) (m)) (n))) (((mul) (((mul) (m)) (n))) (n))); best proof: (((sym) (((mul) (((mul) (m)) (n))) (((mul) (((mul) (m)) (n))) (n)))) (n)) (((ass2) (((mul) (m)) (n))) (n)) with weight 9.71463522522487E-6; statement weight 9.558216384584678E-8
Lemma: ((eqM) (((mul) (((mul) (m)) (n))) (((mul) (((mul) (m)) (n))) (n)))) (((mul) (((mul) (m)) (n))) (m)); best proof: ((((left-multiply) (((mul) (m)) (n))) (((mul) (((mul) (m)) (n))) (n))) (m)) (((ass1) (m)) (n)) with weight 1.9210889318482023E-7; statement weight 7.183843516338016E-10
Lemma: ((eqM) (((mul) (((mul) (((mul) (m)) (n))) (m))) (m))) (((mul) (m)) (n)); best proof: ((ass1) (((mul) (m)) (n))) (m) with weight 1.3754188845493617E-4; statement weight 5.137685524198783E-8
Lemma: ((eqM) (n)) (((mul) (((mul) (m)) (n))) (m)); best proof: (((((trans) (n)) (((mul) (((mul) (m)) (n))) (((mul) (((mul) (m)) (n))) (n)))) (((mul) (((mul) (m)) (n))) (m))) ((((sym) (((mul) (((mul) (m)) (n))) (((mul) (((mul) (m)) (n))) (n)))) (n)) (((ass2) (((mul) (m)) (n))) (n)))) (((((left-multiply) (((mul) (m)) (n))) (((mul) (((mul) (m)) (n))) (n))) (m)) (((ass1) (m)) (n))) with weight 4.6292830690511135E-14; statement weight 3.8613776210309804E-5[0m
[0m2021.01.19 07:06:57:215 [scala-e...] [[34mINFO [0m] [32mprovingground.learning.PostResponse.applyOrElse:227[0m - completed callback 'report proofs (simple)' for type TypeTag[provingground.learning.HoTTMessages.FinalState] with input hash -702828236[0m
[0m2021.01.19 07:06:57:220 [scala-e...] [[34mINFO [0m] [32mprovingground.learning.PostResponse.applyOrElse:142[0m - global remaining responses: 13[0m
[0m2021.01.19 07:07:11:052 [scala-e...] [[34mINFO [0m] [32mprovingground.learning.HoTTBot.updateTerms:368[0m - Obtained 732901 formal equations[0m
[0m2021.01.19 07:07:13:255 [scala-e...] [[34mINFO [0m] [32mprovingground.learning.PostResponse.applyOrElse:227[0m - completed callback 'update terms' for type TypeTag[provingground.learning.HoTTMessages.FinalState] with input hash -702828236[0m
[0m2021.01.19 07:07:13:260 [scala-e...] [[34mINFO [0m] [32mprovingground.learning.PostResponse.applyOrElse:142[0m - global remaining responses: 12[0m
[0m2021.01.19 07:07:13:261 [scala-e...] [[34mINFO [0m] [32mprovingground.learning.PostResponse.applyOrElse:142[0m - global remaining responses: 11[0m
[0m2021.01.19 07:07:13:262 [scala-e...] [[34mINFO [0m] [32mprovingground.learning.PostResponse.applyOrElse:142[0m - global remaining responses: 10[0m
[0m2021.01.19 07:07:13:263 [scala-e...] [[34mINFO [0m] [32mprovingground.learning.PostResponse.applyOrElse:142[0m - global remaining responses: 9[0m
[0m2021.01.19 07:07:13:263 [scala-e...] [[34mINFO [0m] [32mprovingground.learning.PostResponse.applyOrElse:142[0m - global remaining responses: 8[0m
[0m2021.01.19 07:07:13:264 [scala-e...] [[34mINFO [0m] [32mprovingground.learning.PostResponse.applyOrElse:142[0m - global remaining responses: 7[0m
[0m2021.01.19 07:07:24:213 [scala-e...] [[34mINFO [0m] [32mprovingground.learning.HoTTBot.response:266[0m - avoiding 242 types as tautologies and generators.[0m
[0m2021.01.19 07:07:28:044 [scala-e...] [[34mINFO [0m] [32mprovingground.learning.PostBuffer.post:133[0m - Post; tag: TypeTag[provingground.learning.HoTTMessages.Lemmas], id: (27,-1073724542), hash : -1073724542[0m
[0m2021.01.19 07:07:28:050 [scala-e...] [[34mINFO [0m] [32mprovingground.learning.PostResponse.applyOrElse:289[0m - completed response 'final state to filtered lemmas' of type TypeTag[provingground.learning.HoTTMessages.Lemmas] to posts of type TypeTag[provingground.learning.HoTTMessages.FinalState] with input hash -702828236[0m
[0m2021.01.19 07:07:28:056 [scala-e...] [[34mINFO [0m] [32mprovingground.learning.PostResponse.post:275[0m - triggered response 'd88bba63' of type TypeTag[(provingground.learning.HoTTMessages.UsedLemmas :: provingground.learning.HoTTMessages.TangentLemmas :: shapeless.HNil) :: provingground.learning.HoTTMessages.BaseMixinLemmas :: shapeless.HNil] to post of type TypeTag[provingground.learning.HoTTMessages.Lemmas] with input hash -1073724542[0m
[0m2021.01.19 07:07:28:062 [scala-e...] [[34mINFO [0m] [32mprovingground.learning.PostResponse.applyOrElse:142[0m - global remaining responses: 16[0m
[0m2021.01.19 07:07:28:063 [scala-e...] [[34mINFO [0m] [32mprovingground.learning.PostResponse.applyOrElse:142[0m - global remaining responses: 15[0m
[0m2021.01.19 07:07:28:065 [scala-e...] [[34mINFO [0m] [32mprovingground.learning.PostResponse.applyOrElse:142[0m - global remaining responses: 14[0m
[0m2021.01.19 07:07:28:066 [scala-e...] [[34mINFO [0m] [32mprovingground.learning.PostResponse.applyOrElse:142[0m - global remaining responses: 13[0m
[0m2021.01.19 07:07:28:067 [scala-e...] [[34mINFO [0m] [32mprovingground.learning.PostResponse.applyOrElse:142[0m - global remaining responses: 12[0m
[0m2021.01.19 07:07:28:069 [scala-e...] [[34mINFO [0m] [32mprovingground.learning.PostResponse.applyOrElse:142[0m - global remaining responses: 11[0m
[0m2021.01.19 07:07:28:070 [scala-e...] [[34mINFO [0m] [32mprovingground.learning.PostResponse.applyOrElse:142[0m - global remaining responses: 10[0m
[0m2021.01.19 07:07:28:071 [scala-e...] [[34mINFO [0m] [32mprovingground.learning.PostResponse.applyOrElse:142[0m - global remaining responses: 9[0m
[0m2021.01.19 07:07:28:276 [scala-e...] [[34mINFO [0m] [32mprovingground.learning.PostBuffer.post:133[0m - Post; tag: TypeTag[provingground.learning.HoTTMessages.UsedLemmas], id: (28,-2004835289), hash : -2004835289[0m
[0m2021.01.19 07:07:28:279 [scala-e...] [[34mINFO [0m] [32mprovingground.learning.PostBuffer.post:133[0m - Post; tag: TypeTag[provingground.learning.HoTTMessages.TangentLemmas], id: (29,-141638025), hash : -141638025[0m
[0m2021.01.19 07:07:28:282 [scala-e...] [[34mINFO [0m] [32mprovingground.learning.PostBuffer.post:133[0m - Post; tag: TypeTag[provingground.learning.HoTTMessages.BaseMixinLemmas], id: (30,572324482), hash : 572324482[0m
[0m2021.01.19 07:07:28:284 [scala-e...] [[34mINFO [0m] [32mprovingground.learning.PostResponse.applyOrElse:289[0m - completed response 'd88bba63' of type TypeTag[(provingground.learning.HoTTMessages.UsedLemmas :: provingground.learning.HoTTMessages.TangentLemmas :: shapeless.HNil) :: provingground.learning.HoTTMessages.BaseMixinLemmas :: shapeless.HNil] to posts of type TypeTag[provingground.learning.HoTTMessages.Lemmas] with input hash -1073724542[0m
[0m2021.01.19 07:07:28:286 [scala-e...] [[34mINFO [0m] [32mprovingground.learning.PostResponse.post:545[0m - triggered (multiple) responses 'base state from special initial state' of type TypeTag[provingground.learning.HoTTMessages.TangentBaseState] to posts of type TypeTag[provingground.learning.HoTTMessages.BaseMixinLemmas] with input hash 572324482[0m
[0m2021.01.19 07:07:28:287 [scala-e...] [[34mINFO [0m] [32mprovingground.learning.PostResponse.applyOrElse:142[0m - global remaining responses: 18[0m
[0m2021.01.19 07:07:28:288 [scala-e...] [[34mINFO [0m] [32mprovingground.learning.PostResponse.applyOrElse:142[0m - global remaining responses: 17[0m
[0m2021.01.19 07:07:28:289 [scala-e...] [[34mINFO [0m] [32mprovingground.learning.PostResponse.applyOrElse:142[0m - global remaining responses: 16[0m
[0m2021.01.19 07:07:28:290 [scala-e...] [[34mINFO [0m] [32mprovingground.learning.PostResponse.applyOrElse:142[0m - global remaining responses: 15[0m
[0m2021.01.19 07:07:28:290 [scala-e...] [[34mINFO [0m] [32mprovingground.learning.PostResponse.applyOrElse:142[0m - global remaining responses: 14[0m
[0m2021.01.19 07:07:28:291 [scala-e...] [[34mINFO [0m] [32mprovingground.learning.PostResponse.applyOrElse:142[0m - global remaining responses: 13[0m
[0m2021.01.19 07:07:28:292 [scala-e...] [[34mINFO [0m] [32mprovingground.learning.PostResponse.applyOrElse:142[0m - global remaining responses: 12[0m
[0m2021.01.19 07:07:28:297 [scala-e...] [[34mINFO [0m] [32mprovingground.learning.PostResponse.taskNest:551[0m - launching 1 branches[0m
[0m2021.01.19 07:07:28:297 [scala-e...] [[34mINFO [0m] [32mprovingground.learning.HoTTBot.response:1548[0m - previous special init states are 2[0m
[0m2021.01.19 07:07:28:297 [scala-e...] [[34mINFO [0m] [32mprovingground.learning.PostResponse.applyOrElse:142[0m - global remaining responses: 11[0m
[0m2021.01.19 07:07:28:298 [scala-e...] [[34mINFO [0m] [32mprovingground.learning.PostResponse.applyOrElse:142[0m - global remaining responses: 10[0m
[0m2021.01.19 07:07:28:299 [scala-e...] [[34mINFO [0m] [32mprovingground.learning.PostResponse.applyOrElse:142[0m - global remaining responses: 9[0m
[0m2021.01.19 07:07:28:299 [scala-e...] [[34mINFO [0m] [32mprovingground.learning.HoTTBot.baseStateTask:1390[0m - Computing base state[0m
[0m2021.01.19 07:07:28:300 [scala-e...] [[34mINFO [0m] [32mprovingground.learning.PostResponse.applyOrElse:142[0m - global remaining responses: 8[0m
[0m2021.01.19 07:07:28:302 [scala-e...] [[34mINFO [0m] [32mprovingground.learning.HoTTBot.baseStateTask:1390[0m - Computing base state[0m
[0m2021.01.19 07:07:28:301 [scala-e...] [[34mINFO [0m] [32mprovingground.learning.PostResponse.applyOrElse:142[0m - global remaining responses: 7[0m
[0m2021.01.19 07:07:28:302 [scala-e...] [[34mINFO [0m] [32mprovingground.learning.PostResponse.taskNest:556[0m - launching 2 responses  of type TypeTag[provingground.learning.HoTTMessages.TangentBaseState]  to posts of type TypeTag[provingground.learning.HoTTMessages.BaseMixinLemmas] in branch[0m
[0m2021.01.19 07:07:28:302 [scala-e...] [[34mINFO [0m] [32mprovingground.learning.PostResponse.applyOrElse:142[0m - global remaining responses: 6[0m
[0m2021.01.19 07:07:30:304 [scala-e...] [[34mINFO [0m] [32mprovingground.learning.PostResponse.applyOrElse:142[0m - global remaining responses: 5[0m
[0m2021.01.19 07:07:32:311 [scala-e...] [[34mINFO [0m] [32mprovingground.learning.PostResponse.applyOrElse:142[0m - global remaining responses: 4[0m
[0m2021.01.19 07:07:34:313 [scala-e...] [[34mINFO [0m] [32mprovingground.learning.PostResponse.applyOrElse:142[0m - global remaining responses: 3[0m
[0m2021.01.19 07:07:36:343 [scala-e...] [[34mINFO [0m] [32mprovingground.learning.PostResponse.applyOrElse:142[0m - global remaining responses: 2[0m
[0m2021.01.19 07:07:38:345 [scala-e...] [[34mINFO [0m] [32mprovingground.learning.PostResponse.applyOrElse:142[0m - global remaining responses: 1[0m
[0m2021.01.19 07:08:29:647 [scala-e...] [[34mINFO [0m] [32mprovingground.learning.HoTTBot.groupSetTask:1397[0m - Created vector of equations[0m
[0m2021.01.19 07:08:38:030 [scala-e...] [[34mINFO [0m] [32mprovingground.learning.HoTTBot.groupSetTask:1397[0m - Created vector of equations[0m
[0m2021.01.19 07:08:47:231 [scala-e...] [[34mINFO [0m] [32mprovingground.learning.PostBuffer.post:133[0m - Post; tag: TypeTag[provingground.learning.HoTTMessages.TangentBaseState], id: (31,-1456386116), hash : -1456386116[0m
[0m2021.01.19 07:08:47:235 [scala-e...] [[34mINFO [0m] [32mprovingground.learning.PostResponse.newPostsData:561[0m - remaining 1 responses of type TypeTag[provingground.learning.HoTTMessages.TangentBaseState] to posts of type TypeTag[provingground.learning.HoTTMessages.BaseMixinLemmas][0m
[0m2021.01.19 07:08:51:860 [scala-e...] [[34mINFO [0m] [32mprovingground.learning.PostBuffer.post:133[0m - Post; tag: TypeTag[provingground.learning.HoTTMessages.TangentBaseState], id: (32,-1791873181), hash : -1791873181[0m
[0m2021.01.19 07:08:51:864 [scala-e...] [[34mINFO [0m] [32mprovingground.learning.PostResponse.newPostsData:561[0m - remaining 0 responses of type TypeTag[provingground.learning.HoTTMessages.TangentBaseState] to posts of type TypeTag[provingground.learning.HoTTMessages.BaseMixinLemmas][0m
[0m2021.01.19 07:08:51:864 [scala-e...] [[34mINFO [0m] [32mprovingground.learning.PostResponse.taskNest:574[0m - completed (multiple) responses 'base state from special initial state' of type TypeTag[provingground.learning.HoTTMessages.TangentBaseState] to posts of type TypeTag[provingground.learning.HoTTMessages.BaseMixinLemmas] with input hash 572324482[0m
[0m2021.01.19 07:08:51:867 [scala-e...] [[34mINFO [0m] [32mprovingground.learning.PostBuffer.post:307[0m - Post; tag: TypeTag[provingground.learning.HoTTMessages.TangentBaseCompleted.type], id: (33,-1666923435), content:
TangentBaseCompleted, hash: -1666923435[0m
[0m2021.01.19 07:08:51:867 [scala-e...] [[34mINFO [0m] [32mprovingground.learning.PostResponse.post:275[0m - triggered response 'unified equations' of type TypeTag[provingground.learning.HoTTMessages.GeneratedEquationNodes] to post of type TypeTag[provingground.learning.HoTTMessages.TangentBaseCompleted.type] with input hash -1666923435[0m
[0m2021.01.19 07:08:51:868 [scala-e...] [[34mINFO [0m] [32mprovingground.learning.PostResponse.applyOrElse:142[0m - global remaining responses: 10[0m
[0m2021.01.19 07:08:51:870 [scala-e...] [[34mINFO [0m] [32mprovingground.learning.PostResponse.applyOrElse:142[0m - global remaining responses: 9[0m
[0m2021.01.19 07:08:51:871 [scala-e...] [[34mINFO [0m] [32mprovingground.learning.PostResponse.applyOrElse:142[0m - global remaining responses: 8[0m
[0m2021.01.19 07:08:51:873 [scala-e...] [[34mINFO [0m] [32mprovingground.learning.PostResponse.applyOrElse:142[0m - global remaining responses: 7[0m
[0m2021.01.19 07:08:51:875 [scala-e...] [[34mINFO [0m] [32mprovingground.learning.PostResponse.applyOrElse:142[0m - global remaining responses: 6[0m
[0m2021.01.19 07:08:51:877 [scala-e...] [[34mINFO [0m] [32mprovingground.learning.PostResponse.applyOrElse:142[0m - global remaining responses: 5[0m
[0m2021.01.19 07:08:57:475 [scala-e...] [[34mINFO [0m] [32mprovingground.learning.PostResponse.applyOrElse:142[0m - global remaining responses: 4[0m
[0m2021.01.19 07:08:59:478 [scala-e...] [[34mINFO [0m] [32mprovingground.learning.PostResponse.applyOrElse:142[0m - global remaining responses: 3[0m
[0m2021.01.19 07:09:01:479 [scala-e...] [[34mINFO [0m] [32mprovingground.learning.PostResponse.applyOrElse:142[0m - global remaining responses: 2[0m
[0m2021.01.19 07:09:03:481 [scala-e...] [[34mINFO [0m] [32mprovingground.learning.PostResponse.applyOrElse:142[0m - global remaining responses: 1[0m
