2020.08.06 00:01:42 [INFO] provingground.Utils.gatherMapSet:37:28 - processing 2 batches
2020.08.06 00:08:54 [INFO] provingground.Utils.gatherMapSet:40:28 - mapped batch of size 10000
2020.08.06 00:10:42 [INFO] provingground.Utils.gatherMapSet:37:28 - processing 1 batches
2020.08.06 00:10:44 [INFO] provingground.Utils.gatherMapSet:40:28 - mapped batch of size 1289
2020.08.06 00:10:44 [INFO] provingground.Utils.gatherMapSet:43:28 - All batches mapped and gathered, got set of size 27738
2020.08.06 00:10:44 [INFO] provingground.learning.SimpleEquations.timedUnAppEquations:221:30 - ran for time 17835, exceeding time limit 30 minutes, with cutoff 4.0E-5
2020.08.06 00:12:32 [INFO] provingground.learning.ErasablePostBuffer.$anon.post:115:22 - Post; tag: TypeTag[provingground.learning.HoTTMessages.GeneratedEquationNodes], id: (54,508344168)
2020.08.06 00:12:32 [INFO] provingground.learning.TypedPostResponse.MicroBot.$anonfun.applyOrElse:244:26 - completed response 823a55b2 of type TypeTag[provingground.learning.HoTTMessages.GeneratedEquationNodes] to posts of type TypeTag[provingground.learning.HoTTMessages.TangentBaseCompleted.type]
2020.08.06 00:12:32 [INFO] provingground.learning.TypedPostResponse.MicroBot.post:230:18 - triggered response 819f1e74 of type TypeTag[provingground.learning.ExpressionEval] to posts of type TypeTag[provingground.learning.HoTTMessages.GeneratedEquationNodes]
2020.08.06 00:12:32 [INFO] provingground.learning.TypedPostResponse.Callback.post:191:18 - triggered callback 3e304396 for type TypeTag[provingground.learning.HoTTMessages.GeneratedEquationNodes]
2020.08.06 00:14:23 [INFO] provingground.learning.TypedPostResponse.Callback.$anonfun.applyOrElse:195:33 - completed callback 3e304396 for type TypeTag[provingground.learning.HoTTMessages.GeneratedEquationNodes]
2020.08.06 00:14:26 [INFO] provingground.learning.HoTTBot.$anonfun:665:28 - Obtained normalized equations
2020.08.06 00:53:33 [INFO] provingground.learning.HoTTBot.$anonfun:667:28 - Obtained grouped equations as iterator
2020.08.06 00:53:33 [INFO] provingground.learning.HoTTBot.$anonfun:669:28 - Obtained grouped equations as vector
2020.08.06 00:55:54 [INFO] provingground.learning.HoTTBot.$anonfun:671:28 - Obtained set of grouped equations
2020.08.06 02:31:18 [INFO] provingground.learning.ExpressionEval.initMap:123:22 - Computing initial map with 1527137 atoms
2020.08.06 02:31:19 [INFO] provingground.learning.ExpressionEval.initMap:125:22 - Computed initial values
2020.08.06 02:31:19 [INFO] provingground.learning.ExpressionEval.initMap:129:22 - Computed vector for map, size 3074
2020.08.06 02:31:19 [INFO] provingground.learning.ExpressionEval.initMap:130:22 - Zero initial values are 1414586
2020.08.06 02:31:19 [INFO] provingground.learning.ExpressionEval.initMap:132:22 - Computed map
2020.08.06 02:31:19 [INFO] provingground.learning.ErasablePostBuffer.$anon.post:115:22 - Post; tag: TypeTag[provingground.learning.ExpressionEval], id: (55,1146997712)
2020.08.06 02:31:19 [INFO] provingground.learning.TypedPostResponse.MicroBot.$anonfun.applyOrElse:244:26 - completed response 819f1e74 of type TypeTag[provingground.learning.ExpressionEval] to posts of type TypeTag[provingground.learning.HoTTMessages.GeneratedEquationNodes]
2020.08.06 02:31:19 [INFO] provingground.learning.TypedPostResponse.MicroBot.post:230:18 - triggered response 694fb7c0 of type TypeTag[provingground.learning.HoTTMessages.FinalState] to posts of type TypeTag[provingground.learning.ExpressionEval]
2020.08.06 02:31:19 [INFO] provingground.learning.HoTTBot.expEvToFinalState:522:26 - computing final state
2020.08.06 02:31:21 [INFO] provingground.learning.ExprCalc.finalVec:994:22 - Computing final vector, with maximum time Some(1800000), exponent: 0.5, decay: 1.0
2020.08.06 02:31:21 [INFO] provingground.learning.ExprCalc.finalVec:997:22 - Number of equations: 1363543
2020.08.06 03:25:57 [ERROR] provingground.learning.ExprCalc.stableSupportVec:891:25 - Timeout for stable support vector after 1 steps
2020.08.06 03:25:57 [INFO] provingground.learning.ExprCalc.finalVec:1000:22 - Obtained vector with stable support
2020.08.06 03:37:33 [INFO] provingground.learning.ExprCalc.stableVec:867:46 - completed 2 steps
2020.08.06 03:58:48 [ERROR] provingground.learning.ExprCalc.stableVec:864:25 - Timeout for stable vector after 6 steps
2020.08.06 04:02:37 [INFO] provingground.learning.ErasablePostBuffer.$anon.post:115:22 - Post; tag: TypeTag[provingground.learning.HoTTMessages.FinalState], id: (56,-1082517561)
2020.08.06 04:02:37 [INFO] provingground.learning.TypedPostResponse.MicroBot.$anonfun.applyOrElse:244:26 - completed response 694fb7c0 of type TypeTag[provingground.learning.HoTTMessages.FinalState] to posts of type TypeTag[provingground.learning.ExpressionEval]
2020.08.06 04:02:37 [INFO] provingground.learning.TypedPostResponse.MicroBot.post:230:18 - triggered response 2bc4e309 of type TypeTag[provingground.learning.HoTTMessages.Lemmas] to posts of type TypeTag[provingground.learning.HoTTMessages.FinalState]
2020.08.06 04:02:37 [INFO] provingground.learning.TypedPostResponse.Callback.post:191:18 - triggered callback ffeba3f1 for type TypeTag[provingground.learning.HoTTMessages.FinalState]
2020.08.06 04:02:37 [INFO] provingground.learning.TypedPostResponse.Callback.post:191:18 - triggered callback bf3f68b4 for type TypeTag[provingground.learning.HoTTMessages.FinalState]
2020.08.06 04:02:37 [INFO] provingground.learning.TypedPostResponse.Callback.post:191:18 - triggered callback eadd3f50 for type TypeTag[provingground.learning.HoTTMessages.FinalState]
2020.08.06 04:35:02 [INFO] provingground.learning.HoTTBot.$anonfun:426:26 - Steps (in final state): 4
Lemma: (`a : M ) ~> ((`b : M ) ~> ((`c : M ) ~> ((((eqM) (`a)) (`b)) → ((((eqM) (`b)) (`c)) → (((eqM) (`a)) (`c)))))); best proof: trans with weight 0.05824030394625171; statement weight 4.8877872282433805E-11
Lemma: (`$afm : M ) ~> ((((eqM) (((mul) (((mul) (m)) (n))) (((mul) (((mul) (m)) (n))) (n)))) (`$afm)) → (((eqM) (n)) (`$afm))); best proof: (`$aqcibq :  M) ↦ (((((trans) (n)) (((mul) (((mul) (m)) (n))) (((mul) (((mul) (m)) (n))) (n)))) (`$aqcibq)) ((((sym) (((mul) (((mul) (m)) (n))) (((mul) (((mul) (m)) (n))) (n)))) (n)) (((ass2) (((mul) (m)) (n))) (n)))) with weight 5.296053431123001E-8; statement weight 4.185580330406226E-11
Lemma: (`b : M ) ~> ((`c : M ) ~> ((((eqM) (`b)) (`c)) → (((eqM) (((mul) (((mul) (m)) (n))) (`b))) (((mul) (((mul) (m)) (n))) (`c))))); best proof: (left-multiply) (((mul) (m)) (n)) with weight 0.006156916698444736; statement weight 1.781866808552593E-11
Lemma: (`b : M ) ~> ((`c : M ) ~> ((((eqM) (`b)) (`c)) → (((eqM) (((mul) (`b)) (m))) (((mul) (`c)) (m))))); best proof: (right-multiply) (m) with weight 0.006133530022592629; statement weight 8.212076461714179E-13
2020.08.06 04:35:02 [INFO] provingground.learning.TypedPostResponse.Callback.$anonfun.applyOrElse:195:33 - completed callback eadd3f50 for type TypeTag[provingground.learning.HoTTMessages.FinalState]
2020.08.06 04:38:44 [INFO] provingground.learning.HoTTBot.$anonfun:426:26 - Results: 7
Lemma: ((eqM) (((mul) (((mul) (m)) (n))) (n))) (m); best proof: ((ass1) (m)) (n) with weight 2.646324106059702E-4; statement weight 2.073662470350931E-5
Lemma: ((eqM) (((mul) (((mul) (m)) (n))) (((mul) (((mul) (m)) (n))) (n)))) (n); best proof: ((ass2) (((mul) (m)) (n))) (n) with weight 2.65641433531602E-4; statement weight 6.669049181457698E-8
Lemma: ((eqM) (n)) (((mul) (((mul) (m)) (n))) (((mul) (((mul) (m)) (n))) (n))); best proof: (((sym) (((mul) (((mul) (m)) (n))) (((mul) (((mul) (m)) (n))) (n)))) (n)) (((ass2) (((mul) (m)) (n))) (n)) with weight 3.7501885609591535E-6; statement weight 6.811119363676256E-8
Lemma: ((eqM) (((mul) (((mul) (m)) (n))) (((mul) (((mul) (m)) (n))) (n)))) (((mul) (((mul) (m)) (n))) (m)); best proof: ((((left-multiply) (((mul) (m)) (n))) (((mul) (((mul) (m)) (n))) (n))) (m)) (((ass1) (m)) (n)) with weight 1.6477005515163835E-7; statement weight 2.4768150746015033E-10
Lemma: ((eqM) (((mul) (((mul) (((mul) (m)) (n))) (m))) (m))) (((mul) (m)) (n)); best proof: ((ass1) (((mul) (m)) (n))) (m) with weight 2.65641433531602E-4; statement weight 5.7744572862465684E-8
Lemma: ((eqM) (n)) (((mul) (((mul) (m)) (n))) (m)); best proof: (((((trans) (n)) (((mul) (((mul) (m)) (n))) (((mul) (((mul) (m)) (n))) (n)))) (((mul) (((mul) (m)) (n))) (m))) ((((sym) (((mul) (((mul) (m)) (n))) (((mul) (((mul) (m)) (n))) (n)))) (n)) (((ass2) (((mul) (m)) (n))) (n)))) (((((left-multiply) (((mul) (m)) (n))) (((mul) (((mul) (m)) (n))) (n))) (m)) (((ass1) (m)) (n))) with weight 4.118515337985921E-15; statement weight 2.1178375260749974E-5
Lemma: ((eqM) (((mul) (n)) (m))) (((mul) (((mul) (((mul) (m)) (n))) (m))) (m)); best proof: ((((right-multiply) (m)) (n)) (((mul) (((mul) (m)) (n))) (m))) ((((((trans) (n)) (((mul) (((mul) (m)) (n)2020.08.06 08:27:43 [INFO] provingground.learning.PostBuffer.$anon.post:266:22 - Post; tag: TypeTag[provingground.learning.HoTTMessages.TautologyInitState], id: (1,920274034), content:
TautologyInitState(TermState([trans : 0.14285714285714285, refl : 0.14285714285714285, n : 0.14285714285714285, sym : 0.14285714285714285, mul : 0.14285714285714285, m : 0.14285714285714285, ((mul) (m)) (n) : 0.14285714285714285],[M : 1.0],Vector(),[],[],Empty))
2020.08.06 08:27:43 [INFO] provingground.learning.PostBuffer.$anon.post:266:22 - Post; tag: TypeTag[provingground.learning.HoTTMessages.SpecialInitState], id: (2,1524053949), content:
SpecialInitState(TermState([trans : 0.9, sym : 0.1],[M : 1.0],Vector(),[],[],Empty),0.001,0.5,0.05,Some(TermGenParams(0.0,0.4,0.0,0.0,0.0,0.0,0.0,0.0,0.0,0.0,0.0,0.0,0.0,0.3,0.7,0.5,0.0,0.0,0.0,<function1>)),Some(2))
2020.08.06 08:27:43 [INFO] provingground.learning.PostBuffer.$anon.post:266:22 - Post; tag: TypeTag[provingground.learning.HoTTMessages.SpecialInitState], id: (3,-376740879), content:
SpecialInitState(TermState([right-multiply : 0.2, m : 0.2, n : 0.2, left-multiply : 0.2, ((mul) (m)) (n) : 0.2],[M : 1.0],Vector(),[],[],Empty),0.001,0.5,0.5,Some(TermGenParams(0.3,0.3,0.0,0.0,0.0,0.0,0.0,0.0,0.0,0.0,0.0,0.0,0.0,0.3,0.7,0.5,0.0,0.0,0.0,<function1>)),Some(2))
2020.08.06 08:27:43 [INFO] provingground.learning.PostBuffer.$anon.post:266:22 - Post; tag: TypeTag[provingground.learning.LocalProver], id: (4,726812960), content:
LocalProver(TermState([m : 0.08333333333333333, refl : 0.08333333333333333, mul : 0.08333333333333333, sym : 0.08333333333333333, left-multiply : 0.08333333333333333, right-multiply : 0.08333333333333333, ass2 : 0.08333333333333333, trans : 0.08333333333333333, n : 0.08333333333333333, ((mul) (m)) (n) : 0.08333333333333333, ass1 : 0.08333333333333333, eqM : 0.08333333333333333],[M : 1.0],Vector(),[],[((eqM) (((mul) (m)) (n))) (((mul) (n)) (m)) : 1.0],Empty),TermGenParams(0.1,0.1,0.0,0.0,0.0,0.0,0.0,0.0,0.0,0.0,0.0,0.0,0.0,0.3,0.7,0.5,0.0,0.0,0.0,<function1>),1.0E-4,None,12 minutes,1.01,1.0,10000,10,1.0,1.0,None,false,false,0.5,1.0,Some(1800000))
2020.08.06 08:27:43 [INFO] provingground.learning.TypedPostResponse.MicroBot.post:232:18 - triggered response 9cb2ac10 of type TypeTag[provingground.learning.ExpressionEval] to posts of type TypeTag[provingground.learning.LocalProver]
2020.08.06 08:27:48 [INFO] provingground.learning.ExpressionEval.initMap:123:22 - Computing initial map with 5143 atoms
2020.08.06 08:27:48 [INFO] provingground.learning.ExpressionEval.initMap:125:22 - Computed initial values
2020.08.06 08:27:48 [INFO] provingground.learning.ExpressionEval.initMap:129:22 - Computed vector for map, size 67
2020.08.06 08:27:48 [INFO] provingground.learning.ExpressionEval.initMap:130:22 - Zero initial values are 4918
2020.08.06 08:27:48 [INFO] provingground.learning.ExpressionEval.initMap:132:22 - Computed map
2020.08.06 08:27:48 [INFO] provingground.learning.ErasablePostBuffer.$anon.post:115:22 - Post; tag: TypeTag[provingground.learning.ExpressionEval], id: (5,1196930912)
2020.08.06 08:27:48 [INFO] provingground.learning.TypedPostResponse.MicroBot.$anonfun.applyOrElse:246:26 - completed response 9cb2ac10 of type TypeTag[provingground.learning.ExpressionEval] to posts of type TypeTag[provingground.learning.LocalProver]
2020.08.06 08:27:48 [INFO] provingground.learning.TypedPostResponse.Callback.post:193:18 - triggered callback c6d68db0 for type TypeTag[provingground.learning.ExpressionEval]
2020.08.06 08:27:48 [INFO] provingground.learning.TypedPostResponse.Callback.$anonfun.applyOrElse:197:33 - completed callback c6d68db0 for type TypeTag[provingground.learning.ExpressionEval]
2020.08.06 08:27:48 [INFO] provingground.learning.TypedPostResponse.MicroBot.post:232:18 - triggered response b7fbd56f of type TypeTag[provingground.learning.HoTTMessages.FinalState] to posts of type TypeTag[provingground.learning.ExpressionEval]
2020.08.06 08:27:48 [INFO] provingground.learning.HoTTBot.expEvToFinalState:538:26 - computing final state
2020.08.06 08:27:48 [INFO] provingground.learning.ExprCalc.finalVec:994:22 - Computing final vector, with maximum time Some(1800000), exponent: 0.5, decay: 1.0
2020.08.06 08:27:48 [INFO] provingground.learning.ExprCalc.finalVec:997:22 - Number of equations: 4608
2020.08.06 08:27:48 [INFO] provingground.learning.ExprCalc.stableSupportVec:897:26 - completed 2 steps without stable support, support size : 482
2020.08.06 08:27:48 [INFO] provingground.learning.ExprCalc.stableSupportVec:907:26 - stable support with support size 4032
2020.08.06 08:27:48 [INFO] provingground.learning.ExprCalc.finalVec:1000:22 - Obtained vector with stable support
2020.08.06 08:27:48 [INFO] provingground.learning.ExprCalc.stableVec:867:46 - completed 2 steps
2020.08.06 08:27:48 [INFO] provingground.learning.ErasablePostBuffer.$anon.post:115:22 - Post; tag: TypeTag[provingground.learning.HoTTMessages.FinalState], id: (6,958972634)
2020.08.06 08:27:48 [INFO] provingground.learning.TypedPostResponse.MicroBot.$anonfun.applyOrElse:246:26 - completed response b7fbd56f of type TypeTag[provingground.learning.HoTTMessages.FinalState] to posts of type TypeTag[provingground.learning.ExpressionEval]
2020.08.06 08:27:48 [INFO] provingground.learning.TypedPostResponse.Callback.post:193:18 - triggered callback f350ce44 for type TypeTag[provingground.learning.HoTTMessages.FinalState]
2020.08.06 08:27:48 [INFO] provingground.learning.HoTTBot.$anonfun:340:24 - Obtained 6985 formal equations
2020.08.06 08:27:49 [INFO] provingground.learning.TypedPostResponse.Callback.$anonfun.applyOrElse:197:33 - completed callback f350ce44 for type TypeTag[provingground.learning.HoTTMessages.FinalState]
2020.08.06 08:27:49 [INFO] provingground.learning.TypedPostResponse.Callback.post:193:18 - triggered callback 91c2e0a7 for type TypeTag[provingground.learning.HoTTMessages.FinalState]
2020.08.06 08:27:49 [INFO] provingground.learning.HoTTBot.$anonfun:393:26 - Results: 3
Lemma: ((eqM) (((mul) (((mul) (m)) (n))) (n))) (m); best proof: ((ass1) (m)) (n) with weight 2.6667755488917616E-4; statement weight 4.9192149948159317E-5
Lemma: ((eqM) (((mul) (((mul) (m)) (n))) (((mul) (((mul) (m)) (n))) (n)))) (n); best proof: ((ass2) (((mul) (m)) (n))) (n) with weight 2.6876782595691674E-4; statement weight 3.264856797210518E-7
Lemma: ((eqM) (((mul) (((mul) (((mul) (m)) (n))) (m))) (m))) (((mul) (m)) (n)); best proof: ((ass1) (((mul) (m)) (n))) (m) with weight 2.6876782595691674E-4; statement weight 2.8147371294295505E-7
2020.08.06 08:27:49 [INFO] provingground.learning.TypedPostResponse.Callback.$anonfun.applyOrElse:197:33 - completed callback 91c2e0a7 for type TypeTag[provingground.learning.HoTTMessages.FinalState]
2020.08.06 08:27:49 [INFO] provingground.learning.TypedPostResponse.MicroBot.post:232:18 - triggered response 838ece87 of type TypeTag[provingground.learning.HoTTMessages.Lemmas] to posts of type TypeTag[provingground.learning.HoTTMessages.FinalState]
2020.08.06 08:27:49 [INFO] provingground.learning.ExpressionEval.initMap:123:22 - Computing initial map with 3498 atoms
2020.08.06 08:27:49 [INFO] provingground.learning.ExpressionEval.initMap:125:22 - Computed initial values
2020.08.06 08:27:49 [INFO] provingground.learning.ExpressionEval.initMap:129:22 - Computed vector for map, size 38
2020.08.06 08:27:49 [INFO] provingground.learning.ExpressionEval.initMap:130:22 - Zero initial values are 3271
2020.08.06 08:27:49 [INFO] provingground.learning.ExpressionEval.initMap:132:22 - Computed map
2020.08.06 08:27:49 [INFO] provingground.learning.ExprCalc.finalVec:994:22 - Computing final vector, with maximum time Some(60000), exponent: 0.5, decay: 1.0
2020.08.06 08:27:49 [INFO] provingground.learning.ExprCalc.finalVec:997:22 - Number of equations: 3082
2020.08.06 08:27:49 [INFO] provingground.learning.ExprCalc.stableSupportVec:897:26 - completed 2 steps without stable support, support size : 154
2020.08.06 08:27:49 [INFO] provingground.learning.ExprCalc.stableSupportVec:907:26 - stable support with support size 1250
2020.08.06 08:27:49 [INFO] provingground.learning.ExprCalc.finalVec:1000:22 - Obtained vector with stable support
2020.08.06 08:27:49 [INFO] provingground.learning.ErasablePostBuffer.$anon.post:115:22 - Post; tag: TypeTag[provingground.learning.HoTTMessages.Lemmas], id: (7,644603102)
2020.08.06 08:27:49 [INFO] provingground.learning.TypedPostResponse.MicroBot.$anonfun.applyOrElse:246:26 - completed response 838ece87 of type TypeTag[provingground.learning.HoTTMessages.Lemmas] to posts of type TypeTag[provingground.learning.HoTTMessages.FinalState]
2020.08.06 08:27:49 [INFO] provingground.learning.TypedPostResponse.MicroBot.post:232:18 - triggered response d3d377ba of type TypeTag[(provingground.learning.HoTTMessages.UsedLemmas :: provingground.learning.HoTTMessages.TangentLemmas :: shapeless.HNil) :: provingground.learning.HoTTMessages.BaseMixinLemmas :: shapeless.HNil] to posts of type TypeTag[provingground.learning.HoTTMessages.Lemmas]
2020.08.06 08:27:49 [INFO] provingground.learning.HoTTBot.$anonfun:977:24 - excluded lemmas:

2020.08.06 08:27:49 [INFO] provingground.learning.ErasablePostBuffer.$anon.post:115:22 - Post; tag: TypeTag[provingground.learning.HoTTMessages.UsedLemmas], id: (8,-1780218742)
2020.08.06 08:27:49 [INFO] provingground.learning.ErasablePostBuffer.$anon.post:115:22 - Post; tag: TypeTag[provingground.learning.HoTTMessages.TangentLemmas], id: (9,-16437047)
2020.08.06 08:27:49 [INFO] provingground.learning.ErasablePostBuffer.$anon.post:115:22 - Post; tag: TypeTag[provingground.learning.HoTTMessages.BaseMixinLemmas], id: (10,696721054)
2020.08.06 08:27:49 [INFO] provingground.learning.TypedPostResponse.MicroBot.$anonfun.applyOrElse:246:26 - completed response d3d377ba of type TypeTag[(provingground.learning.HoTTMessages.UsedLemmas :: provingground.learning.HoTTMessages.TangentLemmas :: shapeless.HNil) :: provingground.learning.HoTTMessages.BaseMixinLemmas :: shapeless.HNil] to posts of type TypeTag[provingground.learning.HoTTMessages.Lemmas]
2020.08.06 08:27:49 [INFO] provingground.learning.TypedPostResponse.DualMiniBot.post:393:20 - triggered (multiple) responses 5d7262e9 of type TypeTag[provingground.learning.HoTTMessages.TangentBaseState] to posts of type TypeTag[provingground.learning.HoTTMessages.BaseMixinLemmas]
2020.08.06 08:27:49 [INFO] provingground.learning.TypedPostResponse.DualMiniBot.taskNest:398:32 - launching 1 branches
2020.08.06 08:27:49 [INFO] provingground.learning.HoTTBot.$anonfun:1090:22 - previous special init states are 2
2020.08.06 08:27:49 [INFO] provingground.learning.HoTTBot.$anonfun:1093:22 - Using 5328 equation nodes for base states
2020.08.06 08:27:49 [INFO] provingground.learning.TypedPostResponse.DualMiniBot.$anonfun:403:36 - launching 2 responses  of type TypeTag[provingground.learning.HoTTMessages.TangentBaseState] in branch
2020.08.06 08:27:49 [INFO] provingground.learning.HoTTBot.baseState:1005:16 - Computing base state
2020.08.06 08:27:49 [INFO] provingground.learning.ExpressionEval.initMap:123:22 - Computing initial map with 3584 atoms
2020.08.06 08:27:49 [INFO] provingground.learning.ExpressionEval.initMap:125:22 - Computed initial values
2020.08.06 08:27:49 [INFO] provingground.learning.ExpressionEval.initMap:129:22 - Computed vector for map, size 88
2020.08.06 08:27:49 [INFO] provingground.learning.ExpressionEval.initMap:130:22 - Zero initial values are 3297
2020.08.06 08:27:49 [INFO] provingground.learning.ExpressionEval.initMap:132:22 - Computed map
2020.08.06 08:27:49 [INFO] provingground.learning.HoTTBot.baseState:1021:16 - Computed expression evaluator
2020.08.06 08:27:49 [INFO] provingground.learning.ExprCalc.finalVec:994:22 - Computing final vector, with maximum time Some(1800000), exponent: 0.5, decay: 1.0
2020.08.06 08:27:49 [INFO] provingground.learning.ExprCalc.finalVec:997:22 - Number of equations: 3105
2020.08.06 08:27:49 [INFO] provingground.learning.ExprCalc.stableSupportVec:897:26 - completed 2 steps without stable support, support size : 132
2020.08.06 08:27:49 [INFO] provingground.learning.ExprCalc.stableSupportVec:907:26 - stable support with support size 310
2020.08.06 08:27:49 [INFO] provingground.learning.ExprCalc.finalVec:1000:22 - Obtained vector with stable support
2020.08.06 08:27:49 [INFO] provingground.learning.ErasablePostBuffer.$anon.post:115:22 - Post; tag: TypeTag[provingground.learning.HoTTMessages.TangentBaseState], id: (11,-1835272648)
2020.08.06 08:27:49 [INFO] provingground.learning.TypedPostResponse.DualMiniBot.$anonfun.applyOrElse:408:44 - remaining 1 responses of type TypeTag[provingground.learning.HoTTMessages.TangentBaseState]
2020.08.06 08:27:49 [INFO] provingground.learning.HoTTBot.baseState:1005:16 - Computing base state
2020.08.06 08:27:49 [INFO] provingground.learning.ExpressionEval.initMap:123:22 - Computing initial map with 3584 atoms
2020.08.06 08:27:49 [INFO] provingground.learning.ExpressionEval.initMap:125:22 - Computed initial values
2020.08.06 08:27:49 [INFO] provingground.learning.ExpressionEval.initMap:129:22 - Computed vector for map, size 96
2020.08.06 08:27:49 [INFO] provingground.learning.ExpressionEval.initMap:130:22 - Zero initial values are 3295
2020.08.06 08:27:49 [INFO] provingground.learning.ExpressionEval.initMap:132:22 - Computed map
2020.08.06 08:27:49 [INFO] provingground.learning.HoTTBot.baseState:1021:16 - Computed expression evaluator
2020.08.06 08:27:49 [INFO] provingground.learning.ExprCalc.finalVec:994:22 - Computing final vector, with maximum time Some(1800000), exponent: 0.5, decay: 1.0
2020.08.06 08:27:49 [INFO] provingground.learning.ExprCalc.finalVec:997:22 - Number of equations: 3105
2020.08.06 08:27:49 [INFO] provingground.learning.ExprCalc.stableSupportVec:897:26 - completed 2 steps without stable support, support size : 169
2020.08.06 08:27:49 [INFO] provingground.learning.ExprCalc.stableSupportVec:907:26 - stable support with support size 613
2020.08.06 08:27:49 [INFO] provingground.learning.ExprCalc.finalVec:1000:22 - Obtained vector with stable support
2020.08.06 08:27:49 [INFO] provingground.learning.ErasablePostBuffer.$anon.post:115:22 - Post; tag: TypeTag[provingground.learning.HoTTMessages.TangentBaseState], id: (12,-1569969671)
2020.08.06 08:27:49 [INFO] provingground.learning.TypedPostResponse.DualMiniBot.$anonfun.applyOrElse:408:44 - remaining 0 responses of type TypeTag[provingground.learning.HoTTMessages.TangentBaseState]
2020.08.06 08:27:49 [INFO] provingground.learning.TypedPostResponse.DualMiniBot.$anonfun.applyOrElse:418:22 - completed (multiple) responses 5d7262e9 of type TypeTag[provingground.learning.HoTTMessages.TangentBaseState] to posts of type TypeTag[provingground.learning.HoTTMessages.BaseMixinLemmas]
2020.08.06 08:27:49 [INFO] provingground.learning.PostBuffer.$anon.post:266:22 - Post; tag: TypeTag[provingground.learning.HoTTMessages.TangentBaseCompleted.type], id: (13,-1666923435), content:
TangentBaseCompleted
2020.08.06 08:27:49 [INFO] provingground.learning.TypedPostResponse.MicroBot.post:232:18 - triggered response 5f7030e3 of type TypeTag[provingground.learning.HoTTMessages.GeneratedEquationNodes] to posts of type TypeTag[provingground.learning.HoTTMessages.TangentBaseCompleted.type]
2020.08.06 08:27:49 [INFO] provingground.learning.TypedPostResponse.Callback.post:193:18 - triggered callback 3f5c643 for type TypeTag[provingground.learning.HoTTMessages.TangentBaseCompleted.type]
2020.08.06 08:27:49 [INFO] provingground.learning.HoTTBot.$anonfun:1302:28 - generating equations with 2 base states and 18 lemmas (before pruning)
2020.08.06 08:27:49 [INFO] provingground.learning.HoTTBot.$anonfun:1310:28 - Tangent lemmas (used with bases below): 3
(((eqM) (((mul) (((mul) (m)) (n))) (n))) (m),0.040787164672144105)
(((eqM) (((mul) (((mul) (m)) (n))) (((mul) (((mul) (m)) (n))) (n)))) (n),0.0012130704619560903)
(((eqM) (((mul) (((mul) (((mul) (m)) (n))) (m))) (m))) (((mul) (m)) (n)),0.0010934215305013328)
2020.08.06 08:27:49 [INFO] provingground.learning.HoTTBot.$anonfun:1316:30 - Details for base state: initial terms n, m, ((mul) (m)) (n), left-multiply, right-multiply
Initial state (optional): Some(SpecialInitState(TermState([right-multiply : 0.2, m : 0.2, n : 0.2, left-multiply : 0.2, ((mul) (m)) (n) : 0.2],[M : 1.0],Vector(),[],[],Empty),0.001,0.5,0.5,Some(TermGenParams(0.3,0.3,0.0,0.0,0.0,0.0,0.0,0.0,0.0,0.0,0.0,0.0,0.0,0.3,0.7,0.5,0.0,0.0,0.0,<function1>)),Some(2)))
2020.08.06 08:27:49 [INFO] provingground.learning.HoTTBot.$anonfun:1331:30 - Terms in base (used with tangents above) with initial terms n, m, ((mul) (m)) (n), left-multiply, right-multiply: 2
Type: (`b : M ) ~> ((`c : M ) ~> ((((eqM) (`b)) (`c)) → (((eqM) (((mul) (((mul) (m)) (n))) (`b))) (((mul) (((mul) (m)) (n))) (`c))))); best term: (left-multiply) (((mul) (m)) (n)) with weight 0.011140158041708745
Type: (`b : M ) ~> ((`c : M ) ~> ((((eqM) (`b)) (`c)) → (((eqM) (((mul) (`b)) (m))) (((mul) (`c)) (m))))); best term: (right-multiply) (m) with weight 0.011140158041708745
2020.08.06 08:27:49 [INFO] provingground.learning.HoTTBot.$anonfun:1343:30 - Lemmas in base state with initial terms n, m, ((mul) (m)) (n), left-multiply, right-multiply for mixin (used with tangents above): 3
Type: ((eqM) (((mul) (((mul) (m)) (n))) (n))) (m); best term: ((ass1) (m)) (n) with weight 0.08488998907980048
Type: ((eqM) (((mul) (((mul) (m)) (n))) (((mul) (((mul) (m)) (n))) (n)))) (n); best term: ((ass2) (((mul) (m)) (n))) (n) with weight 0.018818424820776353
Type: ((eqM) (((mul) (((mul) (((mul) (m)) (n))) (m))) (m))) (((mul) (m)) (n)); best term: ((ass1) (((mul) (m)) (n))) (m) with weight 0.01799929023209825
2020.08.06 08:27:49 [INFO] provingground.learning.HoTTBot.$anonfun:1356:30 - Inference by unified applications, triples and weight for base state with initial terms n, m, ((mul) (m)) (n), left-multiply, right-multiply
(0.0, 0.0, 0.0) for ((`a : M ) ~> ((`b : M ) ~> ((`c : M ) ~> ((((eqM) (`a)) (`b)) → ((((eqM) (`b)) (`c)) → (((eqM) (`a)) (`c)))))), ((eqM) (n)) (((mul) (((mul) (m)) (n))) (((mul) (((mul) (m)) (n))) (n))), (`$afm : M ) ~> ((((eqM) (((mul) (((mul) (m)) (n))) (((mul) (((mul) (m)) (n))) (n)))) (`$afm)) → (((eqM) (n)) (`$afm))))
(0.0, 0.0, 0.0) for ((`$afm : M ) ~> ((((eqM) (((mul) (((mul) (m)) (n))) (((mul) (((mul) (m)) (n))) (n)))) (`$afm)) → (((eqM) (n)) (`$afm))), ((eqM) (((mul) (((mul) (m)) (n))) (((mul) (((mul) (m)) (n))) (n)))) (((mul) (((mul) (m)) (n))) (m)), ((eqM) (n)) (((mul) (((mul) (m)) (n))) (m)))
(0.011140158041708745, 0.040787164672144105, 4.5437546052088496E-4) for ((`b : M ) ~> ((`c : M ) ~> ((((eqM) (`b)) (`c)) → (((eqM) (((mul) (((mul) (m)) (n))) (`b))) (((mul) (((mul) (m)) (n))) (`c))))), ((eqM) (((mul) (((mul) (m)) (n))) (n))) (m), ((eqM) (((mul) (((mul) (m)) (n))) (((mul) (((mul) (m)) (n))) (n)))) (((mul) (((mul) (m)) (n))) (m)))
(0.011140158041708745, 0.0, 0.0) for ((`b : M ) ~> ((`c : M ) ~> ((((eqM) (`b)) (`c)) → (((eqM) (((mul) (`b)) (m))) (((mul) (`c)) (m))))), ((eqM) (n)) (((mul) (((mul) (m)) (n))) (m)), ((eqM) (((mul) (n)) (m))) (((mul) (((mul) (((mul) (m)) (n))) (m))) (m)))
(0.0, 0.0, 0.0) for ((`a : M ) ~> ((`b : M ) ~> ((`c : M ) ~> ((((eqM) (`a)) (`b)) → ((((eqM) (`b)) (`c)) → (((eqM) (`a)) (`c)))))), ((eqM) (((mul) (n)) (m))) (((mul) (((mul) (((mul) (m)) (n))) (m))) (m)), (`$cnz : M ) ~> ((((eqM) (((mul) (((mul) (((mul) (m)) (n))) (m))) (m))) (`$cnz)) → (((eqM) (((mul) (n)) (m))) (`$cnz))))
(0.0, 0.0010934215305013328, 0.0) for ((`$cnz : M ) ~> ((((eqM) (((mul) (((mul) (((mul) (m)) (n))) (m))) (m))) (`$cnz)) → (((eqM) (((mul) (n)) (m))) (`$cnz))), ((eqM) (((mul) (((mul) (((mul) (m)) (n))) (m))) (m))) (((mul) (m)) (n)), ((eqM) (((mul) (n)) (m))) (((mul) (m)) (n)))
(0.0, 0.0, 0.0) for ((`a : M ) ~> ((`b : M ) ~> ((((eqM) (`a)) (`b)) → (((eqM) (`b)) (`a)))), ((eqM) (((mul) (n)) (m))) (((mul) (m)) (n)), ((eqM) (((mul) (m)) (n))) (((mul) (n)) (m)))

2020.08.06 08:27:49 [INFO] provingground.learning.HoTTBot.$anonfun:1316:30 - Details for base state: initial terms trans, sym
Initial state (optional): Some(SpecialInitState(TermState([trans : 0.9, sym : 0.1],[M : 1.0],Vector(),[],[],Empty),0.001,0.5,0.05,Some(TermGenParams(0.0,0.4,0.0,0.0,0.0,0.0,0.0,0.0,0.0,0.0,0.0,0.0,0.0,0.3,0.7,0.5,0.0,0.0,0.0,<function1>)),Some(2)))
2020.08.06 08:27:49 [INFO] provingground.learning.HoTTBot.$anonfun:1331:30 - Terms in base (used with tangents above) with initial terms trans, sym: 1
Type: (`a : M ) ~> ((`b : M ) ~> ((`c : M ) ~> ((((eqM) (`a)) (`b)) → ((((eqM) (`b)) (`c)) → (((eqM) (`a)) (`c)))))); best term: trans with weight 0.45000000000000007
2020.08.06 08:27:49 [INFO] provingground.learning.HoTTBot.$anonfun:1343:30 - Lemmas in base state with initial terms trans, sym for mixin (used with tangents above): 3
Type: ((eqM) (((mul) (((mul) (m)) (n))) (n))) (m); best term: ((ass1) (m)) (n) with weight 0.09144213799693587
Type: ((eqM) (((mul) (((mul) (m)) (n))) (((mul) (((mul) (m)) (n))) (n)))) (n); best term: ((ass2) (((mul) (m)) (n))) (n) with weight 0.02027090612214317
Type: ((eqM) (((mul) (((mul) (((mul) (m)) (n))) (m))) (m))) (((mul) (m)) (n)); best term: ((ass1) (((mul) (m)) (n))) (m) with weight 0.01938854744937253
2020.08.06 08:27:49 [INFO] provingground.learning.HoTTBot.$anonfun:1356:30 - Inference by unified applications, triples and weight for base state with initial terms trans, sym
(0.45000000000000007, 0.0, 0.0) for ((`a : M ) ~> ((`b : M ) ~> ((`c : M ) ~> ((((eqM) (`a)) (`b)) → ((((eqM) (`b)) (`c)) → (((eqM) (`a)) (`c)))))), ((eqM) (n)) (((mul) (((mul) (m)) (n))) (((mul) (((mul) (m)) (n))) (n))), (`$afm : M ) ~> ((((eqM) (((mul) (((mul) (m)) (n))) (((mul) (((mul) (m)) (n))) (n)))) (`$afm)) → (((eqM) (n)) (`$afm))))
(0.0, 0.0, 0.0) for ((`$afm : M ) ~> ((((eqM) (((mul) (((mul) (m)) (n))) (((mul) (((mul) (m)) (n))) (n)))) (`$afm)) → (((eqM) (n)) (`$afm))), ((eqM) (((mul) (((mul) (m)) (n))) (((mul) (((mul) (m)) (n))) (n)))) (((mul) (((mul) (m)) (n))) (m)), ((eqM) (n)) (((mul) (((mul) (m)) (n))) (m)))
(0.0, 0.040787164672144105, 0.0) for ((`b : M ) ~> ((`c : M ) ~> ((((eqM) (`b)) (`c)) → (((eqM) (((mul) (((mul) (m)) (n))) (`b))) (((mul) (((mul) (m)) (n))) (`c))))), ((eqM) (((mul) (((mul) (m)) (n))) (n))) (m), ((eqM) (((mul) (((mul) (m)) (n))) (((mul) (((mul) (m)) (n))) (n)))) (((mul) (((mul) (m)) (n))) (m)))
(0.0, 0.0, 0.0) for ((`b : M ) ~> ((`c : M ) ~> ((((eqM) (`b)) (`c)) → (((eqM) (((mul) (`b)) (m))) (((mul) (`c)) (m))))), ((eqM) (n)) (((mul) (((mul) (m)) (n))) (m)), ((eqM) (((mul) (n)) (m))) (((mul) (((mul) (((mul) (m)) (n))) (m))) (m)))
(0.45000000000000007, 0.0, 0.0) for ((`a : M ) ~> ((`b : M ) ~> ((`c : M ) ~> ((((eqM) (`a)) (`b)) → ((((eqM) (`b)) (`c)) → (((eqM) (`a)) (`c)))))), ((eqM) (((mul) (n)) (m))) (((mul) (((mul) (((mul) (m)) (n))) (m))) (m)), (`$cnz : M ) ~> ((((eqM) (((mul) (((mul) (((mul) (m)) (n))) (m))) (m))) (`$cnz)) → (((eqM) (((mul) (n)) (m))) (`$cnz))))
(0.0, 0.0010934215305013328, 0.0) for ((`$cnz : M ) ~> ((((eqM) (((mul) (((mul) (((mul) (m)) (n))) (m))) (m))) (`$cnz)) → (((eqM) (((mul) (n)) (m))) (`$cnz))), ((eqM) (((mul) (((mul) (((mul) (m)) (n))) (m))) (m))) (((mul) (m)) (n)), ((eqM) (((mul) (n)) (m))) (((mul) (m)) (n)))
(0.049999999999999996, 0.0, 0.0) for ((`a : M ) ~> ((`b : M ) ~> ((((eqM) (`a)) (`b)) → (((eqM) (`b)) (`a)))), ((eqM) (((mul) (n)) (m))) (((mul) (m)) (n)), ((eqM) (((mul) (m)) (n))) (((mul) (n)) (m)))

2020.08.06 08:27:49 [INFO] provingground.learning.TypedPostResponse.Callback.$anonfun.applyOrElse:197:33 - completed callback 3f5c643 for type TypeTag[provingground.learning.HoTTMessages.TangentBaseCompleted.type]
2020.08.06 08:27:50 [INFO] provingground.Utils.gatherMapSet:37:28 - processing 1 batches
2020.08.06 08:27:50 [INFO] provingground.Utils.gatherMapSet:38:54 - time remaining 1799 seconds
2020.08.06 08:27:50 [INFO] provingground.Utils.gatherMapSet:37:28 - processing 1 batches
2020.08.06 08:27:50 [INFO] provingground.Utils.gatherMapSet:38:54 - time remaining 1799 seconds
2020.08.06 08:27:50 [INFO] provingground.Utils.gatherMapSet:40:28 - mapped batch of size 2135
2020.08.06 08:27:50 [INFO] provingground.Utils.gatherMapSet:43:28 - All batches mapped and gathered, got set of size 976
2020.08.06 08:27:50 [INFO] provingground.learning.SimpleEquations.timedUnAppEquations:225:30 - ran for time 0, less than the time limit 30 minutes, with cutoff 0.001; running again
2020.08.06 08:27:51 [INFO] provingground.Utils.gatherMapSet:37:28 - processing 1 batches
2020.08.06 08:27:51 [INFO] provingground.Utils.gatherMapSet:38:54 - time remaining 1799 seconds
2020.08.06 08:27:50 [INFO] provingground.Utils.gatherMapSet:40:28 - mapped batch of size 2977
2020.08.06 08:27:50 [INFO] provingground.Utils.gatherMapSet:43:28 - All batches mapped and gathered, got set of size 1515
2020.08.06 08:27:50 [INFO] provingground.learning.SimpleEquations.timedUnAppEquations:225:30 - ran for time 0, less than the time limit 30 minutes, with cutoff 0.001; running again
2020.08.06 08:27:51 [INFO] provingground.Utils.gatherMapSet:37:28 - processing 1 batches
2020.08.06 08:27:51 [INFO] provingground.Utils.gatherMapSet:38:54 - time remaining 1799 seconds
2020.08.06 08:27:51 [INFO] provingground.Utils.gatherMapSet:40:28 - mapped batch of size 2450
2020.08.06 08:27:51 [INFO] provingground.Utils.gatherMapSet:43:28 - All batches mapped and gathered, got set of size 1361
2020.08.06 08:27:51 [INFO] provingground.learning.SimpleEquations.timedUnAppEquations:225:30 - ran for time 0, less than the time limit 30 minutes, with cutoff 2.0E-4; running again
2020.08.06 08:27:52 [INFO] provingground.Utils.gatherMapSet:37:28 - processing 1 batches
2020.08.06 08:27:52 [INFO] provingground.Utils.gatherMapSet:38:54 - time remaining 1799 seconds
2020.08.06 08:27:52 [INFO] provingground.Utils.gatherMapSet:40:28 - mapped batch of size 1526
2020.08.06 08:27:52 [INFO] provingground.Utils.gatherMapSet:43:28 - All batches mapped and gathered, got set of size 717
2020.08.06 08:27:52 [INFO] provingground.learning.SimpleEquations.timedUnAppEquations:225:30 - ran for time 0, less than the time limit 30 minutes, with cutoff 4.0E-5; running again
2020.08.06 08:27:52 [INFO] provingground.learning.SimpleEquations.timedUnAppEquations:229:30 - all pairs considered with cutoff 4.0E-5
2020.08.06 08:27:52 [INFO] provingground.Utils.gatherMapSet:40:28 - mapped batch of size 7144
2020.08.06 08:27:52 [INFO] provingground.Utils.gatherMapSet:43:28 - All batches mapped and gathered, got set of size 2215
2020.08.06 08:28:24 [INFO] provingground.learning.PostBuffer.$anon.post:266:22 - Post; tag: TypeTag[provingground.learning.HoTTMessages.TautologyInitState], id: (1,920274034), content:
TautologyInitState(TermState([trans : 0.14285714285714285, refl : 0.14285714285714285, n : 0.14285714285714285, sym : 0.14285714285714285, mul : 0.14285714285714285, m : 0.14285714285714285, ((mul) (m)) (n) : 0.14285714285714285],[M : 1.0],Vector(),[],[],Empty))
2020.08.06 08:28:24 [INFO] provingground.learning.PostBuffer.$anon.post:266:22 - Post; tag: TypeTag[provingground.learning.HoTTMessages.SpecialInitState], id: (2,1524053949), content:
SpecialInitState(TermState([trans : 0.9, sym : 0.1],[M : 1.0],Vector(),[],[],Empty),0.001,0.5,0.05,Some(TermGenParams(0.0,0.4,0.0,0.0,0.0,0.0,0.0,0.0,0.0,0.0,0.0,0.0,0.0,0.3,0.7,0.5,0.0,0.0,0.0,<function1>)),Some(2))
2020.08.06 08:28:24 [INFO] provingground.learning.PostBuffer.$anon.post:266:22 - Post; tag: TypeTag[provingground.learning.HoTTMessages.SpecialInitState], id: (3,-376740879), content:
SpecialInitState(TermState([right-multiply : 0.2, m : 0.2, n : 0.2, left-multiply : 0.2, ((mul) (m)) (n) : 0.2],[M : 1.0],Vector(),[],[],Empty),0.001,0.5,0.5,Some(TermGenParams(0.3,0.3,0.0,0.0,0.0,0.0,0.0,0.0,0.0,0.0,0.0,0.0,0.0,0.3,0.7,0.5,0.0,0.0,0.0,<function1>)),Some(2))
2020.08.06 08:28:24 [INFO] provingground.learning.PostBuffer.$anon.post:266:22 - Post; tag: TypeTag[provingground.learning.LocalProver], id: (4,726812960), content:
LocalProver(TermState([m : 0.08333333333333333, refl : 0.08333333333333333, mul : 0.08333333333333333, sym : 0.08333333333333333, left-multiply : 0.08333333333333333, right-multiply : 0.08333333333333333, ass2 : 0.08333333333333333, trans : 0.08333333333333333, n : 0.08333333333333333, ((mul) (m)) (n) : 0.08333333333333333, ass1 : 0.08333333333333333, eqM : 0.08333333333333333],[M : 1.0],Vector(),[],[((eqM) (((mul) (m)) (n))) (((mul) (n)) (m)) : 1.0],Empty),TermGenParams(0.1,0.1,0.0,0.0,0.0,0.0,0.0,0.0,0.0,0.0,0.0,0.0,0.0,0.3,0.7,0.5,0.0,0.0,0.0,<function1>),1.0E-4,None,12 minutes,1.01,1.0,10000,10,1.0,1.0,None,false,false,0.5,1.0,Some(1800000))
2020.08.06 08:28:24 [INFO] provingground.learning.TypedPostResponse.MicroBot.post:232:18 - triggered response ce49dd6a of type TypeTag[provingground.learning.ExpressionEval] to posts of type TypeTag[provingground.learning.LocalProver]
2020.08.06 08:28:30 [INFO] provingground.learning.ExpressionEval.initMap:123:22 - Computing initial map with 5143 atoms
2020.08.06 08:28:30 [INFO] provingground.learning.ExpressionEval.initMap:125:22 - Computed initial values
2020.08.06 08:28:30 [INFO] provingground.learning.ExpressionEval.initMap:129:22 - Computed vector for map, size 67
2020.08.06 08:28:30 [INFO] provingground.learning.ExpressionEval.initMap:130:22 - Zero initial values are 4918
2020.08.06 08:28:30 [INFO] provingground.learning.ExpressionEval.initMap:132:22 - Computed map
2020.08.06 08:28:30 [INFO] provingground.learning.ErasablePostBuffer.$anon.post:115:22 - Post; tag: TypeTag[provingground.learning.ExpressionEval], id: (5,803437505)
2020.08.06 08:28:30 [INFO] provingground.learning.TypedPostResponse.MicroBot.$anonfun.applyOrElse:246:26 - completed response ce49dd6a of type TypeTag[provingground.learning.ExpressionEval] to posts of type TypeTag[provingground.learning.LocalProver]
2020.08.06 08:28:30 [INFO] provingground.learning.TypedPostResponse.Callback.post:193:18 - triggered callback 7ee8f55 for type TypeTag[provingground.learning.ExpressionEval]
2020.08.06 08:28:30 [INFO] provingground.learning.TypedPostResponse.Callback.$anonfun.applyOrElse:197:33 - completed callback 7ee8f55 for type TypeTag[provingground.learning.ExpressionEval]
2020.08.06 08:28:30 [INFO] provingground.learning.TypedPostResponse.MicroBot.post:232:18 - triggered response af8a0c2f of type TypeTag[provingground.learning.HoTTMessages.FinalState] to posts of type TypeTag[provingground.learning.ExpressionEval]
2020.08.06 08:28:30 [INFO] provingground.learning.HoTTBot.expEvToFinalState:538:26 - computing final state
2020.08.06 08:28:30 [INFO] provingground.learning.ExprCalc.finalVec:994:22 - Computing final vector, with maximum time Some(1800000), exponent: 0.5, decay: 1.0
2020.08.06 08:28:30 [INFO] provingground.learning.ExprCalc.finalVec:997:22 - Number of equations: 4608
2020.08.06 08:28:30 [INFO] provingground.learning.ExprCalc.stableSupportVec:897:26 - completed 2 steps without stable support, support size : 482
2020.08.06 08:28:30 [INFO] provingground.learning.ExprCalc.stableSupportVec:907:26 - stable support with support size 4032
2020.08.06 08:28:30 [INFO] provingground.learning.ExprCalc.finalVec:1000:22 - Obtained vector with stable support
2020.08.06 08:28:30 [INFO] provingground.learning.ExprCalc.stableVec:867:46 - completed 2 steps
2020.08.06 08:28:30 [INFO] provingground.learning.ErasablePostBuffer.$anon.post:115:22 - Post; tag: TypeTag[provingground.learning.HoTTMessages.FinalState], id: (6,1305147340)
2020.08.06 08:28:30 [INFO] provingground.learning.TypedPostResponse.MicroBot.$anonfun.applyOrElse:246:26 - completed response af8a0c2f of type TypeTag[provingground.learning.HoTTMessages.FinalState] to posts of type TypeTag[provingground.learning.ExpressionEval]
2020.08.06 08:28:30 [INFO] provingground.learning.TypedPostResponse.Callback.post:193:18 - triggered callback a57cadb4 for type TypeTag[provingground.learning.HoTTMessages.FinalState]
2020.08.06 08:28:30 [INFO] provingground.learning.HoTTBot.$anonfun:340:24 - Obtained 6985 formal equations
2020.08.06 08:28:31 [INFO] provingground.learning.TypedPostResponse.Callback.$anonfun.applyOrElse:197:33 - completed callback a57cadb4 for type TypeTag[provingground.learning.HoTTMessages.FinalState]
2020.08.06 08:28:31 [INFO] provingground.learning.TypedPostResponse.Callback.post:193:18 - triggered callback 7ff1ea77 for type TypeTag[provingground.learning.HoTTMessages.FinalState]
2020.08.06 08:28:31 [INFO] provingground.learning.HoTTBot.$anonfun:393:26 - Results: 3
Lemma: ((eqM) (((mul) (((mul) (m)) (n))) (n))) (m); best proof: ((ass1) (m)) (n) with weight 2.6667755488917616E-4; statement weight 4.9192149948159317E-5
Lemma: ((eqM) (((mul) (((mul) (m)) (n))) (((mul) (((mul) (m)) (n))) (n)))) (n); best proof: ((ass2) (((mul) (m)) (n))) (n) with weight 2.6876782595691674E-4; statement weight 3.264856797210518E-7
Lemma: ((eqM) (((mul) (((mul) (((mul) (m)) (n))) (m))) (m))) (((mul) (m)) (n)); best proof: ((ass1) (((mul) (m)) (n))) (m) with weight 2.6876782595691674E-4; statement weight 2.8147371294295505E-7
2020.08.06 08:28:31 [INFO] provingground.learning.TypedPostResponse.Callback.$anonfun.applyOrElse:197:33 - completed callback 7ff1ea77 for type TypeTag[provingground.learning.HoTTMessages.FinalState]
2020.08.06 08:28:31 [INFO] provingground.learning.TypedPostResponse.MicroBot.post:232:18 - triggered response fbbe7408 of type TypeTag[provingground.learning.HoTTMessages.Lemmas] to posts of type TypeTag[provingground.learning.HoTTMessages.FinalState]
2020.08.06 08:28:31 [INFO] provingground.learning.ExpressionEval.initMap:123:22 - Computing initial map with 3498 atoms
2020.08.06 08:28:31 [INFO] provingground.learning.ExpressionEval.initMap:125:22 - Computed initial values
2020.08.06 08:28:31 [INFO] provingground.learning.ExpressionEval.initMap:129:22 - Computed vector for map, size 38
2020.08.06 08:28:31 [INFO] provingground.learning.ExpressionEval.initMap:130:22 - Zero initial values are 3271
2020.08.06 08:28:31 [INFO] provingground.learning.ExpressionEval.initMap:132:22 - Computed map
2020.08.06 08:28:31 [INFO] provingground.learning.ExprCalc.finalVec:994:22 - Computing final vector, with maximum time Some(60000), exponent: 0.5, decay: 1.0
2020.08.06 08:28:31 [INFO] provingground.learning.ExprCalc.finalVec:997:22 - Number of equations: 3082
2020.08.06 08:28:31 [INFO] provingground.learning.ExprCalc.stableSupportVec:897:26 - completed 2 steps without stable support, support size : 154
2020.08.06 08:28:31 [INFO] provingground.learning.ExprCalc.stableSupportVec:907:26 - stable support with support size 1250
2020.08.06 08:28:31 [INFO] provingground.learning.ExprCalc.finalVec:1000:22 - Obtained vector with stable support
2020.08.06 08:28:31 [INFO] provingground.learning.ErasablePostBuffer.$anon.post:115:22 - Post; tag: TypeTag[provingground.learning.HoTTMessages.Lemmas], id: (7,644603102)
2020.08.06 08:28:31 [INFO] provingground.learning.TypedPostResponse.MicroBot.$anonfun.applyOrElse:246:26 - completed response fbbe7408 of type TypeTag[provingground.learning.HoTTMessages.Lemmas] to posts of type TypeTag[provingground.learning.HoTTMessages.FinalState]
2020.08.06 08:28:31 [INFO] provingground.learning.TypedPostResponse.MicroBot.post:232:18 - triggered response 945d1348 of type TypeTag[(provingground.learning.HoTTMessages.UsedLemmas :: provingground.learning.HoTTMessages.TangentLemmas :: shapeless.HNil) :: provingground.learning.HoTTMessages.BaseMixinLemmas :: shapeless.HNil] to posts of type TypeTag[provingground.learning.HoTTMessages.Lemmas]
2020.08.06 08:28:31 [INFO] provingground.learning.HoTTBot.$anonfun:977:24 - excluded lemmas:

2020.08.06 08:28:31 [INFO] provingground.learning.ErasablePostBuffer.$anon.post:115:22 - Post; tag: TypeTag[provingground.learning.HoTTMessages.UsedLemmas], id: (8,-1780218742)
2020.08.06 08:28:31 [INFO] provingground.learning.ErasablePostBuffer.$anon.post:115:22 - Post; tag: TypeTag[provingground.learning.HoTTMessages.TangentLemmas], id: (9,-16437047)
2020.08.06 08:28:31 [INFO] provingground.learning.ErasablePostBuffer.$anon.post:115:22 - Post; tag: TypeTag[provingground.learning.HoTTMessages.BaseMixinLemmas], id: (10,696721054)
2020.08.06 08:28:31 [INFO] provingground.learning.TypedPostResponse.MicroBot.$anonfun.applyOrElse:246:26 - completed response 945d1348 of type TypeTag[(provingground.learning.HoTTMessages.UsedLemmas :: provingground.learning.HoTTMessages.TangentLemmas :: shapeless.HNil) :: provingground.learning.HoTTMessages.BaseMixinLemmas :: shapeless.HNil] to posts of type TypeTag[provingground.learning.HoTTMessages.Lemmas]
2020.08.06 08:28:31 [INFO] provingground.learning.TypedPostResponse.DualMiniBot.post:393:20 - triggered (multiple) responses 4fa8711c of type TypeTag[provingground.learning.HoTTMessages.TangentBaseState] to posts of type TypeTag[provingground.learning.HoTTMessages.BaseMixinLemmas]
2020.08.06 08:28:31 [INFO] provingground.learning.TypedPostResponse.DualMiniBot.taskNest:398:32 - launching 1 branches
2020.08.06 08:28:31 [INFO] provingground.learning.HoTTBot.$anonfun:1090:22 - previous special init states are 2
2020.08.06 08:28:31 [INFO] provingground.learning.HoTTBot.$anonfun:1093:22 - Using 5328 equation nodes for base states
2020.08.06 08:28:31 [INFO] provingground.learning.TypedPostResponse.DualMiniBot.$anonfun:403:36 - launching 2 responses  of type TypeTag[provingground.learning.HoTTMessages.TangentBaseState] in branch
2020.08.06 08:28:31 [INFO] provingground.learning.HoTTBot.baseState:1005:16 - Computing base state
2020.08.06 08:28:31 [INFO] provingground.learning.ExpressionEval.initMap:123:22 - Computing initial map with 3584 atoms
2020.08.06 08:28:31 [INFO] provingground.learning.ExpressionEval.initMap:125:22 - Computed initial values
2020.08.06 08:28:31 [INFO] provingground.learning.ExpressionEval.initMap:129:22 - Computed vector for map, size 88
2020.08.06 08:28:31 [INFO] provingground.learning.ExpressionEval.initMap:130:22 - Zero initial values are 3297
2020.08.06 08:28:31 [INFO] provingground.learning.ExpressionEval.initMap:132:22 - Computed map
2020.08.06 08:28:31 [INFO] provingground.learning.HoTTBot.baseState:1021:16 - Computed expression evaluator
2020.08.06 08:28:31 [INFO] provingground.learning.ExprCalc.finalVec:994:22 - Computing final vector, with maximum time Some(1800000), exponent: 0.5, decay: 1.0
2020.08.06 08:28:31 [INFO] provingground.learning.ExprCalc.finalVec:997:22 - Number of equations: 3105
2020.08.06 08:28:31 [INFO] provingground.learning.ExprCalc.stableSupportVec:897:26 - completed 2 steps without stable support, support size : 132
2020.08.06 08:28:31 [INFO] provingground.learning.ExprCalc.stableSupportVec:907:26 - stable support with support size 310
2020.08.06 08:28:31 [INFO] provingground.learning.ExprCalc.finalVec:1000:22 - Obtained vector with stable support
2020.08.06 08:28:31 [INFO] provingground.learning.ErasablePostBuffer.$anon.post:115:22 - Post; tag: TypeTag[provingground.learning.HoTTMessages.TangentBaseState], id: (11,-1835272648)
2020.08.06 08:28:31 [INFO] provingground.learning.TypedPostResponse.DualMiniBot.$anonfun.applyOrElse:408:44 - remaining 1 responses of type TypeTag[provingground.learning.HoTTMessages.TangentBaseState]
2020.08.06 08:28:31 [INFO] provingground.learning.HoTTBot.baseState:1005:16 - Computing base state
2020.08.06 08:28:31 [INFO] provingground.learning.ExpressionEval.initMap:123:22 - Computing initial map with 3584 atoms
2020.08.06 08:28:31 [INFO] provingground.learning.ExpressionEval.initMap:125:22 - Computed initial values
2020.08.06 08:28:31 [INFO] provingground.learning.ExpressionEval.initMap:129:22 - Computed vector for map, size 96
2020.08.06 08:28:31 [INFO] provingground.learning.ExpressionEval.initMap:130:22 - Zero initial values are 3295
2020.08.06 08:28:31 [INFO] provingground.learning.ExpressionEval.initMap:132:22 - Computed map
2020.08.06 08:28:31 [INFO] provingground.learning.HoTTBot.baseState:1021:16 - Computed expression evaluator
2020.08.06 08:28:31 [INFO] provingground.learning.ExprCalc.finalVec:994:22 - Computing final vector, with maximum time Some(1800000), exponent: 0.5, decay: 1.0
2020.08.06 08:28:31 [INFO] provingground.learning.ExprCalc.finalVec:997:22 - Number of equations: 3105
2020.08.06 08:28:31 [INFO] provingground.learning.ExprCalc.stableSupportVec:897:26 - completed 2 steps without stable support, support size : 169
2020.08.06 08:28:31 [INFO] provingground.learning.ExprCalc.stableSupportVec:907:26 - stable support with support size 613
2020.08.06 08:28:31 [INFO] provingground.learning.ExprCalc.finalVec:1000:22 - Obtained vector with stable support
2020.08.06 08:28:31 [INFO] provingground.learning.ErasablePostBuffer.$anon.post:115:22 - Post; tag: TypeTag[provingground.learning.HoTTMessages.TangentBaseState], id: (12,-1569969671)
2020.08.06 08:28:31 [INFO] provingground.learning.TypedPostResponse.DualMiniBot.$anonfun.applyOrElse:408:44 - remaining 0 responses of type TypeTag[provingground.learning.HoTTMessages.TangentBaseState]
2020.08.06 08:28:31 [INFO] provingground.learning.TypedPostResponse.DualMiniBot.$anonfun.applyOrElse:418:22 - completed (multiple) responses 4fa8711c of type TypeTag[provingground.learning.HoTTMessages.TangentBaseState] to posts of type TypeTag[provingground.learning.HoTTMessages.BaseMixinLemmas]
2020.08.06 08:28:31 [INFO] provingground.learning.PostBuffer.$anon.post:266:22 - Post; tag: TypeTag[provingground.learning.HoTTMessages.TangentBaseCompleted.type], id: (13,-1666923435), content:
TangentBaseCompleted
2020.08.06 08:28:31 [INFO] provingground.learning.TypedPostResponse.MicroBot.post:232:18 - triggered response 1fc5968f of type TypeTag[provingground.learning.HoTTMessages.GeneratedEquationNodes] to posts of type TypeTag[provingground.learning.HoTTMessages.TangentBaseCompleted.type]
2020.08.06 08:28:31 [INFO] provingground.learning.TypedPostResponse.Callback.post:193:18 - triggered callback 941330c0 for type TypeTag[provingground.learning.HoTTMessages.TangentBaseCompleted.type]
2020.08.06 08:28:31 [INFO] provingground.learning.HoTTBot.$anonfun:1302:28 - generating equations with 2 base states and 18 lemmas (before pruning)
2020.08.06 08:28:31 [INFO] provingground.learning.HoTTBot.$anonfun:1310:28 - Tangent lemmas (used with bases below): 3
(((eqM) (((mul) (((mul) (m)) (n))) (n))) (m),0.040787164672144105)
(((eqM) (((mul) (((mul) (m)) (n))) (((mul) (((mul) (m)) (n))) (n)))) (n),0.0012130704619560903)
(((eqM) (((mul) (((mul) (((mul) (m)) (n))) (m))) (m))) (((mul) (m)) (n)),0.0010934215305013328)
2020.08.06 08:28:31 [INFO] provingground.learning.HoTTBot.$anonfun:1316:30 - Details for base state: initial terms n, m, ((mul) (m)) (n), left-multiply, right-multiply
Initial state (optional): Some(SpecialInitState(TermState([right-multiply : 0.2, m : 0.2, n : 0.2, left-multiply : 0.2, ((mul) (m)) (n) : 0.2],[M : 1.0],Vector(),[],[],Empty),0.001,0.5,0.5,Some(TermGenParams(0.3,0.3,0.0,0.0,0.0,0.0,0.0,0.0,0.0,0.0,0.0,0.0,0.0,0.3,0.7,0.5,0.0,0.0,0.0,<function1>)),Some(2)))
2020.08.06 08:28:31 [INFO] provingground.learning.HoTTBot.$anonfun:1331:30 - Terms in base (used with tangents above) with initial terms n, m, ((mul) (m)) (n), left-multiply, right-multiply: 2
Type: (`b : M ) ~> ((`c : M ) ~> ((((eqM) (`b)) (`c)) → (((eqM) (((mul) (((mul) (m)) (n))) (`b))) (((mul) (((mul) (m)) (n))) (`c))))); best term: (left-multiply) (((mul) (m)) (n)) with weight 0.011140158041708745
Type: (`b : M ) ~> ((`c : M ) ~> ((((eqM) (`b)) (`c)) → (((eqM) (((mul) (`b)) (m))) (((mul) (`c)) (m))))); best term: (right-multiply) (m) with weight 0.011140158041708745
2020.08.06 08:28:31 [INFO] provingground.learning.HoTTBot.$anonfun:1343:30 - Lemmas in base state with initial terms n, m, ((mul) (m)) (n), left-multiply, right-multiply for mixin (used with tangents above): 3
Type: ((eqM) (((mul) (((mul) (m)) (n))) (n))) (m); best term: ((ass1) (m)) (n) with weight 0.08488998907980048
Type: ((eqM) (((mul) (((mul) (m)) (n))) (((mul) (((mul) (m)) (n))) (n)))) (n); best term: ((ass2) (((mul) (m)) (n))) (n) with weight 0.018818424820776353
Type: ((eqM) (((mul) (((mul) (((mul) (m)) (n))) (m))) (m))) (((mul) (m)) (n)); best term: ((ass1) (((mul) (m)) (n))) (m) with weight 0.01799929023209825
2020.08.06 08:28:31 [INFO] provingground.learning.HoTTBot.$anonfun:1356:30 - Inference by unified applications, triples and weight for base state with initial terms n, m, ((mul) (m)) (n), left-multiply, right-multiply
(0.0, 0.0, 0.0) for ((`a : M ) ~> ((`b : M ) ~> ((`c : M ) ~> ((((eqM) (`a)) (`b)) → ((((eqM) (`b)) (`c)) → (((eqM) (`a)) (`c)))))), ((eqM) (n)) (((mul) (((mul) (m)) (n))) (((mul) (((mul) (m)) (n))) (n))), (`$afm : M ) ~> ((((eqM) (((mul) (((mul) (m)) (n))) (((mul) (((mul) (m)) (n))) (n)))) (`$afm)) → (((eqM) (n)) (`$afm))))
(0.0, 0.0, 0.0) for ((`$afm : M ) ~> ((((eqM) (((mul) (((mul) (m)) (n))) (((mul) (((mul) (m)) (n))) (n)))) (`$afm)) → (((eqM) (n)) (`$afm))), ((eqM) (((mul) (((mul) (m)) (n))) (((mul) (((mul) (m)) (n))) (n)))) (((mul) (((mul) (m)) (n))) (m)), ((eqM) (n)) (((mul) (((mul) (m)) (n))) (m)))
(0.011140158041708745, 0.040787164672144105, 4.5437546052088496E-4) for ((`b : M ) ~> ((`c : M ) ~> ((((eqM) (`b)) (`c)) → (((eqM) (((mul) (((mul) (m)) (n))) (`b))) (((mul) (((mul) (m)) (n))) (`c))))), ((eqM) (((mul) (((mul) (m)) (n))) (n))) (m), ((eqM) (((mul) (((mul) (m)) (n))) (((mul) (((mul) (m)) (n))) (n)))) (((mul) (((mul) (m)) (n))) (m)))
(0.011140158041708745, 0.0, 0.0) for ((`b : M ) ~> ((`c : M ) ~> ((((eqM) (`b)) (`c)) → (((eqM) (((mul) (`b)) (m))) (((mul) (`c)) (m))))), ((eqM) (n)) (((mul) (((mul) (m)) (n))) (m)), ((eqM) (((mul) (n)) (m))) (((mul) (((mul) (((mul) (m)) (n))) (m))) (m)))
(0.0, 0.0, 0.0) for ((`a : M ) ~> ((`b : M ) ~> ((`c : M ) ~> ((((eqM) (`a)) (`b)) → ((((eqM) (`b)) (`c)) → (((eqM) (`a)) (`c)))))), ((eqM) (((mul) (n)) (m))) (((mul) (((mul) (((mul) (m)) (n))) (m))) (m)), (`$cnz : M ) ~> ((((eqM) (((mul) (((mul) (((mul) (m)) (n))) (m))) (m))) (`$cnz)) → (((eqM) (((mul) (n)) (m))) (`$cnz))))
(0.0, 0.0010934215305013328, 0.0) for ((`$cnz : M ) ~> ((((eqM) (((mul) (((mul) (((mul) (m)) (n))) (m))) (m))) (`$cnz)) → (((eqM) (((mul) (n)) (m))) (`$cnz))), ((eqM) (((mul) (((mul) (((mul) (m)) (n))) (m))) (m))) (((mul) (m)) (n)), ((eqM) (((mul) (n)) (m))) (((mul) (m)) (n)))
(0.0, 0.0, 0.0) for ((`a : M ) ~> ((`b : M ) ~> ((((eqM) (`a)) (`b)) → (((eqM) (`b)) (`a)))), ((eqM) (((mul) (n)) (m))) (((mul) (m)) (n)), ((eqM) (((mul) (m)) (n))) (((mul) (n)) (m)))

2020.08.06 08:28:31 [INFO] provingground.learning.HoTTBot.$anonfun:1316:30 - Details for base state: initial terms trans, sym
Initial state (optional): Some(SpecialInitState(TermState([trans : 0.9, sym : 0.1],[M : 1.0],Vector(),[],[],Empty),0.001,0.5,0.05,Some(TermGenParams(0.0,0.4,0.0,0.0,0.0,0.0,0.0,0.0,0.0,0.0,0.0,0.0,0.0,0.3,0.7,0.5,0.0,0.0,0.0,<function1>)),Some(2)))
2020.08.06 08:28:31 [INFO] provingground.learning.HoTTBot.$anonfun:1331:30 - Terms in base (used with tangents above) with initial terms trans, sym: 1
Type: (`a : M ) ~> ((`b : M ) ~> ((`c : M ) ~> ((((eqM) (`a)) (`b)) → ((((eqM) (`b)) (`c)) → (((eqM) (`a)) (`c)))))); best term: trans with weight 0.45000000000000007
2020.08.06 08:28:31 [INFO] provingground.learning.HoTTBot.$anonfun:1343:30 - Lemmas in base state with initial terms trans, sym for mixin (used with tangents above): 3
Type: ((eqM) (((mul) (((mul) (m)) (n))) (n))) (m); best term: ((ass1) (m)) (n) with weight 0.09144213799693587
Type: ((eqM) (((mul) (((mul) (m)) (n))) (((mul) (((mul) (m)) (n))) (n)))) (n); best term: ((ass2) (((mul) (m)) (n))) (n) with weight 0.02027090612214317
Type: ((eqM) (((mul) (((mul) (((mul) (m)) (n))) (m))) (m))) (((mul) (m)) (n)); best term: ((ass1) (((mul) (m)) (n))) (m) with weight 0.01938854744937253
2020.08.06 08:28:31 [INFO] provingground.learning.HoTTBot.$anonfun:1356:30 - Inference by unified applications, triples and weight for base state with initial terms trans, sym
(0.45000000000000007, 0.0, 0.0) for ((`a : M ) ~> ((`b : M ) ~> ((`c : M ) ~> ((((eqM) (`a)) (`b)) → ((((eqM) (`b)) (`c)) → (((eqM) (`a)) (`c)))))), ((eqM) (n)) (((mul) (((mul) (m)) (n))) (((mul) (((mul) (m)) (n))) (n))), (`$afm : M ) ~> ((((eqM) (((mul) (((mul) (m)) (n))) (((mul) (((mul) (m)) (n))) (n)))) (`$afm)) → (((eqM) (n)) (`$afm))))
(0.0, 0.0, 0.0) for ((`$afm : M ) ~> ((((eqM) (((mul) (((mul) (m)) (n))) (((mul) (((mul) (m)) (n))) (n)))) (`$afm)) → (((eqM) (n)) (`$afm))), ((eqM) (((mul) (((mul) (m)) (n))) (((mul) (((mul) (m)) (n))) (n)))) (((mul) (((mul) (m)) (n))) (m)), ((eqM) (n)) (((mul) (((mul) (m)) (n))) (m)))
(0.0, 0.040787164672144105, 0.0) for ((`b : M ) ~> ((`c : M ) ~> ((((eqM) (`b)) (`c)) → (((eqM) (((mul) (((mul) (m)) (n))) (`b))) (((mul) (((mul) (m)) (n))) (`c))))), ((eqM) (((mul) (((mul) (m)) (n))) (n))) (m), ((eqM) (((mul) (((mul) (m)) (n))) (((mul) (((mul) (m)) (n))) (n)))) (((mul) (((mul) (m)) (n))) (m)))
(0.0, 0.0, 0.0) for ((`b : M ) ~> ((`c : M ) ~> ((((eqM) (`b)) (`c)) → (((eqM) (((mul) (`b)) (m))) (((mul) (`c)) (m))))), ((eqM) (n)) (((mul) (((mul) (m)) (n))) (m)), ((eqM) (((mul) (n)) (m))) (((mul) (((mul) (((mul) (m)) (n))) (m))) (m)))
(0.45000000000000007, 0.0, 0.0) for ((`a : M ) ~> ((`b : M ) ~> ((`c : M ) ~> ((((eqM) (`a)) (`b)) → ((((eqM) (`b)) (`c)) → (((eqM) (`a)) (`c)))))), ((eqM) (((mul) (n)) (m))) (((mul) (((mul) (((mul) (m)) (n))) (m))) (m)), (`$cnz : M ) ~> ((((eqM) (((mul) (((mul) (((mul) (m)) (n))) (m))) (m))) (`$cnz)) → (((eqM) (((mul) (n)) (m))) (`$cnz))))
(0.0, 0.0010934215305013328, 0.0) for ((`$cnz : M ) ~> ((((eqM) (((mul) (((mul) (((mul) (m)) (n))) (m))) (m))) (`$cnz)) → (((eqM) (((mul) (n)) (m))) (`$cnz))), ((eqM) (((mul) (((mul) (((mul) (m)) (n))) (m))) (m))) (((mul) (m)) (n)), ((eqM) (((mul) (n)) (m))) (((mul) (m)) (n)))
(0.049999999999999996, 0.0, 0.0) for ((`a : M ) ~> ((`b : M ) ~> ((((eqM) (`a)) (`b)) → (((eqM) (`b)) (`a)))), ((eqM) (((mul) (n)) (m))) (((mul) (m)) (n)), ((eqM) (((mul) (m)) (n))) (((mul) (n)) (m)))

2020.08.06 08:28:31 [INFO] provingground.learning.TypedPostResponse.Callback.$anonfun.applyOrElse:197:33 - completed callback 941330c0 for type TypeTag[provingground.learning.HoTTMessages.TangentBaseCompleted.type]
2020.08.06 08:28:32 [INFO] provingground.Utils.gatherMapSet:37:28 - processing 1 batches
2020.08.06 08:28:32 [INFO] provingground.Utils.gatherMapSet:38:54 - time remaining 1799 seconds
2020.08.06 08:28:32 [INFO] provingground.Utils.gatherMapSet:37:28 - processing 1 batches
2020.08.06 08:28:32 [INFO] provingground.Utils.gatherMapSet:38:54 - time remaining 1799 seconds
2020.08.06 08:28:32 [INFO] provingground.Utils.gatherMapSet:40:28 - mapped batch of size 2135
2020.08.06 08:28:32 [INFO] provingground.Utils.gatherMapSet:43:28 - All batches mapped and gathered, got set of size 976
2020.08.06 08:28:32 [INFO] provingground.learning.SimpleEquations.timedUnAppEquations:225:30 - ran for time 0, less than the time limit 30 minutes, with cutoff 0.001; running again
2020.08.06 08:28:32 [INFO] provingground.Utils.gatherMapSet:37:28 - processing 1 batches
2020.08.06 08:28:32 [INFO] provingground.Utils.gatherMapSet:38:54 - time remaining 1799 seconds
2020.08.06 08:28:32 [INFO] provingground.Utils.gatherMapSet:40:28 - mapped batch of size 2977
2020.08.06 08:28:32 [INFO] provingground.Utils.gatherMapSet:43:28 - All batches mapped and gathered, got set of size 1515
2020.08.06 08:28:32 [INFO] provingground.learning.SimpleEquations.timedUnAppEquations:225:30 - ran for time 0, less than the time limit 30 minutes, with cutoff 0.001; running again
2020.08.06 08:28:33 [INFO] provingground.Utils.gatherMapSet:37:28 - processing 1 batches
2020.08.06 08:28:33 [INFO] provingground.Utils.gatherMapSet:38:54 - time remaining 1799 seconds
2020.08.06 08:28:33 [INFO] provingground.Utils.gatherMapSet:40:28 - mapped batch of size 2450
2020.08.06 08:28:33 [INFO] provingground.Utils.gatherMapSet:43:28 - All batches mapped and gathered, got set of size 1361
2020.08.06 08:28:33 [INFO] provingground.learning.SimpleEquations.timedUnAppEquations:225:30 - ran for time 0, less than the time limit 30 minutes, with cutoff 2.0E-4; running again
2020.08.06 08:28:33 [INFO] provingground.Utils.gatherMapSet:37:28 - processing 1 batches
2020.08.06 08:28:33 [INFO] provingground.Utils.gatherMapSet:38:54 - time remaining 1799 seconds
2020.08.06 08:28:33 [INFO] provingground.Utils.gatherMapSet:40:28 - mapped batch of size 1526
2020.08.06 08:28:33 [INFO] provingground.Utils.gatherMapSet:43:28 - All batches mapped and gathered, got set of size 717
2020.08.06 08:28:33 [INFO] provingground.learning.SimpleEquations.timedUnAppEquations:225:30 - ran for time 0, less than the time limit 30 minutes, with cutoff 4.0E-5; running again
2020.08.06 08:28:33 [INFO] provingground.learning.SimpleEquations.timedUnAppEquations:229:30 - all pairs considered with cutoff 4.0E-5
2020.08.06 08:28:33 [INFO] provingground.Utils.gatherMapSet:40:28 - mapped batch of size 7144
2020.08.06 08:28:33 [INFO] provingground.Utils.gatherMapSet:43:28 - All batches mapped and gathered, got set of size 2215
2020.08.06 08:28:33 [INFO] provingground.learning.SimpleEquations.timedUnAppEquations:225:30 - ran for time 1, less than the time limit 30 minutes, with cutoff 2.0E-4; running again
