2021.02.16 08:34:43:061 [main      ] [INFO ] provingground.interface.CzSlRun.CzSlRun:25 - This is a Bot based run for the Czech-Slovak olympiand problem identified by Achal, who proved this with manual choice.
This problem involves showing the left and right identity coincide given a bunch of axioms. We can only use forward reasoning
since there are no models.

There is a little domain knowledge in the tuning, with tautologies specified (to not be used as lemmas) 
and "base states" given based on what is used together. But this is largely a robust choice of parameters.
Much of the work has been in ensuring that all the hot code is parallelized.

2021.02.16 08:34:43:103 [main      ] [INFO ] provingground.interface.CzSlRun.CzSlRun:38 - JAVA_OPTS: -Xms2G -Xmx40G -Xss6M -XX:+UnlockDiagnosticVMOptions -XX:+DebugNonSafepoints
2021.02.16 08:34:43:105 [main      ] [INFO ] provingground.interface.CzSlRun.CzSlRun:40 - JAVA_HOME: /usr/lib/jvm/java-8-oracle
2021.02.16 08:34:44:435 [scala-e...] [INFO ] provingground.learning.PostResponse.act:668 - apex posts Vector((3,-555667942))
2021.02.16 08:34:44:438 [scala-e...] [INFO ] provingground.learning.PostResponse.act:674 - acting on post (3,-555667942) with hash -555667942
2021.02.16 08:35:52:804 [scala-e...] [INFO ] provingground.learning.PostResponse.act:668 - apex posts Vector((4,1127258101))
2021.02.16 08:35:52:805 [scala-e...] [INFO ] provingground.learning.PostResponse.act:674 - acting on post (4,1127258101) with hash 1127258101
2021.02.16 08:35:56:150 [scala-e...] [INFO ] provingground.learning.PostResponse.act:668 - apex posts Vector((4,1127258101))
2021.02.16 08:35:56:151 [scala-e...] [INFO ] provingground.learning.PostResponse.act:674 - acting on post (4,1127258101) with hash 1127258101
2021.02.16 08:36:01:664 [scala-e...] [INFO ] provingground.learning.PostResponse.act:668 - apex posts Vector((5,-742855829))
2021.02.16 08:36:01:664 [scala-e...] [INFO ] provingground.learning.PostResponse.act:674 - acting on post (5,-742855829) with hash -742855829
2021.02.16 08:36:04:581 [scala-e...] [INFO ] provingground.learning.PostResponse.act:668 - apex posts Vector((6,-182610161))
2021.02.16 08:36:04:581 [scala-e...] [INFO ] provingground.learning.PostResponse.act:674 - acting on post (6,-182610161) with hash -182610161
2021.02.16 08:36:04:625 [scala-e...] [INFO ] provingground.learning.PostResponse.act:668 - apex posts Vector((9,1914216826))
2021.02.16 08:36:04:626 [scala-e...] [INFO ] provingground.learning.PostResponse.act:674 - acting on post (9,1914216826) with hash 1914216826
2021.02.16 08:36:25:377 [scala-e...] [INFO ] provingground.learning.HoTTBot.response:466 - Steps (in final state): 4
Lemma: (`a : M ) ~> ((`b : M ) ~> ((`c : M ) ~> ((((eqM) (`a)) (`b)) → ((((eqM) (`b)) (`c)) → (((eqM) (`a)) (`c)))))); best proof: trans with weight 0.05875893364363117; statement weight 7.529999368261227E-5
Lemma: (`$afm : M ) ~> ((((eqM) (((mul) (((mul) (m)) (n))) (((mul) (((mul) (m)) (n))) (n)))) (`$afm)) → (((eqM) (n)) (`$afm))); best proof: (`$ekkfbm :  M) ↦ (((((trans) (n)) (((mul) (((mul) (m)) (n))) (((mul) (((mul) (m)) (n))) (n)))) (`$ekkfbm)) ((((sym) (((mul) (((mul) (m)) (n))) (((mul) (((mul) (m)) (n))) (n)))) (n)) (((ass2) (((mul) (m)) (n))) (n)))) with weight 4.111445906272854E-7; statement weight 2.331226205376807E-8
Lemma: (`b : M ) ~> ((`c : M ) ~> ((((eqM) (`b)) (`c)) → (((eqM) (((mul) (((mul) (m)) (n))) (`b))) (((mul) (((mul) (m)) (n))) (`c))))); best proof: (left-multiply) (((mul) (m)) (n)) with weight 0.008964994325623777; statement weight 3.0903999353706983E-9
Lemma: (`b : M ) ~> ((`c : M ) ~> ((((eqM) (`b)) (`c)) → (((eqM) (((mul) (`b)) (m))) (((mul) (`c)) (m))))); best proof: (right-multiply) (m) with weight 0.0035193099868419423; statement weight 8.400469150448743E-12
2021.02.16 08:36:26:530 [scala-e...] [INFO ] provingground.learning.HoTTBot.response:466 - Results: 5
Lemma: ((eqM) (((mul) (((mul) (m)) (n))) (n))) (m); best proof: ((ass1) (m)) (n) with weight 4.49913459052937E-5; statement weight 1.5557410911918878E-5
Lemma: ((eqM) (((mul) (((mul) (m)) (n))) (((mul) (((mul) (m)) (n))) (n)))) (n); best proof: ((ass2) (((mul) (m)) (n))) (n) with weight 1.1460942563097277E-4; statement weight 1.0248431331866646E-7
Lemma: ((eqM) (n)) (((mul) (((mul) (m)) (n))) (((mul) (((mul) (m)) (n))) (n))); best proof: (((sym) (((mul) (((mul) (m)) (n))) (((mul) (((mul) (m)) (n))) (n)))) (n)) (((ass2) (((mul) (m)) (n))) (n)) with weight 6.864438520324573E-6; statement weight 1.1105045510213059E-7
Lemma: ((eqM) (((mul) (((mul) (m)) (n))) (((mul) (((mul) (m)) (n))) (n)))) (((mul) (((mul) (m)) (n))) (m)); best proof: ((((left-multiply) (((mul) (m)) (n))) (((mul) (((mul) (m)) (n))) (n))) (m)) (((ass1) (m)) (n)) with weight 1.2696177741064934E-7; statement weight 7.315437243444655E-10
Lemma: ((eqM) (((mul) (((mul) (((mul) (m)) (n))) (m))) (m))) (((mul) (m)) (n)); best proof: ((ass1) (((mul) (m)) (n))) (m) with weight 1.1460942563097277E-4; statement weight 6.196607053150419E-8
2021.02.16 08:37:59:002 [scala-e...] [INFO ] provingground.learning.HoTTBot.response:466 - Steps (in final state): 4
Lemma: (`a : M ) ~> ((`b : M ) ~> ((`c : M ) ~> ((((eqM) (`a)) (`b)) → ((((eqM) (`b)) (`c)) → (((eqM) (`a)) (`c)))))); best proof: trans with weight 0.057554783728159815; statement weight 1.509303950243176E-4
Lemma: (`$afm : M ) ~> ((((eqM) (((mul) (((mul) (m)) (n))) (((mul) (((mul) (m)) (n))) (n)))) (`$afm)) → (((eqM) (n)) (`$afm))); best proof: (`$ekkfbm :  M) ↦ (((((trans) (n)) (((mul) (((mul) (m)) (n))) (((mul) (((mul) (m)) (n))) (n)))) (`$ekkfbm)) ((((sym) (((mul) (((mul) (m)) (n))) (((mul) (((mul) (m)) (n))) (n)))) (n)) (((ass2) (((mul) (m)) (n))) (n)))) with weight 5.301959077722143E-7; statement weight 3.18936114954517E-8
Lemma: (`b : M ) ~> ((`c : M ) ~> ((((eqM) (`b)) (`c)) → (((eqM) (((mul) (((mul) (m)) (n))) (`b))) (((mul) (((mul) (m)) (n))) (`c))))); best proof: (left-multiply) (((mul) (m)) (n)) with weight 0.009306369719907299; statement weight 3.851358063437347E-9
Lemma: (`b : M ) ~> ((`c : M ) ~> ((((eqM) (`b)) (`c)) → (((eqM) (((mul) (`b)) (m))) (((mul) (`c)) (m))))); best proof: (right-multiply) (m) with weight 0.003740134428762378; statement weight 8.107925782866015E-12
2021.02.16 08:38:00:538 [scala-e...] [INFO ] provingground.learning.HoTTBot.response:466 - Results: 6
Lemma: ((eqM) (((mul) (((mul) (m)) (n))) (n))) (m); best proof: ((ass1) (m)) (n) with weight 5.0464434648837264E-5; statement weight 1.3833235390293033E-5
Lemma: ((eqM) (((mul) (((mul) (m)) (n))) (((mul) (((mul) (m)) (n))) (n)))) (n); best proof: ((ass2) (((mul) (m)) (n))) (n) with weight 1.2557008428760484E-4; statement weight 9.723114460784835E-8
Lemma: ((eqM) (n)) (((mul) (((mul) (m)) (n))) (((mul) (((mul) (m)) (n))) (n))); best proof: (((sym) (((mul) (((mul) (m)) (n))) (((mul) (((mul) (m)) (n))) (n)))) (n)) (((ass2) (((mul) (m)) (n))) (n)) with weight 8.159608958024312E-6; statement weight 1.0558855529947806E-7
Lemma: ((eqM) (((mul) (((mul) (m)) (n))) (((mul) (((mul) (m)) (n))) (n)))) (((mul) (((mul) (m)) (n))) (m)); best proof: ((((left-multiply) (((mul) (m)) (n))) (((mul) (((mul) (m)) (n))) (n))) (m)) (((ass1) (m)) (n)) with weight 1.560418557416958E-7; statement weight 7.421683145806495E-10
Lemma: ((eqM) (((mul) (((mul) (((mul) (m)) (n))) (m))) (m))) (((mul) (m)) (n)); best proof: ((ass1) (((mul) (m)) (n))) (m) with weight 1.2557008428760484E-4; statement weight 5.784707577016809E-8
Lemma: ((eqM) (n)) (((mul) (((mul) (m)) (n))) (m)); best proof: (((((trans) (n)) (((mul) (((mul) (m)) (n))) (((mul) (((mul) (m)) (n))) (n)))) (((mul) (((mul) (m)) (n))) (m))) ((((sym) (((mul) (((mul) (m)) (n))) (((mul) (((mul) (m)) (n))) (n)))) (n)) (((ass2) (((mul) (m)) (n))) (n)))) (((((left-multiply) (((mul) (m)) (n))) (((mul) (((mul) (m)) (n))) (n))) (m)) (((ass1) (m)) (n))) with weight 2.7475266271647058E-14; statement weight 4.762867062646929E-5
2021.02.16 08:41:08:924 [scala-e...] [INFO ] provingground.learning.HoTTBot.response:466 - Steps (in final state): 4
Lemma: (`a : M ) ~> ((`b : M ) ~> ((`c : M ) ~> ((((eqM) (`a)) (`b)) → ((((eqM) (`b)) (`c)) → (((eqM) (`a)) (`c)))))); best proof: trans with weight 0.05676928578014902; statement weight 2.2907569448459106E-4
Lemma: (`$afm : M ) ~> ((((eqM) (((mul) (((mul) (m)) (n))) (((mul) (((mul) (m)) (n))) (n)))) (`$afm)) → (((eqM) (n)) (`$afm))); best proof: (`$ekkfbm :  M) ↦ (((((trans) (n)) (((mul) (((mul) (m)) (n))) (((mul) (((mul) (m)) (n))) (n)))) (`$ekkfbm)) ((((sym) (((mul) (((mul) (m)) (n))) (((mul) (((mul) (m)) (n))) (n)))) (n)) (((ass2) (((mul) (m)) (n))) (n)))) with weight 6.229739537956721E-7; statement weight 3.8302016738335525E-8
Lemma: (`b : M ) ~> ((`c : M ) ~> ((((eqM) (`b)) (`c)) → (((eqM) (((mul) (((mul) (m)) (n))) (`b))) (((mul) (((mul) (m)) (n))) (`c))))); best proof: (left-multiply) (((mul) (m)) (n)) with weight 0.009527725486746639; statement weight 4.3176667619302645E-9
Lemma: (`b : M ) ~> ((`c : M ) ~> ((((eqM) (`b)) (`c)) → (((eqM) (((mul) (`b)) (m))) (((mul) (`c)) (m))))); best proof: (right-multiply) (m) with weight 0.0038858697238593957; statement weight 7.660057239365162E-12
2021.02.16 08:41:11:228 [scala-e...] [INFO ] provingground.learning.HoTTBot.response:466 - Results: 7
Lemma: ((eqM) (((mul) (((mul) (m)) (n))) (n))) (m); best proof: ((ass1) (m)) (n) with weight 5.4227894478590346E-5; statement weight 1.2522968862943517E-5
Lemma: ((eqM) (((mul) (((mul) (m)) (n))) (((mul) (((mul) (m)) (n))) (n)))) (n); best proof: ((ass2) (((mul) (m)) (n))) (n) with weight 1.3295871040286929E-4; statement weight 9.180059647557686E-8
Lemma: ((eqM) (n)) (((mul) (((mul) (m)) (n))) (((mul) (((mul) (m)) (n))) (n))); best proof: (((sym) (((mul) (((mul) (m)) (n))) (((mul) (((mul) (m)) (n))) (n)))) (n)) (((ass2) (((mul) (m)) (n))) (n)) with weight 9.100952310886798E-6; statement weight 9.982419793198194E-8
Lemma: ((eqM) (((mul) (((mul) (m)) (n))) (((mul) (((mul) (m)) (n))) (n)))) (((mul) (((mul) (m)) (n))) (m)); best proof: ((((left-multiply) (((mul) (m)) (n))) (((mul) (((mul) (m)) (n))) (n))) (m)) (((ass1) (m)) (n)) with weight 1.7775438797274772E-7; statement weight 7.317565582129294E-10
Lemma: ((eqM) (((mul) (((mul) (((mul) (m)) (n))) (m))) (m))) (((mul) (m)) (n)); best proof: ((ass1) (((mul) (m)) (n))) (m) with weight 1.3295871040286929E-4; statement weight 5.409635095429305E-8
Lemma: ((eqM) (n)) (((mul) (((mul) (m)) (n))) (m)); best proof: (((((trans) (n)) (((mul) (((mul) (m)) (n))) (((mul) (((mul) (m)) (n))) (n)))) (((mul) (((mul) (m)) (n))) (m))) ((((sym) (((mul) (((mul) (m)) (n))) (((mul) (((mul) (m)) (n))) (n)))) (n)) (((ass2) (((mul) (m)) (n))) (n)))) (((((left-multiply) (((mul) (m)) (n))) (((mul) (((mul) (m)) (n))) (n))) (m)) (((ass1) (m)) (n))) with weight 3.808945713197916E-14; statement weight 4.202542056395155E-5
Lemma: ((eqM) (((mul) (n)) (m))) (((mul) (((mul) (((mul) (m)) (n))) (m))) (m)); best proof: ((((right-multiply) (m)) (n)) (((mul) (((mul) (m)) (n))) (m))) ((((((trans) (n)) (((mul) (((mul) (m)) (n))) (((mul) (((mul) (m)) (n))) (n)))) (((mul) (((mul) (m)) (n))) (m))) ((((sym) (((mul) (((mul) (m)) (n))) (((mul) (((mul) (m)) (n))) (n)))) (n)) (((ass2) (((mul) (m)) (n))) (n)))) (((((left-multiply) (((mul) (m)) (n))) (((mul) (((mul) (m)) (n))) (n))) (m)) (((ass1) (m)) (n)))) with weight 5.190029726346945E-17; statement weight 4.6124897440882344E-10
2021.02.16 08:46:04:037 [scala-e...] [INFO ] provingground.learning.HoTTBot.response:466 - Steps (in final state): 5
Lemma: (`a : M ) ~> ((`b : M ) ~> ((`c : M ) ~> ((((eqM) (`a)) (`b)) → ((((eqM) (`b)) (`c)) → (((eqM) (`a)) (`c)))))); best proof: trans with weight 0.05650636019007267; statement weight 2.6021709157245197E-4
Lemma: (`$afm : M ) ~> ((((eqM) (((mul) (((mul) (m)) (n))) (((mul) (((mul) (m)) (n))) (n)))) (`$afm)) → (((eqM) (n)) (`$afm))); best proof: (`$ekkfbm :  M) ↦ (((((trans) (n)) (((mul) (((mul) (m)) (n))) (((mul) (((mul) (m)) (n))) (n)))) (`$ekkfbm)) ((((sym) (((mul) (((mul) (m)) (n))) (((mul) (((mul) (m)) (n))) (n)))) (n)) (((ass2) (((mul) (m)) (n))) (n)))) with weight 6.57013530466753E-7; statement weight 4.0539134504281594E-8
Lemma: (`b : M ) ~> ((`c : M ) ~> ((((eqM) (`b)) (`c)) → (((eqM) (((mul) (((mul) (m)) (n))) (`b))) (((mul) (((mul) (m)) (n))) (`c))))); best proof: (left-multiply) (((mul) (m)) (n)) with weight 0.009601378749436137; statement weight 4.470593917413796E-9
Lemma: (`b : M ) ~> ((`c : M ) ~> ((((eqM) (`b)) (`c)) → (((eqM) (((mul) (`b)) (m))) (((mul) (`c)) (m))))); best proof: (right-multiply) (m) with weight 0.003934943575044219; statement weight 7.488141147617645E-12
Lemma: (`$dkp : M ) ~> ((((eqM) (((mul) (((mul) (((mul) (m)) (n))) (m))) (m))) (`$dkp)) → (((eqM) (((mul) (n)) (m))) (`$dkp))); best proof: (`$biunvzq :  M) ↦ (((((trans) (((mul) (n)) (m))) (((mul) (((mul) (((mul) (m)) (n))) (m))) (m))) (`$biunvzq)) (((((right-multiply) (m)) (n)) (((mul) (((mul) (m)) (n))) (m))) ((((((trans) (n)) (((mul) (((mul) (m)) (n))) (((mul) (((mul) (m)) (n))) (n)))) (((mul) (((mul) (m)) (n))) (m))) ((((sym) (((mul) (((mul) (m)) (n))) (((mul) (((mul) (m)) (n))) (n)))) (n)) (((ass2) (((mul) (m)) (n))) (n)))) (((((left-multiply) (((mul) (m)) (n))) (((mul) (((mul) (m)) (n))) (n))) (m)) (((ass1) (m)) (n)))))) with weight 4.12233992921925E-18; statement weight 2.1104550815023503E-10
2021.02.16 08:46:06:755 [scala-e...] [INFO ] provingground.learning.HoTTBot.response:466 - Results: 7
Lemma: ((eqM) (((mul) (((mul) (m)) (n))) (n))) (m); best proof: ((ass1) (m)) (n) with weight 5.551850686512795E-5; statement weight 1.2061745603677959E-5
Lemma: ((eqM) (((mul) (((mul) (m)) (n))) (((mul) (((mul) (m)) (n))) (n)))) (n); best proof: ((ass2) (((mul) (m)) (n))) (n) with weight 1.3546684434754915E-4; statement weight 8.966087968881455E-8
Lemma: ((eqM) (n)) (((mul) (((mul) (m)) (n))) (((mul) (((mul) (m)) (n))) (n))); best proof: (((sym) (((mul) (((mul) (m)) (n))) (((mul) (((mul) (m)) (n))) (n)))) (n)) (((ass2) (((mul) (m)) (n))) (n)) with weight 9.43412240861114E-6; statement weight 9.75370528053582E-8
Lemma: ((eqM) (((mul) (((mul) (m)) (n))) (((mul) (((mul) (m)) (n))) (n)))) (((mul) (((mul) (m)) (n))) (m)); best proof: ((((left-multiply) (((mul) (m)) (n))) (((mul) (((mul) (m)) (n))) (n))) (m)) (((ass1) (m)) (n)) with weight 1.8553469690874386E-7; statement weight 7.25008456668382E-10
Lemma: ((eqM) (((mul) (((mul) (((mul) (m)) (n))) (m))) (m))) (((mul) (m)) (n)); best proof: ((ass1) (((mul) (m)) (n))) (m) with weight 1.3546684434754915E-4; statement weight 5.26617139115173E-8
Lemma: ((eqM) (n)) (((mul) (((mul) (m)) (n))) (m)); best proof: (((((trans) (n)) (((mul) (((mul) (m)) (n))) (((mul) (((mul) (m)) (n))) (n)))) (((mul) (((mul) (m)) (n))) (m))) ((((sym) (((mul) (((mul) (m)) (n))) (((mul) (((mul) (m)) (n))) (n)))) (n)) (((ass2) (((mul) (m)) (n))) (n)))) (((((left-multiply) (((mul) (m)) (n))) (((mul) (((mul) (m)) (n))) (n))) (m)) (((ass1) (m)) (n))) with weight 4.240898212418995E-14; statement weight 4.014546796442229E-5
Lemma: ((eqM) (((mul) (n)) (m))) (((mul) (((mul) (((mul) (m)) (n))) (m))) (m)); best proof: ((((right-multiply) (m)) (n)) (((mul) (((mul) (m)) (n))) (m))) ((((((trans) (n)) (((mul) (((mul) (m)) (n))) (((mul) (((mul) (m)) (n))) (n)))) (((mul) (((mul) (m)) (n))) (m))) ((((sym) (((mul) (((mul) (m)) (n))) (((mul) (((mul) (m)) (n))) (n)))) (n)) (((ass2) (((mul) (m)) (n))) (n)))) (((((left-multiply) (((mul) (m)) (n))) (((mul) (((mul) (m)) (n))) (n))) (m)) (((ass1) (m)) (n)))) with weight 5.919622149968916E-17; statement weight 4.5552805697173295E-10
2021.02.16 08:52:20:797 [scala-e...] [INFO ] provingground.learning.HoTTBot.response:466 - Steps (in final state): 5
Lemma: (`a : M ) ~> ((`b : M ) ~> ((`c : M ) ~> ((((eqM) (`a)) (`b)) → ((((eqM) (`b)) (`c)) → (((eqM) (`a)) (`c)))))); best proof: trans with weight 0.056122986249579725; statement weight 3.153782132442893E-4
Lemma: (`$afm : M ) ~> ((((eqM) (((mul) (((mul) (m)) (n))) (((mul) (((mul) (m)) (n))) (n)))) (`$afm)) → (((eqM) (n)) (`$afm))); best proof: (`$ekkfbm :  M) ↦ (((((trans) (n)) (((mul) (((mul) (m)) (n))) (((mul) (((mul) (m)) (n))) (n)))) (`$ekkfbm)) ((((sym) (((mul) (((mul) (m)) (n))) (((mul) (((mul) (m)) (n))) (n)))) (n)) (((ass2) (((mul) (m)) (n))) (n)))) with weight 7.093032943867162E-7; statement weight 4.388775904058922E-8
Lemma: (`b : M ) ~> ((`c : M ) ~> ((((eqM) (`b)) (`c)) → (((eqM) (((mul) (((mul) (m)) (n))) (`b))) (((mul) (((mul) (m)) (n))) (`c))))); best proof: (left-multiply) (((mul) (m)) (n)) with weight 0.009708648113188815; statement weight 4.685519809804001E-9
Lemma: (`b : M ) ~> ((`c : M ) ~> ((((eqM) (`b)) (`c)) → (((eqM) (((mul) (`b)) (m))) (((mul) (`c)) (m))))); best proof: (right-multiply) (m) with weight 0.004006700920674863; statement weight 7.246871856959084E-12
Lemma: (`$dkp : M ) ~> ((((eqM) (((mul) (((mul) (((mul) (m)) (n))) (m))) (m))) (`$dkp)) → (((eqM) (((mul) (n)) (m))) (`$dkp))); best proof: (`$biunvzq :  M) ↦ (((((trans) (((mul) (n)) (m))) (((mul) (((mul) (((mul) (m)) (n))) (m))) (m))) (`$biunvzq)) (((((right-multiply) (m)) (n)) (((mul) (((mul) (m)) (n))) (m))) ((((((trans) (n)) (((mul) (((mul) (m)) (n))) (((mul) (((mul) (m)) (n))) (n)))) (((mul) (((mul) (m)) (n))) (m))) ((((sym) (((mul) (((mul) (m)) (n))) (((mul) (((mul) (m)) (n))) (n)))) (n)) (((ass2) (((mul) (m)) (n))) (n)))) (((((left-multiply) (((mul) (m)) (n))) (((mul) (((mul) (m)) (n))) (n))) (m)) (((ass1) (m)) (n)))))) with weight 5.109488158257395E-18; statement weight 2.3114115729515273E-10
2021.02.16 08:52:24:605 [scala-e...] [INFO ] provingground.learning.HoTTBot.response:466 - Results: 9
Lemma: ((eqM) (((mul) (m)) (n))) (((mul) (n)) (m)); best proof: (((((trans) (((mul) (m)) (n))) (((mul) (n)) (((mul) (n)) (((mul) (m)) (n))))) (((mul) (n)) (m))) ((((sym) (((mul) (n)) (((mul) (n)) (((mul) (m)) (n))))) (((mul) (m)) (n))) (((ass2) (n)) (((mul) (m)) (n))))) (((((left-multiply) (n)) (((mul) (n)) (((mul) (m)) (n)))) (m)) ((((((trans) (((mul) (n)) (((mul) (m)) (n)))) (((mul) (((mul) (m)) (((mul) (m)) (n)))) (((mul) (m)) (n)))) (m)) (((((right-multiply) (((mul) (m)) (n))) (n)) (((mul) (m)) (((mul) (m)) (n)))) ((((sym) (((mul) (m)) (((mul) (m)) (n)))) (n)) (((ass2) (m)) (n))))) (((ass1) (m)) (((mul) (m)) (n))))) with weight 1.796025266020773E-23; statement weight 3.744116130015623E-5
Lemma: ((eqM) (((mul) (((mul) (m)) (n))) (n))) (m); best proof: ((ass1) (m)) (n) with weight 5.742567488107193E-5; statement weight 1.1385800318775786E-5
Lemma: ((eqM) (((mul) (((mul) (m)) (n))) (((mul) (((mul) (m)) (n))) (n)))) (n); best proof: ((ass2) (((mul) (m)) (n))) (n) with weight 1.3914743947045254E-4; statement weight 8.634842329220887E-8
Lemma: ((eqM) (n)) (((mul) (((mul) (m)) (n))) (((mul) (((mul) (m)) (n))) (n))); best proof: (((sym) (((mul) (((mul) (m)) (n))) (((mul) (((mul) (m)) (n))) (n)))) (n)) (((ass2) (((mul) (m)) (n))) (n)) with weight 9.934586846398262E-6; statement weight 9.398943267578798E-8
Lemma: ((eqM) (((mul) (((mul) (m)) (n))) (((mul) (((mul) (m)) (n))) (n)))) (((mul) (((mul) (m)) (n))) (m)); best proof: ((((left-multiply) (((mul) (m)) (n))) (((mul) (((mul) (m)) (n))) (n))) (m)) (((ass1) (m)) (n)) with weight 1.9731030284069195E-7; statement weight 7.127816152032773E-10
Lemma: ((eqM) (((mul) (((mul) (((mul) (m)) (n))) (m))) (m))) (((mul) (m)) (n)); best proof: ((ass1) (((mul) (m)) (n))) (m) with weight 1.3914743947045254E-4; statement weight 5.044997760668315E-8
Lemma: ((eqM) (n)) (((mul) (((mul) (m)) (n))) (m)); best proof: (((((trans) (n)) (((mul) (((mul) (m)) (n))) (((mul) (((mul) (m)) (n))) (n)))) (((mul) (((mul) (m)) (n))) (m))) ((((sym) (((mul) (((mul) (m)) (n))) (((mul) (((mul) (m)) (n))) (n)))) (n)) (((ass2) (((mul) (m)) (n))) (n)))) (((((left-multiply) (((mul) (m)) (n))) (((mul) (((mul) (m)) (n))) (n))) (m)) (((ass1) (m)) (n))) with weight 4.951007845105481E-14; statement weight 3.7441288495234886E-5
Lemma: ((eqM) (((mul) (n)) (m))) (((mul) (((mul) (((mul) (m)) (n))) (m))) (m)); best proof: ((((right-multiply) (m)) (n)) (((mul) (((mul) (m)) (n))) (m))) ((((((trans) (n)) (((mul) (((mul) (m)) (n))) (((mul) (((mul) (m)) (n))) (n)))) (((mul) (((mul) (m)) (n))) (m))) ((((sym) (((mul) (((mul) (m)) (n))) (((mul) (((mul) (m)) (n))) (n)))) (n)) (((ass2) (((mul) (m)) (n))) (n)))) (((((left-multiply) (((mul) (m)) (n))) (((mul) (((mul) (m)) (n))) (n))) (m)) (((ass1) (m)) (n)))) with weight 7.156632867292108E-17; statement weight 4.4574818567483966E-10
Lemma: ((eqM) (((mul) (n)) (m))) (((mul) (m)) (n)); best proof: (((((trans) (((mul) (n)) (m))) (((mul) (((mul) (((mul) (m)) (n))) (m))) (m))) (((mul) (m)) (n))) (((((right-multiply) (m)) (n)) (((mul) (((mul) (m)) (n))) (m))) ((((((trans) (n)) (((mul) (((mul) (m)) (n))) (((mul) (((mul) (m)) (n))) (n)))) (((mul) (((mul) (m)) (n))) (m))) ((((sym) (((mul) (((mul) (m)) (n))) (((mul) (((mul) (m)) (n))) (n)))) (n)) (((ass2) (((mul) (m)) (n))) (n)))) (((((left-multiply) (((mul) (m)) (n))) (((mul) (((mul) (m)) (n))) (n))) (m)) (((ass1) (m)) (n)))))) (((ass1) (((mul) (m)) (n))) (m)) with weight 2.5160655708029754E-22; statement weight 1.138572865915208E-5
2021.02.16 08:52:24:605 [scala-e...] [INFO ] provingground.learning.HoTTPostWeb.halt:23 - Halting HoTT-post-web session
2021.02.16 15:51:09:650 [main      ] [INFO ] provingground.interface.InductionSession.InductionSession:31 - 
This is a Bot based run for testing a simple induction problem:
given f(n) = f(n + 1) for all n, we conclude that f(0) = f(n).
We are using a simple local prover, so that all the work should be done by Bots.

2021.02.16 15:51:09:665 [main      ] [INFO ] provingground.interface.InductionSession.InductionSession:41 - JAVA_OPTS: -Xms512m -Xmx4g -XX:+UnlockDiagnosticVMOptions -XX:+DebugNonSafepoints
2021.02.16 15:51:09:665 [main      ] [INFO ] provingground.interface.InductionSession.InductionSession:43 - JAVA_HOME: /home/gadgil/.cache/coursier/jvm/adopt@1.11.0-8
2021.02.16 15:52:49:902 [scala-e...] [INFO ] provingground.learning.HoTTBot.reportProved:331 - Proved ((f) (0) = (f) (0)) → ((f) (0) = (f) (1)) by Some((````````````$br : ((f) (0) = (f) (0)) :  (f) (0) = (f) (0)) ↦ (((ind{(`$dkejee :  A) ↦ ((`$dkejef :  A) ↦ (`$dkejee = `$dkejef))((f) (0))((f) (0))}{(`$p :  A) ↦ ((`$q :  A) ↦ ((````$s : (`$p = `$q) :  `$p = `$q) ↦ ((`$q = (f) (1)) → (`$p = (f) (1)))))}((`$p :  A) ↦ ((````````$ase : (`$p = (f) (1)) :  `$p = (f) (1)) ↦ (````````$ase : (`$p = (f) (1)))))) (````````````$br : ((f) (0) = (f) (0)))) (($bbtsb) (0) : ((f) (0) = (f) (1))) : ((f) (0) = (f) (1)))) in context {Given $bbtsb : (`n : Nat.Typ ) ~> ((f) (`n) = (f) (((_ + 1)) (`n)))}
2021.02.16 15:52:56:236 [scala-e...] [INFO ] provingground.learning.HoTTBot.reportProved:331 - Proved ((f) (0) = (f) (`$dogms)) → ((f) (0) = (f) (((_ + 1)) (`$dogms))) by Some((```````````$br : ((f) (0) = (f) (`$dogms)) :  (f) (0) = (f) (`$dogms)) ↦ (((ind{(`$dneawj :  A) ↦ ((`$dneawk :  A) ↦ (`$dneawj = `$dneawk))((f) (0))((f) (`$dogms))}{(`$p :  A) ↦ ((`$q :  A) ↦ ((````$s : (`$p = `$q) :  `$p = `$q) ↦ ((`$q = (f) (((_ + 1)) (`$dogms))) → (`$p = (f) (((_ + 1)) (`$dogms))))))}((`$p :  A) ↦ ((````````$ase : (`$p = (f) (((_ + 1)) (`$dogms))) :  `$p = (f) (((_ + 1)) (`$dogms))) ↦ (````````$ase : (`$p = (f) (((_ + 1)) (`$dogms))))))) (```````````$br : ((f) (0) = (f) (`$dogms)))) (($bbtsb) (`$dogms) : ((f) (`$dogms) = (f) (((_ + 1)) (`$dogms)))) : ((f) (0) = (f) (((_ + 1)) (`$dogms))))) in context {Given $bbtsb : (`n : Nat.Typ ) ~> ((f) (`n) = (f) (((_ + 1)) (`n))); Given `$dogms : Nat.Typ}
2021.02.16 15:52:57:755 [scala-e...] [INFO ] provingground.learning.HoTTBot.reportProved:331 - Proved (`$dogms : Nat.Typ ) ~> (((f) (0) = (f) (`$dogms)) → ((f) (0) = (f) (((_ + 1)) (`$dogms)))) by Some((``$dogms :  Nat.Typ) ↦ ((````````````$br : ((f) (0) = (f) (``$dogms)) :  (f) (0) = (f) (``$dogms)) ↦ (((ind{(`$drxedq :  A) ↦ ((`$drxedr :  A) ↦ (`$drxedq = `$drxedr))((f) (0))((f) (``$dogms))}{(`$p :  A) ↦ ((`$q :  A) ↦ ((````$s : (`$p = `$q) :  `$p = `$q) ↦ ((`$q = (f) (((_ + 1)) (``$dogms))) → (`$p = (f) (((_ + 1)) (``$dogms))))))}((`$p :  A) ↦ ((`````````$ase : (`$p = (f) (((_ + 1)) (``$dogms))) :  `$p = (f) (((_ + 1)) (``$dogms))) ↦ (`````````$ase : (`$p = (f) (((_ + 1)) (``$dogms))))))) (````````````$br : ((f) (0) = (f) (``$dogms)))) (($bbtsb) (``$dogms) : ((f) (``$dogms) = (f) (((_ + 1)) (``$dogms)))) : ((f) (0) = (f) (((_ + 1)) (``$dogms)))))) in context {Given $bbtsb : (`n : Nat.Typ ) ~> ((f) (`n) = (f) (((_ + 1)) (`n)))}
2021.02.16 15:53:07:145 [scala-e...] [INFO ] provingground.learning.HoTTBot.reportProved:331 - Proved (f) (0) = (f) (0) by Some(Refl(A,(f) (0))) in context {Given $bbtsb : (`n : Nat.Typ ) ~> ((f) (`n) = (f) (((_ + 1)) (`n)))}
2021.02.16 15:53:08:889 [scala-e...] [INFO ] provingground.learning.HoTTBot.reportProved:331 - Proved (`n : Nat.Typ ) ~> ((f) (0) = (f) (`n)) by Some(ind(Nat.Typ)((`$dogmd :  Nat.Typ) ↦ ((f) (0) = (f) (`$dogmd)))(Refl(A,(f) (0)))((``$dogms :  Nat.Typ) ↦ ((````````````$br : ((f) (0) = (f) (``$dogms)) :  (f) (0) = (f) (``$dogms)) ↦ (((ind{(`$duprva :  A) ↦ ((`$duprvb :  A) ↦ (`$duprva = `$duprvb))((f) (0))((f) (``$dogms))}{(`$p :  A) ↦ ((`$q :  A) ↦ ((````$s : (`$p = `$q) :  `$p = `$q) ↦ ((`$q = (f) (((_ + 1)) (``$dogms))) → (`$p = (f) (((_ + 1)) (``$dogms))))))}((`$p :  A) ↦ ((`````````$ase : (`$p = (f) (((_ + 1)) (``$dogms))) :  `$p = (f) (((_ + 1)) (``$dogms))) ↦ (`````````$ase : (`$p = (f) (((_ + 1)) (``$dogms))))))) (````````````$br : ((f) (0) = (f) (``$dogms)))) (($bbtsb) (``$dogms) : ((f) (``$dogms) = (f) (((_ + 1)) (``$dogms)))) : ((f) (0) = (f) (((_ + 1)) (``$dogms))))))) in context {Given $bbtsb : (`n : Nat.Typ ) ~> ((f) (`n) = (f) (((_ + 1)) (`n)))}
2021.02.16 15:53:10:742 [scala-e...] [INFO ] provingground.learning.HoTTPostWeb.halt:23 - Halting HoTT-post-web session
2021.02.16 15:53:12:274 [scala-e...] [INFO ] provingground.learning.HoTTBot.reportProved:331 - Proved ((`n : Nat.Typ ) ~> ((f) (`n) = (f) (((_ + 1)) (`n)))) → ((`n : Nat.Typ ) ~> ((f) (0) = (f) (`n))) by Some((`$bbtsb :  (`n : Nat.Typ ) ~> ((f) (`n) = (f) (((_ + 1)) (`n)))) ↦ (ind(Nat.Typ)((`$dogmd :  Nat.Typ) ↦ ((f) (0) = (f) (`$dogmd)))(Refl(A,(f) (0)))((``$dogms :  Nat.Typ) ↦ ((````````````$br : ((f) (0) = (f) (``$dogms)) :  (f) (0) = (f) (``$dogms)) ↦ (((ind{(`$duprva :  A) ↦ ((`$duprvb :  A) ↦ (`$duprva = `$duprvb))((f) (0))((f) (``$dogms))}{(`$p :  A) ↦ ((`$q :  A) ↦ ((````$s : (`$p = `$q) :  `$p = `$q) ↦ ((`$q = (f) (((_ + 1)) (``$dogms))) → (`$p = (f) (((_ + 1)) (``$dogms))))))}((`$p :  A) ↦ ((`````````$ase : (`$p = (f) (((_ + 1)) (``$dogms))) :  `$p = (f) (((_ + 1)) (``$dogms))) ↦ (`````````$ase : (`$p = (f) (((_ + 1)) (``$dogms))))))) (````````````$br : ((f) (0) = (f) (``$dogms)))) ((`$bbtsb) (``$dogms) : ((f) (``$dogms) = (f) (((_ + 1)) (``$dogms)))) : ((f) (0) = (f) (((_ + 1)) (``$dogms)))))))) in context {}
2021.02.16 15:53:51:372 [main      ] [INFO ] provingground.interface.InductionSession.InductionSession:31 - 
This is a Bot based run for testing a simple induction problem:
given f(n) = f(n + 1) for all n, we conclude that f(0) = f(n).
We are using a simple local prover, so that all the work should be done by Bots.

2021.02.16 15:53:51:387 [main      ] [INFO ] provingground.interface.InductionSession.InductionSession:41 - JAVA_OPTS: -Xms512m -Xmx4g -XX:+UnlockDiagnosticVMOptions -XX:+DebugNonSafepoints
2021.02.16 15:53:51:388 [main      ] [INFO ] provingground.interface.InductionSession.InductionSession:43 - JAVA_HOME: /home/gadgil/.cache/coursier/jvm/adopt@1.11.0-8
2021.02.16 15:54:01:093 [scala-e...] [INFO ] provingground.learning.HoTTBot.reportProved:331 - Proved ((f) (0) = (f) (`$dyshr)) → ((f) (0) = (f) (((_ + 1)) (`$dyshr))) by Some((```````````$br : ((f) (0) = (f) (`$dyshr)) :  (f) (0) = (f) (`$dyshr)) ↦ (((ind{(`$ixjpg :  A) ↦ ((`$ixjph :  A) ↦ (`$ixjpg = `$ixjph))((f) (0))((f) (`$dyshr))}{(`$p :  A) ↦ ((`$q :  A) ↦ ((````$s : (`$p = `$q) :  `$p = `$q) ↦ ((`$q = (f) (((_ + 1)) (`$dyshr))) → (`$p = (f) (((_ + 1)) (`$dyshr))))))}((`$p :  A) ↦ ((````````$ase : (`$p = (f) (((_ + 1)) (`$dyshr))) :  `$p = (f) (((_ + 1)) (`$dyshr))) ↦ (````````$ase : (`$p = (f) (((_ + 1)) (`$dyshr))))))) (```````````$br : ((f) (0) = (f) (`$dyshr)))) (($awszb) (`$dyshr) : ((f) (`$dyshr) = (f) (((_ + 1)) (`$dyshr)))) : ((f) (0) = (f) (((_ + 1)) (`$dyshr))))) in context {Given $awszb : (`n : Nat.Typ ) ~> ((f) (`n) = (f) (((_ + 1)) (`n))); Given `$dyshr : Nat.Typ}
2021.02.16 15:54:02:184 [scala-e...] [INFO ] provingground.learning.HoTTBot.reportProved:331 - Proved (`$dyshr : Nat.Typ ) ~> (((f) (0) = (f) (`$dyshr)) → ((f) (0) = (f) (((_ + 1)) (`$dyshr)))) by Some((``$dyshr :  Nat.Typ) ↦ ((````````````$br : ((f) (0) = (f) (``$dyshr)) :  (f) (0) = (f) (``$dyshr)) ↦ (((ind{(`$lozxy :  A) ↦ ((`$lozxz :  A) ↦ (`$lozxy = `$lozxz))((f) (0))((f) (``$dyshr))}{(`$p :  A) ↦ ((`$q :  A) ↦ ((````$s : (`$p = `$q) :  `$p = `$q) ↦ ((`$q = (f) (((_ + 1)) (``$dyshr))) → (`$p = (f) (((_ + 1)) (``$dyshr))))))}((`$p :  A) ↦ ((`````````$ase : (`$p = (f) (((_ + 1)) (``$dyshr))) :  `$p = (f) (((_ + 1)) (``$dyshr))) ↦ (`````````$ase : (`$p = (f) (((_ + 1)) (``$dyshr))))))) (````````````$br : ((f) (0) = (f) (``$dyshr)))) (($awszb) (``$dyshr) : ((f) (``$dyshr) = (f) (((_ + 1)) (``$dyshr)))) : ((f) (0) = (f) (((_ + 1)) (``$dyshr)))))) in context {Given $awszb : (`n : Nat.Typ ) ~> ((f) (`n) = (f) (((_ + 1)) (`n)))}
2021.02.16 15:54:05:997 [scala-e...] [INFO ] provingground.learning.HoTTBot.reportProved:331 - Proved (f) (0) = (f) (0) by Some(Refl(A,(f) (0))) in context {Given $awszb : (`n : Nat.Typ ) ~> ((f) (`n) = (f) (((_ + 1)) (`n)))}
2021.02.16 15:54:07:212 [scala-e...] [INFO ] provingground.learning.HoTTBot.reportProved:331 - Proved (`n : Nat.Typ ) ~> ((f) (0) = (f) (`n)) by Some(ind(Nat.Typ)((`$dyshc :  Nat.Typ) ↦ ((f) (0) = (f) (`$dyshc)))(Refl(A,(f) (0)))((``$dyshr :  Nat.Typ) ↦ ((````````````$br : ((f) (0) = (f) (``$dyshr)) :  (f) (0) = (f) (``$dyshr)) ↦ (((ind{(`$lozxy :  A) ↦ ((`$lozxz :  A) ↦ (`$lozxy = `$lozxz))((f) (0))((f) (``$dyshr))}{(`$p :  A) ↦ ((`$q :  A) ↦ ((````$s : (`$p = `$q) :  `$p = `$q) ↦ ((`$q = (f) (((_ + 1)) (``$dyshr))) → (`$p = (f) (((_ + 1)) (``$dyshr))))))}((`$p :  A) ↦ ((`````````$ase : (`$p = (f) (((_ + 1)) (``$dyshr))) :  `$p = (f) (((_ + 1)) (``$dyshr))) ↦ (`````````$ase : (`$p = (f) (((_ + 1)) (``$dyshr))))))) (````````````$br : ((f) (0) = (f) (``$dyshr)))) (($awszb) (``$dyshr) : ((f) (``$dyshr) = (f) (((_ + 1)) (``$dyshr)))) : ((f) (0) = (f) (((_ + 1)) (``$dyshr))))))) in context {Given $awszb : (`n : Nat.Typ ) ~> ((f) (`n) = (f) (((_ + 1)) (`n)))}
2021.02.16 15:54:09:152 [scala-e...] [INFO ] provingground.learning.HoTTPostWeb.halt:23 - Halting HoTT-post-web session
2021.02.16 15:54:11:008 [scala-e...] [INFO ] provingground.learning.HoTTBot.reportProved:331 - Proved ((`n : Nat.Typ ) ~> ((f) (`n) = (f) (((_ + 1)) (`n)))) → ((`n : Nat.Typ ) ~> ((f) (0) = (f) (`n))) by Some((`$awszb :  (`n : Nat.Typ ) ~> ((f) (`n) = (f) (((_ + 1)) (`n)))) ↦ (ind(Nat.Typ)((`$dyshc :  Nat.Typ) ↦ ((f) (0) = (f) (`$dyshc)))(Refl(A,(f) (0)))((``$dyshr :  Nat.Typ) ↦ ((````````````$br : ((f) (0) = (f) (``$dyshr)) :  (f) (0) = (f) (``$dyshr)) ↦ (((ind{(`$lozxy :  A) ↦ ((`$lozxz :  A) ↦ (`$lozxy = `$lozxz))((f) (0))((f) (``$dyshr))}{(`$p :  A) ↦ ((`$q :  A) ↦ ((````$s : (`$p = `$q) :  `$p = `$q) ↦ ((`$q = (f) (((_ + 1)) (``$dyshr))) → (`$p = (f) (((_ + 1)) (``$dyshr))))))}((`$p :  A) ↦ ((`````````$ase : (`$p = (f) (((_ + 1)) (``$dyshr))) :  `$p = (f) (((_ + 1)) (``$dyshr))) ↦ (`````````$ase : (`$p = (f) (((_ + 1)) (``$dyshr))))))) (````````````$br : ((f) (0) = (f) (``$dyshr)))) ((`$awszb) (``$dyshr) : ((f) (``$dyshr) = (f) (((_ + 1)) (``$dyshr)))) : ((f) (0) = (f) (((_ + 1)) (``$dyshr)))))))) in context {}
