2021.03.02 15:55:08:459 [main      ] [INFO ] provingground.interface.CzSlRun.CzSlRun:8 - This is a Bot based run for the Czech-Slovak olympiand problem identified by Achal, who proved this with manual choice.
This problem involves showing the left and right identity coincide given a bunch of axioms. We can only use forward reasoning
since there are no models.

There is a little domain knowledge in the tuning, with tautologies specified (to not be used as lemmas) 
and "base states" given based on what is used together. But this is largely a robust choice of parameters.
Much of the work has been in ensuring that all the hot code is parallelized.

2021.03.02 15:55:08:507 [main      ] [INFO ] provingground.interface.CzSlRun.CzSlRun:21 - JAVA_OPTS: -Xms2G -Xmx40G -Xss6M -XX:+UnlockDiagnosticVMOptions -XX:+DebugNonSafepoints
2021.03.02 15:55:08:508 [main      ] [INFO ] provingground.interface.CzSlRun.CzSlRun:23 - JAVA_HOME: /usr/lib/jvm/java-8-oracle
2021.03.02 15:55:10:087 [scala-e...] [INFO ] provingground.learning.PostResponse.act:691 - apex posts Vector((3,-555667942))
2021.03.02 15:55:10:090 [scala-e...] [INFO ] provingground.learning.PostResponse.act:697 - acting on post (3,-555667942) with hash -555667942
2021.03.02 15:56:18:492 [scala-e...] [INFO ] provingground.learning.PostResponse.act:691 - apex posts Vector((4,1033894087))
2021.03.02 15:56:18:493 [scala-e...] [INFO ] provingground.learning.PostResponse.act:697 - acting on post (4,1033894087) with hash 1033894087
2021.03.02 15:56:21:805 [scala-e...] [INFO ] provingground.learning.PostResponse.act:691 - apex posts Vector((4,1033894087))
2021.03.02 15:56:21:806 [scala-e...] [INFO ] provingground.learning.PostResponse.act:697 - acting on post (4,1033894087) with hash 1033894087
2021.03.02 15:56:27:244 [scala-e...] [INFO ] provingground.learning.PostResponse.act:691 - apex posts Vector((5,-1564537607))
2021.03.02 15:56:27:245 [scala-e...] [INFO ] provingground.learning.PostResponse.act:697 - acting on post (5,-1564537607) with hash -1564537607
2021.03.02 15:56:29:834 [scala-e...] [INFO ] provingground.learning.PostResponse.act:691 - apex posts Vector((6,1287797944))
2021.03.02 15:56:29:835 [scala-e...] [INFO ] provingground.learning.PostResponse.act:697 - acting on post (6,1287797944) with hash 1287797944
2021.03.02 15:56:29:891 [scala-e...] [INFO ] provingground.learning.PostResponse.act:691 - apex posts Vector((9,-1717304638))
2021.03.02 15:56:29:891 [scala-e...] [INFO ] provingground.learning.PostResponse.act:697 - acting on post (9,-1717304638) with hash -1717304638
2021.03.02 15:56:50:157 [scala-e...] [INFO ] provingground.learning.HoTTBot.response:466 - Results: 5
Lemma: ((eqM) (((mul) (((mul) (m)) (n))) (n))) (m); best proof: ((ass1) (m)) (n) with weight 4.499146680262279E-5; statement weight 1.5558054921411612E-5
Lemma: ((eqM) (((mul) (((mul) (m)) (n))) (((mul) (((mul) (m)) (n))) (n)))) (n); best proof: ((ass2) (((mul) (m)) (n))) (n) with weight 1.146098465950498E-4; statement weight 1.0248689160923824E-7
Lemma: ((eqM) (n)) (((mul) (((mul) (m)) (n))) (((mul) (((mul) (m)) (n))) (n))); best proof: (((sym) (((mul) (((mul) (m)) (n))) (((mul) (((mul) (m)) (n))) (n)))) (n)) (((ass2) (((mul) (m)) (n))) (n)) with weight 6.864397586591434E-6; statement weight 1.110521669157151E-7
Lemma: ((eqM) (((mul) (((mul) (m)) (n))) (((mul) (((mul) (m)) (n))) (n)))) (((mul) (((mul) (m)) (n))) (m)); best proof: ((((left-multiply) (((mul) (m)) (n))) (((mul) (((mul) (m)) (n))) (n))) (m)) (((ass1) (m)) (n)) with weight 1.269605716974956E-7; statement weight 7.315490687096213E-10
Lemma: ((eqM) (((mul) (((mul) (((mul) (m)) (n))) (m))) (m))) (((mul) (m)) (n)); best proof: ((ass1) (((mul) (m)) (n))) (m) with weight 1.146098465950498E-4; statement weight 6.196288150382436E-8
2021.03.02 15:56:53:355 [scala-e...] [INFO ] provingground.learning.HoTTBot.response:466 - Steps (in final state): 4
Lemma: (`a : M ) ~> ((`b : M ) ~> ((`c : M ) ~> ((((eqM) (`a)) (`b)) → ((((eqM) (`b)) (`c)) → (((eqM) (`a)) (`c)))))); best proof: trans with weight 0.05875877891014357; statement weight 7.485634800505823E-5
Lemma: (`$afm : M ) ~> ((((eqM) (((mul) (((mul) (m)) (n))) (((mul) (((mul) (m)) (n))) (n)))) (`$afm)) → (((eqM) (n)) (`$afm))); best proof: (`$ekovms :  M) ↦ (((((trans) (n)) (((mul) (((mul) (m)) (n))) (((mul) (((mul) (m)) (n))) (n)))) (`$ekovms)) ((((sym) (((mul) (((mul) (m)) (n))) (((mul) (((mul) (m)) (n))) (n)))) (n)) (((ass2) (((mul) (m)) (n))) (n)))) with weight 4.111366209468644E-7; statement weight 2.331573857370931E-8
Lemma: (`b : M ) ~> ((`c : M ) ~> ((((eqM) (`b)) (`c)) → (((eqM) (((mul) (((mul) (m)) (n))) (`b))) (((mul) (((mul) (m)) (n))) (`c))))); best proof: (left-multiply) (((mul) (m)) (n)) with weight 0.00896506566389679; statement weight 3.086288499779201E-9
Lemma: (`b : M ) ~> ((`c : M ) ~> ((((eqM) (`b)) (`c)) → (((eqM) (((mul) (`b)) (m))) (((mul) (`c)) (m))))); best proof: (right-multiply) (m) with weight 0.0035193292582361623; statement weight 8.376881626503368E-12
2021.03.02 15:58:28:878 [scala-e...] [INFO ] provingground.learning.HoTTBot.response:466 - Results: 6
Lemma: ((eqM) (((mul) (((mul) (m)) (n))) (n))) (m); best proof: ((ass1) (m)) (n) with weight 5.046306822416413E-5; statement weight 1.3831776848662364E-5
Lemma: ((eqM) (((mul) (((mul) (m)) (n))) (((mul) (((mul) (m)) (n))) (n)))) (n); best proof: ((ass2) (((mul) (m)) (n))) (n) with weight 1.2556404118699665E-4; statement weight 9.72371488317463E-8
Lemma: ((eqM) (n)) (((mul) (((mul) (m)) (n))) (((mul) (((mul) (m)) (n))) (n))); best proof: (((sym) (((mul) (((mul) (m)) (n))) (((mul) (((mul) (m)) (n))) (n)))) (n)) (((ass2) (((mul) (m)) (n))) (n)) with weight 8.15924029031405E-6; statement weight 1.055807706659422E-7
Lemma: ((eqM) (((mul) (((mul) (m)) (n))) (((mul) (((mul) (m)) (n))) (n)))) (((mul) (((mul) (m)) (n))) (m)); best proof: ((((left-multiply) (((mul) (m)) (n))) (((mul) (((mul) (m)) (n))) (n))) (m)) (((ass1) (m)) (n)) with weight 1.560338926964743E-7; statement weight 7.42231437047525E-10
Lemma: ((eqM) (((mul) (((mul) (((mul) (m)) (n))) (m))) (m))) (((mul) (m)) (n)); best proof: ((ass1) (((mul) (m)) (n))) (m) with weight 1.2556404118699665E-4; statement weight 5.786088238476789E-8
Lemma: ((eqM) (n)) (((mul) (((mul) (m)) (n))) (m)); best proof: (((((trans) (n)) (((mul) (((mul) (m)) (n))) (((mul) (((mul) (m)) (n))) (n)))) (((mul) (((mul) (m)) (n))) (m))) ((((sym) (((mul) (((mul) (m)) (n))) (((mul) (((mul) (m)) (n))) (n)))) (n)) (((ass2) (((mul) (m)) (n))) (n)))) (((((left-multiply) (((mul) (m)) (n))) (((mul) (((mul) (m)) (n))) (n))) (m)) (((ass1) (m)) (n))) with weight 2.7478094958554935E-14; statement weight 4.7625808099720805E-5
2021.03.02 15:58:34:504 [scala-e...] [INFO ] provingground.learning.HoTTBot.response:466 - Steps (in final state): 4
Lemma: (`a : M ) ~> ((`b : M ) ~> ((`c : M ) ~> ((((eqM) (`a)) (`b)) → ((((eqM) (`b)) (`c)) → (((eqM) (`a)) (`c)))))); best proof: trans with weight 0.05755568147131906; statement weight 1.5198210812638138E-4
Lemma: (`$afm : M ) ~> ((((eqM) (((mul) (((mul) (m)) (n))) (((mul) (((mul) (m)) (n))) (n)))) (`$afm)) → (((eqM) (n)) (`$afm))); best proof: (`$ekovms :  M) ↦ (((((trans) (n)) (((mul) (((mul) (m)) (n))) (((mul) (((mul) (m)) (n))) (n)))) (`$ekovms)) ((((sym) (((mul) (((mul) (m)) (n))) (((mul) (((mul) (m)) (n))) (n)))) (n)) (((ass2) (((mul) (m)) (n))) (n)))) with weight 5.301950176708092E-7; statement weight 3.187120219650529E-8
Lemma: (`b : M ) ~> ((`c : M ) ~> ((((eqM) (`b)) (`c)) → (((eqM) (((mul) (((mul) (m)) (n))) (`b))) (((mul) (((mul) (m)) (n))) (`c))))); best proof: (left-multiply) (((mul) (m)) (n)) with weight 0.009306031079713926; statement weight 3.851266313776042E-9
Lemma: (`b : M ) ~> ((`c : M ) ~> ((((eqM) (`b)) (`c)) → (((eqM) (((mul) (`b)) (m))) (((mul) (`c)) (m))))); best proof: (right-multiply) (m) with weight 0.0037400072233850943; statement weight 8.098214865340758E-12
2021.03.02 16:02:05:399 [scala-e...] [INFO ] provingground.learning.HoTTBot.response:466 - Results: 7
Lemma: ((eqM) (((mul) (((mul) (m)) (n))) (n))) (m); best proof: ((ass1) (m)) (n) with weight 5.422996647748643E-5; statement weight 1.2523716394150123E-5
Lemma: ((eqM) (((mul) (((mul) (m)) (n))) (((mul) (((mul) (m)) (n))) (n)))) (n); best proof: ((ass2) (((mul) (m)) (n))) (n) with weight 1.329639987451727E-4; statement weight 9.181315584332449E-8
Lemma: ((eqM) (n)) (((mul) (((mul) (m)) (n))) (((mul) (((mul) (m)) (n))) (n))); best proof: (((sym) (((mul) (((mul) (m)) (n))) (((mul) (((mul) (m)) (n))) (n)))) (n)) (((ass2) (((mul) (m)) (n))) (n)) with weight 9.10160484170425E-6; statement weight 9.983153221537083E-8
Lemma: ((eqM) (((mul) (((mul) (m)) (n))) (((mul) (((mul) (m)) (n))) (n)))) (((mul) (((mul) (m)) (n))) (m)); best proof: ((((left-multiply) (((mul) (m)) (n))) (((mul) (((mul) (m)) (n))) (n))) (m)) (((ass1) (m)) (n)) with weight 1.7776952478394104E-7; statement weight 7.31880069818964E-10
Lemma: ((eqM) (((mul) (((mul) (((mul) (m)) (n))) (m))) (m))) (((mul) (m)) (n)); best proof: ((ass1) (((mul) (m)) (n))) (m) with weight 1.329639987451727E-4; statement weight 5.406792547375711E-8
Lemma: ((eqM) (n)) (((mul) (((mul) (m)) (n))) (m)); best proof: (((((trans) (n)) (((mul) (((mul) (m)) (n))) (((mul) (((mul) (m)) (n))) (n)))) (((mul) (((mul) (m)) (n))) (m))) ((((sym) (((mul) (((mul) (m)) (n))) (((mul) (((mul) (m)) (n))) (n)))) (n)) (((ass2) (((mul) (m)) (n))) (n)))) (((((left-multiply) (((mul) (m)) (n))) (((mul) (((mul) (m)) (n))) (n))) (m)) (((ass1) (m)) (n))) with weight 3.809239660764497E-14; statement weight 4.2025536225161264E-5
Lemma: ((eqM) (((mul) (n)) (m))) (((mul) (((mul) (((mul) (m)) (n))) (m))) (m)); best proof: ((((right-multiply) (m)) (n)) (((mul) (((mul) (m)) (n))) (m))) ((((((trans) (n)) (((mul) (((mul) (m)) (n))) (((mul) (((mul) (m)) (n))) (n)))) (((mul) (((mul) (m)) (n))) (m))) ((((sym) (((mul) (((mul) (m)) (n))) (((mul) (((mul) (m)) (n))) (n)))) (n)) (((ass2) (((mul) (m)) (n))) (n)))) (((((left-multiply) (((mul) (m)) (n))) (((mul) (((mul) (m)) (n))) (n))) (m)) (((ass1) (m)) (n)))) with weight 5.1904135307290545E-17; statement weight 4.61327075051796E-10
2021.03.02 16:02:13:933 [scala-e...] [INFO ] provingground.learning.HoTTBot.response:466 - Steps (in final state): 4
Lemma: (`a : M ) ~> ((`b : M ) ~> ((`c : M ) ~> ((((eqM) (`a)) (`b)) → ((((eqM) (`b)) (`c)) → (((eqM) (`a)) (`c)))))); best proof: trans with weight 0.05676908896192913; statement weight 2.3039228035655508E-4
Lemma: (`$afm : M ) ~> ((((eqM) (((mul) (((mul) (m)) (n))) (((mul) (((mul) (m)) (n))) (n)))) (`$afm)) → (((eqM) (n)) (`$afm))); best proof: (`$ekovms :  M) ↦ (((((trans) (n)) (((mul) (((mul) (m)) (n))) (((mul) (((mul) (m)) (n))) (n)))) (`$ekovms)) ((((sym) (((mul) (((mul) (m)) (n))) (((mul) (((mul) (m)) (n))) (n)))) (n)) (((ass2) (((mul) (m)) (n))) (n)))) with weight 6.230236918552158E-7; statement weight 3.827798324997861E-8
Lemma: (`b : M ) ~> ((`c : M ) ~> ((((eqM) (`b)) (`c)) → (((eqM) (((mul) (((mul) (m)) (n))) (`b))) (((mul) (((mul) (m)) (n))) (`c))))); best proof: (left-multiply) (((mul) (m)) (n)) with weight 0.009527750425610451; statement weight 4.330019330309779E-9
Lemma: (`b : M ) ~> ((`c : M ) ~> ((((eqM) (`b)) (`c)) → (((eqM) (((mul) (`b)) (m))) (((mul) (`c)) (m))))); best proof: (right-multiply) (m) with weight 0.0038859298186933364; statement weight 7.706036410849821E-12
2021.03.02 16:07:55:889 [scala-e...] [INFO ] provingground.learning.HoTTBot.response:466 - Results: 7
Lemma: ((eqM) (((mul) (((mul) (m)) (n))) (n))) (m); best proof: ((ass1) (m)) (n) with weight 5.5520430476949263E-5; statement weight 1.2064731162193362E-5
Lemma: ((eqM) (((mul) (((mul) (m)) (n))) (((mul) (((mul) (m)) (n))) (n)))) (n); best proof: ((ass2) (((mul) (m)) (n))) (n) with weight 1.3547102565618515E-4; statement weight 8.967712076819859E-8
Lemma: ((eqM) (n)) (((mul) (((mul) (m)) (n))) (((mul) (((mul) (m)) (n))) (n))); best proof: (((sym) (((mul) (((mul) (m)) (n))) (((mul) (((mul) (m)) (n))) (n)))) (n)) (((ass2) (((mul) (m)) (n))) (n)) with weight 9.434232103520024E-6; statement weight 9.755535388108842E-8
Lemma: ((eqM) (((mul) (((mul) (m)) (n))) (((mul) (((mul) (m)) (n))) (n)))) (((mul) (((mul) (m)) (n))) (m)); best proof: ((((left-multiply) (((mul) (m)) (n))) (((mul) (((mul) (m)) (n))) (n))) (m)) (((ass1) (m)) (n)) with weight 1.8553318032437306E-7; statement weight 7.251294579473338E-10
Lemma: ((eqM) (((mul) (((mul) (((mul) (m)) (n))) (m))) (m))) (((mul) (m)) (n)); best proof: ((ass1) (((mul) (m)) (n))) (m) with weight 1.3547102565618515E-4; statement weight 5.2626972280905245E-8
Lemma: ((eqM) (n)) (((mul) (((mul) (m)) (n))) (m)); best proof: (((((trans) (n)) (((mul) (((mul) (m)) (n))) (((mul) (((mul) (m)) (n))) (n)))) (((mul) (((mul) (m)) (n))) (m))) ((((sym) (((mul) (((mul) (m)) (n))) (((mul) (((mul) (m)) (n))) (n)))) (n)) (((ass2) (((mul) (m)) (n))) (n)))) (((((left-multiply) (((mul) (m)) (n))) (((mul) (((mul) (m)) (n))) (n))) (m)) (((ass1) (m)) (n))) with weight 4.2409258893915746E-14; statement weight 4.014681204556968E-5
Lemma: ((eqM) (((mul) (n)) (m))) (((mul) (((mul) (((mul) (m)) (n))) (m))) (m)); best proof: ((((right-multiply) (m)) (n)) (((mul) (((mul) (m)) (n))) (m))) ((((((trans) (n)) (((mul) (((mul) (m)) (n))) (((mul) (((mul) (m)) (n))) (n)))) (((mul) (((mul) (m)) (n))) (m))) ((((sym) (((mul) (((mul) (m)) (n))) (((mul) (((mul) (m)) (n))) (n)))) (n)) (((ass2) (((mul) (m)) (n))) (n)))) (((((left-multiply) (((mul) (m)) (n))) (((mul) (((mul) (m)) (n))) (n))) (m)) (((ass1) (m)) (n)))) with weight 5.920122695162997E-17; statement weight 4.55601222602239E-10
2021.03.02 16:08:17:758 [scala-e...] [INFO ] provingground.learning.HoTTBot.response:466 - Steps (in final state): 5
Lemma: (`a : M ) ~> ((`b : M ) ~> ((`c : M ) ~> ((((eqM) (`a)) (`b)) → ((((eqM) (`b)) (`c)) → (((eqM) (`a)) (`c)))))); best proof: trans with weight 0.056505665590008025; statement weight 2.6302640211200247E-4
Lemma: (`$afm : M ) ~> ((((eqM) (((mul) (((mul) (m)) (n))) (((mul) (((mul) (m)) (n))) (n)))) (`$afm)) → (((eqM) (n)) (`$afm))); best proof: (`$ekovms :  M) ↦ (((((trans) (n)) (((mul) (((mul) (m)) (n))) (((mul) (((mul) (m)) (n))) (n)))) (`$ekovms)) ((((sym) (((mul) (((mul) (m)) (n))) (((mul) (((mul) (m)) (n))) (n)))) (n)) (((ass2) (((mul) (m)) (n))) (n)))) with weight 6.570062026229323E-7; statement weight 4.054104953846936E-8
Lemma: (`b : M ) ~> ((`c : M ) ~> ((((eqM) (`b)) (`c)) → (((eqM) (((mul) (((mul) (m)) (n))) (`b))) (((mul) (((mul) (m)) (n))) (`c))))); best proof: (left-multiply) (((mul) (m)) (n)) with weight 0.009601643766868758; statement weight 4.482321028460462E-9
Lemma: (`b : M ) ~> ((`c : M ) ~> ((((eqM) (`b)) (`c)) → (((eqM) (((mul) (`b)) (m))) (((mul) (`c)) (m))))); best proof: (right-multiply) (m) with weight 0.003935060111220137; statement weight 7.546178252292688E-12
Lemma: (`$dkp : M ) ~> ((((eqM) (((mul) (((mul) (((mul) (m)) (n))) (m))) (m))) (`$dkp)) → (((eqM) (((mul) (n)) (m))) (`$dkp))); best proof: (`$cdsfmpm :  M) ↦ (((((trans) (((mul) (n)) (m))) (((mul) (((mul) (((mul) (m)) (n))) (m))) (m))) (`$cdsfmpm)) (((((right-multiply) (m)) (n)) (((mul) (((mul) (m)) (n))) (m))) ((((((trans) (n)) (((mul) (((mul) (m)) (n))) (((mul) (((mul) (m)) (n))) (n)))) (((mul) (((mul) (m)) (n))) (m))) ((((sym) (((mul) (((mul) (m)) (n))) (((mul) (((mul) (m)) (n))) (n)))) (n)) (((ass2) (((mul) (m)) (n))) (n)))) (((((left-multiply) (((mul) (m)) (n))) (((mul) (((mul) (m)) (n))) (n))) (m)) (((ass1) (m)) (n)))))) with weight 4.122742624157174E-18; statement weight 2.1176825788159855E-10
