2021.01.14 06:48:54:317 [INFO ] provingground.interface.ChompSessionEq:126:14 - 
This is a Bot based run for goal chomping. This has been refined a few times.
Biggest change after first runs was having a session with bots.
Also parallel chomping, proving via zero, using inclusions and projections,
better reporting of status. 
After debugging, everything generated was proved but there was an error in reporting.
Hoepfully we get a fully correct run.

2021.01.14 06:48:54:883 [INFO ] provingground.interface.ChompSessionEq:137:14 - Number of threads: 8
2021.01.14 06:48:54:884 [INFO ] provingground.interface.ChompSessionEq.<local ChompSessionEq>:139:50 - JAVA_OPTS: -Xms2G -Xmx40G -Xss6M -XX:+UnlockDiagnosticVMOptions -XX:+DebugNonSafepoints
2021.01.14 06:48:54:886 [INFO ] provingground.interface.ChompSessionEq.<local ChompSessionEq>:141:50 - JAVA_HOME: /usr/lib/jvm/java-8-oracle
2021.01.14 06:48:55:609 [INFO ] provingground.learning.PostBuffer.$anon.post:266:22 - Post; tag: TypeTag[provingground.learning.LocalProver], id: (1,257821092), content:
LocalProver(TermState([],[𝒰 _0 : 1.0],Vector(),[],[],{}),TermGenParams(0.1,0.1,0.1,0.1,0.1,0.0,0.05,0.05,0.05,0.0,0.0,0.05,0.0,0.3,0.7,0.5,0.0,0.0,0.0,<function1>),2.0E-6,None,12 minutes,1.01,1.0,10000,10,1.0,1.0,None,false,false,0.5,1.0,None), hash: 257821092
2021.01.14 06:48:55:627 [INFO ] provingground.learning.TypedPostResponse.MicroBot.post:252:18 - triggered response 'd16e0b44' of type TypeTag[provingground.learning.ExpressionEval] to post of type TypeTag[provingground.learning.LocalProver] with input hash 257821092
2021.01.14 06:49:22:739 [INFO ] provingground.learning.ErasablePostBuffer.$anon.post:115:22 - Post; tag: TypeTag[provingground.learning.ExpressionEval], id: (2,1943223549), hash : 1943223549
2021.01.14 06:49:22:741 [INFO ] provingground.learning.TypedPostResponse.MicroBot.$anonfun.applyOrElse:266:26 - completed response 'd16e0b44' of type TypeTag[provingground.learning.ExpressionEval] to posts of type TypeTag[provingground.learning.LocalProver] with input hash 257821092
2021.01.14 06:49:22:743 [INFO ] provingground.learning.TypedPostResponse.Callback.post:200:18 - triggered callback 'ec16e36a' for type TypeTag[provingground.learning.ExpressionEval] with input hash 1943223549
2021.01.14 06:49:25:209 [INFO ] provingground.learning.TypedPostResponse.Callback.$anonfun.applyOrElse:204:33 - completed callback 'ec16e36a' for type TypeTag[provingground.learning.ExpressionEval] with input hash 1943223549
2021.01.14 06:49:25:210 [INFO ] provingground.learning.TypedPostResponse.MicroBot.post:252:18 - triggered response '59078b6c' of type TypeTag[provingground.learning.HoTTMessages.FinalState] to post of type TypeTag[provingground.learning.ExpressionEval] with input hash 1943223549
2021.01.14 06:49:25:230 [INFO ] provingground.learning.HoTTBot.expEvToFinalState:568:26 - computing final state
2021.01.14 06:49:28:298 [INFO ] provingground.learning.ErasablePostBuffer.$anon.post:115:22 - Post; tag: TypeTag[provingground.learning.HoTTMessages.FinalState], id: (3,-1142913337), hash : -1142913337
2021.01.14 06:49:28:299 [INFO ] provingground.learning.TypedPostResponse.MicroBot.$anonfun.applyOrElse:266:26 - completed response '59078b6c' of type TypeTag[provingground.learning.HoTTMessages.FinalState] to posts of type TypeTag[provingground.learning.ExpressionEval] with input hash 1943223549
2021.01.14 06:49:28:300 [INFO ] provingground.learning.TypedPostResponse.Callback.post:200:18 - triggered callback 'update terms' for type TypeTag[provingground.learning.HoTTMessages.FinalState] with input hash -1142913337
2021.01.14 06:49:32:528 [INFO ] provingground.learning.HoTTBot.$anonfun:368:26 - Obtained 28085 formal equations
2021.01.14 06:49:33:046 [INFO ] provingground.learning.TypedPostResponse.Callback.$anonfun.applyOrElse:204:33 - completed callback 'update terms' for type TypeTag[provingground.learning.HoTTMessages.FinalState] with input hash -1142913337
2021.01.14 06:49:33:048 [INFO ] provingground.learning.PostBuffer.$anon.post:266:22 - Post; tag: TypeTag[provingground.learning.LocalProver], id: (4,-537015682), content:
LocalProver(TermState([Unit : 0.3333333333333333, Zero : 0.3333333333333333, Star : 0.3333333333333333],[𝒰 _0 : 0.3333333333333333, Unit : 0.3333333333333333, Zero : 0.3333333333333333],Vector(),[],[],{}),TermGenParams(0.1,0.1,0.1,0.1,0.1,0.0,0.05,0.05,0.05,0.0,0.0,0.05,0.0,0.3,0.7,0.5,0.0,0.05,0.0,<function1>),1.0E-5,None,12 minutes,1.01,1.0,10000,10,1.0,1.0,None,false,false,0.5,1.0,None), hash: -537015682
2021.01.14 06:49:33:050 [INFO ] provingground.learning.TypedPostResponse.MicroBot.post:252:18 - triggered response '2e7cdd82' of type TypeTag[provingground.learning.HoTTMessages.ChompResult] to post of type TypeTag[provingground.learning.LocalProver] with input hash -537015682
2021.01.14 06:49:35:861 [INFO ] provingground.learning.HoTTBot.$anonfun:909:28 - seeking to chomp 88 unknown groups
2021.01.14 06:49:35:864 [INFO ] provingground.learning.StrategicProvers.concurrentTargetChomper:260:26 - seeking result for group (`@a : 𝒰 _0 ) ~> (`@a) ; ∑((`@a :  𝒰 _0) ↦ (`@a)) ; (((`@a : 𝒰 _0 ) ~> (`@a)) → (𝒰 _0)) → (𝒰 _0) ; (((𝒰 _0) → (∑((`@b :  𝒰 _0) ↦ (`@b)))) → (𝒰 _0)) → (𝒰 _0) ; ((((𝒰 _0) , ((`@b : 𝒰 _0 ) ~> (`@b)))) → (𝒰 _0)) → (𝒰 _0) ; (((((𝒰 _0) → (𝒰 _0)) , ((𝒰 _0) → (𝒰 _0)))) → (𝒰 _0)) → (𝒰 _0) ; (((`@a : 𝒰 _0 ) ~> (((`@a) , (`@a)))) → (𝒰 _0)) → (𝒰 _0) ; ((∑((`@a :  𝒰 _0) ↦ (`@a))) → (𝒰 _0)) → (𝒰 _0)
2021.01.14 06:50:44:373 [INFO ] provingground.learning.StrategicProvers.concurrentTargetChomper:275:30 - proved 8 results
2021.01.14 06:50:44:373 [INFO ] provingground.learning.StrategicProvers.concurrentTargetChomper:277:30 - remaining 87 groups to prove/disprove
2021.01.14 06:50:44:566 [INFO ] provingground.learning.StrategicProvers.concurrentTargetChomper:260:26 - seeking result for group ((((𝒰 _0) , (((𝒰 _0) , (𝒰 _0))))) → (𝒰 _0)) → (𝒰 _0) ; ((∑((`@a :  𝒰 _0) ↦ (((𝒰 _0) , (`@a))))) → (𝒰 _0)) → (𝒰 _0) ; (((((`@a : 𝒰 _0 ) ~> (`@a)) , (𝒰 _0))) → (𝒰 _0)) → (𝒰 _0) ; (((`@a : 𝒰 _0 ) ~> (((𝒰 _0) , (`@a)))) → (𝒰 _0)) → (𝒰 _0) ; ((((((𝒰 _0) , (𝒰 _0))) , (𝒰 _0))) → (𝒰 _0)) → (𝒰 _0) ; ((∑((`@a :  𝒰 _0) ↦ (((`@a) , (𝒰 _0))))) → (𝒰 _0)) → (𝒰 _0) ; ((∑((`@a :  𝒰 _0) ↦ ((`@a) → (𝒰 _0)))) → (𝒰 _0)) → (𝒰 _0) ; (((𝒰 _0) → (((𝒰 _0) , (𝒰 _0)))) → (𝒰 _0)) → (𝒰 _0)
2021.01.14 06:51:58:317 [INFO ] provingground.learning.StrategicProvers.concurrentTargetChomper:275:30 - proved 8 results
2021.01.14 06:51:58:317 [INFO ] provingground.learning.StrategicProvers.concurrentTargetChomper:277:30 - remaining 86 groups to prove/disprove
2021.01.14 06:51:58:470 [INFO ] provingground.learning.StrategicProvers.concurrentTargetChomper:260:26 - seeking result for group ((((𝒰 _0) → (𝒰 _0)) → (((𝒰 _0) , (𝒰 _0)))) → (𝒰 _0)) → (𝒰 _0) ; ((((∑((`@a :  𝒰 _0) ↦ (`@a))) , (𝒰 _0))) → (𝒰 _0)) → (𝒰 _0) ; (((𝒰 _0) → ((`@b : 𝒰 _0 ) ~> (`@b))) → (𝒰 _0)) → (𝒰 _0) ; (((`@a : 𝒰 _0 ) ~> ((𝒰 _0) → (`@a))) → (𝒰 _0)) → (𝒰 _0) ; ((((𝒰 _0) → (𝒰 _0)) → ((`@a : 𝒰 _0 ) ~> (`@a))) → (𝒰 _0)) → (𝒰 _0) ; (((((𝒰 _0) , (𝒰 _0))) → (𝒰 _0)) → (𝒰 _0)) → (𝒰 _0) ; (((∑((`@a :  𝒰 _0) ↦ (`@a))) → (𝒰 _0)) → (𝒰 _0)) → (𝒰 _0) ; ((((((𝒰 _0) → (𝒰 _0)) , (𝒰 _0))) → (𝒰 _0)) → (𝒰 _0)) → (𝒰 _0)
2021.01.14 06:53:55:110 [INFO ] provingground.learning.StrategicProvers.concurrentTargetChomper:275:30 - proved 8 results
2021.01.14 06:53:55:110 [INFO ] provingground.learning.StrategicProvers.concurrentTargetChomper:277:30 - remaining 85 groups to prove/disprove
2021.01.14 06:53:55:367 [INFO ] provingground.learning.StrategicProvers.concurrentTargetChomper:260:26 - seeking result for group (((((𝒰 _0) → (𝒰 _0)) , (𝒰 _0))) → (𝒰 _0)) → (𝒰 _0) ; ((((((𝒰 _0) , (𝒰 _0))) → (𝒰 _0)) → (𝒰 _0)) → (𝒰 _0)) → (𝒰 _0) ; ((((𝒰 _0) → (𝒰 _0)) → (𝒰 _0)) → (𝒰 _0)) → (𝒰 _0) ; (((((𝒰 _0) → (𝒰 _0)) → (𝒰 _0)) → (𝒰 _0)) → (𝒰 _0)) → (𝒰 _0) ; ((((`@a : 𝒰 _0 ) ~> (`@a)) → (𝒰 _0)) → (𝒰 _0)) → (𝒰 _0) ; (((((`@a : 𝒰 _0 ) ~> (`@a)) → (𝒰 _0)) → (𝒰 _0)) → (𝒰 _0)) → (𝒰 _0) ; ((((𝒰 _0) → ((𝒰 _0) → (𝒰 _0))) → (𝒰 _0)) → (𝒰 _0)) → (𝒰 _0) ; ((((𝒰 _0) , ((𝒰 _0) → (𝒰 _0)))) → (𝒰 _0)) → (𝒰 _0)
2021.01.14 06:54:57:104 [INFO ] provingground.learning.StrategicProvers.concurrentTargetChomper:275:30 - proved 8 results
2021.01.14 06:54:57:104 [INFO ] provingground.learning.StrategicProvers.concurrentTargetChomper:277:30 - remaining 84 groups to prove/disprove
2021.01.14 06:54:57:428 [INFO ] provingground.learning.StrategicProvers.concurrentTargetChomper:260:26 - seeking result for group ((∑((`@a :  𝒰 _0) ↦ ((`@a) → (`@a)))) → (𝒰 _0)) → (𝒰 _0) ; ((∑((`@a :  𝒰 _0) ↦ ((𝒰 _0) → (`@a)))) → (𝒰 _0)) → (𝒰 _0) ; (((`@a : 𝒰 _0 ) ~> (((`@a) , (𝒰 _0)))) → (𝒰 _0)) → (𝒰 _0) ; ((((𝒰 _0) , (∑((`@b :  𝒰 _0) ↦ (`@b))))) → (𝒰 _0)) → (𝒰 _0) ; ((((((𝒰 _0) → (𝒰 _0)) → (𝒰 _0)) , (𝒰 _0))) → (𝒰 _0)) → (𝒰 _0) ; ((((𝒰 _0) → (∑((`@b :  𝒰 _0) ↦ (`@b)))) , (𝒰 _0))) → (𝒰 _0) ; ((((`@a : 𝒰 _0 ) ~> (((`@a) , (𝒰 _0)))) , (𝒰 _0))) → (𝒰 _0) ; ((((((`@a : 𝒰 _0 ) ~> (`@a)) , (𝒰 _0))) , (𝒰 _0))) → (𝒰 _0)
2021.01.14 06:56:08:170 [INFO ] provingground.learning.StrategicProvers.concurrentTargetChomper:275:30 - proved 8 results
2021.01.14 06:56:08:171 [INFO ] provingground.learning.StrategicProvers.concurrentTargetChomper:277:30 - remaining 83 groups to prove/disprove
2021.01.14 06:56:08:530 [INFO ] provingground.learning.StrategicProvers.concurrentTargetChomper:260:26 - seeking result for group (((((𝒰 _0) , (𝒰 _0))) , (𝒰 _0))) → (𝒰 _0) ; (((((𝒰 _0) , (((𝒰 _0) , (𝒰 _0))))) , (𝒰 _0))) → (𝒰 _0) ; ((((𝒰 _0) → (((𝒰 _0) , (𝒰 _0)))) , (𝒰 _0))) → (𝒰 _0) ; (((∑((`@a :  𝒰 _0) ↦ ((𝒰 _0) → (`@a)))) , (𝒰 _0))) → (𝒰 _0) ; ((𝒰 _0) → ((`@b : 𝒰 _0 ) ~> (`@b))) → (𝒰 _0) ; ((((`@a : 𝒰 _0 ) ~> (((𝒰 _0) , (`@a)))) , (𝒰 _0))) → (𝒰 _0) ; (((((∑((`@a :  𝒰 _0) ↦ (`@a))) , (𝒰 _0))) , (𝒰 _0))) → (𝒰 _0) ; (((((𝒰 _0) , ((𝒰 _0) → (𝒰 _0)))) , (𝒰 _0))) → (𝒰 _0)
2021.01.14 06:57:08:794 [INFO ] provingground.learning.StrategicProvers.concurrentTargetChomper:275:30 - proved 8 results
2021.01.14 06:57:08:795 [INFO ] provingground.learning.StrategicProvers.concurrentTargetChomper:277:30 - remaining 82 groups to prove/disprove
2021.01.14 06:57:08:833 [INFO ] provingground.learning.StrategicProvers.concurrentTargetChomper:260:26 - seeking result for group (((((𝒰 _0) , (∑((`@b :  𝒰 _0) ↦ (`@b))))) , (𝒰 _0))) → (𝒰 _0) ; (((((𝒰 _0) → (𝒰 _0)) → (𝒰 _0)) , (𝒰 _0))) → (𝒰 _0) ; ((((((𝒰 _0) , (𝒰 _0))) → (𝒰 _0)) , (𝒰 _0))) → (𝒰 _0) ; (((((`@a : 𝒰 _0 ) ~> (`@a)) → (𝒰 _0)) , (𝒰 _0))) → (𝒰 _0) ; ((((∑((`@a :  𝒰 _0) ↦ (`@a))) → (𝒰 _0)) , (𝒰 _0))) → (𝒰 _0) ; ((((((𝒰 _0) → (𝒰 _0)) → (𝒰 _0)) → (𝒰 _0)) , (𝒰 _0))) → (𝒰 _0) ; ((((`@a : 𝒰 _0 ) ~> ((`@a) → (𝒰 _0))) , (𝒰 _0))) → (𝒰 _0) ; ((((𝒰 _0) → ((𝒰 _0) → (𝒰 _0))) , (𝒰 _0))) → (𝒰 _0)
2021.01.14 06:58:17:248 [INFO ] provingground.learning.StrategicProvers.concurrentTargetChomper:275:30 - proved 8 results
2021.01.14 06:58:17:248 [INFO ] provingground.learning.StrategicProvers.concurrentTargetChomper:277:30 - remaining 81 groups to prove/disprove
2021.01.14 06:58:17:289 [INFO ] provingground.learning.StrategicProvers.concurrentTargetChomper:260:26 - seeking result for group (((((𝒰 _0) → (𝒰 _0)) → ((𝒰 _0) → (𝒰 _0))) , (𝒰 _0))) → (𝒰 _0) ; (((((𝒰 _0) , ((`@b : 𝒰 _0 ) ~> (`@b)))) , (𝒰 _0))) → (𝒰 _0) ; (((((((𝒰 _0) , (𝒰 _0))) , (𝒰 _0))) , (𝒰 _0))) → (𝒰 _0) ; ((((`@a : 𝒰 _0 ) ~> (`@a)) , (𝒰 _0))) → (𝒰 _0) ; (((∑((`@a :  𝒰 _0) ↦ (`@a))) , (𝒰 _0))) → (𝒰 _0) ; (((∑((`@a :  𝒰 _0) ↦ ((`@a) → (𝒰 _0)))) , (𝒰 _0))) → (𝒰 _0) ; ((((((𝒰 _0) → (𝒰 _0)) , (𝒰 _0))) , (𝒰 _0))) → (𝒰 _0) ; ((((𝒰 _0) → ((`@b : 𝒰 _0 ) ~> (`@b))) , (𝒰 _0))) → (𝒰 _0)
2021.01.14 06:59:34:891 [INFO ] provingground.learning.StrategicProvers.concurrentTargetChomper:275:30 - proved 8 results
2021.01.14 06:59:34:891 [INFO ] provingground.learning.StrategicProvers.concurrentTargetChomper:277:30 - remaining 80 groups to prove/disprove
2021.01.14 06:59:34:960 [INFO ] provingground.learning.StrategicProvers.concurrentTargetChomper:260:26 - seeking result for group ((((`@a : 𝒰 _0 ) ~> ((𝒰 _0) → (`@a))) , (𝒰 _0))) → (𝒰 _0) ; ((`@a : 𝒰 _0 ) ~> (((`@a) , ((`@b : 𝒰 _0 ) ~> (`@b))))) → (𝒰 _0) ; (∑((`@a :  𝒰 _0) ↦ (((`@a) , (`@a))))) → (𝒰 _0) ; ((𝒰 _0) → (((∑((`@b :  𝒰 _0) ↦ (`@b))) , (𝒰 _0)))) → (𝒰 _0) ; ((((𝒰 _0) → (𝒰 _0)) , (∑((`@a :  𝒰 _0) ↦ (`@a))))) → (𝒰 _0) ; ((𝒰 _0) → (((𝒰 _0) , ((`@c : 𝒰 _0 ) ~> (`@c))))) → (𝒰 _0) ; ((𝒰 _0) → ((𝒰 _0) → (((𝒰 _0) , (𝒰 _0))))) → (𝒰 _0) ; ((`@a : 𝒰 _0 ) ~> ((`@a) → (((𝒰 _0) , (𝒰 _0))))) → (𝒰 _0)
2021.01.14 07:00:30:895 [INFO ] provingground.learning.StrategicProvers.concurrentTargetChomper:275:30 - proved 8 results
2021.01.14 07:00:30:895 [INFO ] provingground.learning.StrategicProvers.concurrentTargetChomper:277:30 - remaining 79 groups to prove/disprove
2021.01.14 07:00:30:958 [INFO ] provingground.learning.StrategicProvers.concurrentTargetChomper:260:26 - seeking result for group ((((𝒰 _0) → (𝒰 _0)) , (((𝒰 _0) , (𝒰 _0))))) → (𝒰 _0) ; ((`@a : 𝒰 _0 ) ~> (((`@a) , (`@a)))) → (𝒰 _0) ; ((`@a : 𝒰 _0 ) ~> (((((`@a) , (𝒰 _0))) , (𝒰 _0)))) → (𝒰 _0) ; ((𝒰 _0) → (∑((`@b :  𝒰 _0) ↦ (`@b)))) → (𝒰 _0) ; ((((𝒰 _0) , (𝒰 _0))) → (∑((`@a :  𝒰 _0) ↦ (`@a)))) → (𝒰 _0) ; (((𝒰 _0) → (𝒰 _0)) → (∑((`@a :  𝒰 _0) ↦ (`@a)))) → (𝒰 _0) ; (((`@a : 𝒰 _0 ) ~> (`@a)) → (∑((`@a :  𝒰 _0) ↦ (`@a)))) → (𝒰 _0) ; (((∑((`@a :  𝒰 _0) ↦ (`@a))) , (((𝒰 _0) , (𝒰 _0))))) → (𝒰 _0)
2021.01.14 07:01:18:587 [INFO ] provingground.learning.StrategicProvers.concurrentTargetChomper:275:30 - proved 8 results
2021.01.14 07:01:18:587 [INFO ] provingground.learning.StrategicProvers.concurrentTargetChomper:277:30 - remaining 78 groups to prove/disprove
2021.01.14 07:01:18:659 [INFO ] provingground.learning.StrategicProvers.concurrentTargetChomper:260:26 - seeking result for group (∑((`@a :  𝒰 _0) ↦ ((((𝒰 _0) → (`@a)) , (𝒰 _0))))) → (𝒰 _0) ; ((`@a : 𝒰 _0 ) ~> ((((`@b : 𝒰 _0 ) ~> (`@b)) , (`@a)))) → (𝒰 _0) ; (∑((`@a :  𝒰 _0) ↦ ((((𝒰 _0) , (`@a))) → (𝒰 _0)))) → (𝒰 _0) ; (∑((`@a :  𝒰 _0) ↦ ((((`@a) , (𝒰 _0))) → (𝒰 _0)))) → (𝒰 _0) ; (∑((`@a :  𝒰 _0) ↦ (((`@a) → (𝒰 _0)) → (𝒰 _0)))) → (𝒰 _0) ; (∑((`@a :  𝒰 _0) ↦ (((`@a) → (`@a)) → (𝒰 _0)))) → (𝒰 _0) ; (∑((`@a :  𝒰 _0) ↦ (((𝒰 _0) → (`@a)) → (𝒰 _0)))) → (𝒰 _0) ; (∑((`@a :  𝒰 _0) ↦ ((`@a) → (𝒰 _0)))) → (𝒰 _0)
2021.01.14 07:02:14:269 [INFO ] provingground.learning.StrategicProvers.concurrentTargetChomper:275:30 - proved 8 results
2021.01.14 07:02:14:270 [INFO ] provingground.learning.StrategicProvers.concurrentTargetChomper:277:30 - remaining 77 groups to prove/disprove
2021.01.14 07:02:14:371 [INFO ] provingground.learning.StrategicProvers.concurrentTargetChomper:260:26 - seeking result for group (((∑((`@a :  𝒰 _0) ↦ (`@a))) , ((𝒰 _0) → (𝒰 _0)))) → (𝒰 _0) ; ((((`@a : 𝒰 _0 ) ~> (`@a)) , (((𝒰 _0) , (𝒰 _0))))) → (𝒰 _0) ; ((`@a : 𝒰 _0 ) ~> (((`@a) , (𝒰 _0)))) → (𝒰 _0) ; ((𝒰 _0) → (((((𝒰 _0) , (𝒰 _0))) , (𝒰 _0)))) → (𝒰 _0) ; ((((`@a : 𝒰 _0 ) ~> (`@a)) , ((`@a : 𝒰 _0 ) ~> (`@a)))) → (𝒰 _0) ; ((`@a : 𝒰 _0 ) ~> ((𝒰 _0) → (`@a))) → (𝒰 _0) ; (((𝒰 _0) → (𝒰 _0)) → ((`@a : 𝒰 _0 ) ~> (`@a))) → (𝒰 _0) ; ((`@a : 𝒰 _0 ) ~> ((((𝒰 _0) , (𝒰 _0))) → (`@a))) → (𝒰 _0)
2021.01.14 07:03:44:104 [INFO ] provingground.learning.StrategicProvers.concurrentTargetChomper:275:30 - proved 8 results
2021.01.14 07:03:44:105 [INFO ] provingground.learning.StrategicProvers.concurrentTargetChomper:277:30 - remaining 76 groups to prove/disprove
2021.01.14 07:03:44:218 [INFO ] provingground.learning.StrategicProvers.concurrentTargetChomper:260:26 - seeking result for group ((`@a : 𝒰 _0 ) ~> (((`@b : 𝒰 _0 ) ~> (`@b)) → (`@a))) → (𝒰 _0) ; ((`@a : 𝒰 _0 ) ~> ((((`@a) , (𝒰 _0))) → (`@a))) → (𝒰 _0) ; ((`@a : 𝒰 _0 ) ~> (((`@a) → (𝒰 _0)) → (`@a))) → (𝒰 _0) ; ((`@a : 𝒰 _0 ) ~> (((𝒰 _0) → (𝒰 _0)) → (`@a))) → (𝒰 _0) ; ((`@a : 𝒰 _0 ) ~> (((𝒰 _0) → (`@a)) → (`@a))) → (𝒰 _0) ; ((`@a : 𝒰 _0 ) ~> ((∑((`@b :  𝒰 _0) ↦ (`@b))) → (`@a))) → (𝒰 _0) ; ((((𝒰 _0) , (𝒰 _0))) → ((`@a : 𝒰 _0 ) ~> (`@a))) → (𝒰 _0) ; ((∑((`@a :  𝒰 _0) ↦ (`@a))) → ((`@a : 𝒰 _0 ) ~> (`@a))) → (𝒰 _0)
2021.01.14 07:09:24:945 [INFO ] provingground.learning.StrategicProvers.concurrentTargetChomper:275:30 - proved 8 results
2021.01.14 07:09:24:946 [INFO ] provingground.learning.StrategicProvers.concurrentTargetChomper:277:30 - remaining 75 groups to prove/disprove
2021.01.14 07:09:25:261 [INFO ] provingground.learning.StrategicProvers.concurrentTargetChomper:260:26 - seeking result for group ((((𝒰 _0) → (𝒰 _0)) , ((𝒰 _0) → (𝒰 _0)))) → (𝒰 _0) ; (((((𝒰 _0) → (𝒰 _0)) → (𝒰 _0)) , ((𝒰 _0) → (𝒰 _0)))) → (𝒰 _0) ; (((((𝒰 _0) , (𝒰 _0))) , ((𝒰 _0) → (𝒰 _0)))) → (𝒰 _0) ; (∑((`@a :  𝒰 _0) ↦ ((`@a) → (`@a)))) → (𝒰 _0) ; (∑((`@a :  𝒰 _0) ↦ ((𝒰 _0) → (`@a)))) → (𝒰 _0) ; (∑((`@a :  𝒰 _0) ↦ ((((𝒰 _0) , (𝒰 _0))) → (`@a)))) → (𝒰 _0) ; (∑((`@a :  𝒰 _0) ↦ (((`@b : 𝒰 _0 ) ~> (`@b)) → (`@a)))) → (𝒰 _0) ; (∑((`@a :  𝒰 _0) ↦ (((`@a) → (𝒰 _0)) → (`@a)))) → (𝒰 _0)
2021.01.14 07:10:23:920 [INFO ] provingground.learning.StrategicProvers.concurrentTargetChomper:275:30 - proved 8 results
2021.01.14 07:10:23:920 [INFO ] provingground.learning.StrategicProvers.concurrentTargetChomper:277:30 - remaining 74 groups to prove/disprove
2021.01.14 07:10:24:391 [INFO ] provingground.learning.StrategicProvers.concurrentTargetChomper:260:26 - seeking result for group (∑((`@a :  𝒰 _0) ↦ (((𝒰 _0) → (𝒰 _0)) → (`@a)))) → (𝒰 _0) ; (∑((`@a :  𝒰 _0) ↦ ((((𝒰 _0) → (𝒰 _0)) , (`@a))))) → (𝒰 _0) ; ((𝒰 _0) → ((`@b : 𝒰 _0 ) ~> (((𝒰 _0) , (`@b))))) → (𝒰 _0) ; (∑((`@a :  𝒰 _0) ↦ ((`@a) → ((`@b : 𝒰 _0 ) ~> (`@b))))) → (𝒰 _0) ; ((𝒰 _0) → ((𝒰 _0) → ((`@c : 𝒰 _0 ) ~> (`@c)))) → (𝒰 _0) ; ((`@a : 𝒰 _0 ) ~> ((`@b : 𝒰 _0 ) ~> ((`@a) → (`@b)))) → (𝒰 _0) ; ((𝒰 _0) → ((`@b : 𝒰 _0 ) ~> ((𝒰 _0) → (`@b)))) → (𝒰 _0) ; ((`@a : 𝒰 _0 ) ~> ((`@a) → ((`@b : 𝒰 _0 ) ~> (`@b)))) → (𝒰 _0)
2021.01.14 07:23:00:113 [ERROR] provingground.learning.StrategicProvers.$anonfun.applyOrElse:266:37 - java.util.concurrent.TimeoutException: Task timed-out after 12 minutes of inactivity
	at monix.eval.Task.timeout(Task.scala:2295)
	at provingground.learning.GenMonixFiniteDistributionEq.$anonfun$varDist$4(MonixFiniteDistributionEq.scala:154)
	at scala.Option.getOrElse(Option.scala:201)
	at provingground.learning.GenMonixFiniteDistributionEq.varDist(MonixFiniteDistributionEq.scala:148)
	at provingground.learning.LocalProver.varDistEqs(LocalProver.scala:254)
	at provingground.learning.StrategicProvers$.seekTyp(StrategicProvers.scala:96)
	at provingground.learning.StrategicProvers$.solveTyp(StrategicProvers.scala:111)
	at provingground.learning.StrategicProvers$.$anonfun$concurrentTargetChomper$2(StrategicProvers.scala:263)
	at scala.collection.immutable.Vector1.map(Vector.scala:1886)
	at scala.collection.immutable.Vector1.map(Vector.scala:375)
	at provingground.learning.StrategicProvers$.concurrentTargetChomper(StrategicProvers.scala:262)
	at provingground.learning.StrategicProvers$.$anonfun$concurrentTargetChomper$5(StrategicProvers.scala:287)
	at monix.eval.internal.TaskRunLoop$.startFull(TaskRunLoop.scala:170)
	at monix.eval.internal.TaskRestartCallback.syncOnSuccess(TaskRestartCallback.scala:101)
	at monix.eval.internal.TaskRestartCallback$$anon$1.run(TaskRestartCallback.scala:118)
	at monix.execution.internal.Trampoline.monix$execution$internal$Trampoline$$immediateLoop(Trampoline.scala:66)
	at monix.execution.internal.Trampoline.startLoop(Trampoline.scala:32)
	at monix.execution.schedulers.TrampolineExecutionContext$JVMNormalTrampoline.super$startLoop(TrampolineExecutionContext.scala:142)
	at monix.execution.schedulers.TrampolineExecutionContext$JVMNormalTrampoline.$anonfun$startLoop$1(TrampolineExecutionContext.scala:142)
	at scala.runtime.java8.JFunction0$mcV$sp.apply(JFunction0$mcV$sp.scala:18)
	at scala.concurrent.BlockContext$.withBlockContext(BlockContext.scala:94)
	at monix.execution.schedulers.TrampolineExecutionContext$JVMNormalTrampoline.startLoop(TrampolineExecutionContext.scala:142)
	at monix.execution.internal.Trampoline.execute(Trampoline.scala:40)
	at monix.execution.schedulers.TrampolineExecutionContext.execute(TrampolineExecutionContext.scala:57)
	at monix.execution.schedulers.BatchingScheduler.execute(BatchingScheduler.scala:50)
	at monix.execution.schedulers.BatchingScheduler.execute$(BatchingScheduler.scala:47)
	at monix.execution.schedulers.AsyncScheduler.execute(AsyncScheduler.scala:31)
	at monix.eval.internal.TaskRestartCallback.onSuccess(TaskRestartCallback.scala:72)
	at monix.eval.internal.TaskParSequence$Register.$anonfun$apply$2(TaskParSequence.scala:113)
	at java.util.concurrent.ForkJoinTask$RunnableExecuteAction.exec(ForkJoinTask.java:1402)
	at java.util.concurrent.ForkJoinTask.doExec(ForkJoinTask.java:289)
	at java.util.concurrent.ForkJoinPool$WorkQueue.runTask(ForkJoinPool.java:1056)
	at java.util.concurrent.ForkJoinPool.runWorker(ForkJoinPool.java:1692)
	at java.util.concurrent.ForkJoinWorkerThread.run(ForkJoinWorkerThread.java:157)

2021.01.14 07:26:21:805 [INFO ] provingground.learning.StrategicProvers.concurrentTargetChomper:275:30 - proved 7 results
2021.01.14 07:26:21:806 [INFO ] provingground.learning.StrategicProvers.concurrentTargetChomper:276:53 - failed to prove ((`@a : 𝒰 _0 ) ~> ((`@b : 𝒰 _0 ) ~> ((`@a) → (`@b)))) → (𝒰 _0)
2021.01.14 07:26:21:806 [INFO ] provingground.learning.StrategicProvers.concurrentTargetChomper:277:30 - remaining 73 groups to prove/disprove
2021.01.14 07:26:22:586 [INFO ] provingground.learning.StrategicProvers.concurrentTargetChomper:260:26 - seeking result for group ((`@a : 𝒰 _0 ) ~> ((𝒰 _0) → ((𝒰 _0) → (`@a)))) → (𝒰 _0) ; ((`@a : 𝒰 _0 ) ~> ((`@b : 𝒰 _0 ) ~> ((`@b) → (`@a)))) → (𝒰 _0) ; ((`@a : 𝒰 _0 ) ~> ((`@a) → ((𝒰 _0) → (`@a)))) → (𝒰 _0) ; ((`@a : 𝒰 _0 ) ~> ((((`@a) → (𝒰 _0)) , (𝒰 _0)))) → (𝒰 _0) ; ((𝒰 _0) → ((((𝒰 _0) → (𝒰 _0)) , (𝒰 _0)))) → (𝒰 _0) ; (((𝒰 _0) , (∑((`@b :  𝒰 _0) ↦ (`@b))))) → (𝒰 _0) ; (((((𝒰 _0) , (𝒰 _0))) , (((𝒰 _0) , (𝒰 _0))))) → (𝒰 _0) ; ((((𝒰 _0) → (𝒰 _0)) , ((`@a : 𝒰 _0 ) ~> (`@a)))) → (𝒰 _0)
2021.01.14 07:38:38:588 [ERROR] provingground.learning.StrategicProvers.$anonfun.applyOrElse:266:37 - java.util.concurrent.TimeoutException: Task timed-out after 12 minutes of inactivity
	at monix.eval.Task.timeout(Task.scala:2295)
	at provingground.learning.GenMonixFiniteDistributionEq.$anonfun$varDist$4(MonixFiniteDistributionEq.scala:154)
	at scala.Option.getOrElse(Option.scala:201)
	at provingground.learning.GenMonixFiniteDistributionEq.varDist(MonixFiniteDistributionEq.scala:148)
	at provingground.learning.LocalProver.varDistEqs(LocalProver.scala:254)
	at provingground.learning.StrategicProvers$.seekTyp(StrategicProvers.scala:96)
	at provingground.learning.StrategicProvers$.solveTyp(StrategicProvers.scala:111)
	at provingground.learning.StrategicProvers$.$anonfun$concurrentTargetChomper$2(StrategicProvers.scala:263)
	at scala.collection.immutable.Vector1.map(Vector.scala:1886)
	at scala.collection.immutable.Vector1.map(Vector.scala:375)
	at provingground.learning.StrategicProvers$.concurrentTargetChomper(StrategicProvers.scala:262)
	at provingground.learning.StrategicProvers$.$anonfun$concurrentTargetChomper$5(StrategicProvers.scala:287)
	at monix.eval.internal.TaskRunLoop$.startFull(TaskRunLoop.scala:170)
	at monix.eval.internal.TaskRestartCallback.syncOnSuccess(TaskRestartCallback.scala:101)
	at monix.eval.internal.TaskRestartCallback$$anon$1.run(TaskRestartCallback.scala:118)
	at monix.execution.internal.Trampoline.monix$execution$internal$Trampoline$$immediateLoop(Trampoline.scala:66)
	at monix.execution.internal.Trampoline.startLoop(Trampoline.scala:32)
	at monix.execution.schedulers.TrampolineExecutionContext$JVMNormalTrampoline.super$startLoop(TrampolineExecutionContext.scala:142)
	at monix.execution.schedulers.TrampolineExecutionContext$JVMNormalTrampoline.$anonfun$startLoop$1(TrampolineExecutionContext.scala:142)
	at scala.runtime.java8.JFunction0$mcV$sp.apply(JFunction0$mcV$sp.scala:18)
	at scala.concurrent.BlockContext$.withBlockContext(BlockContext.scala:94)
	at monix.execution.schedulers.TrampolineExecutionContext$JVMNormalTrampoline.startLoop(TrampolineExecutionContext.scala:142)
	at monix.execution.internal.Trampoline.execute(Trampoline.scala:40)
	at monix.execution.schedulers.TrampolineExecutionContext.execute(TrampolineExecutionContext.scala:57)
	at monix.execution.schedulers.BatchingScheduler.execute(BatchingScheduler.scala:50)
	at monix.execution.schedulers.BatchingScheduler.execute$(BatchingScheduler.scala:47)
	at monix.execution.schedulers.AsyncScheduler.execute(AsyncScheduler.scala:31)
	at monix.eval.internal.TaskRestartCallback.onSuccess(TaskRestartCallback.scala:72)
	at monix.eval.internal.TaskParSequence$Register.$anonfun$apply$2(TaskParSequence.scala:113)
	at java.util.concurrent.ForkJoinTask$RunnableExecuteAction.exec(ForkJoinTask.java:1402)
	at java.util.concurrent.ForkJoinTask.doExec(ForkJoinTask.java:289)
	at java.util.concurrent.ForkJoinPool$WorkQueue.runTask(ForkJoinPool.java:1056)
	at java.util.concurrent.ForkJoinPool.runWorker(ForkJoinPool.java:1692)
	at java.util.concurrent.ForkJoinWorkerThread.run(ForkJoinWorkerThread.java:157)

2021.01.14 07:39:45:204 [INFO ] provingground.learning.StrategicProvers.concurrentTargetChomper:275:30 - proved 7 results
2021.01.14 07:39:45:206 [INFO ] provingground.learning.StrategicProvers.concurrentTargetChomper:276:53 - failed to prove ((`@a : 𝒰 _0 ) ~> ((`@b : 𝒰 _0 ) ~> ((`@b) → (`@a)))) → (𝒰 _0)
2021.01.14 07:39:45:207 [INFO ] provingground.learning.StrategicProvers.concurrentTargetChomper:277:30 - remaining 72 groups to prove/disprove
2021.01.14 07:39:45:420 [INFO ] provingground.learning.StrategicProvers.concurrentTargetChomper:260:26 - seeking result for group ((`@a : (𝒰 _0) → (𝒰 _0) ) ~> ((`@a : 𝒰 _0 ) ~> ((`@a) (`@a)))) → (𝒰 _0) ; ((((`@a : 𝒰 _0 ) ~> (`@a)) , ((𝒰 _0) → (𝒰 _0)))) → (𝒰 _0) ; (((𝒰 _0) , ((((𝒰 _0) → (𝒰 _0)) , (𝒰 _0))))) → (𝒰 _0) ; (((((𝒰 _0) , (𝒰 _0))) , ((`@a : 𝒰 _0 ) ~> (`@a)))) → (𝒰 _0) ; ((𝒰 _0) → (((𝒰 _0) , (𝒰 _0)))) → (𝒰 _0) ; (((𝒰 _0) → (𝒰 _0)) → (((𝒰 _0) , (𝒰 _0)))) → (𝒰 _0) ; ((((𝒰 _0) , (𝒰 _0))) → (((𝒰 _0) , (𝒰 _0)))) → (𝒰 _0) ; ((∑((`@a :  𝒰 _0) ↦ (`@a))) → (((𝒰 _0) , (𝒰 _0)))) → (𝒰 _0)
2021.01.14 07:40:46:045 [INFO ] provingground.learning.StrategicProvers.concurrentTargetChomper:275:30 - proved 8 results
2021.01.14 07:40:46:046 [INFO ] provingground.learning.StrategicProvers.concurrentTargetChomper:277:30 - remaining 71 groups to prove/disprove
2021.01.14 07:40:46:152 [INFO ] provingground.learning.StrategicProvers.concurrentTargetChomper:260:26 - seeking result for group ((((𝒰 _0) → (𝒰 _0)) → (𝒰 _0)) → (((𝒰 _0) , (𝒰 _0)))) → (𝒰 _0) ; (((`@a : 𝒰 _0 ) ~> (`@a)) → (((𝒰 _0) , (𝒰 _0)))) → (𝒰 _0) ; ((𝒰 _0) → (((𝒰 _0) → (𝒰 _0)) → (𝒰 _0))) → (𝒰 _0) ; (((𝒰 _0) → (𝒰 _0)) → ((𝒰 _0) → (𝒰 _0))) → (𝒰 _0) ; ((((𝒰 _0) , (𝒰 _0))) → ((𝒰 _0) → (𝒰 _0))) → (𝒰 _0) ; ((𝒰 _0) → ((((𝒰 _0) , (𝒰 _0))) → (𝒰 _0))) → (𝒰 _0) ; ((𝒰 _0) → (((`@b : 𝒰 _0 ) ~> (`@b)) → (𝒰 _0))) → (𝒰 _0) ; ((`@a : 𝒰 _0 ) ~> ((((𝒰 _0) , (`@a))) → (𝒰 _0))) → (𝒰 _0)
2021.01.14 07:42:03:448 [INFO ] provingground.learning.StrategicProvers.concurrentTargetChomper:275:30 - proved 8 results
2021.01.14 07:42:03:448 [INFO ] provingground.learning.StrategicProvers.concurrentTargetChomper:277:30 - remaining 70 groups to prove/disprove
2021.01.14 07:42:03:522 [INFO ] provingground.learning.StrategicProvers.concurrentTargetChomper:260:26 - seeking result for group ((`@a : 𝒰 _0 ) ~> ((((`@a) , (𝒰 _0))) → (𝒰 _0))) → (𝒰 _0) ; ((`@a : 𝒰 _0 ) ~> (((`@a) → (𝒰 _0)) → (𝒰 _0))) → (𝒰 _0) ; ((`@a : 𝒰 _0 ) ~> (((`@a) → (`@a)) → (𝒰 _0))) → (𝒰 _0) ; ((`@a : 𝒰 _0 ) ~> (((𝒰 _0) → (`@a)) → (𝒰 _0))) → (𝒰 _0) ; ((𝒰 _0) → ((∑((`@b :  𝒰 _0) ↦ (`@b))) → (𝒰 _0))) → (𝒰 _0) ; ((`@a : 𝒰 _0 ) ~> ((((`@a) , (`@a))) → (𝒰 _0))) → (𝒰 _0) ; ((∑((`@a :  𝒰 _0) ↦ (`@a))) → ((𝒰 _0) → (𝒰 _0))) → (𝒰 _0) ; (((𝒰 _0) → (𝒰 _0)) → (((𝒰 _0) → (𝒰 _0)) → (𝒰 _0))) → (𝒰 _0)
2021.01.14 07:50:33:958 [INFO ] provingground.learning.StrategicProvers.concurrentTargetChomper:275:30 - proved 8 results
2021.01.14 07:50:33:958 [INFO ] provingground.learning.StrategicProvers.concurrentTargetChomper:277:30 - remaining 69 groups to prove/disprove
2021.01.14 07:50:34:276 [INFO ] provingground.learning.StrategicProvers.concurrentTargetChomper:260:26 - seeking result for group (((((𝒰 _0) , (𝒰 _0))) → (𝒰 _0)) → ((𝒰 _0) → (𝒰 _0))) → (𝒰 _0) ; ((((𝒰 _0) → (𝒰 _0)) → (𝒰 _0)) → ((𝒰 _0) → (𝒰 _0))) → (𝒰 _0) ; ((((`@a : 𝒰 _0 ) ~> (`@a)) → (𝒰 _0)) → ((𝒰 _0) → (𝒰 _0))) → (𝒰 _0) ; (((`@a : 𝒰 _0 ) ~> (`@a)) → ((𝒰 _0) → (𝒰 _0))) → (𝒰 _0) ; (((𝒰 _0) → ((𝒰 _0) → (𝒰 _0))) → ((𝒰 _0) → (𝒰 _0))) → (𝒰 _0) ; (((((𝒰 _0) → (𝒰 _0)) , (𝒰 _0))) → ((𝒰 _0) → (𝒰 _0))) → (𝒰 _0) ; ((𝒰 _0) → (∑((`@b :  𝒰 _0) ↦ ((`@b) → (𝒰 _0))))) → (𝒰 _0) ; ((`@a : 𝒰 _0 ) ~> (((𝒰 _0) , ((`@a) → (𝒰 _0))))) → (𝒰 _0)
2021.01.14 07:52:06:440 [INFO ] provingground.learning.StrategicProvers.concurrentTargetChomper:275:30 - proved 8 results
2021.01.14 07:52:06:441 [INFO ] provingground.learning.StrategicProvers.concurrentTargetChomper:277:30 - remaining 68 groups to prove/disprove
2021.01.14 07:52:06:636 [INFO ] provingground.learning.StrategicProvers.concurrentTargetChomper:260:26 - seeking result for group ((𝒰 _0) → (((𝒰 _0) , ((𝒰 _0) → (𝒰 _0))))) → (𝒰 _0) ; ((`@a : 𝒰 _0 ) ~> ((((`@a) → (𝒰 _0)) , (`@a)))) → (𝒰 _0) ; ((`@a : 𝒰 _0 ) ~> ((((𝒰 _0) → (𝒰 _0)) , (`@a)))) → (𝒰 _0) ; (((𝒰 _0) , ((𝒰 _0) → ((`@c : 𝒰 _0 ) ~> (`@c))))) → (𝒰 _0) ; (((𝒰 _0) , ((`@b : 𝒰 _0 ) ~> ((𝒰 _0) → (`@b))))) → (𝒰 _0) ; (((𝒰 _0) , ((𝒰 _0) → ((𝒰 _0) → (𝒰 _0))))) → (𝒰 _0) ; (((𝒰 _0) , ((`@b : 𝒰 _0 ) ~> ((`@b) → (𝒰 _0))))) → (𝒰 _0) ; (∑((`@a :  𝒰 _0) ↦ (((`@a) , (𝒰 _0))))) → (𝒰 _0)
2021.01.14 07:52:57:417 [INFO ] provingground.learning.StrategicProvers.concurrentTargetChomper:275:30 - proved 8 results
2021.01.14 07:52:57:417 [INFO ] provingground.learning.StrategicProvers.concurrentTargetChomper:277:30 - remaining 67 groups to prove/disprove
2021.01.14 07:52:57:641 [INFO ] provingground.learning.StrategicProvers.concurrentTargetChomper:260:26 - seeking result for group (((𝒰 _0) , ((`@b : 𝒰 _0 ) ~> (`@b)))) → (𝒰 _0) ; (((𝒰 _0) , (((𝒰 _0) , (𝒰 _0))))) → (𝒰 _0) ; ((𝒰 _0) → ((𝒰 _0) → (∑((`@c :  𝒰 _0) ↦ (`@c))))) → (𝒰 _0) ; (∑((`@a :  𝒰 _0) ↦ ((((`@a) → (𝒰 _0)) , (𝒰 _0))))) → (𝒰 _0) ; (((𝒰 _0) , (((((𝒰 _0) , (𝒰 _0))) , (𝒰 _0))))) → (𝒰 _0) ; (((𝒰 _0) , ((((`@b : 𝒰 _0 ) ~> (`@b)) , (𝒰 _0))))) → (𝒰 _0) ; ((`@a : 𝒰 _0 ) ~> (((𝒰 _0) , (`@a)))) → (𝒰 _0) ; ((𝒰 _0) → ((((`@b : 𝒰 _0 ) ~> (`@b)) , (𝒰 _0)))) → (𝒰 _0)
2021.01.14 07:53:45:909 [INFO ] provingground.learning.StrategicProvers.concurrentTargetChomper:275:30 - proved 8 results
2021.01.14 07:53:45:910 [INFO ] provingground.learning.StrategicProvers.concurrentTargetChomper:277:30 - remaining 66 groups to prove/disprove
2021.01.14 07:53:46:181 [INFO ] provingground.learning.StrategicProvers.concurrentTargetChomper:260:26 - seeking result for group ((`@a : 𝒰 _0 ) ~> ((((`@a) → (`@a)) , (𝒰 _0)))) → (𝒰 _0) ; ((`@a : 𝒰 _0 ) ~> ((((𝒰 _0) → (`@a)) , (𝒰 _0)))) → (𝒰 _0) ; ((𝒰 _0) → (∑((`@b :  𝒰 _0) ↦ ((𝒰 _0) → (`@b))))) → (𝒰 _0) ; ((𝒰 _0) → (∑((`@b :  𝒰 _0) ↦ ((`@b) → (`@b))))) → (𝒰 _0) ; ((`@a : 𝒰 _0 ) ~> (((`@a) , ((𝒰 _0) → (𝒰 _0))))) → (𝒰 _0) ; (∑((`@a :  𝒰 _0) ↦ ((𝒰 _0) → ((`@a) → (𝒰 _0))))) → (𝒰 _0) ; (∑((`@a :  𝒰 _0) ↦ ((`@a) → ((𝒰 _0) → (𝒰 _0))))) → (𝒰 _0) ; (((𝒰 _0) , ((𝒰 _0) → (𝒰 _0)))) → (𝒰 _0)
2021.01.14 07:54:30:898 [INFO ] provingground.learning.StrategicProvers.concurrentTargetChomper:275:30 - proved 8 results
2021.01.14 07:54:30:899 [INFO ] provingground.learning.StrategicProvers.concurrentTargetChomper:277:30 - remaining 65 groups to prove/disprove
2021.01.14 07:54:31:375 [INFO ] provingground.learning.StrategicProvers.concurrentTargetChomper:260:26 - seeking result for group (((𝒰 _0) , ((((𝒰 _0) , (𝒰 _0))) → (𝒰 _0)))) → (𝒰 _0) ; (((𝒰 _0) , (((`@b : 𝒰 _0 ) ~> (`@b)) → (𝒰 _0)))) → (𝒰 _0) ; (((𝒰 _0) , (((𝒰 _0) → (𝒰 _0)) → (𝒰 _0)))) → (𝒰 _0) ; (((𝒰 _0) , ((∑((`@b :  𝒰 _0) ↦ (`@b))) → (𝒰 _0)))) → (𝒰 _0) ; ((`@a : 𝒰 _0 ) ~> ((𝒰 _0) → (((`@a) , (𝒰 _0))))) → (𝒰 _0) ; ((𝒰 _0) → ((`@b : 𝒰 _0 ) ~> (((`@b) , (𝒰 _0))))) → (𝒰 _0) ; (∑((`@a :  𝒰 _0) ↦ (((𝒰 _0) , (`@a))))) → (𝒰 _0) ; ((`@a : 𝒰 _0 ) ~> ((𝒰 _0) → ((`@a) → (𝒰 _0)))) → (𝒰 _0)
2021.01.14 07:55:37:396 [INFO ] provingground.learning.StrategicProvers.concurrentTargetChomper:275:30 - proved 8 results
2021.01.14 07:55:37:396 [INFO ] provingground.learning.StrategicProvers.concurrentTargetChomper:277:30 - remaining 64 groups to prove/disprove
2021.01.14 07:55:37:704 [INFO ] provingground.learning.StrategicProvers.concurrentTargetChomper:260:26 - seeking result for group ((𝒰 _0) → ((𝒰 _0) → ((𝒰 _0) → (𝒰 _0)))) → (𝒰 _0) ; ((𝒰 _0) → ((`@b : 𝒰 _0 ) ~> ((`@b) → (𝒰 _0)))) → (𝒰 _0) ; ((`@a : 𝒰 _0 ) ~> ((`@a) → ((`@a) → (𝒰 _0)))) → (𝒰 _0) ; ((`@a : 𝒰 _0 ) ~> ((`@a) → ((𝒰 _0) → (𝒰 _0)))) → (𝒰 _0) ; (𝒰 _0) → ((`@a : 𝒰 _0 ) ~> (`@a)) ; (`@a : 𝒰 _0 ) ~> ((𝒰 _0) → (`@a)) ; ((𝒰 _0) → (𝒰 _0)) → ((`@a : 𝒰 _0 ) ~> (`@a)) ; (((𝒰 _0) , (𝒰 _0))) → ((`@a : 𝒰 _0 ) ~> (`@a))
2021.01.14 07:57:42:698 [INFO ] provingground.learning.StrategicProvers.concurrentTargetChomper:275:30 - proved 8 results
2021.01.14 07:57:42:699 [INFO ] provingground.learning.StrategicProvers.concurrentTargetChomper:277:30 - remaining 63 groups to prove/disprove
2021.01.14 07:57:42:820 [INFO ] provingground.learning.StrategicProvers.concurrentTargetChomper:260:26 - seeking result for group (∑((`@a :  𝒰 _0) ↦ (`@a))) → ((`@a : 𝒰 _0 ) ~> (`@a)) ; (((`@a : 𝒰 _0 ) ~> (`@a)) → (𝒰 _0)) → ((`@a : 𝒰 _0 ) ~> (`@a)) ; ((`@a : 𝒰 _0 ) ~> ((`@a) → (𝒰 _0))) → ((`@a : 𝒰 _0 ) ~> (`@a)) ; ((`@a : 𝒰 _0 ) ~> ((𝒰 _0) → (`@a))) → ((`@a : 𝒰 _0 ) ~> (`@a)) ; ((𝒰 _0) → (∑((`@b :  𝒰 _0) ↦ (`@b)))) → ((`@a : 𝒰 _0 ) ~> (`@a)) ; ((((𝒰 _0) , (𝒰 _0))) → (𝒰 _0)) → ((`@a : 𝒰 _0 ) ~> (`@a)) ; ((∑((`@a :  𝒰 _0) ↦ (`@a))) → (𝒰 _0)) → ((`@a : 𝒰 _0 ) ~> (`@a)) ; (((𝒰 _0) → (𝒰 _0)) → (𝒰 _0)) → ((`@a : 𝒰 _0 ) ~> (`@a))
2021.01.14 08:00:16:884 [INFO ] provingground.learning.StrategicProvers.concurrentTargetChomper:275:30 - proved 8 results
2021.01.14 08:00:16:884 [INFO ] provingground.learning.StrategicProvers.concurrentTargetChomper:277:30 - remaining 62 groups to prove/disprove
2021.01.14 08:00:17:154 [INFO ] provingground.learning.StrategicProvers.concurrentTargetChomper:260:26 - seeking result for group ((𝒰 _0) → (((𝒰 _0) , (𝒰 _0)))) → ((`@a : 𝒰 _0 ) ~> (`@a)) ; (((𝒰 _0) , (((𝒰 _0) , (𝒰 _0))))) → ((`@a : 𝒰 _0 ) ~> (`@a)) ; ((𝒰 _0) → ((𝒰 _0) → (𝒰 _0))) → ((`@a : 𝒰 _0 ) ~> (`@a)) ; (((𝒰 _0) , ((𝒰 _0) → (𝒰 _0)))) → ((`@a : 𝒰 _0 ) ~> (`@a)) ; (((((𝒰 _0) , (𝒰 _0))) , (𝒰 _0))) → ((`@a : 𝒰 _0 ) ~> (`@a)) ; ((((`@a : 𝒰 _0 ) ~> (`@a)) , (𝒰 _0))) → ((`@a : 𝒰 _0 ) ~> (`@a)) ; ((((𝒰 _0) → (𝒰 _0)) , (𝒰 _0))) → ((`@a : 𝒰 _0 ) ~> (`@a)) ; (((𝒰 _0) , ((`@b : 𝒰 _0 ) ~> (`@b)))) → ((`@a : 𝒰 _0 ) ~> (`@a))
2021.01.14 08:02:32:169 [INFO ] provingground.learning.StrategicProvers.concurrentTargetChomper:275:30 - proved 8 results
2021.01.14 08:02:32:170 [INFO ] provingground.learning.StrategicProvers.concurrentTargetChomper:277:30 - remaining 61 groups to prove/disprove
2021.01.14 08:02:32:280 [INFO ] provingground.learning.StrategicProvers.concurrentTargetChomper:260:26 - seeking result for group (∑((`@a :  𝒰 _0) ↦ ((`@a) → (𝒰 _0)))) → ((`@a : 𝒰 _0 ) ~> (`@a)) ; ((`@a : 𝒰 _0 ) ~> (((`@a) , (𝒰 _0)))) → ((`@a : 𝒰 _0 ) ~> (`@a)) ; (`@a : (`@a : 𝒰 _0 ) ~> (`@a) ) ~> ((`@a) (𝒰 _0)) ; (𝒰 _0) → (∑((`@c :  𝒰 _0) ↦ (`@c))) ; ((𝒰 _0) → (𝒰 _0)) → (∑((`@a :  𝒰 _0) ↦ (`@a))) ; ((`@a : 𝒰 _0 ) ~> (`@a)) → (∑((`@a :  𝒰 _0) ↦ (`@a))) ; (((𝒰 _0) , (𝒰 _0))) → (∑((`@a :  𝒰 _0) ↦ (`@a))) ; ((((𝒰 _0) , (𝒰 _0))) → (𝒰 _0)) → (∑((`@a :  𝒰 _0) ↦ (`@a)))
2021.01.14 08:03:59:685 [INFO ] provingground.learning.StrategicProvers.concurrentTargetChomper:275:30 - proved 6 results
2021.01.14 08:03:59:685 [INFO ] provingground.learning.StrategicProvers.concurrentTargetChomper:276:53 - failed to prove ((`@a : 𝒰 _0 ) ~> (((`@a) , (𝒰 _0)))) → ((`@a : 𝒰 _0 ) ~> (`@a))
((𝒰 _0) → (𝒰 _0)) → (∑((`@a :  𝒰 _0) ↦ (`@a)))
2021.01.14 08:03:59:685 [INFO ] provingground.learning.StrategicProvers.concurrentTargetChomper:277:30 - remaining 60 groups to prove/disprove
2021.01.14 08:03:59:760 [INFO ] provingground.learning.StrategicProvers.concurrentTargetChomper:260:26 - seeking result for group (((𝒰 _0) → (𝒰 _0)) → (𝒰 _0)) → (∑((`@a :  𝒰 _0) ↦ (`@a))) ; (((`@a : 𝒰 _0 ) ~> (`@a)) → (𝒰 _0)) → (∑((`@a :  𝒰 _0) ↦ (`@a))) ; ((𝒰 _0) → ((𝒰 _0) → (𝒰 _0))) → (∑((`@a :  𝒰 _0) ↦ (`@a))) ; ((((𝒰 _0) → (𝒰 _0)) , (𝒰 _0))) → (∑((`@a :  𝒰 _0) ↦ (`@a))) ; (𝒰 _0) → (((`@b : 𝒰 _0 ) ~> (((𝒰 _0) , (`@b)))) → (𝒰 _0)) ; (𝒰 _0) → ((((∑((`@b :  𝒰 _0) ↦ (`@b))) , (𝒰 _0))) → (𝒰 _0)) ; (𝒰 _0) → ((∑((`@b :  𝒰 _0) ↦ ((𝒰 _0) → (`@b)))) → (𝒰 _0)) ; ((((`@a : 𝒰 _0 ) ~> (`@a)) → (𝒰 _0)) → (𝒰 _0)) → ((𝒰 _0) → (𝒰 _0))
2021.01.14 08:05:17:964 [INFO ] provingground.learning.StrategicProvers.concurrentTargetChomper:275:30 - proved 8 results
2021.01.14 08:05:17:965 [INFO ] provingground.learning.StrategicProvers.concurrentTargetChomper:277:30 - remaining 59 groups to prove/disprove
2021.01.14 08:05:18:127 [INFO ] provingground.learning.StrategicProvers.concurrentTargetChomper:260:26 - seeking result for group ((`@a : 𝒰 _0 ) ~> (`@a)) → (((`@a : 𝒰 _0 ) ~> (`@a)) → (𝒰 _0)) ; ((`@a : 𝒰 _0 ) ~> (`@a)) → ((∑((`@a :  𝒰 _0) ↦ (`@a))) → (𝒰 _0)) ; ((`@a : 𝒰 _0 ) ~> (`@a)) → (((𝒰 _0) → (𝒰 _0)) → (𝒰 _0)) ; ((`@a : 𝒰 _0 ) ~> (`@a)) → ((((𝒰 _0) , (𝒰 _0))) → (𝒰 _0)) ; (∑((`@a :  𝒰 _0) ↦ (`@a))) → (((`@a : 𝒰 _0 ) ~> (`@a)) → (𝒰 _0)) ; (∑((`@a :  𝒰 _0) ↦ (`@a))) → (((𝒰 _0) → (𝒰 _0)) → (𝒰 _0)) ; (∑((`@a :  𝒰 _0) ↦ (`@a))) → ((((𝒰 _0) , (𝒰 _0))) → (𝒰 _0)) ; (((𝒰 _0) , (𝒰 _0))) → (((`@a : 𝒰 _0 ) ~> (`@a)) → (𝒰 _0))
2021.01.14 08:06:22:662 [INFO ] provingground.learning.StrategicProvers.concurrentTargetChomper:275:30 - proved 8 results
2021.01.14 08:06:22:663 [INFO ] provingground.learning.StrategicProvers.concurrentTargetChomper:277:30 - remaining 58 groups to prove/disprove
2021.01.14 08:06:23:468 [INFO ] provingground.learning.StrategicProvers.concurrentTargetChomper:260:26 - seeking result for group ((𝒰 _0) → (𝒰 _0)) → (((`@a : 𝒰 _0 ) ~> (`@a)) → (𝒰 _0)) ; ((𝒰 _0) → (𝒰 _0)) → ((∑((`@a :  𝒰 _0) ↦ (`@a))) → (𝒰 _0)) ; (((𝒰 _0) , (𝒰 _0))) → ((∑((`@a :  𝒰 _0) ↦ (`@a))) → (𝒰 _0)) ; (((𝒰 _0) , (𝒰 _0))) → (((𝒰 _0) → (𝒰 _0)) → (𝒰 _0)) ; ((𝒰 _0) → (𝒰 _0)) → ((((𝒰 _0) → (𝒰 _0)) → (𝒰 _0)) → (𝒰 _0)) ; (((𝒰 _0) , (𝒰 _0))) → ((((𝒰 _0) , (𝒰 _0))) → (𝒰 _0)) ; ((𝒰 _0) → (𝒰 _0)) → ((((𝒰 _0) , (𝒰 _0))) → (𝒰 _0)) ; (`@a : 𝒰 _0 ) ~> (((`@b : 𝒰 _0 ) ~> ((`@b) → (`@a))) → (𝒰 _0))
2021.01.14 08:07:47:143 [INFO ] provingground.learning.StrategicProvers.concurrentTargetChomper:275:30 - proved 8 results
2021.01.14 08:07:47:143 [INFO ] provingground.learning.StrategicProvers.concurrentTargetChomper:277:30 - remaining 57 groups to prove/disprove
2021.01.14 08:07:48:097 [INFO ] provingground.learning.StrategicProvers.concurrentTargetChomper:260:26 - seeking result for group (`@a : 𝒰 _0 ) ~> (((𝒰 _0) → ((𝒰 _0) → (`@a))) → (𝒰 _0)) ; (`@a : 𝒰 _0 ) ~> (((∑((`@b :  𝒰 _0) ↦ (`@b))) → (`@a)) → (𝒰 _0)) ; (`@a : 𝒰 _0 ) ~> ((((𝒰 _0) , ((`@a) → (𝒰 _0)))) → (𝒰 _0)) ; (`@a : 𝒰 _0 ) ~> (((((`@a) → (𝒰 _0)) , (`@a))) → (𝒰 _0)) ; (`@a : 𝒰 _0 ) ~> (((((`@a) , (𝒰 _0))) → (`@a)) → (𝒰 _0)) ; (`@a : 𝒰 _0 ) ~> (((`@b : 𝒰 _0 ) ~> ((`@a) → (`@b))) → (𝒰 _0)) ; (`@a : 𝒰 _0 ) ~> (((`@a) → ((𝒰 _0) → (`@a))) → (𝒰 _0)) ; (`@a : 𝒰 _0 ) ~> ((((((`@a) , (𝒰 _0))) , (𝒰 _0))) → (𝒰 _0))
2021.01.14 08:08:39:791 [INFO ] provingground.learning.StrategicProvers.concurrentTargetChomper:275:30 - proved 8 results
2021.01.14 08:08:39:792 [INFO ] provingground.learning.StrategicProvers.concurrentTargetChomper:277:30 - remaining 56 groups to prove/disprove
2021.01.14 08:08:41:988 [INFO ] provingground.learning.StrategicProvers.concurrentTargetChomper:260:26 - seeking result for group (`@a : 𝒰 _0 ) ~> ((((`@a) , ((`@b : 𝒰 _0 ) ~> (`@b)))) → (𝒰 _0)) ; (`@a : 𝒰 _0 ) ~> (((((`@a) , (`@a))) → (𝒰 _0)) → (𝒰 _0)) ; (`@a : 𝒰 _0 ) ~> (((((`@a) → (`@a)) , (𝒰 _0))) → (𝒰 _0)) ; (`@a : 𝒰 _0 ) ~> (((𝒰 _0) → (((`@a) , (𝒰 _0)))) → (𝒰 _0)) ; (`@a : 𝒰 _0 ) ~> (((((`@b : 𝒰 _0 ) ~> (`@b)) , (`@a))) → (𝒰 _0)) ; (`@a : (𝒰 _0) → (𝒰 _0) ) ~> (((`@a : 𝒰 _0 ) ~> ((`@a) (`@a))) → (𝒰 _0)) ; (`@a : 𝒰 _0 ) ~> ((∑((`@b :  𝒰 _0) ↦ (`@b))) → (`@a)) ; (`@a : 𝒰 _0 ) ~> (((𝒰 _0) → (𝒰 _0)) → (`@a))
2021.01.14 08:09:53:490 [INFO ] provingground.learning.StrategicProvers.concurrentTargetChomper:275:30 - proved 8 results
2021.01.14 08:09:53:491 [INFO ] provingground.learning.StrategicProvers.concurrentTargetChomper:277:30 - remaining 55 groups to prove/disprove
2021.01.14 08:09:55:831 [INFO ] provingground.learning.StrategicProvers.concurrentTargetChomper:260:26 - seeking result for group (`@a : 𝒰 _0 ) ~> ((((`@b : 𝒰 _0 ) ~> (`@b)) → (𝒰 _0)) → (`@a)) ; (`@a : 𝒰 _0 ) ~> (((((`@a) → (𝒰 _0)) , (𝒰 _0))) → (`@a)) ; (`@a : 𝒰 _0 ) ~> (((`@b : 𝒰 _0 ) ~> ((`@b) → (𝒰 _0))) → (`@a)) ; (`@a : 𝒰 _0 ) ~> ((((𝒰 _0) , (𝒰 _0))) → (`@a)) ; (`@a : 𝒰 _0 ) ~> (((∑((`@b :  𝒰 _0) ↦ (`@b))) → (𝒰 _0)) → (`@a)) ; (`@a : 𝒰 _0 ) ~> ((((𝒰 _0) , (`@a))) → (`@a)) ; (`@a : 𝒰 _0 ) ~> (((((𝒰 _0) → (𝒰 _0)) , (𝒰 _0))) → (`@a)) ; (`@a : 𝒰 _0 ) ~> (((𝒰 _0) → ((`@c : 𝒰 _0 ) ~> (`@c))) → (`@a))
2021.01.14 08:11:39:645 [INFO ] provingground.learning.StrategicProvers.concurrentTargetChomper:275:30 - proved 8 results
2021.01.14 08:11:39:646 [INFO ] provingground.learning.StrategicProvers.concurrentTargetChomper:277:30 - remaining 54 groups to prove/disprove
2021.01.14 08:11:40:248 [INFO ] provingground.learning.StrategicProvers.concurrentTargetChomper:260:26 - seeking result for group (`@a : 𝒰 _0 ) ~> (((`@b : 𝒰 _0 ) ~> ((𝒰 _0) → (`@b))) → (`@a)) ; (`@a : 𝒰 _0 ) ~> ((((`@a) , (`@a))) → (`@a)) ; (`@a : 𝒰 _0 ) ~> (((𝒰 _0) → ((𝒰 _0) → (𝒰 _0))) → (`@a)) ; (`@a : 𝒰 _0 ) ~> (((((𝒰 _0) , (𝒰 _0))) → (𝒰 _0)) → (`@a)) ; (`@a : 𝒰 _0 ) ~> (((`@a) → ((𝒰 _0) → (𝒰 _0))) → (`@a)) ; (`@a : 𝒰 _0 ) ~> (((((`@a) , (𝒰 _0))) → (𝒰 _0)) → (`@a)) ; (`@a : 𝒰 _0 ) ~> ((((𝒰 _0) → (𝒰 _0)) → (`@a)) → (`@a)) ; (`@a : 𝒰 _0 ) ~> ((((`@a) → (𝒰 _0)) → (𝒰 _0)) → (`@a))
2021.01.14 08:13:14:347 [INFO ] provingground.learning.StrategicProvers.concurrentTargetChomper:275:30 - proved 8 results
2021.01.14 08:13:14:348 [INFO ] provingground.learning.StrategicProvers.concurrentTargetChomper:277:30 - remaining 53 groups to prove/disprove
2021.01.14 08:13:16:292 [INFO ] provingground.learning.StrategicProvers.concurrentTargetChomper:260:26 - seeking result for group (`@a : 𝒰 _0 ) ~> (((`@a) → (𝒰 _0)) → (`@a)) ; (`@a : 𝒰 _0 ) ~> ((((𝒰 _0) → (`@a)) → (𝒰 _0)) → (`@a)) ; (`@a : 𝒰 _0 ) ~> (((`@a) → (`@a)) → (`@a)) ; (`@a : 𝒰 _0 ) ~> ((((`@a) → (𝒰 _0)) → (`@a)) → (`@a)) ; (`@a : 𝒰 _0 ) ~> ((((`@a) , (𝒰 _0))) → (`@a)) ; (`@a : 𝒰 _0 ) ~> ((((((𝒰 _0) , (𝒰 _0))) , (𝒰 _0))) → (`@a)) ; (`@a : 𝒰 _0 ) ~> ((((`@a) → (`@a)) → (𝒰 _0)) → (`@a)) ; (`@a : 𝒰 _0 ) ~> (((((`@b : 𝒰 _0 ) ~> (`@b)) , (𝒰 _0))) → (`@a))
2021.01.14 08:14:47:336 [INFO ] provingground.learning.StrategicProvers.concurrentTargetChomper:275:30 - proved 8 results
2021.01.14 08:14:47:336 [INFO ] provingground.learning.StrategicProvers.concurrentTargetChomper:277:30 - remaining 52 groups to prove/disprove
2021.01.14 08:14:50:307 [INFO ] provingground.learning.StrategicProvers.concurrentTargetChomper:260:26 - seeking result for group (`@a : 𝒰 _0 ) ~> (((𝒰 _0) → ((`@a) → (𝒰 _0))) → (`@a)) ; (`@a : 𝒰 _0 ) ~> ((((𝒰 _0) → (𝒰 _0)) → (𝒰 _0)) → (`@a)) ; (`@a : 𝒰 _0 ) ~> ((((`@b : 𝒰 _0 ) ~> (`@b)) → (`@a)) → (`@a)) ; (𝒰 _0) → ((((`@b : 𝒰 _0 ) ~> (`@b)) , (𝒰 _0))) ; (𝒰 _0) → (((𝒰 _0) , (𝒰 _0))) ; (𝒰 _0) → ((((𝒰 _0) → (𝒰 _0)) , (𝒰 _0))) ; (𝒰 _0) → (((((`@b : 𝒰 _0 ) ~> (`@b)) → (𝒰 _0)) , (𝒰 _0))) ; (𝒰 _0) → ((((𝒰 _0) → ((`@c : 𝒰 _0 ) ~> (`@c))) , (𝒰 _0)))
2021.01.14 08:16:15:219 [INFO ] provingground.learning.StrategicProvers.concurrentTargetChomper:275:30 - proved 8 results
2021.01.14 08:16:15:221 [INFO ] provingground.learning.StrategicProvers.concurrentTargetChomper:277:30 - remaining 51 groups to prove/disprove
2021.01.14 08:16:17:022 [INFO ] provingground.learning.StrategicProvers.concurrentTargetChomper:260:26 - seeking result for group (𝒰 _0) → (((∑((`@b :  𝒰 _0) ↦ (`@b))) , (𝒰 _0))) ; (𝒰 _0) → ((((∑((`@b :  𝒰 _0) ↦ (`@b))) → (𝒰 _0)) , (𝒰 _0))) ; (𝒰 _0) → ((((`@b : 𝒰 _0 ) ~> ((𝒰 _0) → (`@b))) , (𝒰 _0))) ; (𝒰 _0) → ((((`@b : 𝒰 _0 ) ~> ((`@b) → (`@b))) , (𝒰 _0))) ; (𝒰 _0) → (((((𝒰 _0) , (𝒰 _0))) , (𝒰 _0))) ; (𝒰 _0) → ((((((𝒰 _0) → (𝒰 _0)) , (𝒰 _0))) , (𝒰 _0))) ; (𝒰 _0) → (((((((𝒰 _0) , (𝒰 _0))) , (𝒰 _0))) , (𝒰 _0))) ; (𝒰 _0) → ((((((`@b : 𝒰 _0 ) ~> (`@b)) , (𝒰 _0))) , (𝒰 _0)))
2021.01.14 08:17:20:599 [INFO ] provingground.learning.StrategicProvers.concurrentTargetChomper:275:30 - proved 8 results
2021.01.14 08:17:20:600 [INFO ] provingground.learning.StrategicProvers.concurrentTargetChomper:277:30 - remaining 50 groups to prove/disprove
2021.01.14 08:17:20:674 [INFO ] provingground.learning.StrategicProvers.concurrentTargetChomper:260:26 - seeking result for group (𝒰 _0) → ((((𝒰 _0) → ((𝒰 _0) → (𝒰 _0))) , (𝒰 _0))) ; (𝒰 _0) → ((((`@b : 𝒰 _0 ) ~> ((`@b) → (𝒰 _0))) , (𝒰 _0))) ; (𝒰 _0) → ((((((𝒰 _0) , (𝒰 _0))) → (𝒰 _0)) , (𝒰 _0))) ; (𝒰 _0) → (((((𝒰 _0) → (𝒰 _0)) → (𝒰 _0)) , (𝒰 _0))) ; (𝒰 _0) → (((((𝒰 _0) , ((𝒰 _0) → (𝒰 _0)))) , (𝒰 _0))) ; ((`@a : 𝒰 _0 ) ~> (`@a)) → ((((`@a : 𝒰 _0 ) ~> (`@a)) , (𝒰 _0))) ; ((`@a : 𝒰 _0 ) ~> (`@a)) → (((𝒰 _0) , (𝒰 _0))) ; ((`@a : 𝒰 _0 ) ~> (`@a)) → ((((𝒰 _0) → (𝒰 _0)) , (𝒰 _0)))
2021.01.14 08:18:09:166 [INFO ] provingground.learning.StrategicProvers.concurrentTargetChomper:275:30 - proved 8 results
2021.01.14 08:18:09:166 [INFO ] provingground.learning.StrategicProvers.concurrentTargetChomper:277:30 - remaining 49 groups to prove/disprove
2021.01.14 08:18:09:315 [INFO ] provingground.learning.StrategicProvers.concurrentTargetChomper:260:26 - seeking result for group ((`@a : 𝒰 _0 ) ~> (`@a)) → (((((𝒰 _0) , (𝒰 _0))) , (𝒰 _0))) ; (∑((`@a :  𝒰 _0) ↦ (`@a))) → (((𝒰 _0) , (𝒰 _0))) ; (∑((`@a :  𝒰 _0) ↦ (`@a))) → ((((𝒰 _0) → (𝒰 _0)) , (𝒰 _0))) ; (((𝒰 _0) , (𝒰 _0))) → ((((`@a : 𝒰 _0 ) ~> (`@a)) , (𝒰 _0))) ; ((𝒰 _0) → (𝒰 _0)) → ((((`@a : 𝒰 _0 ) ~> (`@a)) , (𝒰 _0))) ; ((𝒰 _0) → (𝒰 _0)) → (((𝒰 _0) , (𝒰 _0))) ; ((((𝒰 _0) , (𝒰 _0))) → (𝒰 _0)) → (((𝒰 _0) , (𝒰 _0))) ; ((∑((`@a :  𝒰 _0) ↦ (`@a))) → (𝒰 _0)) → (((𝒰 _0) , (𝒰 _0)))
2021.01.14 08:19:43:097 [INFO ] provingground.learning.StrategicProvers.concurrentTargetChomper:275:30 - proved 8 results
2021.01.14 08:19:43:098 [INFO ] provingground.learning.StrategicProvers.concurrentTargetChomper:277:30 - remaining 48 groups to prove/disprove
2021.01.14 08:19:43:231 [INFO ] provingground.learning.StrategicProvers.concurrentTargetChomper:260:26 - seeking result for group (((𝒰 _0) → (𝒰 _0)) → (𝒰 _0)) → (((𝒰 _0) , (𝒰 _0))) ; (((`@a : 𝒰 _0 ) ~> (`@a)) → (𝒰 _0)) → (((𝒰 _0) , (𝒰 _0))) ; ((((`@a : 𝒰 _0 ) ~> (`@a)) , (𝒰 _0))) → (((𝒰 _0) , (𝒰 _0))) ; ((`@a : 𝒰 _0 ) ~> (((`@a) , (𝒰 _0)))) → (((𝒰 _0) , (𝒰 _0))) ; (((𝒰 _0) , (((𝒰 _0) , (𝒰 _0))))) → (((𝒰 _0) , (𝒰 _0))) ; ((𝒰 _0) → ((`@b : 𝒰 _0 ) ~> (`@b))) → (((𝒰 _0) , (𝒰 _0))) ; ((`@a : 𝒰 _0 ) ~> ((𝒰 _0) → (`@a))) → (((𝒰 _0) , (𝒰 _0))) ; ((𝒰 _0) → (∑((`@b :  𝒰 _0) ↦ (`@b)))) → (((𝒰 _0) , (𝒰 _0)))
2021.01.14 08:20:59:680 [INFO ] provingground.learning.StrategicProvers.concurrentTargetChomper:275:30 - proved 8 results
2021.01.14 08:20:59:680 [INFO ] provingground.learning.StrategicProvers.concurrentTargetChomper:277:30 - remaining 47 groups to prove/disprove
2021.01.14 08:20:59:745 [INFO ] provingground.learning.StrategicProvers.concurrentTargetChomper:260:26 - seeking result for group (∑((`@a :  𝒰 _0) ↦ ((`@a) → (𝒰 _0)))) → (((𝒰 _0) , (𝒰 _0))) ; (((𝒰 _0) , ((𝒰 _0) → (𝒰 _0)))) → (((𝒰 _0) , (𝒰 _0))) ; (((((𝒰 _0) , (𝒰 _0))) , (𝒰 _0))) → (((𝒰 _0) , (𝒰 _0))) ; (((𝒰 _0) , ((`@b : 𝒰 _0 ) ~> (`@b)))) → (((𝒰 _0) , (𝒰 _0))) ; ((((𝒰 _0) → (𝒰 _0)) , (𝒰 _0))) → (((𝒰 _0) , (𝒰 _0))) ; ((𝒰 _0) → ((𝒰 _0) → (𝒰 _0))) → (((𝒰 _0) , (𝒰 _0))) ; ((`@a : 𝒰 _0 ) ~> ((`@a) → (𝒰 _0))) → (((𝒰 _0) , (𝒰 _0))) ; ((𝒰 _0) → (𝒰 _0)) → (((((𝒰 _0) , (𝒰 _0))) , (𝒰 _0)))
2021.01.14 08:22:38:050 [INFO ] provingground.learning.StrategicProvers.concurrentTargetChomper:275:30 - proved 8 results
2021.01.14 08:22:38:050 [INFO ] provingground.learning.StrategicProvers.concurrentTargetChomper:277:30 - remaining 46 groups to prove/disprove
2021.01.14 08:22:38:159 [INFO ] provingground.learning.StrategicProvers.concurrentTargetChomper:260:26 - seeking result for group (((𝒰 _0) , (𝒰 _0))) → (((((𝒰 _0) , (𝒰 _0))) , (𝒰 _0))) ; ((𝒰 _0) → (𝒰 _0)) → (((∑((`@a :  𝒰 _0) ↦ (`@a))) , (𝒰 _0))) ; (((𝒰 _0) , (𝒰 _0))) → ((((𝒰 _0) → (𝒰 _0)) , (𝒰 _0))) ; ((𝒰 _0) → (𝒰 _0)) → ((((𝒰 _0) → (𝒰 _0)) , (𝒰 _0))) ; (`@b : 𝒰 _0 ) ~> (((`@b) , (𝒰 _0))) ; (`@a : 𝒰 _0 ) ~> (((((`@a) , (`@a))) , (𝒰 _0))) ; (`@a : 𝒰 _0 ) ~> (((((𝒰 _0) , (`@a))) , (𝒰 _0))) ; (`@a : 𝒰 _0 ) ~> ((((`@a) → ((`@b : 𝒰 _0 ) ~> (`@b))) , (𝒰 _0)))
2021.01.14 08:24:17:270 [INFO ] provingground.learning.StrategicProvers.concurrentTargetChomper:275:30 - proved 7 results
2021.01.14 08:24:17:271 [INFO ] provingground.learning.StrategicProvers.concurrentTargetChomper:276:53 - failed to prove ((𝒰 _0) → (𝒰 _0)) → (((∑((`@a :  𝒰 _0) ↦ (`@a))) , (𝒰 _0)))
2021.01.14 08:24:17:271 [INFO ] provingground.learning.StrategicProvers.concurrentTargetChomper:277:30 - remaining 45 groups to prove/disprove
2021.01.14 08:24:17:364 [INFO ] provingground.learning.StrategicProvers.concurrentTargetChomper:260:26 - seeking result for group (`@a : 𝒰 _0 ) ~> ((((((`@a) → (𝒰 _0)) , (𝒰 _0))) , (𝒰 _0))) ; (`@a : 𝒰 _0 ) ~> (((((`@a) , (𝒰 _0))) , (𝒰 _0))) ; (`@a : 𝒰 _0 ) ~> ((((((𝒰 _0) → (`@a)) , (𝒰 _0))) , (𝒰 _0))) ; (`@a : 𝒰 _0 ) ~> ((((((𝒰 _0) → (𝒰 _0)) , (`@a))) , (𝒰 _0))) ; (`@a : 𝒰 _0 ) ~> ((((`@a) → ((𝒰 _0) → (𝒰 _0))) , (𝒰 _0))) ; (`@a : 𝒰 _0 ) ~> ((((𝒰 _0) → ((`@a) → (𝒰 _0))) , (𝒰 _0))) ; (`@a : 𝒰 _0 ) ~> (((((`@a) → (𝒰 _0)) → (`@a)) , (𝒰 _0))) ; (`@a : 𝒰 _0 ) ~> ((((𝒰 _0) → (`@a)) , (𝒰 _0)))
2021.01.14 08:25:38:470 [INFO ] provingground.learning.StrategicProvers.concurrentTargetChomper:275:30 - proved 8 results
2021.01.14 08:25:38:470 [INFO ] provingground.learning.StrategicProvers.concurrentTargetChomper:277:30 - remaining 44 groups to prove/disprove
2021.01.14 08:25:38:528 [INFO ] provingground.learning.StrategicProvers.concurrentTargetChomper:260:26 - seeking result for group (`@a : 𝒰 _0 ) ~> (((((𝒰 _0) → (𝒰 _0)) → (`@a)) , (𝒰 _0))) ; (`@a : 𝒰 _0 ) ~> (((((`@b : 𝒰 _0 ) ~> (`@b)) → (`@a)) , (𝒰 _0))) ; (`@a : 𝒰 _0 ) ~> ((((((𝒰 _0) , (𝒰 _0))) → (`@a)) , (𝒰 _0))) ; (`@a : 𝒰 _0 ) ~> ((((`@a) → (`@a)) , (𝒰 _0))) ; (`@a : 𝒰 _0 ) ~> (((((𝒰 _0) → (`@a)) → (𝒰 _0)) , (𝒰 _0))) ; (`@a : 𝒰 _0 ) ~> (((((`@a) → (𝒰 _0)) → (𝒰 _0)) , (𝒰 _0))) ; (`@a : 𝒰 _0 ) ~> ((((((`@a) , (𝒰 _0))) → (𝒰 _0)) , (𝒰 _0))) ; (`@a : 𝒰 _0 ) ~> ((((((𝒰 _0) , (`@a))) → (𝒰 _0)) , (𝒰 _0)))
2021.01.14 08:26:43:733 [INFO ] provingground.learning.StrategicProvers.concurrentTargetChomper:275:30 - proved 8 results
2021.01.14 08:26:43:734 [INFO ] provingground.learning.StrategicProvers.concurrentTargetChomper:277:30 - remaining 43 groups to prove/disprove
2021.01.14 08:26:43:948 [INFO ] provingground.learning.StrategicProvers.concurrentTargetChomper:260:26 - seeking result for group (`@b : 𝒰 _0 ) ~> ((((`@b) → (𝒰 _0)) , (𝒰 _0))) ; (`@a : 𝒰 _0 ) ~> (((((`@a) → (`@a)) → (𝒰 _0)) , (𝒰 _0))) ; ∑((`@a :  𝒰 _0) ↦ ((`@a) → (𝒰 _0))) ; ∑((`@a :  𝒰 _0) ↦ (((`@a) → ((𝒰 _0) → (𝒰 _0))) → (𝒰 _0))) ; ∑((`@a :  𝒰 _0) ↦ (((((𝒰 _0) , (𝒰 _0))) → (`@a)) → (𝒰 _0))) ; ∑((`@a :  𝒰 _0) ↦ (((𝒰 _0) → ((`@a) → (𝒰 _0))) → (𝒰 _0))) ; ∑((`@a :  𝒰 _0) ↦ ((((`@b : 𝒰 _0 ) ~> (`@b)) → (`@a)) → (𝒰 _0))) ; ∑((`@a :  𝒰 _0) ↦ ((((`@a) → (𝒰 _0)) → (𝒰 _0)) → (𝒰 _0)))
2021.01.14 08:27:35:189 [INFO ] provingground.learning.StrategicProvers.concurrentTargetChomper:275:30 - proved 8 results
2021.01.14 08:27:35:189 [INFO ] provingground.learning.StrategicProvers.concurrentTargetChomper:277:30 - remaining 42 groups to prove/disprove
2021.01.14 08:27:35:489 [INFO ] provingground.learning.StrategicProvers.concurrentTargetChomper:260:26 - seeking result for group ∑((`@a :  𝒰 _0) ↦ ((((`@a) → (𝒰 _0)) → (`@a)) → (𝒰 _0))) ; ∑((`@a :  𝒰 _0) ↦ (((𝒰 _0) → (`@a)) → (𝒰 _0))) ; ∑((`@a :  𝒰 _0) ↦ (((`@a) → (𝒰 _0)) → (𝒰 _0))) ; ∑((`@a :  𝒰 _0) ↦ ((((`@a) , (`@a))) → (𝒰 _0))) ; ∑((`@a :  𝒰 _0) ↦ (((((𝒰 _0) → (`@a)) , (𝒰 _0))) → (𝒰 _0))) ; ∑((`@a :  𝒰 _0) ↦ ((((`@a) → (`@a)) → (𝒰 _0)) → (𝒰 _0))) ; ∑((`@a :  𝒰 _0) ↦ (((((`@a) , (𝒰 _0))) → (𝒰 _0)) → (𝒰 _0))) ; ∑((`@a :  𝒰 _0) ↦ (((((𝒰 _0) , (`@a))) → (𝒰 _0)) → (𝒰 _0)))
2021.01.14 08:28:26:845 [INFO ] provingground.learning.StrategicProvers.concurrentTargetChomper:275:30 - proved 8 results
2021.01.14 08:28:26:845 [INFO ] provingground.learning.StrategicProvers.concurrentTargetChomper:277:30 - remaining 41 groups to prove/disprove
2021.01.14 08:28:26:977 [INFO ] provingground.learning.StrategicProvers.concurrentTargetChomper:260:26 - seeking result for group ∑((`@a :  𝒰 _0) ↦ ((((`@a) , (𝒰 _0))) → (𝒰 _0))) ; ∑((`@a :  𝒰 _0) ↦ ((((𝒰 _0) , (`@a))) → (𝒰 _0))) ; ∑((`@a :  𝒰 _0) ↦ ((((𝒰 _0) → (`@a)) → (𝒰 _0)) → (𝒰 _0))) ; ∑((`@a :  𝒰 _0) ↦ (((((𝒰 _0) → (𝒰 _0)) , (`@a))) → (𝒰 _0))) ; ∑((`@a :  𝒰 _0) ↦ ((((𝒰 _0) → (𝒰 _0)) → (`@a)) → (𝒰 _0))) ; ∑((`@a :  𝒰 _0) ↦ (((`@a) → (`@a)) → (𝒰 _0))) ; ∑((`@a :  𝒰 _0) ↦ (((((`@a) → (𝒰 _0)) , (𝒰 _0))) → (𝒰 _0))) ; ∑((`@a :  𝒰 _0) ↦ (((`@a) → ((`@b : 𝒰 _0 ) ~> (`@b))) → (𝒰 _0)))
2021.01.14 08:29:18:044 [INFO ] provingground.learning.StrategicProvers.concurrentTargetChomper:275:30 - proved 8 results
2021.01.14 08:29:18:044 [INFO ] provingground.learning.StrategicProvers.concurrentTargetChomper:277:30 - remaining 40 groups to prove/disprove
2021.01.14 08:29:18:201 [INFO ] provingground.learning.StrategicProvers.concurrentTargetChomper:260:26 - seeking result for group (`@a : 𝒰 _0 ) ~> (((`@a) , (`@a))) ; (`@a : 𝒰 _0 ) ~> (((𝒰 _0) , (`@a))) ; (`@a : 𝒰 _0 ) ~> ((((`@b : 𝒰 _0 ) ~> (`@b)) , (`@a))) ; (`@a : 𝒰 _0 ) ~> (((∑((`@b :  𝒰 _0) ↦ (`@b))) , (`@a))) ; (`@a : 𝒰 _0 ) ~> (((((`@b : 𝒰 _0 ) ~> (`@b)) → (𝒰 _0)) , (`@a))) ; (`@a : 𝒰 _0 ) ~> ((((𝒰 _0) → (𝒰 _0)) , (`@a))) ; (`@a : 𝒰 _0 ) ~> (((((𝒰 _0) → (𝒰 _0)) → (𝒰 _0)) , (`@a))) ; (`@a : 𝒰 _0 ) ~> (((((𝒰 _0) , (𝒰 _0))) , (`@a)))
2021.01.14 08:30:55:608 [INFO ] provingground.learning.StrategicProvers.concurrentTargetChomper:275:30 - proved 8 results
2021.01.14 08:30:55:608 [INFO ] provingground.learning.StrategicProvers.concurrentTargetChomper:277:30 - remaining 39 groups to prove/disprove
2021.01.14 08:30:55:669 [INFO ] provingground.learning.StrategicProvers.concurrentTargetChomper:260:26 - seeking result for group (`@a : 𝒰 _0 ) ~> (((((`@a) , (`@a))) , (`@a))) ; (`@a : 𝒰 _0 ) ~> (((((`@a) , (𝒰 _0))) , (`@a))) ; (`@a : 𝒰 _0 ) ~> ((((𝒰 _0) → ((𝒰 _0) → (𝒰 _0))) , (`@a))) ; (`@a : 𝒰 _0 ) ~> (((((𝒰 _0) → (𝒰 _0)) → (`@a)) , (`@a))) ; (`@a : 𝒰 _0 ) ~> ((((`@a) → (`@a)) , (`@a))) ; (`@a : 𝒰 _0 ) ~> ((((𝒰 _0) → (`@a)) , (`@a))) ; (`@a : 𝒰 _0 ) ~> ((((((𝒰 _0) → (𝒰 _0)) , (𝒰 _0))) , (`@a))) ; (`@a : 𝒰 _0 ) ~> ((((`@a) → (𝒰 _0)) , (`@a)))
2021.01.14 08:32:34:903 [INFO ] provingground.learning.StrategicProvers.concurrentTargetChomper:275:30 - proved 8 results
2021.01.14 08:32:34:903 [INFO ] provingground.learning.StrategicProvers.concurrentTargetChomper:277:30 - remaining 38 groups to prove/disprove
2021.01.14 08:32:35:071 [INFO ] provingground.learning.StrategicProvers.concurrentTargetChomper:260:26 - seeking result for group (`@a : 𝒰 _0 ) ~> ((((((𝒰 _0) , (𝒰 _0))) → (𝒰 _0)) , (`@a))) ; (`@a : 𝒰 _0 ) ~> (((((`@a) → (𝒰 _0)) → (𝒰 _0)) , (`@a))) ; (`@a : 𝒰 _0 ) ~> (((((𝒰 _0) → (`@a)) → (𝒰 _0)) , (`@a))) ; (`@a : 𝒰 _0 ) ~> (((((𝒰 _0) , (`@a))) , (`@a))) ; (`@a : ((𝒰 _0) → (𝒰 _0)) → (𝒰 _0) ) ~> ((`@a) ((`@a :  𝒰 _0) ↦ (`@a))) ; ∑((`@b :  𝒰 _0) ↦ (((`@b) , (𝒰 _0)))) ; ∑((`@a :  𝒰 _0) ↦ (((((`@a) , (𝒰 _0))) , (𝒰 _0)))) ; ∑((`@a :  𝒰 _0) ↦ ((((`@a) → (𝒰 _0)) , (𝒰 _0))))
2021.01.14 08:33:59:727 [INFO ] provingground.learning.StrategicProvers.concurrentTargetChomper:275:30 - proved 8 results
2021.01.14 08:33:59:727 [INFO ] provingground.learning.StrategicProvers.concurrentTargetChomper:277:30 - remaining 37 groups to prove/disprove
2021.01.14 08:34:00:065 [INFO ] provingground.learning.StrategicProvers.concurrentTargetChomper:260:26 - seeking result for group ∑((`@a :  𝒰 _0) ↦ (((((𝒰 _0) → (`@a)) → (𝒰 _0)) , (𝒰 _0)))) ; ∑((`@a :  𝒰 _0) ↦ (((((`@a) → (𝒰 _0)) → (𝒰 _0)) , (𝒰 _0)))) ; ∑((`@a :  𝒰 _0) ↦ (((((𝒰 _0) , (`@a))) , (𝒰 _0)))) ; ∑((`@a :  𝒰 _0) ↦ ((((𝒰 _0) → (`@a)) , (𝒰 _0)))) ; ∑((`@a :  𝒰 _0) ↦ (((((𝒰 _0) → (𝒰 _0)) → (`@a)) , (𝒰 _0)))) ; ∑((`@a :  𝒰 _0) ↦ ((((`@a) → (`@a)) , (𝒰 _0)))) ; ∑((`@a :  𝒰 _0) ↦ (((((`@a) , (`@a))) , (𝒰 _0)))) ; ∑((`@a :  𝒰 _0) ↦ ((`@a) → (`@a)))
2021.01.14 08:34:50:942 [INFO ] provingground.learning.StrategicProvers.concurrentTargetChomper:275:30 - proved 8 results
2021.01.14 08:34:50:942 [INFO ] provingground.learning.StrategicProvers.concurrentTargetChomper:277:30 - remaining 36 groups to prove/disprove
2021.01.14 08:34:51:004 [INFO ] provingground.learning.StrategicProvers.concurrentTargetChomper:260:26 - seeking result for group ∑((`@a :  𝒰 _0) ↦ ((((`@a) , (`@a))) → (`@a))) ; ∑((`@a :  𝒰 _0) ↦ (((𝒰 _0) → (𝒰 _0)) → (`@a))) ; ∑((`@a :  𝒰 _0) ↦ (((((𝒰 _0) , (𝒰 _0))) → (𝒰 _0)) → (`@a))) ; ∑((`@a :  𝒰 _0) ↦ ((((𝒰 _0) , (𝒰 _0))) → (`@a))) ; ∑((`@a :  𝒰 _0) ↦ (((`@a) → (𝒰 _0)) → (`@a))) ; ∑((`@a :  𝒰 _0) ↦ ((((𝒰 _0) → (𝒰 _0)) → (𝒰 _0)) → (`@a))) ; ∑((`@a :  𝒰 _0) ↦ ((𝒰 _0) → (`@a))) ; ∑((`@a :  𝒰 _0) ↦ (((𝒰 _0) → ((𝒰 _0) → (𝒰 _0))) → (`@a)))
2021.01.14 08:35:42:293 [INFO ] provingground.learning.StrategicProvers.concurrentTargetChomper:275:30 - proved 8 results
2021.01.14 08:35:42:293 [INFO ] provingground.learning.StrategicProvers.concurrentTargetChomper:277:30 - remaining 35 groups to prove/disprove
2021.01.14 08:35:42:391 [INFO ] provingground.learning.StrategicProvers.concurrentTargetChomper:260:26 - seeking result for group ∑((`@a :  𝒰 _0) ↦ ((((𝒰 _0) → (`@a)) → (𝒰 _0)) → (`@a))) ; ∑((`@a :  𝒰 _0) ↦ (((𝒰 _0) → (`@a)) → (`@a))) ; ∑((`@a :  𝒰 _0) ↦ (((`@a) → (`@a)) → (`@a))) ; ∑((`@a :  𝒰 _0) ↦ ((((𝒰 _0) → (𝒰 _0)) → (`@a)) → (`@a))) ; ∑((`@a :  𝒰 _0) ↦ (((((𝒰 _0) → (𝒰 _0)) , (𝒰 _0))) → (`@a))) ; ∑((`@a :  𝒰 _0) ↦ ((∑((`@b :  𝒰 _0) ↦ (`@b))) → (`@a))) ; ∑((`@a :  𝒰 _0) ↦ ((((`@a) → (𝒰 _0)) → (𝒰 _0)) → (`@a))) ; ∑((`@a :  𝒰 _0) ↦ (((`@b : 𝒰 _0 ) ~> (`@b)) → (`@a)))
2021.01.14 08:36:33:830 [INFO ] provingground.learning.StrategicProvers.concurrentTargetChomper:275:30 - proved 8 results
2021.01.14 08:36:33:830 [INFO ] provingground.learning.StrategicProvers.concurrentTargetChomper:277:30 - remaining 34 groups to prove/disprove
2021.01.14 08:36:33:912 [INFO ] provingground.learning.StrategicProvers.concurrentTargetChomper:260:26 - seeking result for group ∑((`@a :  𝒰 _0) ↦ ((((𝒰 _0) , (`@a))) → (`@a))) ; ∑((`@a :  𝒰 _0) ↦ ((((`@b : 𝒰 _0 ) ~> (`@b)) → (𝒰 _0)) → (`@a))) ; ∑((`@a :  𝒰 _0) ↦ ((((`@a) , (𝒰 _0))) → (`@a))) ; (`@a : (𝒰 _0) → (𝒰 _0) ) ~> ((`@a : 𝒰 _0 ) ~> ((`@a) (`@a))) ; (𝒰 _0) → ((𝒰 _0) → ((`@c : 𝒰 _0 ) ~> (`@c))) ; (𝒰 _0) → (((𝒰 _0) → (𝒰 _0)) → ((`@b : 𝒰 _0 ) ~> (`@b))) ; (𝒰 _0) → ((((𝒰 _0) , (𝒰 _0))) → ((`@b : 𝒰 _0 ) ~> (`@b))) ; ((𝒰 _0) → (𝒰 _0)) → ((𝒰 _0) → ((`@b : 𝒰 _0 ) ~> (`@b)))
2021.01.14 08:37:00:499 [INFO ] provingground.learning.TypedPostResponse.MicroBot.$anonfun.applyOrElse:266:26 - completed response '2e7cdd82' of type TypeTag[provingground.learning.HoTTMessages.ChompResult] to posts of type TypeTag[provingground.learning.LocalProver] with input hash -537015682
