[0m2021.02.09 07:10:51:464 [main      ] [[34mINFO [0m] [32mprovingground.interface.InductionSession.InductionSession:27[0m - 
This is a Bot based run for testing a simple induction problem:
given f(n) = f(n + 1) for all n, we conclude that f(0) = f(n).
We are using a simple local prover, so that all the work should be done by Bots.
[0m
[0m2021.02.09 07:10:51:477 [main      ] [[34mINFO [0m] [32mprovingground.interface.InductionSession.InductionSession:35[0m - Number of threads: 8[0m
[0m2021.02.09 07:10:51:479 [main      ] [[34mINFO [0m] [32mprovingground.interface.InductionSession.InductionSession:37[0m - JAVA_OPTS: -Xms512m -Xmx4g -XX:+UnlockDiagnosticVMOptions -XX:+DebugNonSafepoints[0m
[0m2021.02.09 07:10:51:479 [main      ] [[34mINFO [0m] [32mprovingground.interface.InductionSession.InductionSession:39[0m - JAVA_HOME: /home/gadgil/.cache/coursier/jvm/adopt@1.11.0-8[0m
[0m2021.02.09 07:10:53:458 [scala-e...] [[34mINFO [0m] [32mprovingground.learning.PostBuffer.post:317[0m - Post; tag: TypeTag[provingground.learning.LocalProver], id: (1,948017062), content:
LocalProver(TermState([(`$l :  A) ↦ (Refl(A,`$l)) : 0.25, (`$m :  A) ↦ ((`$n :  A) ↦ ((`$o :  A) ↦ ((`````````$br : (`$m = `$n) :  `$m = `$n) ↦ ((ind{(`$gfj :  A) ↦ ((`$gfk :  A) ↦ (`$gfj = `$gfk))(`$m)(`$n)}{(`$p :  A) ↦ ((`$q :  A) ↦ ((````$s : (`$p = `$q) :  `$p = `$q) ↦ ((`$q = `$o) → (`$p = `$o))))}((`$p :  A) ↦ ((```````$ase : (`$p = `$o) :  `$p = `$o) ↦ (```````$ase : (`$p = `$o))))) (`````````$br : (`$m = `$n)))))) : 0.25, (f) (0) : 0.25, 0 : 0.25],[Nat.Typ : 0.5, A : 0.5],Vector(),[],[],{}),TermGenParams(0.2,0.2,0.0,0.0,0.0,0.0,0.0,0.0,0.0,0.0,0.0,0.0,0.0,0.3,0.0,0.5,0.0,0.0,0.0,<function1>),1.0E-4,None,12 minutes,1.01,1.0,10000,10,1.0,1.0,None,false,false,0.5,1.0,None), hash: 948017062[0m
[0m2021.02.09 07:10:53:468 [scala-e...] [[34mINFO [0m] [32mprovingground.learning.PostBuffer.post:317[0m - Post; tag: TypeTag[provingground.induction.ExstInducDefn], id: (2,387210951), content:
ExstInducDefn(Nat.Typ,Vector(0, (`x :  Nat.Typ) ↦ (((_ + 1)) (`x))),Nat), hash: 387210951[0m
[0m2021.02.09 07:10:53:473 [scala-e...] [[34mINFO [0m] [32mprovingground.learning.PostBuffer.post:317[0m - Post; tag: TypeTag[provingground.learning.HoTTMessages.SeekGoal], id: (3,-1528206336), content:
SeekGoal(((`n : Nat.Typ ) ~> ((f) (`n) = (f) (((_ + 1)) (`n)))) → ((`n : Nat.Typ ) ~> ((f) (0) = (f) (`n))),{},Vector()), hash: -1528206336[0m
[0m2021.02.09 07:12:24:196 [scala-e...] [[34mINFO [0m] [32mprovingground.learning.PostResponse.post:278[0m - triggered response 'goal in context' of type TypeTag[Option[provingground.learning.HoTTMessages.ProofLambda :: provingground.learning.HoTTMessages.SeekGoal :: shapeless.HNil]] to post of type TypeTag[provingground.learning.HoTTMessages.SeekGoal] with input hash -1528206336[0m
[0m2021.02.09 07:12:24:208 [scala-e...] [[34mINFO [0m] [32mprovingground.learning.HoTTBot.goalInContext:2624[0m - matching for context for SeekGoal(((`n : Nat.Typ ) ~> ((f) (`n) = (f) (((_ + 1)) (`n)))) → ((`n : Nat.Typ ) ~> ((f) (0) = (f) (`n))),{},Vector())[0m
[0m2021.02.09 07:12:24:209 [scala-e...] [[34mINFO [0m] [32mprovingground.learning.HoTTBot.goalInContext:2644[0m - putting function type ((`n : Nat.Typ ) ~> ((f) (`n) = (f) (((_ + 1)) (`n)))) → ((`n : Nat.Typ ) ~> ((f) (0) = (f) (`n))) in context[0m
[0m2021.02.09 07:12:24:212 [scala-e...] [[34mINFO [0m] [32mprovingground.learning.HoTTBot.goalInContext:2659[0m - returning function type in context[0m
[0m2021.02.09 07:12:24:214 [scala-e...] [[34mINFO [0m] [32mprovingground.learning.PostBuffer.post:317[0m - Post; tag: TypeTag[provingground.learning.HoTTMessages.ProofLambda], id: (4,-547855380), content:
ProofLambda(((`n : Nat.Typ ) ~> ((f) (`n) = (f) (((_ + 1)) (`n)))) → ((`n : Nat.Typ ) ~> ((f) (0) = (f) (`n))),(`n : Nat.Typ ) ~> ((f) (0) = (f) (`n)),{},{Given $hgr : (`n : Nat.Typ ) ~> ((f) (`n) = (f) (((_ + 1)) (`n)))},$hgr,false), hash: -547855380[0m
[0m2021.02.09 07:12:24:215 [scala-e...] [[34mINFO [0m] [32mprovingground.learning.PostBuffer.post:317[0m - Post; tag: TypeTag[provingground.learning.HoTTMessages.SeekGoal], id: (5,-1638292074), content:
SeekGoal((`n : Nat.Typ ) ~> ((f) (0) = (f) (`n)),{Given $hgr : (`n : Nat.Typ ) ~> ((f) (`n) = (f) (((_ + 1)) (`n)))},Vector(((`n : Nat.Typ ) ~> ((f) (`n) = (f) (((_ + 1)) (`n)))) → ((`n : Nat.Typ ) ~> ((f) (0) = (f) (`n))))), hash: -1638292074[0m
[0m2021.02.09 07:12:24:217 [scala-e...] [[34mINFO [0m] [32mprovingground.learning.PostResponse.applyOrElse:296[0m - completed response 'goal in context' of type TypeTag[Option[provingground.learning.HoTTMessages.ProofLambda :: provingground.learning.HoTTMessages.SeekGoal :: shapeless.HNil]] to posts of type TypeTag[provingground.learning.HoTTMessages.SeekGoal] with input hash -1528206336; output Vector(-1638292074)[0m
[0m2021.02.09 07:12:47:640 [scala-e...] [[34mINFO [0m] [32mprovingground.learning.PostResponse.post:278[0m - triggered response 'induction resolved' of type TypeTag[Option[provingground.learning.HoTTMessages.FromAll]] to post of type TypeTag[provingground.learning.HoTTMessages.SeekGoal] with input hash -1638292074[0m
[0m2021.02.09 07:12:47:692 [scala-e...] [[34mINFO [0m] [32mprovingground.learning.PostBuffer.post:317[0m - Post; tag: TypeTag[provingground.learning.HoTTMessages.FromAll], id: (6,-790289302), content:
FromAll(Vector((f) (0) = (f) (0), (`$hhm : Nat.Typ ) ~> (((f) (0) = (f) (`$hhm)) → ((f) (0) = (f) (((_ + 1)) (`$hhm))))),(`n : Nat.Typ ) ~> ((f) (0) = (f) (`n)),Some((`$lgs : ((f) (0) = (f) (0)) :  (f) (0) = (f) (0)) ↦ ((`$lpv :  (`$hhm : Nat.Typ ) ~> (((f) (0) = (f) (`$hhm)) → ((f) (0) = (f) (((_ + 1)) (`$hhm))))) ↦ (ind(Nat.Typ)((`$hgx :  Nat.Typ) ↦ ((f) (0) = (f) (`$hgx)))(`$lgs : ((f) (0) = (f) (0)))(`$lpv)))),{Given $hgr : (`n : Nat.Typ ) ~> ((f) (`n) = (f) (((_ + 1)) (`n)))},Vector(((`n : Nat.Typ ) ~> ((f) (`n) = (f) (((_ + 1)) (`n)))) → ((`n : Nat.Typ ) ~> ((f) (0) = (f) (`n))))), hash: -790289302[0m
[0m2021.02.09 07:12:47:693 [scala-e...] [[34mINFO [0m] [32mprovingground.learning.PostResponse.applyOrElse:296[0m - completed response 'induction resolved' of type TypeTag[Option[provingground.learning.HoTTMessages.FromAll]] to posts of type TypeTag[provingground.learning.HoTTMessages.SeekGoal] with input hash -1638292074; output Vector(-790289302)[0m
[0m2021.02.09 07:13:17:072 [scala-e...] [[34mINFO [0m] [32mprovingground.learning.PostResponse.post:410[0m - triggered (multiple) responses 'resolve from-all into separate goals' of type TypeTag[provingground.learning.HoTTMessages.SeekGoal] to posts of type TypeTag[provingground.learning.HoTTMessages.FromAll] with input hash -790289302[0m
[0m2021.02.09 07:13:17:077 [scala-e...] [[34mINFO [0m] [32mprovingground.learning.PostBuffer.post:317[0m - Post; tag: TypeTag[provingground.learning.HoTTMessages.SeekGoal], id: (8,89091821), content:
SeekGoal((`$hhm : Nat.Typ ) ~> (((f) (0) = (f) (`$hhm)) → ((f) (0) = (f) (((_ + 1)) (`$hhm)))),{Given $hgr : (`n : Nat.Typ ) ~> ((f) (`n) = (f) (((_ + 1)) (`n)))},Vector((`n : Nat.Typ ) ~> ((f) (0) = (f) (`n)), ((`n : Nat.Typ ) ~> ((f) (`n) = (f) (((_ + 1)) (`n)))) → ((`n : Nat.Typ ) ~> ((f) (0) = (f) (`n))))), hash: 89091821[0m
[0m2021.02.09 07:13:17:078 [scala-e...] [[34mINFO [0m] [32mprovingground.learning.PostBuffer.post:317[0m - Post; tag: TypeTag[provingground.learning.HoTTMessages.SeekGoal], id: (8,1727964569), content:
SeekGoal((f) (0) = (f) (0),{Given $hgr : (`n : Nat.Typ ) ~> ((f) (`n) = (f) (((_ + 1)) (`n)))},Vector((`n : Nat.Typ ) ~> ((f) (0) = (f) (`n)), ((`n : Nat.Typ ) ~> ((f) (`n) = (f) (((_ + 1)) (`n)))) → ((`n : Nat.Typ ) ~> ((f) (0) = (f) (`n))))), hash: 1727964569[0m
[0m2021.02.09 07:13:17:079 [scala-e...] [[34mINFO [0m] [32mprovingground.learning.PostResponse.applyOrElse:427[0m - completed all responses 'resolve from-all into separate goals' of type TypeTag[provingground.learning.HoTTMessages.SeekGoal] to posts of type TypeTag[provingground.learning.HoTTMessages.FromAll] with input hash -790289302output Vector(1727964569, 89091821)[0m
[0m2021.02.09 07:14:26:659 [scala-e...] [[34mINFO [0m] [32mprovingground.learning.PostResponse.post:278[0m - triggered response 'goal in context' of type TypeTag[Option[provingground.learning.HoTTMessages.ProofLambda :: provingground.learning.HoTTMessages.SeekGoal :: shapeless.HNil]] to post of type TypeTag[provingground.learning.HoTTMessages.SeekGoal] with input hash 1727964569[0m
[0m2021.02.09 07:14:26:660 [scala-e...] [[34mINFO [0m] [32mprovingground.learning.PostResponse.post:278[0m - triggered response 'goal in context' of type TypeTag[Option[provingground.learning.HoTTMessages.ProofLambda :: provingground.learning.HoTTMessages.SeekGoal :: shapeless.HNil]] to post of type TypeTag[provingground.learning.HoTTMessages.SeekGoal] with input hash 89091821[0m
[0m2021.02.09 07:14:26:661 [scala-e...] [[34mINFO [0m] [32mprovingground.learning.HoTTBot.goalInContext:2624[0m - matching for context for SeekGoal((`$hhm : Nat.Typ ) ~> (((f) (0) = (f) (`$hhm)) → ((f) (0) = (f) (((_ + 1)) (`$hhm)))),{Given $hgr : (`n : Nat.Typ ) ~> ((f) (`n) = (f) (((_ + 1)) (`n)))},Vector((`n : Nat.Typ ) ~> ((f) (0) = (f) (`n)), ((`n : Nat.Typ ) ~> ((f) (`n) = (f) (((_ + 1)) (`n)))) → ((`n : Nat.Typ ) ~> ((f) (0) = (f) (`n)))))[0m
[0m2021.02.09 07:14:26:662 [scala-e...] [[34mINFO [0m] [32mprovingground.learning.HoTTBot.goalInContext:2627[0m - putting pi definition (`$hhm : Nat.Typ ) ~> (((f) (0) = (f) (`$hhm)) → ((f) (0) = (f) (((_ + 1)) (`$hhm)))) in context[0m
[0m2021.02.09 07:14:26:662 [scala-e...] [[34mINFO [0m] [32mprovingground.learning.HoTTBot.goalInContext:2641[0m - returning pi-defn in context[0m
[0m2021.02.09 07:14:26:664 [scala-e...] [[34mINFO [0m] [32mprovingground.learning.PostBuffer.post:317[0m - Post; tag: TypeTag[provingground.learning.HoTTMessages.ProofLambda], id: (9,-1836955237), content:
ProofLambda((`$hhm : Nat.Typ ) ~> (((f) (0) = (f) (`$hhm)) → ((f) (0) = (f) (((_ + 1)) (`$hhm)))),((f) (0) = (f) (`$hhm)) → ((f) (0) = (f) (((_ + 1)) (`$hhm))),{Given $hgr : (`n : Nat.Typ ) ~> ((f) (`n) = (f) (((_ + 1)) (`n)))},{Given $hgr : (`n : Nat.Typ ) ~> ((f) (`n) = (f) (((_ + 1)) (`n))); Given `$hhm : Nat.Typ},`$hhm,true), hash: -1836955237[0m
[0m2021.02.09 07:14:26:665 [scala-e...] [[34mINFO [0m] [32mprovingground.learning.PostBuffer.post:317[0m - Post; tag: TypeTag[provingground.learning.HoTTMessages.SeekGoal], id: (10,-1328759793), content:
SeekGoal(((f) (0) = (f) (`$hhm)) → ((f) (0) = (f) (((_ + 1)) (`$hhm))),{Given $hgr : (`n : Nat.Typ ) ~> ((f) (`n) = (f) (((_ + 1)) (`n))); Given `$hhm : Nat.Typ},Vector((`$hhm : Nat.Typ ) ~> (((f) (0) = (f) (`$hhm)) → ((f) (0) = (f) (((_ + 1)) (`$hhm)))), (`n : Nat.Typ ) ~> ((f) (0) = (f) (`n)), ((`n : Nat.Typ ) ~> ((f) (`n) = (f) (((_ + 1)) (`n)))) → ((`n : Nat.Typ ) ~> ((f) (0) = (f) (`n))))), hash: -1328759793[0m
[0m2021.02.09 07:14:26:665 [scala-e...] [[34mINFO [0m] [32mprovingground.learning.PostResponse.applyOrElse:296[0m - completed response 'goal in context' of type TypeTag[Option[provingground.learning.HoTTMessages.ProofLambda :: provingground.learning.HoTTMessages.SeekGoal :: shapeless.HNil]] to posts of type TypeTag[provingground.learning.HoTTMessages.SeekGoal] with input hash 89091821; output Vector(-1328759793)[0m
[0m2021.02.09 07:14:26:666 [scala-e...] [[34mINFO [0m] [32mprovingground.learning.HoTTBot.goalInContext:2624[0m - matching for context for SeekGoal((f) (0) = (f) (0),{Given $hgr : (`n : Nat.Typ ) ~> ((f) (`n) = (f) (((_ + 1)) (`n)))},Vector((`n : Nat.Typ ) ~> ((f) (0) = (f) (`n)), ((`n : Nat.Typ ) ~> ((f) (`n) = (f) (((_ + 1)) (`n)))) → ((`n : Nat.Typ ) ~> ((f) (0) = (f) (`n)))))[0m
[0m2021.02.09 07:14:26:666 [scala-e...] [[34mINFO [0m] [32mprovingground.learning.HoTTBot.goalInContext:2662[0m - cannot put goal (f) (0) = (f) (0) in context[0m
[0m2021.02.09 07:14:26:667 [scala-e...] [[34mINFO [0m] [32mprovingground.learning.PostResponse.applyOrElse:296[0m - completed response 'goal in context' of type TypeTag[Option[provingground.learning.HoTTMessages.ProofLambda :: provingground.learning.HoTTMessages.SeekGoal :: shapeless.HNil]] to posts of type TypeTag[provingground.learning.HoTTMessages.SeekGoal] with input hash 1727964569; output Vector(0)[0m
