2020.06.19 09:44:30 [INFO] provingground.learning.PostBuffer.$anon.post:244:22 - Post; tag: TypeTag[provingground.learning.HoTTMessages.TautologyInitState], id: (1,-384837536), content:
TautologyInitState(TermState([m : 0.14285714285714285, sym : 0.14285714285714285, ((mul) (m)) (n) : 0.14285714285714285, refl : 0.14285714285714285, mul : 0.14285714285714285, n : 0.14285714285714285, trans : 0.14285714285714285],[M : 1.0],Vector(),[],[],Empty))
2020.06.19 09:44:30 [INFO] provingground.learning.PostBuffer.$anon.post:244:22 - Post; tag: TypeTag[provingground.learning.HoTTMessages.SpecialInitState], id: (2,-408616734), content:
SpecialInitState(TermState([trans : 1.0],[],Vector(),[],[],Empty),0.001,0.5,0.05,Some(TermGenParams(0.0,0.2,0.0,0.0,0.0,0.0,0.0,0.0,0.0,0.0,0.0,0.0,0.0,0.3,0.7,0.5,0.0,0.0,0.0,<function1>)),Some(2))
2020.06.19 09:44:30 [INFO] provingground.learning.PostBuffer.$anon.post:244:22 - Post; tag: TypeTag[provingground.learning.HoTTMessages.SpecialInitState], id: (3,697628366), content:
SpecialInitState(TermState([left-multiply : 0.2, right-multiply : 0.2, ((mul) (m)) (n) : 0.2, m : 0.2, n : 0.2],[M : 1.0],Vector(),[],[],Empty),0.001,0.5,0.5,Some(TermGenParams(0.2,0.0,0.0,0.0,0.0,0.0,0.0,0.0,0.0,0.0,0.0,0.0,0.0,0.3,0.7,0.5,0.0,0.0,0.0,<function1>)),Some(2))
2020.06.19 09:44:30 [INFO] provingground.learning.PostBuffer.$anon.post:244:22 - Post; tag: TypeTag[provingground.learning.LocalProver], id: (4,582823858), content:
LocalProver(TermState([m : 0.08333333333333333, left-multiply : 0.08333333333333333, eqM : 0.08333333333333333, mul : 0.08333333333333333, n : 0.08333333333333333, trans : 0.08333333333333333, sym : 0.08333333333333333, ass1 : 0.08333333333333333, right-multiply : 0.08333333333333333, ass2 : 0.08333333333333333, refl : 0.08333333333333333, ((mul) (m)) (n) : 0.08333333333333333],[M : 1.0],Vector(),[],[((eqM) (((mul) (m)) (n))) (((mul) (n)) (m)) : 1.0],Empty),TermGenParams(0.1,0.1,0.0,0.0,0.0,0.0,0.0,0.0,0.0,0.0,0.0,0.0,0.0,0.3,0.7,0.5,0.0,0.0,0.0,<function1>),1.0E-4,None,12 minutes,1.01,1.0,10000,10,1.0,1.0,None,false,false,0.5,1.0,Some(500000))
2020.06.19 09:44:30 [INFO] provingground.learning.TypedPostResponse.MicroBot.post:227:18 - triggered response of type TypeTag[provingground.learning.ExpressionEval] to posts of type TypeTag[provingground.learning.LocalProver]
2020.06.19 09:44:44 [INFO] provingground.learning.PostBuffer.$anon.post:244:22 - Post; tag: TypeTag[provingground.learning.ExpressionEval], id: (5,1184879939), content:
provingground.learning.ExpressionEval$$anon$2@469fd543
2020.06.19 09:44:44 [INFO] provingground.learning.TypedPostResponse.Callback.post:188:18 - triggered callback for type TypeTag[provingground.learning.ExpressionEval]
2020.06.19 09:44:45 [INFO] provingground.learning.TypedPostResponse.MicroBot.post:227:18 - triggered response of type TypeTag[provingground.learning.HoTTMessages.FinalState] to posts of type TypeTag[provingground.learning.ExpressionEval]
2020.06.19 09:44:46 [INFO] provingground.learning.ErasablePostBuffer.$anon.post:85:22 - Post; tag: TypeTag[provingground.learning.HoTTMessages.FinalState], id: (6,-1664112044)
2020.06.19 09:44:46 [INFO] provingground.learning.TypedPostResponse.Callback.post:188:18 - triggered callback for type TypeTag[provingground.learning.HoTTMessages.FinalState]
2020.06.19 09:44:45 [INFO] provingground.learning.TypedPostResponse.Callback.post:188:18 - triggered callback for type TypeTag[provingground.learning.HoTTMessages.FinalState]
2020.06.19 09:44:46 [INFO] provingground.learning.TypedPostResponse.MicroBot.post:227:18 - triggered response of type TypeTag[provingground.learning.HoTTMessages.Lemmas] to posts of type TypeTag[provingground.learning.HoTTMessages.FinalState]
2020.06.19 09:44:45 [INFO] provingground.learning.HoTTBot.$anonfun:260:18 - Results: 3
Lemma: ((eqM) (((mul) (((mul) (m)) (n))) (n))) (m); best proof: ((ass1) (m)) (n) with weight 2.666676177661691E-4
Lemma: ((eqM) (((mul) (((mul) (m)) (n))) (((mul) (((mul) (m)) (n))) (n)))) (n); best proof: ((ass2) (((mul) (m)) (n))) (n) with weight 2.6875890673843706E-4
Lemma: ((eqM) (((mul) (((mul) (((mul) (m)) (n))) (m))) (m))) (((mul) (m)) (n)); best proof: ((ass1) (((mul) (m)) (n))) (m) with weight 2.6875890673843706E-4
2020.06.19 09:44:48 [INFO] provingground.learning.PostBuffer.$anon.post:244:22 - Post; tag: TypeTag[provingground.learning.HoTTMessages.Lemmas], id: (7,1645406931), content:
Lemmas(Vector((((eqM) (((mul) (((mul) (m)) (n))) (n))) (m),Some(((ass1) (m)) (n)),0.006507855171418817), (((eqM) (((mul) (m)) (((mul) (m)) (n)))) (n),Some(((ass2) (m)) (n)),0.006506150985966044), (((eqM) (((mul) (((mul) (m)) (n))) (((mul) (((mul) (m)) (n))) (((mul) (m)) (n))))) (((mul) (m)) (n)),Some(((ass2) (((mul) (m)) (n))) (((mul) (m)) (n))),4.351622891122576E-5), (((eqM) (((mul) (((mul) (m)) (n))) (((mul) (((mul) (m)) (n))) (n)))) (n),Some(((ass2) (((mul) (m)) (n))) (n)),4.312076800721712E-5), (((eqM) (((mul) (((mul) (m)) (n))) (((mul) (((mul) (m)) (n))) (m)))) (m),Some(((ass2) (((mul) (m)) (n))) (m)),4.312076800721712E-5), (((eqM) (((mul) (m)) (((mul) (m)) (((mul) (m)) (n))))) (((mul) (m)) (n)),Some(((ass2) (m)) (((mul) (m)) (n))),4.3108590784249295E-5), (((eqM) (((mul) (n)) (((mul) (n)) (((mul) (m)) (n))))) (((mul) (m)) (n)),Some(((ass2) (n)) (((mul) (m)) (n))),4.3108590784249295E-5), (((eqM) (((mul) (n)) (((mul) (n)) (m)))) (m),Some(((ass2) (n)) (m)),4.2716893714967655E-5), (((eqM) (((mul) (m)) (((mul) (m)) (m)))) (m),Some(((ass2) (m)) (m)),4.2716893714967655E-5), (((eqM) (((mul) (n)) (((mul) (n)) (n)))) (n),Some(((ass2) (n)) (n)),4.2716893714967655E-5), (((eqM) (((mul) (((mul) (((mul) (m)) (n))) (((mul) (m)) (n)))) (((mul) (m)) (n)))) (((mul) (m)) (n)),Some(((ass1) (((mul) (m)) (n))) (((mul) (m)) (n))),3.8448934653344136E-5), (((eqM) (((mul) (((mul) (m)) (((mul) (m)) (n)))) (((mul) (m)) (n)))) (m),Some(((ass1) (m)) (((mul) (m)) (n))),3.818672941021252E-5), (((eqM) (((mul) (((mul) (n)) (((mul) (m)) (n)))) (((mul) (m)) (n)))) (n),Some(((ass1) (n)) (((mul) (m)) (n))),3.818672941021252E-5), (((eqM) (((mul) (((mul) (((mul) (m)) (n))) (m))) (m))) (((mul) (m)) (n)),Some(((ass1) (((mul) (m)) (n))) (m)),3.810782073384677E-5), (((eqM) (((mul) (((mul) (((mul) (m)) (n))) (n))) (n))) (((mul) (m)) (n)),Some(((ass1) (((mul) (m)) (n))) (n)),3.810782073384677E-5), (((eqM) (((mul) (((mul) (m)) (m))) (m))) (m),Some(((ass1) (m)) (m)),3.784799433194509E-5), (((eqM) (((mul) (((mul) (n)) (n))) (n))) (n),Some(((ass1) (n)) (n)),3.784799433194509E-5), (((eqM) (((mul) (((mul) (n)) (m))) (m))) (n),Some(((ass1) (n)) (m)),3.784799433194509E-5)))
2020.06.19 09:44:48 [INFO] provingground.learning.TypedPostResponse.MicroBot.post:227:18 - triggered response of type TypeTag[(provingground.learning.HoTTMessages.UsedLemmas :: provingground.learning.HoTTMessages.TangentLemmas :: shapeless.HNil) :: provingground.learning.HoTTMessages.BaseMixinLemmas :: shapeless.HNil] to posts of type TypeTag[provingground.learning.HoTTMessages.Lemmas]
2020.06.19 09:44:48 [INFO] provingground.learning.HoTTBot.$anonfun:778:24 - excluded lemmas:

2020.06.19 09:44:48 [INFO] provingground.learning.PostBuffer.$anon.post:244:22 - Post; tag: TypeTag[provingground.learning.HoTTMessages.UsedLemmas], id: (8,-1445828818), content:
UsedLemmas(Vector((((eqM) (((mul) (((mul) (m)) (n))) (n))) (m),0.040700000848968604), (((eqM) (((mul) (m)) (((mul) (m)) (n)))) (n),0.04069253999579556), (((eqM) (((mul) (((mul) (m)) (n))) (((mul) (((mul) (m)) (n))) (((mul) (m)) (n))))) (((mul) (m)) (n)),0.001222485677132651), (((eqM) (((mul) (((mul) (m)) (n))) (((mul) (((mul) (m)) (n))) (n)))) (n),0.001214698356305945), (((eqM) (((mul) (((mul) (m)) (n))) (((mul) (((mul) (m)) (n))) (m)))) (m),0.001214698356305945), (((eqM) (((mul) (m)) (((mul) (m)) (((mul) (m)) (n))))) (((mul) (m)) (n)),0.0012144582261775238), (((eqM) (((mul) (n)) (((mul) (n)) (((mul) (m)) (n))))) (((mul) (m)) (n)),0.0012144582261775238), (((eqM) (((mul) (n)) (((mul) (n)) (m)))) (m),0.0012067232145229533), (((eqM) (((mul) (m)) (((mul) (m)) (m)))) (m),0.0012067232145229533), (((eqM) (((mul) (n)) (((mul) (n)) (n)))) (n),0.0012067232145229533), (((eqM) (((mul) (((mul) (((mul) (m)) (n))) (((mul) (m)) (n)))) (((mul) (m)) (n)))) (((mul) (m)) (n)),0.0011210033754202526), (((eqM) (((mul) (((mul) (m)) (((mul) (m)) (n)))) (((mul) (m)) (n)))) (m),0.0011156465515638147), (((eqM) (((mul) (((mul) (n)) (((mul) (m)) (n)))) (((mul) (m)) (n)))) (n),0.0011156465515638147), (((eqM) (((mul) (((mul) (((mul) (m)) (n))) (m))) (m))) (((mul) (m)) (n)),0.001114032298292804), (((eqM) (((mul) (((mul) (((mul) (m)) (n))) (n))) (n))) (((mul) (m)) (n)),0.001114032298292804), (((eqM) (((mul) (((mul) (m)) (m))) (m))) (m),0.0011087098648113207), (((eqM) (((mul) (((mul) (n)) (n))) (n))) (n),0.0011087098648113207), (((eqM) (((mul) (((mul) (n)) (m))) (m))) (n),0.0011087098648113207)))
2020.06.19 09:44:48 [INFO] provingground.learning.PostBuffer.$anon.post:244:22 - Post; tag: TypeTag[provingground.learning.HoTTMessages.TangentLemmas], id: (9,-962844701), content:
TangentLemmas(Vector((((eqM) (((mul) (((mul) (m)) (n))) (n))) (m),Some(((ass1) (m)) (n)),0.040700000848968604), (((eqM) (((mul) (m)) (((mul) (m)) (n)))) (n),Some(((ass2) (m)) (n)),0.04069253999579556), (((eqM) (((mul) (((mul) (m)) (n))) (((mul) (((mul) (m)) (n))) (((mul) (m)) (n))))) (((mul) (m)) (n)),Some(((ass2) (((mul) (m)) (n))) (((mul) (m)) (n))),0.001222485677132651), (((eqM) (((mul) (((mul) (m)) (n))) (((mul) (((mul) (m)) (n))) (n)))) (n),Some(((ass2) (((mul) (m)) (n))) (n)),0.001214698356305945), (((eqM) (((mul) (((mul) (m)) (n))) (((mul) (((mul) (m)) (n))) (m)))) (m),Some(((ass2) (((mul) (m)) (n))) (m)),0.001214698356305945), (((eqM) (((mul) (m)) (((mul) (m)) (((mul) (m)) (n))))) (((mul) (m)) (n)),Some(((ass2) (m)) (((mul) (m)) (n))),0.0012144582261775238), (((eqM) (((mul) (n)) (((mul) (n)) (((mul) (m)) (n))))) (((mul) (m)) (n)),Some(((ass2) (n)) (((mul) (m)) (n))),0.0012144582261775238), (((eqM) (((mul) (n)) (((mul) (n)) (m)))) (m),Some(((ass2) (n)) (m)),0.0012067232145229533), (((eqM) (((mul) (m)) (((mul) (m)) (m)))) (m),Some(((ass2) (m)) (m)),0.0012067232145229533), (((eqM) (((mul) (n)) (((mul) (n)) (n)))) (n),Some(((ass2) (n)) (n)),0.0012067232145229533), (((eqM) (((mul) (((mul) (((mul) (m)) (n))) (((mul) (m)) (n)))) (((mul) (m)) (n)))) (((mul) (m)) (n)),Some(((ass1) (((mul) (m)) (n))) (((mul) (m)) (n))),0.0011210033754202526), (((eqM) (((mul) (((mul) (m)) (((mul) (m)) (n)))) (((mul) (m)) (n)))) (m),Some(((ass1) (m)) (((mul) (m)) (n))),0.0011156465515638147), (((eqM) (((mul) (((mul) (n)) (((mul) (m)) (n)))) (((mul) (m)) (n)))) (n),Some(((ass1) (n)) (((mul) (m)) (n))),0.0011156465515638147), (((eqM) (((mul) (((mul) (((mul) (m)) (n))) (m))) (m))) (((mul) (m)) (n)),Some(((ass1) (((mul) (m)) (n))) (m)),0.001114032298292804), (((eqM) (((mul) (((mul) (((mul) (m)) (n))) (n))) (n))) (((mul) (m)) (n)),Some(((ass1) (((mul) (m)) (n))) (n)),0.001114032298292804), (((eqM) (((mul) (((mul) (m)) (m))) (m))) (m),Some(((ass1) (m)) (m)),0.0011087098648113207), (((eqM) (((mul) (((mul) (n)) (n))) (n))) (n),Some(((ass1) (n)) (n)),0.0011087098648113207), (((eqM) (((mul) (((mul) (n)) (m))) (m))) (n),Some(((ass1) (n)) (m)),0.0011087098648113207)))
2020.06.19 09:44:48 [INFO] provingground.learning.PostBuffer.$anon.post:244:22 - Post; tag: TypeTag[provingground.learning.HoTTMessages.BaseMixinLemmas], id: (10,1833728595), content:
BaseMixinLemmas(Vector((((eqM) (((mul) (((mul) (m)) (n))) (n))) (m),Some(((ass1) (m)) (n)),0.1822931227077921), (((eqM) (((mul) (m)) (((mul) (m)) (n)))) (n),Some(((ass2) (m)) (n)),0.18227880048839895), (((eqM) (((mul) (((mul) (m)) (n))) (((mul) (((mul) (m)) (n))) (((mul) (m)) (n))))) (((mul) (m)) (n)),Some(((ass2) (((mul) (m)) (n))) (((mul) (m)) (n))),0.040582079424125214), (((eqM) (((mul) (((mul) (m)) (n))) (((mul) (((mul) (m)) (n))) (n)))) (n),Some(((ass2) (((mul) (m)) (n))) (n)),0.0404710867924342), (((eqM) (((mul) (((mul) (m)) (n))) (((mul) (((mul) (m)) (n))) (m)))) (m),Some(((ass2) (((mul) (m)) (n))) (m)),0.0404710867924342), (((eqM) (((mul) (m)) (((mul) (m)) (((mul) (m)) (n))))) (((mul) (m)) (n)),Some(((ass2) (m)) (((mul) (m)) (n))),0.04046765776608284), (((eqM) (((mul) (n)) (((mul) (n)) (((mul) (m)) (n))))) (((mul) (m)) (n)),Some(((ass2) (n)) (((mul) (m)) (n))),0.04046765776608284), (((eqM) (((mul) (n)) (((mul) (n)) (m)))) (m),Some(((ass2) (n)) (m)),0.040356994902527026), (((eqM) (((mul) (m)) (((mul) (m)) (m)))) (m),Some(((ass2) (m)) (m)),0.040356994902527026), (((eqM) (((mul) (n)) (((mul) (n)) (n)))) (n),Some(((ass2) (n)) (n)),0.040356994902527026), (((eqM) (((mul) (((mul) (((mul) (m)) (n))) (((mul) (m)) (n)))) (((mul) (m)) (n)))) (((mul) (m)) (n)),Some(((ass1) (((mul) (m)) (n))) (((mul) (m)) (n))),0.03910247202200718), (((eqM) (((mul) (((mul) (m)) (((mul) (m)) (n)))) (((mul) (m)) (n)))) (m),Some(((ass1) (m)) (((mul) (m)) (n))),0.03902228170968758), (((eqM) (((mul) (((mul) (n)) (((mul) (m)) (n)))) (((mul) (m)) (n)))) (n),Some(((ass1) (n)) (((mul) (m)) (n))),0.03902228170968758), (((eqM) (((mul) (((mul) (((mul) (m)) (n))) (m))) (m))) (((mul) (m)) (n)),Some(((ass1) (((mul) (m)) (n))) (m)),0.038998073617676515), (((eqM) (((mul) (((mul) (((mul) (m)) (n))) (n))) (n))) (((mul) (m)) (n)),Some(((ass1) (((mul) (m)) (n))) (n)),0.038998073617676515), (((eqM) (((mul) (((mul) (m)) (m))) (m))) (m),Some(((ass1) (m)) (m)),0.03891811362611114), (((eqM) (((mul) (((mul) (n)) (n))) (n))) (n),Some(((ass1) (n)) (n)),0.03891811362611114), (((eqM) (((mul) (((mul) (n)) (m))) (m))) (n),Some(((ass1) (n)) (m)),0.03891811362611114)))
2020.06.19 09:44:48 [INFO] provingground.learning.TypedPostResponse.MicroBot.post:227:18 - triggered response of type TypeTag[provingground.learning.HoTTMessages.TangentBaseState] to posts of type TypeTag[provingground.learning.HoTTMessages.BaseMixinLemmas]
2020.06.19 09:44:50 [INFO] provingground.learning.ErasablePostBuffer.$anon.post:85:22 - Post; tag: TypeTag[provingground.learning.HoTTMessages.TangentBaseState], id: (11,245252074)
2020.06.19 09:44:50 [INFO] provingground.learning.TypedPostResponse.DualMiniBot.post:384:20 - triggered (multiple) responses of type TypeTag[provingground.learning.HoTTMessages.TangentBaseState] to posts of type TypeTag[provingground.learning.HoTTMessages.BaseMixinLemmas]
2020.06.19 09:44:50 [INFO] provingground.learning.TypedPostResponse.DualMiniBot.taskNest:389:32 - launching 1 branches
2020.06.19 09:44:50 [INFO] provingground.learning.HoTTBot.$anonfun:886:22 - previous special init states are 2
2020.06.19 09:44:50 [INFO] provingground.learning.TypedPostResponse.DualMiniBot.$anonfun:394:36 - launching 2 responses  of type TypeTag[provingground.learning.HoTTMessages.TangentBaseState] in branch
2020.06.19 09:44:52 [INFO] provingground.learning.ErasablePostBuffer.$anon.post:85:22 - Post; tag: TypeTag[provingground.learning.HoTTMessages.TangentBaseState], id: (12,811268591)
2020.06.19 09:44:52 [INFO] provingground.learning.TypedPostResponse.DualMiniBot.$anonfun.applyOrElse:399:44 - remaining 1 responses of type TypeTag[provingground.learning.HoTTMessages.TangentBaseState]
2020.06.19 09:44:52 [INFO] provingground.learning.ErasablePostBuffer.$anon.post:85:22 - Post; tag: TypeTag[provingground.learning.HoTTMessages.TangentBaseState], id: (13,1220960588)
2020.06.19 09:44:52 [INFO] provingground.learning.TypedPostResponse.DualMiniBot.$anonfun.applyOrElse:399:44 - remaining 0 responses of type TypeTag[provingground.learning.HoTTMessages.TangentBaseState]
2020.06.19 09:44:52 [INFO] provingground.learning.PostBuffer.$anon.post:244:22 - Post; tag: TypeTag[provingground.learning.HoTTMessages.TangentBaseCompleted.type], id: (14,-1666923435), content:
TangentBaseCompleted
2020.06.19 09:45:37 [INFO] provingground.learning.TypedPostResponse.MicroBot.post:227:18 - triggered response of type TypeTag[provingground.learning.HoTTMessages.GeneratedEquationNodes] to posts of type TypeTag[provingground.learning.HoTTMessages.TangentBaseCompleted.type]
2020.06.19 09:45:37 [INFO] provingground.learning.HoTTBot.$anonfun:954:22 - generating equations with 3 base states and 18 lemmas (before pruning)
2020.06.19 09:45:37 [INFO] provingground.learning.HoTTBot.$anonfun:962:22 - Tangent lemmas (used with bases below): 3
(((eqM) (((mul) (((mul) (m)) (n))) (n))) (m),0.040700000848968604)
(((eqM) (((mul) (((mul) (m)) (n))) (((mul) (((mul) (m)) (n))) (n)))) (n),0.001214698356305945)
(((eqM) (((mul) (((mul) (((mul) (m)) (n))) (m))) (m))) (((mul) (m)) (n)),0.001114032298292804)
2020.06.19 09:45:37 [INFO] provingground.learning.HoTTBot.$anonfun:976:24 - Terms in base (used with tangents above): 3
Type: (`a : M ) ~> ((`b : M ) ~> ((`c : M ) ~> ((((eqM) (`a)) (`b)) → ((((eqM) (`b)) (`c)) → (((eqM) (`a)) (`c)))))); best term: trans with weight 0.054973489934267074
Type: (`b : M ) ~> ((`c : M ) ~> ((((eqM) (`b)) (`c)) → (((eqM) (((mul) (((mul) (m)) (n))) (`b))) (((mul) (((mul) (m)) (n))) (`c))))); best term: (left-multiply) (((mul) (m)) (n)) with weight 0.004742002287096483
Type: (`b : M ) ~> ((`c : M ) ~> ((((eqM) (`b)) (`c)) → (((eqM) (((mul) (`b)) (n))) (((mul) (`c)) (n))))); best term: (right-multiply) (n) with weight 0.004697379502371341
2020.06.19 09:45:37 [INFO] provingground.learning.HoTTBot.$anonfun:976:24 - Terms in base (used with tangents above): 2
Type: (`b : M ) ~> ((`c : M ) ~> ((((eqM) (`b)) (`c)) → (((eqM) (((mul) (((mul) (m)) (n))) (`b))) (((mul) (((mul) (m)) (n))) (`c))))); best term: (left-multiply) (((mul) (m)) (n)) with weight 0.03669519352259319
Type: (`b : M ) ~> ((`c : M ) ~> ((((eqM) (`b)) (`c)) → (((eqM) (((mul) (`b)) (n))) (((mul) (`c)) (n))))); best term: (right-multiply) (n) with weight 0.03669519352259319
2020.06.19 09:45:37 [INFO] provingground.learning.HoTTBot.$anonfun:976:24 - Terms in base (used with tangents above): 1
Type: (`a : M ) ~> ((`b : M ) ~> ((`c : M ) ~> ((((eqM) (`a)) (`b)) → ((((eqM) (`b)) (`c)) → (((eqM) (`a)) (`c)))))); best term: trans with weight 0.5
2020.06.19 09:45:37 [INFO] provingground.learning.HoTTBot.$anonfun:1015:22 - 54 tangent provers after filtering
2020.06.19 09:45:41 [INFO] provingground.learning.HoTTBot.$anonfun:1020:30 - obtained 12932 equation nodes
2020.06.19 09:45:41 [INFO] provingground.learning.HoTTBot.$anonfun:1022:30 - provers still running: 53
2020.06.19 09:45:46 [INFO] provingground.learning.HoTTBot.$anonfun:1020:30 - obtained 12932 equation nodes
2020.06.19 09:45:46 [INFO] provingground.learning.HoTTBot.$anonfun:1022:30 - provers still running: 52
2020.06.19 09:45:47 [INFO] provingground.learning.HoTTBot.$anonfun:1020:30 - obtained 13074 equation nodes
2020.06.19 09:45:47 [INFO] provingground.learning.HoTTBot.$anonfun:1022:30 - provers still running: 51
2020.06.19 09:45:51 [INFO] provingground.learning.HoTTBot.$anonfun:1020:30 - obtained 13054 equation nodes
2020.06.19 09:45:51 [INFO] provingground.learning.HoTTBot.$anonfun:1022:30 - provers still running: 50
2020.06.19 09:45:51 [INFO] provingground.learning.HoTTBot.$anonfun:1020:30 - obtained 12932 equation nodes
2020.06.19 09:45:51 [INFO] provingground.learning.HoTTBot.$anonfun:1022:30 - provers still running: 49
2020.06.19 09:45:53 [INFO] provingground.learning.HoTTBot.$anonfun:1020:30 - obtained 12932 equation nodes
2020.06.19 09:45:53 [INFO] provingground.learning.HoTTBot.$anonfun:1022:30 - provers still running: 48
2020.06.19 09:46:01 [INFO] provingground.learning.HoTTBot.$anonfun:1020:30 - obtained 13068 equation nodes
2020.06.19 09:46:01 [INFO] provingground.learning.HoTTBot.$anonfun:1022:30 - provers still running: 47
2020.06.19 09:46:06 [INFO] provingground.learning.HoTTBot.$anonfun:1020:30 - obtained 12932 equation nodes
2020.06.19 09:46:06 [INFO] provingground.learning.HoTTBot.$anonfun:1022:30 - provers still running: 46
2020.06.19 09:46:11 [INFO] provingground.learning.HoTTBot.$anonfun:1020:30 - obtained 13084 equation nodes
2020.06.19 09:46:11 [INFO] provingground.learning.HoTTBot.$anonfun:1022:30 - provers still running: 45
2020.06.19 09:46:13 [INFO] provingground.learning.HoTTBot.$anonfun:1020:30 - obtained 13112 equation nodes
2020.06.19 09:46:13 [INFO] provingground.learning.HoTTBot.$anonfun:1022:30 - provers still running: 44
2020.06.19 09:46:13 [INFO] provingground.learning.HoTTBot.$anonfun:1020:30 - obtained 13064 equation nodes
2020.06.19 09:46:13 [INFO] provingground.learning.HoTTBot.$anonfun:1022:30 - provers still running: 43
2020.06.19 09:46:14 [INFO] provingground.learning.HoTTBot.$anonfun:1020:30 - obtained 12932 equation nodes
2020.06.19 09:46:14 [INFO] provingground.learning.HoTTBot.$anonfun:1022:30 - provers still running: 42
2020.06.19 09:46:15 [INFO] provingground.learning.HoTTBot.$anonfun:1020:30 - obtained 13068 equation nodes
2020.06.19 09:46:15 [INFO] provingground.learning.HoTTBot.$anonfun:1022:30 - provers still running: 41
2020.06.19 09:46:18 [INFO] provingground.learning.HoTTBot.$anonfun:1020:30 - obtained 12932 equation nodes
2020.06.19 09:46:18 [INFO] provingground.learning.HoTTBot.$anonfun:1022:30 - provers still running: 40
2020.06.19 09:46:20 [INFO] provingground.learning.HoTTBot.$anonfun:1020:30 - obtained 12932 equation nodes
2020.06.19 09:46:20 [INFO] provingground.learning.HoTTBot.$anonfun:1022:30 - provers still running: 39
2020.06.19 09:46:20 [INFO] provingground.learning.HoTTBot.$anonfun:1020:30 - obtained 12932 equation nodes
2020.06.19 09:46:20 [INFO] provingground.learning.HoTTBot.$anonfun:1022:30 - provers still running: 38
2020.06.19 09:46:22 [INFO] provingground.learning.HoTTBot.$anonfun:1020:30 - obtained 13102 equation nodes
2020.06.19 09:46:22 [INFO] provingground.learning.HoTTBot.$anonfun:1022:30 - provers still running: 37
2020.06.19 09:46:23 [INFO] provingground.learning.HoTTBot.$anonfun:1020:30 - obtained 12932 equation nodes
2020.06.19 09:46:23 [INFO] provingground.learning.HoTTBot.$anonfun:1022:30 - provers still running: 36
2020.06.19 09:46:25 [INFO] provingground.learning.HoTTBot.$anonfun:1020:30 - obtained 13064 equation nodes
2020.06.19 09:46:25 [INFO] provingground.learning.HoTTBot.$anonfun:1022:30 - provers still running: 35
2020.06.19 09:46:26 [INFO] provingground.learning.HoTTBot.$anonfun:1020:30 - obtained 12932 equation nodes
2020.06.19 09:46:26 [INFO] provingground.learning.HoTTBot.$anonfun:1022:30 - provers still running: 34
2020.06.19 09:46:27 [INFO] provingground.learning.HoTTBot.$anonfun:1020:30 - obtained 13112 equation nodes
2020.06.19 09:46:27 [INFO] provingground.learning.HoTTBot.$anonfun:1022:30 - provers still running: 33
2020.06.19 09:46:27 [INFO] provingground.learning.HoTTBot.$anonfun:1020:30 - obtained 12932 equation nodes
2020.06.19 09:46:27 [INFO] provingground.learning.HoTTBot.$anonfun:1022:30 - provers still running: 32
2020.06.19 09:46:27 [INFO] provingground.learning.HoTTBot.$anonfun:1020:30 - obtained 13054 equation nodes
2020.06.19 09:46:27 [INFO] provingground.learning.HoTTBot.$anonfun:1022:30 - provers still running: 31
2020.06.19 09:46:29 [INFO] provingground.learning.HoTTBot.$anonfun:1020:30 - obtained 13112 equation nodes
2020.06.19 09:46:29 [INFO] provingground.learning.HoTTBot.$anonfun:1022:30 - provers still running: 30
2020.06.19 09:46:30 [INFO] provingground.learning.HoTTBot.$anonfun:1020:30 - obtained 12932 equation nodes
2020.06.19 09:46:30 [INFO] provingground.learning.HoTTBot.$anonfun:1022:30 - provers still running: 29
2020.06.19 09:46:30 [INFO] provingground.learning.HoTTBot.$anonfun:1020:30 - obtained 12932 equation nodes
2020.06.19 09:46:30 [INFO] provingground.learning.HoTTBot.$anonfun:1022:30 - provers still running: 28
2020.06.19 09:46:32 [INFO] provingground.learning.HoTTBot.$anonfun:1020:30 - obtained 12932 equation nodes
2020.06.19 09:46:32 [INFO] provingground.learning.HoTTBot.$anonfun:1022:30 - provers still running: 27
2020.06.19 09:46:33 [INFO] provingground.learning.HoTTBot.$anonfun:1020:30 - obtained 13058 equation nodes
2020.06.19 09:46:33 [INFO] provingground.learning.HoTTBot.$anonfun:1022:30 - provers still running: 26
2020.06.19 09:46:35 [INFO] provingground.learning.HoTTBot.$anonfun:1020:30 - obtained 13102 equation nodes
2020.06.19 09:46:35 [INFO] provingground.learning.HoTTBot.$anonfun:1022:30 - provers still running: 25
2020.06.19 09:46:37 [INFO] provingground.learning.HoTTBot.$anonfun:1020:30 - obtained 13092 equation nodes
2020.06.19 09:46:37 [INFO] provingground.learning.HoTTBot.$anonfun:1022:30 - provers still running: 24
2020.06.19 09:46:38 [INFO] provingground.learning.HoTTBot.$anonfun:1020:30 - obtained 13058 equation nodes
2020.06.19 09:46:38 [INFO] provingground.learning.HoTTBot.$anonfun:1022:30 - provers still running: 23
2020.06.19 09:46:39 [INFO] provingground.learning.HoTTBot.$anonfun:1020:30 - obtained 13074 equation nodes
2020.06.19 09:46:39 [INFO] provingground.learning.HoTTBot.$anonfun:1022:30 - provers still running: 22
2020.06.19 09:46:40 [INFO] provingground.learning.HoTTBot.$anonfun:1020:30 - obtained 12932 equation nodes
2020.06.19 09:46:40 [INFO] provingground.learning.HoTTBot.$anonfun:1022:30 - provers still running: 21
2020.06.19 09:46:42 [INFO] provingground.learning.HoTTBot.$anonfun:1020:30 - obtained 12932 equation nodes
2020.06.19 09:46:42 [INFO] provingground.learning.HoTTBot.$anonfun:1022:30 - provers still running: 20
2020.06.19 09:46:43 [INFO] provingground.learning.HoTTBot.$anonfun:1020:30 - obtained 12932 equation nodes
2020.06.19 09:46:43 [INFO] provingground.learning.HoTTBot.$anonfun:1022:30 - provers still running: 19
2020.06.19 09:46:50 [INFO] provingground.learning.HoTTBot.$anonfun:1020:30 - obtained 13074 equation nodes
2020.06.19 09:46:50 [INFO] provingground.learning.HoTTBot.$anonfun:1022:30 - provers still running: 18
2020.06.19 09:57:48 [ERROR] provingground.learning.HoTTBot.$anonfun.applyOrElse:1027:33 - Task timed-out after 12 minutes of inactivity
2020.06.19 09:57:48 [INFO] provingground.learning.HoTTBot.$anonfun.applyOrElse:1030:32 - provers still running: 17
2020.06.19 09:57:49 [ERROR] provingground.learning.HoTTBot.$anonfun.applyOrElse:1027:33 - Task timed-out after 12 minutes of inactivity
2020.06.19 09:57:49 [INFO] provingground.learning.HoTTBot.$anonfun.applyOrElse:1030:32 - provers still running: 16
2020.06.19 09:57:49 [ERROR] provingground.learning.HoTTBot.$anonfun.applyOrElse:1027:33 - Task timed-out after 12 minutes of inactivity
2020.06.19 09:57:49 [INFO] provingground.learning.HoTTBot.$anonfun.applyOrElse:1030:32 - provers still running: 15
2020.06.19 09:57:53 [ERROR] provingground.learning.HoTTBot.$anonfun.applyOrElse:1027:33 - Task timed-out after 12 minutes of inactivity
2020.06.19 09:57:53 [INFO] provingground.learning.HoTTBot.$anonfun.applyOrElse:1030:32 - provers still running: 14
2020.06.19 09:57:53 [ERROR] provingground.learning.HoTTBot.$anonfun.applyOrElse:1027:33 - Task timed-out after 12 minutes of inactivity
2020.06.19 09:57:53 [INFO] provingground.learning.HoTTBot.$anonfun.applyOrElse:1030:32 - provers still running: 13
2020.06.19 09:57:53 [ERROR] provingground.learning.HoTTBot.$anonfun.applyOrElse:1027:33 - Task timed-out after 12 minutes of inactivity
2020.06.19 09:57:53 [INFO] provingground.learning.HoTTBot.$anonfun.applyOrElse:1030:32 - provers still running: 12
2020.06.19 09:57:53 [ERROR] provingground.learning.HoTTBot.$anonfun.applyOrElse:1027:33 - Task timed-out after 12 minutes of inactivity
2020.06.19 09:57:53 [INFO] provingground.learning.HoTTBot.$anonfun.applyOrElse:1030:32 - provers still running: 11
2020.06.19 09:57:53 [ERROR] provingground.learning.HoTTBot.$anonfun.applyOrElse:1027:33 - Task timed-out after 12 minutes of inactivity
2020.06.19 09:57:53 [INFO] provingground.learning.HoTTBot.$anonfun.applyOrElse:1030:32 - provers still running: 10
2020.06.19 09:57:54 [ERROR] provingground.learning.HoTTBot.$anonfun.applyOrElse:1027:33 - Task timed-out after 12 minutes of inactivity
2020.06.19 09:57:54 [INFO] provingground.learning.HoTTBot.$anonfun.applyOrElse:1030:32 - provers still running: 9
2020.06.19 09:57:54 [ERROR] provingground.learning.HoTTBot.$anonfun.applyOrElse:1027:33 - Task timed-out after 12 minutes of inactivity
2020.06.19 09:57:54 [INFO] provingground.learning.HoTTBot.$anonfun.applyOrElse:1030:32 - provers still running: 8
2020.06.19 09:57:54 [ERROR] provingground.learning.HoTTBot.$anonfun.applyOrElse:1027:33 - Task timed-out after 12 minutes of inactivity
2020.06.19 09:57:54 [INFO] provingground.learning.HoTTBot.$anonfun.applyOrElse:1030:32 - provers still running: 7
2020.06.19 09:57:54 [ERROR] provingground.learning.HoTTBot.$anonfun.applyOrElse:1027:33 - Task timed-out after 12 minutes of inactivity
2020.06.19 09:57:54 [INFO] provingground.learning.HoTTBot.$anonfun.applyOrElse:1030:32 - provers still running: 6
2020.06.19 09:57:54 [ERROR] provingground.learning.HoTTBot.$anonfun.applyOrElse:1027:33 - Task timed-out after 12 minutes of inactivity
2020.06.19 09:57:54 [INFO] provingground.learning.HoTTBot.$anonfun.applyOrElse:1030:32 - provers still running: 5
2020.06.19 09:57:54 [ERROR] provingground.learning.HoTTBot.$anonfun.applyOrElse:1027:33 - Task timed-out after 12 minutes of inactivity
2020.06.19 09:57:54 [INFO] provingground.learning.HoTTBot.$anonfun.applyOrElse:1030:32 - provers still running: 4
2020.06.19 09:57:54 [ERROR] provingground.learning.HoTTBot.$anonfun.applyOrElse:1027:33 - Task timed-out after 12 minutes of inactivity
2020.06.19 09:57:54 [INFO] provingground.learning.HoTTBot.$anonfun.applyOrElse:1030:32 - provers still running: 3
2020.06.19 09:57:54 [ERROR] provingground.learning.HoTTBot.$anonfun.applyOrElse:1027:33 - Task timed-out after 12 minutes of inactivity
2020.06.19 09:57:54 [INFO] provingground.learning.HoTTBot.$anonfun.applyOrElse:1030:32 - provers still running: 2
2020.06.19 09:57:54 [ERROR] provingground.learning.HoTTBot.$anonfun.applyOrElse:1027:33 - Task timed-out after 12 minutes of inactivity
2020.06.19 09:57:54 [INFO] provingground.learning.HoTTBot.$anonfun.applyOrElse:1030:32 - provers still running: 1
2020.06.19 09:57:54 [ERROR] provingground.learning.HoTTBot.$anonfun.applyOrElse:1027:33 - Task timed-out after 12 minutes of inactivity
2020.06.19 09:57:54 [INFO] provingground.learning.HoTTBot.$anonfun.applyOrElse:1030:32 - provers still running: 0
