2020.10.19 09:14:59 [INFO] provingground.interface.SigmaProve:26:14 - 
This is a Bot based run for testing backward reasoning by instantiation.
During chomps sigma-types were proved directly, so here instead we act using sigma-backward 
before launching. 

2020.10.19 09:14:59 [INFO] provingground.interface.SigmaProve:34:14 - Number of threads: 8
2020.10.19 09:14:59 [INFO] provingground.interface.SigmaProve.<local SigmaProve>:36:50 - JAVA_OPTS: -Xms512m -Xmx4g -XX:+UnlockDiagnosticVMOptions -XX:+DebugNonSafepoints
2020.10.19 09:14:59 [INFO] provingground.interface.SigmaProve.<local SigmaProve>:38:50 - JAVA_HOME: /usr/lib/jvm/java-8-oracle
2020.10.19 09:14:59 [INFO] provingground.learning.PostBuffer.$anon.post:266:22 - Post; tag: TypeTag[provingground.learning.LocalProver], id: (1,-537015682), content:
LocalProver(TermState([Unit : 0.3333333333333333, Zero : 0.3333333333333333, Star : 0.3333333333333333],[𝒰 _0 : 0.3333333333333333, Unit : 0.3333333333333333, Zero : 0.3333333333333333],Vector(),[],[],Empty),TermGenParams(0.1,0.1,0.1,0.1,0.1,0.0,0.05,0.05,0.05,0.0,0.0,0.05,0.0,0.3,0.7,0.5,0.0,0.05,0.0,<function1>),1.0E-5,None,12 minutes,1.01,1.0,10000,10,1.0,1.0,None,false,false,0.5,1.0,None), hash: -537015682
2020.10.19 09:14:59 [INFO] provingground.learning.PostBuffer.$anon.post:266:22 - Post; tag: TypeTag[provingground.learning.HoTTMessages.SeekGoal], id: (2,-736912502), content:
SeekGoal(∑((`A :  𝒰 _0) ↦ ((`A) → (Zero))),Empty,Set()), hash: -736912502
2020.10.19 09:14:59 [INFO] provingground.learning.TypedPostResponse.MicroBot.post:237:18 - triggered response 'sigma-type resolved' of type TypeTag[Option[provingground.learning.HoTTMessages.SeekInstances]] to post of type TypeTag[provingground.learning.HoTTMessages.SeekGoal] with input hash -736912502
2020.10.19 09:14:59 [INFO] provingground.learning.PostBuffer.$anon.post:266:22 - Post; tag: TypeTag[provingground.learning.HoTTMessages.SeekInstances], id: (3,1807762493), content:
provingground.learning.HoTTMessages$SeekInstances$$anon$1@6bc0443d, hash: 1807762493
2020.10.19 09:14:59 [INFO] provingground.learning.TypedPostResponse.MicroBot.$anonfun.applyOrElse:251:26 - completed response 'sigma-type resolved' of type TypeTag[Option[provingground.learning.HoTTMessages.SeekInstances]] to posts of type TypeTag[provingground.learning.HoTTMessages.SeekGoal] with input hash -736912502
2020.10.19 09:15:09 [INFO] provingground.learning.TypedPostResponse.MiniBot.post:363:20 - triggered (multiple) responses 9da18e10 of type TypeTag[provingground.learning.HoTTMessages.Weight :: provingground.learning.HoTTMessages.Instance :: shapeless.HNil] to posts of type TypeTag[provingground.learning.HoTTMessages.SeekInstances]
2020.10.19 09:15:09 [INFO] provingground.learning.HoTTBot.$anonfun:2195:28 - seeking instances for 𝒰 _0 with cutoff 1.0E-5
2020.10.19 09:15:12 [INFO] provingground.learning.PostBuffer.$anon.post:266:22 - Post; tag: TypeTag[provingground.learning.HoTTMessages.Weight], id: (4,195635309), content:
Weight(0.4993317300695646), hash: 195635309
2020.10.19 09:15:12 [INFO] provingground.learning.PostBuffer.$anon.post:266:22 - Post; tag: TypeTag[provingground.learning.HoTTMessages.Weight], id: (6,1874638290), content:
Weight(5.525464365793037E-5), hash: 1874638290
2020.10.19 09:15:12 [INFO] provingground.learning.PostBuffer.$anon.post:266:22 - Post; tag: TypeTag[provingground.learning.HoTTMessages.Weight], id: (6,1461429585), content:
Weight(0.5006130152867776), hash: 1461429585
2020.10.19 09:15:12 [INFO] provingground.learning.PostBuffer.$anon.post:266:22 - Post; tag: TypeTag[provingground.learning.HoTTMessages.Instance], id: (7,411471248), content:
Instance(Zero,𝒰 _0,Empty), hash: 411471248
2020.10.19 09:15:12 [INFO] provingground.learning.PostBuffer.$anon.post:266:22 - Post; tag: TypeTag[provingground.learning.HoTTMessages.Instance], id: (9,-1694530019), content:
Instance(Unit,𝒰 _0,Empty), hash: -1694530019
2020.10.19 09:15:12 [INFO] provingground.learning.PostBuffer.$anon.post:266:22 - Post; tag: TypeTag[provingground.learning.HoTTMessages.Instance], id: (8,-879405509), content:
Instance((Unit) → (Unit),𝒰 _0,Empty), hash: -879405509
2020.10.19 09:15:12 [INFO] provingground.learning.TypedPostResponse.MiniBot.$anonfun.applyOrElse:379:28 - completed all responses 9da18e10 of type TypeTag[provingground.learning.HoTTMessages.Weight :: provingground.learning.HoTTMessages.Instance :: shapeless.HNil] to posts of type TypeTag[provingground.learning.HoTTMessages.SeekInstances]
2020.10.19 09:15:12 [INFO] provingground.learning.TypedPostResponse.MicroBot.post:237:18 - triggered response '9b15e4' of type TypeTag[Option[provingground.learning.HoTTMessages.Consequence :: provingground.learning.HoTTMessages.SeekGoal :: shapeless.HNil]] to post of type TypeTag[provingground.learning.HoTTMessages.Instance] with input hash 411471248
2020.10.19 09:15:12 [INFO] provingground.learning.TypedPostResponse.MicroBot.post:237:18 - triggered response '9b15e4' of type TypeTag[Option[provingground.learning.HoTTMessages.Consequence :: provingground.learning.HoTTMessages.SeekGoal :: shapeless.HNil]] to post of type TypeTag[provingground.learning.HoTTMessages.Instance] with input hash -1694530019
2020.10.19 09:15:12 [INFO] provingground.learning.TypedPostResponse.MicroBot.post:237:18 - triggered response '9b15e4' of type TypeTag[Option[provingground.learning.HoTTMessages.Consequence :: provingground.learning.HoTTMessages.SeekGoal :: shapeless.HNil]] to post of type TypeTag[provingground.learning.HoTTMessages.Instance] with input hash -879405509
2020.10.19 09:15:12 [INFO] provingground.learning.PostBuffer.$anon.post:266:22 - Post; tag: TypeTag[provingground.learning.HoTTMessages.Consequence], id: (11,-977793162), content:
Consequence((Unit) → (Zero),∑((`A :  𝒰 _0) ↦ ((`A) → (Zero))),Some(Wrap((`$cpsh :  (Unit) → (Zero)) ↦ (((Unit) , (`$cpsh))))),Empty), hash: -977793162
2020.10.19 09:15:12 [INFO] provingground.learning.PostBuffer.$anon.post:266:22 - Post; tag: TypeTag[provingground.learning.HoTTMessages.Consequence], id: (11,1864437303), content:
Consequence(((Unit) → (Unit)) → (Zero),∑((`A :  𝒰 _0) ↦ ((`A) → (Zero))),Some(Wrap((`$cptj :  ((Unit) → (Unit)) → (Zero)) ↦ ((((Unit) → (Unit)) , (`$cptj))))),Empty), hash: 1864437303
2020.10.19 09:15:12 [INFO] provingground.learning.PostBuffer.$anon.post:266:22 - Post; tag: TypeTag[provingground.learning.HoTTMessages.Consequence], id: (11,-570608674), content:
Consequence((Zero) → (Zero),∑((`A :  𝒰 _0) ↦ ((`A) → (Zero))),Some(Wrap((`$cpsh :  (Zero) → (Zero)) ↦ (((Zero) , (`$cpsh))))),Empty), hash: -570608674
2020.10.19 09:15:12 [INFO] provingground.learning.PostBuffer.$anon.post:266:22 - Post; tag: TypeTag[provingground.learning.HoTTMessages.SeekGoal], id: (14,-274361936), content:
SeekGoal(((Unit) → (Unit)) → (Zero),Empty,Set(∑((`A :  𝒰 _0) ↦ ((`A) → (Zero))))), hash: -274361936
2020.10.19 09:15:12 [INFO] provingground.learning.PostBuffer.$anon.post:266:22 - Post; tag: TypeTag[provingground.learning.HoTTMessages.SeekGoal], id: (14,-274361936), content:
SeekGoal((Unit) → (Zero),Empty,Set(∑((`A :  𝒰 _0) ↦ ((`A) → (Zero))))), hash: -274361936
2020.10.19 09:15:12 [INFO] provingground.learning.PostBuffer.$anon.post:266:22 - Post; tag: TypeTag[provingground.learning.HoTTMessages.SeekGoal], id: (14,-274361936), content:
SeekGoal((Zero) → (Zero),Empty,Set(∑((`A :  𝒰 _0) ↦ ((`A) → (Zero))))), hash: -274361936
2020.10.19 09:15:12 [INFO] provingground.learning.TypedPostResponse.MicroBot.$anonfun.applyOrElse:251:26 - completed response '9b15e4' of type TypeTag[Option[provingground.learning.HoTTMessages.Consequence :: provingground.learning.HoTTMessages.SeekGoal :: shapeless.HNil]] to posts of type TypeTag[provingground.learning.HoTTMessages.Instance] with input hash -1694530019
2020.10.19 09:15:12 [INFO] provingground.learning.TypedPostResponse.MicroBot.$anonfun.applyOrElse:251:26 - completed response '9b15e4' of type TypeTag[Option[provingground.learning.HoTTMessages.Consequence :: provingground.learning.HoTTMessages.SeekGoal :: shapeless.HNil]] to posts of type TypeTag[provingground.learning.HoTTMessages.Instance] with input hash -879405509
2020.10.19 09:15:12 [INFO] provingground.learning.TypedPostResponse.MicroBot.post:237:18 - triggered response 'attempting goal' of type TypeTag[Option[Either[provingground.learning.HoTTMessages.FailedToProve,provingground.learning.HoTTMessages.Proved]]] to post of type TypeTag[provingground.learning.HoTTMessages.SeekGoal] with input hash -274361936
2020.10.19 09:15:12 [INFO] provingground.learning.TypedPostResponse.MicroBot.$anonfun.applyOrElse:251:26 - completed response '9b15e4' of type TypeTag[Option[provingground.learning.HoTTMessages.Consequence :: provingground.learning.HoTTMessages.SeekGoal :: shapeless.HNil]] to posts of type TypeTag[provingground.learning.HoTTMessages.Instance] with input hash 411471248
2020.10.19 09:15:12 [INFO] provingground.learning.TypedPostResponse.MicroBot.post:237:18 - triggered response 'attempting goal' of type TypeTag[Option[Either[provingground.learning.HoTTMessages.FailedToProve,provingground.learning.HoTTMessages.Proved]]] to post of type TypeTag[provingground.learning.HoTTMessages.SeekGoal] with input hash -274361936
2020.10.19 09:15:12 [INFO] provingground.learning.TypedPostResponse.MicroBot.post:237:18 - triggered response 'attempting goal' of type TypeTag[Option[Either[provingground.learning.HoTTMessages.FailedToProve,provingground.learning.HoTTMessages.Proved]]] to post of type TypeTag[provingground.learning.HoTTMessages.SeekGoal] with input hash -274361936
2020.10.19 09:15:12 [INFO] provingground.learning.HoTTBot.$anonfun:2548:30 - attempting SeekGoal((Zero) → (Zero),Empty,Set(∑((`A :  𝒰 _0) ↦ ((`A) → (Zero))))) with cutoff 0.18098026406446222
2020.10.19 09:15:12 [INFO] provingground.learning.HoTTBot.$anonfun:2548:30 - attempting SeekGoal(((Unit) → (Unit)) → (Zero),Empty,Set(∑((`A :  𝒰 _0) ↦ ((`A) → (Zero))))) with cutoff 0.18098026406446222
2020.10.19 09:15:12 [INFO] provingground.learning.HoTTBot.$anonfun:2548:30 - attempting SeekGoal((Unit) → (Zero),Empty,Set(∑((`A :  𝒰 _0) ↦ ((`A) → (Zero))))) with cutoff 0.18098026406446222
2020.10.19 09:15:12 [INFO] provingground.learning.PostBuffer.$anon.post:266:22 - Post; tag: TypeTag[provingground.learning.HoTTMessages.FailedToProve], id: (15,558094043), content:
FailedToProve(((Unit) → (Unit)) → (Zero),Empty,Set(∑((`A :  𝒰 _0) ↦ ((`A) → (Zero))))), hash: 558094043
2020.10.19 09:15:12 [INFO] provingground.learning.PostBuffer.$anon.post:266:22 - Post; tag: TypeTag[provingground.learning.HoTTMessages.Proved], id: (17,1918338932), content:
Proved((Zero) → (Zero),Some(rec(Zero)(Zero)),Empty), hash: 1918338932
2020.10.19 09:15:12 [INFO] provingground.learning.PostBuffer.$anon.post:266:22 - Post; tag: TypeTag[provingground.learning.HoTTMessages.FailedToProve], id: (16,558094043), content:
FailedToProve((Unit) → (Zero),Empty,Set(∑((`A :  𝒰 _0) ↦ ((`A) → (Zero))))), hash: 558094043
2020.10.19 09:15:12 [INFO] provingground.learning.TypedPostResponse.MicroBot.$anonfun.applyOrElse:251:26 - completed response 'attempting goal' of type TypeTag[Option[Either[provingground.learning.HoTTMessages.FailedToProve,provingground.learning.HoTTMessages.Proved]]] to posts of type TypeTag[provingground.learning.HoTTMessages.SeekGoal] with input hash -274361936
2020.10.19 09:15:12 [INFO] provingground.learning.TypedPostResponse.MicroBot.$anonfun.applyOrElse:251:26 - completed response 'attempting goal' of type TypeTag[Option[Either[provingground.learning.HoTTMessages.FailedToProve,provingground.learning.HoTTMessages.Proved]]] to posts of type TypeTag[provingground.learning.HoTTMessages.SeekGoal] with input hash -274361936
2020.10.19 09:15:12 [INFO] provingground.learning.TypedPostResponse.MicroBot.$anonfun.applyOrElse:251:26 - completed response 'attempting goal' of type TypeTag[Option[Either[provingground.learning.HoTTMessages.FailedToProve,provingground.learning.HoTTMessages.Proved]]] to posts of type TypeTag[provingground.learning.HoTTMessages.SeekGoal] with input hash -274361936
2020.10.19 09:15:12 [INFO] provingground.learning.TypedPostResponse.MiniBot.post:363:20 - triggered (multiple) responses 3d169b94 of type TypeTag[Either[provingground.learning.HoTTMessages.Contradicted,provingground.learning.HoTTMessages.Proved]] to posts of type TypeTag[provingground.learning.HoTTMessages.Proved]
2020.10.19 09:15:12 [INFO] provingground.learning.TypedPostResponse.MicroBot.post:237:18 - triggered response 'negating goal' of type TypeTag[Option[provingground.learning.HoTTMessages.Contradicts :: provingground.learning.HoTTMessages.SeekGoal :: shapeless.HNil]] to post of type TypeTag[provingground.learning.HoTTMessages.FailedToProve] with input hash 558094043
2020.10.19 09:15:12 [INFO] provingground.learning.TypedPostResponse.MicroBot.post:237:18 - triggered response 'negating goal' of type TypeTag[Option[provingground.learning.HoTTMessages.Contradicts :: provingground.learning.HoTTMessages.SeekGoal :: shapeless.HNil]] to post of type TypeTag[provingground.learning.HoTTMessages.FailedToProve] with input hash 558094043
2020.10.19 09:15:12 [INFO] provingground.learning.TypedPostResponse.Callback.post:196:18 - triggered callback '30250a6d' for type TypeTag[provingground.learning.HoTTMessages.Proved] with input hash 1918338932
2020.10.19 09:15:12 [INFO] provingground.learning.TypedPostResponse.MicroBot.post:237:18 - triggered response 'skolemizing goal' of type TypeTag[Option[provingground.learning.HoTTMessages.Consequence :: provingground.learning.HoTTMessages.SeekGoal :: shapeless.HNil]] to post of type TypeTag[provingground.learning.HoTTMessages.FailedToProve] with input hash 558094043
2020.10.19 09:15:12 [INFO] provingground.learning.TypedPostResponse.MicroBot.post:237:18 - triggered response 'skolemizing goal' of type TypeTag[Option[provingground.learning.HoTTMessages.Consequence :: provingground.learning.HoTTMessages.SeekGoal :: shapeless.HNil]] to post of type TypeTag[provingground.learning.HoTTMessages.FailedToProve] with input hash 558094043
2020.10.19 09:15:12 [INFO] provingground.learning.TypedPostResponse.Callback.post:196:18 - triggered callback '9a626c8f' for type TypeTag[provingground.learning.HoTTMessages.Proved] with input hash 1918338932
2020.10.19 09:15:12 [INFO] provingground.learning.TypedPostResponse.MicroBot.post:237:18 - triggered response 'prove by contradicting hypothesis' of type TypeTag[Option[provingground.learning.HoTTMessages.Consequence :: provingground.learning.HoTTMessages.SeekGoal :: shapeless.HNil]] to post of type TypeTag[provingground.learning.HoTTMessages.FailedToProve] with input hash 558094043
2020.10.19 09:15:12 [INFO] provingground.learning.TypedPostResponse.MicroBot.$anonfun.applyOrElse:251:26 - completed response 'skolemizing goal' of type TypeTag[Option[provingground.learning.HoTTMessages.Consequence :: provingground.learning.HoTTMessages.SeekGoal :: shapeless.HNil]] to posts of type TypeTag[provingground.learning.HoTTMessages.FailedToProve] with input hash 558094043
2020.10.19 09:15:12 [INFO] provingground.learning.TypedPostResponse.MicroBot.$anonfun.applyOrElse:251:26 - completed response 'skolemizing goal' of type TypeTag[Option[provingground.learning.HoTTMessages.Consequence :: provingground.learning.HoTTMessages.SeekGoal :: shapeless.HNil]] to posts of type TypeTag[provingground.learning.HoTTMessages.FailedToProve] with input hash 558094043
2020.10.19 09:15:12 [INFO] provingground.learning.TypedPostResponse.MicroBot.post:237:18 - triggered response 'prove by contradicting hypothesis' of type TypeTag[Option[provingground.learning.HoTTMessages.Consequence :: provingground.learning.HoTTMessages.SeekGoal :: shapeless.HNil]] to post of type TypeTag[provingground.learning.HoTTMessages.FailedToProve] with input hash 558094043
2020.10.19 09:15:12 [INFO] provingground.learning.HoTTBot.$anonfun:667:36 - try to prove Zero as contradicting hypothesis  for (Unit) → (Zero)
2020.10.19 09:15:12 [INFO] provingground.learning.HoTTBot.$anonfun:334:26 - Proved (Zero) → (Zero) by Some(rec(Zero)(Zero)) in context Empty
2020.10.19 09:15:12 [INFO] provingground.learning.TypedPostResponse.Callback.$anonfun.applyOrElse:200:33 - completed callback '30250a6d' for type TypeTag[provingground.learning.HoTTMessages.Proved] with input hash 1918338932
2020.10.19 09:15:12 [INFO] provingground.learning.TypedPostResponse.MicroBot.$anonfun.applyOrElse:251:26 - completed response 'negating goal' of type TypeTag[Option[provingground.learning.HoTTMessages.Contradicts :: provingground.learning.HoTTMessages.SeekGoal :: shapeless.HNil]] to posts of type TypeTag[provingground.learning.HoTTMessages.FailedToProve] with input hash 558094043
2020.10.19 09:15:12 [INFO] provingground.learning.TypedPostResponse.MicroBot.$anonfun.applyOrElse:251:26 - completed response 'negating goal' of type TypeTag[Option[provingground.learning.HoTTMessages.Contradicts :: provingground.learning.HoTTMessages.SeekGoal :: shapeless.HNil]] to posts of type TypeTag[provingground.learning.HoTTMessages.FailedToProve] with input hash 558094043
2020.10.19 09:15:12 [INFO] provingground.learning.TypedPostResponse.MicroBot.post:237:18 - triggered response 'product resolved' of type TypeTag[Option[provingground.learning.HoTTMessages.FromAll]] to post of type TypeTag[provingground.learning.HoTTMessages.FailedToProve] with input hash 558094043
2020.10.19 09:15:12 [INFO] provingground.learning.PostBuffer.$anon.post:266:22 - Post; tag: TypeTag[provingground.learning.HoTTMessages.Proved], id: (18,-1736120698), content:
Proved(∑((`A :  𝒰 _0) ↦ ((`A) → (Zero))),Some(((Zero) , (rec(Zero)(Zero)))),Empty), hash: -1736120698
2020.10.19 09:15:12 [INFO] provingground.learning.TypedPostResponse.MicroBot.post:237:18 - triggered response 'coproduct resolved' of type TypeTag[Option[provingground.learning.HoTTMessages.FromAny]] to post of type TypeTag[provingground.learning.HoTTMessages.FailedToProve] with input hash 558094043
2020.10.19 09:15:12 [INFO] provingground.learning.TypedPostResponse.MicroBot.post:237:18 - triggered response 'c92f5e5d' of type TypeTag[Option[provingground.learning.HoTTMessages.SeekGoal]] to post of type TypeTag[provingground.learning.HoTTMessages.FailedToProve] with input hash 558094043
2020.10.19 09:15:12 [INFO] provingground.learning.TypedPostResponse.MicroBot.post:237:18 - triggered response 'product resolved' of type TypeTag[Option[provingground.learning.HoTTMessages.FromAll]] to post of type TypeTag[provingground.learning.HoTTMessages.FailedToProve] with input hash 558094043
2020.10.19 09:15:12 [INFO] provingground.learning.TypedPostResponse.MicroBot.$anonfun.applyOrElse:251:26 - completed response 'coproduct resolved' of type TypeTag[Option[provingground.learning.HoTTMessages.FromAny]] to posts of type TypeTag[provingground.learning.HoTTMessages.FailedToProve] with input hash 558094043
2020.10.19 09:15:12 [INFO] provingground.learning.HoTTBot.$anonfun:2622:32 - remaining top level goals: 1
2020.10.19 09:15:12 [INFO] provingground.learning.TypedPostResponse.MiniBot.$anonfun.applyOrElse:379:28 - completed all responses 3d169b94 of type TypeTag[Either[provingground.learning.HoTTMessages.Contradicted,provingground.learning.HoTTMessages.Proved]] to posts of type TypeTag[provingground.learning.HoTTMessages.Proved]
2020.10.19 09:15:12 [INFO] provingground.learning.TypedPostResponse.MicroBot.$anonfun.applyOrElse:251:26 - completed response 'product resolved' of type TypeTag[Option[provingground.learning.HoTTMessages.FromAll]] to posts of type TypeTag[provingground.learning.HoTTMessages.FailedToProve] with input hash 558094043
2020.10.19 09:15:12 [INFO] provingground.learning.TypedPostResponse.MicroBot.$anonfun.applyOrElse:251:26 - completed response 'prove by contradicting hypothesis' of type TypeTag[Option[provingground.learning.HoTTMessages.Consequence :: provingground.learning.HoTTMessages.SeekGoal :: shapeless.HNil]] to posts of type TypeTag[provingground.learning.HoTTMessages.FailedToProve] with input hash 558094043
2020.10.19 09:15:12 [INFO] provingground.learning.HoTTBot.$anonfun:662:36 - nothing gained by contradicting hypothesis for ((Unit) → (Unit)) → (Zero)
2020.10.19 09:15:12 [INFO] provingground.learning.TypedPostResponse.MiniBot.post:363:20 - triggered (multiple) responses 3d169b94 of type TypeTag[Either[provingground.learning.HoTTMessages.Contradicted,provingground.learning.HoTTMessages.Proved]] to posts of type TypeTag[provingground.learning.HoTTMessages.Proved]
2020.10.19 09:15:12 [INFO] provingground.learning.HoTTBot.$anonfun:2623:32 - SeekGoal(∑((`A :  𝒰 _0) ↦ ((`A) → (Zero))),Empty,Set())
2020.10.19 09:15:12 [INFO] provingground.learning.TypedPostResponse.MicroBot.$anonfun.applyOrElse:251:26 - completed response 'product resolved' of type TypeTag[Option[provingground.learning.HoTTMessages.FromAll]] to posts of type TypeTag[provingground.learning.HoTTMessages.FailedToProve] with input hash 558094043
2020.10.19 09:15:12 [INFO] provingground.learning.TypedPostResponse.MicroBot.post:237:18 - triggered response 'coproduct resolved' of type TypeTag[Option[provingground.learning.HoTTMessages.FromAny]] to post of type TypeTag[provingground.learning.HoTTMessages.FailedToProve] with input hash 558094043
2020.10.19 09:15:12 [INFO] provingground.learning.PostBuffer.$anon.post:266:22 - Post; tag: TypeTag[provingground.learning.HoTTMessages.SeekGoal], id: (19,1492512412), content:
SeekGoal(Zero,AppendVariable(Empty,$crte),Set(∑((`A :  𝒰 _0) ↦ ((`A) → (Zero))))), hash: 1492512412
2020.10.19 09:15:12 [INFO] provingground.learning.TypedPostResponse.MicroBot.post:237:18 - triggered response 'sigma-type resolved' of type TypeTag[Option[provingground.learning.HoTTMessages.SeekInstances]] to post of type TypeTag[provingground.learning.HoTTMessages.FailedToProve] with input hash 558094043
2020.10.19 09:15:12 [INFO] provingground.learning.TypedPostResponse.MicroBot.post:237:18 - triggered response 'c92f5e5d' of type TypeTag[Option[provingground.learning.HoTTMessages.SeekGoal]] to post of type TypeTag[provingground.learning.HoTTMessages.FailedToProve] with input hash 558094043
2020.10.19 09:15:12 [INFO] provingground.learning.TypedPostResponse.Callback.$anonfun.applyOrElse:200:33 - completed callback '9a626c8f' for type TypeTag[provingground.learning.HoTTMessages.Proved] with input hash 1918338932
2020.10.19 09:15:12 [INFO] provingground.learning.TypedPostResponse.Callback.post:196:18 - triggered callback '30250a6d' for type TypeTag[provingground.learning.HoTTMessages.Proved] with input hash -1736120698
2020.10.19 09:15:12 [INFO] provingground.learning.TypedPostResponse.MicroBot.$anonfun.applyOrElse:251:26 - completed response 'prove by contradicting hypothesis' of type TypeTag[Option[provingground.learning.HoTTMessages.Consequence :: provingground.learning.HoTTMessages.SeekGoal :: shapeless.HNil]] to posts of type TypeTag[provingground.learning.HoTTMessages.FailedToProve] with input hash 558094043
2020.10.19 09:15:12 [INFO] provingground.learning.TypedPostResponse.Callback.$anonfun.applyOrElse:200:33 - completed callback '30250a6d' for type TypeTag[provingground.learning.HoTTMessages.Proved] with input hash -1736120698
2020.10.19 09:15:12 [INFO] provingground.learning.TypedPostResponse.MiniBot.$anonfun.applyOrElse:379:28 - completed all responses 3d169b94 of type TypeTag[Either[provingground.learning.HoTTMessages.Contradicted,provingground.learning.HoTTMessages.Proved]] to posts of type TypeTag[provingground.learning.HoTTMessages.Proved]
2020.10.19 09:15:12 [INFO] provingground.learning.HoTTBot.$anonfun:334:26 - Proved ∑((`A :  𝒰 _0) ↦ ((`A) → (Zero))) by Some(((Zero) , (rec(Zero)(Zero)))) in context Empty
2020.10.19 09:15:12 [INFO] provingground.learning.PostBuffer.$anon.post:266:22 - Post; tag: TypeTag[provingground.learning.HoTTMessages.SeekGoal], id: (20,1392887160), content:
SeekGoal(Zero,AppendVariable(Empty,$crtf),Set(∑((`A :  𝒰 _0) ↦ ((`A) → (Zero))))), hash: 1392887160
2020.10.19 09:15:12 [INFO] provingground.learning.TypedPostResponse.Callback.post:196:18 - triggered callback '9a626c8f' for type TypeTag[provingground.learning.HoTTMessages.Proved] with input hash -1736120698
2020.10.19 09:15:12 [INFO] provingground.learning.HoTTBot.sigmaBackward:2394:30 - no instances sought for ((Unit) → (Unit)) → (Zero)
2020.10.19 09:15:12 [INFO] provingground.learning.TypedPostResponse.MicroBot.post:237:18 - triggered response 'sigma-type resolved' of type TypeTag[Option[provingground.learning.HoTTMessages.SeekInstances]] to post of type TypeTag[provingground.learning.HoTTMessages.FailedToProve] with input hash 558094043
2020.10.19 09:15:12 [INFO] provingground.learning.TypedPostResponse.Callback.post:196:18 - triggered callback '6567b24' for type TypeTag[provingground.learning.HoTTMessages.FailedToProve] with input hash 558094043
2020.10.19 09:15:12 [INFO] provingground.learning.TypedPostResponse.MicroBot.$anonfun.applyOrElse:251:26 - completed response 'coproduct resolved' of type TypeTag[Option[provingground.learning.HoTTMessages.FromAny]] to posts of type TypeTag[provingground.learning.HoTTMessages.FailedToProve] with input hash 558094043
2020.10.19 09:15:12 [INFO] provingground.learning.TypedPostResponse.MicroBot.$anonfun.applyOrElse:251:26 - completed response 'c92f5e5d' of type TypeTag[Option[provingground.learning.HoTTMessages.SeekGoal]] to posts of type TypeTag[provingground.learning.HoTTMessages.FailedToProve] with input hash 558094043
2020.10.19 09:15:12 [INFO] provingground.learning.TypedPostResponse.Callback.post:196:18 - triggered callback '6567b24' for type TypeTag[provingground.learning.HoTTMessages.FailedToProve] with input hash 558094043
2020.10.19 09:15:12 [INFO] provingground.learning.HoTTBot.sigmaBackward:2394:30 - no instances sought for (Unit) → (Zero)
2020.10.19 09:15:12 [INFO] provingground.learning.TypedPostResponse.MicroBot.$anonfun.applyOrElse:251:26 - completed response 'sigma-type resolved' of type TypeTag[Option[provingground.learning.HoTTMessages.SeekInstances]] to posts of type TypeTag[provingground.learning.HoTTMessages.FailedToProve] with input hash 558094043
2020.10.19 09:15:12 [INFO] provingground.learning.TypedPostResponse.MicroBot.$anonfun.applyOrElse:251:26 - completed response 'c92f5e5d' of type TypeTag[Option[provingground.learning.HoTTMessages.SeekGoal]] to posts of type TypeTag[provingground.learning.HoTTMessages.FailedToProve] with input hash 558094043
2020.10.19 09:15:12 [INFO] provingground.learning.HoTTBot.$anonfun:2622:32 - remaining top level goals: 0
2020.10.19 09:15:12 [INFO] provingground.learning.TypedPostResponse.MicroBot.post:237:18 - triggered response 'attempting goal' of type TypeTag[Option[Either[provingground.learning.HoTTMessages.FailedToProve,provingground.learning.HoTTMessages.Proved]]] to post of type TypeTag[provingground.learning.HoTTMessages.SeekGoal] with input hash 1492512412
2020.10.19 09:15:12 [INFO] provingground.learning.TypedPostResponse.MicroBot.post:237:18 - triggered response 'attempting goal' of type TypeTag[Option[Either[provingground.learning.HoTTMessages.FailedToProve,provingground.learning.HoTTMessages.Proved]]] to post of type TypeTag[provingground.learning.HoTTMessages.SeekGoal] with input hash 1392887160
2020.10.19 09:15:12 [INFO] provingground.learning.HoTTBot.$anonfun:2622:32 - remaining top level goals: 0
2020.10.19 09:15:12 [INFO] provingground.learning.TypedPostResponse.MicroBot.$anonfun.applyOrElse:251:26 - completed response 'sigma-type resolved' of type TypeTag[Option[provingground.learning.HoTTMessages.SeekInstances]] to posts of type TypeTag[provingground.learning.HoTTMessages.FailedToProve] with input hash 558094043
2020.10.19 09:15:12 [INFO] provingground.learning.HoTTBot.$anonfun:2623:32 - 
2020.10.19 09:15:12 [INFO] provingground.learning.HoTTPostWeb.halt:23:22 - Halting HoTT-post-web session
2020.10.19 09:15:12 [INFO] provingground.learning.HoTTBot.$anonfun:2623:32 - 
2020.10.19 09:15:12 [INFO] provingground.learning.HoTTBot.$anonfun:2622:32 - remaining top level goals: 0
2020.10.19 09:15:12 [INFO] provingground.learning.TypedPostResponse.MicroBot.$anonfun.applyOrElse:251:26 - completed response 'attempting goal' of type TypeTag[Option[Either[provingground.learning.HoTTMessages.FailedToProve,provingground.learning.HoTTMessages.Proved]]] to posts of type TypeTag[provingground.learning.HoTTMessages.SeekGoal] with input hash 1392887160
2020.10.19 09:15:12 [INFO] provingground.learning.HoTTBot.$anonfun:2623:32 - 
2020.10.19 09:15:12 [INFO] provingground.learning.TypedPostResponse.Callback.$anonfun.applyOrElse:200:33 - completed callback '6567b24' for type TypeTag[provingground.learning.HoTTMessages.FailedToProve] with input hash 558094043
2020.10.19 09:15:12 [INFO] provingground.learning.HoTTPostWeb.halt:23:22 - Halting HoTT-post-web session
2020.10.19 09:15:12 [INFO] provingground.learning.HoTTPostWeb.halt:23:22 - Halting HoTT-post-web session
2020.10.19 09:15:12 [INFO] provingground.learning.TypedPostResponse.Callback.$anonfun.applyOrElse:200:33 - completed callback '6567b24' for type TypeTag[provingground.learning.HoTTMessages.FailedToProve] with input hash 558094043
2020.10.19 09:15:12 [INFO] provingground.learning.TypedPostResponse.Callback.$anonfun.applyOrElse:200:33 - completed callback '9a626c8f' for type TypeTag[provingground.learning.HoTTMessages.Proved] with input hash -1736120698
2020.10.19 09:15:12 [INFO] provingground.learning.TypedPostResponse.MicroBot.$anonfun.applyOrElse:251:26 - completed response 'attempting goal' of type TypeTag[Option[Either[provingground.learning.HoTTMessages.FailedToProve,provingground.learning.HoTTMessages.Proved]]] to posts of type TypeTag[provingground.learning.HoTTMessages.SeekGoal] with input hash 1492512412
2020.10.19 10:03:38 [INFO] provingground.interface.SigmaProve:26:14 - 
This is a Bot based run for testing backward reasoning by instantiation.
During chomps sigma-types were proved directly, so here instead we act using sigma-backward 
before launching. 
This worked the first time, but we are running again with better logging, mainly named bots.

2020.10.19 10:03:38 [INFO] provingground.interface.SigmaProve:35:14 - Number of threads: 8
2020.10.19 10:03:38 [INFO] provingground.interface.SigmaProve.<local SigmaProve>:37:50 - JAVA_OPTS: -Xms512m -Xmx4g -XX:+UnlockDiagnosticVMOptions -XX:+DebugNonSafepoints
2020.10.19 10:03:38 [INFO] provingground.interface.SigmaProve.<local SigmaProve>:39:50 - JAVA_HOME: /usr/lib/jvm/java-8-oracle
2020.10.19 10:03:38 [INFO] provingground.learning.PostBuffer.$anon.post:266:22 - Post; tag: TypeTag[provingground.learning.LocalProver], id: (1,-537015682), content:
LocalProver(TermState([Unit : 0.3333333333333333, Zero : 0.3333333333333333, Star : 0.3333333333333333],[𝒰 _0 : 0.3333333333333333, Unit : 0.3333333333333333, Zero : 0.3333333333333333],Vector(),[],[],Empty),TermGenParams(0.1,0.1,0.1,0.1,0.1,0.0,0.05,0.05,0.05,0.0,0.0,0.05,0.0,0.3,0.7,0.5,0.0,0.05,0.0,<function1>),1.0E-5,None,12 minutes,1.01,1.0,10000,10,1.0,1.0,None,false,false,0.5,1.0,None), hash: -537015682
2020.10.19 10:03:38 [INFO] provingground.learning.PostBuffer.$anon.post:266:22 - Post; tag: TypeTag[provingground.learning.HoTTMessages.SeekGoal], id: (2,-736912502), content:
SeekGoal(∑((`A :  𝒰 _0) ↦ ((`A) → (Zero))),Empty,Set()), hash: -736912502
2020.10.19 10:03:38 [INFO] provingground.learning.TypedPostResponse.MicroBot.post:237:18 - triggered response 'sigma-type resolved' of type TypeTag[Option[provingground.learning.HoTTMessages.SeekInstances]] to post of type TypeTag[provingground.learning.HoTTMessages.SeekGoal] with input hash -736912502
2020.10.19 10:03:38 [INFO] provingground.learning.PostBuffer.$anon.post:266:22 - Post; tag: TypeTag[provingground.learning.HoTTMessages.SeekInstances], id: (3,712423741), content:
SeekInstances(type= 𝒰 _0, goal = (`A :  𝒰 _0) ↦ ((`A) → (Zero)), context = Empty, forConsequences = Set()), hash: 712423741
2020.10.19 10:03:38 [INFO] provingground.learning.TypedPostResponse.MicroBot.$anonfun.applyOrElse:251:26 - completed response 'sigma-type resolved' of type TypeTag[Option[provingground.learning.HoTTMessages.SeekInstances]] to posts of type TypeTag[provingground.learning.HoTTMessages.SeekGoal] with input hash -736912502
2020.10.19 10:03:38 [INFO] provingground.learning.TypedPostResponse.MiniBot.post:364:20 - triggered (multiple) responses 'instances from local prover' of type TypeTag[provingground.learning.HoTTMessages.Weight :: provingground.learning.HoTTMessages.Instance :: shapeless.HNil] to posts of type TypeTag[provingground.learning.HoTTMessages.SeekInstances]
2020.10.19 10:03:38 [INFO] provingground.learning.HoTTBot.$anonfun:2195:28 - seeking instances for 𝒰 _0 with cutoff 1.0E-5
2020.10.19 10:03:41 [INFO] provingground.learning.PostBuffer.$anon.post:266:22 - Post; tag: TypeTag[provingground.learning.HoTTMessages.Weight], id: (4,195635309), content:
Weight(0.4993317300695646), hash: 195635309
2020.10.19 10:03:41 [INFO] provingground.learning.PostBuffer.$anon.post:266:22 - Post; tag: TypeTag[provingground.learning.HoTTMessages.Weight], id: (6,1874638290), content:
Weight(5.525464365793037E-5), hash: 1874638290
2020.10.19 10:03:41 [INFO] provingground.learning.PostBuffer.$anon.post:266:22 - Post; tag: TypeTag[provingground.learning.HoTTMessages.Weight], id: (6,1461429585), content:
Weight(0.5006130152867776), hash: 1461429585
2020.10.19 10:03:41 [INFO] provingground.learning.PostBuffer.$anon.post:266:22 - Post; tag: TypeTag[provingground.learning.HoTTMessages.Instance], id: (7,411471248), content:
Instance(Zero,𝒰 _0,Empty), hash: 411471248
2020.10.19 10:03:41 [INFO] provingground.learning.PostBuffer.$anon.post:266:22 - Post; tag: TypeTag[provingground.learning.HoTTMessages.Instance], id: (8,-879405509), content:
Instance((Unit) → (Unit),𝒰 _0,Empty), hash: -879405509
2020.10.19 10:03:41 [INFO] provingground.learning.PostBuffer.$anon.post:266:22 - Post; tag: TypeTag[provingground.learning.HoTTMessages.Instance], id: (9,-1694530019), content:
Instance(Unit,𝒰 _0,Empty), hash: -1694530019
2020.10.19 10:03:41 [INFO] provingground.learning.TypedPostResponse.MiniBot.$anonfun.applyOrElse:380:28 - completed all responses 'instances from local prover' of type TypeTag[provingground.learning.HoTTMessages.Weight :: provingground.learning.HoTTMessages.Instance :: shapeless.HNil] to posts of type TypeTag[provingground.learning.HoTTMessages.SeekInstances]
2020.10.19 10:03:41 [INFO] provingground.learning.TypedPostResponse.MicroBot.post:237:18 - triggered response 'goals from instances' of type TypeTag[Option[provingground.learning.HoTTMessages.Consequence :: provingground.learning.HoTTMessages.SeekGoal :: shapeless.HNil]] to post of type TypeTag[provingground.learning.HoTTMessages.Instance] with input hash 411471248
2020.10.19 10:03:41 [INFO] provingground.learning.TypedPostResponse.MicroBot.post:237:18 - triggered response 'goals from instances' of type TypeTag[Option[provingground.learning.HoTTMessages.Consequence :: provingground.learning.HoTTMessages.SeekGoal :: shapeless.HNil]] to post of type TypeTag[provingground.learning.HoTTMessages.Instance] with input hash -1694530019
2020.10.19 10:03:41 [INFO] provingground.learning.TypedPostResponse.MicroBot.post:237:18 - triggered response 'goals from instances' of type TypeTag[Option[provingground.learning.HoTTMessages.Consequence :: provingground.learning.HoTTMessages.SeekGoal :: shapeless.HNil]] to post of type TypeTag[provingground.learning.HoTTMessages.Instance] with input hash -879405509
2020.10.19 10:03:41 [INFO] provingground.learning.PostBuffer.$anon.post:266:22 - Post; tag: TypeTag[provingground.learning.HoTTMessages.Consequence], id: (12,1864437303), content:
Consequence(((Unit) → (Unit)) → (Zero),∑((`A :  𝒰 _0) ↦ ((`A) → (Zero))),Some(Wrap((`$cpmy :  ((Unit) → (Unit)) → (Zero)) ↦ ((((Unit) → (Unit)) , (`$cpmy))))),Empty), hash: 1864437303
2020.10.19 10:03:41 [INFO] provingground.learning.PostBuffer.$anon.post:266:22 - Post; tag: TypeTag[provingground.learning.HoTTMessages.Consequence], id: (12,-570608674), content:
Consequence((Zero) → (Zero),∑((`A :  𝒰 _0) ↦ ((`A) → (Zero))),Some(Wrap((`$cpdc :  (Zero) → (Zero)) ↦ (((Zero) , (`$cpdc))))),Empty), hash: -570608674
2020.10.19 10:03:41 [INFO] provingground.learning.PostBuffer.$anon.post:266:22 - Post; tag: TypeTag[provingground.learning.HoTTMessages.Consequence], id: (12,-977793162), content:
Consequence((Unit) → (Zero),∑((`A :  𝒰 _0) ↦ ((`A) → (Zero))),Some(Wrap((`$cpdc :  (Unit) → (Zero)) ↦ (((Unit) , (`$cpdc))))),Empty), hash: -977793162
2020.10.19 10:03:41 [INFO] provingground.learning.PostBuffer.$anon.post:266:22 - Post; tag: TypeTag[provingground.learning.HoTTMessages.SeekGoal], id: (13,-274361936), content:
SeekGoal(((Unit) → (Unit)) → (Zero),Empty,Set(∑((`A :  𝒰 _0) ↦ ((`A) → (Zero))))), hash: -274361936
2020.10.19 10:03:41 [INFO] provingground.learning.PostBuffer.$anon.post:266:22 - Post; tag: TypeTag[provingground.learning.HoTTMessages.SeekGoal], id: (14,-274361936), content:
SeekGoal((Zero) → (Zero),Empty,Set(∑((`A :  𝒰 _0) ↦ ((`A) → (Zero))))), hash: -274361936
2020.10.19 10:03:41 [INFO] provingground.learning.TypedPostResponse.MicroBot.$anonfun.applyOrElse:251:26 - completed response 'goals from instances' of type TypeTag[Option[provingground.learning.HoTTMessages.Consequence :: provingground.learning.HoTTMessages.SeekGoal :: shapeless.HNil]] to posts of type TypeTag[provingground.learning.HoTTMessages.Instance] with input hash -879405509
2020.10.19 10:03:41 [INFO] provingground.learning.PostBuffer.$anon.post:266:22 - Post; tag: TypeTag[provingground.learning.HoTTMessages.SeekGoal], id: (15,-274361936), content:
SeekGoal((Unit) → (Zero),Empty,Set(∑((`A :  𝒰 _0) ↦ ((`A) → (Zero))))), hash: -274361936
2020.10.19 10:03:41 [INFO] provingground.learning.TypedPostResponse.MicroBot.$anonfun.applyOrElse:251:26 - completed response 'goals from instances' of type TypeTag[Option[provingground.learning.HoTTMessages.Consequence :: provingground.learning.HoTTMessages.SeekGoal :: shapeless.HNil]] to posts of type TypeTag[provingground.learning.HoTTMessages.Instance] with input hash 411471248
2020.10.19 10:03:41 [INFO] provingground.learning.TypedPostResponse.MicroBot.$anonfun.applyOrElse:251:26 - completed response 'goals from instances' of type TypeTag[Option[provingground.learning.HoTTMessages.Consequence :: provingground.learning.HoTTMessages.SeekGoal :: shapeless.HNil]] to posts of type TypeTag[provingground.learning.HoTTMessages.Instance] with input hash -1694530019
2020.10.19 10:03:41 [INFO] provingground.learning.TypedPostResponse.MicroBot.post:237:18 - triggered response 'attempting goal' of type TypeTag[Option[Either[provingground.learning.HoTTMessages.FailedToProve,provingground.learning.HoTTMessages.Proved]]] to post of type TypeTag[provingground.learning.HoTTMessages.SeekGoal] with input hash -274361936
2020.10.19 10:03:41 [INFO] provingground.learning.TypedPostResponse.MicroBot.post:237:18 - triggered response 'attempting goal' of type TypeTag[Option[Either[provingground.learning.HoTTMessages.FailedToProve,provingground.learning.HoTTMessages.Proved]]] to post of type TypeTag[provingground.learning.HoTTMessages.SeekGoal] with input hash -274361936
2020.10.19 10:03:41 [INFO] provingground.learning.TypedPostResponse.MicroBot.post:237:18 - triggered response 'attempting goal' of type TypeTag[Option[Either[provingground.learning.HoTTMessages.FailedToProve,provingground.learning.HoTTMessages.Proved]]] to post of type TypeTag[provingground.learning.HoTTMessages.SeekGoal] with input hash -274361936
2020.10.19 10:03:41 [INFO] provingground.learning.HoTTBot.$anonfun:2548:30 - attempting SeekGoal((Unit) → (Zero),Empty,Set(∑((`A :  𝒰 _0) ↦ ((`A) → (Zero))))) with cutoff 1.9975509414735195E-5
2020.10.19 10:03:41 [INFO] provingground.learning.HoTTBot.$anonfun:2548:30 - attempting SeekGoal((Zero) → (Zero),Empty,Set(∑((`A :  𝒰 _0) ↦ ((`A) → (Zero))))) with cutoff 2.002676657180758E-5
2020.10.19 10:03:41 [INFO] provingground.learning.HoTTBot.$anonfun:2548:30 - attempting SeekGoal(((Unit) → (Unit)) → (Zero),Empty,Set(∑((`A :  𝒰 _0) ↦ ((`A) → (Zero))))) with cutoff 0.18098026406446222
2020.10.19 10:03:41 [INFO] provingground.learning.PostBuffer.$anon.post:266:22 - Post; tag: TypeTag[provingground.learning.HoTTMessages.FailedToProve], id: (16,558094043), content:
FailedToProve(((Unit) → (Unit)) → (Zero),Empty,Set(∑((`A :  𝒰 _0) ↦ ((`A) → (Zero))))), hash: 558094043
2020.10.19 10:03:41 [INFO] provingground.learning.TypedPostResponse.MicroBot.$anonfun.applyOrElse:251:26 - completed response 'attempting goal' of type TypeTag[Option[Either[provingground.learning.HoTTMessages.FailedToProve,provingground.learning.HoTTMessages.Proved]]] to posts of type TypeTag[provingground.learning.HoTTMessages.SeekGoal] with input hash -274361936
2020.10.19 10:03:41 [INFO] provingground.learning.TypedPostResponse.MicroBot.post:237:18 - triggered response 'negating goal' of type TypeTag[Option[provingground.learning.HoTTMessages.Contradicts :: provingground.learning.HoTTMessages.SeekGoal :: shapeless.HNil]] to post of type TypeTag[provingground.learning.HoTTMessages.FailedToProve] with input hash 558094043
2020.10.19 10:03:41 [INFO] provingground.learning.TypedPostResponse.MicroBot.post:237:18 - triggered response 'skolemizing goal' of type TypeTag[Option[provingground.learning.HoTTMessages.Consequence :: provingground.learning.HoTTMessages.SeekGoal :: shapeless.HNil]] to post of type TypeTag[provingground.learning.HoTTMessages.FailedToProve] with input hash 558094043
2020.10.19 10:03:41 [INFO] provingground.learning.TypedPostResponse.MicroBot.post:237:18 - triggered response 'prove by contradicting hypothesis' of type TypeTag[Option[provingground.learning.HoTTMessages.Consequence :: provingground.learning.HoTTMessages.SeekGoal :: shapeless.HNil]] to post of type TypeTag[provingground.learning.HoTTMessages.FailedToProve] with input hash 558094043
2020.10.19 10:03:41 [INFO] provingground.learning.TypedPostResponse.MicroBot.post:237:18 - triggered response 'product resolved' of type TypeTag[Option[provingground.learning.HoTTMessages.FromAll]] to post of type TypeTag[provingground.learning.HoTTMessages.FailedToProve] with input hash 558094043
2020.10.19 10:03:41 [INFO] provingground.learning.TypedPostResponse.MicroBot.$anonfun.applyOrElse:251:26 - completed response 'skolemizing goal' of type TypeTag[Option[provingground.learning.HoTTMessages.Consequence :: provingground.learning.HoTTMessages.SeekGoal :: shapeless.HNil]] to posts of type TypeTag[provingground.learning.HoTTMessages.FailedToProve] with input hash 558094043
2020.10.19 10:03:41 [INFO] provingground.learning.TypedPostResponse.MicroBot.post:237:18 - triggered response 'coproduct resolved' of type TypeTag[Option[provingground.learning.HoTTMessages.FromAny]] to post of type TypeTag[provingground.learning.HoTTMessages.FailedToProve] with input hash 558094043
2020.10.19 10:03:41 [INFO] provingground.learning.TypedPostResponse.MicroBot.$anonfun.applyOrElse:251:26 - completed response 'product resolved' of type TypeTag[Option[provingground.learning.HoTTMessages.FromAll]] to posts of type TypeTag[provingground.learning.HoTTMessages.FailedToProve] with input hash 558094043
2020.10.19 10:03:41 [INFO] provingground.learning.TypedPostResponse.MicroBot.post:237:18 - triggered response '5aa121be' of type TypeTag[Option[provingground.learning.HoTTMessages.SeekGoal]] to post of type TypeTag[provingground.learning.HoTTMessages.FailedToProve] with input hash 558094043
2020.10.19 10:03:41 [INFO] provingground.learning.TypedPostResponse.MicroBot.$anonfun.applyOrElse:251:26 - completed response 'negating goal' of type TypeTag[Option[provingground.learning.HoTTMessages.Contradicts :: provingground.learning.HoTTMessages.SeekGoal :: shapeless.HNil]] to posts of type TypeTag[provingground.learning.HoTTMessages.FailedToProve] with input hash 558094043
2020.10.19 10:03:41 [INFO] provingground.learning.HoTTBot.$anonfun:662:36 - nothing gained by contradicting hypothesis for ((Unit) → (Unit)) → (Zero)
2020.10.19 10:03:41 [INFO] provingground.learning.PostBuffer.$anon.post:266:22 - Post; tag: TypeTag[provingground.learning.HoTTMessages.SeekGoal], id: (17,91379056), content:
SeekGoal(Zero,AppendVariable(Empty,$cqyl),Set(∑((`A :  𝒰 _0) ↦ ((`A) → (Zero))))), hash: 91379056
2020.10.19 10:03:41 [INFO] provingground.learning.TypedPostResponse.MicroBot.$anonfun.applyOrElse:251:26 - completed response 'prove by contradicting hypothesis' of type TypeTag[Option[provingground.learning.HoTTMessages.Consequence :: provingground.learning.HoTTMessages.SeekGoal :: shapeless.HNil]] to posts of type TypeTag[provingground.learning.HoTTMessages.FailedToProve] with input hash 558094043
2020.10.19 10:03:41 [INFO] provingground.learning.TypedPostResponse.MicroBot.post:237:18 - triggered response 'sigma-type resolved' of type TypeTag[Option[provingground.learning.HoTTMessages.SeekInstances]] to post of type TypeTag[provingground.learning.HoTTMessages.FailedToProve] with input hash 558094043
2020.10.19 10:03:41 [INFO] provingground.learning.TypedPostResponse.MicroBot.$anonfun.applyOrElse:251:26 - completed response '5aa121be' of type TypeTag[Option[provingground.learning.HoTTMessages.SeekGoal]] to posts of type TypeTag[provingground.learning.HoTTMessages.FailedToProve] with input hash 558094043
2020.10.19 10:03:41 [INFO] provingground.learning.TypedPostResponse.MicroBot.post:237:18 - triggered response 'attempting goal' of type TypeTag[Option[Either[provingground.learning.HoTTMessages.FailedToProve,provingground.learning.HoTTMessages.Proved]]] to post of type TypeTag[provingground.learning.HoTTMessages.SeekGoal] with input hash 91379056
2020.10.19 10:03:41 [INFO] provingground.learning.TypedPostResponse.Callback.post:196:18 - triggered callback 'remaining top level goals' for type TypeTag[provingground.learning.HoTTMessages.FailedToProve] with input hash 558094043
2020.10.19 10:03:41 [INFO] provingground.learning.HoTTBot.sigmaBackward:2394:30 - no instances sought for ((Unit) → (Unit)) → (Zero)
2020.10.19 10:03:41 [INFO] provingground.learning.TypedPostResponse.MicroBot.$anonfun.applyOrElse:251:26 - completed response 'coproduct resolved' of type TypeTag[Option[provingground.learning.HoTTMessages.FromAny]] to posts of type TypeTag[provingground.learning.HoTTMessages.FailedToProve] with input hash 558094043
2020.10.19 10:03:41 [INFO] provingground.learning.TypedPostResponse.MicroBot.$anonfun.applyOrElse:251:26 - completed response 'sigma-type resolved' of type TypeTag[Option[provingground.learning.HoTTMessages.SeekInstances]] to posts of type TypeTag[provingground.learning.HoTTMessages.FailedToProve] with input hash 558094043
2020.10.19 10:03:41 [INFO] provingground.learning.HoTTBot.$anonfun:2548:30 - attempting SeekGoal(Zero,AppendVariable(Empty,$cqyl),Set(∑((`A :  𝒰 _0) ↦ ((`A) → (Zero))))) with cutoff 0.18098026406446222
2020.10.19 10:03:41 [INFO] provingground.learning.PostBuffer.$anon.post:266:22 - Post; tag: TypeTag[provingground.learning.HoTTMessages.FailedToProve], id: (18,1260905490), content:
FailedToProve(Zero,AppendVariable(Empty,$cqyl),Set(∑((`A :  𝒰 _0) ↦ ((`A) → (Zero))))), hash: 1260905490
2020.10.19 10:03:41 [INFO] provingground.learning.TypedPostResponse.MicroBot.$anonfun.applyOrElse:251:26 - completed response 'attempting goal' of type TypeTag[Option[Either[provingground.learning.HoTTMessages.FailedToProve,provingground.learning.HoTTMessages.Proved]]] to posts of type TypeTag[provingground.learning.HoTTMessages.SeekGoal] with input hash 91379056
2020.10.19 10:03:41 [INFO] provingground.learning.TypedPostResponse.MicroBot.post:237:18 - triggered response 'negating goal' of type TypeTag[Option[provingground.learning.HoTTMessages.Contradicts :: provingground.learning.HoTTMessages.SeekGoal :: shapeless.HNil]] to post of type TypeTag[provingground.learning.HoTTMessages.FailedToProve] with input hash 1260905490
2020.10.19 10:03:41 [INFO] provingground.learning.TypedPostResponse.MicroBot.post:237:18 - triggered response 'skolemizing goal' of type TypeTag[Option[provingground.learning.HoTTMessages.Consequence :: provingground.learning.HoTTMessages.SeekGoal :: shapeless.HNil]] to post of type TypeTag[provingground.learning.HoTTMessages.FailedToProve] with input hash 1260905490
2020.10.19 10:03:41 [INFO] provingground.learning.HoTTBot.$anonfun:2622:32 - remaining top level goals: 1
2020.10.19 10:03:41 [INFO] provingground.learning.TypedPostResponse.MicroBot.post:237:18 - triggered response 'prove by contradicting hypothesis' of type TypeTag[Option[provingground.learning.HoTTMessages.Consequence :: provingground.learning.HoTTMessages.SeekGoal :: shapeless.HNil]] to post of type TypeTag[provingground.learning.HoTTMessages.FailedToProve] with input hash 1260905490
2020.10.19 10:03:41 [INFO] provingground.learning.TypedPostResponse.MicroBot.$anonfun.applyOrElse:251:26 - completed response 'skolemizing goal' of type TypeTag[Option[provingground.learning.HoTTMessages.Consequence :: provingground.learning.HoTTMessages.SeekGoal :: shapeless.HNil]] to posts of type TypeTag[provingground.learning.HoTTMessages.FailedToProve] with input hash 1260905490
2020.10.19 10:03:41 [INFO] provingground.learning.TypedPostResponse.MicroBot.$anonfun.applyOrElse:251:26 - completed response 'negating goal' of type TypeTag[Option[provingground.learning.HoTTMessages.Contradicts :: provingground.learning.HoTTMessages.SeekGoal :: shapeless.HNil]] to posts of type TypeTag[provingground.learning.HoTTMessages.FailedToProve] with input hash 1260905490
2020.10.19 10:03:41 [INFO] provingground.learning.HoTTBot.$anonfun:730:34 - cannot prove Zero by contradicting hypothesis
2020.10.19 10:03:41 [INFO] provingground.learning.TypedPostResponse.MicroBot.post:237:18 - triggered response 'product resolved' of type TypeTag[Option[provingground.learning.HoTTMessages.FromAll]] to post of type TypeTag[provingground.learning.HoTTMessages.FailedToProve] with input hash 1260905490
2020.10.19 10:03:41 [INFO] provingground.learning.HoTTBot.$anonfun:2623:32 - SeekGoal(∑((`A :  𝒰 _0) ↦ ((`A) → (Zero))),Empty,Set())
2020.10.19 10:03:41 [INFO] provingground.learning.TypedPostResponse.MicroBot.$anonfun.applyOrElse:251:26 - completed response 'prove by contradicting hypothesis' of type TypeTag[Option[provingground.learning.HoTTMessages.Consequence :: provingground.learning.HoTTMessages.SeekGoal :: shapeless.HNil]] to posts of type TypeTag[provingground.learning.HoTTMessages.FailedToProve] with input hash 1260905490
2020.10.19 10:03:41 [INFO] provingground.learning.TypedPostResponse.MicroBot.post:237:18 - triggered response 'coproduct resolved' of type TypeTag[Option[provingground.learning.HoTTMessages.FromAny]] to post of type TypeTag[provingground.learning.HoTTMessages.FailedToProve] with input hash 1260905490
2020.10.19 10:03:41 [INFO] provingground.learning.TypedPostResponse.MicroBot.post:237:18 - triggered response '5aa121be' of type TypeTag[Option[provingground.learning.HoTTMessages.SeekGoal]] to post of type TypeTag[provingground.learning.HoTTMessages.FailedToProve] with input hash 1260905490
2020.10.19 10:03:41 [INFO] provingground.learning.TypedPostResponse.Callback.$anonfun.applyOrElse:200:33 - completed callback 'remaining top level goals' for type TypeTag[provingground.learning.HoTTMessages.FailedToProve] with input hash 558094043
2020.10.19 10:03:41 [INFO] provingground.learning.TypedPostResponse.MicroBot.post:237:18 - triggered response 'sigma-type resolved' of type TypeTag[Option[provingground.learning.HoTTMessages.SeekInstances]] to post of type TypeTag[provingground.learning.HoTTMessages.FailedToProve] with input hash 1260905490
2020.10.19 10:03:41 [INFO] provingground.learning.TypedPostResponse.Callback.post:196:18 - triggered callback 'remaining top level goals' for type TypeTag[provingground.learning.HoTTMessages.FailedToProve] with input hash 1260905490
2020.10.19 10:03:41 [INFO] provingground.learning.TypedPostResponse.MicroBot.$anonfun.applyOrElse:251:26 - completed response 'product resolved' of type TypeTag[Option[provingground.learning.HoTTMessages.FromAll]] to posts of type TypeTag[provingground.learning.HoTTMessages.FailedToProve] with input hash 1260905490
2020.10.19 10:03:41 [INFO] provingground.learning.HoTTBot.sigmaBackward:2394:30 - no instances sought for Zero
2020.10.19 10:03:41 [INFO] provingground.learning.TypedPostResponse.MicroBot.$anonfun.applyOrElse:251:26 - completed response '5aa121be' of type TypeTag[Option[provingground.learning.HoTTMessages.SeekGoal]] to posts of type TypeTag[provingground.learning.HoTTMessages.FailedToProve] with input hash 1260905490
2020.10.19 10:03:41 [INFO] provingground.learning.TypedPostResponse.MicroBot.$anonfun.applyOrElse:251:26 - completed response 'coproduct resolved' of type TypeTag[Option[provingground.learning.HoTTMessages.FromAny]] to posts of type TypeTag[provingground.learning.HoTTMessages.FailedToProve] with input hash 1260905490
2020.10.19 10:03:41 [INFO] provingground.learning.TypedPostResponse.MicroBot.$anonfun.applyOrElse:251:26 - completed response 'sigma-type resolved' of type TypeTag[Option[provingground.learning.HoTTMessages.SeekInstances]] to posts of type TypeTag[provingground.learning.HoTTMessages.FailedToProve] with input hash 1260905490
2020.10.19 10:03:41 [INFO] provingground.learning.HoTTBot.$anonfun:2622:32 - remaining top level goals: 1
2020.10.19 10:03:41 [INFO] provingground.learning.HoTTBot.$anonfun:2623:32 - SeekGoal(∑((`A :  𝒰 _0) ↦ ((`A) → (Zero))),Empty,Set())
2020.10.19 10:03:41 [INFO] provingground.learning.TypedPostResponse.Callback.$anonfun.applyOrElse:200:33 - completed callback 'remaining top level goals' for type TypeTag[provingground.learning.HoTTMessages.FailedToProve] with input hash 1260905490
2020.10.19 10:03:41 [INFO] provingground.learning.PostBuffer.$anon.post:266:22 - Post; tag: TypeTag[provingground.learning.HoTTMessages.Proved], id: (19,-1536604560), content:
Proved((Zero) → (Zero),Some((```@a :  Zero) ↦ (```@a)),Empty), hash: -1536604560
2020.10.19 10:03:41 [INFO] provingground.learning.TypedPostResponse.MicroBot.$anonfun.applyOrElse:251:26 - completed response 'attempting goal' of type TypeTag[Option[Either[provingground.learning.HoTTMessages.FailedToProve,provingground.learning.HoTTMessages.Proved]]] to posts of type TypeTag[provingground.learning.HoTTMessages.SeekGoal] with input hash -274361936
2020.10.19 10:03:41 [INFO] provingground.learning.TypedPostResponse.MiniBot.post:364:20 - triggered (multiple) responses 'deduced results' of type TypeTag[Either[provingground.learning.HoTTMessages.Contradicted,provingground.learning.HoTTMessages.Proved]] to posts of type TypeTag[provingground.learning.HoTTMessages.Proved]
2020.10.19 10:03:41 [INFO] provingground.learning.TypedPostResponse.Callback.post:196:18 - triggered callback 'report proved' for type TypeTag[provingground.learning.HoTTMessages.Proved] with input hash -1536604560
2020.10.19 10:03:41 [INFO] provingground.learning.TypedPostResponse.Callback.post:196:18 - triggered callback 'remaining top level goals' for type TypeTag[provingground.learning.HoTTMessages.Proved] with input hash -1536604560
2020.10.19 10:03:41 [INFO] provingground.learning.TypedPostResponse.Callback.$anonfun.applyOrElse:200:33 - completed callback 'report proved' for type TypeTag[provingground.learning.HoTTMessages.Proved] with input hash -1536604560
2020.10.19 10:03:41 [INFO] provingground.learning.HoTTBot.$anonfun:334:26 - Proved (Zero) → (Zero) by Some((```@a :  Zero) ↦ (```@a)) in context Empty
2020.10.19 10:03:41 [INFO] provingground.learning.HoTTBot.$anonfun:2622:32 - remaining top level goals: 1
2020.10.19 10:03:41 [INFO] provingground.learning.HoTTBot.$anonfun:2623:32 - SeekGoal(∑((`A :  𝒰 _0) ↦ ((`A) → (Zero))),Empty,Set())
2020.10.19 10:03:41 [INFO] provingground.learning.TypedPostResponse.Callback.$anonfun.applyOrElse:200:33 - completed callback 'remaining top level goals' for type TypeTag[provingground.learning.HoTTMessages.Proved] with input hash -1536604560
2020.10.19 10:03:41 [INFO] provingground.learning.PostBuffer.$anon.post:266:22 - Post; tag: TypeTag[provingground.learning.HoTTMessages.Proved], id: (20,1075804710), content:
Proved(∑((`A :  𝒰 _0) ↦ ((`A) → (Zero))),Some(((Zero) , ((```@a :  Zero) ↦ (```@a)))),Empty), hash: 1075804710
2020.10.19 10:03:41 [INFO] provingground.learning.TypedPostResponse.MiniBot.$anonfun.applyOrElse:380:28 - completed all responses 'deduced results' of type TypeTag[Either[provingground.learning.HoTTMessages.Contradicted,provingground.learning.HoTTMessages.Proved]] to posts of type TypeTag[provingground.learning.HoTTMessages.Proved]
2020.10.19 10:03:41 [INFO] provingground.learning.TypedPostResponse.MiniBot.post:364:20 - triggered (multiple) responses 'deduced results' of type TypeTag[Either[provingground.learning.HoTTMessages.Contradicted,provingground.learning.HoTTMessages.Proved]] to posts of type TypeTag[provingground.learning.HoTTMessages.Proved]
2020.10.19 10:03:41 [INFO] provingground.learning.TypedPostResponse.Callback.post:196:18 - triggered callback 'report proved' for type TypeTag[provingground.learning.HoTTMessages.Proved] with input hash 1075804710
2020.10.19 10:03:41 [INFO] provingground.learning.TypedPostResponse.Callback.post:196:18 - triggered callback 'remaining top level goals' for type TypeTag[provingground.learning.HoTTMessages.Proved] with input hash 1075804710
2020.10.19 10:03:41 [INFO] provingground.learning.HoTTBot.$anonfun:334:26 - Proved ∑((`A :  𝒰 _0) ↦ ((`A) → (Zero))) by Some(((Zero) , ((```@a :  Zero) ↦ (```@a)))) in context Empty
2020.10.19 10:03:41 [INFO] provingground.learning.TypedPostResponse.Callback.$anonfun.applyOrElse:200:33 - completed callback 'report proved' for type TypeTag[provingground.learning.HoTTMessages.Proved] with input hash 1075804710
2020.10.19 10:03:41 [INFO] provingground.learning.TypedPostResponse.MiniBot.$anonfun.applyOrElse:380:28 - completed all responses 'deduced results' of type TypeTag[Either[provingground.learning.HoTTMessages.Contradicted,provingground.learning.HoTTMessages.Proved]] to posts of type TypeTag[provingground.learning.HoTTMessages.Proved]
2020.10.19 10:03:41 [INFO] provingground.learning.HoTTBot.$anonfun:2622:32 - remaining top level goals: 0
2020.10.19 10:03:41 [INFO] provingground.learning.HoTTBot.$anonfun:2623:32 - 
2020.10.19 10:03:41 [INFO] provingground.learning.HoTTPostWeb.halt:23:22 - Halting HoTT-post-web session
2020.10.19 10:03:41 [INFO] provingground.learning.TypedPostResponse.Callback.$anonfun.applyOrElse:200:33 - completed callback 'remaining top level goals' for type TypeTag[provingground.learning.HoTTMessages.Proved] with input hash 1075804710
2020.10.19 10:03:41 [INFO] provingground.learning.PostBuffer.$anon.post:266:22 - Post; tag: TypeTag[provingground.learning.HoTTMessages.FailedToProve], id: (21,558094043), content:
FailedToProve((Unit) → (Zero),Empty,Set(∑((`A :  𝒰 _0) ↦ ((`A) → (Zero))))), hash: 558094043
2020.10.19 10:03:41 [INFO] provingground.learning.TypedPostResponse.MicroBot.$anonfun.applyOrElse:251:26 - completed response 'attempting goal' of type TypeTag[Option[Either[provingground.learning.HoTTMessages.FailedToProve,provingground.learning.HoTTMessages.Proved]]] to posts of type TypeTag[provingground.learning.HoTTMessages.SeekGoal] with input hash -274361936
