2021.01.09 19:23:32:229 [INFO ] provingground.interface.CzSlRun:22:14 - This is a Bot based run for the Czech-Slovak olympiand problem identified by Achal, who proved this with manual choice.
This problem involves showing the left and right identity coincide given a bunch of axioms. We can only use forward reasoning
since there are no models.

There is a little domain knowledge in the tuning, with tautologies specified (to not be used as lemmas) 
and "base states" given based on what is used together. But this is largely a robust choice of parameters.
Much of the work has been in ensuring that all the hot code is parallelized.

2021.01.09 19:23:32:567 [INFO ] provingground.interface.CzSlRun:31:14 - Number of threads: 8
2021.01.09 19:23:32:568 [INFO ] provingground.interface.CzSlRun.<local CzSlRun>:33:50 - JAVA_OPTS: -Xms2G -Xmx40G -Xss6M
2021.01.09 19:23:32:570 [INFO ] provingground.interface.CzSlRun.<local CzSlRun>:35:50 - JAVA_HOME: /usr/lib/jvm/java-8-oracle
2021.01.09 19:23:33:819 [INFO ] provingground.learning.PostBuffer.$anon.post:266:22 - Post; tag: TypeTag[provingground.learning.HoTTMessages.TautologyInitState], id: (1,920274034), content:
TautologyInitState(TermState([trans : 0.14285714285714285, refl : 0.14285714285714285, n : 0.14285714285714285, sym : 0.14285714285714285, mul : 0.14285714285714285, m : 0.14285714285714285, ((mul) (m)) (n) : 0.14285714285714285],[M : 1.0],Vector(),[],[],{})), hash: 920274034
2021.01.09 19:23:33:848 [INFO ] provingground.learning.PostBuffer.$anon.post:266:22 - Post; tag: TypeTag[provingground.learning.HoTTMessages.SpecialInitState], id: (2,-460986993), content:
SpecialInitState(TermState([trans : 0.9, sym : 0.1],[M : 1.0],Vector(),[],[],{}),0.001,0.5,0.05,Some(TermGenParams(0.0,0.4,0.0,0.0,0.0,0.0,0.0,0.0,0.0,0.0,0.0,0.0,0.0,0.3,0.0,0.5,0.0,0.0,0.0,<function1>)),Some(2)), hash: -460986993
2021.01.09 19:23:33:850 [INFO ] provingground.learning.PostBuffer.$anon.post:266:22 - Post; tag: TypeTag[provingground.learning.HoTTMessages.SpecialInitState], id: (3,1076500542), content:
SpecialInitState(TermState([right-multiply : 0.2, m : 0.2, n : 0.2, left-multiply : 0.2, ((mul) (m)) (n) : 0.2],[M : 1.0],Vector(),[],[],{}),0.001,0.5,0.5,Some(TermGenParams(0.3,0.3,0.0,0.0,0.0,0.0,0.0,0.0,0.0,0.0,0.0,0.0,0.0,0.3,0.0,0.5,0.0,0.0,0.0,<function1>)),Some(2)), hash: 1076500542
2021.01.09 19:23:33:851 [INFO ] provingground.learning.PostBuffer.$anon.post:266:22 - Post; tag: TypeTag[provingground.learning.LocalProver], id: (4,-555667942), content:
LocalProver(TermState([m : 0.08333333333333333, refl : 0.08333333333333333, mul : 0.08333333333333333, sym : 0.08333333333333333, left-multiply : 0.08333333333333333, right-multiply : 0.08333333333333333, ass2 : 0.08333333333333333, trans : 0.08333333333333333, n : 0.08333333333333333, ((mul) (m)) (n) : 0.08333333333333333, ass1 : 0.08333333333333333, eqM : 0.08333333333333333],[M : 1.0],Vector(),[],[((eqM) (((mul) (m)) (n))) (((mul) (n)) (m)) : 1.0],{}),TermGenParams(0.1,0.1,0.0,0.0,0.0,0.0,0.0,0.0,0.0,0.0,0.0,0.0,0.0,0.3,0.0,0.5,0.0,0.0,0.0,<function1>),1.0E-5,None,12 minutes,1.01,1.0,10000,10,1.0,1.0,None,false,false,0.5,1.0,Some(1800000)), hash: -555667942
2021.01.09 19:23:33:856 [INFO ] provingground.learning.TypedPostResponse.MicroBot.post:241:18 - triggered response '993e014a' of type TypeTag[provingground.learning.ExpressionEval] to post of type TypeTag[provingground.learning.LocalProver] with input hash -555667942
2021.01.09 19:24:36:720 [INFO ] provingground.learning.ErasablePostBuffer.$anon.post:115:22 - Post; tag: TypeTag[provingground.learning.ExpressionEval], id: (5,2112093300), hash : 2112093300
2021.01.09 19:24:36:722 [INFO ] provingground.learning.TypedPostResponse.MicroBot.$anonfun.applyOrElse:255:26 - completed response '993e014a' of type TypeTag[provingground.learning.ExpressionEval] to posts of type TypeTag[provingground.learning.LocalProver] with input hash -555667942
2021.01.09 19:24:36:726 [INFO ] provingground.learning.TypedPostResponse.Callback.post:200:18 - triggered callback '874efb8c' for type TypeTag[provingground.learning.ExpressionEval] with input hash 2112093300
2021.01.09 19:24:39:856 [INFO ] provingground.learning.TypedPostResponse.Callback.$anonfun.applyOrElse:204:33 - completed callback '874efb8c' for type TypeTag[provingground.learning.ExpressionEval] with input hash 2112093300
2021.01.09 19:24:39:857 [INFO ] provingground.learning.TypedPostResponse.MicroBot.post:241:18 - triggered response '5945135f' of type TypeTag[provingground.learning.HoTTMessages.FinalState] to post of type TypeTag[provingground.learning.ExpressionEval] with input hash 2112093300
2021.01.09 19:24:39:859 [INFO ] provingground.learning.HoTTBot.expEvToFinalState:568:26 - computing final state
2021.01.09 19:24:41:785 [INFO ] provingground.learning.ErasablePostBuffer.$anon.post:115:22 - Post; tag: TypeTag[provingground.learning.HoTTMessages.FinalState], id: (6,-1010502883), hash : -1010502883
2021.01.09 19:24:41:786 [INFO ] provingground.learning.TypedPostResponse.MicroBot.$anonfun.applyOrElse:255:26 - completed response '5945135f' of type TypeTag[provingground.learning.HoTTMessages.FinalState] to posts of type TypeTag[provingground.learning.ExpressionEval] with input hash 2112093300
2021.01.09 19:24:41:787 [INFO ] provingground.learning.TypedPostResponse.Callback.post:200:18 - triggered callback 'update terms' for type TypeTag[provingground.learning.HoTTMessages.FinalState] with input hash -1010502883
2021.01.09 19:24:43:993 [INFO ] provingground.learning.HoTTBot.$anonfun:368:26 - Obtained 53918 formal equations
2021.01.09 19:24:44:418 [INFO ] provingground.learning.TypedPostResponse.Callback.$anonfun.applyOrElse:204:33 - completed callback 'update terms' for type TypeTag[provingground.learning.HoTTMessages.FinalState] with input hash -1010502883
2021.01.09 19:24:44:419 [INFO ] provingground.learning.TypedPostResponse.Callback.post:200:18 - triggered callback 'report proofs' for type TypeTag[provingground.learning.HoTTMessages.FinalState] with input hash -1010502883
2021.01.09 19:24:45:395 [INFO ] provingground.learning.HoTTBot.$anonfun:423:26 - Results: 5
Lemma: ((eqM) (((mul) (((mul) (m)) (n))) (n))) (m); best proof: ((ass1) (m)) (n) with weight 9.410526082508905E-6; statement weight 1.0410509014533064E-5
Lemma: ((eqM) (((mul) (((mul) (m)) (n))) (((mul) (((mul) (m)) (n))) (n)))) (n); best proof: ((ass2) (((mul) (m)) (n))) (n) with weight 3.409587270947419E-5; statement weight 4.3614297807797165E-8
Lemma: ((eqM) (n)) (((mul) (((mul) (m)) (n))) (((mul) (((mul) (m)) (n))) (n))); best proof: (((sym) (((mul) (((mul) (m)) (n))) (((mul) (((mul) (m)) (n))) (n)))) (n)) (((ass2) (((mul) (m)) (n))) (n)) with weight 3.030770443278598E-7; statement weight 4.681423832160785E-8
Lemma: ((eqM) (((mul) (((mul) (m)) (n))) (((mul) (((mul) (m)) (n))) (n)))) (((mul) (((mul) (m)) (n))) (m)); best proof: ((((left-multiply) (((mul) (m)) (n))) (((mul) (((mul) (m)) (n))) (n))) (m)) (((ass1) (m)) (n)) with weight 4.434574486976099E-9; statement weight 1.9613285903613254E-10
Lemma: ((eqM) (((mul) (((mul) (((mul) (m)) (n))) (m))) (m))) (((mul) (m)) (n)); best proof: ((ass1) (((mul) (m)) (n))) (m) with weight 3.409587270947419E-5; statement weight 3.1444138932680635E-8
2021.01.09 19:24:45:397 [INFO ] provingground.learning.TypedPostResponse.Callback.$anonfun.applyOrElse:204:33 - completed callback 'report proofs' for type TypeTag[provingground.learning.HoTTMessages.FinalState] with input hash -1010502883
2021.01.09 19:24:45:399 [INFO ] provingground.learning.TypedPostResponse.MicroBot.post:241:18 - triggered response 'final state to filtered lemmas' of type TypeTag[provingground.learning.HoTTMessages.Lemmas] to post of type TypeTag[provingground.learning.HoTTMessages.FinalState] with input hash -1010502883
2021.01.09 19:24:47:589 [INFO ] provingground.learning.HoTTBot.$anonfun:266:30 - avoiding 242 types as tautologies and generators.
2021.01.09 19:24:47:886 [INFO ] provingground.learning.ErasablePostBuffer.$anon.post:115:22 - Post; tag: TypeTag[provingground.learning.HoTTMessages.Lemmas], id: (7,-1451493619), hash : -1451493619
2021.01.09 19:24:47:888 [INFO ] provingground.learning.TypedPostResponse.MicroBot.$anonfun.applyOrElse:255:26 - completed response 'final state to filtered lemmas' of type TypeTag[provingground.learning.HoTTMessages.Lemmas] to posts of type TypeTag[provingground.learning.HoTTMessages.FinalState] with input hash -1010502883
2021.01.09 19:24:47:889 [INFO ] provingground.learning.TypedPostResponse.MicroBot.post:241:18 - triggered response '44f3e016' of type TypeTag[(provingground.learning.HoTTMessages.UsedLemmas :: provingground.learning.HoTTMessages.TangentLemmas :: shapeless.HNil) :: provingground.learning.HoTTMessages.BaseMixinLemmas :: shapeless.HNil] to post of type TypeTag[provingground.learning.HoTTMessages.Lemmas] with input hash -1451493619
2021.01.09 19:24:47:917 [INFO ] provingground.learning.ErasablePostBuffer.$anon.post:115:22 - Post; tag: TypeTag[provingground.learning.HoTTMessages.UsedLemmas], id: (8,2005529528), hash : 2005529528
2021.01.09 19:24:47:918 [INFO ] provingground.learning.ErasablePostBuffer.$anon.post:115:22 - Post; tag: TypeTag[provingground.learning.HoTTMessages.TangentLemmas], id: (9,-2069148390), hash : -2069148390
2021.01.09 19:24:47:920 [INFO ] provingground.learning.ErasablePostBuffer.$anon.post:115:22 - Post; tag: TypeTag[provingground.learning.HoTTMessages.BaseMixinLemmas], id: (10,1451542721), hash : 1451542721
2021.01.09 19:24:47:920 [INFO ] provingground.learning.TypedPostResponse.MicroBot.$anonfun.applyOrElse:255:26 - completed response '44f3e016' of type TypeTag[(provingground.learning.HoTTMessages.UsedLemmas :: provingground.learning.HoTTMessages.TangentLemmas :: shapeless.HNil) :: provingground.learning.HoTTMessages.BaseMixinLemmas :: shapeless.HNil] to posts of type TypeTag[provingground.learning.HoTTMessages.Lemmas] with input hash -1451493619
2021.01.09 19:24:47:923 [INFO ] provingground.learning.TypedPostResponse.DualMiniBotTask.post:491:20 - triggered (multiple) responses 'base state from special initial state' of type TypeTag[provingground.learning.HoTTMessages.TangentBaseState] to posts of type TypeTag[provingground.learning.HoTTMessages.BaseMixinLemmas] with input hash 1451542721
2021.01.09 19:24:47:930 [INFO ] provingground.learning.TypedPostResponse.DualMiniBotTask.taskNest:497:32 - launching 1 branches
2021.01.09 19:24:47:933 [INFO ] provingground.learning.HoTTBot.$anonfun:1503:22 - previous special init states are 2
2021.01.09 19:24:47:936 [INFO ] provingground.learning.HoTTBot.baseStateTask:1345:16 - Computing base state
2021.01.09 19:24:47:940 [INFO ] provingground.learning.HoTTBot.baseStateTask:1345:16 - Computing base state
2021.01.09 19:24:47:941 [INFO ] provingground.learning.TypedPostResponse.DualMiniBotTask.$anonfun:502:36 - launching 2 responses  of type TypeTag[provingground.learning.HoTTMessages.TangentBaseState]  to posts of type TypeTag[provingground.learning.HoTTMessages.BaseMixinLemmas] in branch
2021.01.09 19:24:48:487 [INFO ] provingground.learning.HoTTBot.baseStateTask:1352:24 - Created vector of equations
2021.01.09 19:24:48:488 [INFO ] provingground.learning.HoTTBot.baseStateTask:1352:24 - Created vector of equations
2021.01.09 19:24:50:942 [INFO ] provingground.learning.ErasablePostBuffer.$anon.post:115:22 - Post; tag: TypeTag[provingground.learning.HoTTMessages.TangentBaseState], id: (11,-1931402823), hash : -1931402823
2021.01.09 19:24:50:943 [INFO ] provingground.learning.TypedPostResponse.DualMiniBotTask.$anonfun:507:44 - remaining 1 responses of type TypeTag[provingground.learning.HoTTMessages.TangentBaseState] to posts of type TypeTag[provingground.learning.HoTTMessages.BaseMixinLemmas]
2021.01.09 19:24:51:077 [INFO ] provingground.learning.ErasablePostBuffer.$anon.post:115:22 - Post; tag: TypeTag[provingground.learning.HoTTMessages.TangentBaseState], id: (12,-1944486179), hash : -1944486179
2021.01.09 19:24:51:077 [INFO ] provingground.learning.TypedPostResponse.DualMiniBotTask.$anonfun:507:44 - remaining 0 responses of type TypeTag[provingground.learning.HoTTMessages.TangentBaseState] to posts of type TypeTag[provingground.learning.HoTTMessages.BaseMixinLemmas]
2021.01.09 19:24:51:079 [INFO ] provingground.learning.TypedPostResponse.DualMiniBotTask.taskNest:520:22 - completed (multiple) responses 'base state from special initial state' of type TypeTag[provingground.learning.HoTTMessages.TangentBaseState] to posts of type TypeTag[provingground.learning.HoTTMessages.BaseMixinLemmas] with input hash 1451542721
2021.01.09 19:24:51:081 [INFO ] provingground.learning.PostBuffer.$anon.post:266:22 - Post; tag: TypeTag[provingground.learning.HoTTMessages.TangentBaseCompleted.type], id: (13,-1666923435), content:
TangentBaseCompleted, hash: -1666923435
2021.01.09 19:24:51:085 [INFO ] provingground.learning.TypedPostResponse.MicroBot.post:241:18 - triggered response 'unified equations' of type TypeTag[provingground.learning.HoTTMessages.GeneratedEquationNodes] to post of type TypeTag[provingground.learning.HoTTMessages.TangentBaseCompleted.type] with input hash -1666923435
2021.01.09 19:25:02:402 [INFO ] provingground.learning.SimpleEquations.timedUnAppEquations:277:30 - reached cutoff limit Some(1.0E-11)
2021.01.09 19:25:02:480 [INFO ] provingground.learning.ErasablePostBuffer.$anon.post:115:22 - Post; tag: TypeTag[provingground.learning.HoTTMessages.GeneratedEquationNodes], id: (14,-671408847), hash : -671408847
2021.01.09 19:25:02:484 [INFO ] provingground.learning.TypedPostResponse.MicroBot.$anonfun.applyOrElse:255:26 - completed response 'unified equations' of type TypeTag[provingground.learning.HoTTMessages.GeneratedEquationNodes] to posts of type TypeTag[provingground.learning.HoTTMessages.TangentBaseCompleted.type] with input hash -1666923435
2021.01.09 19:25:02:485 [INFO ] provingground.learning.TypedPostResponse.MicroBot.post:241:18 - triggered response '17c87a4c' of type TypeTag[provingground.learning.ExpressionEval] to post of type TypeTag[provingground.learning.HoTTMessages.GeneratedEquationNodes] with input hash -671408847
2021.01.09 19:25:02:489 [INFO ] provingground.learning.TypedPostResponse.Callback.post:200:18 - triggered callback 'update equations' for type TypeTag[provingground.learning.HoTTMessages.GeneratedEquationNodes] with input hash -671408847
2021.01.09 19:25:02:569 [INFO ] provingground.learning.TypedPostResponse.Callback.$anonfun.applyOrElse:204:33 - completed callback 'update equations' for type TypeTag[provingground.learning.HoTTMessages.GeneratedEquationNodes] with input hash -671408847
2021.01.09 19:25:04:721 [INFO ] provingground.learning.ErasablePostBuffer.$anon.post:115:22 - Post; tag: TypeTag[provingground.learning.ExpressionEval], id: (15,743098937), hash : 743098937
2021.01.09 19:25:04:722 [INFO ] provingground.learning.TypedPostResponse.MicroBot.$anonfun.applyOrElse:255:26 - completed response '17c87a4c' of type TypeTag[provingground.learning.ExpressionEval] to posts of type TypeTag[provingground.learning.HoTTMessages.GeneratedEquationNodes] with input hash -671408847
2021.01.09 19:25:04:729 [INFO ] provingground.learning.TypedPostResponse.MicroBot.post:241:18 - triggered response '5945135f' of type TypeTag[provingground.learning.HoTTMessages.FinalState] to post of type TypeTag[provingground.learning.ExpressionEval] with input hash 743098937
2021.01.09 19:25:04:736 [INFO ] provingground.learning.HoTTBot.expEvToFinalState:568:26 - computing final state
2021.01.09 19:25:07:640 [INFO ] provingground.learning.ErasablePostBuffer.$anon.post:115:22 - Post; tag: TypeTag[provingground.learning.HoTTMessages.FinalState], id: (16,-1180616476), hash : -1180616476
2021.01.09 19:25:07:641 [INFO ] provingground.learning.TypedPostResponse.MicroBot.$anonfun.applyOrElse:255:26 - completed response '5945135f' of type TypeTag[provingground.learning.HoTTMessages.FinalState] to posts of type TypeTag[provingground.learning.ExpressionEval] with input hash 743098937
2021.01.09 19:25:07:641 [INFO ] provingground.learning.TypedPostResponse.MicroBot.post:241:18 - triggered response 'final state to filtered lemmas' of type TypeTag[provingground.learning.HoTTMessages.Lemmas] to post of type TypeTag[provingground.learning.HoTTMessages.FinalState] with input hash -1180616476
2021.01.09 19:25:07:642 [INFO ] provingground.learning.TypedPostResponse.Callback.post:200:18 - triggered callback 'update terms' for type TypeTag[provingground.learning.HoTTMessages.FinalState] with input hash -1180616476
2021.01.09 19:25:07:643 [INFO ] provingground.learning.TypedPostResponse.Callback.post:200:18 - triggered callback 'report proofs (simple)' for type TypeTag[provingground.learning.HoTTMessages.FinalState] with input hash -1180616476
2021.01.09 19:25:07:644 [INFO ] provingground.learning.TypedPostResponse.Callback.post:200:18 - triggered callback 'report proofs (simple)' for type TypeTag[provingground.learning.HoTTMessages.FinalState] with input hash -1180616476
2021.01.09 19:25:08:909 [INFO ] provingground.learning.HoTTBot.$anonfun:466:26 - Steps (in final state): 4
Lemma: (`a : M ) ~> ((`b : M ) ~> ((`c : M ) ~> ((((eqM) (`a)) (`b)) → ((((eqM) (`b)) (`c)) → (((eqM) (`a)) (`c)))))); best proof: trans with weight 0.07203908905155558; statement weight 5.7040927451745366E-11
Lemma: (`$afm : M ) ~> ((((eqM) (((mul) (((mul) (m)) (n))) (((mul) (((mul) (m)) (n))) (n)))) (`$afm)) → (((eqM) (n)) (`$afm))); best proof: (`$ejovqx :  M) ↦ (((((trans) (n)) (((mul) (((mul) (m)) (n))) (((mul) (((mul) (m)) (n))) (n)))) (`$ejovqx)) ((((sym) (((mul) (((mul) (m)) (n))) (((mul) (((mul) (m)) (n))) (n)))) (n)) (((ass2) (((mul) (m)) (n))) (n)))) with weight 7.34834215393939E-9; statement weight 3.961981435409361E-11
Lemma: (`b : M ) ~> ((`c : M ) ~> ((((eqM) (`b)) (`c)) → (((eqM) (((mul) (((mul) (m)) (n))) (`b))) (((mul) (((mul) (m)) (n))) (`c))))); best proof: (left-multiply) (((mul) (m)) (n)) with weight 0.0049189343938324534; statement weight 1.1210010312336352E-11
Lemma: (`b : M ) ~> ((`c : M ) ~> ((((eqM) (`b)) (`c)) → (((eqM) (((mul) (`b)) (m))) (((mul) (`c)) (m))))); best proof: (right-multiply) (m) with weight 0.0013103240317774946; statement weight 7.166557217187053E-13
2021.01.09 19:25:08:912 [INFO ] provingground.learning.TypedPostResponse.Callback.$anonfun.applyOrElse:204:33 - completed callback 'report proofs (simple)' for type TypeTag[provingground.learning.HoTTMessages.FinalState] with input hash -1180616476
2021.01.09 19:25:09:053 [INFO ] provingground.learning.HoTTBot.$anonfun:466:26 - Results: 5
Lemma: ((eqM) (((mul) (((mul) (m)) (n))) (n))) (m); best proof: ((ass1) (m)) (n) with weight 5.916652414010293E-6; statement weight 5.0064834440812185E-6
Lemma: ((eqM) (((mul) (((mul) (m)) (n))) (((mul) (((mul) (m)) (n))) (n)))) (n); best proof: ((ass2) (((mul) (m)) (n))) (n) with weight 2.221101372376836E-5; statement weight 1.1916313439735333E-8
Lemma: ((eqM) (n)) (((mul) (((mul) (m)) (n))) (((mul) (((mul) (m)) (n))) (n))); best proof: (((sym) (((mul) (((mul) (m)) (n))) (((mul) (((mul) (m)) (n))) (n)))) (n)) (((ass2) (((mul) (m)) (n))) (n)) with weight 4.0399768363431675E-7; statement weight 1.2616146501901207E-8
Lemma: ((eqM) (((mul) (((mul) (m)) (n))) (((mul) (((mul) (m)) (n))) (n)))) (((mul) (((mul) (m)) (n))) (m)); best proof: ((((left-multiply) (((mul) (m)) (n))) (((mul) (((mul) (m)) (n))) (n))) (m)) (((ass1) (m)) (n)) with weight 3.9816947879986805E-9; statement weight 3.002865340038725E-11
Lemma: ((eqM) (((mul) (((mul) (((mul) (m)) (n))) (m))) (m))) (((mul) (m)) (n)); best proof: ((ass1) (((mul) (m)) (n))) (m) with weight 2.221101372376836E-5; statement weight 8.734033488442497E-9
2021.01.09 19:25:09:054 [INFO ] provingground.learning.TypedPostResponse.Callback.$anonfun.applyOrElse:204:33 - completed callback 'report proofs (simple)' for type TypeTag[provingground.learning.HoTTMessages.FinalState] with input hash -1180616476
2021.01.09 19:25:14:189 [INFO ] provingground.learning.HoTTBot.$anonfun:368:26 - Obtained 164416 formal equations
2021.01.09 19:25:15:002 [INFO ] provingground.learning.TypedPostResponse.Callback.$anonfun.applyOrElse:204:33 - completed callback 'update terms' for type TypeTag[provingground.learning.HoTTMessages.FinalState] with input hash -1180616476
2021.01.09 19:25:18:978 [INFO ] provingground.learning.HoTTBot.$anonfun:266:30 - avoiding 242 types as tautologies and generators.
2021.01.09 19:25:19:442 [INFO ] provingground.learning.ErasablePostBuffer.$anon.post:115:22 - Post; tag: TypeTag[provingground.learning.HoTTMessages.Lemmas], id: (17,969670424), hash : 969670424
2021.01.09 19:25:19:444 [INFO ] provingground.learning.TypedPostResponse.MicroBot.$anonfun.applyOrElse:255:26 - completed response 'final state to filtered lemmas' of type TypeTag[provingground.learning.HoTTMessages.Lemmas] to posts of type TypeTag[provingground.learning.HoTTMessages.FinalState] with input hash -1180616476
2021.01.09 19:25:19:445 [INFO ] provingground.learning.TypedPostResponse.MicroBot.post:241:18 - triggered response '44f3e016' of type TypeTag[(provingground.learning.HoTTMessages.UsedLemmas :: provingground.learning.HoTTMessages.TangentLemmas :: shapeless.HNil) :: provingground.learning.HoTTMessages.BaseMixinLemmas :: shapeless.HNil] to post of type TypeTag[provingground.learning.HoTTMessages.Lemmas] with input hash 969670424
2021.01.09 19:25:19:518 [INFO ] provingground.learning.ErasablePostBuffer.$anon.post:115:22 - Post; tag: TypeTag[provingground.learning.HoTTMessages.UsedLemmas], id: (18,344130160), hash : 344130160
2021.01.09 19:25:19:520 [INFO ] provingground.learning.ErasablePostBuffer.$anon.post:115:22 - Post; tag: TypeTag[provingground.learning.HoTTMessages.TangentLemmas], id: (19,1089436613), hash : 1089436613
2021.01.09 19:25:19:522 [INFO ] provingground.learning.ErasablePostBuffer.$anon.post:115:22 - Post; tag: TypeTag[provingground.learning.HoTTMessages.BaseMixinLemmas], id: (20,1487562399), hash : 1487562399
2021.01.09 19:25:19:523 [INFO ] provingground.learning.TypedPostResponse.MicroBot.$anonfun.applyOrElse:255:26 - completed response '44f3e016' of type TypeTag[(provingground.learning.HoTTMessages.UsedLemmas :: provingground.learning.HoTTMessages.TangentLemmas :: shapeless.HNil) :: provingground.learning.HoTTMessages.BaseMixinLemmas :: shapeless.HNil] to posts of type TypeTag[provingground.learning.HoTTMessages.Lemmas] with input hash 969670424
2021.01.09 19:25:19:526 [INFO ] provingground.learning.TypedPostResponse.DualMiniBotTask.post:491:20 - triggered (multiple) responses 'base state from special initial state' of type TypeTag[provingground.learning.HoTTMessages.TangentBaseState] to posts of type TypeTag[provingground.learning.HoTTMessages.BaseMixinLemmas] with input hash 1487562399
2021.01.09 19:25:19:530 [INFO ] provingground.learning.TypedPostResponse.DualMiniBotTask.taskNest:497:32 - launching 1 branches
2021.01.09 19:25:19:531 [INFO ] provingground.learning.HoTTBot.$anonfun:1503:22 - previous special init states are 2
2021.01.09 19:25:19:532 [INFO ] provingground.learning.HoTTBot.baseStateTask:1345:16 - Computing base state
2021.01.09 19:25:19:534 [INFO ] provingground.learning.HoTTBot.baseStateTask:1345:16 - Computing base state
2021.01.09 19:25:19:534 [INFO ] provingground.learning.TypedPostResponse.DualMiniBotTask.$anonfun:502:36 - launching 2 responses  of type TypeTag[provingground.learning.HoTTMessages.TangentBaseState]  to posts of type TypeTag[provingground.learning.HoTTMessages.BaseMixinLemmas] in branch
2021.01.09 19:25:32:502 [INFO ] provingground.learning.HoTTBot.baseStateTask:1352:24 - Created vector of equations
2021.01.09 19:25:34:281 [INFO ] provingground.learning.HoTTBot.baseStateTask:1352:24 - Created vector of equations
2021.01.09 19:25:37:250 [INFO ] provingground.learning.ErasablePostBuffer.$anon.post:115:22 - Post; tag: TypeTag[provingground.learning.HoTTMessages.TangentBaseState], id: (21,-652926956), hash : -652926956
2021.01.09 19:25:37:252 [INFO ] provingground.learning.TypedPostResponse.DualMiniBotTask.$anonfun:507:44 - remaining 1 responses of type TypeTag[provingground.learning.HoTTMessages.TangentBaseState] to posts of type TypeTag[provingground.learning.HoTTMessages.BaseMixinLemmas]
2021.01.09 19:25:38:449 [INFO ] provingground.learning.ErasablePostBuffer.$anon.post:115:22 - Post; tag: TypeTag[provingground.learning.HoTTMessages.TangentBaseState], id: (22,-2111179088), hash : -2111179088
2021.01.09 19:25:38:449 [INFO ] provingground.learning.TypedPostResponse.DualMiniBotTask.$anonfun:507:44 - remaining 0 responses of type TypeTag[provingground.learning.HoTTMessages.TangentBaseState] to posts of type TypeTag[provingground.learning.HoTTMessages.BaseMixinLemmas]
2021.01.09 19:25:38:450 [INFO ] provingground.learning.TypedPostResponse.DualMiniBotTask.taskNest:520:22 - completed (multiple) responses 'base state from special initial state' of type TypeTag[provingground.learning.HoTTMessages.TangentBaseState] to posts of type TypeTag[provingground.learning.HoTTMessages.BaseMixinLemmas] with input hash 1487562399
2021.01.09 19:25:38:451 [INFO ] provingground.learning.PostBuffer.$anon.post:266:22 - Post; tag: TypeTag[provingground.learning.HoTTMessages.TangentBaseCompleted.type], id: (23,-1666923435), content:
TangentBaseCompleted, hash: -1666923435
2021.01.09 19:25:38:452 [INFO ] provingground.learning.TypedPostResponse.MicroBot.post:241:18 - triggered response 'unified equations' of type TypeTag[provingground.learning.HoTTMessages.GeneratedEquationNodes] to post of type TypeTag[provingground.learning.HoTTMessages.TangentBaseCompleted.type] with input hash -1666923435
2021.01.09 19:27:10:542 [INFO ] provingground.learning.SimpleEquations.timedUnAppEquations:277:30 - reached cutoff limit Some(1.0E-11)
2021.01.09 19:27:16:015 [INFO ] provingground.learning.SimpleEquations.timedUnAppEquations:277:30 - reached cutoff limit Some(1.0E-11)
2021.01.09 19:27:16:581 [INFO ] provingground.learning.ErasablePostBuffer.$anon.post:115:22 - Post; tag: TypeTag[provingground.learning.HoTTMessages.GeneratedEquationNodes], id: (24,-526787814), hash : -526787814
2021.01.09 19:27:16:587 [INFO ] provingground.learning.TypedPostResponse.MicroBot.$anonfun.applyOrElse:255:26 - completed response 'unified equations' of type TypeTag[provingground.learning.HoTTMessages.GeneratedEquationNodes] to posts of type TypeTag[provingground.learning.HoTTMessages.TangentBaseCompleted.type] with input hash -1666923435
2021.01.09 19:27:16:588 [INFO ] provingground.learning.TypedPostResponse.MicroBot.post:241:18 - triggered response '17c87a4c' of type TypeTag[provingground.learning.ExpressionEval] to post of type TypeTag[provingground.learning.HoTTMessages.GeneratedEquationNodes] with input hash -526787814
2021.01.09 19:27:16:593 [INFO ] provingground.learning.TypedPostResponse.Callback.post:200:18 - triggered callback 'update equations' for type TypeTag[provingground.learning.HoTTMessages.GeneratedEquationNodes] with input hash -526787814
2021.01.09 19:27:17:154 [INFO ] provingground.learning.TypedPostResponse.Callback.$anonfun.applyOrElse:204:33 - completed callback 'update equations' for type TypeTag[provingground.learning.HoTTMessages.GeneratedEquationNodes] with input hash -526787814
2021.01.09 19:27:24:346 [INFO ] provingground.learning.ErasablePostBuffer.$anon.post:115:22 - Post; tag: TypeTag[provingground.learning.ExpressionEval], id: (25,1665811043), hash : 1665811043
2021.01.09 19:27:24:346 [INFO ] provingground.learning.TypedPostResponse.MicroBot.$anonfun.applyOrElse:255:26 - completed response '17c87a4c' of type TypeTag[provingground.learning.ExpressionEval] to posts of type TypeTag[provingground.learning.HoTTMessages.GeneratedEquationNodes] with input hash -526787814
2021.01.09 19:27:24:352 [INFO ] provingground.learning.TypedPostResponse.MicroBot.post:241:18 - triggered response '5945135f' of type TypeTag[provingground.learning.HoTTMessages.FinalState] to post of type TypeTag[provingground.learning.ExpressionEval] with input hash 1665811043
2021.01.09 19:27:24:355 [INFO ] provingground.learning.HoTTBot.expEvToFinalState:568:26 - computing final state
2021.01.09 19:27:29:478 [INFO ] provingground.learning.ErasablePostBuffer.$anon.post:115:22 - Post; tag: TypeTag[provingground.learning.HoTTMessages.FinalState], id: (26,-852255742), hash : -852255742
2021.01.09 19:27:29:480 [INFO ] provingground.learning.TypedPostResponse.MicroBot.$anonfun.applyOrElse:255:26 - completed response '5945135f' of type TypeTag[provingground.learning.HoTTMessages.FinalState] to posts of type TypeTag[provingground.learning.ExpressionEval] with input hash 1665811043
2021.01.09 19:27:29:480 [INFO ] provingground.learning.TypedPostResponse.MicroBot.post:241:18 - triggered response 'final state to filtered lemmas' of type TypeTag[provingground.learning.HoTTMessages.Lemmas] to post of type TypeTag[provingground.learning.HoTTMessages.FinalState] with input hash -852255742
2021.01.09 19:27:29:483 [INFO ] provingground.learning.TypedPostResponse.Callback.post:200:18 - triggered callback 'update terms' for type TypeTag[provingground.learning.HoTTMessages.FinalState] with input hash -852255742
2021.01.09 19:27:29:485 [INFO ] provingground.learning.TypedPostResponse.Callback.post:200:18 - triggered callback 'report proofs (simple)' for type TypeTag[provingground.learning.HoTTMessages.FinalState] with input hash -852255742
2021.01.09 19:27:29:487 [INFO ] provingground.learning.TypedPostResponse.Callback.post:200:18 - triggered callback 'report proofs (simple)' for type TypeTag[provingground.learning.HoTTMessages.FinalState] with input hash -852255742
2021.01.09 19:27:35:268 [INFO ] provingground.learning.HoTTBot.$anonfun:466:26 - Steps (in final state): 4
Lemma: (`a : M ) ~> ((`b : M ) ~> ((`c : M ) ~> ((((eqM) (`a)) (`b)) → ((((eqM) (`b)) (`c)) → (((eqM) (`a)) (`c)))))); best proof: trans with weight 0.07203908227075162; statement weight 5.7025722402872057E-11
Lemma: (`$afm : M ) ~> ((((eqM) (((mul) (((mul) (m)) (n))) (((mul) (((mul) (m)) (n))) (n)))) (`$afm)) → (((eqM) (n)) (`$afm))); best proof: (`$ejovqx :  M) ↦ (((((trans) (n)) (((mul) (((mul) (m)) (n))) (((mul) (((mul) (m)) (n))) (n)))) (`$ejovqx)) ((((sym) (((mul) (((mul) (m)) (n))) (((mul) (((mul) (m)) (n))) (n)))) (n)) (((ass2) (((mul) (m)) (n))) (n)))) with weight 7.348341452508641E-9; statement weight 3.96195739131229E-11
Lemma: (`b : M ) ~> ((`c : M ) ~> ((((eqM) (`b)) (`c)) → (((eqM) (((mul) (((mul) (m)) (n))) (`b))) (((mul) (((mul) (m)) (n))) (`c))))); best proof: (left-multiply) (((mul) (m)) (n)) with weight 0.004918933929395903; statement weight 1.1208705267347795E-11
Lemma: (`b : M ) ~> ((`c : M ) ~> ((((eqM) (`b)) (`c)) → (((eqM) (((mul) (`b)) (m))) (((mul) (`c)) (m))))); best proof: (right-multiply) (m) with weight 0.0013103239081376622; statement weight 7.16740060380803E-13
2021.01.09 19:27:35:268 [INFO ] provingground.learning.TypedPostResponse.Callback.$anonfun.applyOrElse:204:33 - completed callback 'report proofs (simple)' for type TypeTag[provingground.learning.HoTTMessages.FinalState] with input hash -852255742
2021.01.09 19:27:35:937 [INFO ] provingground.learning.HoTTBot.$anonfun:466:26 - Results: 6
Lemma: ((eqM) (((mul) (((mul) (m)) (n))) (n))) (m); best proof: ((ass1) (m)) (n) with weight 5.916651854567377E-6; statement weight 5.006483226269676E-6
Lemma: ((eqM) (((mul) (((mul) (m)) (n))) (((mul) (((mul) (m)) (n))) (n)))) (n); best proof: ((ass2) (((mul) (m)) (n))) (n) with weight 2.2211011625869617E-5; statement weight 1.1916312294465373E-8
Lemma: ((eqM) (n)) (((mul) (((mul) (m)) (n))) (((mul) (((mul) (m)) (n))) (n))); best proof: (((sym) (((mul) (((mul) (m)) (n))) (((mul) (((mul) (m)) (n))) (n)))) (n)) (((ass2) (((mul) (m)) (n))) (n)) with weight 4.0399764512818494E-7; statement weight 1.2616145999352689E-8
Lemma: ((eqM) (((mul) (((mul) (m)) (n))) (((mul) (((mul) (m)) (n))) (n)))) (((mul) (((mul) (m)) (n))) (m)); best proof: ((((left-multiply) (((mul) (m)) (n))) (((mul) (((mul) (m)) (n))) (n))) (m)) (((ass1) (m)) (n)) with weight 3.981879549493175E-9; statement weight 3.002865059489463E-11
Lemma: ((eqM) (((mul) (((mul) (((mul) (m)) (n))) (m))) (m))) (((mul) (m)) (n)); best proof: ((ass1) (((mul) (m)) (n))) (m) with weight 2.2211011625869617E-5; statement weight 8.734028902211196E-9
Lemma: ((eqM) (n)) (((mul) (((mul) (m)) (n))) (m)); best proof: (((((trans) (n)) (((mul) (((mul) (m)) (n))) (((mul) (((mul) (m)) (n))) (n)))) (((mul) (((mul) (m)) (n))) (m))) ((((sym) (((mul) (((mul) (m)) (n))) (((mul) (((mul) (m)) (n))) (n)))) (n)) (((ass2) (((mul) (m)) (n))) (n)))) (((((left-multiply) (((mul) (m)) (n))) (((mul) (((mul) (m)) (n))) (n))) (m)) (((ass1) (m)) (n))) with weight 4.002931635200315E-18; statement weight 3.881853270720519E-5
2021.01.09 19:27:35:937 [INFO ] provingground.learning.TypedPostResponse.Callback.$anonfun.applyOrElse:204:33 - completed callback 'report proofs (simple)' for type TypeTag[provingground.learning.HoTTMessages.FinalState] with input hash -852255742
2021.01.09 19:27:56:404 [INFO ] provingground.learning.HoTTBot.$anonfun:368:26 - Obtained 668231 formal equations
2021.01.09 19:27:59:611 [INFO ] provingground.learning.TypedPostResponse.Callback.$anonfun.applyOrElse:204:33 - completed callback 'update terms' for type TypeTag[provingground.learning.HoTTMessages.FinalState] with input hash -852255742
2021.01.09 19:28:12:081 [INFO ] provingground.learning.HoTTBot.$anonfun:266:30 - avoiding 242 types as tautologies and generators.
2021.01.09 19:28:16:103 [INFO ] provingground.learning.ErasablePostBuffer.$anon.post:115:22 - Post; tag: TypeTag[provingground.learning.HoTTMessages.Lemmas], id: (27,63750648), hash : 63750648
2021.01.09 19:28:16:108 [INFO ] provingground.learning.TypedPostResponse.MicroBot.$anonfun.applyOrElse:255:26 - completed response 'final state to filtered lemmas' of type TypeTag[provingground.learning.HoTTMessages.Lemmas] to posts of type TypeTag[provingground.learning.HoTTMessages.FinalState] with input hash -852255742
2021.01.09 19:28:16:114 [INFO ] provingground.learning.TypedPostResponse.MicroBot.post:241:18 - triggered response '44f3e016' of type TypeTag[(provingground.learning.HoTTMessages.UsedLemmas :: provingground.learning.HoTTMessages.TangentLemmas :: shapeless.HNil) :: provingground.learning.HoTTMessages.BaseMixinLemmas :: shapeless.HNil] to post of type TypeTag[provingground.learning.HoTTMessages.Lemmas] with input hash 63750648
2021.01.09 19:28:16:524 [INFO ] provingground.learning.ErasablePostBuffer.$anon.post:115:22 - Post; tag: TypeTag[provingground.learning.HoTTMessages.UsedLemmas], id: (28,969179277), hash : 969179277
2021.01.09 19:28:16:528 [INFO ] provingground.learning.ErasablePostBuffer.$anon.post:115:22 - Post; tag: TypeTag[provingground.learning.HoTTMessages.TangentLemmas], id: (29,1179850482), hash : 1179850482
2021.01.09 19:28:16:530 [INFO ] provingground.learning.ErasablePostBuffer.$anon.post:115:22 - Post; tag: TypeTag[provingground.learning.HoTTMessages.BaseMixinLemmas], id: (30,-1353537362), hash : -1353537362
2021.01.09 19:28:16:532 [INFO ] provingground.learning.TypedPostResponse.MicroBot.$anonfun.applyOrElse:255:26 - completed response '44f3e016' of type TypeTag[(provingground.learning.HoTTMessages.UsedLemmas :: provingground.learning.HoTTMessages.TangentLemmas :: shapeless.HNil) :: provingground.learning.HoTTMessages.BaseMixinLemmas :: shapeless.HNil] to posts of type TypeTag[provingground.learning.HoTTMessages.Lemmas] with input hash 63750648
2021.01.09 19:28:16:535 [INFO ] provingground.learning.TypedPostResponse.DualMiniBotTask.post:491:20 - triggered (multiple) responses 'base state from special initial state' of type TypeTag[provingground.learning.HoTTMessages.TangentBaseState] to posts of type TypeTag[provingground.learning.HoTTMessages.BaseMixinLemmas] with input hash -1353537362
2021.01.09 19:28:16:544 [INFO ] provingground.learning.TypedPostResponse.DualMiniBotTask.taskNest:497:32 - launching 1 branches
2021.01.09 19:28:16:544 [INFO ] provingground.learning.HoTTBot.$anonfun:1503:22 - previous special init states are 2
2021.01.09 19:28:16:546 [INFO ] provingground.learning.HoTTBot.baseStateTask:1345:16 - Computing base state
2021.01.09 19:28:16:549 [INFO ] provingground.learning.HoTTBot.baseStateTask:1345:16 - Computing base state
2021.01.09 19:28:16:549 [INFO ] provingground.learning.TypedPostResponse.DualMiniBotTask.$anonfun:502:36 - launching 2 responses  of type TypeTag[provingground.learning.HoTTMessages.TangentBaseState]  to posts of type TypeTag[provingground.learning.HoTTMessages.BaseMixinLemmas] in branch
2021.01.09 19:29:57:462 [INFO ] provingground.learning.HoTTBot.baseStateTask:1352:24 - Created vector of equations
2021.01.09 19:30:07:010 [INFO ] provingground.learning.HoTTBot.baseStateTask:1352:24 - Created vector of equations
2021.01.09 19:30:14:477 [INFO ] provingground.learning.ErasablePostBuffer.$anon.post:115:22 - Post; tag: TypeTag[provingground.learning.HoTTMessages.TangentBaseState], id: (31,-1508196382), hash : -1508196382
2021.01.09 19:30:14:481 [INFO ] provingground.learning.TypedPostResponse.DualMiniBotTask.$anonfun:507:44 - remaining 1 responses of type TypeTag[provingground.learning.HoTTMessages.TangentBaseState] to posts of type TypeTag[provingground.learning.HoTTMessages.BaseMixinLemmas]
2021.01.09 19:30:20:916 [INFO ] provingground.learning.ErasablePostBuffer.$anon.post:115:22 - Post; tag: TypeTag[provingground.learning.HoTTMessages.TangentBaseState], id: (32,-804682187), hash : -804682187
2021.01.09 19:30:20:919 [INFO ] provingground.learning.TypedPostResponse.DualMiniBotTask.$anonfun:507:44 - remaining 0 responses of type TypeTag[provingground.learning.HoTTMessages.TangentBaseState] to posts of type TypeTag[provingground.learning.HoTTMessages.BaseMixinLemmas]
2021.01.09 19:30:20:920 [INFO ] provingground.learning.TypedPostResponse.DualMiniBotTask.taskNest:520:22 - completed (multiple) responses 'base state from special initial state' of type TypeTag[provingground.learning.HoTTMessages.TangentBaseState] to posts of type TypeTag[provingground.learning.HoTTMessages.BaseMixinLemmas] with input hash -1353537362
2021.01.09 19:30:20:921 [INFO ] provingground.learning.PostBuffer.$anon.post:266:22 - Post; tag: TypeTag[provingground.learning.HoTTMessages.TangentBaseCompleted.type], id: (33,-1666923435), content:
TangentBaseCompleted, hash: -1666923435
2021.01.09 19:30:20:922 [INFO ] provingground.learning.TypedPostResponse.MicroBot.post:241:18 - triggered response 'unified equations' of type TypeTag[provingground.learning.HoTTMessages.GeneratedEquationNodes] to post of type TypeTag[provingground.learning.HoTTMessages.TangentBaseCompleted.type] with input hash -1666923435
2021.01.09 19:32:58:685 [INFO ] provingground.learning.SimpleEquations.timedUnAppEquations:277:30 - reached cutoff limit Some(1.0E-11)
2021.01.09 19:33:00:067 [INFO ] provingground.learning.SimpleEquations.timedUnAppEquations:277:30 - reached cutoff limit Some(1.0E-11)
2021.01.09 19:33:00:793 [INFO ] provingground.learning.ErasablePostBuffer.$anon.post:115:22 - Post; tag: TypeTag[provingground.learning.HoTTMessages.GeneratedEquationNodes], id: (34,1271014023), hash : 1271014023
2021.01.09 19:33:00:797 [INFO ] provingground.learning.TypedPostResponse.MicroBot.$anonfun.applyOrElse:255:26 - completed response 'unified equations' of type TypeTag[provingground.learning.HoTTMessages.GeneratedEquationNodes] to posts of type TypeTag[provingground.learning.HoTTMessages.TangentBaseCompleted.type] with input hash -1666923435
2021.01.09 19:33:00:797 [INFO ] provingground.learning.TypedPostResponse.MicroBot.post:241:18 - triggered response '17c87a4c' of type TypeTag[provingground.learning.ExpressionEval] to post of type TypeTag[provingground.learning.HoTTMessages.GeneratedEquationNodes] with input hash 1271014023
2021.01.09 19:33:00:801 [INFO ] provingground.learning.TypedPostResponse.Callback.post:200:18 - triggered callback 'update equations' for type TypeTag[provingground.learning.HoTTMessages.GeneratedEquationNodes] with input hash 1271014023
2021.01.09 19:33:02:372 [INFO ] provingground.learning.TypedPostResponse.Callback.$anonfun.applyOrElse:204:33 - completed callback 'update equations' for type TypeTag[provingground.learning.HoTTMessages.GeneratedEquationNodes] with input hash 1271014023
2021.01.09 19:33:18:028 [INFO ] provingground.learning.ErasablePostBuffer.$anon.post:115:22 - Post; tag: TypeTag[provingground.learning.ExpressionEval], id: (35,1425959132), hash : 1425959132
2021.01.09 19:33:18:029 [INFO ] provingground.learning.TypedPostResponse.MicroBot.$anonfun.applyOrElse:255:26 - completed response '17c87a4c' of type TypeTag[provingground.learning.ExpressionEval] to posts of type TypeTag[provingground.learning.HoTTMessages.GeneratedEquationNodes] with input hash 1271014023
2021.01.09 19:33:18:035 [INFO ] provingground.learning.TypedPostResponse.MicroBot.post:241:18 - triggered response '5945135f' of type TypeTag[provingground.learning.HoTTMessages.FinalState] to post of type TypeTag[provingground.learning.ExpressionEval] with input hash 1425959132
2021.01.09 19:33:18:035 [INFO ] provingground.learning.HoTTBot.expEvToFinalState:568:26 - computing final state
2021.01.09 19:33:26:631 [INFO ] provingground.learning.ErasablePostBuffer.$anon.post:115:22 - Post; tag: TypeTag[provingground.learning.HoTTMessages.FinalState], id: (36,-478873390), hash : -478873390
2021.01.09 19:33:26:637 [INFO ] provingground.learning.TypedPostResponse.MicroBot.$anonfun.applyOrElse:255:26 - completed response '5945135f' of type TypeTag[provingground.learning.HoTTMessages.FinalState] to posts of type TypeTag[provingground.learning.ExpressionEval] with input hash 1425959132
2021.01.09 19:33:26:638 [INFO ] provingground.learning.TypedPostResponse.MicroBot.post:241:18 - triggered response 'final state to filtered lemmas' of type TypeTag[provingground.learning.HoTTMessages.Lemmas] to post of type TypeTag[provingground.learning.HoTTMessages.FinalState] with input hash -478873390
2021.01.09 19:33:26:644 [INFO ] provingground.learning.TypedPostResponse.Callback.post:200:18 - triggered callback 'update terms' for type TypeTag[provingground.learning.HoTTMessages.FinalState] with input hash -478873390
2021.01.09 19:33:26:650 [INFO ] provingground.learning.TypedPostResponse.Callback.post:200:18 - triggered callback 'report proofs (simple)' for type TypeTag[provingground.learning.HoTTMessages.FinalState] with input hash -478873390
2021.01.09 19:33:26:655 [INFO ] provingground.learning.TypedPostResponse.Callback.post:200:18 - triggered callback 'report proofs (simple)' for type TypeTag[provingground.learning.HoTTMessages.FinalState] with input hash -478873390
2021.01.09 19:33:35:395 [INFO ] provingground.learning.HoTTBot.$anonfun:466:26 - Steps (in final state): 4
Lemma: (`a : M ) ~> ((`b : M ) ~> ((`c : M ) ~> ((((eqM) (`a)) (`b)) → ((((eqM) (`b)) (`c)) → (((eqM) (`a)) (`c)))))); best proof: trans with weight 0.07203908218192998; statement weight 5.701440660572589E-11
Lemma: (`$afm : M ) ~> ((((eqM) (((mul) (((mul) (m)) (n))) (((mul) (((mul) (m)) (n))) (n)))) (`$afm)) → (((eqM) (n)) (`$afm))); best proof: (`$ejovqx :  M) ↦ (((((trans) (n)) (((mul) (((mul) (m)) (n))) (((mul) (((mul) (m)) (n))) (n)))) (`$ejovqx)) ((((sym) (((mul) (((mul) (m)) (n))) (((mul) (((mul) (m)) (n))) (n)))) (n)) (((ass2) (((mul) (m)) (n))) (n)))) with weight 7.348341434631067E-9; statement weight 3.9619417972657934E-11
Lemma: (`b : M ) ~> ((`c : M ) ~> ((((eqM) (`b)) (`c)) → (((eqM) (((mul) (((mul) (m)) (n))) (`b))) (((mul) (((mul) (m)) (n))) (`c))))); best proof: (left-multiply) (((mul) (m)) (n)) with weight 0.004918933922842401; statement weight 1.1207802723807362E-11
Lemma: (`b : M ) ~> ((`c : M ) ~> ((((eqM) (`b)) (`c)) → (((eqM) (((mul) (`b)) (m))) (((mul) (`c)) (m))))); best proof: (right-multiply) (m) with weight 0.0013103239064449555; statement weight 7.16801865552802E-13
2021.01.09 19:33:35:395 [INFO ] provingground.learning.TypedPostResponse.Callback.$anonfun.applyOrElse:204:33 - completed callback 'report proofs (simple)' for type TypeTag[provingground.learning.HoTTMessages.FinalState] with input hash -478873390
2021.01.09 19:33:37:391 [INFO ] provingground.learning.HoTTBot.$anonfun:466:26 - Results: 7
Lemma: ((eqM) (((mul) (((mul) (m)) (n))) (n))) (m); best proof: ((ass1) (m)) (n) with weight 5.916651846629577E-6; statement weight 5.006482938180642E-6
Lemma: ((eqM) (((mul) (((mul) (m)) (n))) (((mul) (((mul) (m)) (n))) (n)))) (n); best proof: ((ass2) (((mul) (m)) (n))) (n) with weight 2.22110115966882E-5; statement weight 1.1916311211769403E-8
Lemma: ((eqM) (n)) (((mul) (((mul) (m)) (n))) (((mul) (((mul) (m)) (n))) (n))); best proof: (((sym) (((mul) (((mul) (m)) (n))) (((mul) (((mul) (m)) (n))) (n)))) (n)) (((ass2) (((mul) (m)) (n))) (n)) with weight 4.039976443475519E-7; statement weight 1.261614529265527E-8
Lemma: ((eqM) (((mul) (((mul) (m)) (n))) (((mul) (((mul) (m)) (n))) (n)))) (((mul) (((mul) (m)) (n))) (m)); best proof: ((((left-multiply) (((mul) (m)) (n))) (((mul) (((mul) (m)) (n))) (n))) (m)) (((ass1) (m)) (n)) with weight 3.981972113985247E-9; statement weight 3.0028647904959294E-11
Lemma: ((eqM) (((mul) (((mul) (((mul) (m)) (n))) (m))) (m))) (((mul) (m)) (n)); best proof: ((ass1) (((mul) (m)) (n))) (m) with weight 2.22110115966882E-5; statement weight 8.734025645201596E-9
Lemma: ((eqM) (n)) (((mul) (((mul) (m)) (n))) (m)); best proof: (((((trans) (n)) (((mul) (((mul) (m)) (n))) (((mul) (((mul) (m)) (n))) (n)))) (((mul) (((mul) (m)) (n))) (m))) ((((sym) (((mul) (((mul) (m)) (n))) (((mul) (((mul) (m)) (n))) (n)))) (n)) (((ass2) (((mul) (m)) (n))) (n)))) (((((left-multiply) (((mul) (m)) (n))) (((mul) (((mul) (m)) (n))) (n))) (m)) (((ass1) (m)) (n))) with weight 4.003024691054229E-18; statement weight 3.881853048368031E-5
Lemma: ((eqM) (((mul) (n)) (m))) (((mul) (((mul) (((mul) (m)) (n))) (m))) (m)); best proof: ((((right-multiply) (m)) (n)) (((mul) (((mul) (m)) (n))) (m))) ((((((trans) (n)) (((mul) (((mul) (m)) (n))) (((mul) (((mul) (m)) (n))) (n)))) (((mul) (((mul) (m)) (n))) (m))) ((((sym) (((mul) (((mul) (m)) (n))) (((mul) (((mul) (m)) (n))) (n)))) (n)) (((ass2) (((mul) (m)) (n))) (n)))) (((((left-multiply) (((mul) (m)) (n))) (((mul) (((mul) (m)) (n))) (n))) (m)) (((ass1) (m)) (n)))) with weight 7.246650068869738E-22; statement weight 2.3185285041504577E-11
2021.01.09 19:33:37:391 [INFO ] provingground.learning.TypedPostResponse.Callback.$anonfun.applyOrElse:204:33 - completed callback 'report proofs (simple)' for type TypeTag[provingground.learning.HoTTMessages.FinalState] with input hash -478873390
2021.01.09 19:34:19:465 [INFO ] provingground.learning.HoTTBot.$anonfun:368:26 - Obtained 1077379 formal equations
2021.01.09 19:34:26:378 [INFO ] provingground.learning.TypedPostResponse.Callback.$anonfun.applyOrElse:204:33 - completed callback 'update terms' for type TypeTag[provingground.learning.HoTTMessages.FinalState] with input hash -478873390
2021.01.09 19:34:50:440 [INFO ] provingground.learning.HoTTBot.$anonfun:266:30 - avoiding 242 types as tautologies and generators.
2021.01.09 19:35:07:665 [INFO ] provingground.learning.ErasablePostBuffer.$anon.post:115:22 - Post; tag: TypeTag[provingground.learning.HoTTMessages.Lemmas], id: (37,-296706000), hash : -296706000
2021.01.09 19:35:07:672 [INFO ] provingground.learning.TypedPostResponse.MicroBot.$anonfun.applyOrElse:255:26 - completed response 'final state to filtered lemmas' of type TypeTag[provingground.learning.HoTTMessages.Lemmas] to posts of type TypeTag[provingground.learning.HoTTMessages.FinalState] with input hash -478873390
2021.01.09 19:35:07:680 [INFO ] provingground.learning.TypedPostResponse.MicroBot.post:241:18 - triggered response '44f3e016' of type TypeTag[(provingground.learning.HoTTMessages.UsedLemmas :: provingground.learning.HoTTMessages.TangentLemmas :: shapeless.HNil) :: provingground.learning.HoTTMessages.BaseMixinLemmas :: shapeless.HNil] to post of type TypeTag[provingground.learning.HoTTMessages.Lemmas] with input hash -296706000
2021.01.09 19:35:09:393 [INFO ] provingground.learning.ErasablePostBuffer.$anon.post:115:22 - Post; tag: TypeTag[provingground.learning.HoTTMessages.UsedLemmas], id: (38,-139994570), hash : -139994570
2021.01.09 19:35:09:399 [INFO ] provingground.learning.ErasablePostBuffer.$anon.post:115:22 - Post; tag: TypeTag[provingground.learning.HoTTMessages.TangentLemmas], id: (39,1837709470), hash : 1837709470
2021.01.09 19:35:09:404 [INFO ] provingground.learning.ErasablePostBuffer.$anon.post:115:22 - Post; tag: TypeTag[provingground.learning.HoTTMessages.BaseMixinLemmas], id: (40,52744782), hash : 52744782
2021.01.09 19:35:09:407 [INFO ] provingground.learning.TypedPostResponse.MicroBot.$anonfun.applyOrElse:255:26 - completed response '44f3e016' of type TypeTag[(provingground.learning.HoTTMessages.UsedLemmas :: provingground.learning.HoTTMessages.TangentLemmas :: shapeless.HNil) :: provingground.learning.HoTTMessages.BaseMixinLemmas :: shapeless.HNil] to posts of type TypeTag[provingground.learning.HoTTMessages.Lemmas] with input hash -296706000
2021.01.09 19:35:09:412 [INFO ] provingground.learning.TypedPostResponse.DualMiniBotTask.post:491:20 - triggered (multiple) responses 'base state from special initial state' of type TypeTag[provingground.learning.HoTTMessages.TangentBaseState] to posts of type TypeTag[provingground.learning.HoTTMessages.BaseMixinLemmas] with input hash 52744782
2021.01.09 19:35:09:435 [INFO ] provingground.learning.TypedPostResponse.DualMiniBotTask.taskNest:497:32 - launching 1 branches
2021.01.09 19:35:09:436 [INFO ] provingground.learning.HoTTBot.$anonfun:1503:22 - previous special init states are 2
2021.01.09 19:35:09:438 [INFO ] provingground.learning.HoTTBot.baseStateTask:1345:16 - Computing base state
2021.01.09 19:35:09:439 [INFO ] provingground.learning.HoTTBot.baseStateTask:1345:16 - Computing base state
2021.01.09 19:35:09:440 [INFO ] provingground.learning.TypedPostResponse.DualMiniBotTask.$anonfun:502:36 - launching 2 responses  of type TypeTag[provingground.learning.HoTTMessages.TangentBaseState]  to posts of type TypeTag[provingground.learning.HoTTMessages.BaseMixinLemmas] in branch
2021.01.09 19:38:33:679 [INFO ] provingground.learning.HoTTBot.baseStateTask:1352:24 - Created vector of equations
2021.01.09 19:39:11:613 [INFO ] provingground.learning.HoTTBot.baseStateTask:1352:24 - Created vector of equations
2021.01.09 19:39:12:393 [INFO ] provingground.learning.ErasablePostBuffer.$anon.post:115:22 - Post; tag: TypeTag[provingground.learning.HoTTMessages.TangentBaseState], id: (41,-2071643140), hash : -2071643140
2021.01.09 19:39:12:400 [INFO ] provingground.learning.TypedPostResponse.DualMiniBotTask.$anonfun:507:44 - remaining 1 responses of type TypeTag[provingground.learning.HoTTMessages.TangentBaseState] to posts of type TypeTag[provingground.learning.HoTTMessages.BaseMixinLemmas]
2021.01.09 19:39:38:262 [INFO ] provingground.learning.ErasablePostBuffer.$anon.post:115:22 - Post; tag: TypeTag[provingground.learning.HoTTMessages.TangentBaseState], id: (42,875012250), hash : 875012250
2021.01.09 19:39:38:268 [INFO ] provingground.learning.TypedPostResponse.DualMiniBotTask.$anonfun:507:44 - remaining 0 responses of type TypeTag[provingground.learning.HoTTMessages.TangentBaseState] to posts of type TypeTag[provingground.learning.HoTTMessages.BaseMixinLemmas]
2021.01.09 19:39:38:269 [INFO ] provingground.learning.TypedPostResponse.DualMiniBotTask.taskNest:520:22 - completed (multiple) responses 'base state from special initial state' of type TypeTag[provingground.learning.HoTTMessages.TangentBaseState] to posts of type TypeTag[provingground.learning.HoTTMessages.BaseMixinLemmas] with input hash 52744782
2021.01.09 19:39:38:272 [INFO ] provingground.learning.PostBuffer.$anon.post:266:22 - Post; tag: TypeTag[provingground.learning.HoTTMessages.TangentBaseCompleted.type], id: (43,-1666923435), content:
TangentBaseCompleted, hash: -1666923435
2021.01.09 19:39:38:272 [INFO ] provingground.learning.TypedPostResponse.MicroBot.post:241:18 - triggered response 'unified equations' of type TypeTag[provingground.learning.HoTTMessages.GeneratedEquationNodes] to post of type TypeTag[provingground.learning.HoTTMessages.TangentBaseCompleted.type] with input hash -1666923435
2021.01.09 19:43:22:284 [INFO ] provingground.learning.SimpleEquations.timedUnAppEquations:277:30 - reached cutoff limit Some(1.0E-11)
2021.01.09 19:43:32:055 [INFO ] provingground.learning.SimpleEquations.timedUnAppEquations:277:30 - reached cutoff limit Some(1.0E-11)
2021.01.09 19:43:33:290 [INFO ] provingground.learning.ErasablePostBuffer.$anon.post:115:22 - Post; tag: TypeTag[provingground.learning.HoTTMessages.GeneratedEquationNodes], id: (44,-393233452), hash : -393233452
2021.01.09 19:43:33:293 [INFO ] provingground.learning.TypedPostResponse.MicroBot.$anonfun.applyOrElse:255:26 - completed response 'unified equations' of type TypeTag[provingground.learning.HoTTMessages.GeneratedEquationNodes] to posts of type TypeTag[provingground.learning.HoTTMessages.TangentBaseCompleted.type] with input hash -1666923435
2021.01.09 19:43:33:293 [INFO ] provingground.learning.TypedPostResponse.MicroBot.post:241:18 - triggered response '17c87a4c' of type TypeTag[provingground.learning.ExpressionEval] to post of type TypeTag[provingground.learning.HoTTMessages.GeneratedEquationNodes] with input hash -393233452
2021.01.09 19:43:33:296 [INFO ] provingground.learning.TypedPostResponse.Callback.post:200:18 - triggered callback 'update equations' for type TypeTag[provingground.learning.HoTTMessages.GeneratedEquationNodes] with input hash -393233452
2021.01.09 19:43:35:620 [INFO ] provingground.learning.TypedPostResponse.Callback.$anonfun.applyOrElse:204:33 - completed callback 'update equations' for type TypeTag[provingground.learning.HoTTMessages.GeneratedEquationNodes] with input hash -393233452
2021.01.09 19:44:05:169 [INFO ] provingground.learning.ErasablePostBuffer.$anon.post:115:22 - Post; tag: TypeTag[provingground.learning.ExpressionEval], id: (45,910024416), hash : 910024416
2021.01.09 19:44:05:169 [INFO ] provingground.learning.TypedPostResponse.MicroBot.$anonfun.applyOrElse:255:26 - completed response '17c87a4c' of type TypeTag[provingground.learning.ExpressionEval] to posts of type TypeTag[provingground.learning.HoTTMessages.GeneratedEquationNodes] with input hash -393233452
2021.01.09 19:44:05:176 [INFO ] provingground.learning.TypedPostResponse.MicroBot.post:241:18 - triggered response '5945135f' of type TypeTag[provingground.learning.HoTTMessages.FinalState] to post of type TypeTag[provingground.learning.ExpressionEval] with input hash 910024416
2021.01.09 19:44:05:177 [INFO ] provingground.learning.HoTTBot.expEvToFinalState:568:26 - computing final state
2021.01.09 19:44:24:819 [INFO ] provingground.learning.ErasablePostBuffer.$anon.post:115:22 - Post; tag: TypeTag[provingground.learning.HoTTMessages.FinalState], id: (46,62421274), hash : 62421274
2021.01.09 19:44:24:826 [INFO ] provingground.learning.TypedPostResponse.MicroBot.$anonfun.applyOrElse:255:26 - completed response '5945135f' of type TypeTag[provingground.learning.HoTTMessages.FinalState] to posts of type TypeTag[provingground.learning.ExpressionEval] with input hash 910024416
2021.01.09 19:44:24:827 [INFO ] provingground.learning.TypedPostResponse.MicroBot.post:241:18 - triggered response 'final state to filtered lemmas' of type TypeTag[provingground.learning.HoTTMessages.Lemmas] to post of type TypeTag[provingground.learning.HoTTMessages.FinalState] with input hash 62421274
2021.01.09 19:44:24:834 [INFO ] provingground.learning.TypedPostResponse.Callback.post:200:18 - triggered callback 'update terms' for type TypeTag[provingground.learning.HoTTMessages.FinalState] with input hash 62421274
2021.01.09 19:44:24:842 [INFO ] provingground.learning.TypedPostResponse.Callback.post:200:18 - triggered callback 'report proofs (simple)' for type TypeTag[provingground.learning.HoTTMessages.FinalState] with input hash 62421274
2021.01.09 19:44:24:849 [INFO ] provingground.learning.TypedPostResponse.Callback.post:200:18 - triggered callback 'report proofs (simple)' for type TypeTag[provingground.learning.HoTTMessages.FinalState] with input hash 62421274
2021.01.09 19:44:57:112 [INFO ] provingground.learning.HoTTBot.$anonfun:466:26 - Steps (in final state): 5
Lemma: (`a : M ) ~> ((`b : M ) ~> ((`c : M ) ~> ((((eqM) (`a)) (`b)) → ((((eqM) (`b)) (`c)) → (((eqM) (`a)) (`c)))))); best proof: trans with weight 0.07203972481645454; statement weight 5.699740920437175E-11
Lemma: (`$afm : M ) ~> ((((eqM) (((mul) (((mul) (m)) (n))) (((mul) (((mul) (m)) (n))) (n)))) (`$afm)) → (((eqM) (n)) (`$afm))); best proof: (`$ejovqx :  M) ↦ (((((trans) (n)) (((mul) (((mul) (m)) (n))) (((mul) (((mul) (m)) (n))) (n)))) (`$ejovqx)) ((((sym) (((mul) (((mul) (m)) (n))) (((mul) (((mul) (m)) (n))) (n)))) (n)) (((ass2) (((mul) (m)) (n))) (n)))) with weight 7.345249700415171E-9; statement weight 3.766331004392591E-11
Lemma: (`b : M ) ~> ((`c : M ) ~> ((((eqM) (`b)) (`c)) → (((eqM) (((mul) (((mul) (m)) (n))) (`b))) (((mul) (((mul) (m)) (n))) (`c))))); best proof: (left-multiply) (((mul) (m)) (n)) with weight 0.0049184333491594494; statement weight 1.1204208052525791E-11
Lemma: (`b : M ) ~> ((`c : M ) ~> ((((eqM) (`b)) (`c)) → (((eqM) (((mul) (`b)) (m))) (((mul) (`c)) (m))))); best proof: (right-multiply) (m) with weight 0.0013101886868032528; statement weight 7.169608869027594E-13
Lemma: (`$dkp : M ) ~> ((((eqM) (((mul) (((mul) (((mul) (m)) (n))) (m))) (m))) (`$dkp)) → (((eqM) (((mul) (n)) (m))) (`$dkp))); best proof: (`$csvhwfa :  M) ↦ (((((trans) (((mul) (n)) (m))) (((mul) (((mul) (((mul) (m)) (n))) (m))) (m))) (`$csvhwfa)) (((((right-multiply) (m)) (n)) (((mul) (((mul) (m)) (n))) (m))) ((((((trans) (n)) (((mul) (((mul) (m)) (n))) (((mul) (((mul) (m)) (n))) (n)))) (((mul) (((mul) (m)) (n))) (m))) ((((sym) (((mul) (((mul) (m)) (n))) (((mul) (((mul) (m)) (n))) (n)))) (n)) (((ass2) (((mul) (m)) (n))) (n)))) (((((left-multiply) (((mul) (m)) (n))) (((mul) (((mul) (m)) (n))) (n))) (m)) (((ass1) (m)) (n)))))) with weight 1.3161329521903528E-23; statement weight 3.413281640487304E-13
2021.01.09 19:44:57:113 [INFO ] provingground.learning.TypedPostResponse.Callback.$anonfun.applyOrElse:204:33 - completed callback 'report proofs (simple)' for type TypeTag[provingground.learning.HoTTMessages.FinalState] with input hash 62421274
2021.01.09 19:45:00:059 [INFO ] provingground.learning.HoTTBot.$anonfun:466:26 - Results: 7
Lemma: ((eqM) (((mul) (((mul) (m)) (n))) (n))) (m); best proof: ((ass1) (m)) (n) with weight 5.915480388884432E-6; statement weight 5.004556517246232E-6
Lemma: ((eqM) (((mul) (((mul) (m)) (n))) (((mul) (((mul) (m)) (n))) (n)))) (n); best proof: ((ass2) (((mul) (m)) (n))) (n) with weight 2.220664574044643E-5; statement weight 1.1908034403863624E-8
Lemma: ((eqM) (n)) (((mul) (((mul) (m)) (n))) (((mul) (((mul) (m)) (n))) (n))); best proof: (((sym) (((mul) (((mul) (m)) (n))) (((mul) (((mul) (m)) (n))) (n)))) (n)) (((ass2) (((mul) (m)) (n))) (n)) with weight 4.038729478095536E-7; statement weight 1.2607313710176425E-8
Lemma: ((eqM) (((mul) (((mul) (m)) (n))) (((mul) (((mul) (m)) (n))) (n)))) (((mul) (((mul) (m)) (n))) (m)); best proof: ((((left-multiply) (((mul) (m)) (n))) (((mul) (((mul) (m)) (n))) (n))) (m)) (((ass1) (m)) (n)) with weight 3.980011718041865E-9; statement weight 2.9998327500936466E-11
Lemma: ((eqM) (((mul) (((mul) (((mul) (m)) (n))) (m))) (m))) (((mul) (m)) (n)); best proof: ((ass1) (((mul) (m)) (n))) (m) with weight 2.220664574044643E-5; statement weight 8.727961440747851E-9
Lemma: ((eqM) (n)) (((mul) (((mul) (m)) (n))) (m)); best proof: (((((trans) (n)) (((mul) (((mul) (m)) (n))) (((mul) (((mul) (m)) (n))) (n)))) (((mul) (((mul) (m)) (n))) (m))) ((((sym) (((mul) (((mul) (m)) (n))) (((mul) (((mul) (m)) (n))) (n)))) (n)) (((ass2) (((mul) (m)) (n))) (n)))) (((((left-multiply) (((mul) (m)) (n))) (((mul) (((mul) (m)) (n))) (n))) (m)) (((ass1) (m)) (n))) with weight 3.998693248821817E-18; statement weight 3.88024176112415E-5
Lemma: ((eqM) (((mul) (n)) (m))) (((mul) (((mul) (((mul) (m)) (n))) (m))) (m)); best proof: ((((right-multiply) (m)) (n)) (((mul) (((mul) (m)) (n))) (m))) ((((((trans) (n)) (((mul) (((mul) (m)) (n))) (((mul) (((mul) (m)) (n))) (n)))) (((mul) (((mul) (m)) (n))) (m))) ((((sym) (((mul) (((mul) (m)) (n))) (((mul) (((mul) (m)) (n))) (n)))) (n)) (((ass2) (((mul) (m)) (n))) (n)))) (((((left-multiply) (((mul) (m)) (n))) (((mul) (((mul) (m)) (n))) (n))) (m)) (((ass1) (m)) (n)))) with weight 7.236656571172005E-22; statement weight 2.3161802869106417E-11
2021.01.09 19:45:00:059 [INFO ] provingground.learning.TypedPostResponse.Callback.$anonfun.applyOrElse:204:33 - completed callback 'report proofs (simple)' for type TypeTag[provingground.learning.HoTTMessages.FinalState] with input hash 62421274
2021.01.09 19:46:11:170 [INFO ] provingground.learning.HoTTBot.$anonfun:368:26 - Obtained 1431141 formal equations
2021.01.09 19:46:23:407 [INFO ] provingground.learning.TypedPostResponse.Callback.$anonfun.applyOrElse:204:33 - completed callback 'update terms' for type TypeTag[provingground.learning.HoTTMessages.FinalState] with input hash 62421274
2021.01.09 19:47:04:729 [INFO ] provingground.learning.HoTTBot.$anonfun:266:30 - avoiding 242 types as tautologies and generators.
2021.01.09 19:47:44:521 [INFO ] provingground.learning.ErasablePostBuffer.$anon.post:115:22 - Post; tag: TypeTag[provingground.learning.HoTTMessages.Lemmas], id: (47,-1383675646), hash : -1383675646
2021.01.09 19:47:44:527 [INFO ] provingground.learning.TypedPostResponse.MicroBot.$anonfun.applyOrElse:255:26 - completed response 'final state to filtered lemmas' of type TypeTag[provingground.learning.HoTTMessages.Lemmas] to posts of type TypeTag[provingground.learning.HoTTMessages.FinalState] with input hash 62421274
2021.01.09 19:47:44:535 [INFO ] provingground.learning.TypedPostResponse.MicroBot.post:241:18 - triggered response '44f3e016' of type TypeTag[(provingground.learning.HoTTMessages.UsedLemmas :: provingground.learning.HoTTMessages.TangentLemmas :: shapeless.HNil) :: provingground.learning.HoTTMessages.BaseMixinLemmas :: shapeless.HNil] to post of type TypeTag[provingground.learning.HoTTMessages.Lemmas] with input hash -1383675646
2021.01.09 19:47:48:472 [INFO ] provingground.learning.ErasablePostBuffer.$anon.post:115:22 - Post; tag: TypeTag[provingground.learning.HoTTMessages.UsedLemmas], id: (48,1734852865), hash : 1734852865
2021.01.09 19:47:48:477 [INFO ] provingground.learning.ErasablePostBuffer.$anon.post:115:22 - Post; tag: TypeTag[provingground.learning.HoTTMessages.TangentLemmas], id: (49,-383359057), hash : -383359057
2021.01.09 19:47:48:485 [INFO ] provingground.learning.ErasablePostBuffer.$anon.post:115:22 - Post; tag: TypeTag[provingground.learning.HoTTMessages.BaseMixinLemmas], id: (50,931059693), hash : 931059693
2021.01.09 19:47:48:490 [INFO ] provingground.learning.TypedPostResponse.MicroBot.$anonfun.applyOrElse:255:26 - completed response '44f3e016' of type TypeTag[(provingground.learning.HoTTMessages.UsedLemmas :: provingground.learning.HoTTMessages.TangentLemmas :: shapeless.HNil) :: provingground.learning.HoTTMessages.BaseMixinLemmas :: shapeless.HNil] to posts of type TypeTag[provingground.learning.HoTTMessages.Lemmas] with input hash -1383675646
2021.01.09 19:47:48:495 [INFO ] provingground.learning.TypedPostResponse.DualMiniBotTask.post:491:20 - triggered (multiple) responses 'base state from special initial state' of type TypeTag[provingground.learning.HoTTMessages.TangentBaseState] to posts of type TypeTag[provingground.learning.HoTTMessages.BaseMixinLemmas] with input hash 931059693
2021.01.09 19:47:48:516 [INFO ] provingground.learning.TypedPostResponse.DualMiniBotTask.taskNest:497:32 - launching 1 branches
2021.01.09 19:47:48:516 [INFO ] provingground.learning.HoTTBot.$anonfun:1503:22 - previous special init states are 2
2021.01.09 19:47:48:519 [INFO ] provingground.learning.HoTTBot.baseStateTask:1345:16 - Computing base state
2021.01.09 19:47:48:522 [INFO ] provingground.learning.HoTTBot.baseStateTask:1345:16 - Computing base state
2021.01.09 19:47:48:522 [INFO ] provingground.learning.TypedPostResponse.DualMiniBotTask.$anonfun:502:36 - launching 2 responses  of type TypeTag[provingground.learning.HoTTMessages.TangentBaseState]  to posts of type TypeTag[provingground.learning.HoTTMessages.BaseMixinLemmas] in branch
2021.01.09 19:53:23:598 [INFO ] provingground.learning.HoTTBot.baseStateTask:1352:24 - Created vector of equations
2021.01.09 19:53:57:435 [INFO ] provingground.learning.HoTTBot.baseStateTask:1352:24 - Created vector of equations
2021.01.09 19:54:31:160 [INFO ] provingground.learning.ErasablePostBuffer.$anon.post:115:22 - Post; tag: TypeTag[provingground.learning.HoTTMessages.TangentBaseState], id: (51,387567229), hash : 387567229
2021.01.09 19:54:32:882 [INFO ] provingground.learning.TypedPostResponse.DualMiniBotTask.$anonfun:507:44 - remaining 1 responses of type TypeTag[provingground.learning.HoTTMessages.TangentBaseState] to posts of type TypeTag[provingground.learning.HoTTMessages.BaseMixinLemmas]
2021.01.09 19:54:49:070 [INFO ] provingground.learning.ErasablePostBuffer.$anon.post:115:22 - Post; tag: TypeTag[provingground.learning.HoTTMessages.TangentBaseState], id: (52,1709775404), hash : 1709775404
2021.01.09 19:54:49:075 [INFO ] provingground.learning.TypedPostResponse.DualMiniBotTask.$anonfun:507:44 - remaining 0 responses of type TypeTag[provingground.learning.HoTTMessages.TangentBaseState] to posts of type TypeTag[provingground.learning.HoTTMessages.BaseMixinLemmas]
2021.01.09 19:54:49:075 [INFO ] provingground.learning.TypedPostResponse.DualMiniBotTask.taskNest:520:22 - completed (multiple) responses 'base state from special initial state' of type TypeTag[provingground.learning.HoTTMessages.TangentBaseState] to posts of type TypeTag[provingground.learning.HoTTMessages.BaseMixinLemmas] with input hash 931059693
2021.01.09 19:54:49:080 [INFO ] provingground.learning.PostBuffer.$anon.post:266:22 - Post; tag: TypeTag[provingground.learning.HoTTMessages.TangentBaseCompleted.type], id: (53,-1666923435), content:
TangentBaseCompleted, hash: -1666923435
2021.01.09 19:54:49:081 [INFO ] provingground.learning.TypedPostResponse.MicroBot.post:241:18 - triggered response 'unified equations' of type TypeTag[provingground.learning.HoTTMessages.GeneratedEquationNodes] to post of type TypeTag[provingground.learning.HoTTMessages.TangentBaseCompleted.type] with input hash -1666923435
2021.01.09 19:59:39:223 [INFO ] provingground.learning.SimpleEquations.timedUnAppEquations:277:30 - reached cutoff limit Some(1.0E-11)
2021.01.09 20:00:13:462 [INFO ] provingground.learning.SimpleEquations.timedUnAppEquations:277:30 - reached cutoff limit Some(1.0E-11)
2021.01.09 20:00:14:283 [INFO ] provingground.learning.ErasablePostBuffer.$anon.post:115:22 - Post; tag: TypeTag[provingground.learning.HoTTMessages.GeneratedEquationNodes], id: (54,-1821401310), hash : -1821401310
2021.01.09 20:00:14:288 [INFO ] provingground.learning.TypedPostResponse.MicroBot.$anonfun.applyOrElse:255:26 - completed response 'unified equations' of type TypeTag[provingground.learning.HoTTMessages.GeneratedEquationNodes] to posts of type TypeTag[provingground.learning.HoTTMessages.TangentBaseCompleted.type] with input hash -1666923435
2021.01.09 20:00:14:288 [INFO ] provingground.learning.TypedPostResponse.MicroBot.post:241:18 - triggered response '17c87a4c' of type TypeTag[provingground.learning.ExpressionEval] to post of type TypeTag[provingground.learning.HoTTMessages.GeneratedEquationNodes] with input hash -1821401310
2021.01.09 20:00:14:293 [INFO ] provingground.learning.TypedPostResponse.Callback.post:200:18 - triggered callback 'update equations' for type TypeTag[provingground.learning.HoTTMessages.GeneratedEquationNodes] with input hash -1821401310
2021.01.09 20:00:17:446 [INFO ] provingground.learning.TypedPostResponse.Callback.$anonfun.applyOrElse:204:33 - completed callback 'update equations' for type TypeTag[provingground.learning.HoTTMessages.GeneratedEquationNodes] with input hash -1821401310
2021.01.09 20:01:01:990 [INFO ] provingground.learning.ErasablePostBuffer.$anon.post:115:22 - Post; tag: TypeTag[provingground.learning.ExpressionEval], id: (55,1097118234), hash : 1097118234
2021.01.09 20:01:01:990 [INFO ] provingground.learning.TypedPostResponse.MicroBot.$anonfun.applyOrElse:255:26 - completed response '17c87a4c' of type TypeTag[provingground.learning.ExpressionEval] to posts of type TypeTag[provingground.learning.HoTTMessages.GeneratedEquationNodes] with input hash -1821401310
2021.01.09 20:01:01:996 [INFO ] provingground.learning.TypedPostResponse.MicroBot.post:241:18 - triggered response '5945135f' of type TypeTag[provingground.learning.HoTTMessages.FinalState] to post of type TypeTag[provingground.learning.ExpressionEval] with input hash 1097118234
2021.01.09 20:01:01:997 [INFO ] provingground.learning.HoTTBot.expEvToFinalState:568:26 - computing final state
2021.01.09 20:01:20:512 [INFO ] provingground.learning.ErasablePostBuffer.$anon.post:115:22 - Post; tag: TypeTag[provingground.learning.HoTTMessages.FinalState], id: (56,1643068265), hash : 1643068265
2021.01.09 20:01:20:522 [INFO ] provingground.learning.TypedPostResponse.MicroBot.$anonfun.applyOrElse:255:26 - completed response '5945135f' of type TypeTag[provingground.learning.HoTTMessages.FinalState] to posts of type TypeTag[provingground.learning.ExpressionEval] with input hash 1097118234
2021.01.09 20:01:20:522 [INFO ] provingground.learning.TypedPostResponse.MicroBot.post:241:18 - triggered response 'final state to filtered lemmas' of type TypeTag[provingground.learning.HoTTMessages.Lemmas] to post of type TypeTag[provingground.learning.HoTTMessages.FinalState] with input hash 1643068265
2021.01.09 20:01:20:531 [INFO ] provingground.learning.TypedPostResponse.Callback.post:200:18 - triggered callback 'update terms' for type TypeTag[provingground.learning.HoTTMessages.FinalState] with input hash 1643068265
2021.01.09 20:01:20:541 [INFO ] provingground.learning.TypedPostResponse.Callback.post:200:18 - triggered callback 'report proofs (simple)' for type TypeTag[provingground.learning.HoTTMessages.FinalState] with input hash 1643068265
2021.01.09 20:01:20:550 [INFO ] provingground.learning.TypedPostResponse.Callback.post:200:18 - triggered callback 'report proofs (simple)' for type TypeTag[provingground.learning.HoTTMessages.FinalState] with input hash 1643068265
2021.01.09 20:02:03:474 [INFO ] provingground.learning.HoTTBot.$anonfun:466:26 - Steps (in final state): 5
Lemma: (`a : M ) ~> ((`b : M ) ~> ((`c : M ) ~> ((((eqM) (`a)) (`b)) → ((((eqM) (`b)) (`c)) → (((eqM) (`a)) (`c)))))); best proof: trans with weight 0.07203972479713057; statement weight 5.699740784162935E-11
Lemma: (`$afm : M ) ~> ((((eqM) (((mul) (((mul) (m)) (n))) (((mul) (((mul) (m)) (n))) (n)))) (`$afm)) → (((eqM) (n)) (`$afm))); best proof: (`$ejovqx :  M) ↦ (((((trans) (n)) (((mul) (((mul) (m)) (n))) (((mul) (((mul) (m)) (n))) (n)))) (`$ejovqx)) ((((sym) (((mul) (((mul) (m)) (n))) (((mul) (((mul) (m)) (n))) (n)))) (n)) (((ass2) (((mul) (m)) (n))) (n)))) with weight 7.345249698442128E-9; statement weight 3.766330923447562E-11
Lemma: (`b : M ) ~> ((`c : M ) ~> ((((eqM) (`b)) (`c)) → (((eqM) (((mul) (((mul) (m)) (n))) (`b))) (((mul) (((mul) (m)) (n))) (`c))))); best proof: (left-multiply) (((mul) (m)) (n)) with weight 0.004918433347838601; statement weight 1.12042077328582E-11
Lemma: (`b : M ) ~> ((`c : M ) ~> ((((eqM) (`b)) (`c)) → (((eqM) (((mul) (`b)) (m))) (((mul) (`c)) (m))))); best proof: (right-multiply) (m) with weight 0.0013101886864514364; statement weight 7.169608776425472E-13
Lemma: (`$dkp : M ) ~> ((((eqM) (((mul) (((mul) (((mul) (m)) (n))) (m))) (m))) (`$dkp)) → (((eqM) (((mul) (n)) (m))) (`$dkp))); best proof: (`$csvhwfa :  M) ↦ (((((trans) (((mul) (n)) (m))) (((mul) (((mul) (((mul) (m)) (n))) (m))) (m))) (`$csvhwfa)) (((((right-multiply) (m)) (n)) (((mul) (((mul) (m)) (n))) (m))) ((((((trans) (n)) (((mul) (((mul) (m)) (n))) (((mul) (((mul) (m)) (n))) (n)))) (((mul) (((mul) (m)) (n))) (m))) ((((sym) (((mul) (((mul) (m)) (n))) (((mul) (((mul) (m)) (n))) (n)))) (n)) (((ass2) (((mul) (m)) (n))) (n)))) (((((left-multiply) (((mul) (m)) (n))) (((mul) (((mul) (m)) (n))) (n))) (m)) (((ass1) (m)) (n)))))) with weight 1.3161329518413741E-23; statement weight 3.413281622497977E-13
2021.01.09 20:02:03:474 [INFO ] provingground.learning.TypedPostResponse.Callback.$anonfun.applyOrElse:204:33 - completed callback 'report proofs (simple)' for type TypeTag[provingground.learning.HoTTMessages.FinalState] with input hash 1643068265
2021.01.09 20:02:08:787 [INFO ] provingground.learning.HoTTBot.$anonfun:466:26 - Results: 9
Lemma: ((eqM) (((mul) (m)) (n))) (((mul) (n)) (m)); best proof: (((((trans) (((mul) (m)) (n))) (((mul) (((mul) (((mul) (m)) (n))) (m))) (m))) (((mul) (n)) (m))) ((((sym) (((mul) (((mul) (((mul) (m)) (n))) (m))) (m))) (((mul) (m)) (n))) (((ass1) (((mul) (m)) (n))) (m)))) (((((right-multiply) (m)) (((mul) (((mul) (m)) (n))) (m))) (n)) ((((((trans) (((mul) (((mul) (m)) (n))) (m))) (((mul) (((mul) (m)) (n))) (((mul) (((mul) (m)) (n))) (n)))) (n)) (((((left-multiply) (((mul) (m)) (n))) (m)) (((mul) (((mul) (m)) (n))) (n))) ((((sym) (((mul) (((mul) (m)) (n))) (n))) (m)) (((ass1) (m)) (n))))) (((ass2) (((mul) (m)) (n))) (n)))) with weight 7.270624264116952E-31; statement weight 3.880241678628499E-5
Lemma: ((eqM) (((mul) (((mul) (m)) (n))) (n))) (m); best proof: ((ass1) (m)) (n) with weight 5.915480387294571E-6; statement weight 5.004556410822976E-6
Lemma: ((eqM) (((mul) (((mul) (m)) (n))) (((mul) (((mul) (m)) (n))) (n)))) (n); best proof: ((ass2) (((mul) (m)) (n))) (n) with weight 2.220664573448051E-5; statement weight 1.1908034150533045E-8
Lemma: ((eqM) (n)) (((mul) (((mul) (m)) (n))) (((mul) (((mul) (m)) (n))) (n))); best proof: (((sym) (((mul) (((mul) (m)) (n))) (((mul) (((mul) (m)) (n))) (n)))) (n)) (((ass2) (((mul) (m)) (n))) (n)) with weight 4.03872947700896E-7; statement weight 1.2607313442119116E-8
Lemma: ((eqM) (((mul) (((mul) (m)) (n))) (((mul) (((mul) (m)) (n))) (n)))) (((mul) (((mul) (m)) (n))) (m)); best proof: ((((left-multiply) (((mul) (m)) (n))) (((mul) (((mul) (m)) (n))) (n))) (m)) (((ass1) (m)) (n)) with weight 3.980011716970752E-9; statement weight 2.999832686281982E-11
Lemma: ((eqM) (((mul) (((mul) (((mul) (m)) (n))) (m))) (m))) (((mul) (m)) (n)); best proof: ((ass1) (((mul) (m)) (n))) (m) with weight 2.220664573448051E-5; statement weight 8.727961255421987E-9
Lemma: ((eqM) (n)) (((mul) (((mul) (m)) (n))) (m)); best proof: (((((trans) (n)) (((mul) (((mul) (m)) (n))) (((mul) (((mul) (m)) (n))) (n)))) (((mul) (((mul) (m)) (n))) (m))) ((((sym) (((mul) (((mul) (m)) (n))) (((mul) (((mul) (m)) (n))) (n)))) (n)) (((ass2) (((mul) (m)) (n))) (n)))) (((((left-multiply) (((mul) (m)) (n))) (((mul) (((mul) (m)) (n))) (n))) (m)) (((ass1) (m)) (n))) with weight 3.9986932477687285E-18; statement weight 3.880241678628626E-5
Lemma: ((eqM) (((mul) (n)) (m))) (((mul) (((mul) (((mul) (m)) (n))) (m))) (m)); best proof: ((((right-multiply) (m)) (n)) (((mul) (((mul) (m)) (n))) (m))) ((((((trans) (n)) (((mul) (((mul) (m)) (n))) (((mul) (((mul) (m)) (n))) (n)))) (((mul) (((mul) (m)) (n))) (m))) ((((sym) (((mul) (((mul) (m)) (n))) (((mul) (((mul) (m)) (n))) (n)))) (n)) (((ass2) (((mul) (m)) (n))) (n)))) (((((left-multiply) (((mul) (m)) (n))) (((mul) (((mul) (m)) (n))) (n))) (m)) (((ass1) (m)) (n)))) with weight 7.236656569280711E-22; statement weight 2.316180237642018E-11
Lemma: ((eqM) (((mul) (n)) (m))) (((mul) (m)) (n)); best proof: (((((trans) (((mul) (n)) (m))) (((mul) (n)) (((mul) (n)) (((mul) (m)) (n))))) (((mul) (m)) (n))) (((((left-multiply) (n)) (m)) (((mul) (n)) (((mul) (m)) (n)))) ((((((trans) (m)) (((mul) (((mul) (m)) (((mul) (m)) (n)))) (((mul) (m)) (n)))) (((mul) (n)) (((mul) (m)) (n)))) ((((sym) (((mul) (((mul) (m)) (((mul) (m)) (n)))) (((mul) (m)) (n)))) (m)) (((ass1) (m)) (((mul) (m)) (n))))) (((((right-multiply) (((mul) (m)) (n))) (((mul) (m)) (((mul) (m)) (n)))) (n)) (((ass2) (m)) (n)))))) (((ass2) (n)) (((mul) (m)) (n))) with weight 3.9976972515196364E-29; statement weight 5.004556410823322E-6
2021.01.09 20:02:08:788 [INFO ] provingground.learning.HoTTPo