2020.06.26 06:45:31 [INFO] provingground.learning.PostBuffer.$anon.post:244:22 - Post; tag: TypeTag[provingground.learning.HoTTMessages.TautologyInitState], id: (1,-384837536), content:
TautologyInitState(TermState([m : 0.14285714285714285, sym : 0.14285714285714285, ((mul) (m)) (n) : 0.14285714285714285, refl : 0.14285714285714285, mul : 0.14285714285714285, n : 0.14285714285714285, trans : 0.14285714285714285],[M : 1.0],Vector(),[],[],Empty))
2020.06.26 06:45:31 [INFO] provingground.learning.PostBuffer.$anon.post:244:22 - Post; tag: TypeTag[provingground.learning.HoTTMessages.SpecialInitState], id: (2,1588327529), content:
SpecialInitState(TermState([trans : 0.9, sym : 0.1],[M : 1.0],Vector(),[],[],Empty),0.001,0.5,0.05,Some(TermGenParams(0.0,0.4,0.0,0.0,0.0,0.0,0.0,0.0,0.0,0.0,0.0,0.0,0.0,0.3,0.7,0.5,0.0,0.0,0.0,<function1>)),Some(2))
2020.06.26 06:45:31 [INFO] provingground.learning.PostBuffer.$anon.post:244:22 - Post; tag: TypeTag[provingground.learning.HoTTMessages.SpecialInitState], id: (3,246182078), content:
SpecialInitState(TermState([left-multiply : 0.2, right-multiply : 0.2, ((mul) (m)) (n) : 0.2, m : 0.2, n : 0.2],[M : 1.0],Vector(),[],[],Empty),0.001,0.5,0.5,Some(TermGenParams(0.4,0.0,0.0,0.0,0.0,0.0,0.0,0.0,0.0,0.0,0.0,0.0,0.0,0.3,0.7,0.5,0.0,0.0,0.0,<function1>)),Some(2))
2020.06.26 06:45:31 [INFO] provingground.learning.PostBuffer.$anon.post:244:22 - Post; tag: TypeTag[provingground.learning.LocalProver], id: (4,582823858), content:
LocalProver(TermState([m : 0.08333333333333333, left-multiply : 0.08333333333333333, eqM : 0.08333333333333333, mul : 0.08333333333333333, n : 0.08333333333333333, trans : 0.08333333333333333, sym : 0.08333333333333333, ass1 : 0.08333333333333333, right-multiply : 0.08333333333333333, ass2 : 0.08333333333333333, refl : 0.08333333333333333, ((mul) (m)) (n) : 0.08333333333333333],[M : 1.0],Vector(),[],[((eqM) (((mul) (m)) (n))) (((mul) (n)) (m)) : 1.0],Empty),TermGenParams(0.1,0.1,0.0,0.0,0.0,0.0,0.0,0.0,0.0,0.0,0.0,0.0,0.0,0.3,0.7,0.5,0.0,0.0,0.0,<function1>),1.0E-4,None,12 minutes,1.01,1.0,10000,10,1.0,1.0,None,false,false,0.5,1.0,Some(500000))
2020.06.26 06:45:31 [INFO] provingground.learning.TypedPostResponse.MicroBot.post:227:18 - triggered response of type TypeTag[provingground.learning.ExpressionEval] to posts of type TypeTag[provingground.learning.LocalProver]
2020.06.26 06:45:46 [INFO] provingground.learning.PostBuffer.$anon.post:244:22 - Post; tag: TypeTag[provingground.learning.ExpressionEval], id: (5,447984253), content:
provingground.learning.ExpressionEval$$anon$2@1ab3b27d
2020.06.26 06:45:46 [INFO] provingground.learning.TypedPostResponse.Callback.post:188:18 - triggered callback for type TypeTag[provingground.learning.ExpressionEval]
2020.06.26 06:45:47 [INFO] provingground.learning.TypedPostResponse.MicroBot.post:227:18 - triggered response of type TypeTag[provingground.learning.HoTTMessages.FinalState] to posts of type TypeTag[provingground.learning.ExpressionEval]
2020.06.26 06:45:47 [INFO] provingground.learning.HoTTBot.expEvToFinalState:474:26 - computing final state
2020.06.26 06:45:47 [INFO] provingground.learning.ExprCalc.stableVec:643:46 - completed 2 steps
2020.06.26 06:45:48 [INFO] provingground.learning.ErasablePostBuffer.$anon.post:85:22 - Post; tag: TypeTag[provingground.learning.HoTTMessages.FinalState], id: (6,-1664112044)
2020.06.26 06:45:48 [INFO] provingground.learning.TypedPostResponse.Callback.post:188:18 - triggered callback for type TypeTag[provingground.learning.HoTTMessages.FinalState]
2020.06.26 06:45:48 [INFO] provingground.learning.TypedPostResponse.Callback.post:188:18 - triggered callback for type TypeTag[provingground.learning.HoTTMessages.FinalState]
2020.06.26 06:45:48 [INFO] provingground.learning.TypedPostResponse.MicroBot.post:227:18 - triggered response of type TypeTag[provingground.learning.HoTTMessages.Lemmas] to posts of type TypeTag[provingground.learning.HoTTMessages.FinalState]
2020.06.26 06:45:50 [INFO] provingground.learning.HoTTBot.$anonfun:378:26 - Results: 3
Lemma: ((eqM) (((mul) (((mul) (m)) (n))) (n))) (m); best proof: ((ass1) (m)) (n) with weight 2.666676177661691E-4; statement weight 4.922526522818089E-5
Lemma: ((eqM) (((mul) (((mul) (m)) (n))) (((mul) (((mul) (m)) (n))) (n)))) (n); best proof: ((ass2) (((mul) (m)) (n))) (n) with weight 2.6875890673843706E-4; statement weight 3.283350224245018E-7
Lemma: ((eqM) (((mul) (((mul) (((mul) (m)) (n))) (m))) (m))) (((mul) (m)) (n)); best proof: ((ass1) (((mul) (m)) (n))) (m) with weight 2.6875890673843706E-4; statement weight 2.901648730630753E-7
2020.06.26 06:45:51 [INFO] provingground.learning.ExprCalc.stableVec:643:46 - completed 2 steps
2020.06.26 06:45:51 [INFO] provingground.learning.ErasablePostBuffer.$anon.post:85:22 - Post; tag: TypeTag[provingground.learning.HoTTMessages.Lemmas], id: (7,1645406931)
2020.06.26 06:45:51 [INFO] provingground.learning.TypedPostResponse.MicroBot.post:227:18 - triggered response of type TypeTag[(provingground.learning.HoTTMessages.UsedLemmas :: provingground.learning.HoTTMessages.TangentLemmas :: shapeless.HNil) :: provingground.learning.HoTTMessages.BaseMixinLemmas :: shapeless.HNil] to posts of type TypeTag[provingground.learning.HoTTMessages.Lemmas]
2020.06.26 06:45:51 [INFO] provingground.learning.HoTTBot.$anonfun:904:24 - excluded lemmas:

2020.06.26 06:45:52 [INFO] provingground.learning.ErasablePostBuffer.$anon.post:85:22 - Post; tag: TypeTag[provingground.learning.HoTTMessages.UsedLemmas], id: (8,-1445828818)
2020.06.26 06:45:52 [INFO] provingground.learning.ErasablePostBuffer.$anon.post:85:22 - Post; tag: TypeTag[provingground.learning.HoTTMessages.TangentLemmas], id: (9,-962844701)
2020.06.26 06:45:52 [INFO] provingground.learning.ErasablePostBuffer.$anon.post:85:22 - Post; tag: TypeTag[provingground.learning.HoTTMessages.BaseMixinLemmas], id: (10,1833728595)
2020.06.26 06:45:52 [INFO] provingground.learning.TypedPostResponse.MicroBot.post:227:18 - triggered response of type TypeTag[provingground.learning.HoTTMessages.TangentBaseState] to posts of type TypeTag[provingground.learning.HoTTMessages.BaseMixinLemmas]
2020.06.26 06:45:54 [INFO] provingground.learning.ExprCalc.stableVec:643:46 - completed 2 steps
2020.06.26 06:45:55 [INFO] provingground.learning.ErasablePostBuffer.$anon.post:85:22 - Post; tag: TypeTag[provingground.learning.HoTTMessages.TangentBaseState], id: (11,368099790)
2020.06.26 06:45:55 [INFO] provingground.learning.TypedPostResponse.DualMiniBot.post:384:20 - triggered (multiple) responses of type TypeTag[provingground.learning.HoTTMessages.TangentBaseState] to posts of type TypeTag[provingground.learning.HoTTMessages.BaseMixinLemmas]
2020.06.26 06:45:56 [INFO] provingground.learning.TypedPostResponse.DualMiniBot.taskNest:389:32 - launching 1 branches
2020.06.26 06:45:56 [INFO] provingground.learning.HoTTBot.$anonfun:1011:22 - previous special init states are 2
2020.06.26 06:45:56 [INFO] provingground.learning.TypedPostResponse.DualMiniBot.$anonfun:394:36 - launching 2 responses  of type TypeTag[provingground.learning.HoTTMessages.TangentBaseState] in branch
2020.06.26 06:45:57 [INFO] provingground.learning.ExprCalc.stableVec:643:46 - completed 2 steps
2020.06.26 06:45:56 [INFO] provingground.learning.ExprCalc.stableVec:643:46 - completed 2 steps
2020.06.26 06:45:58 [INFO] provingground.learning.ErasablePostBuffer.$anon.post:85:22 - Post; tag: TypeTag[provingground.learning.HoTTMessages.TangentBaseState], id: (12,412426767)
2020.06.26 06:45:58 [INFO] provingground.learning.TypedPostResponse.DualMiniBot.$anonfun.applyOrElse:399:44 - remaining 1 responses of type TypeTag[provingground.learning.HoTTMessages.TangentBaseState]
2020.06.26 06:45:58 [INFO] provingground.learning.ErasablePostBuffer.$anon.post:85:22 - Post; tag: TypeTag[provingground.learning.HoTTMessages.TangentBaseState], id: (13,-2086306360)
2020.06.26 06:45:58 [INFO] provingground.learning.TypedPostResponse.DualMiniBot.$anonfun.applyOrElse:399:44 - remaining 0 responses of type TypeTag[provingground.learning.HoTTMessages.TangentBaseState]
2020.06.26 06:45:58 [INFO] provingground.learning.PostBuffer.$anon.post:244:22 - Post; tag: TypeTag[provingground.learning.HoTTMessages.TangentBaseCompleted.type], id: (14,-1666923435), content:
TangentBaseCompleted
2020.06.26 06:45:58 [INFO] provingground.learning.TypedPostResponse.MicroBot.post:227:18 - triggered response of type TypeTag[provingground.learning.HoTTMessages.GeneratedEquationNodes] to posts of type TypeTag[provingground.learning.HoTTMessages.TangentBaseCompleted.type]
2020.06.26 06:45:58 [INFO] provingground.learning.TypedPostResponse.Callback.post:188:18 - triggered callback for type TypeTag[provingground.learning.HoTTMessages.TangentBaseCompleted.type]
2020.06.26 06:45:58 [INFO] provingground.learning.SimpleEquations.timedUnAppEquations:178:30 - ran for time 0, less than the time limit 2 minutes, with cutoff 0.001; running again
2020.06.26 06:45:58 [INFO] provingground.learning.SimpleEquations.timedUnAppEquations:178:30 - ran for time 0, less than the time limit 2 minutes, with cutoff 0.001; running again
2020.06.26 06:45:58 [INFO] provingground.learning.SimpleEquations.timedUnAppEquations:178:30 - ran for time 0, less than the time limit 2 minutes, with cutoff 0.001; running again
2020.06.26 06:45:58 [INFO] provingground.learning.SimpleEquations.timedUnAppEquations:178:30 - ran for time 0, less than the time limit 2 minutes, with cutoff 2.0E-4; running again
2020.06.26 06:46:00 [INFO] provingground.learning.SimpleEquations.timedUnAppEquations:178:30 - ran for time 1, less than the time limit 2 minutes, with cutoff 2.0E-4; running again
2020.06.26 06:46:00 [INFO] provingground.learning.SimpleEquations.timedUnAppEquations:178:30 - ran for time 1, less than the time limit 2 minutes, with cutoff 2.0E-4; running again
2020.06.26 06:46:02 [INFO] provingground.learning.SimpleEquations.timedUnAppEquations:178:30 - ran for time 2, less than the time limit 2 minutes, with cutoff 4.0E-5; running again
2020.06.26 06:46:02 [INFO] provingground.learning.SimpleEquations.timedUnAppEquations:178:30 - ran for time 2, less than the time limit 2 minutes, with cutoff 4.0E-5; running again
2020.06.26 06:46:02 [INFO] provingground.learning.SimpleEquations.timedUnAppEquations:182:30 - all pairs considered with cutoff 4.0E-5
2020.06.26 06:46:03 [INFO] provingground.learning.SimpleEquations.timedUnAppEquations:178:30 - ran for time 3, less than the time limit 2 minutes, with cutoff 4.0E-5; running again
2020.06.26 06:46:04 [INFO] provingground.learning.SimpleEquations.timedUnAppEquations:178:30 - ran for time 2, less than the time limit 2 minutes, with cutoff 8.000000000000001E-6; running again
2020.06.26 06:46:05 [INFO] provingground.learning.SimpleEquations.timedUnAppEquations:178:30 - ran for time 1, less than the time limit 2 minutes, with cutoff 8.000000000000001E-6; running again
2020.06.26 06:46:07 [INFO] provingground.learning.HoTTBot.$anonfun:1207:26 - generating equations with 3 base states and 18 lemmas (before pruning)
2020.06.26 06:46:07 [INFO] provingground.learning.HoTTBot.$anonfun:1215:26 - Tangent lemmas (used with bases below): 3
(((eqM) (((mul) (((mul) (m)) (n))) (n))) (m),0.040700000848968604)
(((eqM) (((mul) (((mul) (m)) (n))) (((mul) (((mul) (m)) (n))) (n)))) (n),0.001214698356305945)
(((eqM) (((mul) (((mul) (((mul) (m)) (n))) (m))) (m))) (((mul) (m)) (n)),0.001114032298292804)
2020.06.26 06:46:07 [INFO] provingground.learning.HoTTBot.$anonfun:1229:28 - Terms in base (used with tangents above): 3
Type: (`a : M ) ~> ((`b : M ) ~> ((`c : M ) ~> ((((eqM) (`a)) (`b)) → ((((eqM) (`b)) (`c)) → (((eqM) (`a)) (`c)))))); best term: trans with weight 0.053326178457998585
Type: (`b : M ) ~> ((`c : M ) ~> ((((eqM) (`b)) (`c)) → (((eqM) (((mul) (((mul) (m)) (n))) (`b))) (((mul) (((mul) (m)) (n))) (`c))))); best term: (left-multiply) (((mul) (m)) (n)) with weight 0.002437424090839206
Type: (`b : M ) ~> ((`c : M ) ~> ((((eqM) (`b)) (`c)) → (((eqM) (((mul) (`b)) (m))) (((mul) (`c)) (m))))); best term: (right-multiply) (m) with weight 0.002437424090839206
2020.06.26 06:46:07 [INFO] provingground.learning.HoTTBot.$anonfun:1241:28 - Lemmas in base for mixin (used with tangents above): 3
Type: ((eqM) (((mul) (((mul) (m)) (n))) (n))) (m); best term: ((ass1) (m)) (n) with weight 0.050046293108537594
Type: ((eqM) (((mul) (((mul) (m)) (n))) (((mul) (((mul) (m)) (n))) (n)))) (n); best term: ((ass2) (((mul) (m)) (n))) (n) with weight 0.011126917673166644
Type: ((eqM) (((mul) (((mul) (((mul) (m)) (n))) (m))) (m))) (((mul) (m)) (n)); best term: ((ass1) (((mul) (m)) (n))) (m) with weight 0.010695179485308265
2020.06.26 06:46:07 [INFO] provingground.learning.HoTTBot.$anonfun:1248:28 - Inference by unified applications, triples and weights (for this base state)
(0.053326178457998585, 0.0, 0.0) for ((`a : M ) ~> ((`b : M ) ~> ((`c : M ) ~> ((((eqM) (`a)) (`b)) → ((((eqM) (`b)) (`c)) → (((eqM) (`a)) (`c)))))), ((eqM) (n)) (((mul) (((mul) (m)) (n))) (((mul) (((mul) (m)) (n))) (n))), (`$afm : M ) ~> ((((eqM) (((mul) (((mul) (m)) (n))) (((mul) (((mul) (m)) (n))) (n)))) (`$afm)) → (((eqM) (n)) (`$afm))))
(0.0, 0.0, 0.0) for ((`$afm : M ) ~> ((((eqM) (((mul) (((mul) (m)) (n))) (((mul) (((mul) (m)) (n))) (n)))) (`$afm)) → (((eqM) (n)) (`$afm))), ((eqM) (((mul) (((mul) (m)) (n))) (((mul) (((mul) (m)) (n))) (n)))) (((mul) (((mul) (m)) (n))) (m)), ((eqM) (n)) (((mul) (((mul) (m)) (n))) (m)))
(0.002437424090839206, 0.040700000848968604, 9.920316256645221E-5) for ((`b : M ) ~> ((`c : M ) ~> ((((eqM) (`b)) (`c)) → (((eqM) (((mul) (((mul) (m)) (n))) (`b))) (((mul) (((mul) (m)) (n))) (`c))))), ((eqM) (((mul) (((mul) (m)) (n))) (n))) (m), ((eqM) (((mul) (((mul) (m)) (n))) (((mul) (((mul) (m)) (n))) (n)))) (((mul) (((mul) (m)) (n))) (m)))
(0.002437424090839206, 0.0, 0.0) for ((`b : M ) ~> ((`c : M ) ~> ((((eqM) (`b)) (`c)) → (((eqM) (((mul) (`b)) (m))) (((mul) (`c)) (m))))), ((eqM) (n)) (((mul) (((mul) (m)) (n))) (m)), ((eqM) (((mul) (n)) (m))) (((mul) (((mul) (((mul) (m)) (n))) (m))) (m)))

2020.06.26 06:46:07 [INFO] provingground.learning.SimpleEquations.timedUnAppEquations:178:30 - ran for time 3, less than the time limit 2 minutes, with cutoff 1.6000000000000004E-6; running again
2020.06.26 06:46:08 [INFO] provingground.learning.SimpleEquations.timedUnAppEquations:178:30 - ran for time 2, less than the time limit 2 minutes, with cutoff 1.6000000000000004E-6; running again
2020.06.26 06:46:08 [INFO] provingground.learning.SimpleEquations.timedUnAppEquations:182:30 - all pairs considered with cutoff 1.6000000000000004E-6
2020.06.26 06:46:11 [INFO] provingground.learning.SimpleEquations.timedUnAppEquations:178:30 - ran for time 3, less than the time limit 2 minutes, with cutoff 3.2000000000000006E-7; running again
2020.06.26 06:46:14 [INFO] provingground.learning.HoTTBot.$anonfun:1267:28 - Tracing back equations and values for steps
Lemma: (`a : M ) ~> ((`b : M ) ~> ((`c : M ) ~> ((((eqM) (`a)) (`b)) → ((((eqM) (`b)) (`c)) → (((eqM) (`a)) (`c))))))
Traced back equations:
(P₁(trans ∈ Terms)) = (Coeff(Init(Terms))) * (P₀(trans ∈ Terms))
Weights of terms and types:
P₁(trans ∈ Terms) -> 0.053326178457998585

Lemma: (`$afm : M ) ~> ((((eqM) (((mul) (((mul) (m)) (n))) (((mul) (((mul) (m)) (n))) (n)))) (`$afm)) → (((eqM) (n)) (`$afm)))
Traced back equations:

Weights of terms and types:


Lemma: (`b : M ) ~> ((`c : M ) ~> ((((eqM) (`b)) (`c)) → (((eqM) (((mul) (((mul) (m)) (n))) (`b))) (((mul) (((mul) (m)) (n))) (`c)))))
Traced back equations:
(P₁((left-multiply) (((mul) (m)) (n)) ∈ Terms)) = ((Coeff(FiberProductMap(typeOf(_),FuncsWithDomain,FlipAppn,Terms,Terms))) * (P₁(((mul) (m)) (n) ∈ Terms))) * (P₁(Wrap(left-multiply) ∈ AtCoord(FuncsWithDomain,M :: HNil)))
(P₁((left-multiply) (((mul) (m)) (n)) ∈ Terms)) = ((Coeff(ZipMapOpt(UnifApplnOpt,Funcs,Terms,Terms))) * (P₁(Wrap(left-multiply) ∈ Funcs))) * (P₁(((mul) (m)) (n) ∈ Terms))
(P₁((left-multiply) (((mul) (m)) (n)) ∈ Terms)) = (Coeff(Init(Terms))) * (P₀((left-multiply) (((mul) (m)) (n)) ∈ Terms))
(P₁((left-multiply) (((mul) (m)) (n)) ∈ Terms)) = ((Coeff(FiberProductMap(domOf,TermsWithTyp,Appln,Funcs,Terms))) * (P₁(Wrap(left-multiply) ∈ Funcs))) * (P₁(((mul) (m)) (n) ∈ AtCoord(TermsWithTyp,M :: HNil)))
(P₁(((mul) (m)) (n) ∈ Terms)) = ((Coeff(FiberProductMap(domOf,TermsWithTyp,Appln,Funcs,Terms))) * (P₁(Wrap((mul) (m)) ∈ Funcs))) * (P₁(n ∈ AtCoord(TermsWithTyp,M :: HNil)))
(P₁(((mul) (m)) (n) ∈ Terms)) = ((Coeff(ZipMapOpt(UnifApplnOpt,Funcs,Terms,Terms))) * (P₁(Wrap((mul) (m)) ∈ Funcs))) * (P₁(n ∈ Terms))
(P₁(((mul) (m)) (n) ∈ Terms)) = ((Coeff(FiberProductMap(typeOf(_),FuncsWithDomain,FlipAppn,Terms,Terms))) * (P₁(n ∈ Terms))) * (P₁(Wrap((mul) (m)) ∈ AtCoord(FuncsWithDomain,M :: HNil)))
(P₁(((mul) (m)) (n) ∈ Terms)) = (Coeff(Init(Terms))) * (P₀(((mul) (m)) (n) ∈ Terms))
(P₁(Wrap((mul) (m)) ∈ Funcs)) = (P₁((mul) (m) ∈ Terms)) / (P₁({Terms ∈ Restrict(FuncOpt)}))
(P₁(Wrap((mul) (m)) ∈ Funcs)) = (Coeff(Init(Funcs))) * (P₀(Wrap((mul) (m)) ∈ Funcs))
(P₁((mul) (m) ∈ Terms)) = ((Coeff(FiberProductMap(domOf,TermsWithTyp,Appln,Funcs,Terms))) * (P₁(Wrap(mul) ∈ Funcs))) * (P₁(m ∈ AtCoord(TermsWithTyp,M :: HNil)))
(P₁((mul) (m) ∈ Terms)) = (Coeff(Init(Terms))) * (P₀((mul) (m) ∈ Terms))
(P₁((mul) (m) ∈ Terms)) = ((Coeff(FiberProductMap(typeOf(_),FuncsWithDomain,FlipAppn,Terms,Terms))) * (P₁(m ∈ Terms))) * (P₁(Wrap(mul) ∈ AtCoord(FuncsWithDomain,M :: HNil)))
(P₁((mul) (m) ∈ Terms)) = ((Coeff(ZipMapOpt(UnifApplnOpt,Funcs,Terms,Terms))) * (P₁(Wrap(mul) ∈ Funcs))) * (P₁(m ∈ Terms))
(P₁(n ∈ AtCoord(TermsWithTyp,M :: HNil))) = (P₁(n ∈ Terms)) / (P₁({Terms ∈ Filter(WithTyp(typ))}))
(P₁(n ∈ AtCoord(TermsWithTyp,M :: HNil))) = (Coeff(Init(AtCoord(TermsWithTyp,M :: HNil)))) * (P₀(n ∈ AtCoord(TermsWithTyp,M :: HNil)))
(P₁(n ∈ Terms)) = (Coeff(Init(Terms))) * (P₀(n ∈ Terms))
(P₁(Wrap((mul) (m)) ∈ AtCoord(FuncsWithDomain,M :: HNil))) = (P₁((mul) (m) ∈ Terms)) / (P₁({Terms ∈ Restrict(FuncWithDom(M))}))
(P₁(Wrap((mul) (m)) ∈ AtCoord(FuncsWithDomain,M :: HNil))) = (Coeff(Init(AtCoord(FuncsWithDomain,M :: HNil)))) * (P₀(Wrap((mul) (m)) ∈ AtCoord(FuncsWithDomain,M :: HNil)))
(P₁(Wrap(left-multiply) ∈ AtCoord(FuncsWithDomain,M :: HNil))) = (Coeff(Init(AtCoord(FuncsWithDomain,M :: HNil)))) * (P₀(Wrap(left-multiply) ∈ AtCoord(FuncsWithDomain,M :: HNil)))
(P₁(Wrap(left-multiply) ∈ AtCoord(FuncsWithDomain,M :: HNil))) = (P₁(left-multiply ∈ Terms)) / (P₁({Terms ∈ Restrict(FuncWithDom(M))}))
(P₁(left-multiply ∈ Terms)) = (Coeff(Init(Terms))) * (P₀(left-multiply ∈ Terms))
(P₁(Wrap(left-multiply) ∈ Funcs)) = (Coeff(Init(Funcs))) * (P₀(Wrap(left-multiply) ∈ Funcs))
(P₁(Wrap(left-multiply) ∈ Funcs)) = (P₁(left-multiply ∈ Terms)) / (P₁({Terms ∈ Restrict(FuncOpt)}))
(P₁(((mul) (m)) (n) ∈ AtCoord(TermsWithTyp,M :: HNil))) = (P₁(((mul) (m)) (n) ∈ Terms)) / (P₁({Terms ∈ Filter(WithTyp(typ))}))
(P₁(((mul) (m)) (n) ∈ AtCoord(TermsWithTyp,M :: HNil))) = (Coeff(Init(AtCoord(TermsWithTyp,M :: HNil)))) * (P₀(((mul) (m)) (n) ∈ AtCoord(TermsWithTyp,M :: HNil)))
Weights of terms and types:
P₁((left-multiply) (((mul) (m)) (n)) ∈ Terms) -> 0.002437424090839206
P₁(((mul) (m)) (n) ∈ Terms) -> 0.053326178457998585
P₁((mul) (m) ∈ Terms) -> 0.001286599861208855
P₁(m ∈ Terms) -> 0.053326178457998585
P₁(n ∈ Terms) -> 0.053326178457998585
P₁(left-multiply ∈ Terms) -> 0.053326178457998585

Lemma: (`b : M ) ~> ((`c : M ) ~> ((((eqM) (`b)) (`c)) → (((eqM) (((mul) (`b)) (m))) (((mul) (`c)) (m)))))
Traced back equations:
(P₁((right-multiply) (m) ∈ Terms)) = ((Coeff(FiberProductMap(typeOf(_),FuncsWithDomain,FlipAppn,Terms,Terms))) * (P₁(m ∈ Terms))) * (P₁(Wrap(right-multiply) ∈ AtCoord(FuncsWithDomain,M :: HNil)))
(P₁((right-multiply) (m) ∈ Terms)) = ((Coeff(FiberProductMap(domOf,TermsWithTyp,Appln,Funcs,Terms))) * (P₁(Wrap(right-multiply) ∈ Funcs))) * (P₁(m ∈ AtCoord(TermsWithTyp,M :: HNil)))
(P₁((right-multiply) (m) ∈ Terms)) = ((Coeff(ZipMapOpt(UnifApplnOpt,Funcs,Terms,Terms))) * (P₁(Wrap(right-multiply) ∈ Funcs))) * (P₁(m ∈ Terms))
(P₁((right-multiply) (m) ∈ Terms)) = (Coeff(Init(Terms))) * (P₀((right-multiply) (m) ∈ Terms))
(P₁(m ∈ Terms)) = (Coeff(Init(Terms))) * (P₀(m ∈ Terms))
(P₁(Wrap(right-multiply) ∈ AtCoord(FuncsWithDomain,M :: HNil))) = (Coeff(Init(AtCoord(FuncsWithDomain,M :: HNil)))) * (P₀(Wrap(right-multiply) ∈ AtCoord(FuncsWithDomain,M :: HNil)))
(P₁(Wrap(right-multiply) ∈ AtCoord(FuncsWithDomain,M :: HNil))) = (P₁(right-multiply ∈ Terms)) / (P₁({Terms ∈ Restrict(FuncWithDom(M))}))
(P₁(right-multiply ∈ Terms)) = (Coeff(Init(Terms))) * (P₀(right-multiply ∈ Terms))
(P₁(Wrap(right-multiply) ∈ Funcs)) = (Coeff(Init(Funcs))) * (P₀(Wrap(right-multiply) ∈ Funcs))
(P₁(Wrap(right-multiply) ∈ Funcs)) = (P₁(right-multiply ∈ Terms)) / (P₁({Terms ∈ Restrict(FuncOpt)}))
(P₁(m ∈ AtCoord(TermsWithTyp,M :: HNil))) = (P₁(m ∈ Terms)) / (P₁({Terms ∈ Filter(WithTyp(typ))}))
(P₁(m ∈ AtCoord(TermsWithTyp,M :: HNil))) = (Coeff(Init(AtCoord(TermsWithTyp,M :: HNil)))) * (P₀(m ∈ AtCoord(TermsWithTyp,M :: HNil)))
Weights of terms and types:
P₁((right-multiply) (m) ∈ Terms) -> 0.002437424090839206
P₁(m ∈ Terms) -> 0.053326178457998585
P₁(right-multiply ∈ Terms) -> 0.053326178457998585


2020.06.26 06:46:14 [INFO] provingground.learning.HoTTBot.$anonfun:1229:28 - Terms in base (used with tangents above): 2
Type: (`b : M ) ~> ((`c : M ) ~> ((((eqM) (`b)) (`c)) → (((eqM) (((mul) (((mul) (m)) (n))) (`b))) (((mul) (((mul) (m)) (n))) (`c))))); best term: (left-multiply) (((mul) (m)) (n)) with weight 0.016270597645731934
Type: (`b : M ) ~> ((`c : M ) ~> ((((eqM) (`b)) (`c)) → (((eqM) (((mul) (`b)) (m))) (((mul) (`c)) (m))))); best term: (right-multiply) (m) with weight 0.016270597645731934
2020.06.26 06:46:14 [INFO] provingground.learning.HoTTBot.$anonfun:1241:28 - Lemmas in base for mixin (used with tangents above): 3
Type: ((eqM) (((mul) (((mul) (m)) (n))) (n))) (m); best term: ((ass1) (m)) (n) with weight 0.08055093331491427
Type: ((eqM) (((mul) (((mul) (m)) (n))) (((mul) (((mul) (m)) (n))) (n)))) (n); best term: ((ass2) (((mul) (m)) (n))) (n) with weight 0.017883196935657784
Type: ((eqM) (((mul) (((mul) (((mul) (m)) (n))) (m))) (m))) (((mul) (m)) (n)); best term: ((ass1) (((mul) (m)) (n))) (m) with weight 0.01723230794846274
2020.06.26 06:46:14 [INFO] provingground.learning.HoTTBot.$anonfun:1248:28 - Inference by unified applications, triples and weights (for this base state)
(0.0, 0.0, 0.0) for ((`a : M ) ~> ((`b : M ) ~> ((`c : M ) ~> ((((eqM) (`a)) (`b)) → ((((eqM) (`b)) (`c)) → (((eqM) (`a)) (`c)))))), ((eqM) (n)) (((mul) (((mul) (m)) (n))) (((mul) (((mul) (m)) (n))) (n))), (`$afm : M ) ~> ((((eqM) (((mul) (((mul) (m)) (n))) (((mul) (((mul) (m)) (n))) (n)))) (`$afm)) → (((eqM) (n)) (`$afm))))
(0.0, 0.0, 0.0) for ((`$afm : M ) ~> ((((eqM) (((mul) (((mul) (m)) (n))) (((mul) (((mul) (m)) (n))) (n)))) (`$afm)) → (((eqM) (n)) (`$afm))), ((eqM) (((mul) (((mul) (m)) (n))) (((mul) (((mul) (m)) (n))) (n)))) (((mul) (((mul) (m)) (n))) (m)), ((eqM) (n)) (((mul) (((mul) (m)) (n))) (m)))
(0.016270597645731934, 0.040700000848968604, 6.622133379945163E-4) for ((`b : M ) ~> ((`c : M ) ~> ((((eqM) (`b)) (`c)) → (((eqM) (((mul) (((mul) (m)) (n))) (`b))) (((mul) (((mul) (m)) (n))) (`c))))), ((eqM) (((mul) (((mul) (m)) (n))) (n))) (m), ((eqM) (((mul) (((mul) (m)) (n))) (((mul) (((mul) (m)) (n))) (n)))) (((mul) (((mul) (m)) (n))) (m)))
(0.016270597645731934, 0.0, 0.0) for ((`b : M ) ~> ((`c : M ) ~> ((((eqM) (`b)) (`c)) → (((eqM) (((mul) (`b)) (m))) (((mul) (`c)) (m))))), ((eqM) (n)) (((mul) (((mul) (m)) (n))) (m)), ((eqM) (((mul) (n)) (m))) (((mul) (((mul) (((mul) (m)) (n))) (m))) (m)))

2020.06.26 06:46:14 [INFO] provingground.learning.SimpleEquations.timedUnAppEquations:178:30 - ran for time 3, less than the time limit 2 minutes, with cutoff 6.400000000000002E-8; running again
2020.06.26 06:46:14 [INFO] provingground.learning.HoTTBot.$anonfun:1267:28 - Tracing back equations and values for steps
Lemma: (`a : M ) ~> ((`b : M ) ~> ((`c : M ) ~> ((((eqM) (`a)) (`b)) → ((((eqM) (`b)) (`c)) → (((eqM) (`a)) (`c))))))
Traced back equations:
(P₁(trans ∈ Terms)) = (Coeff(Init(Terms))) * (P₀(trans ∈ Terms))
Weights of terms and types:
P₁(trans ∈ Terms) -> 0.0

Lemma: (`$afm : M ) ~> ((((eqM) (((mul) (((mul) (m)) (n))) (((mul) (((mul) (m)) (n))) (n)))) (`$afm)) → (((eqM) (n)) (`$afm)))
Traced back equations:

Weights of terms and types:


Lemma: (`b : M ) ~> ((`c : M ) ~> ((((eqM) (`b)) (`c)) → (((eqM) (((mul) (((mul) (m)) (n))) (`b))) (((mul) (((mul) (m)) (n))) (`c)))))
Traced back equations:
(P₁((left-multiply) (((mul) (m)) (n)) ∈ Terms)) = ((Coeff(FiberProductMap(typeOf(_),FuncsWithDomain,FlipAppn,Terms,Terms))) * (P₁(((mul) (m)) (n) ∈ Terms))) * (P₁(Wrap(left-multiply) ∈ AtCoord(FuncsWithDomain,M :: HNil)))
(P₁((left-multiply) (((mul) (m)) (n)) ∈ Terms)) = ((Coeff(ZipMapOpt(UnifApplnOpt,Funcs,Terms,Terms))) * (P₁(Wrap(left-multiply) ∈ Funcs))) * (P₁(((mul) (m)) (n) ∈ Terms))
(P₁((left-multiply) (((mul) (m)) (n)) ∈ Terms)) = (Coeff(Init(Terms))) * (P₀((left-multiply) (((mul) (m)) (n)) ∈ Terms))
(P₁((left-multiply) (((mul) (m)) (n)) ∈ Terms)) = ((Coeff(FiberProductMap(domOf,TermsWithTyp,Appln,Funcs,Terms))) * (P₁(Wrap(left-multiply) ∈ Funcs))) * (P₁(((mul) (m)) (n) ∈ AtCoord(TermsWithTyp,M :: HNil)))
(P₁(((mul) (m)) (n) ∈ Terms)) = ((Coeff(FiberProductMap(domOf,TermsWithTyp,Appln,Funcs,Terms))) * (P₁(Wrap((mul) (m)) ∈ Funcs))) * (P₁(n ∈ AtCoord(TermsWithTyp,M :: HNil)))
(P₁(((mul) (m)) (n) ∈ Terms)) = ((Coeff(ZipMapOpt(UnifApplnOpt,Funcs,Terms,Terms))) * (P₁(Wrap((mul) (m)) ∈ Funcs))) * (P₁(n ∈ Terms))
(P₁(((mul) (m)) (n) ∈ Terms)) = ((Coeff(FiberProductMap(typeOf(_),FuncsWithDomain,FlipAppn,Terms,Terms))) * (P₁(n ∈ Terms))) * (P₁(Wrap((mul) (m)) ∈ AtCoord(FuncsWithDomain,M :: HNil)))
(P₁(((mul) (m)) (n) ∈ Terms)) = (Coeff(Init(Terms))) * (P₀(((mul) (m)) (n) ∈ Terms))
(P₁(Wrap((mul) (m)) ∈ Funcs)) = (P₁((mul) (m) ∈ Terms)) / (P₁({Terms ∈ Restrict(FuncOpt)}))
(P₁((mul) (m) ∈ Terms)) = ((Coeff(FiberProductMap(domOf,TermsWithTyp,Appln,Funcs,Terms))) * (P₁(Wrap(mul) ∈ Funcs))) * (P₁(m ∈ AtCoord(TermsWithTyp,M :: HNil)))
(P₁((mul) (m) ∈ Terms)) = (Coeff(Init(Terms))) * (P₀((mul) (m) ∈ Terms))
(P₁((mul) (m) ∈ Terms)) = ((Coeff(FiberProductMap(typeOf(_),FuncsWithDomain,FlipAppn,Terms,Terms))) * (P₁(m ∈ Terms))) * (P₁(Wrap(mul) ∈ AtCoord(FuncsWithDomain,M :: HNil)))
(P₁((mul) (m) ∈ Terms)) = ((Coeff(ZipMapOpt(UnifApplnOpt,Funcs,Terms,Terms))) * (P₁(Wrap(mul) ∈ Funcs))) * (P₁(m ∈ Terms))
(P₁(n ∈ AtCoord(TermsWithTyp,M :: HNil))) = (P₁(n ∈ Terms)) / (P₁({Terms ∈ Filter(WithTyp(typ))}))
(P₁(n ∈ AtCoord(TermsWithTyp,M :: HNil))) = (Coeff(Init(AtCoord(TermsWithTyp,M :: HNil)))) * (P₀(n ∈ AtCoord(TermsWithTyp,M :: HNil)))
(P₁(n ∈ Terms)) = (Coeff(Init(Terms))) * (P₀(n ∈ Terms))
(P₁(Wrap((mul) (m)) ∈ AtCoord(FuncsWithDomain,M :: HNil))) = (P₁((mul) (m) ∈ Terms)) / (P₁({Terms ∈ Restrict(FuncWithDom(M))}))
(P₁(Wrap(left-multiply) ∈ AtCoord(FuncsWithDomain,M :: HNil))) = (Coeff(Init(AtCoord(FuncsWithDomain,M :: HNil)))) * (P₀(Wrap(left-multiply) ∈ AtCoord(FuncsWithDomain,M :: HNil)))
(P₁(Wrap(left-multiply) ∈ AtCoord(FuncsWithDomain,M :: HNil))) = (P₁(left-multiply ∈ Terms)) / (P₁({Terms ∈ Restrict(FuncWithDom(M))}))
(P₁(left-multiply ∈ Terms)) = (Coeff(Init(Terms))) * (P₀(left-multiply ∈ Terms))
(P₁(Wrap(left-multiply) ∈ Funcs)) = (Coeff(Init(Funcs))) * (P₀(Wrap(left-multiply) ∈ Funcs))
(P₁(Wrap(left-multiply) ∈ Funcs)) = (P₁(left-multiply ∈ Terms)) / (P₁({Terms ∈ Restrict(FuncOpt)}))
(P₁(((mul) (m)) (n) ∈ AtCoord(TermsWithTyp,M :: HNil))) = (P₁(((mul) (m)) (n) ∈ Terms)) / (P₁({Terms ∈ Filter(WithTyp(typ))}))
(P₁(((mul) (m)) (n) ∈ AtCoord(TermsWithTyp,M :: HNil))) = (Coeff(Init(AtCoord(TermsWithTyp,M :: HNil)))) * (P₀(((mul) (m)) (n) ∈ AtCoord(TermsWithTyp,M :: HNil)))
Weights of terms and types:
P₁((left-multiply) (((mul) (m)) (n)) ∈ Terms) -> 0.016270597645731934
P₁(((mul) (m)) (n) ∈ Terms) -> 0.08837517523251155
P₁((mul) (m) ∈ Terms) -> 0.0
P₁(m ∈ Terms) -> 0.08837517523251155
P₁(n ∈ Terms) -> 0.08837517523251155
P₁(left-multiply ∈ Terms) -> 0.08837517523251155

Lemma: (`b : M ) ~> ((`c : M ) ~> ((((eqM) (`b)) (`c)) → (((eqM) (((mul) (`b)) (m))) (((mul) (`c)) (m)))))
Traced back equations:
(P₁((right-multiply) (m) ∈ Terms)) = ((Coeff(FiberProductMap(typeOf(_),FuncsWithDomain,FlipAppn,Terms,Terms))) * (P₁(m ∈ Terms))) * (P₁(Wrap(right-multiply) ∈ AtCoord(FuncsWithDomain,M :: HNil)))
(P₁((right-multiply) (m) ∈ Terms)) = ((Coeff(FiberProductMap(domOf,TermsWithTyp,Appln,Funcs,Terms))) * (P₁(Wrap(right-multiply) ∈ Funcs))) * (P₁(m ∈ AtCoord(TermsWithTyp,M :: HNil)))
(P₁((right-multiply) (m) ∈ Terms)) = ((Coeff(ZipMapOpt(UnifApplnOpt,Funcs,Terms,Terms))) * (P₁(Wrap(right-multiply) ∈ Funcs))) * (P₁(m ∈ Terms))
(P₁((right-multiply) (m) ∈ Terms)) = (Coeff(Init(Terms))) * (P₀((right-multiply) (m) ∈ Terms))
(P₁(m ∈ Terms)) = (Coeff(Init(Terms))) * (P₀(m ∈ Terms))
(P₁(Wrap(right-multiply) ∈ AtCoord(FuncsWithDomain,M :: HNil))) = (Coeff(Init(AtCoord(FuncsWithDomain,M :: HNil)))) * (P₀(Wrap(right-multiply) ∈ AtCoord(FuncsWithDomain,M :: HNil)))
(P₁(Wrap(right-multiply) ∈ AtCoord(FuncsWithDomain,M :: HNil))) = (P₁(right-multiply ∈ Terms)) / (P₁({Terms ∈ Restrict(FuncWithDom(M))}))
(P₁(right-multiply ∈ Terms)) = (Coeff(Init(Terms))) * (P₀(right-multiply ∈ Terms))
(P₁(Wrap(right-multiply) ∈ Funcs)) = (Coeff(Init(Funcs))) * (P₀(Wrap(right-multiply) ∈ Funcs))
(P₁(Wrap(right-multiply) ∈ Funcs)) = (P₁(right-multiply ∈ Terms)) / (P₁({Terms ∈ Restrict(FuncOpt)}))
(P₁(m ∈ AtCoord(TermsWithTyp,M :: HNil))) = (P₁(m ∈ Terms)) / (P₁({Terms ∈ Filter(WithTyp(typ))}))
(P₁(m ∈ AtCoord(TermsWithTyp,M :: HNil))) = (Coeff(Init(AtCoord(TermsWithTyp,M :: HNil)))) * (P₀(m ∈ AtCoord(TermsWithTyp,M :: HNil)))
Weights of terms and types:
P₁((right-multiply) (m) ∈ Terms) -> 0.016270597645731934
P₁(m ∈ Terms) -> 0.08837517523251155
P₁(right-multiply ∈ Terms) -> 0.08837517523251155


2020.06.26 06:46:14 [INFO] provingground.learning.HoTTBot.$anonfun:1229:28 - Terms in base (used with tangents above): 1
Type: (`a : M ) ~> ((`b : M ) ~> ((`c : M ) ~> ((((eqM) (`a)) (`b)) → ((((eqM) (`b)) (`c)) → (((eqM) (`a)) (`c)))))); best term: trans with weight 0.45000000000000007
2020.06.26 06:46:14 [INFO] provingground.learning.HoTTBot.$anonfun:1241:28 - Lemmas in base for mixin (used with tangents above): 3
Type: ((eqM) (((mul) (((mul) (m)) (n))) (n))) (m); best term: ((ass1) (m)) (n) with weight 0.09114656135389602
Type: ((eqM) (((mul) (((mul) (m)) (n))) (((mul) (((mul) (m)) (n))) (n)))) (n); best term: ((ass2) (((mul) (m)) (n))) (n) with weight 0.0202355433962171
Type: ((eqM) (((mul) (((mul) (((mul) (m)) (n))) (m))) (m))) (((mul) (m)) (n)); best term: ((ass1) (((mul) (m)) (n))) (m) with weight 0.019499036808838258
2020.06.26 06:46:14 [INFO] provingground.learning.HoTTBot.$anonfun:1248:28 - Inference by unified applications, triples and weights (for this base state)
(0.45000000000000007, 0.0, 0.0) for ((`a : M ) ~> ((`b : M ) ~> ((`c : M ) ~> ((((eqM) (`a)) (`b)) → ((((eqM) (`b)) (`c)) → (((eqM) (`a)) (`c)))))), ((eqM) (n)) (((mul) (((mul) (m)) (n))) (((mul) (((mul) (m)) (n))) (n))), (`$afm : M ) ~> ((((eqM) (((mul) (((mul) (m)) (n))) (((mul) (((mul) (m)) (n))) (n)))) (`$afm)) → (((eqM) (n)) (`$afm))))
(0.0, 0.0, 0.0) for ((`$afm : M ) ~> ((((eqM) (((mul) (((mul) (m)) (n))) (((mul) (((mul) (m)) (n))) (n)))) (`$afm)) → (((eqM) (n)) (`$afm))), ((eqM) (((mul) (((mul) (m)) (n))) (((mul) (((mul) (m)) (n))) (n)))) (((mul) (((mul) (m)) (n))) (m)), ((eqM) (n)) (((mul) (((mul) (m)) (n))) (m)))
(0.0, 0.040700000848968604, 0.0) for ((`b : M ) ~> ((`c : M ) ~> ((((eqM) (`b)) (`c)) → (((eqM) (((mul) (((mul) (m)) (n))) (`b))) (((mul) (((mul) (m)) (n))) (`c))))), ((eqM) (((mul) (((mul) (m)) (n))) (n))) (m), ((eqM) (((mul) (((mul) (m)) (n))) (((mul) (((mul) (m)) (n))) (n)))) (((mul) (((mul) (m)) (n))) (m)))
(0.0, 0.0, 0.0) for ((`b : M ) ~> ((`c : M ) ~> ((((eqM) (`b)) (`c)) → (((eqM) (((mul) (`b)) (m))) (((mul) (`c)) (m))))), ((eqM) (n)) (((mul) (((mul) (m)) (n))) (m)), ((eqM) (((mul) (n)) (m))) (((mul) (((mul) (((mul) (m)) (n))) (m))) (m)))

2020.06.26 06:46:17 [INFO] provingground.learning.HoTTBot.$anonfun:1267:28 - Tracing back equations and values for steps
Lemma: (`a : M ) ~> ((`b : M ) ~> ((`c : M ) ~> ((((eqM) (`a)) (`b)) → ((((eqM) (`b)) (`c)) → (((eqM) (`a)) (`c))))))
Traced back equations:
(P₁(trans ∈ Terms)) = (Coeff(Init(Terms))) * (P₀(trans ∈ Terms))
Weights of terms and types:
P₁(trans ∈ Terms) -> 0.45000000000000007

Lemma: (`$afm : M ) ~> ((((eqM) (((mul) (((mul) (m)) (n))) (((mul) (((mul) (m)) (n))) (n)))) (`$afm)) → (((eqM) (n)) (`$afm)))
Traced back equations:

Weights of terms and types:


Lemma: (`b : M ) ~> ((`c : M ) ~> ((((eqM) (`b)) (`c)) → (((eqM) (((mul) (((mul) (m)) (n))) (`b))) (((mul) (((mul) (m)) (n))) (`c)))))
Traced back equations:
(P₁((left-multiply) (((mul) (m)) (n)) ∈ Terms)) = ((Coeff(FiberProductMap(typeOf(_),FuncsWithDomain,FlipAppn,Terms,Terms))) * (P₁(((mul) (m)) (n) ∈ Terms))) * (P₁(Wrap(left-multiply) ∈ AtCoord(FuncsWithDomain,M :: HNil)))
(P₁((left-multiply) (((mul) (m)) (n)) ∈ Terms)) = ((Coeff(ZipMapOpt(UnifApplnOpt,Funcs,Terms,Terms))) * (P₁(Wrap(left-multiply) ∈ Funcs))) * (P₁(((mul) (m)) (n) ∈ Terms))
(P₁((left-multiply) (((mul) (m)) (n)) ∈ Terms)) = (Coeff(Init(Terms))) * (P₀((left-multiply) (((mul) (m)) (n)) ∈ Terms))
(P₁((left-multiply) (((mul) (m)) (n)) ∈ Terms)) = ((Coeff(FiberProductMap(domOf,TermsWithTyp,Appln,Funcs,Terms))) * (P₁(Wrap(left-multiply) ∈ Funcs))) * (P₁(((mul) (m)) (n) ∈ AtCoord(TermsWithTyp,M :: HNil)))
(P₁(((mul) (m)) (n) ∈ Terms)) = ((Coeff(FiberProductMap(domOf,TermsWithTyp,Appln,Funcs,Terms))) * (P₁(Wrap((mul) (m)) ∈ Funcs))) * (P₁(n ∈ AtCoord(TermsWithTyp,M :: HNil)))
(P₁(((mul) (m)) (n) ∈ Terms)) = ((Coeff(ZipMapOpt(UnifApplnOpt,Funcs,Terms,Terms))) * (P₁(Wrap((mul) (m)) ∈ Funcs))) * (P₁(n ∈ Terms))
(P₁(((mul) (m)) (n) ∈ Terms)) = ((Coeff(FiberProductMap(typeOf(_),FuncsWithDomain,FlipAppn,Terms,Terms))) * (P₁(n ∈ Terms))) * (P₁(Wrap((mul) (m)) ∈ AtCoord(FuncsWithDomain,M :: HNil)))
(P₁(((mul) (m)) (n) ∈ Terms)) = (Coeff(Init(Terms))) * (P₀(((mul) (m)) (n) ∈ Terms))
(P₁(Wrap((mul) (m)) ∈ Funcs)) = (P₁((mul) (m) ∈ Terms)) / (P₁({Terms ∈ Restrict(FuncOpt)}))
(P₁((mul) (m) ∈ Terms)) = ((Coeff(FiberProductMap(domOf,TermsWithTyp,Appln,Funcs,Terms))) * (P₁(Wrap(mul) ∈ Funcs))) * (P₁(m ∈ AtCoord(TermsWithTyp,M :: HNil)))
(P₁((mul) (m) ∈ Terms)) = (Coeff(Init(Terms))) * (P₀((mul) (m) ∈ Terms))
(P₁((mul) (m) ∈ Terms)) = ((Coeff(FiberProductMap(typeOf(_),FuncsWithDomain,FlipAppn,Terms,Terms))) * (P₁(m ∈ Terms))) * (P₁(Wrap(mul) ∈ AtCoord(FuncsWithDomain,M :: HNil)))
(P₁((mul) (m) ∈ Terms)) = ((Coeff(ZipMapOpt(UnifApplnOpt,Funcs,Terms,Terms))) * (P₁(Wrap(mul) ∈ Funcs))) * (P₁(m ∈ Terms))
(P₁(n ∈ AtCoord(TermsWithTyp,M :: HNil))) = (P₁(n ∈ Terms)) / (P₁({Terms ∈ Filter(WithTyp(typ))}))
(P₁(n ∈ AtCoord(TermsWithTyp,M :: HNil))) = (Coeff(Init(AtCoord(TermsWithTyp,M :: HNil)))) * (P₀(n ∈ AtCoord(TermsWithTyp,M :: HNil)))
(P₁(n ∈ Terms)) = (Coeff(Init(Terms))) * (P₀(n ∈ Terms))
(P₁(Wrap((mul) (m)) ∈ AtCoord(FuncsWithDomain,M :: HNil))) = (P₁((mul) (m) ∈ Terms)) / (P₁({Terms ∈ Restrict(FuncWithDom(M))}))
(P₁(Wrap(left-multiply) ∈ AtCoord(FuncsWithDomain,M :: HNil))) = (P₁(left-multiply ∈ Terms)) / (P₁({Terms ∈ Restrict(FuncWithDom(M))}))
(P₁(left-multiply ∈ Terms)) = (Coeff(Init(Terms))) * (P₀(left-multiply ∈ Terms))
(P₁(Wrap(left-multiply) ∈ Funcs)) = (Coeff(Init(Funcs))) * (P₀(Wrap(left-multiply) ∈ Funcs))
(P₁(Wrap(left-multiply) ∈ Funcs)) = (P₁(left-multiply ∈ Terms)) / (P₁({Terms ∈ Restrict(FuncOpt)}))
(P₁(((mul) (m)) (n) ∈ AtCoord(TermsWithTyp,M :: HNil))) = (P₁(((mul) (m)) (n) ∈ Terms)) / (P₁({Terms ∈ Filter(WithTyp(typ))}))
(P₁(((mul) (m)) (n) ∈ AtCoord(TermsWithTyp,M :: HNil))) = (Coeff(Init(AtCoord(TermsWithTyp,M :: HNil)))) * (P₀(((mul) (m)) (n) ∈ AtCoord(TermsWithTyp,M :: HNil)))
Weights of terms and types:
P₁((left-multiply) (((mul) (m)) (n)) ∈ Terms) -> 0.0
P₁(((mul) (m)) (n) ∈ Terms) -> 0.0
P₁((mul) (m) ∈ Terms) -> 0.0
P₁(m ∈ Terms) -> 0.0
P₁(n ∈ Terms) -> 0.0
P₁(left-multiply ∈ Terms) -> 0.0

Lemma: (`b : M ) ~> ((`c : M ) ~> ((((eqM) (`b)) (`c)) → (((eqM) (((mul) (`b)) (m))) (((mul) (`c)) (m)))))
Traced back equations:
(P₁((right-multiply) (m) ∈ Terms)) = ((Coeff(FiberProductMap(typeOf(_),FuncsWithDomain,FlipAppn,Terms,Terms))) * (P₁(m ∈ Terms))) * (P₁(Wrap(right-multiply) ∈ AtCoord(FuncsWithDomain,M :: HNil)))
(P₁((right-multiply) (m) ∈ Terms)) = ((Coeff(FiberProductMap(domOf,TermsWithTyp,Appln,Funcs,Terms))) * (P₁(Wrap(right-multiply) ∈ Funcs))) * (P₁(m ∈ AtCoord(TermsWithTyp,M :: HNil)))
(P₁((right-multiply) (m) ∈ Terms)) = ((Coeff(ZipMapOpt(UnifApplnOpt,Funcs,Terms,Terms))) * (P₁(Wrap(right-multiply) ∈ Funcs))) * (P₁(m ∈ Terms))
(P₁((right-multiply) (m) ∈ Terms)) = (Coeff(Init(Terms))) * (P₀((right-multiply) (m) ∈ Terms))
(P₁(m ∈ Terms)) = (Coeff(Init(Terms))) * (P₀(m ∈ Terms))
(P₁(Wrap(right-multiply) ∈ AtCoord(FuncsWithDomain,M :: HNil))) = (P₁(right-multiply ∈ Terms)) / (P₁({Terms ∈ Restrict(FuncWithDom(M))}))
(P₁(right-multiply ∈ Terms)) = (Coeff(Init(Terms))) * (P₀(right-multiply ∈ Terms))
(P₁(Wrap(right-multiply) ∈ Funcs)) = (Coeff(Init(Funcs))) * (P₀(Wrap(right-multiply) ∈ Funcs))
(P₁(Wrap(right-multiply) ∈ Funcs)) = (P₁(right-multiply ∈ Terms)) / (P₁({Terms ∈ Restrict(FuncOpt)}))
(P₁(m ∈ AtCoord(TermsWithTyp,M :: HNil))) = (P₁(m ∈ Terms)) / (P₁({Terms ∈ Filter(WithTyp(typ))}))
(P₁(m ∈ AtCoord(TermsWithTyp,M :: HNil))) = (Coeff(Init(AtCoord(TermsWithTyp,M :: HNil)))) * (P₀(m ∈ AtCoord(TermsWithTyp,M :: HNil)))
Weights of terms and types:
P₁((right-multiply) (m) ∈ Terms) -> 0.0
P₁(m ∈ Terms) -> 0.0
P₁(right-multiply ∈ Terms) -> 0.0


2020.06.26 06:46:17 [INFO] provingground.learning.SimpleEquations.timedUnAppEquations:178:30 - ran for time 2, less than the time limit 2 minutes, with cutoff 1.2800000000000004E-8; running again
2020.06.26 06:46:19 [INFO] provingground.learning.SimpleEquations.timedUnAppEquations:178:30 - ran for time 1, less than the time limit 2 minutes, with cutoff 2.5600000000000007E-9; running again
2020.06.26 06:46:21 [INFO] provingground.learning.SimpleEquations.timedUnAppEquations:178:30 - ran for time 2, less than the time limit 2 minutes, with cutoff 5.120000000000001E-10; running again
2020.06.26 06:46:23 [INFO] provingground.learning.SimpleEquations.timedUnAppEquations:178:30 - ran for time 2, less than the time limit 2 minutes, with cutoff 1.0240000000000002E-10; running again
2020.06.26 06:46:25 [INFO] provingground.learning.SimpleEquations.timedUnAppEquations:178:30 - ran for time 1, less than the time limit 2 minutes, with cutoff 2.0480000000000003E-11; running again
2020.06.26 06:46:25 [INFO] provingground.learning.SimpleEquations.timedUnAppEquations:182:30 - all pairs considered with cutoff 2.0480000000000003E-11
2020.06.26 06:46:27 [INFO] provingground.learning.ErasablePostBuffer.$anon.post:85:22 - Post; tag: TypeTag[provingground.learning.HoTTMessages.GeneratedEquationNodes], id: (15,767292983)
2020.06.26 06:46:27 [INFO] provingground.learning.HoTTBot.scribeLog:1942:16 - Post; tag: TypeTag[provingground.learning.HoTTMessages.GeneratedEquationNodes], id: (15,767292983)
2020.06.26 06:46:27 [INFO] provingground.learning.TypedPostResponse.MicroBot.post:227:18 - triggered response of type TypeTag[provingground.learning.ExpressionEval] to posts of type TypeTag[provingground.learning.HoTTMessages.GeneratedEquationNodes]
2020.06.26 06:46:27 [INFO] provingground.learning.TypedPostResponse.Callback.post:188:18 - triggered callback for type TypeTag[provingground.learning.HoTTMessages.GeneratedEquationNodes]
2020.06.26 06:47:07 [INFO] provingground.learning.PostBuffer.$anon.post:244:22 - Post; tag: TypeTag[provingground.learning.ExpressionEval], id: (16,372168707), content:
provingground.learning.ExpressionEval$$anon$2@162ed803
2020.06.26 06:47:07 [INFO] provingground.learning.HoTTBot.scribeLog:1942:16 - Post; tag: TypeTag[provingground.learning.ExpressionEval], id: (16,372168707)
2020.06.26 06:47:07 [INFO] provingground.learning.TypedPostResponse.MicroBot.post:227:18 - triggered response of type TypeTag[provingground.learning.HoTTMessages.FinalState] to posts of type TypeTag[provingground.learning.ExpressionEval]
2020.06.26 06:47:07 [INFO] provingground.learning.HoTTBot.expEvToFinalState:474:26 - computing final state
2020.06.26 06:47:07 [INFO] provingground.learning.TypedPostResponse.Callback.post:188:18 - triggered callback for type TypeTag[provingground.learning.ExpressionEval]
2020.06.26 06:47:09 [INFO] provingground.learning.ExprCalc.stableVec:643:46 - completed 2 steps
2020.06.26 06:47:12 [INFO] provingground.learning.ErasablePostBuffer.$anon.post:85:22 - Post; tag: TypeTag[provingground.learning.HoTTMessages.FinalState], id: (17,209762951)
2020.06.26 06:47:12 [INFO] provingground.learning.HoTTBot.scribeLog:1942:16 - Post; tag: TypeTag[provingground.learning.HoTTMessages.FinalState], id: (17,209762951)
2020.06.26 06:47:13 [INFO] provingground.learning.TypedPostResponse.MicroBot.post:227:18 - triggered response of type TypeTag[provingground.learning.HoTTMessages.Lemmas] to posts of type TypeTag[provingground.learning.HoTTMessages.FinalState]
2020.06.26 06:47:13 [INFO] provingground.learning.TypedPostResponse.Callback.post:188:18 - triggered callback for type TypeTag[provingground.learning.HoTTMessages.FinalState]
2020.06.26 06:47:13 [INFO] provingground.learning.TypedPostResponse.Callback.post:188:18 - triggered callback for type TypeTag[provingground.learning.HoTTMessages.FinalState]
2020.06.26 06:47:13 [INFO] provingground.learning.TypedPostResponse.Callback.post:188:18 - triggered callback for type TypeTag[provingground.learning.HoTTMessages.FinalState]
2020.06.26 06:47:35 [INFO] provingground.learning.ExprCalc.stableVec:643:46 - completed 2 steps
2020.06.26 06:47:53 [INFO] provingground.learning.HoTTBot.$anonfun:378:26 - Results: 5
Lemma: ((eqM) (((mul) (((mul) (m)) (n))) (n))) (m); best proof: ((ass1) (m)) (n) with weight 2.565980368125865E-4; statement weight 1.871203887165631E-5
Lemma: ((eqM) (((mul) (((mul) (m)) (n))) (((mul) (((mul) (m)) (n))) (n)))) (n); best proof: ((ass2) (((mul) (m)) (n))) (n) with weight 2.5757607259762927E-4; statement weight 6.015493085387075E-8
Lemma: ((eqM) (n)) (((mul) (((mul) (m)) (n))) (((mul) (((mul) (m)) (n))) (n))); best proof: (((sym) (((mul) (((mul) (m)) (n))) (((mul) (((mul) (m)) (n))) (n)))) (n)) (((ass2) (((mul) (m)) (n))) (n)) with weight 3.6357335767957786E-6; statement weight 6.143877824764005E-8
Lemma: ((eqM) (((mul) (((mul) (m)) (n))) (((mul) (((mul) (m)) (n))) (n)))) (((mul) (((mul) (m)) (n))) (m)); best proof: ((((left-multiply) (((mul) (m)) (n))) (((mul) (((mul) (m)) (n))) (n))) (m)) (((ass1) (m)) (n)) with weight 1.5966674388756185E-7; statement weight 2.2332562602499821E-10
Lemma: ((eqM) (((mul) (((mul) (((mul) (m)) (n))) (m))) (m))) (((mul) (m)) (n)); best proof: ((ass1) (((mul) (m)) (n))) (m) with weight 2.5757607259762927E-4; statement weight 5.2078036146675147E-8
2020.06.26 06:47:59 [INFO] provingground.learning.HoTTBot.$anonfun:378:26 - Steps (in final state): 3
Lemma: (`a : M ) ~> ((`b : M ) ~> ((`c : M ) ~> ((((eqM) (`a)) (`b)) → ((((eqM) (`b)) (`c)) → (((eqM) (`a)) (`c)))))); best proof: trans with weight 0.05649437698358171; statement weight 5.944062904839253E-12
Lemma: (`b : M ) ~> ((`c : M ) ~> ((((eqM) (`b)) (`c)) → (((eqM) (((mul) (((mul) (m)) (n))) (`b))) (((mul) (((mul) (m)) (n))) (`c))))); best proof: (left-multiply) (((mul) (m)) (n)) with weight 0.005971859364160798; statement weight 4.561625690383875E-13
Lemma: (`b : M ) ~> ((`c : M ) ~> ((((eqM) (`b)) (`c)) → (((eqM) (((mul) (`b)) (m))) (((mul) (`c)) (m))))); best proof: (right-multiply) (m) with weight 0.005949184168104393; statement weight 4.5358737659944094E-13
2020.06.26 06:48:04 [INFO] provingground.learning.ErasablePostBuffer.$anon.post:85:22 - Post; tag: TypeTag[provingground.learning.HoTTMessages.Lemmas], id: (18,-1173733910)
2020.06.26 06:48:04 [INFO] provingground.learning.HoTTBot.scribeLog:1942:16 - Post; tag: TypeTag[provingground.learning.HoTTMessages.Lemmas], id: (18,-1173733910)
2020.06.26 06:48:04 [INFO] provingground.learning.TypedPostResponse.MicroBot.post:227:18 - triggered response of type TypeTag[(provingground.learning.HoTTMessages.UsedLemmas :: provingground.learning.HoTTMessages.TangentLemmas :: shapeless.HNil) :: provingground.learning.HoTTMessages.BaseMixinLemmas :: shapeless.HNil] to posts of type TypeTag[provingground.learning.HoTTMessages.Lemmas]
2020.06.26 06:48:04 [INFO] provingground.learning.HoTTBot.$anonfun:904:24 - excluded lemmas:

2020.06.26 06:48:04 [INFO] provingground.learning.ErasablePostBuffer.$anon.post:85:22 - Post; tag: TypeTag[provingground.learning.HoTTMessages.UsedLemmas], id: (19,-334754299)
2020.06.26 06:48:04 [INFO] provingground.learning.ErasablePostBuffer.$anon.post:85:22 - Post; tag: TypeTag[provingground.learning.HoTTMessages.TangentLemmas], id: (20,-1514984774)
2020.06.26 06:48:04 [INFO] provingground.learning.ErasablePostBuffer.$anon.post:85:22 - Post; tag: TypeTag[provingground.learning.HoTTMessages.BaseMixinLemmas], id: (21,1200301437)
2020.06.26 06:48:04 [INFO] provingground.learning.TypedPostResponse.DualMiniBot.post:384:20 - triggered (multiple) responses of type TypeTag[provingground.learning.HoTTMessages.TangentBaseState] to posts of type TypeTag[provingground.learning.HoTTMessages.BaseMixinLemmas]
2020.06.26 06:48:04 [INFO] provingground.learning.HoTTBot.scribeLog:1942:16 - Post; tag: TypeTag[provingground.learning.HoTTMessages.BaseMixinLemmas], id: (21,1200301437)
2020.06.26 06:48:23 [INFO] provingground.learning.TypedPostResponse.DualMiniBot.taskNest:389:32 - launching 1 branches
2020.06.26 06:48:23 [INFO] provingground.learning.HoTTBot.$anonfun:1011:22 - previous special init states are 2
2020.06.26 06:48:23 [INFO] provingground.learning.TypedPostResponse.DualMiniBot.$anonfun:394:36 - launching 2 responses  of type TypeTag[provingground.learning.HoTTMessages.TangentBaseState] in branch
2020.06.26 06:53:20 [INFO] provingground.learning.ExprCalc.stableVec:643:46 - completed 2 steps
2020.06.26 06:53:20 [INFO] provingground.learning.ExprCalc.stableVec:643:46 - completed 2 steps
2020.06.26 06:53:48 [INFO] provingground.learning.ErasablePostBuffer.$anon.post:85:22 - Post; tag: TypeTag[provingground.learning.HoTTMessages.TangentBaseState], id: (22,-450463441)
2020.06.26 06:53:48 [INFO] provingground.learning.TypedPostResponse.DualMiniBot.$anonfun.applyOrElse:399:44 - remaining 1 responses of type TypeTag[provingground.learning.HoTTMessages.TangentBaseState]
2020.06.26 06:53:53 [INFO] provingground.learning.ErasablePostBuffer.$anon.post:85:22 - Post; tag: TypeTag[provingground.learning.HoTTMessages.TangentBaseState], id: (23,1526556128)
2020.06.26 06:53:53 [INFO] provingground.learning.TypedPostResponse.DualMiniBot.$anonfun.applyOrElse:399:44 - remaining 0 responses of type TypeTag[provingground.learning.HoTTMessages.TangentBaseState]
2020.06.26 06:53:53 [INFO] provingground.learning.PostBuffer.$anon.post:244:22 - Post; tag: TypeTag[provingground.learning.HoTTMessages.TangentBaseCompleted.type], id: (24,-1666923435), content:
TangentBaseCompleted
2020.06.26 06:53:53 [INFO] provingground.learning.HoTTBot.scribeLog:1942:16 - Post; tag: TypeTag[provingground.learning.HoTTMessages.TangentBaseCompleted.type], id: (24,-1666923435)
2020.06.26 06:53:53 [INFO] provingground.learning.TypedPostResponse.MicroBot.post:227:18 - triggered response of type TypeTag[provingground.learning.HoTTMessages.GeneratedEquationNodes] to posts of type TypeTag[provingground.learning.HoTTMessages.TangentBaseCompleted.type]
2020.06.26 06:53:53 [INFO] provingground.learning.TypedPostResponse.Callback.post:188:18 - triggered callback for type TypeTag[provingground.learning.HoTTMessages.TangentBaseCompleted.type]
2020.06.26 06:53:55 [INFO] provingground.learning.SimpleEquations.timedUnAppEquations:178:30 - ran for time 0, less than the time limit 2 minutes, with cutoff 0.001; running again
2020.06.26 06:53:55 [INFO] provingground.learning.SimpleEquations.timedUnAppEquations:178:30 - ran for time 0, less than the time limit 2 minutes, with cutoff 0.001; running again
2020.06.26 06:53:56 [INFO] provingground.learning.SimpleEquations.timedUnAppEquations:178:30 - ran for time 0, less than the time limit 2 minutes, with cutoff 2.0E-4; running again
2020.06.26 06:53:56 [INFO] provingground.learning.SimpleEquations.timedUnAppEquations:178:30 - ran for time 1, less than the time limit 2 minutes, with cutoff 2.0E-4; running again
2020.06.26 06:53:58 [INFO] provingground.learning.SimpleEquations.timedUnAppEquations:178:30 - ran for time 2, less than the time limit 2 minutes, with cutoff 4.0E-5; running again
2020.06.26 06:53:59 [INFO] provingground.learning.SimpleEquations.timedUnAppEquations:178:30 - ran for time 3, less than the time limit 2 minutes, with cutoff 4.0E-5; running again
2020.06.26 06:54:01 [INFO] provingground.learning.SimpleEquations.timedUnAppEquations:178:30 - ran for time 2, less than the time limit 2 minutes, with cutoff 8.000000000000001E-6; running again
2020.06.26 06:54:06 [INFO] provingground.learning.SimpleEquations.timedUnAppEquations:178:30 - ran for time 6, less than the time limit 2 minutes, with cutoff 8.000000000000001E-6; running again
2020.06.26 06:54:08 [INFO] provingground.learning.SimpleEquations.timedUnAppEquations:178:30 - ran for time 6, less than the time limit 2 minutes, with cutoff 1.6000000000000004E-6; running again
2020.06.26 06:54:15 [INFO] provingground.learning.SimpleEquations.timedUnAppEquations:178:30 - ran for time 9, less than the time limit 2 minutes, with cutoff 1.6000000000000004E-6; running again
2020.06.26 06:54:17 [INFO] provingground.learning.SimpleEquations.timedUnAppEquations:178:30 - ran for time 9, less than the time limit 2 minutes, with cutoff 3.2000000000000006E-7; running again
2020.06.26 06:54:28 [INFO] provingground.learning.SimpleEquations.timedUnAppEquations:178:30 - ran for time 12, less than the time limit 2 minutes, with cutoff 3.2000000000000006E-7; running again
2020.06.26 06:54:31 [INFO] provingground.learning.SimpleEquations.timedUnAppEquations:178:30 - ran for time 13, less than the time limit 2 minutes, with cutoff 6.400000000000002E-8; running again
2020.06.26 06:54:44 [INFO] provingground.learning.HoTTBot.$anonfun:1207:26 - generating equations with 2 base states and 294 lemmas (before pruning)
2020.06.26 06:54:44 [INFO] provingground.learning.HoTTBot.$anonfun:1215:26 - Tangent lemmas (used with bases below): 5
(((eqM) (((mul) (((mul) (m)) (n))) (n))) (m),0.0019023250043913482)
(((eqM) (((mul) (((mul) (m)) (n))) (((mul) (((mul) (m)) (n))) (n)))) (n),3.414132136422497E-5)
(((eqM) (n)) (((mul) (((mul) (m)) (n))) (((mul) (((mul) (m)) (n))) (n))),5.049952416727228E-4)
(((eqM) (((mul) (((mul) (m)) (n))) (((mul) (((mul) (m)) (n))) (n)))) (((mul) (((mul) (m)) (n))) (m)),7.517409716603833E-5)
(((eqM) (((mul) (((mul) (((mul) (m)) (n))) (m))) (m))) (((mul) (m)) (n)),3.086374927356086E-5)
2020.06.26 06:54:44 [INFO] provingground.learning.HoTTBot.$anonfun:1229:28 - Terms in base (used with tangents above): 2
Type: (`b : M ) ~> ((`c : M ) ~> ((((eqM) (`b)) (`c)) → (((eqM) (((mul) (((mul) (m)) (n))) (`b))) (((mul) (((mul) (m)) (n))) (`c))))); best term: (left-multiply) (((mul) (m)) (n)) with weight 0.014686056891822131
Type: (`b : M ) ~> ((`c : M ) ~> ((((eqM) (`b)) (`c)) → (((eqM) (((mul) (`b)) (m))) (((mul) (`c)) (m))))); best term: (right-multiply) (m) with weight 0.014686039470995445
2020.06.26 06:54:44 [INFO] provingground.learning.HoTTBot.$anonfun:1241:28 - Lemmas in base for mixin (used with tangents above): 5
Type: ((eqM) (((mul) (((mul) (m)) (n))) (n))) (m); best term: ((ass1) (m)) (n) with weight 0.009279700601667187
Type: ((eqM) (((mul) (((mul) (m)) (n))) (((mul) (((mul) (m)) (n))) (n)))) (n); best term: ((ass2) (((mul) (m)) (n))) (n) with weight 0.0016839595707925838
Type: ((eqM) (n)) (((mul) (((mul) (m)) (n))) (((mul) (((mul) (m)) (n))) (n))); best term: (((sym) (((mul) (((mul) (m)) (n))) (((mul) (((mul) (m)) (n))) (n)))) (n)) (((ass2) (((mul) (m)) (n))) (n)) with weight 0.0052375041070770395
Type: ((eqM) (((mul) (((mul) (m)) (n))) (((mul) (((mul) (m)) (n))) (n)))) (((mul) (((mul) (m)) (n))) (m)); best term: ((((left-multiply) (((mul) (m)) (n))) (((mul) (((mul) (m)) (n))) (n))) (m)) (((ass1) (m)) (n)) with weight 0.002315271469460844
Type: ((eqM) (((mul) (((mul) (((mul) (m)) (n))) (m))) (m))) (((mul) (m)) (n)); best term: ((ass1) (((mul) (m)) (n))) (m) with weight 0.0015809124953228364
2020.06.26 06:54:44 [INFO] provingground.learning.HoTTBot.$anonfun:1248:28 - Inference by unified applications, triples and weights (for this base state)
(0.0, 5.049952416727228E-4, 0.0) for ((`a : M ) ~> ((`b : M ) ~> ((`c : M ) ~> ((((eqM) (`a)) (`b)) → ((((eqM) (`b)) (`c)) → (((eqM) (`a)) (`c)))))), ((eqM) (n)) (((mul) (((mul) (m)) (n))) (((mul) (((mul) (m)) (n))) (n))), (`$afm : M ) ~> ((((eqM) (((mul) (((mul) (m)) (n))) (((mul) (((mul) (m)) (n))) (n)))) (`$afm)) → (((eqM) (n)) (`$afm))))
(0.0, 7.517409716603833E-5, 0.0) for ((`$afm : M ) ~> ((((eqM) (((mul) (((mul) (m)) (n))) (((mul) (((mul) (m)) (n))) (n)))) (`$afm)) → (((eqM) (n)) (`$afm))), ((eqM) (((mul) (((mul) (m)) (n))) (((mul) (((mul) (m)) (n))) (n)))) (((mul) (((mul) (m)) (n))) (m)), ((eqM) (n)) (((mul) (((mul) (m)) (n))) (m)))
(0.014686056891822131, 0.0019023250043913482, 2.7937653241227126E-5) for ((`b : M ) ~> ((`c : M ) ~> ((((eqM) (`b)) (`c)) → (((eqM) (((mul) (((mul) (m)) (n))) (`b))) (((mul) (((mul) (m)) (n))) (`c))))), ((eqM) (((mul) (((mul) (m)) (n))) (n))) (m), ((eqM) (((mul) (((mul) (m)) (n))) (((mul) (((mul) (m)) (n))) (n)))) (((mul) (((mul) (m)) (n))) (m)))
(0.014686039470995445, 0.0, 0.0) for ((`b : M ) ~> ((`c : M ) ~> ((((eqM) (`b)) (`c)) → (((eqM) (((mul) (`b)) (m))) (((mul) (`c)) (m))))), ((eqM) (n)) (((mul) (((mul) (m)) (n))) (m)), ((eqM) (((mul) (n)) (m))) (((mul) (((mul) (((mul) (m)) (n))) (m))) (m)))

2020.06.26 06:54:44 [INFO] provingground.learning.SimpleEquations.timedUnAppEquations:178:30 - ran for time 16, less than the time limit 2 minutes, with cutoff 6.400000000000002E-8; running again
2020.06.26 06:54:45 [INFO] provingground.learning.SimpleEquations.timedUnAppEquations:178:30 - ran for time 14, less than the time limit 2 minutes, with cutoff 1.2800000000000004E-8; running again
2020.06.26 06:55:05 [INFO] provingground.learning.SimpleEquations.timedUnAppEquations:178:30 - ran for time 20, less than the time limit 2 minutes, with cutoff 2.5600000000000007E-9; running again
2020.06.26 06:55:13 [INFO] provingground.learning.SimpleEquations.timedUnAppEquations:178:30 - ran for time 28, less than the time limit 2 minutes, with cutoff 1.2800000000000004E-8; running again
2020.06.26 06:55:18 [INFO] provingground.learning.SimpleEquations.timedUnAppEquations:178:30 - ran for time 12, less than the time limit 2 minutes, with cutoff 5.120000000000001E-10; running again
2020.06.26 06:55:37 [INFO] provingground.learning.SimpleEquations.timedUnAppEquations:178:30 - ran for time 18, less than the time limit 2 minutes, with cutoff 1.0240000000000002E-10; running again
2020.06.26 06:55:42 [INFO] provingground.learning.SimpleEquations.timedUnAppEquations:178:30 - ran for time 29, less than the time limit 2 minutes, with cutoff 2.5600000000000007E-9; running again
2020.06.26 06:55:47 [INFO] provingground.learning.SimpleEquations.timedUnAppEquations:178:30 - ran for time 10, less than the time limit 2 minutes, with cutoff 2.0480000000000003E-11; running again
2020.06.26 06:55:58 [INFO] provingground.learning.SimpleEquations.timedUnAppEquations:178:30 - ran for time 10, less than the time limit 2 minutes, with cutoff 4.096E-12; running again
2020.06.26 06:56:06 [INFO] provingground.learning.HoTTBot.$anonfun:1267:28 - Tracing back equations and values for steps
Lemma: (`a : M ) ~> ((`b : M ) ~> ((`c : M ) ~> ((((eqM) (`a)) (`b)) → ((((eqM) (`b)) (`c)) → (((eqM) (`a)) (`c))))))
Traced back equations:
(P₁(trans ∈ Terms)) = (Coeff(Init(Terms))) * (P₀(trans ∈ Terms))
Weights of terms and types:
P₁(trans ∈ Terms) -> 0.0

Lemma: (`$afm : M ) ~> ((((eqM) (((mul) (((mul) (m)) (n))) (((mul) (((mul) (m)) (n))) (n)))) (`$afm)) → (((eqM) (n)) (`$afm)))
Traced back equations:

Weights of terms and types:


Lemma: (`b : M ) ~> ((`c : M ) ~> ((((eqM) (`b)) (`c)) → (((eqM) (((mul) (((mul) (m)) (n))) (`b))) (((mul) (((mul) (m)) (n))) (`c)))))
Traced back equations:
(P₁((left-multiply) (((mul) (m)) (n)) ∈ Terms)) = ((Coeff(FiberProductMap(typeOf(_),FuncsWithDomain,FlipAppn,Terms,Terms))) * (P₁(((mul) (m)) (n) ∈ Terms))) * (P₁(Wrap(left-multiply) ∈ AtCoord(FuncsWithDomain,M :: HNil)))
(P₁((left-multiply) (((mul) (m)) (n)) ∈ Terms)) = ((Coeff(ZipMapOpt(UnifApplnOpt,Funcs,Terms,Terms))) * (P₁(Wrap(left-multiply) ∈ Funcs))) * (P₁(((mul) (m)) (n) ∈ Terms))
(P₁((left-multiply) (((mul) (m)) (n)) ∈ Terms)) = (Coeff(Init(Terms))) * (P₀((left-multiply) (((mul) (m)) (n)) ∈ Terms))
(P₁((left-multiply) (((mul) (m)) (n)) ∈ Terms)) = ((Coeff(FiberProductMap(domOf,TermsWithTyp,Appln,Funcs,Terms))) * (P₁(Wrap(left-multiply) ∈ Funcs))) * (P₁(((mul) (m)) (n) ∈ AtCoord(TermsWithTyp,M :: HNil)))
(P₁(((mul) (m)) (n) ∈ Terms)) = ((Coeff(FiberProductMap(domOf,TermsWithTyp,Appln,Funcs,Terms))) * (P₁(Wrap((mul) (m)) ∈ Funcs))) * (P₁(n ∈ AtCoord(TermsWithTyp,M :: HNil)))
(P₁(((mul) (m)) (n) ∈ Terms)) = ((Coeff(ZipMapOpt(UnifApplnOpt,Funcs,Terms,Terms))) * (P₁(Wrap((mul) (m)) ∈ Funcs))) * (P₁(n ∈ Terms))
(P₁(((mul) (m)) (n) ∈ Terms)) = ((Coeff(FiberProductMap(typeOf(_),FuncsWithDomain,FlipAppn,Terms,Terms))) * (P₁(n ∈ Terms))) * (P₁(Wrap((mul) (m)) ∈ AtCoord(FuncsWithDomain,M :: HNil)))
(P₁(((mul) (m)) (n) ∈ Terms)) = (Coeff(Init(Terms))) * (P₀(((mul) (m)) (n) ∈ Terms))
(P₁(Wrap((mul) (m)) ∈ Funcs)) = (P₁((mul) (m) ∈ Terms)) / (P₁({Terms ∈ Restrict(FuncOpt)}))
(P₁((mul) (m) ∈ Terms)) = ((Coeff(FiberProductMap(domOf,TermsWithTyp,Appln,Funcs,Terms))) * (P₁(Wrap(mul) ∈ Funcs))) * (P₁(m ∈ AtCoord(TermsWithTyp,M :: HNil)))
(P₁((mul) (m) ∈ Terms)) = (Coeff(Init(Terms))) * (P₀((mul) (m) ∈ Terms))
(P₁((mul) (m) ∈ Terms)) = ((Coeff(FiberProductMap(typeOf(_),FuncsWithDomain,FlipAppn,Terms,Terms))) * (P₁(m ∈ Terms))) * (P₁(Wrap(mul) ∈ AtCoord(FuncsWithDomain,M :: HNil)))
(P₁((mul) (m) ∈ Terms)) = ((Coeff(ZipMapOpt(UnifApplnOpt,Funcs,Terms,Terms))) * (P₁(Wrap(mul) ∈ Funcs))) * (P₁(m ∈ Terms))
(P₁(n ∈ AtCoord(TermsWithTyp,M :: HNil))) = (P₁(n ∈ Terms)) / (P₁({Terms ∈ Filter(WithTyp(typ))}))
(P₁(n ∈ AtCoord(TermsWithTyp,M :: HNil))) = (Coeff(Init(AtCoord(TermsWithTyp,M :: HNil)))) * (P₀(n ∈ AtCoord(TermsWithTyp,M :: HNil)))
(P₁(n ∈ Terms)) = (Coeff(Init(Terms))) * (P₀(n ∈ Terms))
(P₁(Wrap((mul) (m)) ∈ AtCoord(FuncsWithDomain,M :: HNil))) = (P₁((mul) (m) ∈ Terms)) / (P₁({Terms ∈ Restrict(FuncWithDom(M))}))
(P₁(Wrap(left-multiply) ∈ AtCoord(FuncsWithDomain,M :: HNil))) = (Coeff(Init(AtCoord(FuncsWithDomain,M :: HNil)))) * (P₀(Wrap(left-multiply) ∈ AtCoord(FuncsWithDomain,M :: HNil)))
(P₁(Wrap(left-multiply) ∈ AtCoord(FuncsWithDomain,M :: HNil))) = (P₁(left-multiply ∈ Terms)) / (P₁({Terms ∈ Restrict(FuncWithDom(M))}))
(P₁(left-multiply ∈ Terms)) = (Coeff(Init(Terms))) * (P₀(left-multiply ∈ Terms))
(P₁(Wrap(left-multiply) ∈ Funcs)) = (Coeff(Init(Funcs))) * (P₀(Wrap(left-multiply) ∈ Funcs))
(P₁(Wrap(left-multiply) ∈ Funcs)) = (P₁(left-multiply ∈ Terms)) / (P₁({Terms ∈ Restrict(FuncOpt)}))
(P₁(((mul) (m)) (n) ∈ AtCoord(TermsWithTyp,M :: HNil))) = (P₁(((mul) (m)) (n) ∈ Terms)) / (P₁({Terms ∈ Filter(WithTyp(typ))}))
(P₁(((mul) (m)) (n) ∈ AtCoord(TermsWithTyp,M :: HNil))) = (Coeff(Init(AtCoord(TermsWithTyp,M :: HNil)))) * (P₀(((mul) (m)) (n) ∈ AtCoord(TermsWithTyp,M :: HNil)))
Weights of terms and types:
P₁((left-multiply) (((mul) (m)) (n)) ∈ Terms) -> 0.014686056891822131
P₁(((mul) (m)) (n) ∈ Terms) -> 0.09772534061444456
P₁((mul) (m) ∈ Terms) -> 0.0
P₁(m ∈ Terms) -> 0.09772534061444456
P₁(n ∈ Terms) -> 0.09772534061444456
P₁(left-multiply ∈ Terms) -> 0.09772534061444456

Lemma: (`b : M ) ~> ((`c : M ) ~> ((((eqM) (`b)) (`c)) → (((eqM) (((mul) (`b)) (m))) (((mul) (`c)) (m)))))
Traced back equations:
(P₁((right-multiply) (m) ∈ Terms)) = ((Coeff(FiberProductMap(typeOf(_),FuncsWithDomain,FlipAppn,Terms,Terms))) * (P₁(m ∈ Terms))) * (P₁(Wrap(right-multiply) ∈ AtCoord(FuncsWithDomain,M :: HNil)))
(P₁((right-multiply) (m) ∈ Terms)) = ((Coeff(FiberProductMap(domOf,TermsWithTyp,Appln,Funcs,Terms))) * (P₁(Wrap(right-multiply) ∈ Funcs))) * (P₁(m ∈ AtCoord(TermsWithTyp,M :: HNil)))
(P₁((right-multiply) (m) ∈ Terms)) = ((Coeff(ZipMapOpt(UnifApplnOpt,Funcs,Terms,Terms))) * (P₁(Wrap(right-multiply) ∈ Funcs))) * (P₁(m ∈ Terms))
(P₁((right-multiply) (m) ∈ Terms)) = (Coeff(Init(Terms))) * (P₀((right-multiply) (m) ∈ Terms))
(P₁(m ∈ Terms)) = (Coeff(Init(Terms))) * (P₀(m ∈ Terms))
(P₁(Wrap(right-multiply) ∈ AtCoord(FuncsWithDomain,M :: HNil))) = (Coeff(Init(AtCoord(FuncsWithDomain,M :: HNil)))) * (P₀(Wrap(right-multiply) ∈ AtCoord(FuncsWithDomain,M :: HNil)))
(P₁(Wrap(right-multiply) ∈ AtCoord(FuncsWithDomain,M :: HNil))) = (P₁(right-multiply ∈ Terms)) / (P₁({Terms ∈ Restrict(FuncWithDom(M))}))
(P₁(right-multiply ∈ Terms)) = (Coeff(Init(Terms))) * (P₀(right-multiply ∈ Terms))
(P₁(Wrap(right-multiply) ∈ Funcs)) = (Coeff(Init(Funcs))) * (P₀(Wrap(right-multiply) ∈ Funcs))
(P₁(Wrap(right-multiply) ∈ Funcs)) = (P₁(right-multiply ∈ Terms)) / (P₁({Terms ∈ Restrict(FuncOpt)}))
(P₁(m ∈ AtCoord(TermsWithTyp,M :: HNil))) = (P₁(m ∈ Terms)) / (P₁({Terms ∈ Filter(WithTyp(typ))}))
(P₁(m ∈ AtCoord(TermsWithTyp,M :: HNil))) = (Coeff(Init(AtCoord(TermsWithTyp,M :: HNil)))) * (P₀(m ∈ AtCoord(TermsWithTyp,M :: HNil)))
Weights of terms and types:
P₁((right-multiply) (m) ∈ Terms) -> 0.014686039470995445
P₁(m ∈ Terms) -> 0.09772534061444456
P₁(right-multiply ∈ Terms) -> 0.09772534061444456


2020.06.26 06:56:06 [INFO] provingground.learning.HoTTBot.$anonfun:1229:28 - Terms in base (used with tangents above): 1
Type: (`a : M ) ~> ((`b : M ) ~> ((`c : M ) ~> ((((eqM) (`a)) (`b)) → ((((eqM) (`b)) (`c)) → (((eqM) (`a)) (`c)))))); best term: trans with weight 0.4702136096817541
2020.06.26 06:56:06 [INFO] provingground.learning.HoTTBot.$anonfun:1241:28 - Lemmas in base for mixin (used with tangents above): 5
Type: ((eqM) (((mul) (((mul) (m)) (n))) (n))) (m); best term: ((ass1) (m)) (n) with weight 0.009886803589090621
Type: ((eqM) (((mul) (((mul) (m)) (n))) (((mul) (((mul) (m)) (n))) (n)))) (n); best term: ((ass2) (((mul) (m)) (n))) (n) with weight 0.0017650959175670702
Type: ((eqM) (n)) (((mul) (((mul) (m)) (n))) (((mul) (((mul) (m)) (n))) (n))); best term: (((sym) (((mul) (((mul) (m)) (n))) (((mul) (((mul) (m)) (n))) (n)))) (n)) (((ass2) (((mul) (m)) (n))) (n)) with weight 0.005600152646471065
Type: ((eqM) (((mul) (((mul) (m)) (n))) (((mul) (((mul) (m)) (n))) (n)))) (((mul) (((mul) (m)) (n))) (m)); best term: ((((left-multiply) (((mul) (m)) (n))) (((mul) (((mul) (m)) (n))) (n))) (m)) (((ass1) (m)) (n)) with weight 0.0024757537322823544
Type: ((eqM) (((mul) (((mul) (((mul) (m)) (n))) (m))) (m))) (((mul) (m)) (n)); best term: ((ass1) (((mul) (m)) (n))) (m) with weight 0.0016903760099316201
2020.06.26 06:56:06 [INFO] provingground.learning.HoTTBot.$anonfun:1248:28 - Inference by unified applications, triples and weights (for this base state)
(0.4702136096817541, 5.049952416727228E-4, 2.3745563545904074E-4) for ((`a : M ) ~> ((`b : M ) ~> ((`c : M ) ~> ((((eqM) (`a)) (`b)) → ((((eqM) (`b)) (`c)) → (((eqM) (`a)) (`c)))))), ((eqM) (n)) (((mul) (((mul) (m)) (n))) (((mul) (((mul) (m)) (n))) (n))), (`$afm : M ) ~> ((((eqM) (((mul) (((mul) (m)) (n))) (((mul) (((mul) (m)) (n))) (n)))) (`$afm)) → (((eqM) (n)) (`$afm))))
(0.0, 7.517409716603833E-5, 0.0) for ((`$afm : M ) ~> ((((eqM) (((mul) (((mul) (m)) (n))) (((mul) (((mul) (m)) (n))) (n)))) (`$afm)) → (((eqM) (n)) (`$afm))), ((eqM) (((mul) (((mul) (m)) (n))) (((mul) (((mul) (m)) (n))) (n)))) (((mul) (((mul) (m)) (n))) (m)), ((eqM) (n)) (((mul) (((mul) (m)) (n))) (m)))
(0.0, 0.0019023250043913482, 0.0) for ((`b : M ) ~> ((`c : M ) ~> ((((eqM) (`b)) (`c)) → (((eqM) (((mul) (((mul) (m)) (n))) (`b))) (((mul) (((mul) (m)) (n))) (`c))))), ((eqM) (((mul) (((mul) (m)) (n))) (n))) (m), ((eqM) (((mul) (((mul) (m)) (n))) (((mul) (((mul) (m)) (n))) (n)))) (((mul) (((mul) (m)) (n))) (m)))
(0.0, 0.0, 0.0) for ((`b : M ) ~> ((`c : M ) ~> ((((eqM) (`b)) (`c)) → (((eqM) (((mul) (`b)) (m))) (((mul) (`c)) (m))))), ((eqM) (n)) (((mul) (((mul) (m)) (n))) (m)), ((eqM) (((mul) (n)) (m))) (((mul) (((mul) (((mul) (m)) (n))) (m))) (m)))

2020.06.26 06:56:09 [INFO] provingground.learning.SimpleEquations.timedUnAppEquations:178:30 - ran for time 10, less than the time limit 2 minutes, with cutoff 8.192000000000001E-13; running again
2020.06.26 06:56:09 [INFO] provingground.learning.SimpleEquations.timedUnAppEquations:182:30 - all pairs considered with cutoff 8.192000000000001E-13
2020.06.26 06:56:12 [INFO] provingground.learning.SimpleEquations.timedUnAppEquations:178:30 - ran for time 30, less than the time limit 2 minutes, with cutoff 5.120000000000001E-10; running again
2020.06.26 06:56:25 [INFO] provingground.learning.HoTTBot.$anonfun:1267:28 - Tracing back equations and values for steps
Lemma: (`a : M ) ~> ((`b : M ) ~> ((`c : M ) ~> ((((eqM) (`a)) (`b)) → ((((eqM) (`b)) (`c)) → (((eqM) (`a)) (`c))))))
Traced back equations:
(P₁(trans ∈ Terms)) = (Coeff(Init(Terms))) * (P₀(trans ∈ Terms))
Weights of terms and types:
P₁(trans ∈ Terms) -> 0.4702136096817541

Lemma: (`$afm : M ) ~> ((((eqM) (((mul) (((mul) (m)) (n))) (((mul) (((mul) (m)) (n))) (n)))) (`$afm)) → (((eqM) (n)) (`$afm)))
Traced back equations:

Weights of terms and types:


Lemma: (`b : M ) ~> ((`c : M ) ~> ((((eqM) (`b)) (`c)) → (((eqM) (((mul) (((mul) (m)) (n))) (`b))) (((mul) (((mul) (m)) (n))) (`c)))))
Traced back equations:
(P₁((left-multiply) (((mul) (m)) (n)) ∈ Terms)) = ((Coeff(FiberProductMap(typeOf(_),FuncsWithDomain,FlipAppn,Terms,Terms))) * (P₁(((mul) (m)) (n) ∈ Terms))) * (P₁(Wrap(left-multiply) ∈ AtCoord(FuncsWithDomain,M :: HNil)))
(P₁((left-multiply) (((mul) (m)) (n)) ∈ Terms)) = ((Coeff(ZipMapOpt(UnifApplnOpt,Funcs,Terms,Terms))) * (P₁(Wrap(left-multiply) ∈ Funcs))) * (P₁(((mul) (m)) (n) ∈ Terms))
(P₁((left-multiply) (((mul) (m)) (n)) ∈ Terms)) = (Coeff(Init(Terms))) * (P₀((left-multiply) (((mul) (m)) (n)) ∈ Terms))
(P₁((left-multiply) (((mul) (m)) (n)) ∈ Terms)) = ((Coeff(FiberProductMap(domOf,TermsWithTyp,Appln,Funcs,Terms))) * (P₁(Wrap(left-multiply) ∈ Funcs))) * (P₁(((mul) (m)) (n) ∈ AtCoord(TermsWithTyp,M :: HNil)))
(P₁(((mul) (m)) (n) ∈ Terms)) = ((Coeff(FiberProductMap(domOf,TermsWithTyp,Appln,Funcs,Terms))) * (P₁(Wrap((mul) (m)) ∈ Funcs))) * (P₁(n ∈ AtCoord(TermsWithTyp,M :: HNil)))
(P₁(((mul) (m)) (n) ∈ Terms)) = ((Coeff(ZipMapOpt(UnifApplnOpt,Funcs,Terms,Terms))) * (P₁(Wrap((mul) (m)) ∈ Funcs))) * (P₁(n ∈ Terms))
(P₁(((mul) (m)) (n) ∈ Terms)) = ((Coeff(FiberProductMap(typeOf(_),FuncsWithDomain,FlipAppn,Terms,Terms))) * (P₁(n ∈ Terms))) * (P₁(Wrap((mul) (m)) ∈ AtCoord(FuncsWithDomain,M :: HNil)))
(P₁(((mul) (m)) (n) ∈ Terms)) = (Coeff(Init(Terms))) * (P₀(((mul) (m)) (n) ∈ Terms))
(P₁(Wrap((mul) (m)) ∈ Funcs)) = (P₁((mul) (m) ∈ Terms)) / (P₁({Terms ∈ Restrict(FuncOpt)}))
(P₁((mul) (m) ∈ Terms)) = ((Coeff(FiberProductMap(domOf,TermsWithTyp,Appln,Funcs,Terms))) * (P₁(Wrap(mul) ∈ Funcs))) * (P₁(m ∈ AtCoord(TermsWithTyp,M :: HNil)))
(P₁((mul) (m) ∈ Terms)) = (Coeff(Init(Terms))) * (P₀((mul) (m) ∈ Terms))
(P₁((mul) (m) ∈ Terms)) = ((Coeff(FiberProductMap(typeOf(_),FuncsWithDomain,FlipAppn,Terms,Terms))) * (P₁(m ∈ Terms))) * (P₁(Wrap(mul) ∈ AtCoord(FuncsWithDomain,M :: HNil)))
(P₁((mul) (m) ∈ Terms)) = ((Coeff(ZipMapOpt(UnifApplnOpt,Funcs,Terms,Terms))) * (P₁(Wrap(mul) ∈ Funcs))) * (P₁(m ∈ Terms))
(P₁(n ∈ AtCoord(TermsWithTyp,M :: HNil))) = (P₁(n ∈ Terms)) / (P₁({Terms ∈ Filter(WithTyp(typ))}))
(P₁(n ∈ AtCoord(TermsWithTyp,M :: HNil))) = (Coeff(Init(AtCoord(TermsWithTyp,M :: HNil)))) * (P₀(n ∈ AtCoord(TermsWithTyp,M :: HNil)))
(P₁(n ∈ Terms)) = (Coeff(Init(Terms))) * (P₀(n ∈ Terms))
(P₁(Wrap((mul) (m)) ∈ AtCoord(FuncsWithDomain,M :: HNil))) = (P₁((mul) (m) ∈ Terms)) / (P₁({Terms ∈ Restrict(FuncWithDom(M))}))
(P₁(Wrap(left-multiply) ∈ AtCoord(FuncsWithDomain,M :: HNil))) = (P₁(left-multiply ∈ Terms)) / (P₁({Terms ∈ Restrict(FuncWithDom(M))}))
(P₁(left-multiply ∈ Terms)) = (Coeff(Init(Terms))) * (P₀(left-multiply ∈ Terms))
(P₁(Wrap(left-multiply) ∈ Funcs)) = (Coeff(Init(Funcs))) * (P₀(Wrap(left-multiply) ∈ Funcs))
(P₁(Wrap(left-multiply) ∈ Funcs)) = (P₁(left-multiply ∈ Terms)) / (P₁({Terms ∈ Restrict(FuncOpt)}))
(P₁(((mul) (m)) (n) ∈ AtCoord(TermsWithTyp,M :: HNil))) = (P₁(((mul) (m)) (n) ∈ Terms)) / (P₁({Terms ∈ Filter(WithTyp(typ))}))
(P₁(((mul) (m)) (n) ∈ AtCoord(TermsWithTyp,M :: HNil))) = (Coeff(Init(AtCoord(TermsWithTyp,M :: HNil)))) * (P₀(((mul) (m)) (n) ∈ AtCoord(TermsWithTyp,M :: HNil)))
Weights of terms and types:
P₁((left-multiply) (((mul) (m)) (n)) ∈ Terms) -> 0.0
P₁(((mul) (m)) (n) ∈ Terms) -> 0.0
P₁((mul) (m) ∈ Terms) -> 0.0
P₁(m ∈ Terms) -> 0.0
P₁(n ∈ Terms) -> 0.0
P₁(left-multiply ∈ Terms) -> 0.0

Lemma: (`b : M ) ~> ((`c : M ) ~> ((((eqM) (`b)) (`c)) → (((eqM) (((mul) (`b)) (m))) (((mul) (`c)) (m)))))
Traced back equations:
(P₁((right-multiply) (m) ∈ Terms)) = ((Coeff(FiberProductMap(typeOf(_),FuncsWithDomain,FlipAppn,Terms,Terms))) * (P₁(m ∈ Terms))) * (P₁(Wrap(right-multiply) ∈ AtCoord(FuncsWithDomain,M :: HNil)))
(P₁((right-multiply) (m) ∈ Terms)) = ((Coeff(FiberProductMap(domOf,TermsWithTyp,Appln,Funcs,Terms))) * (P₁(Wrap(right-multiply) ∈ Funcs))) * (P₁(m ∈ AtCoord(TermsWithTyp,M :: HNil)))
(P₁((right-multiply) (m) ∈ Terms)) = ((Coeff(ZipMapOpt(UnifApplnOpt,Funcs,Terms,Terms))) * (P₁(Wrap(right-multiply) ∈ Funcs))) * (P₁(m ∈ Terms))
(P₁((right-multiply) (m) ∈ Terms)) = (Coeff(Init(Terms))) * (P₀((right-multiply) (m) ∈ Terms))
(P₁(m ∈ Terms)) = (Coeff(Init(Terms))) * (P₀(m ∈ Terms))
(P₁(Wrap(right-multiply) ∈ AtCoord(FuncsWithDomain,M :: HNil))) = (P₁(right-multiply ∈ Terms)) / (P₁({Terms ∈ Restrict(FuncWithDom(M))}))
(P₁(right-multiply ∈ Terms)) = (Coeff(Init(Terms))) * (P₀(right-multiply ∈ Terms))
(P₁(Wrap(right-multiply) ∈ Funcs)) = (Coeff(Init(Funcs))) * (P₀(Wrap(right-multiply) ∈ Funcs))
(P₁(Wrap(right-multiply) ∈ Funcs)) = (P₁(right-multiply ∈ Terms)) / (P₁({Terms ∈ Restrict(FuncOpt)}))
(P₁(m ∈ AtCoord(TermsWithTyp,M :: HNil))) = (P₁(m ∈ Terms)) / (P₁({Terms ∈ Filter(WithTyp(typ))}))
(P₁(m ∈ AtCoord(TermsWithTyp,M :: HNil))) = (Coeff(Init(AtCoord(TermsWithTyp,M :: HNil)))) * (P₀(m ∈ AtCoord(TermsWithTyp,M :: HNil)))
Weights of terms and types:
P₁((right-multiply) (m) ∈ Terms) -> 0.0
P₁(m ∈ Terms) -> 0.0
P₁(right-multiply ∈ Terms) -> 0.0


2020.06.26 06:56:29 [INFO] provingground.learning.SimpleEquations.timedUnAppEquations:178:30 - ran for time 16, less than the time limit 2 minutes, with cutoff 1.0240000000000002E-10; running again
2020.06.26 06:56:43 [INFO] provingground.learning.SimpleEquations.timedUnAppEquations:178:30 - ran for time 13, less than the time limit 2 minutes, with cutoff 2.0480000000000003E-11; running again
2020.06.26 06:56:57 [INFO] provingground.learning.SimpleEquations.timedUnAppEquations:178:30 - ran for time 14, less than the time limit 2 minutes, with cutoff 4.096E-12; running again
2020.06.26 06:57:11 [INFO] provingground.learning.SimpleEquations.timedUnAppEquations:178:30 - ran for time 14, less than the time limit 2 minutes, with cutoff 8.192000000000001E-13; running again
2020.06.26 06:57:11 [INFO] provingground.learning.SimpleEquations.timedUnAppEquations:182:30 - all pairs considered with cutoff 8.192000000000001E-13
2020.06.26 06:57:12 [INFO] provingground.learning.ErasablePostBuffer.$anon.post:85:22 - Post; tag: TypeTag[provingground.learning.HoTTMessages.GeneratedEquationNodes], id: (25,1296818273)
2020.06.26 06:57:12 [INFO] provingground.learning.HoTTBot.scribeLog:1942:16 - Post; tag: TypeTag[provingground.learning.HoTTMessages.GeneratedEquationNodes], id: (25,1296818273)
2020.06.26 06:57:12 [INFO] provingground.learning.TypedPostResponse.MicroBot.post:227:18 - triggered response of type TypeTag[provingground.learning.ExpressionEval] to posts of type TypeTag[provingground.learning.HoTTMessages.GeneratedEquationNodes]
2020.06.26 06:57:12 [INFO] provingground.learning.TypedPostResponse.Callback.post:188:18 - triggered callback for type TypeTag[provingground.learning.HoTTMessages.GeneratedEquationNodes]
