2020.06.25 09:20:25 [ERROR] provingground.learning.ExprCalc.stableVec:599:25 - Timeout for stable vector after 7418 steps
2020.06.25 10:11:27 [ERROR] provingground.learning.ExprCalc.stableVec:599:25 - Timeout for stable vector after 5701 steps
2020.06.25 11:26:59 [ERROR] provingground.learning.ExprCalc.stableVec:599:25 - Timeout for stable vector after 5653 steps
2020.06.25 13:32:41 [ERROR] provingground.learning.ExprCalc.stableVec:607:25 - Timeout for stable vector after 5636 steps
2020.06.25 13:32:41 [ERROR] provingground.learning.ExpressionEval.GenerateTyps.finalTyps:343:27 - NaN for some types before normalizing
2020.06.25 14:01:08 [ERROR] provingground.learning.ExprCalc.stableVec:607:25 - Timeout for stable vector after 5641 steps
2020.06.25 14:01:08 [ERROR] provingground.learning.ExpressionEval.GenerateTyps.finalTyps:343:27 - NaN for some types before normalizing
2020.06.25 15:34:27 [ERROR] provingground.learning.ExprCalc.nextVec:588:31 - Geometric mean of -1.4000000000000044 and 0.030624999999999993 with exponent 0.5 is not a number
2020.06.25 15:34:27 [ERROR] provingground.learning.ExprCalc.nextVec:588:31 - Geometric mean of -1.4000000000000044 and 0.030624999999999993 with exponent 0.5 is not a number
2020.06.25 15:34:27 [ERROR] provingground.learning.ExprCalc.nextVec:588:31 - Geometric mean of -1.4000000000000044 and 0.030624999999999993 with exponent 0.5 is not a number
2020.06.25 15:34:27 [ERROR] provingground.learning.ExprCalc.nextVec:588:31 - Geometric mean of -1.4000000000000044 and 0.030624999999999993 with exponent 0.5 is not a number
2020.06.25 15:34:27 [ERROR] provingground.learning.ExprCalc.nextVec:588:31 - Geometric mean of -1.4000000000000044 and 0.030624999999999993 with exponent 0.5 is not a number
2020.06.25 15:34:27 [ERROR] provingground.learning.ExprCalc.nextVec:588:31 - Geometric mean of -1.4000000000000044 and 0.030624999999999993 with exponent 0.5 is not a number
2020.06.25 15:34:27 [ERROR] provingground.learning.ExprCalc.nextVec:588:31 - Geometric mean of -0.021749999999999825 and 0.0580947501931115 with exponent 0.5 is not a number
2020.06.25 15:34:27 [ERROR] provingground.learning.ExprCalc.nextVec:588:31 - Geometric mean of -1.4000000000000046 and 0.021437499999999995 with exponent 0.5 is not a number
2020.06.25 15:34:27 [ERROR] provingground.learning.ExprCalc.nextVec:588:31 - Geometric mean of -0.005240277777777764 and 0.021437499999999995 with exponent 0.5 is not a number
2020.06.25 15:34:27 [ERROR] provingground.learning.ExprCalc.nextVec:588:31 - Geometric mean of -1.4000000000000046 and 0.021437499999999995 with exponent 0.5 is not a number
2020.06.25 15:34:27 [ERROR] provingground.learning.ExprCalc.nextVec:588:31 - Geometric mean of -0.005240277777777764 and 0.021437499999999995 with exponent 0.5 is not a number
2020.06.25 15:34:27 [ERROR] provingground.learning.ExprCalc.nextVec:588:31 - Geometric mean of -0.08311326313320588 and 0.04547007599012631 with exponent 0.5 is not a number
2020.06.25 15:34:27 [ERROR] provingground.learning.ExprCalc.nextVec:588:31 - Geometric mean of -1.4000000000000046 and 0.021437499999999995 with exponent 0.5 is not a number
2020.06.25 15:34:27 [ERROR] provingground.learning.ExprCalc.nextVec:588:31 - Geometric mean of -0.06362837006567315 and 0.08944921252510825 with exponent 0.5 is not a number
2020.06.25 15:34:27 [ERROR] provingground.learning.ExprCalc.nextVec:588:31 - Geometric mean of -1.4000000000000046 and 0.021437499999999995 with exponent 0.5 is not a number
2020.06.25 15:34:27 [ERROR] provingground.learning.ExprCalc.nextVec:588:31 - Geometric mean of -0.01522499999999985 and 0.040666325135178115 with exponent 0.5 is not a number
2020.06.25 15:34:27 [ERROR] provingground.learning.ExprCalc.nextVec:588:31 - Geometric mean of -1.4000000000000046 and 0.021437499999999995 with exponent 0.5 is not a number
2020.06.25 15:34:27 [ERROR] provingground.learning.ExprCalc.nextVec:588:31 - Geometric mean of -1.4000000000000046 and 0.021437499999999995 with exponent 0.5 is not a number
2020.06.25 15:34:27 [ERROR] provingground.learning.ExprCalc.nextVec:588:31 - Geometric mean of -0.07448437604861598 and 0.060877768093709046 with exponent 0.5 is not a number
2020.06.25 15:34:27 [ERROR] provingground.learning.ExprCalc.nextVec:588:31 - Geometric mean of -0.003668194444444429 and 0.015006249999999995 with exponent 0.5 is not a number
2020.06.25 15:34:27 [ERROR] provingground.learning.ExprCalc.nextVec:588:31 - Geometric mean of -0.003668194444444429 and 0.015006249999999995 with exponent 0.5 is not a number
2020.06.25 15:34:27 [ERROR] provingground.learning.ExprCalc.nextVec:588:31 - Geometric mean of -0.07018917854485227 and 0.06154660768149037 with exponent 0.5 is not a number
2020.06.25 15:34:27 [ERROR] provingground.learning.ExprCalc.nextVec:588:31 - Geometric mean of -0.07018917854485232 and 0.06154660768149037 with exponent 0.5 is not a number
2020.06.25 15:34:28 [ERROR] provingground.learning.ExprCalc.nextVec:588:31 - Geometric mean of -0.08000633621822097 and 0.030815387260327936 with exponent 0.5 is not a number
2020.06.25 15:34:28 [ERROR] provingground.learning.ExprCalc.nextVec:588:31 - Geometric mean of -0.08000633621822097 and 0.030815387260327936 with exponent 0.5 is not a number
2020.06.25 15:34:28 [ERROR] provingground.learning.ExprCalc.nextVec:588:31 - Geometric mean of -0.08430153372198465 and 0.030143771454316168 with exponent 0.5 is not a number
2020.06.25 15:34:28 [ERROR] provingground.learning.ExprCalc.nextVec:588:31 - Geometric mean of -0.0011266852500898456 and 1.6450839328537178E-4 with exponent 0.5 is not a number
2020.06.25 15:34:28 [ERROR] provingground.learning.ExprCalc.nextVec:588:31 - Geometric mean of -0.0011266852500898456 and 1.6450839328537178E-4 with exponent 0.5 is not a number
2020.06.25 15:34:28 [ERROR] provingground.learning.ExprCalc.nextVec:588:31 - Geometric mean of -0.0011266852500898456 and 1.6450839328537178E-4 with exponent 0.5 is not a number
2020.06.25 15:34:28 [ERROR] provingground.learning.ExprCalc.nextVec:588:31 - Geometric mean of -0.020114559722477665 and 0.038847991096499716 with exponent 0.5 is not a number
2020.06.25 15:34:28 [ERROR] provingground.learning.ExprCalc.nextVec:588:31 - Geometric mean of -0.01947219319630933 and 0.03884799109649972 with exponent 0.5 is not a number
2020.06.25 15:34:28 [ERROR] provingground.learning.ExprCalc.nextVec:588:31 - Geometric mean of -0.003364307125357128 and 0.005465468685582884 with exponent 0.5 is not a number
2020.06.25 15:34:28 [ERROR] provingground.learning.ExprCalc.nextVec:588:31 - Geometric mean of -0.01947219319630933 and 0.038847991096499716 with exponent 0.5 is not a number
2020.06.25 15:34:28 [ERROR] provingground.learning.ExprCalc.nextVec:588:31 - Geometric mean of -0.24446893915284262 and 0.07197636670800606 with exponent 0.5 is not a number
2020.06.25 15:34:28 [ERROR] provingground.learning.ExprCalc.nextVec:588:31 - Geometric mean of -0.02224423284816309 and 0.024317722283016496 with exponent 0.5 is not a number
2020.06.25 15:34:28 [ERROR] provingground.learning.ExprCalc.nextVec:588:31 - Geometric mean of -0.0036522038798460447 and 0.00442378506568271 with exponent 0.5 is not a number
2020.06.25 15:34:28 [ERROR] provingground.learning.ExprCalc.nextVec:588:31 - Geometric mean of -0.008739473147478954 and 0.0033135444805822705 with exponent 0.5 is not a number
2020.06.25 15:34:28 [ERROR] provingground.learning.ExprCalc.nextVec:588:31 - Geometric mean of -0.004643528339796187 and 0.0019616538037390157 with exponent 0.5 is not a number
2020.06.25 15:34:28 [ERROR] provingground.learning.ExprCalc.nextVec:588:31 - Geometric mean of -0.0036522038798460447 and 0.00442378506568271 with exponent 0.5 is not a number
2020.06.25 15:34:28 [ERROR] provingground.learning.ExprCalc.nextVec:588:31 - Geometric mean of -0.0036522038798460447 and 0.00442378506568271 with exponent 0.5 is not a number
2020.06.25 15:34:28 [ERROR] provingground.learning.ExprCalc.nextVec:588:31 - Geometric mean of -0.0036522038798460447 and 0.00442378506568271 with exponent 0.5 is not a number
2020.06.25 15:34:28 [ERROR] provingground.learning.ExprCalc.nextVec:588:31 - Geometric mean of -0.008739473147478954 and 0.0033135444805822705 with exponent 0.5 is not a number
2020.06.25 15:34:28 [ERROR] provingground.learning.ExprCalc.nextVec:588:31 - Geometric mean of -0.16892647878792255 and 0.3328073535634554 with exponent 0.5 is not a number
2020.06.25 15:34:29 [ERROR] provingground.learning.ExprCalc.nextVec:588:31 - Geometric mean of -0.0037892274394858184 and 0.009128457267225925 with exponent 0.5 is not a number
2020.06.25 15:42:45 [ERROR] provingground.learning.ExprCalc.stableVec:630:25 - Timeout for stable vector after 5434 steps
2020.06.25 15:42:45 [ERROR] provingground.learning.ExpressionEval.GenerateTyps.finalTyps:343:27 - NaN for some types before normalizing
2020.06.25 16:17:59 [ERROR] provingground.learning.ExprCalc.nextVec:588:31 - Geometric mean of -1.4000000000000044 and 0.030624999999999993 with exponent 0.5 is not a number
2020.06.25 16:17:59 [ERROR] provingground.learning.ExprCalc.nextVec:588:31 - Geometric mean of -1.4000000000000044 and 0.030624999999999993 with exponent 0.5 is not a number
2020.06.25 16:17:59 [ERROR] provingground.learning.ExprCalc.nextVec:588:31 - Geometric mean of -1.4000000000000044 and 0.030624999999999993 with exponent 0.5 is not a number
2020.06.25 16:17:59 [ERROR] provingground.learning.ExprCalc.nextVec:588:31 - Geometric mean of -1.4000000000000044 and 0.030624999999999993 with exponent 0.5 is not a number
2020.06.25 16:17:59 [ERROR] provingground.learning.ExprCalc.nextVec:588:31 - Geometric mean of -1.4000000000000044 and 0.030624999999999993 with exponent 0.5 is not a number
2020.06.25 16:17:59 [ERROR] provingground.learning.ExprCalc.nextVec:588:31 - Geometric mean of -1.4000000000000044 and 0.030624999999999993 with exponent 0.5 is not a number
2020.06.25 16:17:59 [ERROR] provingground.learning.ExprCalc.nextVec:588:31 - Geometric mean of -0.021749999999999825 and 0.0580947501931115 with exponent 0.5 is not a number
2020.06.25 16:17:59 [ERROR] provingground.learning.ExprCalc.nextVec:588:31 - Geometric mean of -1.4000000000000046 and 0.021437499999999995 with exponent 0.5 is not a number
2020.06.25 16:17:59 [ERROR] provingground.learning.ExprCalc.nextVec:588:31 - Geometric mean of -0.005240277777777764 and 0.021437499999999995 with exponent 0.5 is not a number
2020.06.25 16:17:59 [ERROR] provingground.learning.ExprCalc.nextVec:588:31 - Geometric mean of -1.4000000000000046 and 0.021437499999999995 with exponent 0.5 is not a number
2020.06.25 16:17:59 [ERROR] provingground.learning.ExprCalc.nextVec:588:31 - Geometric mean of -0.005240277777777764 and 0.021437499999999995 with exponent 0.5 is not a number
2020.06.25 16:17:59 [ERROR] provingground.learning.ExprCalc.nextVec:588:31 - Geometric mean of -0.08311326313320588 and 0.04547007599012631 with exponent 0.5 is not a number
2020.06.25 16:17:59 [ERROR] provingground.learning.ExprCalc.nextVec:588:31 - Geometric mean of -1.4000000000000046 and 0.021437499999999995 with exponent 0.5 is not a number
2020.06.25 16:17:59 [ERROR] provingground.learning.ExprCalc.nextVec:588:31 - Geometric mean of -0.06362837006567315 and 0.08944921252510825 with exponent 0.5 is not a number
2020.06.25 16:17:59 [ERROR] provingground.learning.ExprCalc.nextVec:588:31 - Geometric mean of -1.4000000000000046 and 0.021437499999999995 with exponent 0.5 is not a number
2020.06.25 16:17:59 [ERROR] provingground.learning.ExprCalc.nextVec:588:31 - Geometric mean of -0.01522499999999985 and 0.040666325135178115 with exponent 0.5 is not a number
2020.06.25 16:17:59 [ERROR] provingground.learning.ExprCalc.nextVec:588:31 - Geometric mean of -1.4000000000000046 and 0.021437499999999995 with exponent 0.5 is not a number
2020.06.25 16:17:59 [ERROR] provingground.learning.ExprCalc.nextVec:588:31 - Geometric mean of -1.4000000000000046 and 0.021437499999999995 with exponent 0.5 is not a number
2020.06.25 16:17:59 [ERROR] provingground.learning.ExprCalc.nextVec:588:31 - Geometric mean of -0.07448437604861598 and 0.060877768093709046 with exponent 0.5 is not a number
2020.06.25 16:17:59 [ERROR] provingground.learning.ExprCalc.nextVec:588:31 - Geometric mean of -0.003668194444444429 and 0.015006249999999995 with exponent 0.5 is not a number
2020.06.25 16:17:59 [ERROR] provingground.learning.ExprCalc.nextVec:588:31 - Geometric mean of -0.003668194444444429 and 0.015006249999999995 with exponent 0.5 is not a number
2020.06.25 16:18:00 [ERROR] provingground.learning.ExprCalc.nextVec:588:31 - Geometric mean of -0.07018917854485227 and 0.06154660768149037 with exponent 0.5 is not a number
2020.06.25 16:18:00 [ERROR] provingground.learning.ExprCalc.nextVec:588:31 - Geometric mean of -0.07018917854485232 and 0.06154660768149037 with exponent 0.5 is not a number
2020.06.25 16:18:00 [ERROR] provingground.learning.ExprCalc.nextVec:588:31 - Geometric mean of -0.08000633621822097 and 0.030815387260327936 with exponent 0.5 is not a number
2020.06.25 16:18:00 [ERROR] provingground.learning.ExprCalc.nextVec:588:31 - Geometric mean of -0.08000633621822097 and 0.030815387260327936 with exponent 0.5 is not a number
2020.06.25 16:18:00 [ERROR] provingground.learning.ExprCalc.nextVec:588:31 - Geometric mean of -0.08430153372198465 and 0.030143771454316168 with exponent 0.5 is not a number
2020.06.25 16:18:00 [ERROR] provingground.learning.ExprCalc.nextVec:588:31 - Geometric mean of -0.0011266852500898456 and 1.6450839328537178E-4 with exponent 0.5 is not a number
2020.06.25 16:18:00 [ERROR] provingground.learning.ExprCalc.nextVec:588:31 - Geometric mean of -0.0011266852500898456 and 1.6450839328537178E-4 with exponent 0.5 is not a number
2020.06.25 16:18:00 [ERROR] provingground.learning.ExprCalc.nextVec:588:31 - Geometric mean of -0.0011266852500898456 and 1.6450839328537178E-4 with exponent 0.5 is not a number
2020.06.25 16:18:00 [ERROR] provingground.learning.ExprCalc.nextVec:588:31 - Geometric mean of -0.020114559722477665 and 0.038847991096499716 with exponent 0.5 is not a number
2020.06.25 16:18:00 [ERROR] provingground.learning.ExprCalc.nextVec:588:31 - Geometric mean of -0.01947219319630933 and 0.03884799109649972 with exponent 0.5 is not a number
2020.06.25 16:18:00 [ERROR] provingground.learning.ExprCalc.nextVec:588:31 - Geometric mean of -0.003364307125357128 and 0.005465468685582884 with exponent 0.5 is not a number
2020.06.25 16:18:00 [ERROR] provingground.learning.ExprCalc.nextVec:588:31 - Geometric mean of -0.01947219319630933 and 0.038847991096499716 with exponent 0.5 is not a number
2020.06.25 16:18:00 [ERROR] provingground.learning.ExprCalc.nextVec:588:31 - Geometric mean of -0.24446893915284262 and 0.07197636670800606 with exponent 0.5 is not a number
2020.06.25 16:18:00 [ERROR] provingground.learning.ExprCalc.nextVec:588:31 - Geometric mean of -0.02224423284816309 and 0.024317722283016496 with exponent 0.5 is not a number
2020.06.25 16:18:00 [ERROR] provingground.learning.ExprCalc.nextVec:588:31 - Geometric mean of -0.0036522038798460447 and 0.00442378506568271 with exponent 0.5 is not a number
2020.06.25 16:18:00 [ERROR] provingground.learning.ExprCalc.nextVec:588:31 - Geometric mean of -0.008739473147478954 and 0.0033135444805822705 with exponent 0.5 is not a number
2020.06.25 16:18:00 [ERROR] provingground.learning.ExprCalc.nextVec:588:31 - Geometric mean of -0.004643528339796187 and 0.0019616538037390157 with exponent 0.5 is not a number
2020.06.25 16:18:00 [ERROR] provingground.learning.ExprCalc.nextVec:588:31 - Geometric mean of -0.0036522038798460447 and 0.00442378506568271 with exponent 0.5 is not a number
2020.06.25 16:18:00 [ERROR] provingground.learning.ExprCalc.nextVec:588:31 - Geometric mean of -0.0036522038798460447 and 0.00442378506568271 with exponent 0.5 is not a number
2020.06.25 16:18:01 [ERROR] provingground.learning.ExprCalc.nextVec:588:31 - Geometric mean of -0.0036522038798460447 and 0.00442378506568271 with exponent 0.5 is not a number
2020.06.25 16:18:01 [ERROR] provingground.learning.ExprCalc.nextVec:588:31 - Geometric mean of -0.008739473147478954 and 0.0033135444805822705 with exponent 0.5 is not a number
2020.06.25 16:18:01 [ERROR] provingground.learning.ExprCalc.nextVec:588:31 - Geometric mean of -0.16892647878792255 and 0.3328073535634554 with exponent 0.5 is not a number
2020.06.25 16:18:01 [ERROR] provingground.learning.ExprCalc.nextVec:588:31 - Geometric mean of -0.0037892274394858184 and 0.009128457267225925 with exponent 0.5 is not a number
2020.06.25 16:26:17 [ERROR] provingground.learning.ExprCalc.stableVec:630:25 - Timeout for stable vector after 5388 steps
2020.06.25 16:26:17 [ERROR] provingground.learning.ExpressionEval.GenerateTyps.finalTyps:343:27 - NaN for some types before normalizing
2020.06.25 16:51:22 [ERROR] provingground.learning.SumExpr.eval:526:25 - Negative value for expression with terms Vector(ProdExpr(-0
.7,Vector(),Vector()), ProdExpr(1.0,Vector(),Vector()), ProdExpr(-0.7,Vector(),Vector())), values Vector(-0.7, 1.0, -0.7)
2020.06.25 16:51:22 [ERROR] provingground.learning.ExprCalc.nextVec:592:29 - Equation with negative value: (P₀(InIsle(@a ∈ Terms,@a,
Island(Typs,Typs,AddVar,Pi,EnterIsle)))) == ((((IsleScale(@a,@a ∈ Terms)) * (-1.0)) + (1.0)) + ((IsleScale(%boat,%boat ∈ Terms)) * (
-1.0)))
2020.06.25 16:51:22 [ERROR] provingground.learning.SumExpr.eval:526:25 - Negative value for expression with terms Vector(ProdExpr(1.
28537178E-4 with exponent 0.5 is not a number
2020.06.25 16:18:00 [ERROR] provingground.learning.ExprCalc.nextVec:588:31 - Geometric mean of -0.0011266852500898456 and 1.64508393
0,Vector(),Vector()), ProdExpr(-0.7,Vector(),Vector()), ProdExpr(-0.7,Vector(),Vector())), values Vector(1.0, -0.7, -0.7)
2020.06.25 16:51:22 [ERROR] provingground.learning.ExprCalc.nextVec:592:29 - Equation with negative value: (P₀(InIsle(@a ∈ Terms,@a,
Island(Typs,Typs,AddVar,Pi,EnterIsle)))) == (((1.0) + ((IsleScale(%boat,%boat ∈ Terms)) * (-1.0))) + ((IsleScale(@a,@a ∈ Terms)) * (
-1.0)))
2020.06.25 16:51:22 [ERROR] provingground.learning.SumExpr.eval:526:25 - Negative value for expression with terms Vector(ProdExpr(1.
2020.06.25 16:18:00 [ERROR] provingground.learning.ExprCalc.nextVec:588:31 - Geometric mean of -0.003364307125357128 and 0.005465468
685582884 with exponent 0.5 is not a number
0,Vector(),Vector()), ProdExpr(-0.7,Vector(),Vector()), ProdExpr(-0.7,Vector(),Vector())), values Vector(1.0, -0.7, -0.7)
2020.06.25 16:51:22 [ERROR] provingground.learning.ExprCalc.nextVec:592:29 - Equation with negative value: (P₀(InIsle(@a ∈ Terms,@a,
Island(Typs,Typs,AddVar,Pi,EnterIsle)))) == (((1.0) + ((IsleScale(@a,@a ∈ Terms)) * (-1.0))) + ((IsleScale(%boat,%boat ∈ Terms)) * (
-1.0)))
2020.06.25 16:51:22 [ERROR] provingground.learning.SumExpr.eval:526:25 - Negative value for expression with terms Vector(ProdExpr(1.
83016496 with exponent 0.5 is not a number
2020.06.25 16:18:00 [ERROR] provingground.learning.ExprCalc.nextVec:588:31 - Geometric mean of -0.0036522038798460447 and 0.00442378
0,Vector(),Vector()), ProdExpr(-0.7,Vector(),Vector()), ProdExpr(-0.7,Vector(),Vector())), values Vector(1.0, -0.7, -0.7)
2020.06.25 16:51:22 [ERROR] provingground.learning.ExprCalc.nextVec:592:29 - Equation with negative value: (P₀(InIsle(@a ∈ Terms,@a,
Island(Typs,Typs,AddVar,Pi,EnterIsle)))) == (((1.0) + ((IsleScale(@a,@a ∈ Terms)) * (-1.0))) + ((IsleScale(%boat,%boat ∈ Terms)) * (
-1.0)))
2020.06.25 16:51:22 [ERROR] provingground.learning.SumExpr.eval:526:25 - Negative value for expression with terms Vector(ProdExpr(-0
2020.06.25 16:18:00 [ERROR] provingground.learning.ExprCalc.nextVec:588:31 - Geometric mean of -0.0036522038798460447 and 0.00442378
506568271 with exponent 0.5 is not a number
.7,Vector(),Vector()), ProdExpr(1.0,Vector(),Vector()), ProdExpr(-0.7,Vector(),Vector())), values Vector(-0.7, 1.0, -0.7)
2020.06.25 16:51:22 [ERROR] provingground.learning.ExprCalc.nextVec:592:29 - Equation with negative value: (P₀(InIsle(@a ∈ Terms,@a,
Island(Typs,Typs,AddVar,Pi,EnterIsle)))) == ((((IsleScale(@a,@a ∈ Terms)) * (-1.0)) + (1.0)) + ((IsleScale(%boat,%boat ∈ Terms)) * (
-1.0)))
2020.06.25 16:51:22 [ERROR] provingground.learning.SumExpr.eval:526:25 - Negative value for expression with terms Vector(ProdExpr(-0
.7,Vector(),Vector()), ProdExpr(1.0,Vector(),Vector()), ProdExpr(-0.7,Vector(),Vector())), values Vector(-0.7, 1.0, -0.7)
2020.06.25 16:51:22 [ERROR] provingground.learning.ExprCalc.nextVec:592:29 - Equation with negative value: (P₀(InIsle(@a ∈ Terms,@a,
Island(Typs,Typs,AddVar,Pi,EnterIsle)))) == ((((IsleScale(@a,@a ∈ Terms)) * (-1.0)) + (1.0)) + ((IsleScale(%boat,%boat ∈ Terms)) * (
-1.0)))
2020.06.25 16:51:22 [ERROR] provingground.learning.SumExpr.eval:526:25 - Negative value for expression with terms Vector(ProdExpr(1.
0,Vector(),Vector()), ProdExpr(-0.7,Vector(),Vector()), ProdExpr(-0.7,Vector(),Vector()), ProdExpr(-0.7,Vector(),Vector()), ProdExpr
(1.0,Vector(),Vector())), values Vector(1.0, -0.7, -0.7, -0.7, 1.0)
2020.06.25 16:51:22 [ERROR] provingground.learning.ExprCalc.nextVec:592:29 - Equation with negative value: (P₀(InIsle(@a ∈ Terms,@a,
Island(Typs,Typs,AddVar,Pi,EnterIsle)))) == ((((1.0) + ((IsleScale(@a,@a ∈ Terms)) * (-1.0))) + ((IsleScale(%boat,%boat ∈ Terms)) * 
(-1.0))) + (((IsleScale(%boat,%boat ∈ Terms)) * (-1.0)) + (1.0)))
2020.06.25 16:51:22 [ERROR] provingground.learning.SumExpr.eval:526:25 - Negative value for expression with terms Vector(ProdExpr(1.
0,Vector(),Vector()), ProdExpr(-0.7,Vector(),Vector()), ProdExpr(-0.7,Vector(),Vector())), values Vector(1.0, -0.7, -0.7)
2020.06.25 16:51:22 [ERROR] provingground.learning.ExprCalc.nextVec:592:29 - Equation with negative value: (P₀(InIsle(@a ∈ Terms,@a,
Island(Typs,Typs,AddVar,Pi,EnterIsle)))) == (((1.0) + ((IsleScale(@a,@a ∈ Terms)) * (-1.0))) + ((IsleScale(%boat,%boat ∈ Terms)) * (
-1.0)))
2020.06.25 16:51:22 [ERROR] provingground.learning.SumExpr.eval:526:25 - Negative value for expression with terms Vector(ProdExpr(1.
0,Vector(),Vector()), ProdExpr(-0.7,Vector(),Vector()), ProdExpr(-0.7,Vector(),Vector())), values Vector(1.0, -0.7, -0.7)
2020.06.25 16:51:22 [ERROR] provingground.learning.ExprCalc.nextVec:592:29 - Equation with negative value: (P₀(InIsle(InIsle(@b ∈ Te
rms,@b,Island(Typs,Typs,AddVar,Pi,EnterIsle)),@a,Island(Typs,Typs,AddVar,Pi,EnterIsle)))) == (((1.0) + ((IsleScale(%boat,%boat ∈ Ter
ms)) * (-1.0))) + ((IsleScale(@b,@b ∈ Terms)) * (-1.0)))
2020.06.25 16:51:22 [ERROR] provingground.learning.SumExpr.eval:526:25 - Negative value for expression with terms Vector(ProdExpr(1.
0,Vector(),Vector()), ProdExpr(-0.7,Vector(),Vector()), ProdExpr(-0.7,Vector(),Vector())), values Vector(1.0, -0.7, -0.7)
2020.06.25 16:51:22 [ERROR] provingground.learning.ExprCalc.nextVec:592:29 - Equation with negative value: (P₀(InIsle(@a ∈ Terms,@a,
Island(Typs,Typs,AddVar,Pi,EnterIsle)))) == (((1.0) + ((IsleScale(@a,@a ∈ Terms)) * (-1.0))) + ((IsleScale(%boat,%boat ∈ Terms)) * (
-1.0)))
2020.06.25 16:51:22 [ERROR] provingground.learning.SumExpr.eval:526:25 - Negative value for expression with terms Vector(ProdExpr(-0
.7,Vector(),Vector()), ProdExpr(1.0,Vector(),Vector()), ProdExpr(-0.7,Vector(),Vector())), values Vector(-0.7, 1.0, -0.7)
2020.06.25 16:51:22 [ERROR] provingground.learning.ExprCalc.nextVec:592:29 - Equation with negative value: (P₀(InIsle(@a ∈ Terms,@a,
Island(Typs,Typs,AddVar,Pi,EnterIsle)))) == ((((IsleScale(@a,@a ∈ Terms)) * (-1.0)) + (1.0)) + ((IsleScale(%boat,%boat ∈ Terms)) * (
-1.0)))
2020.06.25 16:51:22 [ERROR] provingground.learning.SumExpr.eval:526:25 - Negative value for expression with terms Vector(ProdExpr(0.
7,Vector(13480),Vector())), values Vector(-0.0699999999999999)
2020.06.25 16:51:22 [ERROR] provingground.learning.ExprCalc.nextVec:592:29 - Equation with negative value: (P₀(InIsle(InIsle(@a ∈ Te
rms,@a,Island(Typs,Typs,AddVar,Pi,EnterIsle)),@a,Island(Typs,Typs,AddVar,Pi,EnterIsle)))) == ((IsleScale(%boat,@a ∈ Terms)) * (P₀(In
Isle(@a ∈ Terms,@a,Island(Typs  ,Typs,AddVar,Pi,EnterIsle)))))
2020.06.25 16:51:22 [ERROR] provingground.learning.SumExpr.eval:526:25 - Negative value for expression with terms Vector(ProdExpr(0.
75,Vector(1170),Vector())), values Vector(-0.29999999999999993)
2020.06.25 16:51:22 [ERROR] provingground.learning.ExprCalc.nextVec:592:29 - Equation with negative value: (P₁(InIsle(@a ∈ Terms,@a,
Island(Typs,Typs,AddVar,Pi,EnterIsle)))) == ((Coeff(Init(Terms))) * (P₀(InIsle(@a ∈ Terms,@a,Island(Typs,Typs,AddVar,Pi,EnterIsle)))
))
2020.06.25 16:51:22 [ERROR] provingground.learning.SumExpr.eval:526:25 - Negative value for expression with terms Vector(ProdExpr(-0
.7,Vector(),Vector()), ProdExpr(1.0,Vector(),Vector()), ProdExpr(-0.7,Vector(),Vector())), values Vector(-0.7, 1.0, -0.7)
2020.06.25 16:51:22 [ERROR] provingground.learning.ExprCalc.nextVec:592:29 - Equation with negative value: (P₀(InIsle(@a ∈ Terms,@a,
Island(Typs,Typs,AddVar,Pi,EnterIsle)))) == ((((IsleScale(@a,@a ∈ Terms)) * (-1.0)) + (1.0)) + ((IsleScale(%boat,%boat ∈ Terms)) * (
-1.0)))
2020.06.25 16:51:22 [ERROR] provingground.learning.SumExpr.eval:526:25 - Negative value for expression with terms Vector(ProdExpr(1.
0,Vector(),Vector()), ProdExpr(-0.7,Vector(),Vector()), ProdExpr(-0.7,Vector(),Vector())), values Vector(1.0, -0.7, -0.7)
2020.06.25 16:51:22 [ERROR] provingground.learning.ExprCalc.nextVec:592:29 - Equation with negative value: (P₀(InIsle(@a ∈ Terms,@a,
Island(Typs,Typs,AddVar,Pi,EnterIsle)))) == (((1.0) + ((IsleScale(%boat,%boat ∈ Terms)) * (-1.0))) + ((IsleScale(@a,@a ∈ Terms)) * (
-1.0)))
2020.06.25 16:51:22 [ERROR] provingground.learning.SumExpr.eval:526:25 - Negative value for expression with terms Vector(ProdExpr(0.
75,Vector(17021),Vector())), values Vector(-0.29999999999999993)
2020.06.25 16:51:22 [ERROR] provingground.learning.ExprCalc.nextVec:592:29 - Equation with negative value: (P₁(InIsle(@a ∈ Terms,@a,
Island(Typs,Typs,AddVar,Pi,EnterIsle)))) == ((Coeff(Init(Terms))) * (P₀(InIsle(@a ∈ Terms,@a,Island(Typs,Typs,AddVar,Pi,EnterIsle)))
))
2020.06.25 16:51:22 [ERROR] provingground.learning.SumExpr.eval:526:25 - Negative value for expression with terms Vector(ProdExpr(0.
7,Vector(13480),Vector())), values Vector(-0.0699999999999999)
2020.06.25 16:51:22 [ERROR] provingground.learning.ExprCalc.nextVec:592:29 - Equation with negative value: (P₀(InIsle(InIsle(@a ∈ Te
rms,@a,Island(Typs,Typs,AddVar,Pi,EnterIsle)),@a,Island(Typs,Typs,AddVar,Pi,EnterIsle)))) == ((IsleScale(%boat,@a ∈ Terms)) * (P₀(In
Isle(@a ∈ Terms,@a,Island(Typs,Typs,AddVar,Pi,EnterIsle)))))
2020.06.25 16:51:22 [ERROR] provingground.learning.SumExpr.eval:526:25 - Negative value for expression with terms Vector(ProdExpr(1.
0,Vector(),Vector()), ProdExpr(-0.7,Vector(),Vector()), ProdExpr(-0.7,Vector(),Vector())), values Vector(1.0, -0.7, -0.7)
2020.06.25 16:51:22 [ERROR] provingground.learning.ExprCalc.nextVec:592:29 - Equation with negative value: (P₀(InIsle(@a ∈ Terms,@a,
Island(Typs,Typs,AddVar,Pi,EnterIsle)))) == (((1.0) + ((IsleScale(@a,@a ∈ Terms)) * (-1.0))) + ((IsleScale(%boat,%boat ∈ Terms)) * (
-1.0)))
2020.06.25 16:51:22 [ERROR] provingground.learning.SumExpr.eval:526:25 - Negative value for expression with terms Vector(ProdExpr(1.
0,Vector(),Vector()), ProdExpr(-0.7,Vector(),Vector()), ProdExpr(-0.7,Vector(),Vector())), values Vector(1.0, -0.7, -0.7)
2020.06.25 16:51:22 [ERROR] provingground.learning.ExprCalc.nextVec:592:29 - Equation with negative value: (P₀(InIsle(@a ∈ Terms,@a,
Island(Typs,Typs,AddVar,Pi,EnterIsle)))) == (((1.0) + ((IsleScale(@a,@a ∈ Terms)) * (-1.0))) + ((IsleScale(%boat,%boat ∈ Terms)) * (
-1.0)))
2020.06.25 16:51:22 [ERROR] provingground.learning.SumExpr.eval:526:25 - Negative value for expression with terms Vector(ProdExpr(0.
75,Vector(8109),Vector())), values Vector(-0.29999999999999993)
