2021.01.14 07:23:00:113 [ERROR] provingground.learning.StrategicProvers.$anonfun.applyOrElse:266:37 - java.util.concurrent.TimeoutException: Task timed-out after 12 minutes of inactivity
	at monix.eval.Task.timeout(Task.scala:2295)
	at provingground.learning.GenMonixFiniteDistributionEq.$anonfun$varDist$4(MonixFiniteDistributionEq.scala:154)
	at scala.Option.getOrElse(Option.scala:201)
	at provingground.learning.GenMonixFiniteDistributionEq.varDist(MonixFiniteDistributionEq.scala:148)
	at provingground.learning.LocalProver.varDistEqs(LocalProver.scala:254)
	at provingground.learning.StrategicProvers$.seekTyp(StrategicProvers.scala:96)
	at provingground.learning.StrategicProvers$.solveTyp(StrategicProvers.scala:111)
	at provingground.learning.StrategicProvers$.$anonfun$concurrentTargetChomper$2(StrategicProvers.scala:263)
	at scala.collection.immutable.Vector1.map(Vector.scala:1886)
	at scala.collection.immutable.Vector1.map(Vector.scala:375)
	at provingground.learning.StrategicProvers$.concurrentTargetChomper(StrategicProvers.scala:262)
	at provingground.learning.StrategicProvers$.$anonfun$concurrentTargetChomper$5(StrategicProvers.scala:287)
	at monix.eval.internal.TaskRunLoop$.startFull(TaskRunLoop.scala:170)
	at monix.eval.internal.TaskRestartCallback.syncOnSuccess(TaskRestartCallback.scala:101)
	at monix.eval.internal.TaskRestartCallback$$anon$1.run(TaskRestartCallback.scala:118)
	at monix.execution.internal.Trampoline.monix$execution$internal$Trampoline$$immediateLoop(Trampoline.scala:66)
	at monix.execution.internal.Trampoline.startLoop(Trampoline.scala:32)
	at monix.execution.schedulers.TrampolineExecutionContext$JVMNormalTrampoline.super$startLoop(TrampolineExecutionContext.scala:142)
	at monix.execution.schedulers.TrampolineExecutionContext$JVMNormalTrampoline.$anonfun$startLoop$1(TrampolineExecutionContext.scala:142)
	at scala.runtime.java8.JFunction0$mcV$sp.apply(JFunction0$mcV$sp.scala:18)
	at scala.concurrent.BlockContext$.withBlockContext(BlockContext.scala:94)
	at monix.execution.schedulers.TrampolineExecutionContext$JVMNormalTrampoline.startLoop(TrampolineExecutionContext.scala:142)
	at monix.execution.internal.Trampoline.execute(Trampoline.scala:40)
	at monix.execution.schedulers.TrampolineExecutionContext.execute(TrampolineExecutionContext.scala:57)
	at monix.execution.schedulers.BatchingScheduler.execute(BatchingScheduler.scala:50)
	at monix.execution.schedulers.BatchingScheduler.execute$(BatchingScheduler.scala:47)
	at monix.execution.schedulers.AsyncScheduler.execute(AsyncScheduler.scala:31)
	at monix.eval.internal.TaskRestartCallback.onSuccess(TaskRestartCallback.scala:72)
	at monix.eval.internal.TaskParSequence$Register.$anonfun$apply$2(TaskParSequence.scala:113)
	at java.util.concurrent.ForkJoinTask$RunnableExecuteAction.exec(ForkJoinTask.java:1402)
	at java.util.concurrent.ForkJoinTask.doExec(ForkJoinTask.java:289)
	at java.util.concurrent.ForkJoinPool$WorkQueue.runTask(ForkJoinPool.java:1056)
	at java.util.concurrent.ForkJoinPool.runWorker(ForkJoinPool.java:1692)
	at java.util.concurrent.ForkJoinWorkerThread.run(ForkJoinWorkerThread.java:157)

2021.01.14 07:38:38:588 [ERROR] provingground.learning.StrategicProvers.$anonfun.applyOrElse:266:37 - java.util.concurrent.TimeoutException: Task timed-out after 12 minutes of inactivity
	at monix.eval.Task.timeout(Task.scala:2295)
	at provingground.learning.GenMonixFiniteDistributionEq.$anonfun$varDist$4(MonixFiniteDistributionEq.scala:154)
	at scala.Option.getOrElse(Option.scala:201)
	at provingground.learning.GenMonixFiniteDistributionEq.varDist(MonixFiniteDistributionEq.scala:148)
	at provingground.learning.LocalProver.varDistEqs(LocalProver.scala:254)
	at provingground.learning.StrategicProvers$.seekTyp(StrategicProvers.scala:96)
	at provingground.learning.StrategicProvers$.solveTyp(StrategicProvers.scala:111)
	at provingground.learning.StrategicProvers$.$anonfun$concurrentTargetChomper$2(StrategicProvers.scala:263)
	at scala.collection.immutable.Vector1.map(Vector.scala:1886)
	at scala.collection.immutable.Vector1.map(Vector.scala:375)
	at provingground.learning.StrategicProvers$.concurrentTargetChomper(StrategicProvers.scala:262)
	at provingground.learning.StrategicProvers$.$anonfun$concurrentTargetChomper$5(StrategicProvers.scala:287)
	at monix.eval.internal.TaskRunLoop$.startFull(TaskRunLoop.scala:170)
	at monix.eval.internal.TaskRestartCallback.syncOnSuccess(TaskRestartCallback.scala:101)
	at monix.eval.internal.TaskRestartCallback$$anon$1.run(TaskRestartCallback.scala:118)
	at monix.execution.internal.Trampoline.monix$execution$internal$Trampoline$$immediateLoop(Trampoline.scala:66)
	at monix.execution.internal.Trampoline.startLoop(Trampoline.scala:32)
	at monix.execution.schedulers.TrampolineExecutionContext$JVMNormalTrampoline.super$startLoop(TrampolineExecutionContext.scala:142)
	at monix.execution.schedulers.TrampolineExecutionContext$JVMNormalTrampoline.$anonfun$startLoop$1(TrampolineExecutionContext.scala:142)
	at scala.runtime.java8.JFunction0$mcV$sp.apply(JFunction0$mcV$sp.scala:18)
	at scala.concurrent.BlockContext$.withBlockContext(BlockContext.scala:94)
	at monix.execution.schedulers.TrampolineExecutionContext$JVMNormalTrampoline.startLoop(TrampolineExecutionContext.scala:142)
	at monix.execution.internal.Trampoline.execute(Trampoline.scala:40)
	at monix.execution.schedulers.TrampolineExecutionContext.execute(TrampolineExecutionContext.scala:57)
	at monix.execution.schedulers.BatchingScheduler.execute(BatchingScheduler.scala:50)
	at monix.execution.schedulers.BatchingScheduler.execute$(BatchingScheduler.scala:47)
	at monix.execution.schedulers.AsyncScheduler.execute(AsyncScheduler.scala:31)
	at monix.eval.internal.TaskRestartCallback.onSuccess(TaskRestartCallback.scala:72)
	at monix.eval.internal.TaskParSequence$Register.$anonfun$apply$2(TaskParSequence.scala:113)
	at java.util.concurrent.ForkJoinTask$RunnableExecuteAction.exec(ForkJoinTask.java:1402)
	at java.util.concurrent.ForkJoinTask.doExec(ForkJoinTask.java:289)
	at java.util.concurrent.ForkJoinPool$WorkQueue.runTask(ForkJoinPool.java:1056)
	at java.util.concurrent.ForkJoinPool.runWorker(ForkJoinPool.java:1692)
	at java.util.concurrent.ForkJoinWorkerThread.run(ForkJoinWorkerThread.java:157)

