[0m2021.02.08 08:53:46:871 [scala-e...] [[31mERROR[0m] [32mprovingground.learning.PostResponse.applyOrElse:293[0m - completed response 'negating goal' of type TypeTag[Option[provingground.learning.HoTTMessages.Contradicts :: provingground.learning.HoTTMessages.SeekGoal :: shapeless.HNil]] to posts of type TypeTag[provingground.learning.HoTTMessages.FailedToProve] with input hash -142709875 with error;[0m
[0m2021.02.08 08:53:46:874 [scala-e...] [[31mERROR[0m] [32mprovingground.learning.PostResponse.applyOrElse:295[0m - None.get
scala.None$.get(Option.scala:627)
scala.None$.get(Option.scala:626)
provingground.learning.HoTTMessages$Contradicts.$anonfun$new$7(HoTTMessages.scala:448)
provingground.learning.HoTTMessages$Contradicts.$anonfun$new$7$adapted(HoTTMessages.scala:446)
scala.Option.foreach(Option.scala:437)
provingground.learning.HoTTMessages$Contradicts.<init>(HoTTMessages.scala:446)
provingground.learning.HoTTMessages$Contradicts$.fromTyp(HoTTMessages.scala:462)
provingground.learning.HoTTBot$.$anonfun$negateGoal$3(HoTTBot.scala:2497)
scala.concurrent.Future$.$anonfun$apply$1(Future.scala:671)
scala.concurrent.impl.Promise$Transformation.run(Promise.scala:430)
scala.concurrent.BatchingExecutor$AbstractBatch.runN(BatchingExecutor.scala:141)
scala.concurrent.BatchingExecutor$AsyncBatch.apply(BatchingExecutor.scala:163)
scala.concurrent.BatchingExecutor$AsyncBatch.apply(BatchingExecutor.scala:146)
scala.concurrent.BlockContext$.usingBlockContext(BlockContext.scala:107)
scala.concurrent.BatchingExecutor$AsyncBatch.run(BatchingExecutor.scala:154)
java.base/java.util.concurrent.ForkJoinTask$RunnableExecuteAction.exec(ForkJoinTask.java:1426)
java.base/java.util.concurrent.ForkJoinTask.doExec(ForkJoinTask.java:290)
java.base/java.util.concurrent.ForkJoinPool$WorkQueue.topLevelExec(ForkJoinPool.java:1020)
java.base/java.util.concurrent.ForkJoinPool.scan(ForkJoinPool.java:1656)
java.base/java.util.concurrent.ForkJoinPool.runWorker(ForkJoinPool.java:1594)
java.base/java.util.concurrent.ForkJoinWorkerThread.run(ForkJoinWorkerThread.java:183)[0m
[0m2021.02.08 08:54:06:725 [scala-e...] [[31mERROR[0m] [32mprovingground.learning.PostResponse.applyOrElse:293[0m - completed response 'prove by contradicting hypothesis' of type TypeTag[Option[provingground.learning.HoTTMessages.Consequence :: provingground.learning.HoTTMessages.SeekGoal :: shapeless.HNil]] to posts of type TypeTag[provingground.learning.HoTTMessages.FailedToProve] with input hash -1967990271 with error;[0m
[0m2021.02.08 08:54:06:726 [scala-e...] [[31mERROR[0m] [32mprovingground.learning.PostResponse.applyOrElse:295[0m - requirement failed: lmbda returns function type but value (vacuousSym) (($coovoh) ($coovof)) : ((f) (0) = (f) ($coovof)) has type (f) (0) = (f) ($coovof) depending on variable $coovof; you may wish to use lambda instead
scala.Predef$.require(Predef.scala:340)
provingground.HoTT$.lmbda(HoTT.scala:2488)
provingground.HoTT$RichTerm.$colon$minus$greater(HoTT.scala:3189)
provingground.learning.HoTTBot$.$anonfun$viaZeroBot$3(HoTTBot.scala:710)
scala.concurrent.Future$.$anonfun$apply$1(Future.scala:671)
scala.concurrent.impl.Promise$Transformation.run(Promise.scala:430)
scala.concurrent.BatchingExecutor$AbstractBatch.runN(BatchingExecutor.scala:141)
scala.concurrent.BatchingExecutor$AsyncBatch.apply(BatchingExecutor.scala:163)
scala.concurrent.BatchingExecutor$AsyncBatch.apply(BatchingExecutor.scala:146)
scala.concurrent.BlockContext$.usingBlockContext(BlockContext.scala:107)
scala.concurrent.BatchingExecutor$AsyncBatch.run(BatchingExecutor.scala:154)
java.base/java.util.concurrent.ForkJoinTask$RunnableExecuteAction.exec(ForkJoinTask.java:1426)
java.base/java.util.concurrent.ForkJoinTask.doExec(ForkJoinTask.java:290)
java.base/java.util.concurrent.ForkJoinPool$WorkQueue.topLevelExec(ForkJoinPool.java:1020)
java.base/java.util.concurrent.ForkJoinPool.scan(ForkJoinPool.java:1656)
java.base/java.util.concurrent.ForkJoinPool.runWorker(ForkJoinPool.java:1594)
java.base/java.util.concurrent.ForkJoinWorkerThread.run(ForkJoinWorkerThread.java:183)[0m
[0m2021.02.08 08:54:07:935 [scala-e...] [[31mERROR[0m] [32mprovingground.learning.PostResponse.applyOrElse:293[0m - completed response 'negating goal' of type TypeTag[Option[provingground.learning.HoTTMessages.Contradicts :: provingground.learning.HoTTMessages.SeekGoal :: shapeless.HNil]] to posts of type TypeTag[provingground.learning.HoTTMessages.FailedToProve] with input hash -1967990271 with error;[0m
[0m2021.02.08 08:54:07:937 [scala-e...] [[31mERROR[0m] [32mprovingground.learning.PostResponse.applyOrElse:295[0m - None.get
scala.None$.get(Option.scala:627)
scala.None$.get(Option.scala:626)
provingground.learning.HoTTMessages$Contradicts.$anonfun$new$7(HoTTMessages.scala:448)
provingground.learning.HoTTMessages$Contradicts.$anonfun$new$7$adapted(HoTTMessages.scala:446)
scala.Option.foreach(Option.scala:437)
provingground.learning.HoTTMessages$Contradicts.<init>(HoTTMessages.scala:446)
provingground.learning.HoTTMessages$Contradicts$.fromTyp(HoTTMessages.scala:462)
provingground.learning.HoTTBot$.$anonfun$negateGoal$3(HoTTBot.scala:2497)
scala.concurrent.Future$.$anonfun$apply$1(Future.scala:671)
scala.concurrent.impl.Promise$Transformation.run(Promise.scala:430)
scala.concurrent.BatchingExecutor$AbstractBatch.runN(BatchingExecutor.scala:141)
scala.concurrent.BatchingExecutor$AsyncBatch.apply(BatchingExecutor.scala:163)
scala.concurrent.BatchingExecutor$AsyncBatch.apply(BatchingExecutor.scala:146)
scala.concurrent.BlockContext$.usingBlockContext(BlockContext.scala:107)
scala.concurrent.BatchingExecutor$AsyncBatch.run(BatchingExecutor.scala:154)
java.base/java.util.concurrent.ForkJoinTask$RunnableExecuteAction.exec(ForkJoinTask.java:1426)
java.base/java.util.concurrent.ForkJoinTask.doExec(ForkJoinTask.java:290)
java.base/java.util.concurrent.ForkJoinPool$WorkQueue.topLevelExec(ForkJoinPool.java:1020)
java.base/java.util.concurrent.ForkJoinPool.scan(ForkJoinPool.java:1656)
java.base/java.util.concurrent.ForkJoinPool.runWorker(ForkJoinPool.java:1594)
java.base/java.util.concurrent.ForkJoinWorkerThread.run(ForkJoinWorkerThread.java:183)[0m
[0m2021.02.08 08:54:16:297 [scala-e...] [[31mERROR[0m] [32mprovingground.learning.PostResponse.applyOrElse:293[0m - completed response 'negating goal' of type TypeTag[Option[provingground.learning.HoTTMessages.Contradicts :: provingground.learning.HoTTMessages.SeekGoal :: shapeless.HNil]] to posts of type TypeTag[provingground.learning.HoTTMessages.FailedToProve] with input hash 1115836958 with error;[0m
[0m2021.02.08 08:54:16:298 [scala-e...] [[31mERROR[0m] [32mprovingground.learning.PostResponse.applyOrElse:295[0m - None.get
scala.None$.get(Option.scala:627)
scala.None$.get(Option.scala:626)
provingground.learning.HoTTMessages$Contradicts.$anonfun$new$7(HoTTMessages.scala:448)
provingground.learning.HoTTMessages$Contradicts.$anonfun$new$7$adapted(HoTTMessages.scala:446)
scala.Option.foreach(Option.scala:437)
provingground.learning.HoTTMessages$Contradicts.<init>(HoTTMessages.scala:446)
provingground.learning.HoTTMessages$Contradicts$.fromTyp(HoTTMessages.scala:462)
provingground.learning.HoTTBot$.$anonfun$negateGoal$3(HoTTBot.scala:2497)
scala.concurrent.Future$.$anonfun$apply$1(Future.scala:671)
scala.concurrent.impl.Promise$Transformation.run(Promise.scala:430)
scala.concurrent.BatchingExecutor$AbstractBatch.runN(BatchingExecutor.scala:141)
scala.concurrent.BatchingExecutor$AsyncBatch.apply(BatchingExecutor.scala:163)
scala.concurrent.BatchingExecutor$AsyncBatch.apply(BatchingExecutor.scala:146)
scala.concurrent.BlockContext$.usingBlockContext(BlockContext.scala:107)
scala.concurrent.BatchingExecutor$AsyncBatch.run(BatchingExecutor.scala:154)
java.base/java.util.concurrent.ForkJoinTask$RunnableExecuteAction.exec(ForkJoinTask.java:1426)
java.base/java.util.concurrent.ForkJoinTask.doExec(ForkJoinTask.java:290)
java.base/java.util.concurrent.ForkJoinPool$WorkQueue.topLevelExec(ForkJoinPool.java:1020)
java.base/java.util.concurrent.ForkJoinPool.scan(ForkJoinPool.java:1656)
java.base/java.util.concurrent.ForkJoinPool.runWorker(ForkJoinPool.java:1594)
java.base/java.util.concurrent.ForkJoinWorkerThread.run(ForkJoinWorkerThread.java:183)[0m
[0m2021.02.08 08:54:42:614 [scala-e...] [[31mERROR[0m] [32mprovingground.learning.PostResponse.applyOrElse:293[0m - completed response 'prove by contradicting hypothesis' of type TypeTag[Option[provingground.learning.HoTTMessages.Consequence :: provingground.learning.HoTTMessages.SeekGoal :: shapeless.HNil]] to posts of type TypeTag[provingground.learning.HoTTMessages.FailedToProve] with input hash -647605761 with error;[0m
[0m2021.02.08 08:54:42:617 [scala-e...] [[31mERROR[0m] [32mprovingground.learning.PostResponse.applyOrElse:295[0m - requirement failed: lmbda returns function type but value (vacuousSym) (($gpddeq) ($gpdden)) has type ((f) (0) = (f) ($gpdden)) → ((f) (0) = (f) (((_ + 1)) ($gpdden))) depending on variable $gpdden; you may wish to use lambda instead
scala.Predef$.require(Predef.scala:340)
provingground.HoTT$.lmbda(HoTT.scala:2488)
provingground.HoTT$RichTerm.$colon$minus$greater(HoTT.scala:3189)
provingground.learning.HoTTBot$.$anonfun$viaZeroBot$3(HoTTBot.scala:710)
scala.concurrent.Future$.$anonfun$apply$1(Future.scala:671)
scala.concurrent.impl.Promise$Transformation.run(Promise.scala:430)
scala.concurrent.BatchingExecutor$AbstractBatch.runN(BatchingExecutor.scala:141)
scala.concurrent.BatchingExecutor$AsyncBatch.apply(BatchingExecutor.scala:163)
scala.concurrent.BatchingExecutor$AsyncBatch.apply(BatchingExecutor.scala:146)
scala.concurrent.BlockContext$.usingBlockContext(BlockContext.scala:107)
scala.concurrent.BatchingExecutor$AsyncBatch.run(BatchingExecutor.scala:154)
java.base/java.util.concurrent.ForkJoinTask$RunnableExecuteAction.exec(ForkJoinTask.java:1426)
java.base/java.util.concurrent.ForkJoinTask.doExec(ForkJoinTask.java:290)
java.base/java.util.concurrent.ForkJoinPool$WorkQueue.topLevelExec(ForkJoinPool.java:1020)
java.base/java.util.concurrent.ForkJoinPool.scan(ForkJoinPool.java:1656)
java.base/java.util.concurrent.ForkJoinPool.runWorker(ForkJoinPool.java:1594)
java.base/java.util.concurrent.ForkJoinWorkerThread.run(ForkJoinWorkerThread.java:183)[0m
[0m2021.02.08 08:54:44:216 [scala-e...] [[31mERROR[0m] [32mprovingground.learning.PostResponse.applyOrElse:293[0m - completed response 'negating goal' of type TypeTag[Option[provingground.learning.HoTTMessages.Contradicts :: provingground.learning.HoTTMessages.SeekGoal :: shapeless.HNil]] to posts of type TypeTag[provingground.learning.HoTTMessages.FailedToProve] with input hash -647605761 with error;[0m
[0m2021.02.08 08:54:44:220 [scala-e...] [[31mERROR[0m] [32mprovingground.learning.PostResponse.applyOrElse:295[0m - None.get
scala.None$.get(Option.scala:627)
scala.None$.get(Option.scala:626)
provingground.learning.HoTTMessages$Contradicts.$anonfun$new$7(HoTTMessages.scala:448)
provingground.learning.HoTTMessages$Contradicts.$anonfun$new$7$adapted(HoTTMessages.scala:446)
scala.Option.foreach(Option.scala:437)
provingground.learning.HoTTMessages$Contradicts.<init>(HoTTMessages.scala:446)
provingground.learning.HoTTMessages$Contradicts$.fromTyp(HoTTMessages.scala:462)
provingground.learning.HoTTBot$.$anonfun$negateGoal$3(HoTTBot.scala:2497)
scala.concurrent.Future$.$anonfun$apply$1(Future.scala:671)
scala.concurrent.impl.Promise$Transformation.run(Promise.scala:430)
scala.concurrent.BatchingExecutor$AbstractBatch.runN(BatchingExecutor.scala:141)
scala.concurrent.BatchingExecutor$AsyncBatch.apply(BatchingExecutor.scala:163)
scala.concurrent.BatchingExecutor$AsyncBatch.apply(BatchingExecutor.scala:146)
scala.concurrent.BlockContext$.usingBlockContext(BlockContext.scala:107)
scala.concurrent.BatchingExecutor$AsyncBatch.run(BatchingExecutor.scala:154)
java.base/java.util.concurrent.ForkJoinTask$RunnableExecuteAction.exec(ForkJoinTask.java:1426)
java.base/java.util.concurrent.ForkJoinTask.doExec(ForkJoinTask.java:290)
java.base/java.util.concurrent.ForkJoinPool$WorkQueue.topLevelExec(ForkJoinPool.java:1020)
java.base/java.util.concurrent.ForkJoinPool.scan(ForkJoinPool.java:1656)
java.base/java.util.concurrent.ForkJoinPool.runWorker(ForkJoinPool.java:1594)
java.base/java.util.concurrent.ForkJoinWorkerThread.run(ForkJoinWorkerThread.java:183)[0m
[0m2021.02.08 08:55:22:400 [scala-e...] [[31mERROR[0m] [32mprovingground.learning.PostResponse.applyOrElse:293[0m - completed response 'negating goal' of type TypeTag[Option[provingground.learning.HoTTMessages.Contradicts :: provingground.learning.HoTTMessages.SeekGoal :: shapeless.HNil]] to posts of type TypeTag[provingground.learning.HoTTMessages.FailedToProve] with input hash -1950267095 with error;[0m
[0m2021.02.08 08:55:22:401 [scala-e...] [[31mERROR[0m] [32mprovingground.learning.PostResponse.applyOrElse:295[0m - None.get
scala.None$.get(Option.scala:627)
scala.None$.get(Option.scala:626)
provingground.learning.HoTTMessages$Contradicts.$anonfun$new$7(HoTTMessages.scala:448)
provingground.learning.HoTTMessages$Contradicts.$anonfun$new$7$adapted(HoTTMessages.scala:446)
scala.Option.foreach(Option.scala:437)
provingground.learning.HoTTMessages$Contradicts.<init>(HoTTMessages.scala:446)
provingground.learning.HoTTMessages$Contradicts$.fromTyp(HoTTMessages.scala:462)
provingground.learning.HoTTBot$.$anonfun$negateGoal$3(HoTTBot.scala:2497)
scala.concurrent.Future$.$anonfun$apply$1(Future.scala:671)
scala.concurrent.impl.Promise$Transformation.run(Promise.scala:430)
scala.concurrent.BatchingExecutor$AbstractBatch.runN(BatchingExecutor.scala:141)
scala.concurrent.BatchingExecutor$AsyncBatch.apply(BatchingExecutor.scala:163)
scala.concurrent.BatchingExecutor$AsyncBatch.apply(BatchingExecutor.scala:146)
scala.concurrent.BlockContext$.usingBlockContext(BlockContext.scala:107)
scala.concurrent.BatchingExecutor$AsyncBatch.run(BatchingExecutor.scala:154)
java.base/java.util.concurrent.ForkJoinTask$RunnableExecuteAction.exec(ForkJoinTask.java:1426)
java.base/java.util.concurrent.ForkJoinTask.doExec(ForkJoinTask.java:290)
java.base/java.util.concurrent.ForkJoinPool$WorkQueue.topLevelExec(ForkJoinPool.java:1020)
java.base/java.util.concurrent.ForkJoinPool.scan(ForkJoinPool.java:1656)
java.base/java.util.concurrent.ForkJoinPool.runWorker(ForkJoinPool.java:1594)
java.base/java.util.concurrent.ForkJoinWorkerThread.run(ForkJoinWorkerThread.java:183)[0m
[0m2021.02.08 08:55:28:194 [scala-e...] [[31mERROR[0m] [32mprovingground.learning.PostResponse.applyOrElse:293[0m - completed response 'negating goal' of type TypeTag[Option[provingground.learning.HoTTMessages.Contradicts :: provingground.learning.HoTTMessages.SeekGoal :: shapeless.HNil]] to posts of type TypeTag[provingground.learning.HoTTMessages.FailedToProve] with input hash 1275442631 with error;[0m
[0m2021.02.08 08:55:28:195 [scala-e...] [[31mERROR[0m] [32mprovingground.learning.PostResponse.applyOrElse:295[0m - None.get
scala.None$.get(Option.scala:627)
scala.None$.get(Option.scala:626)
provingground.learning.HoTTMessages$Contradicts.$anonfun$new$7(HoTTMessages.scala:448)
provingground.learning.HoTTMessages$Contradicts.$anonfun$new$7$adapted(HoTTMessages.scala:446)
scala.Option.foreach(Option.scala:437)
provingground.learning.HoTTMessages$Contradicts.<init>(HoTTMessages.scala:446)
provingground.learning.HoTTMessages$Contradicts$.fromTyp(HoTTMessages.scala:462)
provingground.learning.HoTTBot$.$anonfun$negateGoal$3(HoTTBot.scala:2497)
scala.concurrent.Future$.$anonfun$apply$1(Future.scala:671)
scala.concurrent.impl.Promise$Transformation.run(Promise.scala:430)
scala.concurrent.BatchingExecutor$AbstractBatch.runN(BatchingExecutor.scala:141)
scala.concurrent.BatchingExecutor$AsyncBatch.apply(BatchingExecutor.scala:163)
scala.concurrent.BatchingExecutor$AsyncBatch.apply(BatchingExecutor.scala:146)
scala.concurrent.BlockContext$.usingBlockContext(BlockContext.scala:107)
scala.concurrent.BatchingExecutor$AsyncBatch.run(BatchingExecutor.scala:154)
java.base/java.util.concurrent.ForkJoinTask$RunnableExecuteAction.exec(ForkJoinTask.java:1426)
java.base/java.util.concurrent.ForkJoinTask.doExec(ForkJoinTask.java:290)
java.base/java.util.concurrent.ForkJoinPool$WorkQueue.topLevelExec(ForkJoinPool.java:1020)
java.base/java.util.concurrent.ForkJoinPool.scan(ForkJoinPool.java:1656)
java.base/java.util.concurrent.ForkJoinPool.runWorker(ForkJoinPool.java:1594)
java.base/java.util.concurrent.ForkJoinWorkerThread.run(ForkJoinWorkerThread.java:183)[0m
[0m2021.02.08 10:14:19:837 [scala-e...] [[31mERROR[0m] [32mprovingground.learning.PostResponse.applyOrElse:293[0m - completed response 'prove by contradicting hypothesis' of type TypeTag[Option[provingground.learning.HoTTMessages.Consequence :: provingground.learning.HoTTMessages.SeekGoal :: shapeless.HNil]] to posts of type TypeTag[provingground.learning.HoTTMessages.FailedToProve] with input hash -757593234 with error;[0m
[0m2021.02.08 10:14:19:840 [scala-e...] [[31mERROR[0m] [32mprovingground.learning.PostResponse.applyOrElse:295[0m - requirement failed: lmbda returns function type but value (vacuousSym) (($ddiwvb) ($ddiwva)) : ((f) (0) = (f) ($ddiwva)) has type (f) (0) = (f) ($ddiwva) depending on variable $ddiwva; you may wish to use lambda instead
scala.Predef$.require(Predef.scala:340)
provingground.HoTT$.lmbda(HoTT.scala:2488)
provingground.HoTT$RichTerm.$colon$minus$greater(HoTT.scala:3189)
provingground.learning.HoTTBot$.$anonfun$viaZeroBot$3(HoTTBot.scala:710)
scala.concurrent.Future$.$anonfun$apply$1(Future.scala:671)
scala.concurrent.impl.Promise$Transformation.run(Promise.scala:430)
scala.concurrent.BatchingExecutor$AbstractBatch.runN(BatchingExecutor.scala:141)
scala.concurrent.BatchingExecutor$AsyncBatch.apply(BatchingExecutor.scala:163)
scala.concurrent.BatchingExecutor$AsyncBatch.apply(BatchingExecutor.scala:146)
scala.concurrent.BlockContext$.usingBlockContext(BlockContext.scala:107)
scala.concurrent.BatchingExecutor$AsyncBatch.run(BatchingExecutor.scala:154)
java.base/java.util.concurrent.ForkJoinTask$RunnableExecuteAction.exec(ForkJoinTask.java:1426)
java.base/java.util.concurrent.ForkJoinTask.doExec(ForkJoinTask.java:290)
java.base/java.util.concurrent.ForkJoinPool$WorkQueue.topLevelExec(ForkJoinPool.java:1020)
java.base/java.util.concurrent.ForkJoinPool.scan(ForkJoinPool.java:1656)
java.base/java.util.concurrent.ForkJoinPool.runWorker(ForkJoinPool.java:1594)
java.base/java.util.concurrent.ForkJoinWorkerThread.run(ForkJoinWorkerThread.java:183)[0m
[0m2021.02.08 10:15:32:909 [scala-e...] [[31mERROR[0m] [32mprovingground.learning.PostResponse.applyOrElse:293[0m - completed response 'prove by contradicting hypothesis' of type TypeTag[Option[provingground.learning.HoTTMessages.Consequence :: provingground.learning.HoTTMessages.SeekGoal :: shapeless.HNil]] to posts of type TypeTag[provingground.learning.HoTTMessages.FailedToProve] with input hash 1541906483 with error;[0m
[0m2021.02.08 10:15:32:926 [scala-e...] [[31mERROR[0m] [32mprovingground.learning.PostResponse.applyOrElse:295[0m - requirement failed: lmbda returns function type but value (vacuousSym) (($kzsrrf) ($kzsrre)) has type ((f) (0) = (f) ($kzsrre)) → ((f) (0) = (f) (((_ + 1)) ($kzsrre))) depending on variable $kzsrre; you may wish to use lambda instead
scala.Predef$.require(Predef.scala:340)
provingground.HoTT$.lmbda(HoTT.scala:2488)
provingground.HoTT$RichTerm.$colon$minus$greater(HoTT.scala:3189)
provingground.learning.HoTTBot$.$anonfun$viaZeroBot$3(HoTTBot.scala:710)
scala.concurrent.Future$.$anonfun$apply$1(Future.scala:671)
scala.concurrent.impl.Promise$Transformation.run(Promise.scala:430)
scala.concurrent.BatchingExecutor$AbstractBatch.runN(BatchingExecutor.scala:141)
scala.concurrent.BatchingExecutor$AsyncBatch.apply(BatchingExecutor.scala:163)
scala.concurrent.BatchingExecutor$AsyncBatch.apply(BatchingExecutor.scala:146)
scala.concurrent.BlockContext$.usingBlockContext(BlockContext.scala:107)
scala.concurrent.BatchingExecutor$AsyncBatch.run(BatchingExecutor.scala:154)
java.base/java.util.concurrent.ForkJoinTask$RunnableExecuteAction.exec(ForkJoinTask.java:1426)
java.base/java.util.concurrent.ForkJoinTask.doExec(ForkJoinTask.java:290)
java.base/java.util.concurrent.ForkJoinPool$WorkQueue.topLevelExec(ForkJoinPool.java:1020)
java.base/java.util.concurrent.ForkJoinPool.scan(ForkJoinPool.java:1656)
java.base/java.util.concurrent.ForkJoinPool.runWorker(ForkJoinPool.java:1594)
java.base/java.util.concurrent.ForkJoinWorkerThread.run(ForkJoinWorkerThread.java:183)[0m
[0m2021.02.08 10:15:48:064 [scala-e...] [[31mERROR[0m] [32mprovingground.learning.PostResponse.applyOrElse:293[0m - completed response 'prove by contradicting hypothesis' of type TypeTag[Option[provingground.learning.HoTTMessages.Consequence :: provingground.learning.HoTTMessages.SeekGoal :: shapeless.HNil]] to posts of type TypeTag[provingground.learning.HoTTMessages.FailedToProve] with input hash 1986085740 with error;[0m
[0m2021.02.08 10:15:48:068 [scala-e...] [[31mERROR[0m] [32mprovingground.learning.PostResponse.applyOrElse:295[0m - requirement failed: lmbda returns function type but value (vacuousSym) (($mmqukk) ($mmquki)) : ((f) ($mmquki) = (f) (((_ + 1)) ($mmquki))) has type (f) ($mmquki) = (f) (((_ + 1)) ($mmquki)) depending on variable $mmquki; you may wish to use lambda instead
scala.Predef$.require(Predef.scala:340)
provingground.HoTT$.lmbda(HoTT.scala:2488)
provingground.HoTT$RichTerm.$colon$minus$greater(HoTT.scala:3189)
provingground.learning.HoTTBot$.$anonfun$viaZeroBot$3(HoTTBot.scala:710)
scala.concurrent.Future$.$anonfun$apply$1(Future.scala:671)
scala.concurrent.impl.Promise$Transformation.run(Promise.scala:430)
scala.concurrent.BatchingExecutor$AbstractBatch.runN(BatchingExecutor.scala:141)
scala.concurrent.BatchingExecutor$AsyncBatch.apply(BatchingExecutor.scala:163)
scala.concurrent.BatchingExecutor$AsyncBatch.apply(BatchingExecutor.scala:146)
scala.concurrent.BlockContext$.usingBlockContext(BlockContext.scala:107)
scala.concurrent.BatchingExecutor$AsyncBatch.run(BatchingExecutor.scala:154)
java.base/java.util.concurrent.ForkJoinTask$RunnableExecuteAction.exec(ForkJoinTask.java:1426)
java.base/java.util.concurrent.ForkJoinTask.doExec(ForkJoinTask.java:290)
java.base/java.util.concurrent.ForkJoinPool$WorkQueue.topLevelExec(ForkJoinPool.java:1020)
java.base/java.util.concurrent.ForkJoinPool.scan(ForkJoinPool.java:1656)
java.base/java.util.concurrent.ForkJoinPool.runWorker(ForkJoinPool.java:1594)
java.base/java.util.concurrent.ForkJoinWorkerThread.run(ForkJoinWorkerThread.java:183)[0m
[0m2021.02.08 10:16:12:065 [scala-e...] [[31mERROR[0m] [32mprovingground.learning.PostResponse.applyOrElse:293[0m - completed response 'prove by contradicting hypothesis' of type TypeTag[Option[provingground.learning.HoTTMessages.Consequence :: provingground.learning.HoTTMessages.SeekGoal :: shapeless.HNil]] to posts of type TypeTag[provingground.learning.HoTTMessages.FailedToProve] with input hash 981476859 with error;[0m
[0m2021.02.08 10:16:12:080 [scala-e...] [[31mERROR[0m] [32mprovingground.learning.PostResponse.applyOrElse:295[0m - requirement failed: lmbda returns function type but value (vacuousSym) (($oqnrbo) ($oqnrbn)) : ((f) ($oqnrbn) = (f) (((_ + 1)) ($oqnrbn))) has type (f) ($oqnrbn) = (f) (((_ + 1)) ($oqnrbn)) depending on variable $oqnrbn; you may wish to use lambda instead
scala.Predef$.require(Predef.scala:340)
provingground.HoTT$.lmbda(HoTT.scala:2488)
provingground.HoTT$RichTerm.$colon$minus$greater(HoTT.scala:3189)
provingground.learning.HoTTBot$.$anonfun$viaZeroBot$3(HoTTBot.scala:710)
scala.concurrent.Future$.$anonfun$apply$1(Future.scala:671)
scala.concurrent.impl.Promise$Transformation.run(Promise.scala:430)
scala.concurrent.BatchingExecutor$AbstractBatch.runN(BatchingExecutor.scala:141)
scala.concurrent.BatchingExecutor$AsyncBatch.apply(BatchingExecutor.scala:163)
scala.concurrent.BatchingExecutor$AsyncBatch.apply(BatchingExecutor.scala:146)
scala.concurrent.BlockContext$.usingBlockContext(BlockContext.scala:107)
scala.concurrent.BatchingExecutor$AsyncBatch.run(BatchingExecutor.scala:154)
java.base/java.util.concurrent.ForkJoinTask$RunnableExecuteAction.exec(ForkJoinTask.java:1426)
java.base/java.util.concurrent.ForkJoinTask.doExec(ForkJoinTask.java:290)
java.base/java.util.concurrent.ForkJoinPool$WorkQueue.topLevelExec(ForkJoinPool.java:1020)
java.base/java.util.concurrent.ForkJoinPool.scan(ForkJoinPool.java:1656)
java.base/java.util.concurrent.ForkJoinPool.runWorker(ForkJoinPool.java:1594)
java.base/java.util.concurrent.ForkJoinWorkerThread.run(ForkJoinWorkerThread.java:183)[0m
