[0m2021.03.22 14:58:15:993 [scala-e...] [[31mERROR[0m] [32mprovingground.learning.PostResponse.applyOrElse:316[0m - completed response 'attempting goal with equations' of type TypeTag[Option[provingground.learning.HoTTMessages.GeneratedEquationNodes :: Either[provingground.learning.HoTTMessages.FailedToProve,provingground.learning.HoTTMessages.Proved] :: shapeless.HNil]] to posts of type TypeTag[provingground.learning.HoTTMessages.SeekGoal] with input hash -420304952 with error;[0m
[0m2021.03.22 14:58:16:004 [scala-e...] [[31mERROR[0m] [32mprovingground.learning.PostResponse.applyOrElse:318[0m - requirement failed
scala.Predef$.require(Predef.scala:327)
scala.collection.immutable.HashCollisionSetNode.<init>(HashSet.scala:1726)
scala.collection.immutable.HashCollisionSetNode.removed(HashSet.scala:1754)
scala.collection.immutable.BitmapIndexedSetNode.removed(HashSet.scala:606)
scala.collection.immutable.BitmapIndexedSetNode.removed(HashSet.scala:406)
scala.collection.immutable.BitmapIndexedSetNode.removed(HashSet.scala:606)
scala.collection.immutable.BitmapIndexedSetNode.removed(HashSet.scala:406)
scala.collection.immutable.BitmapIndexedSetNode.removed(HashSet.scala:606)
scala.collection.immutable.BitmapIndexedSetNode.removed(HashSet.scala:406)
scala.collection.immutable.BitmapIndexedSetNode.removed(HashSet.scala:606)
scala.collection.immutable.BitmapIndexedSetNode.removed(HashSet.scala:406)
scala.collection.immutable.BitmapIndexedSetNode.removed(HashSet.scala:606)
scala.collection.immutable.BitmapIndexedSetNode.removed(HashSet.scala:406)
scala.collection.immutable.BitmapIndexedSetNode.diff(HashSet.scala:1231)
scala.collection.immutable.BitmapIndexedSetNode.diff(HashSet.scala:406)
scala.collection.immutable.BitmapIndexedSetNode.diff(HashSet.scala:1233)
scala.collection.immutable.HashSet.diff(HashSet.scala:199)
scala.collection.immutable.HashSet.removedAll(HashSet.scala:284)
scala.collection.immutable.HashSet.removedAll(HashSet.scala:34)
scala.collection.immutable.SetOps.$minus$minus(Set.scala:71)
scala.collection.immutable.SetOps.$minus$minus$(Set.scala:71)
scala.collection.immutable.AbstractSet.$minus$minus(Set.scala:348)
provingground.learning.Expression$.allAtoms(GeneratorVariables.scala:296)
provingground.learning.Expression$.allVarVals(GeneratorVariables.scala:314)
provingground.learning.EquationExporter.initVarElems$lzycompute$1(EquationExporter.scala:86)
provingground.learning.EquationExporter.initVarElems$1(EquationExporter.scala:84)
provingground.learning.EquationExporter.lambdaExportEquations(EquationExporter.scala:91)
provingground.learning.EquationExporter.relVariable(EquationExporter.scala:200)
provingground.learning.EquationExporter.export(EquationExporter.scala:208)
provingground.learning.EquationExporter$.export(EquationExporter.scala:215)
provingground.learning.HoTTBot$.$anonfun$parGoalAttemptEqs$12(HoTTBot.scala:2931)
scala.concurrent.Future$.$anonfun$apply$1(Future.scala:671)
scala.concurrent.impl.Promise$Transformation.run(Promise.scala:430)
scala.concurrent.BatchingExecutor$AbstractBatch.runN(BatchingExecutor.scala:134)
scala.concurrent.BatchingExecutor$AsyncBatch.apply(BatchingExecutor.scala:163)
scala.concurrent.BatchingExecutor$AsyncBatch.apply(BatchingExecutor.scala:146)
scala.concurrent.BlockContext$.usingBlockContext(BlockContext.scala:107)
scala.concurrent.BatchingExecutor$AsyncBatch.run(BatchingExecutor.scala:154)
java.base/java.util.concurrent.ForkJoinTask$RunnableExecuteAction.exec(ForkJoinTask.java:1426)
java.base/java.util.concurrent.ForkJoinTask.doExec(ForkJoinTask.java:290)
java.base/java.util.concurrent.ForkJoinPool$WorkQueue.topLevelExec(ForkJoinPool.java:1020)
java.base/java.util.concurrent.ForkJoinPool.scan(ForkJoinPool.java:1656)
java.base/java.util.concurrent.ForkJoinPool.runWorker(ForkJoinPool.java:1594)
java.base/java.util.concurrent.ForkJoinWorkerThread.run(ForkJoinWorkerThread.java:183)[0m
[0m2021.03.22 15:00:10:327 [scala-e...] [[31mERROR[0m] [32mprovingground.learning.PostResponse.applyOrElse:316[0m - completed response 'attempting goal with equations' of type TypeTag[Option[provingground.learning.HoTTMessages.GeneratedEquationNodes :: Either[provingground.learning.HoTTMessages.FailedToProve,provingground.learning.HoTTMessages.Proved] :: shapeless.HNil]] to posts of type TypeTag[provingground.learning.HoTTMessages.SeekGoal] with input hash -1621538430 with error;[0m
[0m2021.03.22 15:00:10:335 [scala-e...] [[31mERROR[0m] [32mprovingground.learning.PostResponse.applyOrElse:318[0m - requirement failed
scala.Predef$.require(Predef.scala:327)
scala.collection.immutable.HashCollisionSetNode.<init>(HashSet.scala:1726)
scala.collection.immutable.HashCollisionSetNode.removed(HashSet.scala:1754)
scala.collection.immutable.BitmapIndexedSetNode.removed(HashSet.scala:606)
scala.collection.immutable.BitmapIndexedSetNode.removed(HashSet.scala:406)
scala.collection.immutable.BitmapIndexedSetNode.removed(HashSet.scala:606)
scala.collection.immutable.BitmapIndexedSetNode.removed(HashSet.scala:406)
scala.collection.immutable.BitmapIndexedSetNode.removed(HashSet.scala:606)
scala.collection.immutable.BitmapIndexedSetNode.removed(HashSet.scala:406)
scala.collection.immutable.BitmapIndexedSetNode.removed(HashSet.scala:606)
scala.collection.immutable.BitmapIndexedSetNode.removed(HashSet.scala:406)
scala.collection.immutable.BitmapIndexedSetNode.removed(HashSet.scala:606)
scala.collection.immutable.BitmapIndexedSetNode.removed(HashSet.scala:406)
scala.collection.immutable.BitmapIndexedSetNode.diff(HashSet.scala:1231)
scala.collection.immutable.BitmapIndexedSetNode.diff(HashSet.scala:406)
scala.collection.immutable.BitmapIndexedSetNode.diff(HashSet.scala:1233)
scala.collection.immutable.HashSet.diff(HashSet.scala:199)
scala.collection.immutable.HashSet.removedAll(HashSet.scala:284)
scala.collection.immutable.HashSet.removedAll(HashSet.scala:34)
scala.collection.immutable.SetOps.$minus$minus(Set.scala:71)
scala.collection.immutable.SetOps.$minus$minus$(Set.scala:71)
scala.collection.immutable.AbstractSet.$minus$minus(Set.scala:348)
provingground.learning.Expression$.allAtoms(GeneratorVariables.scala:296)
provingground.learning.Expression$.allVarVals(GeneratorVariables.scala:314)
provingground.learning.EquationExporter.piTermExportEquations(EquationExporter.scala:179)
provingground.learning.EquationExporter.relVariable(EquationExporter.scala:201)
provingground.learning.EquationExporter.export(EquationExporter.scala:208)
provingground.learning.EquationExporter.export(EquationExporter.scala:208)
provingground.learning.EquationExporter$.export(EquationExporter.scala:215)
provingground.learning.HoTTBot$.$anonfun$parGoalAttemptEqs$12(HoTTBot.scala:2931)
scala.concurrent.Future$.$anonfun$apply$1(Future.scala:671)
scala.concurrent.impl.Promise$Transformation.run(Promise.scala:430)
scala.concurrent.BatchingExecutor$AbstractBatch.runN(BatchingExecutor.scala:134)
scala.concurrent.BatchingExecutor$AsyncBatch.apply(BatchingExecutor.scala:163)
scala.concurrent.BatchingExecutor$AsyncBatch.apply(BatchingExecutor.scala:146)
scala.concurrent.BlockContext$.usingBlockContext(BlockContext.scala:107)
scala.concurrent.BatchingExecutor$AsyncBatch.run(BatchingExecutor.scala:154)
java.base/java.util.concurrent.ForkJoinTask$RunnableExecuteAction.exec(ForkJoinTask.java:1426)
java.base/java.util.concurrent.ForkJoinTask.doExec(ForkJoinTask.java:290)
java.base/java.util.concurrent.ForkJoinPool$WorkQueue.topLevelExec(ForkJoinPool.java:1020)
java.base/java.util.concurrent.ForkJoinPool.scan(ForkJoinPool.java:1656)
java.base/java.util.concurrent.ForkJoinPool.runWorker(ForkJoinPool.java:1594)
java.base/java.util.concurrent.ForkJoinWorkerThread.run(ForkJoinWorkerThread.java:183)[0m
