2020.10.15 11:24:26 [ERROR] ammonite.$sess.cmd12:1:31 - provingground.learning.Unify$.$anonfun$targetCodomain$7(Unify.scala:197)
scala.Option.flatMap(Option.scala:283)
provingground.learning.Unify$.$anonfun$targetCodomain$4(Unify.scala:193)
scala.Option.orElse(Option.scala:477)
provingground.learning.Unify$.$anonfun$targetCodomain$3(Unify.scala:188)
scala.Option.orElse(Option.scala:477)
provingground.learning.Unify$.targetCodomain(Unify.scala:184)
provingground.learning.Unify$.$anonfun$targetCodomain$3(Unify.scala:187)
scala.Option.orElse(Option.scala:477)
provingground.learning.Unify$.targetCodomain(Unify.scala:184)
provingground.learning.Unify$.$anonfun$targetCodomain$3(Unify.scala:187)
scala.Option.orElse(Option.scala:477)
provingground.learning.Unify$.targetCodomain(Unify.scala:184)
provingground.learning.TermGeneratorNodes$.$anonfun$codomainNode$1(TermGeneratorNodes.scala:220)
provingground.learning.MonixFiniteDistributionEq.$anonfun$nodeDist$9(MonixFiniteDistributionEq.scala:389)
scala.collection.StrictOptimizedIterableOps.flatMap(StrictOptimizedIterableOps.scala:117)
scala.collection.StrictOptimizedIterableOps.flatMap$(StrictOptimizedIterableOps.scala:104)
scala.collection.immutable.HashSet.flatMap(HashSet.scala:34)
provingground.learning.MonixFiniteDistributionEq.$anonfun$nodeDist$8(MonixFiniteDistributionEq.scala:388)
scala.Function1.$anonfun$andThen$1(Function1.scala:85)
scala.Function1.$anonfun$andThen$1(Function1.scala:85)
scala.Function1.$anonfun$andThen$1(Function1.scala:85)
monix.eval.Task$Map.apply(Task.scala:4604)
monix.eval.Task$Map.apply(Task.scala:4600)
monix.eval.internal.TaskRunLoop$.startFull(TaskRunLoop.scala:170)
monix.eval.internal.TaskRestartCallback.syncOnSuccess(TaskRestartCallback.scala:101)
monix.eval.internal.TaskRestartCallback$$anon$1.run(TaskRestartCallback.scala:118)
monix.execution.internal.Trampoline.monix$execution$internal$Trampoline$$immediateLoop(Trampoline.scala:66)
monix.execution.internal.Trampoline.startLoop(Trampoline.scala:32)
monix.execution.schedulers.TrampolineExecutionContext$JVMNormalTrampoline.super$startLoop(TrampolineExecutionContext.scala:142)
monix.execution.schedulers.TrampolineExecutionContext$JVMNormalTrampoline.$anonfun$startLoop$1(TrampolineExecutionContext.scala:142)
scala.runtime.java8.JFunction0$mcV$sp.apply(JFunction0$mcV$sp.scala:18)
scala.concurrent.BlockContext$.withBlockContext(BlockContext.scala:94)
monix.execution.schedulers.TrampolineExecutionContext$JVMNormalTrampoline.startLoop(TrampolineExecutionContext.scala:142)
monix.execution.internal.Trampoline.execute(Trampoline.scala:40)
monix.execution.schedulers.TrampolineExecutionContext.execute(TrampolineExecutionContext.scala:57)
monix.execution.schedulers.BatchingScheduler.execute(BatchingScheduler.scala:50)
monix.execution.schedulers.BatchingScheduler.execute$(BatchingScheduler.scala:47)
monix.execution.schedulers.AsyncScheduler.execute(AsyncScheduler.scala:31)
monix.eval.internal.TaskRestartCallback.onSuccess(TaskRestartCallback.scala:72)
monix.eval.internal.TaskParSequence$Register.$anonfun$apply$2(TaskParSequence.scala:113)
java.util.concurrent.ForkJoinTask$RunnableExecuteAction.exec(ForkJoinTask.java:1402)
java.util.concurrent.ForkJoinTask.doExec(ForkJoinTask.java:289)
java.util.concurrent.ForkJoinPool$WorkQueue.runTask(ForkJoinPool.java:1056)
java.util.concurrent.ForkJoinPool.runWorker(ForkJoinPool.java:1692)
java.util.concurrent.ForkJoinWorkerThread.run(ForkJoinWorkerThread.java:157)
