2020.06.10 09:35:26 [ERROR] provingground.learning.HoTTBot.$anonfun.applyOrElse:646:37 - java.util.concurrent.TimeoutException: Task timed-out after 12 minutes of inactivity
	at monix.eval.Task.timeout(Task.scala:2247)
	at provingground.learning.GenMonixFiniteDistributionEq.$anonfun$varDist$4(MonixFiniteDistributionEq.scala:163)
	at scala.Option.getOrElse(Option.scala:189)
	at provingground.learning.GenMonixFiniteDistributionEq.varDist(MonixFiniteDistributionEq.scala:148)
	at provingground.learning.LocalTangentProver.tripleT$lzycompute(LocalProver.scala:831)
	at provingground.learning.LocalTangentProver.tripleT(LocalProver.scala:825)
	at provingground.learning.LocalTangentProver.equationNodes$lzycompute(LocalProver.scala:877)
	at provingground.learning.LocalTangentProver.equationNodes(LocalProver.scala:875)
	at provingground.learning.LocalProverStep.enhancedEquationNodes(LocalProver.scala:442)
	at provingground.learning.LocalProverStep.enhancedEquationNodes$(LocalProver.scala:440)
	at provingground.learning.LocalTangentProver.enhancedEquationNodes$lzycompute(LocalProver.scala:768)
	at provingground.learning.LocalTangentProver.enhancedEquationNodes(LocalProver.scala:768)
	at provingground.learning.HoTTBot$.$anonfun$lemmasBigTangentEquations$9(HoTTBot.scala:644)
	at monix.eval.internal.TaskRunLoop$.startFull(TaskRunLoop.scala:170)
	at monix.eval.internal.TaskRestartCallback.syncOnSuccess(TaskRestartCallback.scala:101)
	at monix.eval.internal.TaskRestartCallback$$anon$1.run(TaskRestartCallback.scala:118)
	at monix.execution.internal.Trampoline.monix$execution$internal$Trampoline$$immediateLoop(Trampoline.scala:66)
	at monix.execution.internal.Trampoline.startLoop(Trampoline.scala:32)
	at monix.execution.schedulers.TrampolineExecutionContext$JVMOptimalTrampoline.startLoop(TrampolineExecutionContext.scala:132)
	at monix.execution.internal.Trampoline.execute(Trampoline.scala:40)
	at monix.execution.schedulers.TrampolineExecutionContext.execute(TrampolineExecutionContext.scala:57)
	at monix.execution.schedulers.BatchingScheduler.execute(BatchingScheduler.scala:50)
	at monix.execution.schedulers.BatchingScheduler.execute$(BatchingScheduler.scala:47)
	at monix.execution.schedulers.AsyncScheduler.execute(AsyncScheduler.scala:31)
	at monix.eval.internal.TaskRestartCallback.onSuccess(TaskRestartCallback.scala:72)
	at monix.eval.internal.TaskRunLoop$.startFull(TaskRunLoop.scala:165)
	at monix.eval.internal.TaskMemoize$Register.$anonfun$registerListener$1(TaskMemoize.scala:129)
	at monix.eval.internal.TaskMemoize$Register.$anonfun$registerListener$1$adapted(TaskMemoize.scala:125)
	at scala.concurrent.impl.CallbackRunnable.run(Promise.scala:64)
	at java.util.concurrent.ForkJoinTask$RunnableExecuteAction.exec(ForkJoinTask.java:1402)
	at java.util.concurrent.ForkJoinTask.doExec(ForkJoinTask.java:289)
	at java.util.concurrent.ForkJoinPool$WorkQueue.runTask(ForkJoinPool.java:1056)
	at java.util.concurrent.ForkJoinPool.runWorker(ForkJoinPool.java:1692)
	at java.util.concurrent.ForkJoinWorkerThread.run(ForkJoinWorkerThread.java:157)

