2020.06.04 07:33:24 [ERROR] provingground.learning.LocalProverStep.$anonfun:438:40 - formal equations for (((eqM) (n)) ($acplas)) → (((eqM) (n)) (m)) ; bad equation: (P₁($acplas ∈ Terms) =) (Coeff(Init(Terms))) * (P₀($acplas ∈ Terms))
2020.06.04 07:33:24 [ERROR] provingground.learning.LocalProverStep.$anonfun:438:40 - formal equations for (((eqM) (((mul) (m)) (n))) ($acsmea)) → (((eqM) (((mul) (m)) (n))) (m)) ; bad equation: (P₁($acsmea ∈ Terms) =) (Coeff(Init(Terms))) * (P₀($acsmea ∈ Terms))
2020.06.04 07:33:24 [ERROR] provingground.learning.LocalProverStep.$anonfun:438:40 - formal equations for (((eqM) (m)) ($adcizv)) → (((eqM) (m)) (n)) ; bad equation: (P₁($adcizv ∈ Terms) =) (Coeff(Init(Terms))) * (P₀($adcizv ∈ Terms))
2020.06.04 07:33:24 [ERROR] provingground.learning.LocalProverStep.$anonfun:438:40 - formal equations for (((eqM) (((mul) (m)) (n))) ($adfjqz)) → (((eqM) (((mul) (m)) (n))) (n)) ; bad equation: (P₁($adfjqz ∈ Terms) =) (Coeff(Init(Terms))) * (P₀($adfjqz ∈ Terms))
2020.06.04 07:33:24 [ERROR] provingground.learning.LocalProverStep.$anonfun:438:40 - formal equations for (((eqM) (m)) ($acpcbo)) → (((eqM) (m)) (m)) ; bad equation: (P₁($acpcbo ∈ Terms) =) (Coeff(Init(Terms))) * (P₀($acpcbo ∈ Terms))
2020.06.04 07:33:24 [ERROR] provingground.learning.LocalProverStep.$anonfun:438:40 - formal equations for (((eqM) (n)) ($adcrdj)) → (((eqM) (n)) (n)) ; bad equation: (P₁($adcrdj ∈ Terms) =) (Coeff(Init(Terms))) * (P₀($adcrdj ∈ Terms))
2020.06.04 07:33:24 [ERROR] provingground.learning.LocalProverStep.$anonfun:447:40 - Bad equation: (P₁($adcizv ∈ Terms) =) (Coeff(Init(Terms))) * (P₀($adcizv ∈ Terms))
2020.06.04 07:33:24 [ERROR] provingground.learning.LocalProverStep.$anonfun:447:40 - Bad equation: (P₁($adcrdj ∈ Terms) =) (Coeff(Init(Terms))) * (P₀($adcrdj ∈ Terms))
2020.06.04 07:33:24 [ERROR] provingground.learning.LocalProverStep.$anonfun:447:40 - Bad equation: (P₁($adfjqz ∈ Terms) =) (Coeff(Init(Terms))) * (P₀($adfjqz ∈ Terms))
2020.06.04 07:33:24 [ERROR] provingground.learning.LocalProverStep.$anonfun:447:40 - Bad equation: (P₁($acplas ∈ Terms) =) (Coeff(Init(Terms))) * (P₀($acplas ∈ Terms))
2020.06.04 07:33:24 [ERROR] provingground.learning.LocalProverStep.$anonfun:447:40 - Bad equation: (P₁($acpcbo ∈ Terms) =) (Coeff(Init(Terms))) * (P₀($acpcbo ∈ Terms))
2020.06.04 07:33:24 [ERROR] provingground.learning.LocalProverStep.$anonfun:447:40 - Bad equation: (P₁($acsmea ∈ Terms) =) (Coeff(Init(Terms))) * (P₀($acsmea ∈ Terms))
2020.06.04 07:33:24 [ERROR] provingground.learning.LocalProverStep.$anonfun:438:40 - formal equations for (((eqM) (n)) ($acplas)) → (((eqM) (n)) (m)) ; bad equation: (P₁($acplas ∈ Terms) =) (Coeff(Init(Terms))) * (P₀($acplas ∈ Terms))
2020.06.04 07:33:24 [ERROR] provingground.learning.LocalProverStep.$anonfun:438:40 - formal equations for (((eqM) (((mul) (m)) (n))) ($acsmea)) → (((eqM) (((mul) (m)) (n))) (m)) ; bad equation: (P₁($acsmea ∈ Terms) =) (Coeff(Init(Terms))) * (P₀($acsmea ∈ Terms))
2020.06.04 07:33:24 [ERROR] provingground.learning.LocalProverStep.$anonfun:438:40 - formal equations for (((eqM) (m)) ($adcizv)) → (((eqM) (m)) (n)) ; bad equation: (P₁($adcizv ∈ Terms) =) (Coeff(Init(Terms))) * (P₀($adcizv ∈ Terms))
2020.06.04 07:33:24 [ERROR] provingground.learning.LocalProverStep.$anonfun:438:40 - formal equations for (((eqM) (m)) ($acpcbo)) → (((eqM) (m)) (m)) ; bad equation: (P₁($acpcbo ∈ Terms) =) (Coeff(Init(Terms))) * (P₀($acpcbo ∈ Terms))
2020.06.04 07:33:24 [ERROR] provingground.learning.LocalProverStep.$anonfun:438:40 - formal equations for (((eqM) (((mul) (m)) (n))) ($adfjqz)) → (((eqM) (((mul) (m)) (n))) (n)) ; bad equation: (P₁($adfjqz ∈ Terms) =) (Coeff(Init(Terms))) * (P₀($adfjqz ∈ Terms))
2020.06.04 07:33:24 [ERROR] provingground.learning.LocalProverStep.$anonfun:438:40 - formal equations for (((eqM) (n)) ($adcrdj)) → (((eqM) (n)) (n)) ; bad equation: (P₁($adcrdj ∈ Terms) =) (Coeff(Init(Terms))) * (P₀($adcrdj ∈ Terms))
2020.06.04 07:33:25 [ERROR] provingground.learning.HoTTBot.$anonfun:302:40 - Bad equation: (P₁($acplas ∈ Terms) =) (Coeff(Init(Terms))) * (P₀($acplas ∈ Terms))
2020.06.04 07:33:25 [ERROR] provingground.learning.HoTTBot.$anonfun:302:40 - Bad equation: (P₁($acpcbo ∈ Terms) =) (Coeff(Init(Terms))) * (P₀($acpcbo ∈ Terms))
2020.06.04 07:33:25 [ERROR] provingground.learning.HoTTBot.$anonfun:302:40 - Bad equation: (P₁($adcizv ∈ Terms) =) (Coeff(Init(Terms))) * (P₀($adcizv ∈ Terms))
2020.06.04 07:33:25 [ERROR] provingground.learning.HoTTBot.$anonfun:302:40 - Bad equation: (P₁($acsmea ∈ Terms) =) (Coeff(Init(Terms))) * (P₀($acsmea ∈ Terms))
2020.06.04 07:33:25 [ERROR] provingground.learning.HoTTBot.$anonfun:302:40 - Bad equation: (P₁($adcrdj ∈ Terms) =) (Coeff(Init(Terms))) * (P₀($adcrdj ∈ Terms))
2020.06.04 07:33:25 [ERROR] provingground.learning.HoTTBot.$anonfun:302:40 - Bad equation: (P₁($adfjqz ∈ Terms) =) (Coeff(Init(Terms))) * (P₀($adfjqz ∈ Terms))
2020.06.04 07:33:58 [ERROR] provingground.learning.LocalProverStep.$anonfun:438:40 - formal equations for (((eqM) (((mul) (m)) (n))) ($bsigxa)) → (((eqM) (((mul) (m)) (n))) (((mul) (((mul) (m)) (n))) (n))) ; bad equation: (P₁($bsigxa ∈ Terms) =) (Coeff(Init(Terms))) * (P₀($bsigxa ∈ Terms))
2020.06.04 07:33:58 [ERROR] provingground.learning.LocalProverStep.$anonfun:438:40 - formal equations for (((eqM) (n)) ($bsdvhf)) → (((eqM) (n)) (((mul) (((mul) (m)) (n))) (n))) ; bad equation: (P₁($bsdvhf ∈ Terms) =) (Coeff(Init(Terms))) * (P₀($bsdvhf ∈ Terms))
2020.06.04 07:33:58 [ERROR] provingground.learning.LocalProverStep.$anonfun:447:40 - Bad equation: (P₁($bsdvhf ∈ Terms) =) (Coeff(Init(Terms))) * (P₀($bsdvhf ∈ Terms))
2020.06.04 07:33:58 [ERROR] provingground.learning.LocalProverStep.$anonfun:447:40 - Bad equation: (P₁($bsigxa ∈ Terms) =) (Coeff(Init(Terms))) * (P₀($bsigxa ∈ Terms))
2020.06.04 07:33:58 [ERROR] provingground.learning.LocalProverStep.$anonfun:438:40 - formal equations for (((eqM) (((mul) (m)) (n))) ($bsigxa)) → (((eqM) (((mul) (m)) (n))) (((mul) (((mul) (m)) (n))) (n))) ; bad equation: (P₁($bsigxa ∈ Terms) =) (Coeff(Init(Terms))) * (P₀($bsigxa ∈ Terms))
2020.06.04 07:33:58 [ERROR] provingground.learning.LocalProverStep.$anonfun:438:40 - formal equations for (((eqM) (n)) ($bsdvhf)) → (((eqM) (n)) (((mul) (((mul) (m)) (n))) (n))) ; bad equation: (P₁($bsdvhf ∈ Terms) =) (Coeff(Init(Terms))) * (P₀($bsdvhf ∈ Terms))
2020.06.04 07:33:59 [ERROR] provingground.learning.LocalProverStep.$anonfun:438:40 - formal equations for (((eqM) (((mul) (m)) (n))) ($btfedj)) → (((eqM) (((mul) (m)) (n))) (((mul) (m)) (((mul) (m)) (n)))) ; bad equation: (P₁($btfedj ∈ Terms) =) (Coeff(Init(Terms))) * (P₀($btfedj ∈ Terms))
2020.06.04 07:33:59 [ERROR] provingground.learning.LocalProverStep.$anonfun:438:40 - formal equations for (((eqM) (m)) ($btapjm)) → (((eqM) (m)) (((mul) (m)) (((mul) (m)) (n)))) ; bad equation: (P₁($btapjm ∈ Terms) =) (Coeff(Init(Terms))) * (P₀($btapjm ∈ Terms))
2020.06.04 07:33:59 [ERROR] provingground.learning.LocalProverStep.$anonfun:447:40 - Bad equation: (P₁($btapjm ∈ Terms) =) (Coeff(Init(Terms))) * (P₀($btapjm ∈ Terms))
2020.06.04 07:33:59 [ERROR] provingground.learning.LocalProverStep.$anonfun:447:40 - Bad equation: (P₁($btfedj ∈ Terms) =) (Coeff(Init(Terms))) * (P₀($btfedj ∈ Terms))
2020.06.04 07:33:59 [ERROR] provingground.learning.LocalProverStep.$anonfun:438:40 - formal equations for (((eqM) (((mul) (m)) (n))) ($btfedj)) → (((eqM) (((mul) (m)) (n))) (((mul) (m)) (((mul) (m)) (n)))) ; bad equation: (P₁($btfedj ∈ Terms) =) (Coeff(Init(Terms))) * (P₀($btfedj ∈ Terms))
2020.06.04 07:33:59 [ERROR] provingground.learning.LocalProverStep.$anonfun:438:40 - formal equations for (((eqM) (m)) ($btapjm)) → (((eqM) (m)) (((mul) (m)) (((mul) (m)) (n)))) ; bad equation: (P₁($btapjm ∈ Terms) =) (Coeff(Init(Terms))) * (P₀($btapjm ∈ Terms))
2020.06.04 07:34:01 [ERROR] provingground.learning.HoTTBot.$anonfun:302:40 - Bad equation: (P₁($bsdvhf ∈ Terms) =) (Coeff(Init(Terms))) * (P₀($bsdvhf ∈ Terms))
2020.06.04 07:34:01 [ERROR] provingground.learning.HoTTBot.$anonfun:302:40 - Bad equation: (P₁($btapjm ∈ Terms) =) (Coeff(Init(Terms))) * (P₀($btapjm ∈ Terms))
2020.06.04 07:34:01 [ERROR] provingground.learning.HoTTBot.$anonfun:302:40 - Bad equation: (P₁($bsigxa ∈ Terms) =) (Coeff(Init(Terms))) * (P₀($bsigxa ∈ Terms))
2020.06.04 07:34:01 [ERROR] provingground.learning.HoTTBot.$anonfun:302:40 - Bad equation: (P₁($btfedj ∈ Terms) =) (Coeff(Init(Terms))) * (P₀($btfedj ∈ Terms))
2020.06.04 07:35:17 [ERROR] provingground.learning.LocalProverStep.$anonfun:438:40 - formal equations for (((eqM) (m)) ($fchhbf)) → (((eqM) (m)) (n)) ; bad equation: (P₁($fchhbf ∈ Terms) =) (Coeff(Init(Terms))) * (P₀($fchhbf ∈ Terms))
2020.06.04 07:35:17 [ERROR] provingground.learning.LocalProverStep.$anonfun:438:40 - formal equations for (((eqM) (((mul) (m)) (n))) ($fcphdf)) → (((eqM) (((mul) (m)) (n))) (n)) ; bad equation: (P₁($fcphdf ∈ Terms) =) (Coeff(Init(Terms))) * (P₀($fcphdf ∈ Terms))
2020.06.04 07:35:17 [ERROR] provingground.learning.LocalProverStep.$anonfun:447:40 - Bad equation: (P₁($fchhbf ∈ Terms) =) (Coeff(Init(Terms))) * (P₀($fchhbf ∈ Terms))
2020.06.04 07:35:17 [ERROR] provingground.learning.LocalProverStep.$anonfun:447:40 - Bad equation: (P₁($fcphdf ∈ Terms) =) (Coeff(Init(Terms))) * (P₀($fcphdf ∈ Terms))
2020.06.04 07:35:17 [ERROR] provingground.learning.LocalProverStep.$anonfun:438:40 - formal equations for (((eqM) (m)) ($fchhbf)) → (((eqM) (m)) (n)) ; bad equation: (P₁($fchhbf ∈ Terms) =) (Coeff(Init(Terms))) * (P₀($fchhbf ∈ Terms))
2020.06.04 07:35:17 [ERROR] provingground.learning.LocalProverStep.$anonfun:438:40 - formal equations for (((eqM) (((mul) (m)) (n))) ($fcphdf)) → (((eqM) (((mul) (m)) (n))) (n)) ; bad equation: (P₁($fcphdf ∈ Terms) =) (Coeff(Init(Terms))) * (P₀($fcphdf ∈ Terms))
2020.06.04 07:35:19 [ERROR] provingground.learning.LocalProverStep.$anonfun:438:40 - formal equations for (((eqM) (n)) ($fehkax)) → (((eqM) (n)) (m)) ; bad equation: (P₁($fehkax ∈ Terms) =) (Coeff(Init(Terms))) * (P₀($fehkax ∈ Terms))
2020.06.04 07:35:19 [ERROR] provingground.learning.LocalProverStep.$anonfun:438:40 - formal equations for (((eqM) (((mul) (m)) (n))) ($feqreb)) → (((eqM) (((mul) (m)) (n))) (m)) ; bad equation: (P₁($feqreb ∈ Terms) =) (Coeff(Init(Terms))) * (P₀($feqreb ∈ Terms))
2020.06.04 07:35:19 [ERROR] provingground.learning.LocalProverStep.$anonfun:447:40 - Bad equation: (P₁($fehkax ∈ Terms) =) (Coeff(Init(Terms))) * (P₀($fehkax ∈ Terms))
2020.06.04 07:35:19 [ERROR] provingground.learning.LocalProverStep.$anonfun:447:40 - Bad equation: (P₁($feqreb ∈ Terms) =) (Coeff(Init(Terms))) * (P₀($feqreb ∈ Terms))
2020.06.04 07:35:19 [ERROR] provingground.learning.LocalProverStep.$anonfun:438:40 - formal equations for (((eqM) (n)) ($fehkax)) → (((eqM) (n)) (m)) ; bad equation: (P₁($fehkax ∈ Terms) =) (Coeff(Init(Terms))) * (P₀($fehkax ∈ Terms))
2020.06.04 07:35:19 [ERROR] provingground.learning.LocalProverStep.$anonfun:438:40 - formal equations for (((eqM) (((mul) (m)) (n))) ($feqreb)) → (((eqM) (((mul) (m)) (n))) (m)) ; bad equation: (P₁($feqreb ∈ Terms) =) (Coeff(Init(Terms))) * (P₀($feqreb ∈ Terms))
2020.06.04 07:35:20 [ERROR] provingground.learning.HoTTBot.$anonfun:302:40 - Bad equation: (P₁($fchhbf ∈ Terms) =) (Coeff(Init(Terms))) * (P₀($fchhbf ∈ Terms))
2020.06.04 07:35:20 [ERROR] provingground.learning.HoTTBot.$anonfun:302:40 - Bad equation: (P₁($fehkax ∈ Terms) =) (Coeff(Init(Terms))) * (P₀($fehkax ∈ Terms))
2020.06.04 07:35:20 [ERROR] provingground.learning.HoTTBot.$anonfun:302:40 - Bad equation: (P₁($feqreb ∈ Terms) =) (Coeff(Init(Terms))) * (P₀($feqreb ∈ Terms))
2020.06.04 07:35:20 [ERROR] provingground.learning.HoTTBot.$anonfun:302:40 - Bad equation: (P₁($fcphdf ∈ Terms) =) (Coeff(Init(Terms))) * (P₀($fcphdf ∈ Terms))
2020.06.04 07:37:10 [ERROR] provingground.learning.LocalProverStep.$anonfun:438:40 - formal equations for (((eqM) (n)) ($kkwdee)) → (((eqM) (n)) (((mul) (m)) (n))) ; bad equation: (P₁($kkwdee ∈ Terms) =) (Coeff(Init(Terms))) * (P₀($kkwdee ∈ Terms))
2020.06.04 07:37:10 [ERROR] provingground.learning.LocalProverStep.$anonfun:438:40 - formal equations for (((eqM) (m)) ($kkvetm)) → (((eqM) (m)) (((mul) (m)) (n))) ; bad equation: (P₁($kkvetm ∈ Terms) =) (Coeff(Init(Terms))) * (P₀($kkvetm ∈ Terms))
2020.06.04 07:37:10 [ERROR] provingground.learning.LocalProverStep.$anonfun:447:40 - Bad equation: (P₁($kkwdee ∈ Terms) =) (Coeff(Init(Terms))) * (P₀($kkwdee ∈ Terms))
2020.06.04 07:37:10 [ERROR] provingground.learning.LocalProverStep.$anonfun:447:40 - Bad equation: (P₁($kkvetm ∈ Terms) =) (Coeff(Init(Terms))) * (P₀($kkvetm ∈ Terms))
2020.06.04 07:37:10 [ERROR] provingground.learning.LocalProverStep.$anonfun:438:40 - formal equations for (((eqM) (n)) ($kkwdee)) → (((eqM) (n)) (((mul) (m)) (n))) ; bad equation: (P₁($kkwdee ∈ Terms) =) (Coeff(Init(Terms))) * (P₀($kkwdee ∈ Terms))
2020.06.04 07:37:10 [ERROR] provingground.learning.LocalProverStep.$anonfun:438:40 - formal equations for (((eqM) (m)) ($kkvetm)) → (((eqM) (m)) (((mul) (m)) (n))) ; bad equation: (P₁($kkvetm ∈ Terms) =) (Coeff(Init(Terms))) * (P₀($kkvetm ∈ Terms))
2020.06.04 07:37:11 [ERROR] provingground.learning.HoTTBot.$anonfun:302:40 - Bad equation: (P₁($kkwdee ∈ Terms) =) (Coeff(Init(Terms))) * (P₀($kkwdee ∈ Terms))
2020.06.04 07:37:11 [ERROR] provingground.learning.HoTTBot.$anonfun:302:40 - Bad equation: (P₁($kkvetm ∈ Terms) =) (Coeff(Init(Terms))) * (P₀($kkvetm ∈ Terms))
