[0m2021.01.20 11:17:06:879 [scala-e...] [[31mERROR[0m] [32mprovingground.learning.StrategicProvers.applyOrElse:360[0m - java.util.concurrent.TimeoutException: Task timed-out after 12 minutes of inactivity
	at map @ provingground.learning.GenMonixFiniteDistributionEq.$anonfun$nodeCoeffFamilyDist$1(MonixFiniteDistributionEq.scala:241)
	at flatMap @ provingground.learning.GenMonixFiniteDistributionEq.nodeCoeffFamilyDist(MonixFiniteDistributionEq.scala:238)
	at map @ provingground.learning.GenMonixFiniteDistributionEq.$anonfun$nodeCoeffFamilyDist$1(MonixFiniteDistributionEq.scala:241)
	at map @ provingground.learning.MonixFiniteDistributionEq.$anonfun$nodeDist$60(MonixFiniteDistributionEq.scala:587)
	at map @ provingground.learning.GenMonixFiniteDistributionEq.$anonfun$nodeCoeffDist$4(MonixFiniteDistributionEq.scala:201)
	at map @ provingground.learning.GenMonixFiniteDistributionEq.$anonfun$nodeCoeffDist$4(MonixFiniteDistributionEq.scala:201)
	at map @ provingground.learning.MonixFiniteDistributionEq.nodeDist(MonixFiniteDistributionEq.scala:769)
	at map @ provingground.learning.GenMonixFiniteDistributionEq.nodeCoeffDist(MonixFiniteDistributionEq.scala:187)
	at map @ provingground.learning.GenMonixFiniteDistributionEq.nodeCoeffDist(MonixFiniteDistributionEq.scala:196)
	at flatMap @ provingground.learning.GenMonixFiniteDistributionEq.nodeCoeffDist(MonixFiniteDistributionEq.scala:196)
	at map @ provingground.learning.GenMonixFiniteDistributionEq.$anonfun$varDist$6(MonixFiniteDistributionEq.scala:158)
	at timeout @ provingground.learning.GenMonixFiniteDistributionEq.$anonfun$varDist$4(MonixFiniteDistributionEq.scala:163)
	at map @ provingground.learning.GenMonixFiniteDistributionEq.varDist(MonixFiniteDistributionEq.scala:166)
	at map @ provingground.learning.MonixFiniteDistributionEq.$anonfun$nodeDist$2(MonixFiniteDistributionEq.scala:548)
	at flatMap @ provingground.learning.MonixFiniteDistributionEq.$anonfun$nodeDist$2(MonixFiniteDistributionEq.scala:551)
	at map @ provingground.learning.MonixFiniteDistributionEq.nodeDist(MonixFiniteDistributionEq.scala:769)
[0m
[0m2021.01.20 11:32:48:261 [scala-e...] [[31mERROR[0m] [32mprovingground.learning.StrategicProvers.applyOrElse:360[0m - java.util.concurrent.TimeoutException: Task timed-out after 12 minutes of inactivity
	at map @ provingground.learning.GenMonixFiniteDistributionEq.$anonfun$nodeCoeffDist$4(MonixFiniteDistributionEq.scala:201)
	at map @ provingground.learning.GenMonixFiniteDistributionEq.$anonfun$nodeCoeffDist$4(MonixFiniteDistributionEq.scala:201)
	at map @ provingground.learning.GenMonixFiniteDistributionEq.$anonfun$nodeCoeffFamilyDist$1(MonixFiniteDistributionEq.scala:241)
	at flatMap @ provingground.learning.GenMonixFiniteDistributionEq.nodeCoeffFamilyDist(MonixFiniteDistributionEq.scala:238)
	at map @ provingground.learning.GenMonixFiniteDistributionEq.$anonfun$nodeCoeffFamilyDist$1(MonixFiniteDistributionEq.scala:241)
	at map @ provingground.learning.MonixFiniteDistributionEq.$anonfun$nodeDist$60(MonixFiniteDistributionEq.scala:587)
	at map @ provingground.learning.GenMonixFiniteDistributionEq.$anonfun$nodeCoeffDist$4(MonixFiniteDistributionEq.scala:201)
	at map @ provingground.learning.GenMonixFiniteDistributionEq.$anonfun$nodeCoeffDist$4(MonixFiniteDistributionEq.scala:201)
	at map @ provingground.learning.MonixFiniteDistributionEq.nodeDist(MonixFiniteDistributionEq.scala:769)
	at map @ provingground.learning.GenMonixFiniteDistributionEq.nodeCoeffDist(MonixFiniteDistributionEq.scala:187)
	at map @ provingground.learning.GenMonixFiniteDistributionEq.nodeCoeffDist(MonixFiniteDistributionEq.scala:196)
	at flatMap @ provingground.learning.GenMonixFiniteDistributionEq.nodeCoeffDist(MonixFiniteDistributionEq.scala:196)
	at map @ provingground.learning.GenMonixFiniteDistributionEq.$anonfun$varDist$6(MonixFiniteDistributionEq.scala:158)
	at timeout @ provingground.learning.GenMonixFiniteDistributionEq.$anonfun$varDist$4(MonixFiniteDistributionEq.scala:163)
	at map @ provingground.learning.GenMonixFiniteDistributionEq.varDist(MonixFiniteDistributionEq.scala:166)
	at map @ provingground.learning.MonixFiniteDistributionEq.$anonfun$nodeDist$2(MonixFiniteDistributionEq.scala:548)
[0m
[0m2021.01.20 22:45:06:547 [scala-e...] [[31mERROR[0m] [32mprovingground.learning.StrategicProvers.applyOrElse:360[0m - java.util.concurrent.TimeoutException: Task timed-out after 12 minutes of inactivity
	at map @ provingground.learning.GenMonixFiniteDistributionEq.$anonfun$nodeCoeffFamilyDist$1(MonixFiniteDistributionEq.scala:241)
	at flatMap @ provingground.learning.GenMonixFiniteDistributionEq.nodeCoeffFamilyDist(MonixFiniteDistributionEq.scala:238)
	at map @ provingground.learning.GenMonixFiniteDistributionEq.$anonfun$nodeCoeffFamilyDist$1(MonixFiniteDistributionEq.scala:241)
	at map @ provingground.learning.MonixFiniteDistributionEq.$anonfun$nodeDist$60(MonixFiniteDistributionEq.scala:587)
	at map @ provingground.learning.GenMonixFiniteDistributionEq.$anonfun$nodeCoeffDist$4(MonixFiniteDistributionEq.scala:201)
	at map @ provingground.learning.GenMonixFiniteDistributionEq.$anonfun$nodeCoeffDist$4(MonixFiniteDistributionEq.scala:201)
	at map @ provingground.learning.MonixFiniteDistributionEq.nodeDist(MonixFiniteDistributionEq.scala:769)
	at map @ provingground.learning.GenMonixFiniteDistributionEq.nodeCoeffDist(MonixFiniteDistributionEq.scala:187)
	at map @ provingground.learning.GenMonixFiniteDistributionEq.nodeCoeffDist(MonixFiniteDistributionEq.scala:196)
	at flatMap @ provingground.learning.GenMonixFiniteDistributionEq.nodeCoeffDist(MonixFiniteDistributionEq.scala:196)
	at map @ provingground.learning.GenMonixFiniteDistributionEq.$anonfun$varDist$6(MonixFiniteDistributionEq.scala:158)
	at timeout @ provingground.learning.GenMonixFiniteDistributionEq.$anonfun$varDist$4(MonixFiniteDistributionEq.scala:163)
	at map @ provingground.learning.GenMonixFiniteDistributionEq.varDist(MonixFiniteDistributionEq.scala:166)
	at map @ provingground.learning.MonixFiniteDistributionEq.$anonfun$nodeDist$2(MonixFiniteDistributionEq.scala:548)
	at flatMap @ provingground.learning.MonixFiniteDistributionEq.$anonfun$nodeDist$2(MonixFiniteDistributionEq.scala:551)
	at map @ provingground.learning.MonixFiniteDistributionEq.nodeDist(MonixFiniteDistributionEq.scala:769)
[0m
[0m2021.01.20 23:00:52:044 [scala-e...] [[31mERROR[0m] [32mprovingground.learning.StrategicProvers.applyOrElse:360[0m - java.util.concurrent.TimeoutException: Task timed-out after 12 minutes of inactivity
	at map @ provingground.learning.GenMonixFiniteDistributionEq.$anonfun$nodeCoeffDist$4(MonixFiniteDistributionEq.scala:201)
	at map @ provingground.learning.GenMonixFiniteDistributionEq.$anonfun$nodeCoeffDist$4(MonixFiniteDistributionEq.scala:201)
	at map @ provingground.learning.GenMonixFiniteDistributionEq.$anonfun$nodeCoeffFamilyDist$1(MonixFiniteDistributionEq.scala:241)
	at flatMap @ provingground.learning.GenMonixFiniteDistributionEq.nodeCoeffFamilyDist(MonixFiniteDistributionEq.scala:238)
	at map @ provingground.learning.GenMonixFiniteDistributionEq.$anonfun$nodeCoeffFamilyDist$1(MonixFiniteDistributionEq.scala:241)
	at map @ provingground.learning.MonixFiniteDistributionEq.$anonfun$nodeDist$60(MonixFiniteDistributionEq.scala:587)
	at map @ provingground.learning.GenMonixFiniteDistributionEq.$anonfun$nodeCoeffDist$4(MonixFiniteDistributionEq.scala:201)
	at map @ provingground.learning.GenMonixFiniteDistributionEq.$anonfun$nodeCoeffDist$4(MonixFiniteDistributionEq.scala:201)
	at map @ provingground.learning.MonixFiniteDistributionEq.nodeDist(MonixFiniteDistributionEq.scala:769)
	at map @ provingground.learning.GenMonixFiniteDistributionEq.nodeCoeffDist(MonixFiniteDistributionEq.scala:187)
	at map @ provingground.learning.GenMonixFiniteDistributionEq.nodeCoeffDist(MonixFiniteDistributionEq.scala:196)
	at flatMap @ provingground.learning.GenMonixFiniteDistributionEq.nodeCoeffDist(MonixFiniteDistributionEq.scala:196)
	at map @ provingground.learning.GenMonixFiniteDistributionEq.$anonfun$varDist$6(MonixFiniteDistributionEq.scala:158)
	at timeout @ provingground.learning.GenMonixFiniteDistributionEq.$anonfun$varDist$4(MonixFiniteDistributionEq.scala:163)
	at map @ provingground.learning.GenMonixFiniteDistributionEq.varDist(MonixFiniteDistributionEq.scala:166)
	at map @ provingground.learning.MonixFiniteDistributionEq.$anonfun$nodeDist$2(MonixFiniteDistributionEq.scala:548)
[0m
